11.5756 	INFO 	Loaded monitor calibration from ['2026_03_18 20:30']
11.6024 	WARNING 	User requested fullscreen with size [1024  768], but screen is actually [1920, 1080]. Using actual size
12.1471 	INFO 	Using renderer 'Intel(R) UHD Graphics' for graphics
12.1471 	INFO 	OpenGL version supported by driver is 4..
13.5911 	EXP 	Created window1 = Window(allowGUI=False, allowStencil=False, autoLog=True, backendConf=UNKNOWN, backgroundFit=<method-wrapper '__getattribute__' of attributeSetter object at 0x0000027C2FBF2F50>, backgroundImage=<method-wrapper '__getattribute__' of attributeSetter object at 0x0000027C2FBF2FB0>, bitsMode=UNKNOWN, blendMode='avg', bpc=(8, 8, 8), color=array([0, 0, 0]), colorSpace='rgb', depthBits=8, fullscr=True, gamma=None, gammaErrorPolicy='raise', infoMsg=UNKNOWN, lms=UNKNOWN, monitor=<psychopy.monitors.calibTools.Monitor object at 0x0000027C3160C6D0>, multiSample=False, name='window1', numSamples=2, pos=[np.float64(0.0), np.float64(0.0)], screen=0, size=array([1920, 1080]), stencilBits=0, stereo=False, title='PsychoPy', units='height', useFBO=True, useRetina=False, viewOri=0.0, viewPos=None, viewScale=None, waitBlanking=True, winType='pyglet')
13.5912 	EXP 	window1: backgroundImage = ''
13.5912 	EXP 	window1: backgroundFit = 'none'
14.1237 	EXP 	window1: Attempting to measure frame rate of screen (0) ...
14.1238 	EXP 	window1: recordFrameIntervals = False
14.3202 	EXP 	window1: recordFrameIntervals = True
15.9828 	EXP 	window1: recordFrameIntervals = False
15.9829 	WARNING 	Couldn't measure a consistent frame rate!
  - Is your graphics card set to sync to vertical blank?
  - Are you running other processes on your computer?

16.1939 	INFO 	keyboard.Keyboard is using ptb backend.
16.1940 	EXP 	untitled: status = STARTED
16.2539 	EXP 	Created label_text = TextStim(__class__=<class 'psychopy.visual.text.TextStim'>, alignHoriz=method-wrapper(...), alignText='center', alignVert=method-wrapper(...), anchorHoriz='center', anchorVert='center', antialias=True, autoDraw=False, autoLog=True, bold=False, color=array([1., 1., 1.]), colorSpace='rgb', contrast=1.0, depth=-1.0, draggable=False, flipHoriz=False, flipVert=False, font='Arial', fontFiles=[], height=0.05, italic=False, languageStyle='LTR', name='label_text', opacity=1, ori=0.0, pos=array([0., 0.]), rgb=UNKNOWN, text='', units='height', win=Window(...), wrapWidth=1)
16.3093 	EXP 	Created stim_image = ImageStim(__class__=<class 'psychopy.visual.image.ImageStim'>, anchor=('center', 'center'), autoLog=True, color=array([1., 1., 1.]), colorSpace='rgb', contrast=1.0, depth=-2.0, draggable=False, flipHoriz=np.False_, flipVert=np.False_, image='default.png', interpolate=True, mask=None, maskParams=None, name='stim_image', opacity=1, ori=0.0, pos=array([0., 0.]), size=array([0.5, 0.5]), texRes=128.0, units='height', win=Window(...))
16.8228 	EXP 	Created emotion_rating = Slider(__class__=<class 'psychopy.visual.slider.Slider'>, autoDraw=False, autoLog=True, borderColor=None, color=None, colorSpace='rgb', depth=-3, fillColor=None, flip=False, font='Noto Sans', granularity=0.0, labelColor=None, labelHeight=np.float64(0.05), labelWrapWidth=None, labels=('smutek', 'radość'), lineColor=None, markerColor=None, name='emotion_rating', opacity=None, ori=0.0, pos=array([0., 0.]), readOnly=False, self=UNKNOWN, size=array([0.5, 0.1]), startValue=None, style='slider', styleTweaks=[], ticks=array([1, 2, 3, 4, 5]), units='norm', win=Window(...))
0.0100 	EXP 	emotion_rating: autoLog = True
0.0100 	EXP 	emotion_rating: styleTweaks = []
0.0100 	EXP 	emotion_rating: styleTweaks = []
0.0100 	EXP 	emotion_rating: styleTweaks = []
0.0100 	EXP 	emotion_rating: styleTweaks = []
0.0100 	EXP 	emotion_rating: contrast = 1.0
0.0100 	EXP 	emotion_rating: markerPos = None
0.0100 	EXP 	emotion_rating: autoLog = True
0.0230 	EXP 	Imported C:/Users/julia/OneDrive/Pulpit/percepcja_psychopy/conditions.xlsx as conditions, 12 conditions, 3 params
0.0240 	EXP 	New trial (rep=0, index=0): <Trial 0 (0 in rep 0) data={'image_path': 'C:\\Users\\julia\\OneDrive\\Pulpit\\percepcja_psychopy\\photos\\360_F_268212419_ZBJvlgVezhjziaP9aynnMGMLOvjUgNG5.jpg', 'label': 'Ten piesek jest smutny', 'show_label': 1, 'thisN': 0, 'thisTrialN': 0, 'thisRepN': 0}>
0.1388 	EXP 	label_text: height = np.float64(0.05)
0.1388 	EXP 	label_text: height = np.float64(0.05)
0.1388 	EXP 	label_text: height = np.float64(0.05)
0.1388 	EXP 	label_text: text = 'Ten piesek jest smutny'
0.1388 	EXP 	stim_image: image = 'C:\\Users\\julia\\OneDrive\\Pulpit\\percepcja_psychopy\\photos\\360_F_268212419_ZBJvlgVezhjziaP9aynnMGMLOvjUgNG5.jpg'
0.1388 	EXP 	emotion_rating: markerPos = None
0.1388 	EXP 	emotion_rating: markerPos = None
0.1388 	EXP 	label_text: autoDraw = True
1.0136 	EXP 	stim_image: autoDraw = True
1.1543 	EXP 	label_text: autoDraw = False
2.0035 	EXP 	emotion_rating: autoDraw = True
2.0188 	EXP 	stim_image: autoDraw = False
3.0356 	DATA 	Mouse: Left button down, pos=(937,536)
3.0494 	EXP 	emotion_rating: markerPos = np.float64(2.8083333333333336)
3.0671 	EXP 	emotion_rating: markerPos = np.float64(2.8083333333333336)
3.0817 	EXP 	emotion_rating: markerPos = np.float64(2.8083333333333336)
3.1003 	EXP 	emotion_rating: markerPos = np.float64(2.8083333333333336)
3.1155 	EXP 	emotion_rating: markerPos = np.float64(2.8083333333333336)
3.1330 	EXP 	emotion_rating: markerPos = np.float64(2.8083333333333336)
3.1483 	EXP 	emotion_rating: markerPos = np.float64(2.8083333333333336)
3.1664 	EXP 	emotion_rating: markerPos = np.float64(2.8083333333333336)
3.1826 	EXP 	emotion_rating: markerPos = np.float64(2.825)
3.1996 	EXP 	emotion_rating: markerPos = np.float64(2.8916666666666666)
3.2157 	EXP 	emotion_rating: markerPos = np.float64(2.925)
3.2337 	EXP 	emotion_rating: markerPos = np.float64(2.975)
3.2482 	EXP 	emotion_rating: markerPos = np.float64(3.15)
3.2665 	EXP 	emotion_rating: markerPos = np.float64(3.216666666666667)
3.2817 	EXP 	emotion_rating: markerPos = np.float64(3.25)
3.2988 	EXP 	emotion_rating: markerPos = np.float64(3.3583333333333334)
3.3146 	EXP 	emotion_rating: markerPos = np.float64(3.4333333333333336)
3.3332 	EXP 	emotion_rating: markerPos = np.float64(3.5666666666666664)
3.3482 	EXP 	emotion_rating: markerPos = np.float64(3.716666666666667)
3.3663 	EXP 	emotion_rating: markerPos = np.float64(3.7916666666666665)
3.3814 	EXP 	emotion_rating: markerPos = np.float64(3.8583333333333334)
3.3993 	EXP 	emotion_rating: markerPos = np.float64(3.8833333333333333)
3.4145 	EXP 	emotion_rating: markerPos = np.float64(3.925)
3.4328 	EXP 	emotion_rating: markerPos = np.float64(3.9333333333333336)
3.4476 	EXP 	emotion_rating: markerPos = np.float64(3.975)
3.4662 	EXP 	emotion_rating: markerPos = np.float64(4.0)
3.4812 	EXP 	emotion_rating: markerPos = np.float64(4.075)
3.4994 	EXP 	emotion_rating: markerPos = np.float64(4.175)
3.5155 	EXP 	emotion_rating: markerPos = np.float64(4.216666666666667)
3.5323 	EXP 	emotion_rating: markerPos = np.float64(4.275)
3.5471 	EXP 	emotion_rating: markerPos = np.float64(4.333333333333333)
3.5652 	EXP 	emotion_rating: markerPos = np.float64(4.4)
3.5804 	EXP 	emotion_rating: markerPos = np.float64(4.491666666666667)
3.5990 	EXP 	emotion_rating: markerPos = np.float64(4.525)
3.6139 	EXP 	emotion_rating: markerPos = np.float64(4.541666666666667)
3.6326 	EXP 	emotion_rating: markerPos = np.float64(4.558333333333334)
3.6472 	EXP 	emotion_rating: markerPos = np.float64(4.575)
3.6652 	EXP 	emotion_rating: markerPos = np.float64(4.583333333333333)
3.6803 	EXP 	emotion_rating: markerPos = np.float64(4.608333333333333)
3.6984 	EXP 	emotion_rating: markerPos = np.float64(4.616666666666667)
3.7132 	EXP 	emotion_rating: markerPos = np.float64(4.616666666666667)
3.7317 	EXP 	emotion_rating: markerPos = np.float64(4.625)
3.7468 	EXP 	emotion_rating: markerPos = np.float64(4.625)
3.7646 	EXP 	emotion_rating: markerPos = np.float64(4.625)
3.7799 	EXP 	emotion_rating: markerPos = np.float64(4.625)
3.7988 	EXP 	emotion_rating: markerPos = np.float64(4.625)
3.8130 	EXP 	emotion_rating: markerPos = np.float64(4.625)
3.8323 	EXP 	emotion_rating: markerPos = np.float64(4.625)
3.8467 	EXP 	emotion_rating: markerPos = np.float64(4.625)
3.8646 	EXP 	emotion_rating: markerPos = np.float64(4.625)
3.8798 	EXP 	emotion_rating: markerPos = np.float64(4.625)
3.8977 	EXP 	emotion_rating: markerPos = np.float64(4.625)
3.9137 	EXP 	emotion_rating: markerPos = np.float64(4.625)
3.9229 	DATA 	Mouse:  Left button up, pos=(1155,532)
3.9312 	EXP 	emotion_rating: markerPos = np.float64(4.625)
3.9466 	EXP 	emotion_rating: markerPos = np.float64(4.625)
3.9480 	EXP 	New trial (rep=0, index=1): <Trial 1 (1 in rep 0) data={'image_path': 'C:\\Users\\julia\\OneDrive\\Pulpit\\percepcja_psychopy\\photos\\dachshund-8910099_640.jpg', 'label': 'Ten piesek jest wesoły', 'show_label': 0, 'thisN': 1, 'thisTrialN': 1, 'thisRepN': 0}>
3.9763 	EXP 	label_text: autoDraw = False
3.9763 	EXP 	stim_image: autoDraw = False
3.9763 	EXP 	emotion_rating: autoDraw = False
3.9763 	EXP 	label_text: height = np.float64(0.05)
3.9763 	EXP 	label_text: height = np.float64(0.05)
3.9763 	EXP 	label_text: height = np.float64(0.05)
3.9763 	EXP 	label_text: text = 'Ten piesek jest wesoły'
3.9763 	EXP 	stim_image: image = 'C:\\Users\\julia\\OneDrive\\Pulpit\\percepcja_psychopy\\photos\\dachshund-8910099_640.jpg'
3.9763 	EXP 	emotion_rating: markerPos = None
3.9763 	EXP 	emotion_rating: markerPos = None
3.9763 	EXP 	label_text: autoDraw = True
4.9621 	EXP 	stim_image: autoDraw = True
4.9770 	EXP 	label_text: autoDraw = False
5.9594 	EXP 	emotion_rating: autoDraw = True
5.9742 	EXP 	stim_image: autoDraw = False
6.7464 	DATA 	Mouse: Left button down, pos=(1016,544)
6.7739 	EXP 	emotion_rating: markerPos = np.float64(3.466666666666667)
6.7921 	EXP 	emotion_rating: markerPos = np.float64(3.466666666666667)
6.8078 	EXP 	emotion_rating: markerPos = np.float64(3.475)
6.8242 	EXP 	emotion_rating: markerPos = np.float64(3.5166666666666666)
6.8384 	EXP 	emotion_rating: markerPos = np.float64(3.5583333333333336)
6.8569 	EXP 	emotion_rating: markerPos = np.float64(3.6)
6.8714 	EXP 	emotion_rating: markerPos = np.float64(3.6916666666666664)
6.8898 	EXP 	emotion_rating: markerPos = np.float64(3.783333333333333)
6.9050 	EXP 	emotion_rating: markerPos = np.float64(3.8666666666666667)
6.9218 	EXP 	emotion_rating: markerPos = np.float64(3.9416666666666664)
6.9376 	EXP 	emotion_rating: markerPos = np.float64(4.016666666666667)
6.9554 	EXP 	emotion_rating: markerPos = np.float64(4.058333333333334)
6.9709 	EXP 	emotion_rating: markerPos = np.float64(4.141666666666667)
6.9892 	EXP 	emotion_rating: markerPos = np.float64(4.325)
7.0043 	EXP 	emotion_rating: markerPos = np.float64(4.391666666666667)
7.0225 	EXP 	emotion_rating: markerPos = np.float64(4.441666666666666)
7.0377 	EXP 	emotion_rating: markerPos = np.float64(4.525)
7.0558 	EXP 	emotion_rating: markerPos = np.float64(4.558333333333334)
7.0713 	EXP 	emotion_rating: markerPos = np.float64(4.625)
7.0894 	EXP 	emotion_rating: markerPos = np.float64(4.641666666666667)
7.1051 	EXP 	emotion_rating: markerPos = np.float64(4.666666666666667)
7.1225 	EXP 	emotion_rating: markerPos = np.float64(4.666666666666667)
7.1378 	EXP 	emotion_rating: markerPos = np.float64(4.675)
7.1550 	EXP 	emotion_rating: markerPos = np.float64(4.683333333333334)
7.1711 	EXP 	emotion_rating: markerPos = np.float64(4.7)
7.1884 	EXP 	emotion_rating: markerPos = np.float64(4.7)
7.2043 	EXP 	emotion_rating: markerPos = np.float64(4.716666666666667)
7.2216 	EXP 	emotion_rating: markerPos = np.float64(4.716666666666667)
7.2379 	EXP 	emotion_rating: markerPos = np.float64(4.716666666666667)
7.2553 	EXP 	emotion_rating: markerPos = np.float64(4.716666666666667)
7.2712 	EXP 	emotion_rating: markerPos = np.float64(4.716666666666667)
7.2890 	EXP 	emotion_rating: markerPos = np.float64(4.716666666666667)
7.3043 	EXP 	emotion_rating: markerPos = np.float64(4.716666666666667)
7.3223 	EXP 	emotion_rating: markerPos = np.float64(4.716666666666667)
7.3373 	EXP 	emotion_rating: markerPos = np.float64(4.716666666666667)
7.3549 	EXP 	emotion_rating: markerPos = np.float64(4.716666666666667)
7.3709 	EXP 	emotion_rating: markerPos = np.float64(4.716666666666667)
7.3717 	DATA 	Mouse:  Left button up, pos=(1166,539)
7.3887 	EXP 	emotion_rating: markerPos = np.float64(4.716666666666667)
7.3904 	EXP 	New trial (rep=0, index=2): <Trial 2 (2 in rep 0) data={'image_path': 'C:\\Users\\julia\\OneDrive\\Pulpit\\percepcja_psychopy\\photos\\ee7bd76502e1d9aea7c74fc5bea75be9.jpg', 'label': 'Ten piesek jest smutny', 'show_label': 0, 'thisN': 2, 'thisTrialN': 2, 'thisRepN': 0}>
7.4121 	EXP 	label_text: autoDraw = False
7.4121 	EXP 	stim_image: autoDraw = False
7.4121 	EXP 	emotion_rating: autoDraw = False
7.4121 	EXP 	label_text: height = np.float64(0.05)
7.4121 	EXP 	label_text: height = np.float64(0.05)
7.4121 	EXP 	label_text: height = np.float64(0.05)
7.4121 	EXP 	label_text: text = 'Ten piesek jest smutny'
7.4121 	EXP 	stim_image: image = 'C:\\Users\\julia\\OneDrive\\Pulpit\\percepcja_psychopy\\photos\\ee7bd76502e1d9aea7c74fc5bea75be9.jpg'
7.4121 	EXP 	emotion_rating: markerPos = None
7.4121 	EXP 	emotion_rating: markerPos = None
7.4121 	EXP 	label_text: autoDraw = True
8.4012 	EXP 	stim_image: autoDraw = True
8.4197 	EXP 	label_text: autoDraw = False
9.3986 	EXP 	emotion_rating: autoDraw = True
9.4167 	EXP 	stim_image: autoDraw = False
10.2488 	DATA 	Mouse: Left button down, pos=(1031,532)
10.2632 	EXP 	emotion_rating: markerPos = np.float64(3.591666666666667)
10.2823 	EXP 	emotion_rating: markerPos = np.float64(3.533333333333333)
10.2970 	EXP 	emotion_rating: markerPos = np.float64(3.466666666666667)
10.3145 	EXP 	emotion_rating: markerPos = np.float64(3.408333333333333)
10.3295 	EXP 	emotion_rating: markerPos = np.float64(3.341666666666667)
10.3477 	EXP 	emotion_rating: markerPos = np.float64(3.325)
10.3636 	EXP 	emotion_rating: markerPos = np.float64(3.2666666666666666)
10.3806 	EXP 	emotion_rating: markerPos = np.float64(3.2083333333333335)
10.3961 	EXP 	emotion_rating: markerPos = np.float64(3.066666666666667)
10.4136 	EXP 	emotion_rating: markerPos = np.float64(2.975)
10.4286 	EXP 	emotion_rating: markerPos = np.float64(2.8916666666666666)
10.4471 	EXP 	emotion_rating: markerPos = np.float64(2.8083333333333336)
10.4619 	EXP 	emotion_rating: markerPos = np.float64(2.7416666666666667)
10.4803 	EXP 	emotion_rating: markerPos = np.float64(2.7416666666666667)
10.4960 	EXP 	emotion_rating: markerPos = np.float64(2.591666666666667)
10.5138 	EXP 	emotion_rating: markerPos = np.float64(2.475)
10.5302 	EXP 	emotion_rating: markerPos = np.float64(2.408333333333333)
10.5473 	EXP 	emotion_rating: markerPos = np.float64(2.3583333333333334)
10.5625 	EXP 	emotion_rating: markerPos = np.float64(2.325)
10.5828 	EXP 	emotion_rating: markerPos = np.float64(2.2)
10.6000 	EXP 	emotion_rating: markerPos = np.float64(2.1416666666666666)
10.6141 	EXP 	emotion_rating: markerPos = np.float64(2.0833333333333335)
10.6278 	EXP 	emotion_rating: markerPos = np.float64(2.0166666666666666)
10.6464 	EXP 	emotion_rating: markerPos = np.float64(1.95)
10.6617 	EXP 	emotion_rating: markerPos = np.float64(1.8833333333333333)
10.6792 	EXP 	emotion_rating: markerPos = np.float64(1.8583333333333334)
10.6940 	EXP 	emotion_rating: markerPos = np.float64(1.8416666666666666)
10.7134 	EXP 	emotion_rating: markerPos = np.float64(1.825)
10.7285 	EXP 	emotion_rating: markerPos = np.float64(1.7916666666666665)
10.7457 	EXP 	emotion_rating: markerPos = np.float64(1.7333333333333334)
10.7611 	EXP 	emotion_rating: markerPos = np.float64(1.7166666666666666)
10.7785 	EXP 	emotion_rating: markerPos = np.float64(1.675)
10.7941 	EXP 	emotion_rating: markerPos = np.float64(1.625)
10.8128 	EXP 	emotion_rating: markerPos = np.float64(1.5833333333333333)
10.8276 	EXP 	emotion_rating: markerPos = np.float64(1.5583333333333333)
10.8454 	EXP 	emotion_rating: markerPos = np.float64(1.5583333333333333)
10.8616 	EXP 	emotion_rating: markerPos = np.float64(1.4833333333333334)
10.8790 	EXP 	emotion_rating: markerPos = np.float64(1.4666666666666666)
10.8947 	EXP 	emotion_rating: markerPos = np.float64(1.4666666666666666)
10.9129 	EXP 	emotion_rating: markerPos = np.float64(1.45)
10.9270 	EXP 	emotion_rating: markerPos = np.float64(1.4333333333333333)
10.9457 	EXP 	emotion_rating: markerPos = np.float64(1.4166666666666667)
10.9611 	EXP 	emotion_rating: markerPos = np.float64(1.4083333333333334)
10.9778 	EXP 	emotion_rating: markerPos = np.float64(1.4)
10.9934 	EXP 	emotion_rating: markerPos = np.float64(1.4)
11.0130 	EXP 	emotion_rating: markerPos = np.float64(1.4)
11.0275 	EXP 	emotion_rating: markerPos = np.float64(1.4)
11.0449 	EXP 	emotion_rating: markerPos = np.float64(1.4)
11.0605 	EXP 	emotion_rating: markerPos = np.float64(1.4)
11.0788 	EXP 	emotion_rating: markerPos = np.float64(1.4)
11.0931 	EXP 	emotion_rating: markerPos = np.float64(1.4)
11.1121 	EXP 	emotion_rating: markerPos = np.float64(1.4)
11.1266 	EXP 	emotion_rating: markerPos = np.float64(1.4)
11.1452 	EXP 	emotion_rating: markerPos = np.float64(1.4)
11.1604 	EXP 	emotion_rating: markerPos = np.float64(1.4)
11.1784 	EXP 	emotion_rating: markerPos = np.float64(1.4)
11.1792 	DATA 	Mouse:  Left button up, pos=(768,521)
11.1929 	EXP 	emotion_rating: markerPos = np.float64(1.4)
11.1939 	EXP 	New trial (rep=0, index=3): <Trial 3 (3 in rep 0) data={'image_path': 'C:\\Users\\julia\\OneDrive\\Pulpit\\percepcja_psychopy\\photos\\images (1).jpg', 'label': 'Ten piesek jest smutny', 'show_label': 1, 'thisN': 3, 'thisTrialN': 3, 'thisRepN': 0}>
11.2111 	EXP 	label_text: autoDraw = False
11.2111 	EXP 	stim_image: autoDraw = False
11.2111 	EXP 	emotion_rating: autoDraw = False
11.2111 	EXP 	label_text: text = 'Ten piesek jest smutny'
11.2111 	EXP 	stim_image: image = 'C:\\Users\\julia\\OneDrive\\Pulpit\\percepcja_psychopy\\photos\\images (1).jpg'
11.2111 	EXP 	emotion_rating: markerPos = None
11.2111 	EXP 	emotion_rating: markerPos = None
11.2111 	EXP 	label_text: autoDraw = True
12.1903 	EXP 	stim_image: autoDraw = True
12.2245 	EXP 	label_text: autoDraw = False
13.1884 	EXP 	stim_image: autoDraw = False
13.2076 	EXP 	emotion_rating: autoDraw = True
13.8868 	DATA 	Mouse: Left button down, pos=(973,548)
13.9042 	EXP 	emotion_rating: markerPos = np.float64(3.1083333333333334)
13.9188 	EXP 	emotion_rating: markerPos = np.float64(3.1083333333333334)
13.9379 	EXP 	emotion_rating: markerPos = np.float64(3.091666666666667)
13.9522 	EXP 	emotion_rating: markerPos = np.float64(3.0833333333333335)
13.9705 	EXP 	emotion_rating: markerPos = np.float64(3.066666666666667)
13.9856 	EXP 	emotion_rating: markerPos = np.float64(3.033333333333333)
14.0040 	EXP 	emotion_rating: markerPos = np.float64(3.0166666666666666)
14.0192 	EXP 	emotion_rating: markerPos = np.float64(2.925)
14.0369 	EXP 	emotion_rating: markerPos = np.float64(2.85)
14.0522 	EXP 	emotion_rating: markerPos = np.float64(2.7666666666666666)
14.0698 	EXP 	emotion_rating: markerPos = np.float64(2.65)
14.0859 	EXP 	emotion_rating: markerPos = np.float64(2.541666666666667)
14.1032 	EXP 	emotion_rating: markerPos = np.float64(2.45)
14.1183 	EXP 	emotion_rating: markerPos = np.float64(2.3833333333333333)
14.1368 	EXP 	emotion_rating: markerPos = np.float64(2.3333333333333335)
14.1515 	EXP 	emotion_rating: markerPos = np.float64(2.2333333333333334)
14.1696 	EXP 	emotion_rating: markerPos = np.float64(2.1833333333333336)
14.1850 	EXP 	emotion_rating: markerPos = np.float64(2.125)
14.2029 	EXP 	emotion_rating: markerPos = np.float64(2.075)
14.2179 	EXP 	emotion_rating: markerPos = np.float64(2.0)
14.2370 	EXP 	emotion_rating: markerPos = np.float64(1.9666666666666666)
14.2517 	EXP 	emotion_rating: markerPos = np.float64(1.9083333333333334)
14.2694 	EXP 	emotion_rating: markerPos = np.float64(1.8916666666666666)
14.2849 	EXP 	emotion_rating: markerPos = np.float64(1.8666666666666667)
14.3025 	EXP 	emotion_rating: markerPos = np.float64(1.85)
14.3180 	EXP 	emotion_rating: markerPos = np.float64(1.8083333333333333)
14.3356 	EXP 	emotion_rating: markerPos = np.float64(1.7916666666666665)
14.3515 	EXP 	emotion_rating: markerPos = np.float64(1.75)
14.3691 	EXP 	emotion_rating: markerPos = np.float64(1.7416666666666667)
14.3843 	EXP 	emotion_rating: markerPos = np.float64(1.7083333333333333)
14.4028 	EXP 	emotion_rating: markerPos = np.float64(1.6833333333333333)
14.4179 	EXP 	emotion_rating: markerPos = np.float64(1.65)
14.4360 	EXP 	emotion_rating: markerPos = np.float64(1.6416666666666666)
14.4512 	EXP 	emotion_rating: markerPos = np.float64(1.625)
14.4689 	EXP 	emotion_rating: markerPos = np.float64(1.625)
14.4842 	EXP 	emotion_rating: markerPos = np.float64(1.625)
14.5016 	EXP 	emotion_rating: markerPos = np.float64(1.625)
14.5172 	EXP 	emotion_rating: markerPos = np.float64(1.625)
14.5357 	EXP 	emotion_rating: markerPos = np.float64(1.625)
14.5509 	EXP 	emotion_rating: markerPos = np.float64(1.625)
14.5684 	EXP 	emotion_rating: markerPos = np.float64(1.625)
14.5846 	EXP 	emotion_rating: markerPos = np.float64(1.625)
14.6022 	EXP 	emotion_rating: markerPos = np.float64(1.625)
14.6178 	EXP 	emotion_rating: markerPos = np.float64(1.625)
14.6355 	EXP 	emotion_rating: markerPos = np.float64(1.625)
14.6433 	DATA 	Mouse:  Left button up, pos=(795,527)
14.6508 	EXP 	emotion_rating: markerPos = np.float64(1.625)
14.6681 	EXP 	emotion_rating: markerPos = np.float64(1.625)
14.6697 	EXP 	New trial (rep=0, index=4): <Trial 4 (4 in rep 0) data={'image_path': 'C:\\Users\\julia\\OneDrive\\Pulpit\\percepcja_psychopy\\photos\\images (2).jpg', 'label': 'Ten piesek jest wesoły', 'show_label': 1, 'thisN': 4, 'thisTrialN': 4, 'thisRepN': 0}>
14.6855 	EXP 	label_text: autoDraw = False
14.6855 	EXP 	stim_image: autoDraw = False
14.6855 	EXP 	emotion_rating: autoDraw = False
14.6855 	EXP 	label_text: height = np.float64(0.05)
14.6855 	EXP 	label_text: height = np.float64(0.05)
14.6855 	EXP 	label_text: height = np.float64(0.05)
14.6855 	EXP 	label_text: text = 'Ten piesek jest wesoły'
14.6855 	EXP 	stim_image: image = 'C:\\Users\\julia\\OneDrive\\Pulpit\\percepcja_psychopy\\photos\\images (2).jpg'
14.6855 	EXP 	emotion_rating: markerPos = None
14.6855 	EXP 	emotion_rating: markerPos = None
14.6855 	EXP 	label_text: autoDraw = True
15.6817 	EXP 	stim_image: autoDraw = True
15.6990 	EXP 	label_text: autoDraw = False
16.6786 	EXP 	emotion_rating: autoDraw = True
16.6964 	EXP 	stim_image: autoDraw = False
17.4104 	DATA 	Mouse: Left button down, pos=(938,536)
17.4280 	EXP 	emotion_rating: markerPos = np.float64(2.8166666666666664)
17.4432 	EXP 	emotion_rating: markerPos = np.float64(2.8166666666666664)
17.4617 	EXP 	emotion_rating: markerPos = np.float64(2.8166666666666664)
17.4772 	EXP 	emotion_rating: markerPos = np.float64(2.8166666666666664)
17.4946 	EXP 	emotion_rating: markerPos = np.float64(2.8666666666666667)
17.5108 	EXP 	emotion_rating: markerPos = np.float64(2.8916666666666666)
17.5276 	EXP 	emotion_rating: markerPos = np.float64(2.8916666666666666)
17.5448 	EXP 	emotion_rating: markerPos = np.float64(2.95)
17.5604 	EXP 	emotion_rating: markerPos = np.float64(3.1666666666666665)
17.5762 	EXP 	emotion_rating: markerPos = np.float64(3.216666666666667)
17.5933 	EXP 	emotion_rating: markerPos = np.float64(3.341666666666667)
17.6086 	EXP 	emotion_rating: markerPos = np.float64(3.375)
17.6266 	EXP 	emotion_rating: markerPos = np.float64(3.475)
17.6422 	EXP 	emotion_rating: markerPos = np.float64(3.5666666666666664)
17.6608 	EXP 	emotion_rating: markerPos = np.float64(3.625)
17.6761 	EXP 	emotion_rating: markerPos = np.float64(3.6833333333333336)
17.6925 	EXP 	emotion_rating: markerPos = np.float64(3.7083333333333335)
17.7094 	EXP 	emotion_rating: markerPos = np.float64(3.8083333333333336)
17.7268 	EXP 	emotion_rating: markerPos = np.float64(3.8666666666666667)
17.7424 	EXP 	emotion_rating: markerPos = np.float64(3.925)
17.7603 	EXP 	emotion_rating: markerPos = np.float64(3.9833333333333334)
17.7755 	EXP 	emotion_rating: markerPos = np.float64(4.083333333333333)
17.7936 	EXP 	emotion_rating: markerPos = np.float64(4.116666666666667)
17.8090 	EXP 	emotion_rating: markerPos = np.float64(4.2)
17.8264 	EXP 	emotion_rating: markerPos = np.float64(4.241666666666667)
17.8415 	EXP 	emotion_rating: markerPos = np.float64(4.291666666666667)
17.8597 	EXP 	emotion_rating: markerPos = np.float64(4.325)
17.8764 	EXP 	emotion_rating: markerPos = np.float64(4.366666666666667)
17.8939 	EXP 	emotion_rating: markerPos = np.float64(4.391666666666667)
17.9081 	EXP 	emotion_rating: markerPos = np.float64(4.416666666666667)
17.9271 	EXP 	emotion_rating: markerPos = np.float64(4.45)
17.9431 	EXP 	emotion_rating: markerPos = np.float64(4.5)
17.9613 	EXP 	emotion_rating: markerPos = np.float64(4.533333333333333)
17.9759 	EXP 	emotion_rating: markerPos = np.float64(4.55)
17.9952 	EXP 	emotion_rating: markerPos = np.float64(4.566666666666666)
18.0112 	EXP 	emotion_rating: markerPos = np.float64(4.575)
18.0255 	EXP 	emotion_rating: markerPos = np.float64(4.575)
18.0411 	EXP 	emotion_rating: markerPos = np.float64(4.575)
18.0590 	EXP 	emotion_rating: markerPos = np.float64(4.575)
18.0742 	EXP 	emotion_rating: markerPos = np.float64(4.575)
18.0922 	EXP 	emotion_rating: markerPos = np.float64(4.575)
18.1090 	EXP 	emotion_rating: markerPos = np.float64(4.575)
18.1278 	EXP 	emotion_rating: markerPos = np.float64(4.575)
18.1462 	EXP 	emotion_rating: markerPos = np.float64(4.575)
18.1676 	EXP 	emotion_rating: markerPos = np.float64(4.575)
18.1856 	EXP 	emotion_rating: markerPos = np.float64(4.575)
18.1865 	DATA 	Mouse:  Left button up, pos=(1149,528)
18.2046 	EXP 	emotion_rating: markerPos = np.float64(4.575)
18.2056 	EXP 	New trial (rep=0, index=5): <Trial 5 (5 in rep 0) data={'image_path': 'C:\\Users\\julia\\OneDrive\\Pulpit\\percepcja_psychopy\\photos\\images (3).jpg', 'label': 'Ten piesek jest smutny', 'show_label': 1, 'thisN': 5, 'thisTrialN': 5, 'thisRepN': 0}>
18.2255 	EXP 	label_text: autoDraw = False
18.2255 	EXP 	stim_image: autoDraw = False
18.2255 	EXP 	emotion_rating: autoDraw = False
18.2255 	EXP 	label_text: height = np.float64(0.05)
18.2255 	EXP 	label_text: height = np.float64(0.05)
18.2255 	EXP 	label_text: height = np.float64(0.05)
18.2255 	EXP 	label_text: text = 'Ten piesek jest smutny'
18.2255 	EXP 	stim_image: image = 'C:\\Users\\julia\\OneDrive\\Pulpit\\percepcja_psychopy\\photos\\images (3).jpg'
18.2255 	EXP 	emotion_rating: markerPos = None
18.2255 	EXP 	emotion_rating: markerPos = None
18.2255 	EXP 	label_text: autoDraw = True
19.2049 	EXP 	stim_image: autoDraw = True
19.2379 	EXP 	label_text: autoDraw = False
20.2196 	EXP 	stim_image: autoDraw = False
20.2196 	EXP 	emotion_rating: autoDraw = True
20.8401 	DATA 	Mouse: Left button down, pos=(977,522)
20.8673 	EXP 	emotion_rating: markerPos = np.float64(3.1416666666666666)
20.8846 	EXP 	emotion_rating: markerPos = np.float64(3.1166666666666667)
20.9004 	EXP 	emotion_rating: markerPos = np.float64(3.075)
20.9178 	EXP 	emotion_rating: markerPos = np.float64(3.0)
20.9332 	EXP 	emotion_rating: markerPos = np.float64(2.8583333333333334)
20.9514 	EXP 	emotion_rating: markerPos = np.float64(2.583333333333333)
20.9670 	EXP 	emotion_rating: markerPos = np.float64(2.4916666666666667)
20.9843 	EXP 	emotion_rating: markerPos = np.float64(2.3333333333333335)
20.9996 	EXP 	emotion_rating: markerPos = np.float64(2.1916666666666664)
21.0177 	EXP 	emotion_rating: markerPos = np.float64(2.075)
21.0334 	EXP 	emotion_rating: markerPos = np.float64(1.9583333333333333)
21.0509 	EXP 	emotion_rating: markerPos = np.float64(1.8833333333333333)
21.0661 	EXP 	emotion_rating: markerPos = np.float64(1.825)
21.0837 	EXP 	emotion_rating: markerPos = np.float64(1.7916666666666665)
21.0995 	EXP 	emotion_rating: markerPos = np.float64(1.6916666666666667)
21.1180 	EXP 	emotion_rating: markerPos = np.float64(1.6416666666666666)
21.1331 	EXP 	emotion_rating: markerPos = np.float64(1.5833333333333333)
21.1501 	EXP 	emotion_rating: markerPos = np.float64(1.5333333333333334)
21.1664 	EXP 	emotion_rating: markerPos = np.float64(1.5083333333333333)
21.1846 	EXP 	emotion_rating: markerPos = np.float64(1.4916666666666667)
21.2006 	EXP 	emotion_rating: markerPos = np.float64(1.4916666666666667)
21.2173 	EXP 	emotion_rating: markerPos = np.float64(1.4833333333333334)
21.2328 	EXP 	emotion_rating: markerPos = np.float64(1.4833333333333334)
21.2504 	EXP 	emotion_rating: markerPos = np.float64(1.4833333333333334)
21.2658 	EXP 	emotion_rating: markerPos = np.float64(1.4833333333333334)
21.2833 	EXP 	emotion_rating: markerPos = np.float64(1.4833333333333334)
21.2992 	EXP 	emotion_rating: markerPos = np.float64(1.4833333333333334)
21.3168 	EXP 	emotion_rating: markerPos = np.float64(1.4833333333333334)
21.3325 	EXP 	emotion_rating: markerPos = np.float64(1.4833333333333334)
21.3501 	EXP 	emotion_rating: markerPos = np.float64(1.4833333333333334)
21.3513 	DATA 	Mouse:  Left button up, pos=(778,519)
21.3660 	EXP 	emotion_rating: markerPos = np.float64(1.4833333333333334)
21.3671 	EXP 	New trial (rep=0, index=6): <Trial 6 (6 in rep 0) data={'image_path': 'C:\\Users\\julia\\OneDrive\\Pulpit\\percepcja_psychopy\\photos\\images (4).jpg', 'label': 'Ten piesek jest smutny', 'show_label': 0, 'thisN': 6, 'thisTrialN': 6, 'thisRepN': 0}>
21.3830 	EXP 	label_text: autoDraw = False
21.3830 	EXP 	stim_image: autoDraw = False
21.3830 	EXP 	emotion_rating: autoDraw = False
21.3830 	EXP 	label_text: text = 'Ten piesek jest smutny'
21.3830 	EXP 	stim_image: image = 'C:\\Users\\julia\\OneDrive\\Pulpit\\percepcja_psychopy\\photos\\images (4).jpg'
21.3830 	EXP 	emotion_rating: markerPos = None
21.3830 	EXP 	emotion_rating: markerPos = None
21.3830 	EXP 	label_text: autoDraw = True
22.3801 	EXP 	stim_image: autoDraw = True
22.3960 	EXP 	label_text: autoDraw = False
23.3785 	EXP 	emotion_rating: autoDraw = True
23.3938 	EXP 	stim_image: autoDraw = False
24.0929 	DATA 	Mouse: Left button down, pos=(1001,538)
24.1099 	EXP 	emotion_rating: markerPos = np.float64(3.341666666666667)
24.1250 	EXP 	emotion_rating: markerPos = np.float64(3.341666666666667)
24.1424 	EXP 	emotion_rating: markerPos = np.float64(3.341666666666667)
24.1578 	EXP 	emotion_rating: markerPos = np.float64(3.3333333333333335)
24.1757 	EXP 	emotion_rating: markerPos = np.float64(3.3083333333333336)
24.1917 	EXP 	emotion_rating: markerPos = np.float64(3.2333333333333334)
24.2095 	EXP 	emotion_rating: markerPos = np.float64(3.15)
24.2246 	EXP 	emotion_rating: markerPos = np.float64(3.05)
24.2428 	EXP 	emotion_rating: markerPos = np.float64(2.916666666666667)
24.2581 	EXP 	emotion_rating: markerPos = np.float64(2.6333333333333333)
24.2757 	EXP 	emotion_rating: markerPos = np.float64(2.541666666666667)
24.2912 	EXP 	emotion_rating: markerPos = np.float64(2.4)
24.3087 	EXP 	emotion_rating: markerPos = np.float64(2.3166666666666664)
24.3246 	EXP 	emotion_rating: markerPos = np.float64(2.1083333333333334)
24.3420 	EXP 	emotion_rating: markerPos = np.float64(2.0583333333333336)
24.3578 	EXP 	emotion_rating: markerPos = np.float64(2.0416666666666665)
24.3756 	EXP 	emotion_rating: markerPos = np.float64(2.0)
24.3907 	EXP 	emotion_rating: markerPos = np.float64(1.95)
24.4082 	EXP 	emotion_rating: markerPos = np.float64(1.925)
24.4237 	EXP 	emotion_rating: markerPos = np.float64(1.8916666666666666)
24.4414 	EXP 	emotion_rating: markerPos = np.float64(1.8583333333333334)
24.4570 	EXP 	emotion_rating: markerPos = np.float64(1.825)
24.4755 	EXP 	emotion_rating: markerPos = np.float64(1.8166666666666667)
24.4904 	EXP 	emotion_rating: markerPos = np.float64(1.7916666666666665)
24.5084 	EXP 	emotion_rating: markerPos = np.float64(1.7833333333333334)
24.5240 	EXP 	emotion_rating: markerPos = np.float64(1.75)
24.5413 	EXP 	emotion_rating: markerPos = np.float64(1.7416666666666667)
24.5568 	EXP 	emotion_rating: markerPos = np.float64(1.7083333333333333)
24.5751 	EXP 	emotion_rating: markerPos = np.float64(1.7000000000000002)
24.5896 	EXP 	emotion_rating: markerPos = np.float64(1.6833333333333333)
24.6077 	EXP 	emotion_rating: markerPos = np.float64(1.6666666666666667)
24.6236 	EXP 	emotion_rating: markerPos = np.float64(1.65)
24.6412 	EXP 	emotion_rating: markerPos = np.float64(1.6416666666666666)
24.6560 	EXP 	emotion_rating: markerPos = np.float64(1.6416666666666666)
24.6743 	EXP 	emotion_rating: markerPos = np.float64(1.6333333333333333)
24.6896 	EXP 	emotion_rating: markerPos = np.float64(1.625)
24.7076 	EXP 	emotion_rating: markerPos = np.float64(1.625)
24.7232 	EXP 	emotion_rating: markerPos = np.float64(1.6166666666666667)
24.7411 	EXP 	emotion_rating: markerPos = np.float64(1.6083333333333334)
24.7566 	EXP 	emotion_rating: markerPos = np.float64(1.6083333333333334)
24.7744 	EXP 	emotion_rating: markerPos = np.float64(1.6083333333333334)
24.7889 	EXP 	emotion_rating: markerPos = np.float64(1.6083333333333334)
24.8075 	EXP 	emotion_rating: markerPos = np.float64(1.6083333333333334)
24.8223 	EXP 	emotion_rating: markerPos = np.float64(1.6083333333333334)
24.8405 	EXP 	emotion_rating: markerPos = np.float64(1.6083333333333334)
24.8421 	DATA 	Mouse:  Left button up, pos=(793,525)
24.8563 	EXP 	emotion_rating: markerPos = np.float64(1.6083333333333334)
24.8572 	EXP 	New trial (rep=0, index=7): <Trial 7 (7 in rep 0) data={'image_path': 'C:\\Users\\julia\\OneDrive\\Pulpit\\percepcja_psychopy\\photos\\images (5).jpg', 'label': 'Ten piesek jest wesoły', 'show_label': 1, 'thisN': 7, 'thisTrialN': 7, 'thisRepN': 0}>
24.8737 	EXP 	label_text: autoDraw = False
24.8737 	EXP 	stim_image: autoDraw = False
24.8737 	EXP 	emotion_rating: autoDraw = False
24.8737 	EXP 	label_text: height = np.float64(0.05)
24.8737 	EXP 	label_text: height = np.float64(0.05)
24.8737 	EXP 	label_text: height = np.float64(0.05)
24.8737 	EXP 	label_text: text = 'Ten piesek jest wesoły'
24.8737 	EXP 	stim_image: image = 'C:\\Users\\julia\\OneDrive\\Pulpit\\percepcja_psychopy\\photos\\images (5).jpg'
24.8737 	EXP 	emotion_rating: markerPos = None
24.8737 	EXP 	emotion_rating: markerPos = None
24.8737 	EXP 	label_text: autoDraw = True
25.8710 	EXP 	stim_image: autoDraw = True
25.8865 	EXP 	label_text: autoDraw = False
26.8687 	EXP 	emotion_rating: autoDraw = True
26.8846 	EXP 	stim_image: autoDraw = False
27.4348 	DATA 	Mouse: Left button down, pos=(940,535)
27.4493 	EXP 	emotion_rating: markerPos = np.float64(2.833333333333333)
27.4665 	EXP 	emotion_rating: markerPos = np.float64(2.833333333333333)
27.4823 	EXP 	emotion_rating: markerPos = np.float64(2.833333333333333)
27.4999 	EXP 	emotion_rating: markerPos = np.float64(2.833333333333333)
27.5155 	EXP 	emotion_rating: markerPos = np.float64(2.85)
27.5329 	EXP 	emotion_rating: markerPos = np.float64(2.875)
27.5487 	EXP 	emotion_rating: markerPos = np.float64(2.9833333333333334)
27.5663 	EXP 	emotion_rating: markerPos = np.float64(3.1166666666666667)
27.5822 	EXP 	emotion_rating: markerPos = np.float64(3.2416666666666667)
27.5995 	EXP 	emotion_rating: markerPos = np.float64(3.4166666666666665)
27.6153 	EXP 	emotion_rating: markerPos = np.float64(3.65)
27.6338 	EXP 	emotion_rating: markerPos = np.float64(3.9)
27.6490 	EXP 	emotion_rating: markerPos = np.float64(4.016666666666667)
27.6665 	EXP 	emotion_rating: markerPos = np.float64(4.108333333333333)
27.6814 	EXP 	emotion_rating: markerPos = np.float64(4.15)
27.6988 	EXP 	emotion_rating: markerPos = np.float64(4.166666666666667)
27.7150 	EXP 	emotion_rating: markerPos = np.float64(4.2)
27.7329 	EXP 	emotion_rating: markerPos = np.float64(4.2)
27.7481 	EXP 	emotion_rating: markerPos = np.float64(4.216666666666667)
27.7659 	EXP 	emotion_rating: markerPos = np.float64(4.216666666666667)
27.7818 	EXP 	emotion_rating: markerPos = np.float64(4.225)
27.7984 	EXP 	emotion_rating: markerPos = np.float64(4.225)
27.8151 	EXP 	emotion_rating: markerPos = np.float64(4.225)
27.8325 	EXP 	emotion_rating: markerPos = np.float64(4.233333333333333)
27.8480 	EXP 	emotion_rating: markerPos = np.float64(4.233333333333333)
27.8650 	EXP 	emotion_rating: markerPos = np.float64(4.233333333333333)
27.8809 	EXP 	emotion_rating: markerPos = np.float64(4.233333333333333)
27.8983 	EXP 	emotion_rating: markerPos = np.float64(4.241666666666667)
27.9144 	EXP 	emotion_rating: markerPos = np.float64(4.241666666666667)
27.9320 	EXP 	emotion_rating: markerPos = np.float64(4.266666666666667)
27.9482 	EXP 	emotion_rating: markerPos = np.float64(4.3)
27.9656 	EXP 	emotion_rating: markerPos = np.float64(4.316666666666666)
27.9806 	EXP 	emotion_rating: markerPos = np.float64(4.333333333333333)
27.9982 	EXP 	emotion_rating: markerPos = np.float64(4.333333333333333)
28.0137 	EXP 	emotion_rating: markerPos = np.float64(4.333333333333333)
28.0313 	EXP 	emotion_rating: markerPos = np.float64(4.341666666666667)
28.0477 	EXP 	emotion_rating: markerPos = np.float64(4.341666666666667)
28.0645 	EXP 	emotion_rating: markerPos = np.float64(4.341666666666667)
28.0803 	EXP 	emotion_rating: markerPos = np.float64(4.341666666666667)
28.0980 	EXP 	emotion_rating: markerPos = np.float64(4.341666666666667)
28.1136 	EXP 	emotion_rating: markerPos = np.float64(4.341666666666667)
28.1315 	EXP 	emotion_rating: markerPos = np.float64(4.341666666666667)
28.1473 	EXP 	emotion_rating: markerPos = np.float64(4.341666666666667)
28.1647 	EXP 	emotion_rating: markerPos = np.float64(4.341666666666667)
28.1714 	DATA 	Mouse:  Left button up, pos=(1121,520)
28.1801 	EXP 	emotion_rating: markerPos = np.float64(4.341666666666667)
28.1980 	EXP 	emotion_rating: markerPos = np.float64(4.341666666666667)
28.1994 	EXP 	New trial (rep=0, index=8): <Trial 8 (8 in rep 0) data={'image_path': 'C:\\Users\\julia\\OneDrive\\Pulpit\\percepcja_psychopy\\photos\\images (6).jpg', 'label': 'Ten piesek jest smutny', 'show_label': 1, 'thisN': 8, 'thisTrialN': 8, 'thisRepN': 0}>
28.2135 	EXP 	label_text: autoDraw = False
28.2135 	EXP 	stim_image: autoDraw = False
28.2135 	EXP 	emotion_rating: autoDraw = False
28.2135 	EXP 	label_text: height = np.float64(0.05)
28.2135 	EXP 	label_text: height = np.float64(0.05)
28.2135 	EXP 	label_text: height = np.float64(0.05)
28.2135 	EXP 	label_text: text = 'Ten piesek jest smutny'
28.2135 	EXP 	stim_image: image = 'C:\\Users\\julia\\OneDrive\\Pulpit\\percepcja_psychopy\\photos\\images (6).jpg'
28.2135 	EXP 	emotion_rating: markerPos = None
28.2135 	EXP 	emotion_rating: markerPos = None
28.2135 	EXP 	label_text: autoDraw = True
29.2110 	EXP 	stim_image: autoDraw = True
29.2285 	EXP 	label_text: autoDraw = False
30.2080 	EXP 	emotion_rating: autoDraw = True
30.2253 	EXP 	stim_image: autoDraw = False
30.7641 	DATA 	Mouse: Left button down, pos=(1038,527)
30.7907 	EXP 	emotion_rating: markerPos = np.float64(3.65)
30.8066 	EXP 	emotion_rating: markerPos = np.float64(3.65)
30.8246 	EXP 	emotion_rating: markerPos = np.float64(3.65)
30.8400 	EXP 	emotion_rating: markerPos = np.float64(3.6333333333333333)
30.8571 	EXP 	emotion_rating: markerPos = np.float64(3.6)
30.8733 	EXP 	emotion_rating: markerPos = np.float64(3.55)
30.8906 	EXP 	emotion_rating: markerPos = np.float64(3.4916666666666667)
30.9058 	EXP 	emotion_rating: markerPos = np.float64(3.4166666666666665)
30.9238 	EXP 	emotion_rating: markerPos = np.float64(3.341666666666667)
30.9393 	EXP 	emotion_rating: markerPos = np.float64(3.175)
30.9572 	EXP 	emotion_rating: markerPos = np.float64(3.033333333333333)
30.9729 	EXP 	emotion_rating: markerPos = np.float64(2.8916666666666666)
30.9896 	EXP 	emotion_rating: markerPos = np.float64(2.675)
31.0064 	EXP 	emotion_rating: markerPos = np.float64(2.575)
31.0235 	EXP 	emotion_rating: markerPos = np.float64(2.2916666666666665)
31.0392 	EXP 	emotion_rating: markerPos = np.float64(2.2583333333333333)
31.0571 	EXP 	emotion_rating: markerPos = np.float64(2.1416666666666666)
31.0719 	EXP 	emotion_rating: markerPos = np.float64(2.05)
31.0902 	EXP 	emotion_rating: markerPos = np.float64(1.9)
31.1056 	EXP 	emotion_rating: markerPos = np.float64(1.8083333333333333)
31.1232 	EXP 	emotion_rating: markerPos = np.float64(1.7583333333333333)
31.1388 	EXP 	emotion_rating: markerPos = np.float64(1.7083333333333333)
31.1563 	EXP 	emotion_rating: markerPos = np.float64(1.675)
31.1720 	EXP 	emotion_rating: markerPos = np.float64(1.65)
31.1901 	EXP 	emotion_rating: markerPos = np.float64(1.6416666666666666)
31.2055 	EXP 	emotion_rating: markerPos = np.float64(1.625)
31.2224 	EXP 	emotion_rating: markerPos = np.float64(1.6083333333333334)
31.2380 	EXP 	emotion_rating: markerPos = np.float64(1.6083333333333334)
31.2565 	EXP 	emotion_rating: markerPos = np.float64(1.5916666666666666)
31.2721 	EXP 	emotion_rating: markerPos = np.float64(1.5916666666666666)
31.2900 	EXP 	emotion_rating: markerPos = np.float64(1.5833333333333333)
31.3051 	EXP 	emotion_rating: markerPos = np.float64(1.5833333333333333)
31.3226 	EXP 	emotion_rating: markerPos = np.float64(1.5833333333333333)
31.3383 	EXP 	emotion_rating: markerPos = np.float64(1.5833333333333333)
31.3559 	EXP 	emotion_rating: markerPos = np.float64(1.5833333333333333)
31.3714 	EXP 	emotion_rating: markerPos = np.float64(1.5833333333333333)
31.3890 	EXP 	emotion_rating: markerPos = np.float64(1.5833333333333333)
31.4048 	EXP 	emotion_rating: markerPos = np.float64(1.5833333333333333)
31.4222 	EXP 	emotion_rating: markerPos = np.float64(1.5833333333333333)
31.4379 	EXP 	emotion_rating: markerPos = np.float64(1.5833333333333333)
31.4554 	EXP 	emotion_rating: markerPos = np.float64(1.5833333333333333)
31.4639 	DATA 	Mouse:  Left button up, pos=(790,503)
31.4714 	EXP 	emotion_rating: markerPos = np.float64(1.5833333333333333)
31.4887 	EXP 	emotion_rating: markerPos = np.float64(1.5833333333333333)
31.4898 	EXP 	New trial (rep=0, index=9): <Trial 9 (9 in rep 0) data={'image_path': 'C:\\Users\\julia\\OneDrive\\Pulpit\\percepcja_psychopy\\photos\\images.jpg', 'label': 'Ten piesek jest smutny', 'show_label': 0, 'thisN': 9, 'thisTrialN': 9, 'thisRepN': 0}>
31.5053 	EXP 	label_text: autoDraw = False
31.5053 	EXP 	stim_image: autoDraw = False
31.5053 	EXP 	emotion_rating: autoDraw = False
31.5053 	EXP 	label_text: text = 'Ten piesek jest smutny'
31.5053 	EXP 	stim_image: image = 'C:\\Users\\julia\\OneDrive\\Pulpit\\percepcja_psychopy\\photos\\images.jpg'
31.5053 	EXP 	emotion_rating: markerPos = None
31.5053 	EXP 	emotion_rating: markerPos = None
31.5053 	EXP 	label_text: autoDraw = True
32.5022 	EXP 	stim_image: autoDraw = True
32.5194 	EXP 	label_text: autoDraw = False
33.4995 	EXP 	emotion_rating: autoDraw = True
33.5170 	EXP 	stim_image: autoDraw = False
34.1497 	DATA 	Mouse: Left button down, pos=(785,538)
34.1639 	EXP 	emotion_rating: markerPos = np.float64(1.5416666666666667)
34.1816 	EXP 	emotion_rating: markerPos = np.float64(1.5416666666666667)
34.1978 	EXP 	emotion_rating: markerPos = np.float64(1.5416666666666667)
34.2155 	EXP 	emotion_rating: markerPos = np.float64(1.5416666666666667)
34.2302 	EXP 	emotion_rating: markerPos = np.float64(1.5416666666666667)
34.2484 	EXP 	emotion_rating: markerPos = np.float64(1.5416666666666667)
34.2634 	EXP 	emotion_rating: markerPos = np.float64(1.5416666666666667)
34.2817 	EXP 	emotion_rating: markerPos = np.float64(1.5416666666666667)
34.2968 	EXP 	emotion_rating: markerPos = np.float64(1.5416666666666667)
34.3150 	EXP 	emotion_rating: markerPos = np.float64(1.5416666666666667)
34.3304 	EXP 	emotion_rating: markerPos = np.float64(1.5416666666666667)
34.3486 	EXP 	emotion_rating: markerPos = np.float64(1.5416666666666667)
34.3499 	DATA 	Mouse:  Left button up, pos=(785,538)
34.3635 	EXP 	emotion_rating: markerPos = np.float64(1.5416666666666667)
34.3645 	EXP 	New trial (rep=0, index=10): <Trial 10 (10 in rep 0) data={'image_path': 'C:\\Users\\julia\\OneDrive\\Pulpit\\percepcja_psychopy\\photos\\istockphoto-1328935360-612x612.jpg', 'label': 'Ten piesek jest wesoły', 'show_label': 1, 'thisN': 10, 'thisTrialN': 10, 'thisRepN': 0}>
34.3863 	EXP 	label_text: autoDraw = False
34.3863 	EXP 	stim_image: autoDraw = False
34.3863 	EXP 	emotion_rating: autoDraw = False
34.3863 	EXP 	label_text: height = np.float64(0.05)
34.3863 	EXP 	label_text: height = np.float64(0.05)
34.3863 	EXP 	label_text: height = np.float64(0.05)
34.3863 	EXP 	label_text: text = 'Ten piesek jest wesoły'
34.3863 	EXP 	stim_image: image = 'C:\\Users\\julia\\OneDrive\\Pulpit\\percepcja_psychopy\\photos\\istockphoto-1328935360-612x612.jpg'
34.3863 	EXP 	emotion_rating: markerPos = None
34.3863 	EXP 	emotion_rating: markerPos = None
34.3863 	EXP 	label_text: autoDraw = True
35.3787 	EXP 	stim_image: autoDraw = True
35.3939 	EXP 	label_text: autoDraw = False
36.3760 	EXP 	emotion_rating: autoDraw = True
36.3915 	EXP 	stim_image: autoDraw = False
37.0911 	DATA 	Mouse: Left button down, pos=(1137,542)
37.1076 	EXP 	emotion_rating: markerPos = np.float64(4.475)
37.1221 	EXP 	emotion_rating: markerPos = np.float64(4.475)
37.1405 	EXP 	emotion_rating: markerPos = np.float64(4.475)
37.1557 	EXP 	emotion_rating: markerPos = np.float64(4.475)
37.1742 	EXP 	emotion_rating: markerPos = np.float64(4.475)
37.1895 	EXP 	emotion_rating: markerPos = np.float64(4.475)
37.1908 	DATA 	Mouse:  Left button up, pos=(1137,542)
37.2075 	EXP 	emotion_rating: markerPos = np.float64(4.475)
37.2087 	EXP 	New trial (rep=0, index=11): <Trial 11 (11 in rep 0) data={'image_path': 'C:\\Users\\julia\\OneDrive\\Pulpit\\percepcja_psychopy\\photos\\pexels-svetozar-milashevich-99573-1490908.jpg', 'label': 'Ten piesek jest smutny', 'show_label': 0, 'thisN': 11, 'thisTrialN': 11, 'thisRepN': 0}>
37.8833 	EXP 	label_text: autoDraw = False
37.8833 	EXP 	stim_image: autoDraw = False
37.8833 	EXP 	emotion_rating: autoDraw = False
37.8833 	EXP 	label_text: height = np.float64(0.05)
37.8833 	EXP 	label_text: height = np.float64(0.05)
37.8833 	EXP 	label_text: height = np.float64(0.05)
37.8833 	EXP 	label_text: text = 'Ten piesek jest smutny'
37.8833 	EXP 	stim_image: image = 'C:\\Users\\julia\\OneDrive\\Pulpit\\percepcja_psychopy\\photos\\pexels-svetozar-milashevich-99573-1490908.jpg'
37.8833 	EXP 	emotion_rating: markerPos = None
37.8833 	EXP 	emotion_rating: markerPos = None
37.8833 	EXP 	label_text: autoDraw = True
38.2191 	EXP 	stim_image: autoDraw = True
38.8843 	EXP 	label_text: autoDraw = False
39.2173 	EXP 	emotion_rating: autoDraw = True
39.2347 	EXP 	stim_image: autoDraw = False
40.1494 	DATA 	Mouse: Left button down, pos=(1119,541)
40.1653 	EXP 	emotion_rating: markerPos = np.float64(4.325)
40.1809 	EXP 	emotion_rating: markerPos = np.float64(4.325)
40.1981 	EXP 	emotion_rating: markerPos = np.float64(4.325)
40.2142 	EXP 	emotion_rating: markerPos = np.float64(4.325)
40.2319 	EXP 	emotion_rating: markerPos = np.float64(4.325)
40.2418 	DATA 	Mouse:  Left button up, pos=(1119,541)
40.2476 	EXP 	emotion_rating: markerPos = np.float64(4.325)
40.2660 	EXP 	emotion_rating: markerPos = np.float64(4.325)
40.2809 	EXP 	label_text: autoDraw = False
40.2809 	EXP 	stim_image: autoDraw = False
40.2809 	EXP 	emotion_rating: autoDraw = False
40.2810 	EXP 	untitled: status = STOPPED
40.3001 	INFO 	saved data to 'C:\\Users\\julia\\OneDrive\\Pulpit\\percepcja_psychopy\\data\\021354_untitled_2026-04-18_23h13.50.458.csv'
40.3035 	INFO 	saved data to C:\Users\julia\OneDrive\Pulpit\percepcja_psychopy\data\021354_untitled_2026-04-18_23h13.50.458.psydat
41.0715 	WARNING 	Stopping key buffers but this could be dangerous ifother keyboards rely on the same.
