14.6254 	INFO 	Loaded monitor calibration from ['2026_03_18 20:30']
14.6738 	WARNING 	User requested fullscreen with size [1090  800], but screen is actually [1920, 1080]. Using actual size
16.4005 	INFO 	Using renderer 'Intel(R) UHD Graphics' for graphics
16.4006 	INFO 	OpenGL version supported by driver is 4..
17.7327 	EXP 	Created window1 = Window(allowGUI=False, allowStencil=False, autoLog=True, backendConf=UNKNOWN, backgroundFit=<method-wrapper '__getattribute__' of attributeSetter object at 0x000002395BC16230>, backgroundImage=<method-wrapper '__getattribute__' of attributeSetter object at 0x000002395BC15F90>, bitsMode=UNKNOWN, blendMode='avg', bpc=(8, 8, 8), color=array([0.6549, 0.6549, 0.6549]), colorSpace='rgb', depthBits=8, fullscr=True, gamma=None, gammaErrorPolicy='raise', infoMsg=UNKNOWN, lms=UNKNOWN, monitor=<psychopy.monitors.calibTools.Monitor object at 0x000002395BCD9B40>, multiSample=False, name='window1', numSamples=2, pos=[np.float64(0.0), np.float64(0.0)], screen=0, size=array([1920, 1080]), stencilBits=0, stereo=False, title='PsychoPy', units='height', useFBO=True, useRetina=False, viewOri=0.0, viewPos=None, viewScale=None, waitBlanking=True, winType='pyglet')
17.7330 	EXP 	window1: backgroundImage = ''
17.7330 	EXP 	window1: backgroundFit = 'none'
18.0472 	INFO 	keyboard.Keyboard is using ptb backend.
18.0472 	EXP 	untitled_FINAL_NEWEST: status = STARTED
18.3238 	EXP 	Created text_instr = TextStim(__class__=<class 'psychopy.visual.text.TextStim'>, alignHoriz=method-wrapper(...), alignText='center', alignVert=method-wrapper(...), anchorHoriz='center', anchorVert='center', antialias=True, autoDraw=False, autoLog=True, bold=False, color=array([-1., -1., -1.]), colorSpace='rgb', contrast=1.0, depth=-2.0, draggable=False, flipHoriz=False, flipVert=False, font='Arial', fontFiles=[], height=np.float64(0.03), italic=False, languageStyle='LTR', name='text_instr', opacity=1, ori=0.0, pos=array([0., 0.]), rgb=UNKNOWN, text=str(...), units='height', win=Window(...), wrapWidth=1.4)
18.3613 	EXP 	Created suwak_info = TextStim(__class__=<class 'psychopy.visual.text.TextStim'>, alignHoriz=method-wrapper(...), alignText='center', alignVert=method-wrapper(...), anchorHoriz='center', anchorVert='center', antialias=True, autoDraw=False, autoLog=True, bold=False, color=array([-1., -1., -1.]), colorSpace='rgb', contrast=1.0, depth=-1.0, draggable=False, flipHoriz=False, flipVert=False, font='Arial', fontFiles=[], height=np.float64(0.03), italic=False, languageStyle='LTR', name='suwak_info', opacity=1, ori=0.0, pos=array([0., 0.]), rgb=UNKNOWN, text=str(...), units='height', win=Window(...), wrapWidth=1.3)
18.4079 	EXP 	Created proba_testowa = TextStim(__class__=<class 'psychopy.visual.text.TextStim'>, alignHoriz=method-wrapper(...), alignText='center', alignVert=method-wrapper(...), anchorHoriz='center', anchorVert='center', antialias=True, autoDraw=False, autoLog=True, bold=False, color=array([-1., -1., -1.]), colorSpace='rgb', contrast=1.0, depth=-2.0, draggable=False, flipHoriz=False, flipVert=False, font='Arial', fontFiles=[], height=np.float64(0.04), italic=False, languageStyle='LTR', name='proba_testowa', opacity=1, ori=0.0, pos=array([0., 0.]), rgb=UNKNOWN, text=str(...), units='height', win=Window(...), wrapWidth=1.4)
18.4154 	EXP 	Created pilot_label_text = TextStim(__class__=<class 'psychopy.visual.text.TextStim'>, alignHoriz=method-wrapper(...), alignText='center', alignVert=method-wrapper(...), anchorHoriz='center', anchorVert='center', antialias=True, autoDraw=False, autoLog=True, bold=False, color=array([-1., -1., -1.]), colorSpace='rgb', contrast=1.0, depth=-1.0, draggable=False, flipHoriz=False, flipVert=False, font='Arial', fontFiles=[], height=0.05, italic=False, languageStyle='LTR', name='pilot_label_text', opacity=1, ori=0.0, pos=array([0., 0.]), rgb=UNKNOWN, text='', units='height', win=Window(...), wrapWidth=1.3)
18.4345 	EXP 	Created pilot_fiksacja1 = TextStim(__class__=<class 'psychopy.visual.text.TextStim'>, alignHoriz=method-wrapper(...), alignText='center', alignVert=method-wrapper(...), anchorHoriz='center', anchorVert='center', antialias=True, autoDraw=False, autoLog=True, bold=False, color=array([1., 1., 1.]), colorSpace='rgb', contrast=1.0, depth=-2.0, draggable=False, flipHoriz=False, flipVert=False, font='Arial', fontFiles=[], height=np.float64(0.1), italic=False, languageStyle='LTR', name='pilot_fiksacja1', opacity=1, ori=0.0, pos=array([0., 0.]), rgb=UNKNOWN, text='+', units='height', win=Window(...), wrapWidth=1)
18.5008 	EXP 	Created pilot_suwak = Slider(__class__=<class 'psychopy.visual.slider.Slider'>, autoDraw=False, autoLog=True, borderColor=None, color=None, colorSpace='rgb', depth=-3, fillColor=None, flip=False, font='Noto Sans', granularity=0.0, labelColor=None, labelHeight=np.float64(0.05), labelWrapWidth=None, labels=None, lineColor=None, markerColor=None, name='pilot_suwak', opacity=None, ori=0.0, pos=array([ 0. , -0.5]), readOnly=False, self=UNKNOWN, size=array([1. , 0.1]), startValue=0, style='slider', styleTweaks=[], ticks=ndarray(...), units='norm', win=Window(...))
18.5079 	EXP 	Created pilot_fiksacja2 = TextStim(__class__=<class 'psychopy.visual.text.TextStim'>, alignHoriz=method-wrapper(...), alignText='center', alignVert=method-wrapper(...), anchorHoriz='center', anchorVert='center', antialias=True, autoDraw=False, autoLog=True, bold=False, color=array([-1., -1., -1.]), colorSpace='rgb', contrast=1.0, depth=-4.0, draggable=False, flipHoriz=False, flipVert=False, font='Arial', fontFiles=[], height=np.float64(0.1), italic=False, languageStyle='LTR', name='pilot_fiksacja2', opacity=1, ori=0.0, pos=array([0., 0.]), rgb=UNKNOWN, text='+', units='height', win=Window(...), wrapWidth=1)
18.5372 	EXP 	Created pilot_pytanie = TextStim(__class__=<class 'psychopy.visual.text.TextStim'>, alignHoriz=method-wrapper(...), alignText='center', alignVert=method-wrapper(...), anchorHoriz='center', anchorVert='center', antialias=True, autoDraw=False, autoLog=True, bold=False, color=array([1., 1., 1.]), colorSpace='rgb', contrast=1.0, depth=-5.0, draggable=False, flipHoriz=False, flipVert=False, font='Arial', fontFiles=[], height=np.float64(0.1), italic=False, languageStyle='LTR', name='pilot_pytanie', opacity=1, ori=0.0, pos=array([0., 0.]), rgb=UNKNOWN, text='Jaką emocję wyrażała ta twarz?', units='norm', win=Window(...), wrapWidth=1)
18.5443 	EXP 	Created pilot_lewa_etykieta = TextStim(__class__=<class 'psychopy.visual.text.TextStim'>, alignHoriz=method-wrapper(...), alignText='center', alignVert=method-wrapper(...), anchorHoriz='center', anchorVert='center', antialias=True, autoDraw=False, autoLog=True, bold=False, color=array([-1., -1., -1.]), colorSpace='rgb', contrast=1.0, depth=-6.0, draggable=False, flipHoriz=False, flipVert=False, font='Arial', fontFiles=[], height=0.085, italic=False, languageStyle='LTR', name='pilot_lewa_etykieta', opacity=1, ori=0.0, pos=array([-0.6, -0.5]), rgb=UNKNOWN, text='', units='norm', win=Window(...), wrapWidth=1)
18.5481 	EXP 	Created pilot_prawa_etykieta = TextStim(__class__=<class 'psychopy.visual.text.TextStim'>, alignHoriz=method-wrapper(...), alignText='center', alignVert=method-wrapper(...), anchorHoriz='center', anchorVert='center', antialias=True, autoDraw=False, autoLog=True, bold=False, color=array([-1., -1., -1.]), colorSpace='rgb', contrast=1.0, depth=-7.0, draggable=False, flipHoriz=False, flipVert=False, font='Arial', fontFiles=[], height=0.085, italic=False, languageStyle='LTR', name='pilot_prawa_etykieta', opacity=1, ori=0.0, pos=array([ 0.6, -0.5]), rgb=UNKNOWN, text='', units='norm', win=Window(...), wrapWidth=1)
18.6879 	EXP 	Created pilot_stim_image = ImageStim(__class__=<class 'psychopy.visual.image.ImageStim'>, anchor=('center', 'center'), autoLog=True, color=array([1., 1., 1.]), colorSpace='rgb', contrast=1.0, depth=-8.0, draggable=False, flipHoriz=np.False_, flipVert=np.False_, image='C:/Users/julia/OneDrive/Obrazy/IMG_2397.JPEG', interpolate=True, mask=None, maskParams=None, name='pilot_stim_image', opacity=1, ori=0.0, pos=array([0., 0.]), size=array([0.75, 0.75]), texRes=128.0, units='height', win=Window(...))
18.7457 	EXP 	Created start_badania = TextStim(__class__=<class 'psychopy.visual.text.TextStim'>, alignHoriz=method-wrapper(...), alignText='center', alignVert=method-wrapper(...), anchorHoriz='center', anchorVert='center', antialias=True, autoDraw=False, autoLog=True, bold=False, color=array([-1., -1., -1.]), colorSpace='rgb', contrast=1.0, depth=-2.0, draggable=False, flipHoriz=False, flipVert=False, font='Arial', fontFiles=[], height=np.float64(0.1), italic=False, languageStyle='LTR', name='start_badania', opacity=1, ori=0.0, pos=array([0., 0.]), rgb=UNKNOWN, text=str(...), units='norm', win=Window(...), wrapWidth=1.4)
18.7557 	EXP 	Created przerwa_text = TextStim(__class__=<class 'psychopy.visual.text.TextStim'>, alignHoriz=method-wrapper(...), alignText='center', alignVert=method-wrapper(...), anchorHoriz='center', anchorVert='center', antialias=True, autoDraw=False, autoLog=True, bold=False, color=array([-1., -1., -1.]), colorSpace='rgb', contrast=1.0, depth=0.0, draggable=False, flipHoriz=False, flipVert=False, font='Arial', fontFiles=[], height=np.float64(0.1), italic=False, languageStyle='LTR', name='przerwa_text', opacity=1, ori=0.0, pos=array([0., 0.]), rgb=UNKNOWN, text=str(...), units='norm', win=Window(...), wrapWidth=1)
18.7599 	EXP 	Created label_text = TextStim(__class__=<class 'psychopy.visual.text.TextStim'>, alignHoriz=method-wrapper(...), alignText='center', alignVert=method-wrapper(...), anchorHoriz='center', anchorVert='center', antialias=True, autoDraw=False, autoLog=True, bold=False, color=array([1., 1., 1.]), colorSpace='rgb', contrast=1.0, depth=-2.0, draggable=False, flipHoriz=False, flipVert=False, font='Arial', fontFiles=[], height=0.05, italic=False, languageStyle='LTR', name='label_text', opacity=1, ori=0.0, pos=array([0., 0.]), rgb=UNKNOWN, text='', units='height', win=Window(...), wrapWidth=1.3)
18.7681 	EXP 	Created stim_image = ImageStim(__class__=<class 'psychopy.visual.image.ImageStim'>, anchor=('center', 'center'), autoLog=True, color=array([1., 1., 1.]), colorSpace='rgb', contrast=1.0, depth=-3.0, draggable=False, flipHoriz=np.False_, flipVert=np.False_, image='default.png', interpolate=True, mask=None, maskParams=None, name='stim_image', opacity=1, ori=0.0, pos=array([0., 0.]), size=array([0.75, 0.75]), texRes=128.0, units='height', win=Window(...))
18.7924 	EXP 	Created suwak_badanie = Slider(__class__=<class 'psychopy.visual.slider.Slider'>, autoDraw=False, autoLog=True, borderColor=None, color=None, colorSpace='rgb', depth=-4, fillColor=None, flip=False, font='Noto Sans', granularity=0.0, labelColor=None, labelHeight=np.float64(0.05), labelWrapWidth=None, labels=None, lineColor=None, markerColor=None, name='suwak_badanie', opacity=None, ori=0.0, pos=array([ 0. , -0.5]), readOnly=False, self=UNKNOWN, size=array([1. , 0.1]), startValue=0, style='slider', styleTweaks=[], ticks=ndarray(...), units='norm', win=Window(...))
18.7977 	EXP 	Created lewa_etykieta = TextStim(__class__=<class 'psychopy.visual.text.TextStim'>, alignHoriz=method-wrapper(...), alignText='center', alignVert=method-wrapper(...), anchorHoriz='center', anchorVert='center', antialias=True, autoDraw=False, autoLog=True, bold=False, color=array([-1., -1., -1.]), colorSpace='rgb', contrast=1.0, depth=-5.0, draggable=False, flipHoriz=False, flipVert=False, font='Arial', fontFiles=[], height=0.085, italic=False, languageStyle='LTR', name='lewa_etykieta', opacity=1, ori=0.0, pos=array([-0.65, -0.5 ]), rgb=UNKNOWN, text='', units='norm', win=Window(...), wrapWidth=1)
18.8053 	EXP 	Created prawa_etykieta = TextStim(__class__=<class 'psychopy.visual.text.TextStim'>, alignHoriz=method-wrapper(...), alignText='center', alignVert=method-wrapper(...), anchorHoriz='center', anchorVert='center', antialias=True, autoDraw=False, autoLog=True, bold=False, color=array([-1., -1., -1.]), colorSpace='rgb', contrast=1.0, depth=-6.0, draggable=False, flipHoriz=False, flipVert=False, font='Arial', fontFiles=[], height=0.085, italic=False, languageStyle='LTR', name='prawa_etykieta', opacity=1, ori=0.0, pos=array([ 0.65, -0.5 ]), rgb=UNKNOWN, text='', units='norm', win=Window(...), wrapWidth=1)
18.8119 	EXP 	Created fiksacja1 = TextStim(__class__=<class 'psychopy.visual.text.TextStim'>, alignHoriz=method-wrapper(...), alignText='center', alignVert=method-wrapper(...), anchorHoriz='center', anchorVert='center', antialias=True, autoDraw=False, autoLog=True, bold=False, color=array([-1., -1., -1.]), colorSpace='rgb', contrast=1.0, depth=-7.0, draggable=False, flipHoriz=False, flipVert=False, font='Arial', fontFiles=[], height=np.float64(0.1), italic=False, languageStyle='LTR', name='fiksacja1', opacity=1, ori=0.0, pos=array([0., 0.]), rgb=UNKNOWN, text='+', units='height', win=Window(...), wrapWidth=1)
18.8178 	EXP 	Created fiksacja2 = TextStim(__class__=<class 'psychopy.visual.text.TextStim'>, alignHoriz=method-wrapper(...), alignText='center', alignVert=method-wrapper(...), anchorHoriz='center', anchorVert='center', antialias=True, autoDraw=False, autoLog=True, bold=False, color=array([-1., -1., -1.]), colorSpace='rgb', contrast=1.0, depth=-8.0, draggable=False, flipHoriz=False, flipVert=False, font='Arial', fontFiles=[], height=np.float64(0.1), italic=False, languageStyle='LTR', name='fiksacja2', opacity=1, ori=0.0, pos=array([0., 0.]), rgb=UNKNOWN, text='+', units='height', win=Window(...), wrapWidth=1)
18.8255 	EXP 	Created pytanie = TextStim(__class__=<class 'psychopy.visual.text.TextStim'>, alignHoriz=method-wrapper(...), alignText='center', alignVert=method-wrapper(...), anchorHoriz='center', anchorVert='center', antialias=True, autoDraw=False, autoLog=True, bold=False, color=array([1., 1., 1.]), colorSpace='rgb', contrast=1.0, depth=-9.0, draggable=False, flipHoriz=False, flipVert=False, font='Arial', fontFiles=[], height=np.float64(0.1), italic=False, languageStyle='LTR', name='pytanie', opacity=1, ori=0.0, pos=array([0., 0.]), rgb=UNKNOWN, text='Jaką emocję wyrażała ta twarz?', units='norm', win=Window(...), wrapWidth=1)
18.8324 	EXP 	Created text = TextStim(__class__=<class 'psychopy.visual.text.TextStim'>, alignHoriz=method-wrapper(...), alignText='center', alignVert=method-wrapper(...), anchorHoriz='center', anchorVert='center', antialias=True, autoDraw=False, autoLog=True, bold=False, color=array([1., 1., 1.]), colorSpace='rgb', contrast=1.0, depth=0.0, draggable=False, flipHoriz=False, flipVert=False, font='Arial', fontFiles=[], height=np.float64(0.05), italic=False, languageStyle='LTR', name='text', opacity=1, ori=0.0, pos=array([0., 0.]), rgb=UNKNOWN, text='dzieki', units='height', win=Window(...), wrapWidth=1)
0.4765 	EXP 	pilot_suwak: autoLog = True
0.4765 	EXP 	pilot_suwak: styleTweaks = []
0.4765 	EXP 	pilot_suwak: styleTweaks = []
0.4765 	EXP 	pilot_suwak: styleTweaks = []
0.4765 	EXP 	pilot_suwak: styleTweaks = []
0.4765 	EXP 	pilot_suwak: contrast = 1.0
0.4765 	EXP 	pilot_suwak: markerPos = 0
0.4765 	EXP 	pilot_suwak: autoLog = True
0.4765 	EXP 	suwak_badanie: autoLog = True
0.4765 	EXP 	suwak_badanie: styleTweaks = []
0.4765 	EXP 	suwak_badanie: styleTweaks = []
0.4765 	EXP 	suwak_badanie: styleTweaks = []
0.4765 	EXP 	suwak_badanie: styleTweaks = []
0.4765 	EXP 	suwak_badanie: contrast = 1.0
0.4765 	EXP 	suwak_badanie: markerPos = 0
0.4765 	EXP 	suwak_badanie: autoLog = True
0.5042 	INFO 	Keyboard events cleared
0.5041 	EXP 	text_instr: autoDraw = True
2.3146 	EXP 	Device response: <KeyPress from None: t=2.2901971000246704, value=space, duration=None>
2.3182 	DATA 	Keypress: space
2.3221 	INFO 	Keyboard events cleared
2.3219 	EXP 	text_instr: autoDraw = False
2.3219 	EXP 	suwak_info: autoDraw = True
2.3644 	EXP 	Device response: <KeyPress from None: t=2.2901971000246704, value=space, duration=0.06997939996654168>
2.5808 	EXP 	Device response: <KeyPress from None: t=2.5653447000076994, value=space, duration=None>
2.5848 	DATA 	Keypress: space
2.5977 	INFO 	Keyboard events cleared
2.5976 	EXP 	suwak_info: autoDraw = False
2.5976 	EXP 	proba_testowa: autoDraw = True
2.6469 	EXP 	Device response: <KeyPress from None: t=2.5653447000076994, value=space, duration=0.08109230000991374>
2.8464 	EXP 	Device response: <KeyPress from None: t=2.8362312000244856, value=space, duration=None>
2.8817 	DATA 	Keypress: space
2.8855 	EXP 	proba_testowa: autoDraw = False
2.8855 	EXP 	pilot_label_text: height = np.float64(0.05)
2.8855 	EXP 	pilot_label_text: height = np.float64(0.05)
2.8855 	EXP 	pilot_label_text: height = np.float64(0.05)
2.8855 	EXP 	pilot_label_text: height = np.float64(0.05)
2.8855 	EXP 	pilot_label_text: height = np.float64(0.05)
2.8855 	EXP 	pilot_label_text: height = np.float64(0.05)
2.8855 	EXP 	pilot_label_text: text = 'Model AI wykrył w tej twarzy 80%\n'
2.8855 	EXP 	pilot_suwak: markerPos = None
2.8855 	EXP 	pilot_suwak: markerPos = 0
2.8855 	EXP 	pilot_lewa_etykieta: height = np.float64(0.085)
2.8855 	EXP 	pilot_lewa_etykieta: height = np.float64(0.085)
2.8855 	EXP 	pilot_lewa_etykieta: height = np.float64(0.085)
2.8855 	EXP 	pilot_lewa_etykieta: text = 'radość'
2.8855 	EXP 	pilot_prawa_etykieta: height = np.float64(0.085)
2.8855 	EXP 	pilot_prawa_etykieta: height = np.float64(0.085)
2.8855 	EXP 	pilot_prawa_etykieta: height = np.float64(0.085)
2.8855 	EXP 	pilot_prawa_etykieta: text = 'smutek'
2.8855 	EXP 	pilot_fiksacja1: autoDraw = True
2.9468 	EXP 	Device response: <KeyPress from None: t=2.8362312000244856, value=space, duration=0.09458410000661388>
3.3941 	EXP 	pilot_fiksacja1: autoDraw = False
3.5605 	EXP 	pilot_label_text: autoDraw = True
6.5689 	EXP 	pilot_label_text: autoDraw = False
6.7519 	EXP 	pilot_fiksacja2: autoDraw = True
7.2504 	EXP 	pilot_fiksacja2: autoDraw = False
7.4513 	EXP 	pilot_stim_image: autoDraw = True
8.3667 	EXP 	pilot_suwak: autoDraw = True
8.3667 	EXP 	pilot_pytanie: autoDraw = True
8.3667 	EXP 	pilot_lewa_etykieta: autoDraw = True
8.3667 	EXP 	pilot_prawa_etykieta: autoDraw = True
8.3746 	EXP 	pilot_stim_image: autoDraw = False
9.0298 	DATA 	Mouse: Left button down, pos=(1322,282)
9.0456 	EXP 	pilot_suwak: markerPos = np.float64(37.70833333333333)
9.0622 	EXP 	pilot_suwak: markerPos = np.float64(37.70833333333333)
9.0787 	EXP 	pilot_suwak: markerPos = np.float64(37.70833333333333)
9.0956 	EXP 	pilot_suwak: markerPos = np.float64(37.60416666666666)
9.1121 	EXP 	pilot_suwak: markerPos = np.float64(37.60416666666666)
9.1149 	DATA 	Mouse:  Left button up, pos=(1321,282)
9.1288 	EXP 	pilot_suwak: markerPos = np.float64(37.60416666666666)
9.1457 	INFO 	Keyboard events cleared
9.1456 	EXP 	pilot_label_text: autoDraw = False
9.1456 	EXP 	pilot_fiksacja1: autoDraw = False
9.1456 	EXP 	pilot_suwak: autoDraw = False
9.1456 	EXP 	pilot_fiksacja2: autoDraw = False
9.1456 	EXP 	pilot_pytanie: autoDraw = False
9.1456 	EXP 	pilot_lewa_etykieta: autoDraw = False
9.1456 	EXP 	pilot_prawa_etykieta: autoDraw = False
9.1456 	EXP 	pilot_stim_image: autoDraw = False
9.1456 	EXP 	start_badania: autoDraw = True
10.2930 	EXP 	Device response: <KeyPress from None: t=10.288315400015563, value=space, duration=None>
11.3923 	INFO 	saved data to C:\Users\julia\OneDrive\Pulpit\percepcja_psychopy\data\044641_untitled_FINAL_NEWEST_2026-04-24_19h11.22.289.psydat
11.3949 	INFO 	saved data to 'C:\\Users\\julia\\OneDrive\\Pulpit\\percepcja_psychopy\\data\\044641_untitled_FINAL_NEWEST_2026-04-24_19h11.22.289.csv'
11.8981 	WARNING 	Stopping key buffers but this could be dangerous ifother keyboards rely on the same.
