12.8955 	INFO 	Loaded monitor calibration from ['2026_03_18 20:30']
12.9644 	WARNING 	User requested fullscreen with size [1090  800], but screen is actually [1920, 1080]. Using actual size
14.4244 	INFO 	Using renderer 'Intel(R) UHD Graphics' for graphics
14.4244 	INFO 	OpenGL version supported by driver is 4..
15.6198 	EXP 	Created window1 = Window(allowGUI=False, allowStencil=False, autoLog=True, backendConf=UNKNOWN, backgroundFit=<method-wrapper '__getattribute__' of attributeSetter object at 0x00000243B817BBB0>, backgroundImage=<method-wrapper '__getattribute__' of attributeSetter object at 0x00000243B81787C0>, bitsMode=UNKNOWN, blendMode='avg', bpc=(8, 8, 8), color=array([0.6549, 0.6549, 0.6549]), colorSpace='rgb', depthBits=8, fullscr=True, gamma=None, gammaErrorPolicy='raise', infoMsg=UNKNOWN, lms=UNKNOWN, monitor=<psychopy.monitors.calibTools.Monitor object at 0x00000243B7B1C4F0>, multiSample=False, name='window1', numSamples=2, pos=[np.float64(0.0), np.float64(0.0)], screen=0, size=array([1920, 1080]), stencilBits=0, stereo=False, title='PsychoPy', units='height', useFBO=True, useRetina=False, viewOri=0.0, viewPos=None, viewScale=None, waitBlanking=True, winType='pyglet')
15.6199 	EXP 	window1: backgroundImage = ''
15.6199 	EXP 	window1: backgroundFit = 'none'
15.9479 	INFO 	keyboard.Keyboard is using ptb backend.
15.9480 	EXP 	untitled_FINAL_NEWEST: status = STARTED
16.1726 	EXP 	Created text_instr = TextStim(__class__=<class 'psychopy.visual.text.TextStim'>, alignHoriz=method-wrapper(...), alignText='center', alignVert=method-wrapper(...), anchorHoriz='center', anchorVert='center', antialias=True, autoDraw=False, autoLog=True, bold=False, color=array([-1., -1., -1.]), colorSpace='rgb', contrast=1.0, depth=-2.0, draggable=False, flipHoriz=False, flipVert=False, font='Arial', fontFiles=[], height=np.float64(0.03), italic=False, languageStyle='LTR', name='text_instr', opacity=1, ori=0.0, pos=array([0., 0.]), rgb=UNKNOWN, text=str(...), units='height', win=Window(...), wrapWidth=1.4)
16.2109 	EXP 	Created suwak_info = TextStim(__class__=<class 'psychopy.visual.text.TextStim'>, alignHoriz=method-wrapper(...), alignText='center', alignVert=method-wrapper(...), anchorHoriz='center', anchorVert='center', antialias=True, autoDraw=False, autoLog=True, bold=False, color=array([-1., -1., -1.]), colorSpace='rgb', contrast=1.0, depth=-1.0, draggable=False, flipHoriz=False, flipVert=False, font='Arial', fontFiles=[], height=np.float64(0.03), italic=False, languageStyle='LTR', name='suwak_info', opacity=1, ori=0.0, pos=array([0., 0.]), rgb=UNKNOWN, text=str(...), units='height', win=Window(...), wrapWidth=1.3)
16.2595 	EXP 	Created proba_testowa = TextStim(__class__=<class 'psychopy.visual.text.TextStim'>, alignHoriz=method-wrapper(...), alignText='center', alignVert=method-wrapper(...), anchorHoriz='center', anchorVert='center', antialias=True, autoDraw=False, autoLog=True, bold=False, color=array([-1., -1., -1.]), colorSpace='rgb', contrast=1.0, depth=-2.0, draggable=False, flipHoriz=False, flipVert=False, font='Arial', fontFiles=[], height=np.float64(0.04), italic=False, languageStyle='LTR', name='proba_testowa', opacity=1, ori=0.0, pos=array([0., 0.]), rgb=UNKNOWN, text=str(...), units='height', win=Window(...), wrapWidth=1.4)
16.2640 	EXP 	Created pilot_label_text = TextStim(__class__=<class 'psychopy.visual.text.TextStim'>, alignHoriz=method-wrapper(...), alignText='center', alignVert=method-wrapper(...), anchorHoriz='center', anchorVert='center', antialias=True, autoDraw=False, autoLog=True, bold=False, color=array([-1., -1., -1.]), colorSpace='rgb', contrast=1.0, depth=-1.0, draggable=False, flipHoriz=False, flipVert=False, font='Arial', fontFiles=[], height=0.05, italic=False, languageStyle='LTR', name='pilot_label_text', opacity=1, ori=0.0, pos=array([0., 0.]), rgb=UNKNOWN, text='', units='height', win=Window(...), wrapWidth=1.3)
16.2798 	EXP 	Created pilot_fiksacja1 = TextStim(__class__=<class 'psychopy.visual.text.TextStim'>, alignHoriz=method-wrapper(...), alignText='center', alignVert=method-wrapper(...), anchorHoriz='center', anchorVert='center', antialias=True, autoDraw=False, autoLog=True, bold=False, color=array([1., 1., 1.]), colorSpace='rgb', contrast=1.0, depth=-2.0, draggable=False, flipHoriz=False, flipVert=False, font='Arial', fontFiles=[], height=np.float64(0.1), italic=False, languageStyle='LTR', name='pilot_fiksacja1', opacity=1, ori=0.0, pos=array([0., 0.]), rgb=UNKNOWN, text='+', units='height', win=Window(...), wrapWidth=1)
16.3448 	EXP 	Created pilot_suwak = Slider(__class__=<class 'psychopy.visual.slider.Slider'>, autoDraw=False, autoLog=True, borderColor=None, color=None, colorSpace='rgb', depth=-3, fillColor=None, flip=False, font='Noto Sans', granularity=0.0, labelColor=None, labelHeight=np.float64(0.05), labelWrapWidth=None, labels=None, lineColor=None, markerColor=None, name='pilot_suwak', opacity=None, ori=0.0, pos=array([ 0. , -0.5]), readOnly=False, self=UNKNOWN, size=array([1. , 0.1]), startValue=0, style='slider', styleTweaks=[], ticks=ndarray(...), units='norm', win=Window(...))
16.3507 	EXP 	Created pilot_fiksacja2 = TextStim(__class__=<class 'psychopy.visual.text.TextStim'>, alignHoriz=method-wrapper(...), alignText='center', alignVert=method-wrapper(...), anchorHoriz='center', anchorVert='center', antialias=True, autoDraw=False, autoLog=True, bold=False, color=array([-1., -1., -1.]), colorSpace='rgb', contrast=1.0, depth=-4.0, draggable=False, flipHoriz=False, flipVert=False, font='Arial', fontFiles=[], height=np.float64(0.1), italic=False, languageStyle='LTR', name='pilot_fiksacja2', opacity=1, ori=0.0, pos=array([0., 0.]), rgb=UNKNOWN, text='+', units='height', win=Window(...), wrapWidth=1)
16.3796 	EXP 	Created pilot_pytanie = TextStim(__class__=<class 'psychopy.visual.text.TextStim'>, alignHoriz=method-wrapper(...), alignText='center', alignVert=method-wrapper(...), anchorHoriz='center', anchorVert='center', antialias=True, autoDraw=False, autoLog=True, bold=False, color=array([1., 1., 1.]), colorSpace='rgb', contrast=1.0, depth=-5.0, draggable=False, flipHoriz=False, flipVert=False, font='Arial', fontFiles=[], height=np.float64(0.1), italic=False, languageStyle='LTR', name='pilot_pytanie', opacity=1, ori=0.0, pos=array([0., 0.]), rgb=UNKNOWN, text='Jaką emocję wyrażała ta twarz?', units='norm', win=Window(...), wrapWidth=1)
16.3857 	EXP 	Created pilot_lewa_etykieta = TextStim(__class__=<class 'psychopy.visual.text.TextStim'>, alignHoriz=method-wrapper(...), alignText='center', alignVert=method-wrapper(...), anchorHoriz='center', anchorVert='center', antialias=True, autoDraw=False, autoLog=True, bold=False, color=array([-1., -1., -1.]), colorSpace='rgb', contrast=1.0, depth=-6.0, draggable=False, flipHoriz=False, flipVert=False, font='Arial', fontFiles=[], height=0.085, italic=False, languageStyle='LTR', name='pilot_lewa_etykieta', opacity=1, ori=0.0, pos=array([-0.6, -0.5]), rgb=UNKNOWN, text='', units='norm', win=Window(...), wrapWidth=1)
16.3891 	EXP 	Created pilot_prawa_etykieta = TextStim(__class__=<class 'psychopy.visual.text.TextStim'>, alignHoriz=method-wrapper(...), alignText='center', alignVert=method-wrapper(...), anchorHoriz='center', anchorVert='center', antialias=True, autoDraw=False, autoLog=True, bold=False, color=array([-1., -1., -1.]), colorSpace='rgb', contrast=1.0, depth=-7.0, draggable=False, flipHoriz=False, flipVert=False, font='Arial', fontFiles=[], height=0.085, italic=False, languageStyle='LTR', name='pilot_prawa_etykieta', opacity=1, ori=0.0, pos=array([ 0.6, -0.5]), rgb=UNKNOWN, text='', units='norm', win=Window(...), wrapWidth=1)
16.5601 	EXP 	Created pilot_stim_image = ImageStim(__class__=<class 'psychopy.visual.image.ImageStim'>, anchor=('center', 'center'), autoLog=True, color=array([1., 1., 1.]), colorSpace='rgb', contrast=1.0, depth=-8.0, draggable=False, flipHoriz=np.False_, flipVert=np.False_, image='C:/Users/julia/OneDrive/Obrazy/IMG_2397.JPEG', interpolate=True, mask=None, maskParams=None, name='pilot_stim_image', opacity=1, ori=0.0, pos=array([0., 0.]), size=array([0.75, 0.75]), texRes=128.0, units='height', win=Window(...))
16.6179 	EXP 	Created start_badania = TextStim(__class__=<class 'psychopy.visual.text.TextStim'>, alignHoriz=method-wrapper(...), alignText='center', alignVert=method-wrapper(...), anchorHoriz='center', anchorVert='center', antialias=True, autoDraw=False, autoLog=True, bold=False, color=array([-1., -1., -1.]), colorSpace='rgb', contrast=1.0, depth=-2.0, draggable=False, flipHoriz=False, flipVert=False, font='Arial', fontFiles=[], height=np.float64(0.1), italic=False, languageStyle='LTR', name='start_badania', opacity=1, ori=0.0, pos=array([0., 0.]), rgb=UNKNOWN, text=str(...), units='norm', win=Window(...), wrapWidth=1.4)
16.6306 	EXP 	Created przerwa_text = TextStim(__class__=<class 'psychopy.visual.text.TextStim'>, alignHoriz=method-wrapper(...), alignText='center', alignVert=method-wrapper(...), anchorHoriz='center', anchorVert='center', antialias=True, autoDraw=False, autoLog=True, bold=False, color=array([-1., -1., -1.]), colorSpace='rgb', contrast=1.0, depth=0.0, draggable=False, flipHoriz=False, flipVert=False, font='Arial', fontFiles=[], height=np.float64(0.1), italic=False, languageStyle='LTR', name='przerwa_text', opacity=1, ori=0.0, pos=array([0., 0.]), rgb=UNKNOWN, text=str(...), units='norm', win=Window(...), wrapWidth=1)
16.6342 	EXP 	Created label_text = TextStim(__class__=<class 'psychopy.visual.text.TextStim'>, alignHoriz=method-wrapper(...), alignText='center', alignVert=method-wrapper(...), anchorHoriz='center', anchorVert='center', antialias=True, autoDraw=False, autoLog=True, bold=False, color=array([1., 1., 1.]), colorSpace='rgb', contrast=1.0, depth=-2.0, draggable=False, flipHoriz=False, flipVert=False, font='Arial', fontFiles=[], height=0.05, italic=False, languageStyle='LTR', name='label_text', opacity=1, ori=0.0, pos=array([0., 0.]), rgb=UNKNOWN, text='', units='height', win=Window(...), wrapWidth=1.3)
16.6430 	EXP 	Created stim_image = ImageStim(__class__=<class 'psychopy.visual.image.ImageStim'>, anchor=('center', 'center'), autoLog=True, color=array([1., 1., 1.]), colorSpace='rgb', contrast=1.0, depth=-3.0, draggable=False, flipHoriz=np.False_, flipVert=np.False_, image='default.png', interpolate=True, mask=None, maskParams=None, name='stim_image', opacity=1, ori=0.0, pos=array([0., 0.]), size=array([0.75, 0.75]), texRes=128.0, units='height', win=Window(...))
16.6692 	EXP 	Created suwak_badanie = Slider(__class__=<class 'psychopy.visual.slider.Slider'>, autoDraw=False, autoLog=True, borderColor=None, color=None, colorSpace='rgb', depth=-4, fillColor=None, flip=False, font='Noto Sans', granularity=0.0, labelColor=None, labelHeight=np.float64(0.05), labelWrapWidth=None, labels=None, lineColor=None, markerColor=None, name='suwak_badanie', opacity=None, ori=0.0, pos=array([ 0. , -0.5]), readOnly=False, self=UNKNOWN, size=array([1. , 0.1]), startValue=0, style='slider', styleTweaks=[], ticks=ndarray(...), units='norm', win=Window(...))
16.6730 	EXP 	Created lewa_etykieta = TextStim(__class__=<class 'psychopy.visual.text.TextStim'>, alignHoriz=method-wrapper(...), alignText='center', alignVert=method-wrapper(...), anchorHoriz='center', anchorVert='center', antialias=True, autoDraw=False, autoLog=True, bold=False, color=array([-1., -1., -1.]), colorSpace='rgb', contrast=1.0, depth=-5.0, draggable=False, flipHoriz=False, flipVert=False, font='Arial', fontFiles=[], height=0.085, italic=False, languageStyle='LTR', name='lewa_etykieta', opacity=1, ori=0.0, pos=array([-0.65, -0.5 ]), rgb=UNKNOWN, text='', units='norm', win=Window(...), wrapWidth=1)
16.6787 	EXP 	Created prawa_etykieta = TextStim(__class__=<class 'psychopy.visual.text.TextStim'>, alignHoriz=method-wrapper(...), alignText='center', alignVert=method-wrapper(...), anchorHoriz='center', anchorVert='center', antialias=True, autoDraw=False, autoLog=True, bold=False, color=array([-1., -1., -1.]), colorSpace='rgb', contrast=1.0, depth=-6.0, draggable=False, flipHoriz=False, flipVert=False, font='Arial', fontFiles=[], height=0.085, italic=False, languageStyle='LTR', name='prawa_etykieta', opacity=1, ori=0.0, pos=array([ 0.65, -0.5 ]), rgb=UNKNOWN, text='', units='norm', win=Window(...), wrapWidth=1)
16.6873 	EXP 	Created fiksacja1 = TextStim(__class__=<class 'psychopy.visual.text.TextStim'>, alignHoriz=method-wrapper(...), alignText='center', alignVert=method-wrapper(...), anchorHoriz='center', anchorVert='center', antialias=True, autoDraw=False, autoLog=True, bold=False, color=array([-1., -1., -1.]), colorSpace='rgb', contrast=1.0, depth=-7.0, draggable=False, flipHoriz=False, flipVert=False, font='Arial', fontFiles=[], height=np.float64(0.1), italic=False, languageStyle='LTR', name='fiksacja1', opacity=1, ori=0.0, pos=array([0., 0.]), rgb=UNKNOWN, text='+', units='height', win=Window(...), wrapWidth=1)
16.6949 	EXP 	Created fiksacja2 = TextStim(__class__=<class 'psychopy.visual.text.TextStim'>, alignHoriz=method-wrapper(...), alignText='center', alignVert=method-wrapper(...), anchorHoriz='center', anchorVert='center', antialias=True, autoDraw=False, autoLog=True, bold=False, color=array([-1., -1., -1.]), colorSpace='rgb', contrast=1.0, depth=-8.0, draggable=False, flipHoriz=False, flipVert=False, font='Arial', fontFiles=[], height=np.float64(0.1), italic=False, languageStyle='LTR', name='fiksacja2', opacity=1, ori=0.0, pos=array([0., 0.]), rgb=UNKNOWN, text='+', units='height', win=Window(...), wrapWidth=1)
16.7020 	EXP 	Created pytanie = TextStim(__class__=<class 'psychopy.visual.text.TextStim'>, alignHoriz=method-wrapper(...), alignText='center', alignVert=method-wrapper(...), anchorHoriz='center', anchorVert='center', antialias=True, autoDraw=False, autoLog=True, bold=False, color=array([1., 1., 1.]), colorSpace='rgb', contrast=1.0, depth=-9.0, draggable=False, flipHoriz=False, flipVert=False, font='Arial', fontFiles=[], height=np.float64(0.1), italic=False, languageStyle='LTR', name='pytanie', opacity=1, ori=0.0, pos=array([0., 0.]), rgb=UNKNOWN, text='Jaką emocję wyrażała ta twarz?', units='norm', win=Window(...), wrapWidth=1)
16.7112 	EXP 	Created text = TextStim(__class__=<class 'psychopy.visual.text.TextStim'>, alignHoriz=method-wrapper(...), alignText='center', alignVert=method-wrapper(...), anchorHoriz='center', anchorVert='center', antialias=True, autoDraw=False, autoLog=True, bold=False, color=array([1., 1., 1.]), colorSpace='rgb', contrast=1.0, depth=0.0, draggable=False, flipHoriz=False, flipVert=False, font='Arial', fontFiles=[], height=np.float64(0.05), italic=False, languageStyle='LTR', name='text', opacity=1, ori=0.0, pos=array([0., 0.]), rgb=UNKNOWN, text='dzieki', units='height', win=Window(...), wrapWidth=1)
0.3200 	EXP 	pilot_suwak: autoLog = True
0.3200 	EXP 	pilot_suwak: styleTweaks = []
0.3200 	EXP 	pilot_suwak: styleTweaks = []
0.3200 	EXP 	pilot_suwak: styleTweaks = []
0.3200 	EXP 	pilot_suwak: styleTweaks = []
0.3200 	EXP 	pilot_suwak: contrast = 1.0
0.3200 	EXP 	pilot_suwak: markerPos = 0
0.3200 	EXP 	pilot_suwak: autoLog = True
0.3200 	EXP 	suwak_badanie: autoLog = True
0.3200 	EXP 	suwak_badanie: styleTweaks = []
0.3200 	EXP 	suwak_badanie: styleTweaks = []
0.3200 	EXP 	suwak_badanie: styleTweaks = []
0.3200 	EXP 	suwak_badanie: styleTweaks = []
0.3200 	EXP 	suwak_badanie: contrast = 1.0
0.3200 	EXP 	suwak_badanie: markerPos = 0
0.3200 	EXP 	suwak_badanie: autoLog = True
0.3452 	INFO 	Keyboard events cleared
0.3451 	EXP 	text_instr: autoDraw = True
1.8698 	EXP 	Device response: <KeyPress from None: t=1.853867900033947, value=space, duration=None>
1.8733 	DATA 	Keypress: space
1.8774 	INFO 	Keyboard events cleared
1.8772 	EXP 	text_instr: autoDraw = False
1.8772 	EXP 	suwak_info: autoDraw = True
1.9273 	EXP 	Device response: <KeyPress from None: t=1.853867900033947, value=space, duration=0.05987349996576086>
2.1109 	EXP 	Device response: <KeyPress from None: t=2.104056300013326, value=space, duration=None>
2.1142 	DATA 	Keypress: space
2.1271 	INFO 	Keyboard events cleared
2.1269 	EXP 	suwak_info: autoDraw = False
2.1269 	EXP 	proba_testowa: autoDraw = True
2.1604 	EXP 	Device response: <KeyPress from None: t=2.104056300013326, value=space, duration=0.04997110000113025>
2.3103 	EXP 	Device response: <KeyPress from None: t=2.300495800038334, value=space, duration=None>
2.3425 	DATA 	Keypress: space
2.3453 	EXP 	proba_testowa: autoDraw = False
2.3453 	EXP 	pilot_label_text: height = np.float64(0.05)
2.3453 	EXP 	pilot_label_text: height = np.float64(0.05)
2.3453 	EXP 	pilot_label_text: height = np.float64(0.05)
2.3453 	EXP 	pilot_label_text: height = np.float64(0.05)
2.3453 	EXP 	pilot_label_text: height = np.float64(0.05)
2.3453 	EXP 	pilot_label_text: height = np.float64(0.05)
2.3453 	EXP 	pilot_label_text: text = 'Model AI wykrył w tej twarzy 80%\n'
2.3453 	EXP 	pilot_suwak: markerPos = None
2.3453 	EXP 	pilot_suwak: markerPos = 0
2.3453 	EXP 	pilot_lewa_etykieta: height = np.float64(0.085)
2.3453 	EXP 	pilot_lewa_etykieta: height = np.float64(0.085)
2.3453 	EXP 	pilot_lewa_etykieta: height = np.float64(0.085)
2.3453 	EXP 	pilot_lewa_etykieta: text = 'radość'
2.3453 	EXP 	pilot_prawa_etykieta: height = np.float64(0.085)
2.3453 	EXP 	pilot_prawa_etykieta: height = np.float64(0.085)
2.3453 	EXP 	pilot_prawa_etykieta: height = np.float64(0.085)
2.3453 	EXP 	pilot_prawa_etykieta: text = 'smutek'
2.3453 	EXP 	pilot_fiksacja1: autoDraw = True
2.3758 	EXP 	Device response: <KeyPress from None: t=2.300495800038334, value=space, duration=0.07391479995567352>
2.8576 	EXP 	pilot_fiksacja1: autoDraw = False
3.0236 	EXP 	pilot_label_text: autoDraw = True
6.0323 	EXP 	pilot_label_text: autoDraw = False
6.2152 	EXP 	pilot_fiksacja2: autoDraw = True
6.7300 	EXP 	pilot_fiksacja2: autoDraw = False
6.9148 	EXP 	pilot_stim_image: autoDraw = True
7.8123 	EXP 	pilot_suwak: autoDraw = True
7.8123 	EXP 	pilot_pytanie: autoDraw = True
7.8123 	EXP 	pilot_lewa_etykieta: autoDraw = True
7.8123 	EXP 	pilot_prawa_etykieta: autoDraw = True
7.8276 	EXP 	pilot_stim_image: autoDraw = False
8.3938 	DATA 	Mouse: Left button down, pos=(1362,276)
8.4091 	EXP 	pilot_suwak: markerPos = np.float64(41.875)
8.4258 	EXP 	pilot_suwak: markerPos = np.float64(41.875)
8.4423 	EXP 	pilot_suwak: markerPos = np.float64(41.77083333333333)
8.4590 	EXP 	pilot_suwak: markerPos = np.float64(41.77083333333333)
8.4756 	EXP 	pilot_suwak: markerPos = np.float64(41.77083333333333)
8.4773 	DATA 	Mouse:  Left button up, pos=(1361,276)
8.4918 	EXP 	pilot_suwak: markerPos = np.float64(41.77083333333333)
8.5088 	INFO 	Keyboard events cleared
8.5087 	EXP 	pilot_label_text: autoDraw = False
8.5087 	EXP 	pilot_fiksacja1: autoDraw = False
8.5087 	EXP 	pilot_suwak: autoDraw = False
8.5087 	EXP 	pilot_fiksacja2: autoDraw = False
8.5087 	EXP 	pilot_pytanie: autoDraw = False
8.5087 	EXP 	pilot_lewa_etykieta: autoDraw = False
8.5087 	EXP 	pilot_prawa_etykieta: autoDraw = False
8.5087 	EXP 	pilot_stim_image: autoDraw = False
8.5087 	EXP 	start_badania: autoDraw = True
9.3408 	EXP 	Device response: <KeyPress from None: t=9.327740700042341, value=space, duration=None>
9.3788 	EXP 	Imported conditions.xlsx as conditions, 32 conditions, 9 params
9.3805 	EXP 	New trial (rep=0, index=0): <Trial 0 (0 in rep 0) data={'image_path': 'C:\\Users\\julia\\OneDrive\\Pulpit\\percepcja_psychopy\\photos\\Twarze 50,50\\SZ 50,50\\1K SZ 5050.png', 'etykieta': 'Model sztucznej inteligencji wykrył w tej twarzy 72% strachu .', 'left_label': 'strach', 'right_label': 'złość', 'show_label': 1, 'proporcja_zdjecia': '50/50', 'typ_etykiety': 'Procentowa AI', 'warunek': 'n/d', 'kierunek': 'Sugestia Lewo strach', 'thisN': 0, 'thisTrialN': 0, 'thisRepN': 0}>
9.4911 	EXP 	Device response: <KeyPress from None: t=9.327740700042341, value=space, duration=0.04402839997783303>
9.4935 	DATA 	Keypress: space
9.4972 	EXP 	start_badania: autoDraw = False
9.4972 	EXP 	przerwa_text: autoDraw = False
9.4972 	EXP 	label_text: height = np.float64(0.05)
9.4972 	EXP 	label_text: height = np.float64(0.05)
9.4972 	EXP 	label_text: height = np.float64(0.05)
9.4972 	EXP 	label_text: height = np.float64(0.05)
9.4972 	EXP 	label_text: height = np.float64(0.05)
9.4972 	EXP 	label_text: height = np.float64(0.05)
9.4972 	EXP 	label_text: text = 'Model sztucznej inteligencji wykrył w tej twarzy 72% strachu .'
9.4972 	EXP 	stim_image: image = 'C:\\Users\\julia\\OneDrive\\Pulpit\\percepcja_psychopy\\photos\\Twarze 50,50\\SZ 50,50\\1K SZ 5050.png'
9.4972 	EXP 	suwak_badanie: markerPos = None
9.4972 	EXP 	suwak_badanie: markerPos = 0
9.4972 	EXP 	lewa_etykieta: height = np.float64(0.085)
9.4972 	EXP 	lewa_etykieta: height = np.float64(0.085)
9.4972 	EXP 	lewa_etykieta: height = np.float64(0.085)
9.4972 	EXP 	lewa_etykieta: text = 'strach'
9.4972 	EXP 	prawa_etykieta: height = np.float64(0.085)
9.4972 	EXP 	prawa_etykieta: height = np.float64(0.085)
9.4972 	EXP 	prawa_etykieta: height = np.float64(0.085)
9.4972 	EXP 	prawa_etykieta: text = 'złość'
9.4972 	EXP 	fiksacja1: autoDraw = True
10.0048 	EXP 	fiksacja1: autoDraw = False
10.0882 	EXP 	label_text: autoDraw = True
12.7971 	EXP 	label_text: autoDraw = False
12.9797 	EXP 	fiksacja2: autoDraw = True
13.4786 	EXP 	fiksacja2: autoDraw = False
13.6959 	EXP 	stim_image: autoDraw = True
14.8915 	EXP 	suwak_badanie: autoDraw = True
14.8915 	EXP 	lewa_etykieta: autoDraw = True
14.8915 	EXP 	prawa_etykieta: autoDraw = True
14.8915 	EXP 	pytanie: autoDraw = True
14.9081 	EXP 	stim_image: autoDraw = False
15.8726 	DATA 	Mouse: Left button down, pos=(1321,265)
15.8884 	EXP 	suwak_badanie: markerPos = np.float64(37.60416666666666)
15.9051 	EXP 	suwak_badanie: markerPos = np.float64(37.60416666666666)
15.9214 	EXP 	suwak_badanie: markerPos = np.float64(37.60416666666666)
15.9271 	DATA 	Mouse:  Left button up, pos=(1321,265)
15.9384 	EXP 	suwak_badanie: markerPos = np.float64(37.60416666666666)
15.9550 	EXP 	suwak_badanie: markerPos = np.float64(37.60416666666666)
15.9560 	EXP 	New trial (rep=0, index=1): <Trial 1 (1 in rep 0) data={'image_path': 'C:\\Users\\julia\\OneDrive\\Pulpit\\percepcja_psychopy\\photos\\Twarze 80,20\\OZ 80,20\\1K OZ 8020.png', 'etykieta': 'Poprzedni badani wykryli w tej twarzy oczekiwanie.', 'left_label': 'zaskoczenie', 'right_label': 'oczekiwanie', 'show_label': 1, 'proporcja_zdjecia': '80/20 oczekiwanie', 'typ_etykiety': 'Kategorialna Ludzie', 'warunek': 'Zgodny', 'kierunek': 'Dominacja Prawo oczekiwanie', 'thisN': 1, 'thisTrialN': 1, 'thisRepN': 0}>
16.0208 	EXP 	label_text: autoDraw = False
16.0208 	EXP 	stim_image: autoDraw = False
16.0208 	EXP 	suwak_badanie: autoDraw = False
16.0208 	EXP 	lewa_etykieta: autoDraw = False
16.0208 	EXP 	prawa_etykieta: autoDraw = False
16.0208 	EXP 	fiksacja1: autoDraw = False
16.0208 	EXP 	fiksacja2: autoDraw = False
16.0208 	EXP 	pytanie: autoDraw = False
16.0208 	EXP 	przerwa_text: autoDraw = False
16.0208 	EXP 	label_text: height = np.float64(0.05)
16.0208 	EXP 	label_text: height = np.float64(0.05)
16.0208 	EXP 	label_text: height = np.float64(0.05)
16.0208 	EXP 	label_text: height = np.float64(0.05)
16.0208 	EXP 	label_text: height = np.float64(0.05)
16.0208 	EXP 	label_text: height = np.float64(0.05)
16.0208 	EXP 	label_text: text = 'Poprzedni badani wykryli w tej twarzy oczekiwanie.'
16.0208 	EXP 	stim_image: image = 'C:\\Users\\julia\\OneDrive\\Pulpit\\percepcja_psychopy\\photos\\Twarze 80,20\\OZ 80,20\\1K OZ 8020.png'
16.0208 	EXP 	suwak_badanie: markerPos = None
16.0208 	EXP 	suwak_badanie: markerPos = 0
16.0208 	EXP 	lewa_etykieta: height = np.float64(0.085)
16.0208 	EXP 	lewa_etykieta: height = np.float64(0.085)
16.0208 	EXP 	lewa_etykieta: height = np.float64(0.085)
16.0208 	EXP 	lewa_etykieta: text = 'zaskoczenie'
16.0208 	EXP 	prawa_etykieta: height = np.float64(0.085)
16.0208 	EXP 	prawa_etykieta: height = np.float64(0.085)
16.0208 	EXP 	prawa_etykieta: height = np.float64(0.085)
16.0208 	EXP 	prawa_etykieta: text = 'oczekiwanie'
16.0208 	EXP 	fiksacja1: autoDraw = True
16.5201 	EXP 	fiksacja1: autoDraw = False
16.6697 	EXP 	label_text: autoDraw = True
19.3794 	EXP 	label_text: autoDraw = False
19.5617 	EXP 	fiksacja2: autoDraw = True
20.0611 	EXP 	fiksacja2: autoDraw = False
20.2612 	EXP 	stim_image: autoDraw = True
21.4569 	EXP 	suwak_badanie: autoDraw = True
21.4569 	EXP 	lewa_etykieta: autoDraw = True
21.4569 	EXP 	prawa_etykieta: autoDraw = True
21.4569 	EXP 	pytanie: autoDraw = True
21.4736 	EXP 	stim_image: autoDraw = False
22.1562 	DATA 	Mouse: Left button down, pos=(1333,259)
22.1717 	EXP 	suwak_badanie: markerPos = np.float64(38.85416666666667)
22.1880 	EXP 	suwak_badanie: markerPos = np.float64(38.85416666666667)
22.2047 	EXP 	suwak_badanie: markerPos = np.float64(38.85416666666667)
22.2217 	EXP 	suwak_badanie: markerPos = np.float64(38.85416666666667)
22.2378 	EXP 	suwak_badanie: markerPos = np.float64(38.85416666666667)
22.2388 	DATA 	Mouse:  Left button up, pos=(1333,259)
22.2547 	EXP 	suwak_badanie: markerPos = np.float64(38.85416666666667)
22.2557 	EXP 	New trial (rep=0, index=2): <Trial 2 (2 in rep 0) data={'image_path': 'C:\\Users\\julia\\OneDrive\\Pulpit\\percepcja_psychopy\\photos\\Twarze 50,50\\RS 50,50\\1K RS 5050.png', 'etykieta': 'test', 'left_label': 'radość', 'right_label': 'smutek', 'show_label': 0, 'proporcja_zdjecia': '50/50', 'typ_etykiety': 'Kontrolna', 'warunek': 'kontrolny', 'kierunek': 'Brak', 'thisN': 2, 'thisTrialN': 2, 'thisRepN': 0}>
22.3116 	EXP 	label_text: autoDraw = False
22.3116 	EXP 	stim_image: autoDraw = False
22.3116 	EXP 	suwak_badanie: autoDraw = False
22.3116 	EXP 	lewa_etykieta: autoDraw = False
22.3116 	EXP 	prawa_etykieta: autoDraw = False
22.3116 	EXP 	fiksacja1: autoDraw = False
22.3116 	EXP 	fiksacja2: autoDraw = False
22.3116 	EXP 	pytanie: autoDraw = False
22.3116 	EXP 	przerwa_text: autoDraw = False
22.3116 	EXP 	label_text: height = np.float64(0.05)
22.3116 	EXP 	label_text: height = np.float64(0.05)
22.3116 	EXP 	label_text: height = np.float64(0.05)
22.3116 	EXP 	label_text: height = np.float64(0.05)
22.3116 	EXP 	label_text: height = np.float64(0.05)
22.3116 	EXP 	label_text: height = np.float64(0.05)
22.3116 	EXP 	label_text: text = 'test'
22.3116 	EXP 	stim_image: image = 'C:\\Users\\julia\\OneDrive\\Pulpit\\percepcja_psychopy\\photos\\Twarze 50,50\\RS 50,50\\1K RS 5050.png'
22.3116 	EXP 	suwak_badanie: markerPos = None
22.3116 	EXP 	suwak_badanie: markerPos = 0
22.3116 	EXP 	lewa_etykieta: height = np.float64(0.085)
22.3116 	EXP 	lewa_etykieta: height = np.float64(0.085)
22.3116 	EXP 	lewa_etykieta: height = np.float64(0.085)
22.3116 	EXP 	lewa_etykieta: text = 'radość'
22.3116 	EXP 	prawa_etykieta: height = np.float64(0.085)
22.3116 	EXP 	prawa_etykieta: height = np.float64(0.085)
22.3116 	EXP 	prawa_etykieta: height = np.float64(0.085)
22.3116 	EXP 	prawa_etykieta: text = 'smutek'
22.3116 	EXP 	fiksacja1: autoDraw = True
22.8200 	EXP 	fiksacja1: autoDraw = False
22.9692 	EXP 	label_text: autoDraw = True
25.6787 	EXP 	label_text: autoDraw = False
25.8612 	EXP 	fiksacja2: autoDraw = True
26.3764 	EXP 	fiksacja2: autoDraw = False
26.5606 	EXP 	stim_image: autoDraw = True
27.7568 	EXP 	suwak_badanie: autoDraw = True
27.7568 	EXP 	lewa_etykieta: autoDraw = True
27.7568 	EXP 	prawa_etykieta: autoDraw = True
27.7568 	EXP 	pytanie: autoDraw = True
27.7731 	EXP 	stim_image: autoDraw = False
30.5323 	EXP 	Device response: <KeyPress from None: t=30.52565389999654, value=escape, duration=None>
30.5326 	DATA 	Keypress: escape
30.6821 	EXP 	Device response: <KeyPress from None: t=30.52565389999654, value=escape, duration=0.13944930001161993>
30.6822 	EXP 	untitled_FINAL_NEWEST: status = STOPPED
30.6983 	EXP 	suwak_badanie: autoDraw = False
30.6983 	EXP 	lewa_etykieta: autoDraw = False
30.6983 	EXP 	prawa_etykieta: autoDraw = False
30.6983 	EXP 	pytanie: autoDraw = False
30.6985 	EXP 	untitled_FINAL_NEWEST: status = STOPPED
30.7049 	INFO 	saved data to 'C:\\Users\\julia\\OneDrive\\Pulpit\\percepcja_psychopy\\data\\051140_untitled_FINAL_NEWEST_2026-04-24_19h12.12.501.csv'
30.7069 	INFO 	saved data to C:\Users\julia\OneDrive\Pulpit\percepcja_psychopy\data\051140_untitled_FINAL_NEWEST_2026-04-24_19h12.12.501.psydat
32.2655 	WARNING 	Stopping key buffers but this could be dangerous ifother keyboards rely on the same.
