9.0828 	INFO 	Loaded monitor calibration from ['2026_03_18 20:30']
9.4947 	INFO 	Using renderer 'Intel(R) UHD Graphics' for graphics
9.4947 	INFO 	OpenGL version supported by driver is 4..
10.5251 	EXP 	Created window1 = Window(allowGUI=True, allowStencil=False, autoLog=True, backendConf=UNKNOWN, backgroundFit=<method-wrapper '__getattribute__' of attributeSetter object at 0x0000021CD9DE62F0>, backgroundImage=<method-wrapper '__getattribute__' of attributeSetter object at 0x0000021CD9DE6290>, bitsMode=UNKNOWN, blendMode='avg', bpc=(8, 8, 8), color=array([0, 0, 0]), colorSpace='rgb', depthBits=8, fullscr=False, gamma=None, gammaErrorPolicy='raise', infoMsg=UNKNOWN, lms=UNKNOWN, monitor=<psychopy.monitors.calibTools.Monitor object at 0x0000021CD2B4F7F0>, multiSample=False, name='window1', numSamples=2, pos=[np.float64(415.0), np.float64(140.0)], screen=0, size=array([1090,  800]), stencilBits=0, stereo=False, title='PsychoPy', units='height', useFBO=True, useRetina=False, viewOri=0.0, viewPos=None, viewScale=None, waitBlanking=True, winType='pyglet')
10.5252 	EXP 	window1: backgroundImage = ''
10.5252 	EXP 	window1: backgroundFit = 'none'
11.0225 	EXP 	window1: Attempting to measure frame rate of screen (0) ...
11.0225 	EXP 	window1: recordFrameIntervals = False
11.2186 	EXP 	window1: recordFrameIntervals = True
12.8815 	EXP 	window1: recordFrameIntervals = False
12.8815 	EXP 	Screen (0) actual frame rate measured at 60.34Hz
13.0380 	INFO 	keyboard.Keyboard is using ptb backend.
13.0381 	EXP 	untitled: status = STARTED
13.0724 	EXP 	Created label_text = TextStim(__class__=<class 'psychopy.visual.text.TextStim'>, alignHoriz=method-wrapper(...), alignText='center', alignVert=method-wrapper(...), anchorHoriz='center', anchorVert='center', antialias=True, autoDraw=False, autoLog=True, bold=False, color=array([1., 1., 1.]), colorSpace='rgb', contrast=1.0, depth=-1.0, draggable=False, flipHoriz=False, flipVert=False, font='Arial', fontFiles=[], height=0.05, italic=False, languageStyle='LTR', name='label_text', opacity=1, ori=0.0, pos=array([0., 0.]), rgb=UNKNOWN, text='', units='height', win=Window(...), wrapWidth=1)
13.1189 	EXP 	Created stim_image = ImageStim(__class__=<class 'psychopy.visual.image.ImageStim'>, anchor=('center', 'center'), autoLog=True, color=array([1., 1., 1.]), colorSpace='rgb', contrast=1.0, depth=-2.0, draggable=False, flipHoriz=np.False_, flipVert=np.False_, image='default.png', interpolate=True, mask=None, maskParams=None, name='stim_image', opacity=1, ori=0.0, pos=array([0., 0.]), size=array([0.5, 0.5]), texRes=128.0, units='height', win=Window(...))
13.5694 	EXP 	Created emotion_rating = Slider(__class__=<class 'psychopy.visual.slider.Slider'>, autoDraw=False, autoLog=True, borderColor=None, color=None, colorSpace='rgb', depth=-3, fillColor=None, flip=False, font='Noto Sans', granularity=0.0, labelColor=None, labelHeight=np.float64(0.05), labelWrapWidth=None, labels=('smutek', 'radość'), lineColor=None, markerColor=None, name='emotion_rating', opacity=None, ori=0.0, pos=array([0., 0.]), readOnly=False, self=UNKNOWN, size=array([0.5, 0.1]), startValue=None, style='slider', styleTweaks=[], ticks=array([1, 2, 3, 4, 5]), units='norm', win=Window(...))
0.0126 	EXP 	emotion_rating: autoLog = True
0.0126 	EXP 	emotion_rating: styleTweaks = []
0.0126 	EXP 	emotion_rating: styleTweaks = []
0.0126 	EXP 	emotion_rating: styleTweaks = []
0.0126 	EXP 	emotion_rating: styleTweaks = []
0.0126 	EXP 	emotion_rating: contrast = 1.0
0.0126 	EXP 	emotion_rating: markerPos = None
0.0126 	EXP 	emotion_rating: autoLog = True
0.0260 	EXP 	Imported C:/Users/julia/OneDrive/Pulpit/percepcja_psychopy/conditions.xlsx as conditions, 12 conditions, 3 params
0.0265 	EXP 	New trial (rep=0, index=0): <Trial 0 (0 in rep 0) data={'image_path': 'C:\\Users\\julia\\OneDrive\\Pulpit\\percepcja_psychopy\\photos\\360_F_268212419_ZBJvlgVezhjziaP9aynnMGMLOvjUgNG5.jpg', 'label': 'Ten piesek jest smutny', 'show_label': 1, 'thisN': 0, 'thisTrialN': 0, 'thisRepN': 0}>
0.1414 	EXP 	label_text: height = np.float64(0.05)
0.1414 	EXP 	label_text: height = np.float64(0.05)
0.1414 	EXP 	label_text: height = np.float64(0.05)
0.1414 	EXP 	label_text: text = 'Ten piesek jest smutny'
0.1414 	EXP 	stim_image: image = 'C:\\Users\\julia\\OneDrive\\Pulpit\\percepcja_psychopy\\photos\\360_F_268212419_ZBJvlgVezhjziaP9aynnMGMLOvjUgNG5.jpg'
0.1414 	EXP 	emotion_rating: markerPos = None
0.1414 	EXP 	emotion_rating: markerPos = None
0.1414 	EXP 	label_text: autoDraw = True
1.0159 	EXP 	stim_image: autoDraw = True
1.1563 	EXP 	label_text: autoDraw = False
2.0038 	EXP 	emotion_rating: autoDraw = True
2.0199 	EXP 	stim_image: autoDraw = False
3.1736 	DATA 	Mouse: Left button down, pos=(570,400)
3.2005 	EXP 	emotion_rating: markerPos = np.float64(3.36697247706422)
3.2166 	EXP 	emotion_rating: markerPos = np.float64(3.36697247706422)
3.2340 	EXP 	emotion_rating: markerPos = np.float64(3.36697247706422)
3.2496 	EXP 	emotion_rating: markerPos = np.float64(3.4110091743119266)
3.2671 	EXP 	emotion_rating: markerPos = np.float64(3.4403669724770642)
3.2835 	EXP 	emotion_rating: markerPos = np.float64(3.5137614678899083)
3.3000 	EXP 	emotion_rating: markerPos = np.float64(3.5871559633027523)
3.3162 	EXP 	emotion_rating: markerPos = np.float64(3.675229357798165)
3.3333 	EXP 	emotion_rating: markerPos = np.float64(3.748623853211009)
3.3493 	EXP 	emotion_rating: markerPos = np.float64(3.836697247706422)
3.3672 	EXP 	emotion_rating: markerPos = np.float64(3.8807339449541285)
3.3829 	EXP 	emotion_rating: markerPos = np.float64(3.910091743119266)
3.4000 	EXP 	emotion_rating: markerPos = np.float64(3.9541284403669725)
3.4163 	EXP 	emotion_rating: markerPos = np.float64(3.98348623853211)
3.4334 	EXP 	emotion_rating: markerPos = np.float64(4.056880733944954)
3.4495 	EXP 	emotion_rating: markerPos = np.float64(4.056880733944954)
3.4664 	EXP 	emotion_rating: markerPos = np.float64(4.086238532110092)
3.4823 	EXP 	emotion_rating: markerPos = np.float64(4.100917431192661)
3.4996 	EXP 	emotion_rating: markerPos = np.float64(4.115596330275229)
3.5158 	EXP 	emotion_rating: markerPos = np.float64(4.144954128440367)
3.5328 	EXP 	emotion_rating: markerPos = np.float64(4.144954128440367)
3.5486 	EXP 	emotion_rating: markerPos = np.float64(4.159633027522936)
3.5660 	EXP 	emotion_rating: markerPos = np.float64(4.188990825688073)
3.5821 	EXP 	emotion_rating: markerPos = np.float64(4.2183486238532115)
3.5996 	EXP 	emotion_rating: markerPos = np.float64(4.247706422018348)
3.6155 	EXP 	emotion_rating: markerPos = np.float64(4.277064220183487)
3.6323 	EXP 	emotion_rating: markerPos = np.float64(4.277064220183487)
3.6480 	EXP 	emotion_rating: markerPos = np.float64(4.3064220183486235)
3.6654 	EXP 	emotion_rating: markerPos = np.float64(4.321100917431193)
3.6823 	EXP 	emotion_rating: markerPos = np.float64(4.379816513761468)
3.6990 	EXP 	emotion_rating: markerPos = np.float64(4.438532110091743)
3.7150 	EXP 	emotion_rating: markerPos = np.float64(4.467889908256881)
3.7323 	EXP 	emotion_rating: markerPos = np.float64(4.497247706422018)
3.7484 	EXP 	emotion_rating: markerPos = np.float64(4.497247706422018)
3.7653 	EXP 	emotion_rating: markerPos = np.float64(4.497247706422018)
3.7821 	EXP 	emotion_rating: markerPos = np.float64(4.497247706422018)
3.7989 	EXP 	emotion_rating: markerPos = np.float64(4.511926605504588)
3.8151 	EXP 	emotion_rating: markerPos = np.float64(4.511926605504588)
3.8322 	EXP 	emotion_rating: markerPos = np.float64(4.511926605504588)
3.8480 	EXP 	emotion_rating: markerPos = np.float64(4.526605504587156)
3.8650 	EXP 	emotion_rating: markerPos = np.float64(4.526605504587156)
3.8811 	EXP 	emotion_rating: markerPos = np.float64(4.526605504587156)
3.8984 	EXP 	emotion_rating: markerPos = np.float64(4.526605504587156)
3.9146 	EXP 	emotion_rating: markerPos = np.float64(4.526605504587156)
3.9313 	EXP 	emotion_rating: markerPos = np.float64(4.526605504587156)
3.9477 	EXP 	emotion_rating: markerPos = np.float64(4.526605504587156)
3.9649 	EXP 	emotion_rating: markerPos = np.float64(4.526605504587156)
3.9660 	DATA 	Mouse:  Left button up, pos=(649,392)
3.9816 	EXP 	emotion_rating: markerPos = np.float64(4.526605504587156)
3.9826 	EXP 	New trial (rep=0, index=1): <Trial 1 (1 in rep 0) data={'image_path': 'C:\\Users\\julia\\OneDrive\\Pulpit\\percepcja_psychopy\\photos\\dachshund-8910099_640.jpg', 'label': 'Ten piesek jest wesoły', 'show_label': 0, 'thisN': 1, 'thisTrialN': 1, 'thisRepN': 0}>
4.0136 	EXP 	label_text: autoDraw = False
4.0136 	EXP 	stim_image: autoDraw = False
4.0136 	EXP 	emotion_rating: autoDraw = False
4.0136 	EXP 	label_text: height = np.float64(0.05)
4.0136 	EXP 	label_text: height = np.float64(0.05)
4.0136 	EXP 	label_text: height = np.float64(0.05)
4.0136 	EXP 	label_text: text = 'Ten piesek jest wesoły'
4.0136 	EXP 	stim_image: image = 'C:\\Users\\julia\\OneDrive\\Pulpit\\percepcja_psychopy\\photos\\dachshund-8910099_640.jpg'
4.0136 	EXP 	emotion_rating: markerPos = None
4.0136 	EXP 	emotion_rating: markerPos = None
4.0136 	EXP 	label_text: autoDraw = True
4.9959 	EXP 	stim_image: autoDraw = True
5.0288 	EXP 	label_text: autoDraw = False
5.9938 	EXP 	emotion_rating: autoDraw = True
6.0091 	EXP 	stim_image: autoDraw = False
6.7654 	DATA 	Mouse: Left button down, pos=(620,402)
6.7913 	EXP 	emotion_rating: markerPos = np.float64(4.086238532110092)
6.8070 	EXP 	emotion_rating: markerPos = np.float64(3.998165137614679)
6.8252 	EXP 	emotion_rating: markerPos = np.float64(3.924770642201835)
6.8406 	EXP 	emotion_rating: markerPos = np.float64(3.836697247706422)
6.8581 	EXP 	emotion_rating: markerPos = np.float64(3.689908256880734)
6.8732 	EXP 	emotion_rating: markerPos = np.float64(3.6311926605504588)
6.8911 	EXP 	emotion_rating: markerPos = np.float64(3.528440366972477)
6.9068 	EXP 	emotion_rating: markerPos = np.float64(3.322935779816514)
6.9241 	EXP 	emotion_rating: markerPos = np.float64(3.234862385321101)
6.9399 	EXP 	emotion_rating: markerPos = np.float64(3.1174311926605505)
6.9579 	EXP 	emotion_rating: markerPos = np.float64(3.0440366972477064)
6.9738 	EXP 	emotion_rating: markerPos = np.float64(2.911926605504587)
6.9905 	EXP 	emotion_rating: markerPos = np.float64(2.853211009174312)
7.0065 	EXP 	emotion_rating: markerPos = np.float64(2.779816513761468)
7.0231 	EXP 	emotion_rating: markerPos = np.float64(2.691743119266055)
7.0392 	EXP 	emotion_rating: markerPos = np.float64(2.6477064220183486)
7.0571 	EXP 	emotion_rating: markerPos = np.float64(2.63302752293578)
7.0727 	EXP 	emotion_rating: markerPos = np.float64(2.5889908256880734)
7.0901 	EXP 	emotion_rating: markerPos = np.float64(2.530275229357798)
7.1059 	EXP 	emotion_rating: markerPos = np.float64(2.4275229357798165)
7.1241 	EXP 	emotion_rating: markerPos = np.float64(2.3541284403669724)
7.1393 	EXP 	emotion_rating: markerPos = np.float64(2.295412844036697)
7.1561 	EXP 	emotion_rating: markerPos = np.float64(2.251376146788991)
7.1722 	EXP 	emotion_rating: markerPos = np.float64(2.2073394495412844)
7.1893 	EXP 	emotion_rating: markerPos = np.float64(2.163302752293578)
7.2055 	EXP 	emotion_rating: markerPos = np.float64(2.1339449541284403)
7.2230 	EXP 	emotion_rating: markerPos = np.float64(2.1045871559633027)
7.2386 	EXP 	emotion_rating: markerPos = np.float64(2.075229357798165)
7.2560 	EXP 	emotion_rating: markerPos = np.float64(2.0458715596330275)
7.2729 	EXP 	emotion_rating: markerPos = np.float64(1.9577981651376146)
7.2889 	EXP 	emotion_rating: markerPos = np.float64(1.8990825688073394)
7.3057 	EXP 	emotion_rating: markerPos = np.float64(1.855045871559633)
7.3229 	EXP 	emotion_rating: markerPos = np.float64(1.781651376146789)
7.3393 	EXP 	emotion_rating: markerPos = np.float64(1.7229357798165137)
7.3555 	EXP 	emotion_rating: markerPos = np.float64(1.6788990825688073)
7.3719 	EXP 	emotion_rating: markerPos = np.float64(1.6642201834862385)
7.3884 	EXP 	emotion_rating: markerPos = np.float64(1.6642201834862385)
7.4046 	EXP 	emotion_rating: markerPos = np.float64(1.6495412844036696)
7.4222 	EXP 	emotion_rating: markerPos = np.float64(1.6495412844036696)
7.4378 	EXP 	emotion_rating: markerPos = np.float64(1.620183486238532)
7.4551 	EXP 	emotion_rating: markerPos = np.float64(1.5908256880733944)
7.4716 	EXP 	emotion_rating: markerPos = np.float64(1.5908256880733944)
7.4899 	EXP 	emotion_rating: markerPos = np.float64(1.5908256880733944)
7.5061 	EXP 	emotion_rating: markerPos = np.float64(1.5908256880733944)
7.5222 	EXP 	emotion_rating: markerPos = np.float64(1.5908256880733944)
7.5383 	EXP 	emotion_rating: markerPos = np.float64(1.5908256880733944)
7.5552 	EXP 	emotion_rating: markerPos = np.float64(1.5908256880733944)
7.5717 	EXP 	emotion_rating: markerPos = np.float64(1.5908256880733944)
7.5887 	EXP 	emotion_rating: markerPos = np.float64(1.5908256880733944)
7.6045 	EXP 	emotion_rating: markerPos = np.float64(1.5908256880733944)
7.6223 	EXP 	emotion_rating: markerPos = np.float64(1.5908256880733944)
7.6380 	EXP 	emotion_rating: markerPos = np.float64(1.5908256880733944)
7.6549 	EXP 	emotion_rating: markerPos = np.float64(1.5908256880733944)
7.6709 	EXP 	emotion_rating: markerPos = np.float64(1.5908256880733944)
7.6888 	EXP 	emotion_rating: markerPos = np.float64(1.5908256880733944)
7.7042 	EXP 	emotion_rating: markerPos = np.float64(1.5908256880733944)
7.7048 	DATA 	Mouse:  Left button up, pos=(449,391)
7.7220 	EXP 	emotion_rating: markerPos = np.float64(1.5908256880733944)
7.7235 	EXP 	New trial (rep=0, index=2): <Trial 2 (2 in rep 0) data={'image_path': 'C:\\Users\\julia\\OneDrive\\Pulpit\\percepcja_psychopy\\photos\\ee7bd76502e1d9aea7c74fc5bea75be9.jpg', 'label': 'Ten piesek jest smutny', 'show_label': 0, 'thisN': 2, 'thisTrialN': 2, 'thisRepN': 0}>
7.7545 	EXP 	label_text: autoDraw = False
7.7545 	EXP 	stim_image: autoDraw = False
7.7545 	EXP 	emotion_rating: autoDraw = False
7.7545 	EXP 	label_text: height = np.float64(0.05)
7.7545 	EXP 	label_text: height = np.float64(0.05)
7.7545 	EXP 	label_text: height = np.float64(0.05)
7.7545 	EXP 	label_text: text = 'Ten piesek jest smutny'
7.7545 	EXP 	stim_image: image = 'C:\\Users\\julia\\OneDrive\\Pulpit\\percepcja_psychopy\\photos\\ee7bd76502e1d9aea7c74fc5bea75be9.jpg'
7.7545 	EXP 	emotion_rating: markerPos = None
7.7545 	EXP 	emotion_rating: markerPos = None
7.7545 	EXP 	label_text: autoDraw = True
8.7352 	EXP 	stim_image: autoDraw = True
8.7684 	EXP 	label_text: autoDraw = False
9.7321 	EXP 	emotion_rating: autoDraw = True
9.7492 	EXP 	stim_image: autoDraw = False
10.8145 	DATA 	Mouse: Left button down, pos=(536,400)
10.8288 	EXP 	emotion_rating: markerPos = np.float64(2.8678899082568807)
10.8469 	EXP 	emotion_rating: markerPos = np.float64(2.8678899082568807)
10.8626 	EXP 	emotion_rating: markerPos = np.float64(2.8678899082568807)
10.8794 	EXP 	emotion_rating: markerPos = np.float64(2.8678899082568807)
10.8956 	EXP 	emotion_rating: markerPos = np.float64(2.8238532110091743)
10.9134 	EXP 	emotion_rating: markerPos = np.float64(2.779816513761468)
10.9292 	EXP 	emotion_rating: markerPos = np.float64(2.7211009174311926)
10.9459 	EXP 	emotion_rating: markerPos = np.float64(2.63302752293578)
10.9621 	EXP 	emotion_rating: markerPos = np.float64(2.5155963302752293)
10.9799 	EXP 	emotion_rating: markerPos = np.float64(2.3688073394495412)
10.9956 	EXP 	emotion_rating: markerPos = np.float64(2.222018348623853)
11.0130 	EXP 	emotion_rating: markerPos = np.float64(2.089908256880734)
11.0286 	EXP 	emotion_rating: markerPos = np.float64(1.9577981651376146)
11.0460 	EXP 	emotion_rating: markerPos = np.float64(1.8990825688073394)
11.0622 	EXP 	emotion_rating: markerPos = np.float64(1.8697247706422018)
11.0793 	EXP 	emotion_rating: markerPos = np.float64(1.8403669724770642)
11.0953 	EXP 	emotion_rating: markerPos = np.float64(1.8110091743119265)
11.1123 	EXP 	emotion_rating: markerPos = np.float64(1.7669724770642201)
11.1286 	EXP 	emotion_rating: markerPos = np.float64(1.7229357798165137)
11.1459 	EXP 	emotion_rating: markerPos = np.float64(1.7082568807339449)
11.1617 	EXP 	emotion_rating: markerPos = np.float64(1.6788990825688073)
11.1793 	EXP 	emotion_rating: markerPos = np.float64(1.6642201834862385)
11.1951 	EXP 	emotion_rating: markerPos = np.float64(1.6642201834862385)
11.2127 	EXP 	emotion_rating: markerPos = np.float64(1.6642201834862385)
11.2282 	EXP 	emotion_rating: markerPos = np.float64(1.6642201834862385)
11.2456 	EXP 	emotion_rating: markerPos = np.float64(1.6642201834862385)
11.2610 	EXP 	emotion_rating: markerPos = np.float64(1.6642201834862385)
11.2786 	EXP 	emotion_rating: markerPos = np.float64(1.6642201834862385)
11.2946 	EXP 	emotion_rating: markerPos = np.float64(1.6642201834862385)
11.3124 	EXP 	emotion_rating: markerPos = np.float64(1.6642201834862385)
11.3278 	EXP 	emotion_rating: markerPos = np.float64(1.6642201834862385)
11.3453 	EXP 	emotion_rating: markerPos = np.float64(1.6642201834862385)
11.3463 	DATA 	Mouse:  Left button up, pos=(454,392)
11.3616 	EXP 	emotion_rating: markerPos = np.float64(1.6642201834862385)
11.3626 	EXP 	New trial (rep=0, index=3): <Trial 3 (3 in rep 0) data={'image_path': 'C:\\Users\\julia\\OneDrive\\Pulpit\\percepcja_psychopy\\photos\\images (1).jpg', 'label': 'Ten piesek jest smutny', 'show_label': 1, 'thisN': 3, 'thisTrialN': 3, 'thisRepN': 0}>
11.3789 	EXP 	label_text: autoDraw = False
11.3789 	EXP 	stim_image: autoDraw = False
11.3789 	EXP 	emotion_rating: autoDraw = False
11.3789 	EXP 	label_text: text = 'Ten piesek jest smutny'
11.3789 	EXP 	stim_image: image = 'C:\\Users\\julia\\OneDrive\\Pulpit\\percepcja_psychopy\\photos\\images (1).jpg'
11.3789 	EXP 	emotion_rating: markerPos = None
11.3789 	EXP 	emotion_rating: markerPos = None
11.3789 	EXP 	label_text: autoDraw = True
12.3762 	EXP 	stim_image: autoDraw = True
12.3916 	EXP 	label_text: autoDraw = False
13.3732 	EXP 	emotion_rating: autoDraw = True
13.3887 	EXP 	stim_image: autoDraw = False
14.0561 	DATA 	Mouse: Left button down, pos=(561,404)
14.0712 	EXP 	emotion_rating: markerPos = np.float64(3.234862385321101)
14.0870 	EXP 	emotion_rating: markerPos = np.float64(3.234862385321101)
14.1046 	EXP 	emotion_rating: markerPos = np.float64(3.234862385321101)
14.1204 	EXP 	emotion_rating: markerPos = np.float64(3.234862385321101)
14.1381 	EXP 	emotion_rating: markerPos = np.float64(3.2642201834862385)
14.1534 	EXP 	emotion_rating: markerPos = np.float64(3.293577981651376)
14.1710 	EXP 	emotion_rating: markerPos = np.float64(3.3522935779816514)
14.1870 	EXP 	emotion_rating: markerPos = np.float64(3.528440366972477)
14.2042 	EXP 	emotion_rating: markerPos = np.float64(3.704587155963303)
14.2197 	EXP 	emotion_rating: markerPos = np.float64(3.851376146788991)
14.2373 	EXP 	emotion_rating: markerPos = np.float64(4.012844036697247)
14.2533 	EXP 	emotion_rating: markerPos = np.float64(4.0715596330275226)
14.2709 	EXP 	emotion_rating: markerPos = np.float64(4.2183486238532115)
14.2864 	EXP 	emotion_rating: markerPos = np.float64(4.277064220183487)
14.3042 	EXP 	emotion_rating: markerPos = np.float64(4.291743119266055)
14.3200 	EXP 	emotion_rating: markerPos = np.float64(4.291743119266055)
14.3372 	EXP 	emotion_rating: markerPos = np.float64(4.291743119266055)
14.3530 	EXP 	emotion_rating: markerPos = np.float64(4.3064220183486235)
14.3706 	EXP 	emotion_rating: markerPos = np.float64(4.3064220183486235)
14.3862 	EXP 	emotion_rating: markerPos = np.float64(4.3064220183486235)
14.4034 	EXP 	emotion_rating: markerPos = np.float64(4.3064220183486235)
14.4197 	EXP 	emotion_rating: markerPos = np.float64(4.3064220183486235)
14.4369 	EXP 	emotion_rating: markerPos = np.float64(4.3064220183486235)
14.4525 	EXP 	emotion_rating: markerPos = np.float64(4.3064220183486235)
14.4698 	EXP 	emotion_rating: markerPos = np.float64(4.3064220183486235)
14.4861 	EXP 	emotion_rating: markerPos = np.float64(4.3064220183486235)
14.5032 	EXP 	emotion_rating: markerPos = np.float64(4.321100917431193)
14.5195 	EXP 	emotion_rating: markerPos = np.float64(4.35045871559633)
14.5364 	EXP 	emotion_rating: markerPos = np.float64(4.35045871559633)
14.5527 	EXP 	emotion_rating: markerPos = np.float64(4.365137614678899)
14.5696 	EXP 	emotion_rating: markerPos = np.float64(4.365137614678899)
14.5855 	EXP 	emotion_rating: markerPos = np.float64(4.365137614678899)
14.6028 	EXP 	emotion_rating: markerPos = np.float64(4.365137614678899)
14.6192 	EXP 	emotion_rating: markerPos = np.float64(4.379816513761468)
14.6363 	EXP 	emotion_rating: markerPos = np.float64(4.379816513761468)
14.6519 	EXP 	emotion_rating: markerPos = np.float64(4.379816513761468)
14.6695 	EXP 	emotion_rating: markerPos = np.float64(4.379816513761468)
14.6852 	EXP 	emotion_rating: markerPos = np.float64(4.379816513761468)
14.6926 	DATA 	Mouse:  Left button up, pos=(639,397)
14.7027 	EXP 	emotion_rating: markerPos = np.float64(4.379816513761468)
14.7187 	EXP 	emotion_rating: markerPos = np.float64(4.379816513761468)
14.7196 	EXP 	New trial (rep=0, index=4): <Trial 4 (4 in rep 0) data={'image_path': 'C:\\Users\\julia\\OneDrive\\Pulpit\\percepcja_psychopy\\photos\\images (2).jpg', 'label': 'Ten piesek jest wesoły', 'show_label': 1, 'thisN': 4, 'thisTrialN': 4, 'thisRepN': 0}>
14.7361 	EXP 	label_text: autoDraw = False
14.7361 	EXP 	stim_image: autoDraw = False
14.7361 	EXP 	emotion_rating: autoDraw = False
14.7361 	EXP 	label_text: height = np.float64(0.05)
14.7361 	EXP 	label_text: height = np.float64(0.05)
14.7361 	EXP 	label_text: height = np.float64(0.05)
14.7361 	EXP 	label_text: text = 'Ten piesek jest wesoły'
14.7361 	EXP 	stim_image: image = 'C:\\Users\\julia\\OneDrive\\Pulpit\\percepcja_psychopy\\photos\\images (2).jpg'
14.7361 	EXP 	emotion_rating: markerPos = None
14.7361 	EXP 	emotion_rating: markerPos = None
14.7361 	EXP 	label_text: autoDraw = True
15.7335 	EXP 	stim_image: autoDraw = True
15.7494 	EXP 	label_text: autoDraw = False
16.7304 	EXP 	emotion_rating: autoDraw = True
16.7462 	EXP 	stim_image: autoDraw = False
17.2026 	DATA 	Mouse: Left button down, pos=(609,388)
17.2288 	EXP 	emotion_rating: markerPos = np.float64(3.9394495412844037)
17.2451 	EXP 	emotion_rating: markerPos = np.float64(3.910091743119266)
17.2617 	EXP 	emotion_rating: markerPos = np.float64(3.8954128440366973)
17.2782 	EXP 	emotion_rating: markerPos = np.float64(3.851376146788991)
17.2955 	EXP 	emotion_rating: markerPos = np.float64(3.8073394495412844)
17.3111 	EXP 	emotion_rating: markerPos = np.float64(3.7339449541284404)
17.3287 	EXP 	emotion_rating: markerPos = np.float64(3.6311926605504588)
17.3449 	EXP 	emotion_rating: markerPos = np.float64(3.4403669724770642)
17.3624 	EXP 	emotion_rating: markerPos = np.float64(3.308256880733945)
17.3780 	EXP 	emotion_rating: markerPos = np.float64(3.161467889908257)
17.3949 	EXP 	emotion_rating: markerPos = np.float64(2.985321100917431)
17.4111 	EXP 	emotion_rating: markerPos = np.float64(2.8238532110091743)
17.4285 	EXP 	emotion_rating: markerPos = np.float64(2.618348623853211)
17.4445 	EXP 	emotion_rating: markerPos = np.float64(2.5155963302752293)
17.4616 	EXP 	emotion_rating: markerPos = np.float64(2.4275229357798165)
17.4776 	EXP 	emotion_rating: markerPos = np.float64(2.2660550458715596)
17.4946 	EXP 	emotion_rating: markerPos = np.float64(2.1779816513761467)
17.5112 	EXP 	emotion_rating: markerPos = np.float64(2.0458715596330275)
17.5281 	EXP 	emotion_rating: markerPos = np.float64(2.001834862385321)
17.5442 	EXP 	emotion_rating: markerPos = np.float64(1.9431192660550458)
17.5619 	EXP 	emotion_rating: markerPos = np.float64(1.855045871559633)
17.5775 	EXP 	emotion_rating: markerPos = np.float64(1.7669724770642201)
17.5944 	EXP 	emotion_rating: markerPos = np.float64(1.7522935779816513)
17.6105 	EXP 	emotion_rating: markerPos = np.float64(1.7522935779816513)
17.6274 	EXP 	emotion_rating: markerPos = np.float64(1.7522935779816513)
17.6440 	EXP 	emotion_rating: markerPos = np.float64(1.7522935779816513)
17.6606 	EXP 	emotion_rating: markerPos = np.float64(1.7522935779816513)
17.6771 	EXP 	emotion_rating: markerPos = np.float64(1.7522935779816513)
17.6939 	EXP 	emotion_rating: markerPos = np.float64(1.7522935779816513)
17.7106 	EXP 	emotion_rating: markerPos = np.float64(1.7522935779816513)
17.7273 	EXP 	emotion_rating: markerPos = np.float64(1.7522935779816513)
17.7433 	EXP 	emotion_rating: markerPos = np.float64(1.7522935779816513)
17.7604 	EXP 	emotion_rating: markerPos = np.float64(1.7522935779816513)
17.7764 	EXP 	emotion_rating: markerPos = np.float64(1.7376146788990825)
17.7934 	EXP 	emotion_rating: markerPos = np.float64(1.7376146788990825)
17.8099 	EXP 	emotion_rating: markerPos = np.float64(1.7376146788990825)
17.8270 	EXP 	emotion_rating: markerPos = np.float64(1.7376146788990825)
17.8434 	EXP 	emotion_rating: markerPos = np.float64(1.7376146788990825)
17.8602 	EXP 	emotion_rating: markerPos = np.float64(1.7376146788990825)
17.8764 	EXP 	emotion_rating: markerPos = np.float64(1.7376146788990825)
17.8938 	EXP 	emotion_rating: markerPos = np.float64(1.7376146788990825)
17.8948 	DATA 	Mouse:  Left button up, pos=(459,385)
17.9105 	EXP 	emotion_rating: markerPos = np.float64(1.7376146788990825)
17.9115 	EXP 	New trial (rep=0, index=5): <Trial 5 (5 in rep 0) data={'image_path': 'C:\\Users\\julia\\OneDrive\\Pulpit\\percepcja_psychopy\\photos\\images (3).jpg', 'label': 'Ten piesek jest smutny', 'show_label': 1, 'thisN': 5, 'thisTrialN': 5, 'thisRepN': 0}>
17.9274 	EXP 	label_text: autoDraw = False
17.9274 	EXP 	stim_image: autoDraw = False
17.9274 	EXP 	emotion_rating: autoDraw = False
17.9274 	EXP 	label_text: height = np.float64(0.05)
17.9274 	EXP 	label_text: height = np.float64(0.05)
17.9274 	EXP 	label_text: height = np.float64(0.05)
17.9274 	EXP 	label_text: text = 'Ten piesek jest smutny'
17.9274 	EXP 	stim_image: image = 'C:\\Users\\julia\\OneDrive\\Pulpit\\percepcja_psychopy\\photos\\images (3).jpg'
17.9274 	EXP 	emotion_rating: markerPos = None
17.9274 	EXP 	emotion_rating: markerPos = None
17.9274 	EXP 	label_text: autoDraw = True
18.9249 	EXP 	stim_image: autoDraw = True
18.9409 	EXP 	label_text: autoDraw = False
19.9219 	EXP 	emotion_rating: autoDraw = True
19.9376 	EXP 	stim_image: autoDraw = False
20.2722 	DATA 	Mouse: Left button down, pos=(575,390)
20.2875 	EXP 	emotion_rating: markerPos = np.float64(3.4403669724770642)
20.3041 	EXP 	emotion_rating: markerPos = np.float64(3.4403669724770642)
20.3208 	EXP 	emotion_rating: markerPos = np.float64(3.4403669724770642)
20.3366 	EXP 	emotion_rating: markerPos = np.float64(3.4990825688073395)
20.3542 	EXP 	emotion_rating: markerPos = np.float64(3.5871559633027523)
20.3701 	EXP 	emotion_rating: markerPos = np.float64(3.6605504587155964)
20.3874 	EXP 	emotion_rating: markerPos = np.float64(3.7192660550458716)
20.4030 	EXP 	emotion_rating: markerPos = np.float64(3.8073394495412844)
20.4208 	EXP 	emotion_rating: markerPos = np.float64(3.924770642201835)
20.4364 	EXP 	emotion_rating: markerPos = np.float64(3.98348623853211)
20.4538 	EXP 	emotion_rating: markerPos = np.float64(4.027522935779817)
20.4698 	EXP 	emotion_rating: markerPos = np.float64(4.056880733944954)
20.4870 	EXP 	emotion_rating: markerPos = np.float64(4.115596330275229)
20.5030 	EXP 	emotion_rating: markerPos = np.float64(4.115596330275229)
20.5207 	EXP 	emotion_rating: markerPos = np.float64(4.174311926605505)
20.5359 	EXP 	emotion_rating: markerPos = np.float64(4.188990825688073)
20.5532 	EXP 	emotion_rating: markerPos = np.float64(4.203669724770642)
20.5688 	EXP 	emotion_rating: markerPos = np.float64(4.2183486238532115)
20.5868 	EXP 	emotion_rating: markerPos = np.float64(4.23302752293578)
20.6027 	EXP 	emotion_rating: markerPos = np.float64(4.23302752293578)
20.6198 	EXP 	emotion_rating: markerPos = np.float64(4.23302752293578)
20.6356 	EXP 	emotion_rating: markerPos = np.float64(4.23302752293578)
20.6528 	EXP 	emotion_rating: markerPos = np.float64(4.23302752293578)
20.6691 	EXP 	emotion_rating: markerPos = np.float64(4.2623853211009175)
20.6864 	EXP 	emotion_rating: markerPos = np.float64(4.277064220183487)
20.7024 	EXP 	emotion_rating: markerPos = np.float64(4.277064220183487)
20.7196 	EXP 	emotion_rating: markerPos = np.float64(4.3064220183486235)
20.7355 	EXP 	emotion_rating: markerPos = np.float64(4.3064220183486235)
20.7533 	EXP 	emotion_rating: markerPos = np.float64(4.321100917431193)
20.7686 	EXP 	emotion_rating: markerPos = np.float64(4.321100917431193)
20.7858 	EXP 	emotion_rating: markerPos = np.float64(4.321100917431193)
20.7930 	DATA 	Mouse:  Left button up, pos=(635,387)
20.8022 	EXP 	emotion_rating: markerPos = np.float64(4.321100917431193)
20.8190 	EXP 	emotion_rating: markerPos = np.float64(4.321100917431193)
20.8202 	EXP 	New trial (rep=0, index=6): <Trial 6 (6 in rep 0) data={'image_path': 'C:\\Users\\julia\\OneDrive\\Pulpit\\percepcja_psychopy\\photos\\images (4).jpg', 'label': 'Ten piesek jest smutny', 'show_label': 0, 'thisN': 6, 'thisTrialN': 6, 'thisRepN': 0}>
20.8355 	EXP 	label_text: autoDraw = False
20.8355 	EXP 	stim_image: autoDraw = False
20.8355 	EXP 	emotion_rating: autoDraw = False
20.8355 	EXP 	label_text: text = 'Ten piesek jest smutny'
20.8355 	EXP 	stim_image: image = 'C:\\Users\\julia\\OneDrive\\Pulpit\\percepcja_psychopy\\photos\\images (4).jpg'
20.8355 	EXP 	emotion_rating: markerPos = None
20.8355 	EXP 	emotion_rating: markerPos = None
20.8355 	EXP 	label_text: autoDraw = True
21.8336 	EXP 	stim_image: autoDraw = True
21.8500 	EXP 	label_text: autoDraw = False
22.8307 	EXP 	emotion_rating: autoDraw = True
22.8465 	EXP 	stim_image: autoDraw = False
25.6620 	DATA 	Keypress: escape
25.6784 	EXP 	Device response: <KeyPress from None: t=25.660490799997206, value=escape, duration=None>
25.8558 	EXP 	Device response: <KeyPress from None: t=25.660490799997206, value=escape, duration=0.18008210000334657>
25.8559 	EXP 	untitled: status = STOPPED
25.8731 	EXP 	emotion_rating: autoDraw = False
25.8733 	EXP 	untitled: status = STOPPED
25.8897 	INFO 	saved data to 'C:\\Users\\julia\\OneDrive\\Pulpit\\percepcja_psychopy\\data\\096987_untitled_2026-04-18_23h38.25.830.csv'
25.8934 	INFO 	saved data to C:\Users\julia\OneDrive\Pulpit\percepcja_psychopy\data\096987_untitled_2026-04-18_23h38.25.830.psydat
26.3633 	WARNING 	Stopping key buffers but this could be dangerous ifother keyboards rely on the same.
