8.6296 	INFO 	Loaded monitor calibration from ['2026_03_18 20:30']
8.6523 	WARNING 	User requested fullscreen with size [1090  800], but screen is actually [1920, 1080]. Using actual size
9.4158 	INFO 	Using renderer 'Intel(R) UHD Graphics' for graphics
9.4158 	INFO 	OpenGL version supported by driver is 4..
10.3572 	EXP 	Created window1 = Window(allowGUI=False, allowStencil=True, autoLog=True, backendConf=UNKNOWN, backgroundFit=<method-wrapper '__getattribute__' of attributeSetter object at 0x000001B7A9284C70>, backgroundImage=<method-wrapper '__getattribute__' of attributeSetter object at 0x000001B7A9284FD0>, bitsMode=UNKNOWN, blendMode='avg', bpc=(8, 8, 8), color=array([0.6549, 0.6549, 0.6549]), colorSpace='rgb', depthBits=8, fullscr=True, gamma=None, gammaErrorPolicy='raise', infoMsg=UNKNOWN, lms=UNKNOWN, monitor=<psychopy.monitors.calibTools.Monitor object at 0x000001B7A909B3A0>, multiSample=False, name='window1', numSamples=2, pos=[np.float64(0.0), np.float64(0.0)], screen=0, size=array([1920, 1080]), stencilBits=8, stereo=False, title='PsychoPy', units='height', useFBO=True, useRetina=False, viewOri=0.0, viewPos=None, viewScale=None, waitBlanking=True, winType='pyglet')
10.3573 	EXP 	window1: backgroundImage = ''
10.3573 	EXP 	window1: backgroundFit = 'none'
10.5013 	INFO 	keyboard.Keyboard is using ptb backend.
10.5014 	EXP 	untitled_FINAL_NEWEST: status = STARTED
10.6591 	EXP 	Created text_instr = TextStim(__class__=<class 'psychopy.visual.text.TextStim'>, alignHoriz=method-wrapper(...), alignText='center', alignVert=method-wrapper(...), anchorHoriz='center', anchorVert='center', antialias=True, autoDraw=False, autoLog=True, bold=False, color=array([-1., -1., -1.]), colorSpace='rgb', contrast=1.0, depth=-2.0, draggable=False, flipHoriz=False, flipVert=False, font='Arial', fontFiles=[], height=np.float64(0.03), italic=False, languageStyle='LTR', name='text_instr', opacity=1, ori=0.0, pos=array([0., 0.]), rgb=UNKNOWN, text=str(...), units='height', win=Window(...), wrapWidth=1.5)
10.6882 	EXP 	Created suwak_info = TextStim(__class__=<class 'psychopy.visual.text.TextStim'>, alignHoriz=method-wrapper(...), alignText='center', alignVert=method-wrapper(...), anchorHoriz='center', anchorVert='center', antialias=True, autoDraw=False, autoLog=True, bold=False, color=array([-1., -1., -1.]), colorSpace='rgb', contrast=1.0, depth=-1.0, draggable=False, flipHoriz=False, flipVert=False, font='Arial', fontFiles=[], height=np.float64(0.03), italic=False, languageStyle='LTR', name='suwak_info', opacity=1, ori=0.0, pos=array([0., 0.]), rgb=UNKNOWN, text=str(...), units='height', win=Window(...), wrapWidth=1.3)
10.7276 	EXP 	Created proba_testowa = TextStim(__class__=<class 'psychopy.visual.text.TextStim'>, alignHoriz=method-wrapper(...), alignText='center', alignVert=method-wrapper(...), anchorHoriz='center', anchorVert='center', antialias=True, autoDraw=False, autoLog=True, bold=False, color=array([-1., -1., -1.]), colorSpace='rgb', contrast=1.0, depth=-2.0, draggable=False, flipHoriz=False, flipVert=False, font='Arial', fontFiles=[], height=np.float64(0.04), italic=False, languageStyle='LTR', name='proba_testowa', opacity=1, ori=0.0, pos=array([0., 0.]), rgb=UNKNOWN, text=str(...), units='height', win=Window(...), wrapWidth=1.4)
10.7289 	EXP 	Created pilot_label_text = TextStim(__class__=<class 'psychopy.visual.text.TextStim'>, alignHoriz=method-wrapper(...), alignText='center', alignVert=method-wrapper(...), anchorHoriz='center', anchorVert='center', antialias=True, autoDraw=False, autoLog=True, bold=False, color=array([-1., -1., -1.]), colorSpace='rgb', contrast=1.0, depth=-1.0, draggable=False, flipHoriz=False, flipVert=False, font='Arial', fontFiles=[], height=0.05, italic=False, languageStyle='LTR', name='pilot_label_text', opacity=1, ori=0.0, pos=array([0., 0.]), rgb=UNKNOWN, text='', units='height', win=Window(...), wrapWidth=1.3)
10.7368 	EXP 	Created pilot_fiksacja1 = TextStim(__class__=<class 'psychopy.visual.text.TextStim'>, alignHoriz=method-wrapper(...), alignText='center', alignVert=method-wrapper(...), anchorHoriz='center', anchorVert='center', antialias=True, autoDraw=False, autoLog=True, bold=False, color=array([-1., -1., -1.]), colorSpace='rgb', contrast=1.0, depth=-2.0, draggable=False, flipHoriz=False, flipVert=False, font='Arial', fontFiles=[], height=np.float64(0.12), italic=False, languageStyle='LTR', name='pilot_fiksacja1', opacity=1, ori=0.0, pos=array([0., 0.]), rgb=UNKNOWN, text='+', units='height', win=Window(...), wrapWidth=1)
10.7792 	EXP 	Created pilot_suwak = Slider(__class__=<class 'psychopy.visual.slider.Slider'>, autoDraw=False, autoLog=True, borderColor=None, color=None, colorSpace='rgb', depth=-3, fillColor=None, flip=False, font='Noto Sans', granularity=0.0, labelColor=None, labelHeight=np.float64(0.05), labelWrapWidth=None, labels=None, lineColor=None, markerColor=None, name='pilot_suwak', opacity=None, ori=0.0, pos=array([ 0. , -0.5]), readOnly=False, self=UNKNOWN, size=array([1. , 0.1]), startValue=0, style='slider', styleTweaks=[], ticks=array([-50, -25,   0,  25,  50]), units='norm', win=Window(...))
10.7851 	EXP 	Created pilot_fiksacja2 = TextStim(__class__=<class 'psychopy.visual.text.TextStim'>, alignHoriz=method-wrapper(...), alignText='center', alignVert=method-wrapper(...), anchorHoriz='center', anchorVert='center', antialias=True, autoDraw=False, autoLog=True, bold=False, color=array([-1., -1., -1.]), colorSpace='rgb', contrast=1.0, depth=-4.0, draggable=False, flipHoriz=False, flipVert=False, font='Arial', fontFiles=[], height=np.float64(0.1), italic=False, languageStyle='LTR', name='pilot_fiksacja2', opacity=1, ori=0.0, pos=array([0., 0.]), rgb=UNKNOWN, text='+', units='height', win=Window(...), wrapWidth=1)
10.8039 	EXP 	Created pilot_pytanie = TextStim(__class__=<class 'psychopy.visual.text.TextStim'>, alignHoriz=method-wrapper(...), alignText='center', alignVert=method-wrapper(...), anchorHoriz='center', anchorVert='center', antialias=True, autoDraw=False, autoLog=True, bold=False, color=array([-1., -1., -1.]), colorSpace='rgb', contrast=1.0, depth=-5.0, draggable=False, flipHoriz=False, flipVert=False, font='Arial', fontFiles=[], height=np.float64(0.1), italic=False, languageStyle='LTR', name='pilot_pytanie', opacity=1, ori=0.0, pos=array([0., 0.]), rgb=UNKNOWN, text='Jaką emocję wyrażała ta twarz?', units='norm', win=Window(...), wrapWidth=1)
10.8059 	EXP 	Created pilot_lewa_etykieta = TextStim(__class__=<class 'psychopy.visual.text.TextStim'>, alignHoriz=method-wrapper(...), alignText='center', alignVert=method-wrapper(...), anchorHoriz='center', anchorVert='center', antialias=True, autoDraw=False, autoLog=True, bold=False, color=array([-1., -1., -1.]), colorSpace='rgb', contrast=1.0, depth=-6.0, draggable=False, flipHoriz=False, flipVert=False, font='Arial', fontFiles=[], height=0.085, italic=False, languageStyle='LTR', name='pilot_lewa_etykieta', opacity=1, ori=0.0, pos=array([-0.6, -0.5]), rgb=UNKNOWN, text='', units='norm', win=Window(...), wrapWidth=1)
10.8068 	EXP 	Created pilot_prawa_etykieta = TextStim(__class__=<class 'psychopy.visual.text.TextStim'>, alignHoriz=method-wrapper(...), alignText='center', alignVert=method-wrapper(...), anchorHoriz='center', anchorVert='center', antialias=True, autoDraw=False, autoLog=True, bold=False, color=array([-1., -1., -1.]), colorSpace='rgb', contrast=1.0, depth=-7.0, draggable=False, flipHoriz=False, flipVert=False, font='Arial', fontFiles=[], height=0.085, italic=False, languageStyle='LTR', name='pilot_prawa_etykieta', opacity=1, ori=0.0, pos=array([ 0.6, -0.5]), rgb=UNKNOWN, text='', units='norm', win=Window(...), wrapWidth=1)
10.8729 	EXP 	Created pilot_stim_image = ImageStim(__class__=<class 'psychopy.visual.image.ImageStim'>, anchor=('center', 'center'), autoLog=True, color=array([1., 1., 1.]), colorSpace='rgb', contrast=1.0, depth=-8.0, draggable=False, flipHoriz=np.False_, flipVert=np.False_, image='photos/twarz_testowa.jpg', interpolate=True, mask=None, maskParams=None, name='pilot_stim_image', opacity=1, ori=0.0, pos=array([0., 0.]), size=array([0.75, 0.75]), texRes=128.0, units='height', win=Window(...))
10.9098 	EXP 	Created start_badania = TextStim(__class__=<class 'psychopy.visual.text.TextStim'>, alignHoriz=method-wrapper(...), alignText='center', alignVert=method-wrapper(...), anchorHoriz='center', anchorVert='center', antialias=True, autoDraw=False, autoLog=True, bold=False, color=array([-1., -1., -1.]), colorSpace='rgb', contrast=1.0, depth=-2.0, draggable=False, flipHoriz=False, flipVert=False, font='Arial', fontFiles=[], height=np.float64(0.1), italic=False, languageStyle='LTR', name='start_badania', opacity=1, ori=0.0, pos=array([0., 0.]), rgb=UNKNOWN, text=str(...), units='norm', win=Window(...), wrapWidth=1.4)
10.9157 	EXP 	Created przerwa_text = TextStim(__class__=<class 'psychopy.visual.text.TextStim'>, alignHoriz=method-wrapper(...), alignText='center', alignVert=method-wrapper(...), anchorHoriz='center', anchorVert='center', antialias=True, autoDraw=False, autoLog=True, bold=False, color=array([-1., -1., -1.]), colorSpace='rgb', contrast=1.0, depth=0.0, draggable=False, flipHoriz=False, flipVert=False, font='Arial', fontFiles=[], height=np.float64(0.1), italic=False, languageStyle='LTR', name='przerwa_text', opacity=1, ori=0.0, pos=array([0., 0.]), rgb=UNKNOWN, text=str(...), units='norm', win=Window(...), wrapWidth=1)
10.9162 	EXP 	Created label_text = TextStim(__class__=<class 'psychopy.visual.text.TextStim'>, alignHoriz=method-wrapper(...), alignText='center', alignVert=method-wrapper(...), anchorHoriz='center', anchorVert='center', antialias=True, autoDraw=False, autoLog=True, bold=False, color=array([-1., -1., -1.]), colorSpace='rgb', contrast=1.0, depth=-2.0, draggable=False, flipHoriz=False, flipVert=False, font='Arial', fontFiles=[], height=0.05, italic=False, languageStyle='LTR', name='label_text', opacity=1, ori=0.0, pos=array([0., 0.]), rgb=UNKNOWN, text='', units='height', win=Window(...), wrapWidth=1.3)
10.9201 	EXP 	Created stim_image = ImageStim(__class__=<class 'psychopy.visual.image.ImageStim'>, anchor=('center', 'center'), autoLog=True, color=array([1., 1., 1.]), colorSpace='rgb', contrast=1.0, depth=-3.0, draggable=False, flipHoriz=np.False_, flipVert=np.False_, image='default.png', interpolate=True, mask=None, maskParams=None, name='stim_image', opacity=1, ori=0.0, pos=array([0., 0.]), size=array([0.75, 0.75]), texRes=128.0, units='height', win=Window(...))
10.9297 	EXP 	Created suwak_badanie = Slider(__class__=<class 'psychopy.visual.slider.Slider'>, autoDraw=False, autoLog=True, borderColor=None, color=None, colorSpace='rgb', depth=-4, fillColor=None, flip=False, font='Noto Sans', granularity=0.0, labelColor=None, labelHeight=np.float64(0.05), labelWrapWidth=None, labels=None, lineColor=None, markerColor=None, name='suwak_badanie', opacity=None, ori=0.0, pos=array([ 0. , -0.5]), readOnly=False, self=UNKNOWN, size=array([1. , 0.1]), startValue=0, style='slider', styleTweaks=[], ticks=array([-50, -25,   0,  25,  50]), units='norm', win=Window(...))
10.9306 	EXP 	Created lewa_etykieta = TextStim(__class__=<class 'psychopy.visual.text.TextStim'>, alignHoriz=method-wrapper(...), alignText='center', alignVert=method-wrapper(...), anchorHoriz='center', anchorVert='center', antialias=True, autoDraw=False, autoLog=True, bold=False, color=array([-1., -1., -1.]), colorSpace='rgb', contrast=1.0, depth=-5.0, draggable=False, flipHoriz=False, flipVert=False, font='Arial', fontFiles=[], height=0.085, italic=False, languageStyle='LTR', name='lewa_etykieta', opacity=1, ori=0.0, pos=array([-0.65, -0.5 ]), rgb=UNKNOWN, text='', units='norm', win=Window(...), wrapWidth=1)
10.9314 	EXP 	Created prawa_etykieta = TextStim(__class__=<class 'psychopy.visual.text.TextStim'>, alignHoriz=method-wrapper(...), alignText='center', alignVert=method-wrapper(...), anchorHoriz='center', anchorVert='center', antialias=True, autoDraw=False, autoLog=True, bold=False, color=array([-1., -1., -1.]), colorSpace='rgb', contrast=1.0, depth=-6.0, draggable=False, flipHoriz=False, flipVert=False, font='Arial', fontFiles=[], height=0.085, italic=False, languageStyle='LTR', name='prawa_etykieta', opacity=1, ori=0.0, pos=array([ 0.65, -0.5 ]), rgb=UNKNOWN, text='', units='norm', win=Window(...), wrapWidth=1)
10.9357 	EXP 	Created pytanie = TextStim(__class__=<class 'psychopy.visual.text.TextStim'>, alignHoriz=method-wrapper(...), alignText='center', alignVert=method-wrapper(...), anchorHoriz='center', anchorVert='center', antialias=True, autoDraw=False, autoLog=True, bold=False, color=array([-1., -1., -1.]), colorSpace='rgb', contrast=1.0, depth=-7.0, draggable=False, flipHoriz=False, flipVert=False, font='Arial', fontFiles=[], height=np.float64(0.1), italic=False, languageStyle='LTR', name='pytanie', opacity=1, ori=0.0, pos=array([0., 0.]), rgb=UNKNOWN, text='Jaką emocję wyrażała ta twarz?', units='norm', win=Window(...), wrapWidth=1)
10.9374 	EXP 	Created polygon = ShapeStim(__class__=<class 'psychopy.visual.shape.ShapeStim'>, anchor=('center', 'center'), autoDraw=False, autoLog=True, closeShape=True, color=method-wrapper(...), colorSpace='rgb', contrast=None, depth=-8.0, draggable=False, fillColor=array([-1., -1., -1.]), fillColorSpace='rgb', fillRGB=array([-1., -1., -1.]), interpolate=True, lineColor=array([-1., -1., -1.]), lineColorSpace='rgb', lineRGB=array([-1., -1., -1.]), lineWidth=4.0, name='polygon', opacity=1, ori=0.0, pos=array([0., 0.]), size=array([0.5, 0.5]), units='height', vertices=ndarray(...), win=Window(...), windingRule=None)
10.9387 	EXP 	Created text = TextStim(__class__=<class 'psychopy.visual.text.TextStim'>, alignHoriz=method-wrapper(...), alignText='center', alignVert=method-wrapper(...), anchorHoriz='center', anchorVert='center', antialias=True, autoDraw=False, autoLog=True, bold=False, color=array([1., 1., 1.]), colorSpace='rgb', contrast=1.0, depth=-1.0, draggable=False, flipHoriz=False, flipVert=False, font='Arial', fontFiles=[], height=np.float64(0.05), italic=False, languageStyle='LTR', name='text', opacity=1, ori=0.0, pos=array([0., 0.]), rgb=UNKNOWN, text='', units='height', win=Window(...), wrapWidth=1)
10.9545 	EXP 	Created podziekowania_text = TextStim(__class__=<class 'psychopy.visual.text.TextStim'>, alignHoriz=method-wrapper(...), alignText='center', alignVert=method-wrapper(...), anchorHoriz='center', anchorVert='center', antialias=True, autoDraw=False, autoLog=True, bold=False, color=array([1., 1., 1.]), colorSpace='rgb', contrast=1.0, depth=0.0, draggable=False, flipHoriz=False, flipVert=False, font='Arial', fontFiles=[], height=np.float64(0.05), italic=False, languageStyle='LTR', name='podziekowania_text', opacity=1, ori=0.0, pos=array([0., 0.]), rgb=UNKNOWN, text=str(...), units='height', win=Window(...), wrapWidth=1)
0.0249 	EXP 	pilot_suwak: autoLog = True
0.0249 	EXP 	pilot_suwak: styleTweaks = []
0.0249 	EXP 	pilot_suwak: styleTweaks = []
0.0249 	EXP 	pilot_suwak: styleTweaks = []
0.0249 	EXP 	pilot_suwak: styleTweaks = []
0.0249 	EXP 	pilot_suwak: contrast = 1.0
0.0249 	EXP 	pilot_suwak: markerPos = 0
0.0249 	EXP 	pilot_suwak: autoLog = True
0.0249 	EXP 	suwak_badanie: autoLog = True
0.0249 	EXP 	suwak_badanie: styleTweaks = []
0.0249 	EXP 	suwak_badanie: styleTweaks = []
0.0249 	EXP 	suwak_badanie: styleTweaks = []
0.0249 	EXP 	suwak_badanie: styleTweaks = []
0.0249 	EXP 	suwak_badanie: contrast = 1.0
0.0249 	EXP 	suwak_badanie: markerPos = 0
0.0249 	EXP 	suwak_badanie: autoLog = True
0.0355 	INFO 	Keyboard events cleared
0.0354 	EXP 	text_instr: autoDraw = True
0.7479 	EXP 	Device response: <KeyPress from None: t=0.7308947999263182, value=space, duration=None>
0.7506 	DATA 	Keypress: space
0.7562 	INFO 	Keyboard events cleared
0.7561 	EXP 	text_instr: autoDraw = False
0.7561 	EXP 	suwak_info: autoDraw = True
0.8064 	EXP 	Device response: <KeyPress from None: t=0.7308947999263182, value=space, duration=0.06008830002974719>
0.8728 	EXP 	Device response: <KeyPress from None: t=0.8659568999428302, value=space, duration=None>
0.8764 	DATA 	Keypress: space
0.8888 	INFO 	Keyboard events cleared
0.8887 	EXP 	suwak_info: autoDraw = False
0.8887 	EXP 	proba_testowa: autoDraw = True
0.9388 	EXP 	Device response: <KeyPress from None: t=0.8659568999428302, value=space, duration=0.06495410006027669>
1.0062 	EXP 	Device response: <KeyPress from None: t=1.001098099979572, value=space, duration=None>
1.0327 	DATA 	Keypress: space
1.0355 	EXP 	proba_testowa: autoDraw = False
1.0355 	EXP 	pilot_label_text: height = np.float64(0.05)
1.0355 	EXP 	pilot_label_text: height = np.float64(0.05)
1.0355 	EXP 	pilot_label_text: height = np.float64(0.05)
1.0355 	EXP 	pilot_label_text: height = np.float64(0.05)
1.0355 	EXP 	pilot_label_text: height = np.float64(0.05)
1.0355 	EXP 	pilot_label_text: height = np.float64(0.05)
1.0355 	EXP 	pilot_label_text: text = 'Model AI wykrył w tej twarzy 80% smutku.\n\n'
1.0355 	EXP 	pilot_suwak: markerPos = None
1.0355 	EXP 	pilot_suwak: markerPos = 0
1.0355 	EXP 	pilot_lewa_etykieta: height = np.float64(0.085)
1.0355 	EXP 	pilot_lewa_etykieta: height = np.float64(0.085)
1.0355 	EXP 	pilot_lewa_etykieta: height = np.float64(0.085)
1.0355 	EXP 	pilot_lewa_etykieta: text = 'radość'
1.0355 	EXP 	pilot_prawa_etykieta: height = np.float64(0.085)
1.0355 	EXP 	pilot_prawa_etykieta: height = np.float64(0.085)
1.0355 	EXP 	pilot_prawa_etykieta: height = np.float64(0.085)
1.0355 	EXP 	pilot_prawa_etykieta: text = 'smutek'
1.0355 	EXP 	pilot_fiksacja1: autoDraw = True
1.0712 	EXP 	Device response: <KeyPress from None: t=1.001098099979572, value=space, duration=0.06498149991966784>
1.5369 	EXP 	pilot_fiksacja1: autoDraw = False
1.7196 	EXP 	pilot_label_text: autoDraw = True
4.7279 	EXP 	pilot_label_text: autoDraw = False
4.9110 	EXP 	pilot_fiksacja2: autoDraw = True
5.4263 	EXP 	pilot_fiksacja2: autoDraw = False
5.6102 	EXP 	pilot_stim_image: autoDraw = True
6.5079 	EXP 	pilot_suwak: autoDraw = True
6.5079 	EXP 	pilot_pytanie: autoDraw = True
6.5079 	EXP 	pilot_lewa_etykieta: autoDraw = True
6.5079 	EXP 	pilot_prawa_etykieta: autoDraw = True
6.5232 	EXP 	pilot_stim_image: autoDraw = False
6.9396 	DATA 	Mouse: Left button down, pos=(1259,269)
6.9552 	EXP 	pilot_suwak: markerPos = np.float64(31.145833333333343)
6.9718 	EXP 	pilot_suwak: markerPos = np.float64(31.145833333333343)
6.9886 	EXP 	pilot_suwak: markerPos = np.float64(31.145833333333343)
7.0057 	EXP 	pilot_suwak: markerPos = np.float64(31.145833333333343)
7.0068 	DATA 	Mouse:  Left button up, pos=(1259,269)
7.0221 	EXP 	pilot_suwak: markerPos = np.float64(31.145833333333343)
7.0388 	INFO 	Keyboard events cleared
7.0387 	EXP 	pilot_label_text: autoDraw = False
7.0387 	EXP 	pilot_fiksacja1: autoDraw = False
7.0387 	EXP 	pilot_suwak: autoDraw = False
7.0387 	EXP 	pilot_fiksacja2: autoDraw = False
7.0387 	EXP 	pilot_pytanie: autoDraw = False
7.0387 	EXP 	pilot_lewa_etykieta: autoDraw = False
7.0387 	EXP 	pilot_prawa_etykieta: autoDraw = False
7.0387 	EXP 	pilot_stim_image: autoDraw = False
7.0387 	EXP 	start_badania: autoDraw = True
8.6359 	DATA 	Keypress: space
8.6516 	EXP 	Device response: <KeyPress from None: t=8.634258299949579, value=space, duration=None>
8.6691 	EXP 	Imported conditions.xlsx as conditions, 32 conditions, 9 params
8.6697 	EXP 	New trial (rep=0, index=0): <Trial 0 (0 in rep 0) data={'image_path': 'photos/1K_SZ_5050.png', 'etykieta': 'Model sztucznej inteligencji wykrył w tej twarzy 72% strachu .', 'left_label': 'strach', 'right_label': 'złość', 'show_label': 4, 'proporcja_zdjecia': '50/50', 'typ_etykiety': 'Procentowa AI', 'warunek': 'n/d', 'kierunek': 'Sugestia Lewo strach', 'thisN': 0, 'thisTrialN': 0, 'thisRepN': 0}>
8.7404 	EXP 	Device response: <KeyPress from None: t=8.634258299949579, value=space, duration=0.06980599998496473>
8.7443 	EXP 	start_badania: autoDraw = False
8.7443 	EXP 	przerwa_text: autoDraw = False
8.7443 	EXP 	label_text: height = np.float64(0.05)
8.7443 	EXP 	label_text: height = np.float64(0.05)
8.7443 	EXP 	label_text: height = np.float64(0.05)
8.7443 	EXP 	label_text: text = 'Model sztucznej inteligencji wykrył w tej twarzy 72% strachu .'
8.7443 	EXP 	label_text: height = np.float64(0.05)
8.7443 	EXP 	label_text: height = np.float64(0.05)
8.7443 	EXP 	label_text: height = np.float64(0.05)
8.7443 	EXP 	label_text: text = 'Model sztucznej inteligencji wykrył w tej twarzy 72% strachu .'
8.7443 	EXP 	stim_image: image = 'photos/1K_SZ_5050.png'
8.7443 	EXP 	suwak_badanie: markerPos = None
8.7443 	EXP 	suwak_badanie: markerPos = 0
8.7443 	EXP 	lewa_etykieta: height = np.float64(0.085)
8.7443 	EXP 	lewa_etykieta: height = np.float64(0.085)
8.7443 	EXP 	lewa_etykieta: height = np.float64(0.085)
8.7443 	EXP 	lewa_etykieta: text = 'strach'
8.7443 	EXP 	prawa_etykieta: height = np.float64(0.085)
8.7443 	EXP 	prawa_etykieta: height = np.float64(0.085)
8.7443 	EXP 	prawa_etykieta: height = np.float64(0.085)
8.7443 	EXP 	prawa_etykieta: text = 'złość'
8.7443 	EXP 	label_text: autoDraw = True
12.7561 	EXP 	label_text: autoDraw = False
12.8729 	EXP 	polygon: autoDraw = True
13.1216 	EXP 	polygon: autoDraw = False
13.3227 	EXP 	stim_image: autoDraw = True
13.8056 	DATA 	Keypress: space
13.8213 	EXP 	Device response: <KeyPress from None: t=13.804962900001556, value=space, duration=None>
13.8714 	EXP 	Device response: <KeyPress from None: t=13.804962900001556, value=space, duration=0.05495699995663017>
14.5344 	EXP 	stim_image: autoDraw = False
14.5344 	EXP 	suwak_badanie: autoDraw = True
14.5344 	EXP 	lewa_etykieta: autoDraw = True
14.5344 	EXP 	prawa_etykieta: autoDraw = True
14.5344 	EXP 	pytanie: autoDraw = True
14.5846 	EXP 	Device response: <KeyPress from None: t=14.581490999902599, value=escape, duration=None>
14.5849 	DATA 	Keypress: escape
14.6346 	EXP 	Device response: <KeyPress from None: t=14.62585849990137, value=apostrophe, duration=None>
14.6349 	DATA 	Keypress: quoteleft
14.7172 	EXP 	Device response: <KeyPress from None: t=14.62585849990137, value=apostrophe, duration=0.07494870002847165>
14.7341 	EXP 	Device response: <KeyPress from None: t=14.581490999902599, value=escape, duration=0.14412470010574907>
14.7341 	EXP 	untitled_FINAL_NEWEST: status = STOPPED
14.7503 	EXP 	suwak_badanie: autoDraw = False
14.7503 	EXP 	lewa_etykieta: autoDraw = False
14.7503 	EXP 	prawa_etykieta: autoDraw = False
14.7503 	EXP 	pytanie: autoDraw = False
14.7504 	EXP 	untitled_FINAL_NEWEST: status = STOPPED
14.7555 	INFO 	saved data to 'C:\\Users\\julia\\OneDrive\\Pulpit\\percepcja_psychopy\\data\\103330_untitled_FINAL_NEWEST_2026-04-27_11h56.54.736.csv'
14.7573 	INFO 	saved data to C:\Users\julia\OneDrive\Pulpit\percepcja_psychopy\data\103330_untitled_FINAL_NEWEST_2026-04-27_11h56.54.736.psydat
15.5224 	WARNING 	Stopping key buffers but this could be dangerous ifother keyboards rely on the same.
