8.2104 	INFO 	Loaded monitor calibration from ['2026_03_18 20:30']
8.2605 	WARNING 	User requested fullscreen with size [1090  800], but screen is actually [1920, 1080]. Using actual size
9.4543 	INFO 	Using renderer 'Intel(R) UHD Graphics' for graphics
9.4544 	INFO 	OpenGL version supported by driver is 4..
10.4186 	EXP 	Created window1 = Window(allowGUI=False, allowStencil=True, autoLog=True, backendConf=UNKNOWN, backgroundFit=<method-wrapper '__getattribute__' of attributeSetter object at 0x000002735A9E38E0>, backgroundImage=<method-wrapper '__getattribute__' of attributeSetter object at 0x000002735A9E3940>, bitsMode=UNKNOWN, blendMode='avg', bpc=(8, 8, 8), color=array([0.6549, 0.6549, 0.6549]), colorSpace='rgb', depthBits=8, fullscr=True, gamma=None, gammaErrorPolicy='raise', infoMsg=UNKNOWN, lms=UNKNOWN, monitor=<psychopy.monitors.calibTools.Monitor object at 0x000002735A9E6F20>, multiSample=False, name='window1', numSamples=2, pos=[np.float64(0.0), np.float64(0.0)], screen=0, size=array([1920, 1080]), stencilBits=8, stereo=False, title='PsychoPy', units='height', useFBO=True, useRetina=False, viewOri=0.0, viewPos=None, viewScale=None, waitBlanking=True, winType='pyglet')
10.4186 	EXP 	window1: backgroundImage = ''
10.4187 	EXP 	window1: backgroundFit = 'none'
10.6148 	INFO 	keyboard.Keyboard is using ptb backend.
10.6149 	EXP 	untitled_FINAL_NEWEST: status = STARTED
10.9048 	EXP 	Created suwaki_interpretacja = ImageStim(__class__=<class 'psychopy.visual.image.ImageStim'>, anchor=('center', 'center'), autoLog=True, color=array([1., 1., 1.]), colorSpace='rgb', contrast=1.0, depth=-3.0, draggable=False, flipHoriz=np.False_, flipVert=np.False_, image='photos/suwaki_instrukcja.png', interpolate=True, mask=None, maskParams=None, name='suwaki_interpretacja', opacity=1, ori=0.0, pos=array([ 0. , -0.2]), size=array([1.  , 0.75]), texRes=128.0, units='norm', win=Window(...))
11.0457 	EXP 	Created proba_testowa = TextStim(__class__=<class 'psychopy.visual.text.TextStim'>, alignHoriz=method-wrapper(...), alignText='center', alignVert=method-wrapper(...), anchorHoriz='center', anchorVert='center', antialias=True, autoDraw=False, autoLog=True, bold=False, color=array([-1., -1., -1.]), colorSpace='rgb', contrast=1.0, depth=-2.0, draggable=False, flipHoriz=False, flipVert=False, font='Arial', fontFiles=[], height=np.float64(0.04), italic=False, languageStyle='LTR', name='proba_testowa', opacity=1, ori=0.0, pos=array([0., 0.]), rgb=UNKNOWN, text=str(...), units='height', win=Window(...), wrapWidth=1.4)
11.0472 	EXP 	Created pilot_label_text = TextStim(__class__=<class 'psychopy.visual.text.TextStim'>, alignHoriz=method-wrapper(...), alignText='center', alignVert=method-wrapper(...), anchorHoriz='center', anchorVert='center', antialias=True, autoDraw=False, autoLog=True, bold=False, color=array([-1., -1., -1.]), colorSpace='rgb', contrast=1.0, depth=-1.0, draggable=False, flipHoriz=False, flipVert=False, font='Arial', fontFiles=[], height=0.05, italic=False, languageStyle='LTR', name='pilot_label_text', opacity=1, ori=0.0, pos=array([0., 0.]), rgb=UNKNOWN, text='', units='height', win=Window(...), wrapWidth=2.0)
11.0534 	EXP 	Created pilot_fiksacja1 = TextStim(__class__=<class 'psychopy.visual.text.TextStim'>, alignHoriz=method-wrapper(...), alignText='center', alignVert=method-wrapper(...), anchorHoriz='center', anchorVert='center', antialias=True, autoDraw=False, autoLog=True, bold=False, color=array([-1., -1., -1.]), colorSpace='rgb', contrast=1.0, depth=-2.0, draggable=False, flipHoriz=False, flipVert=False, font='Arial', fontFiles=[], height=np.float64(0.12), italic=False, languageStyle='LTR', name='pilot_fiksacja1', opacity=1, ori=0.0, pos=array([0., 0.]), rgb=UNKNOWN, text='+', units='height', win=Window(...), wrapWidth=1)
11.0885 	EXP 	Created pilot_suwak = Slider(__class__=<class 'psychopy.visual.slider.Slider'>, autoDraw=False, autoLog=True, borderColor=None, color=None, colorSpace='rgb', depth=-3, fillColor=None, flip=False, font='Noto Sans', granularity=0.0, labelColor=None, labelHeight=np.float64(0.05), labelWrapWidth=None, labels=None, lineColor=None, markerColor=None, name='pilot_suwak', opacity=None, ori=0.0, pos=array([ 0. , -0.5]), readOnly=False, self=UNKNOWN, size=array([1. , 0.1]), startValue=0, style='slider', styleTweaks=[], ticks=array([-50, -25,   0,  25,  50]), units='norm', win=Window(...))
11.0966 	EXP 	Created pilot_fiksacja2 = TextStim(__class__=<class 'psychopy.visual.text.TextStim'>, alignHoriz=method-wrapper(...), alignText='center', alignVert=method-wrapper(...), anchorHoriz='center', anchorVert='center', antialias=True, autoDraw=False, autoLog=True, bold=False, color=array([-1., -1., -1.]), colorSpace='rgb', contrast=1.0, depth=-4.0, draggable=False, flipHoriz=False, flipVert=False, font='Arial', fontFiles=[], height=np.float64(0.1), italic=False, languageStyle='LTR', name='pilot_fiksacja2', opacity=1, ori=0.0, pos=array([0., 0.]), rgb=UNKNOWN, text='+', units='height', win=Window(...), wrapWidth=1)
11.1125 	EXP 	Created pilot_pytanie = TextStim(__class__=<class 'psychopy.visual.text.TextStim'>, alignHoriz=method-wrapper(...), alignText='center', alignVert=method-wrapper(...), anchorHoriz='center', anchorVert='center', antialias=True, autoDraw=False, autoLog=True, bold=False, color=array([-1., -1., -1.]), colorSpace='rgb', contrast=1.0, depth=-5.0, draggable=False, flipHoriz=False, flipVert=False, font='Arial', fontFiles=[], height=np.float64(0.1), italic=False, languageStyle='LTR', name='pilot_pytanie', opacity=1, ori=0.0, pos=array([0., 0.]), rgb=UNKNOWN, text='Jaką emocję wyrażała ta twarz?', units='norm', win=Window(...), wrapWidth=1)
11.1139 	EXP 	Created pilot_lewa_etykieta = TextStim(__class__=<class 'psychopy.visual.text.TextStim'>, alignHoriz=method-wrapper(...), alignText='center', alignVert=method-wrapper(...), anchorHoriz='center', anchorVert='center', antialias=True, autoDraw=False, autoLog=True, bold=False, color=array([-1., -1., -1.]), colorSpace='rgb', contrast=1.0, depth=-6.0, draggable=False, flipHoriz=False, flipVert=False, font='Arial', fontFiles=[], height=0.085, italic=False, languageStyle='LTR', name='pilot_lewa_etykieta', opacity=1, ori=0.0, pos=array([-0.6, -0.5]), rgb=UNKNOWN, text='', units='norm', win=Window(...), wrapWidth=1)
11.1150 	EXP 	Created pilot_prawa_etykieta = TextStim(__class__=<class 'psychopy.visual.text.TextStim'>, alignHoriz=method-wrapper(...), alignText='center', alignVert=method-wrapper(...), anchorHoriz='center', anchorVert='center', antialias=True, autoDraw=False, autoLog=True, bold=False, color=array([-1., -1., -1.]), colorSpace='rgb', contrast=1.0, depth=-7.0, draggable=False, flipHoriz=False, flipVert=False, font='Arial', fontFiles=[], height=0.085, italic=False, languageStyle='LTR', name='pilot_prawa_etykieta', opacity=1, ori=0.0, pos=array([ 0.6, -0.5]), rgb=UNKNOWN, text='', units='norm', win=Window(...), wrapWidth=1)
11.1431 	EXP 	Created pilot_stim_image = ImageStim(__class__=<class 'psychopy.visual.image.ImageStim'>, anchor=('center', 'center'), autoLog=True, color=array([1., 1., 1.]), colorSpace='rgb', contrast=1.0, depth=-8.0, draggable=False, flipHoriz=np.False_, flipVert=np.False_, image='photos/twarz_testowa.jpg', interpolate=True, mask=None, maskParams=None, name='pilot_stim_image', opacity=1, ori=0.0, pos=array([0., 0.]), size=array([0.75, 0.75]), texRes=128.0, units='height', win=Window(...))
11.1815 	EXP 	Created start_badania = TextStim(__class__=<class 'psychopy.visual.text.TextStim'>, alignHoriz=method-wrapper(...), alignText='center', alignVert=method-wrapper(...), anchorHoriz='center', anchorVert='center', antialias=True, autoDraw=False, autoLog=True, bold=False, color=array([-1., -1., -1.]), colorSpace='rgb', contrast=1.0, depth=-2.0, draggable=False, flipHoriz=False, flipVert=False, font='Arial', fontFiles=[], height=np.float64(0.1), italic=False, languageStyle='LTR', name='start_badania', opacity=1, ori=0.0, pos=array([0., 0.]), rgb=UNKNOWN, text=str(...), units='norm', win=Window(...), wrapWidth=1.4)
11.1887 	EXP 	Created przerwa_text = TextStim(__class__=<class 'psychopy.visual.text.TextStim'>, alignHoriz=method-wrapper(...), alignText='center', alignVert=method-wrapper(...), anchorHoriz='center', anchorVert='center', antialias=True, autoDraw=False, autoLog=True, bold=False, color=array([-1., -1., -1.]), colorSpace='rgb', contrast=1.0, depth=0.0, draggable=False, flipHoriz=False, flipVert=False, font='Arial', fontFiles=[], height=np.float64(0.1), italic=False, languageStyle='LTR', name='przerwa_text', opacity=1, ori=0.0, pos=array([0., 0.]), rgb=UNKNOWN, text=str(...), units='norm', win=Window(...), wrapWidth=1)
11.1897 	EXP 	Created label_text = TextStim(__class__=<class 'psychopy.visual.text.TextStim'>, alignHoriz=method-wrapper(...), alignText='center', alignVert=method-wrapper(...), anchorHoriz='center', anchorVert='center', antialias=True, autoDraw=False, autoLog=True, bold=False, color=array([-1., -1., -1.]), colorSpace='rgb', contrast=1.0, depth=-2.0, draggable=False, flipHoriz=False, flipVert=False, font='Arial', fontFiles=[], height=0.05, italic=False, languageStyle='LTR', name='label_text', opacity=1, ori=0.0, pos=array([0., 0.]), rgb=UNKNOWN, text='', units='height', win=Window(...), wrapWidth=1.3)
11.1954 	EXP 	Created stim_image = ImageStim(__class__=<class 'psychopy.visual.image.ImageStim'>, anchor=('center', 'center'), autoLog=True, color=array([1., 1., 1.]), colorSpace='rgb', contrast=1.0, depth=-3.0, draggable=False, flipHoriz=np.False_, flipVert=np.False_, image='default.png', interpolate=True, mask=None, maskParams=None, name='stim_image', opacity=1, ori=0.0, pos=array([0., 0.]), size=array([0.75, 0.75]), texRes=128.0, units='height', win=Window(...))
11.2093 	EXP 	Created suwak_badanie = Slider(__class__=<class 'psychopy.visual.slider.Slider'>, autoDraw=False, autoLog=True, borderColor=None, color=None, colorSpace='rgb', depth=-4, fillColor=None, flip=False, font='Noto Sans', granularity=0.0, labelColor=None, labelHeight=np.float64(0.05), labelWrapWidth=None, labels=None, lineColor=None, markerColor=None, name='suwak_badanie', opacity=None, ori=0.0, pos=array([ 0. , -0.5]), readOnly=False, self=UNKNOWN, size=array([1. , 0.1]), startValue=0, style='slider', styleTweaks=[], ticks=array([-50, -25,   0,  25,  50]), units='norm', win=Window(...))
11.2104 	EXP 	Created lewa_etykieta = TextStim(__class__=<class 'psychopy.visual.text.TextStim'>, alignHoriz=method-wrapper(...), alignText='center', alignVert=method-wrapper(...), anchorHoriz='center', anchorVert='center', antialias=True, autoDraw=False, autoLog=True, bold=False, color=array([-1., -1., -1.]), colorSpace='rgb', contrast=1.0, depth=-5.0, draggable=False, flipHoriz=False, flipVert=False, font='Arial', fontFiles=[], height=0.085, italic=False, languageStyle='LTR', name='lewa_etykieta', opacity=1, ori=0.0, pos=array([-0.65, -0.5 ]), rgb=UNKNOWN, text='', units='norm', win=Window(...), wrapWidth=1)
11.2119 	EXP 	Created prawa_etykieta = TextStim(__class__=<class 'psychopy.visual.text.TextStim'>, alignHoriz=method-wrapper(...), alignText='center', alignVert=method-wrapper(...), anchorHoriz='center', anchorVert='center', antialias=True, autoDraw=False, autoLog=True, bold=False, color=array([-1., -1., -1.]), colorSpace='rgb', contrast=1.0, depth=-6.0, draggable=False, flipHoriz=False, flipVert=False, font='Arial', fontFiles=[], height=0.085, italic=False, languageStyle='LTR', name='prawa_etykieta', opacity=1, ori=0.0, pos=array([ 0.65, -0.5 ]), rgb=UNKNOWN, text='', units='norm', win=Window(...), wrapWidth=1)
11.2182 	EXP 	Created fiksacja2 = TextStim(__class__=<class 'psychopy.visual.text.TextStim'>, alignHoriz=method-wrapper(...), alignText='center', alignVert=method-wrapper(...), anchorHoriz='center', anchorVert='center', antialias=True, autoDraw=False, autoLog=True, bold=False, color=array([-1., -1., -1.]), colorSpace='rgb', contrast=1.0, depth=-7.0, draggable=False, flipHoriz=False, flipVert=False, font='Arial', fontFiles=[], height=np.float64(0.12), italic=False, languageStyle='LTR', name='fiksacja2', opacity=1, ori=0.0, pos=array([0., 0.]), rgb=UNKNOWN, text='+', units='height', win=Window(...), wrapWidth=1)
11.2282 	EXP 	Created pytanie = TextStim(__class__=<class 'psychopy.visual.text.TextStim'>, alignHoriz=method-wrapper(...), alignText='center', alignVert=method-wrapper(...), anchorHoriz='center', anchorVert='center', antialias=True, autoDraw=False, autoLog=True, bold=False, color=array([-1., -1., -1.]), colorSpace='rgb', contrast=1.0, depth=-8.0, draggable=False, flipHoriz=False, flipVert=False, font='Arial', fontFiles=[], height=np.float64(0.1), italic=False, languageStyle='LTR', name='pytanie', opacity=1, ori=0.0, pos=array([0., 0.]), rgb=UNKNOWN, text='Jaką emocję wyrażała ta twarz?', units='norm', win=Window(...), wrapWidth=1)
11.2306 	EXP 	Created text = TextStim(__class__=<class 'psychopy.visual.text.TextStim'>, alignHoriz=method-wrapper(...), alignText='center', alignVert=method-wrapper(...), anchorHoriz='center', anchorVert='center', antialias=True, autoDraw=False, autoLog=True, bold=False, color=array([1., 1., 1.]), colorSpace='rgb', contrast=1.0, depth=-1.0, draggable=False, flipHoriz=False, flipVert=False, font='Arial', fontFiles=[], height=np.float64(0.05), italic=False, languageStyle='LTR', name='text', opacity=1, ori=0.0, pos=array([0., 0.]), rgb=UNKNOWN, text='', units='height', win=Window(...), wrapWidth=1)
11.2526 	EXP 	Created podziekowania_text = TextStim(__class__=<class 'psychopy.visual.text.TextStim'>, alignHoriz=method-wrapper(...), alignText='center', alignVert=method-wrapper(...), anchorHoriz='center', anchorVert='center', antialias=True, autoDraw=False, autoLog=True, bold=False, color=array([1., 1., 1.]), colorSpace='rgb', contrast=1.0, depth=0.0, draggable=False, flipHoriz=False, flipVert=False, font='Arial', fontFiles=[], height=np.float64(0.05), italic=False, languageStyle='LTR', name='podziekowania_text', opacity=1, ori=0.0, pos=array([0., 0.]), rgb=UNKNOWN, text=str(...), units='height', win=Window(...), wrapWidth=1)
0.1042 	EXP 	textbox_2: autoLog = True
0.1042 	EXP 	textbox_3: autoLog = True
0.1042 	EXP 	pilot_suwak: autoLog = True
0.1042 	EXP 	pilot_suwak: styleTweaks = []
0.1042 	EXP 	pilot_suwak: styleTweaks = []
0.1042 	EXP 	pilot_suwak: styleTweaks = []
0.1042 	EXP 	pilot_suwak: styleTweaks = []
0.1042 	EXP 	pilot_suwak: contrast = 1.0
0.1042 	EXP 	pilot_suwak: markerPos = 0
0.1042 	EXP 	pilot_suwak: autoLog = True
0.1042 	EXP 	suwak_badanie: autoLog = True
0.1042 	EXP 	suwak_badanie: styleTweaks = []
0.1042 	EXP 	suwak_badanie: styleTweaks = []
0.1042 	EXP 	suwak_badanie: styleTweaks = []
0.1042 	EXP 	suwak_badanie: styleTweaks = []
0.1042 	EXP 	suwak_badanie: contrast = 1.0
0.1042 	EXP 	suwak_badanie: markerPos = 0
0.1042 	EXP 	suwak_badanie: autoLog = True
0.1358 	INFO 	Keyboard events cleared
0.1357 	EXP 	textbox_2: autoDraw = True
1.6604 	DATA 	Keypress: space
1.6778 	EXP 	Device response: <KeyPress from None: t=1.6508708000183105, value=space, duration=None>
1.6941 	INFO 	Keyboard events cleared
1.6940 	EXP 	textbox_2: autoDraw = False
1.6940 	EXP 	textbox_3: autoDraw = True
1.6940 	EXP 	suwaki_interpretacja: autoDraw = True
1.8230 	EXP 	Device response: <KeyPress from None: t=1.6508708000183105, value=space, duration=0.16440559993498027>
9.3012 	EXP 	Device response: <KeyPress from None: t=9.296065300004557, value=space, duration=None>
9.3054 	DATA 	Keypress: space
9.3173 	INFO 	Keyboard events cleared
9.3171 	EXP 	textbox_3: autoDraw = False
9.3171 	EXP 	suwaki_interpretacja: autoDraw = False
9.3171 	EXP 	proba_testowa: autoDraw = True
9.4504 	EXP 	Device response: <KeyPress from None: t=9.296065300004557, value=space, duration=0.1506141999270767>
23.4167 	DATA 	Keypress: space
23.4295 	EXP 	Device response: <KeyPress from None: t=23.41423949995078, value=space, duration=None>
23.4696 	EXP 	proba_testowa: autoDraw = False
23.4696 	EXP 	pilot_label_text: height = np.float64(0.05)
23.4696 	EXP 	pilot_label_text: height = np.float64(0.05)
23.4696 	EXP 	pilot_label_text: height = np.float64(0.05)
23.4696 	EXP 	pilot_label_text: height = np.float64(0.05)
23.4696 	EXP 	pilot_label_text: height = np.float64(0.05)
23.4696 	EXP 	pilot_label_text: height = np.float64(0.05)
23.4696 	EXP 	pilot_label_text: text = 'Model AI wykrył w tej twarzy 80% smutku.\n\n'
23.4696 	EXP 	pilot_suwak: markerPos = None
23.4696 	EXP 	pilot_suwak: markerPos = 0
23.4696 	EXP 	pilot_lewa_etykieta: height = np.float64(0.085)
23.4696 	EXP 	pilot_lewa_etykieta: height = np.float64(0.085)
23.4696 	EXP 	pilot_lewa_etykieta: height = np.float64(0.085)
23.4696 	EXP 	pilot_lewa_etykieta: text = 'radość'
23.4696 	EXP 	pilot_prawa_etykieta: height = np.float64(0.085)
23.4696 	EXP 	pilot_prawa_etykieta: height = np.float64(0.085)
23.4696 	EXP 	pilot_prawa_etykieta: height = np.float64(0.085)
23.4696 	EXP 	pilot_prawa_etykieta: text = 'smutek'
23.4696 	EXP 	pilot_fiksacja1: autoDraw = True
23.5952 	EXP 	Device response: <KeyPress from None: t=23.41423949995078, value=space, duration=0.16513510001823306>
23.9771 	EXP 	pilot_fiksacja1: autoDraw = False
24.1435 	EXP 	pilot_label_text: autoDraw = True
27.1516 	EXP 	pilot_label_text: autoDraw = False
27.3346 	EXP 	pilot_fiksacja2: autoDraw = True
27.8497 	EXP 	pilot_fiksacja2: autoDraw = False
28.0336 	EXP 	pilot_stim_image: autoDraw = True
29.3453 	EXP 	pilot_stim_image: autoDraw = False
29.4287 	EXP 	pilot_suwak: autoDraw = True
29.4287 	EXP 	pilot_pytanie: autoDraw = True
29.4287 	EXP 	pilot_lewa_etykieta: autoDraw = True
29.4287 	EXP 	pilot_prawa_etykieta: autoDraw = True
32.5051 	DATA 	Mouse: Left button down, pos=(1354,269)
32.5203 	EXP 	pilot_suwak: markerPos = np.float64(41.04166666666667)
32.5369 	EXP 	pilot_suwak: markerPos = np.float64(41.04166666666667)
32.5535 	EXP 	pilot_suwak: markerPos = np.float64(41.04166666666667)
32.5702 	EXP 	pilot_suwak: markerPos = np.float64(41.04166666666667)
32.5868 	EXP 	pilot_suwak: markerPos = np.float64(41.04166666666667)
32.5935 	DATA 	Mouse:  Left button up, pos=(1354,269)
32.6034 	EXP 	pilot_suwak: markerPos = np.float64(41.04166666666667)
32.6200 	EXP 	pilot_suwak: markerPos = np.float64(41.04166666666667)
32.6371 	INFO 	Keyboard events cleared
32.6369 	EXP 	pilot_label_text: autoDraw = False
32.6369 	EXP 	pilot_fiksacja1: autoDraw = False
32.6369 	EXP 	pilot_suwak: autoDraw = False
32.6369 	EXP 	pilot_fiksacja2: autoDraw = False
32.6369 	EXP 	pilot_pytanie: autoDraw = False
32.6369 	EXP 	pilot_lewa_etykieta: autoDraw = False
32.6369 	EXP 	pilot_prawa_etykieta: autoDraw = False
32.6369 	EXP 	pilot_stim_image: autoDraw = False
32.6369 	EXP 	start_badania: autoDraw = True
40.6489 	EXP 	Device response: <KeyPress from None: t=40.64069259993266, value=space, duration=None>
40.6844 	EXP 	Imported conditions.xlsx as conditions, 32 conditions, 9 params
40.6855 	EXP 	New trial (rep=0, index=0): <Trial 0 (0 in rep 0) data={'image_path': 'photos/1K_SZ_5050.png', 'etykieta': 'Model sztucznej inteligencji wykrył w tej twarzy 72% strachu .', 'left_label': 'strach', 'right_label': 'złość', 'show_label': 4, 'proporcja_zdjecia': '50/50', 'typ_etykiety': 'Procentowa AI', 'warunek': 'n/d', 'kierunek': 'Sugestia Lewo strach', 'thisN': 0, 'thisTrialN': 0, 'thisRepN': 0}>
40.8134 	EXP 	Device response: <KeyPress from None: t=40.64069259993266, value=space, duration=0.06485530000645667>
40.8143 	DATA 	Keypress: space
40.8171 	EXP 	start_badania: autoDraw = False
40.8171 	EXP 	przerwa_text: autoDraw = False
40.8171 	EXP 	label_text: height = np.float64(0.05)
40.8171 	EXP 	label_text: height = np.float64(0.05)
40.8171 	EXP 	label_text: height = np.float64(0.05)
40.8171 	EXP 	label_text: text = 'Model sztucznej inteligencji wykrył w tej twarzy 72% strachu .'
40.8171 	EXP 	label_text: height = np.float64(0.05)
40.8171 	EXP 	label_text: height = np.float64(0.05)
40.8171 	EXP 	label_text: height = np.float64(0.05)
40.8171 	EXP 	label_text: text = 'Model sztucznej inteligencji wykrył w tej twarzy 72% strachu .'
40.8171 	EXP 	stim_image: image = 'photos/1K_SZ_5050.png'
40.8171 	EXP 	suwak_badanie: markerPos = None
40.8171 	EXP 	suwak_badanie: markerPos = 0
40.8171 	EXP 	lewa_etykieta: height = np.float64(0.085)
40.8171 	EXP 	lewa_etykieta: height = np.float64(0.085)
40.8171 	EXP 	lewa_etykieta: height = np.float64(0.085)
40.8171 	EXP 	lewa_etykieta: text = 'strach'
40.8171 	EXP 	prawa_etykieta: height = np.float64(0.085)
40.8171 	EXP 	prawa_etykieta: height = np.float64(0.085)
40.8171 	EXP 	prawa_etykieta: height = np.float64(0.085)
40.8171 	EXP 	prawa_etykieta: text = 'złość'
40.8171 	EXP 	label_text: autoDraw = True
44.8200 	EXP 	label_text: autoDraw = False
44.8868 	EXP 	fiksacja2: autoDraw = True
45.6509 	EXP 	fiksacja2: autoDraw = False
45.8513 	EXP 	stim_image: autoDraw = True
47.1637 	EXP 	stim_image: autoDraw = False
47.3465 	EXP 	suwak_badanie: autoDraw = True
47.3465 	EXP 	lewa_etykieta: autoDraw = True
47.3465 	EXP 	prawa_etykieta: autoDraw = True
47.3465 	EXP 	pytanie: autoDraw = True
48.4777 	DATA 	Mouse: Left button down, pos=(1323,260)
48.4933 	EXP 	suwak_badanie: markerPos = np.float64(37.8125)
48.5100 	EXP 	suwak_badanie: markerPos = np.float64(37.8125)
48.5266 	EXP 	suwak_badanie: markerPos = np.float64(37.8125)
48.5433 	EXP 	suwak_badanie: markerPos = np.float64(37.8125)
48.5597 	EXP 	suwak_badanie: markerPos = np.float64(37.8125)
48.5625 	DATA 	Mouse:  Left button up, pos=(1323,260)
48.5763 	EXP 	suwak_badanie: markerPos = np.float64(37.8125)
48.5931 	EXP 	label_text: autoDraw = False
48.5931 	EXP 	stim_image: autoDraw = False
48.5931 	EXP 	suwak_badanie: autoDraw = False
48.5931 	EXP 	lewa_etykieta: autoDraw = False
48.5931 	EXP 	prawa_etykieta: autoDraw = False
48.5931 	EXP 	fiksacja2: autoDraw = False
48.5931 	EXP 	pytanie: autoDraw = False
48.5931 	EXP 	text: autoDraw = True
50.5888 	EXP 	New trial (rep=0, index=1): <Trial 1 (1 in rep 0) data={'image_path': 'photos/1K_OZ_8020.png', 'etykieta': 'Poprzedni badani wykryli w tej twarzy oczekiwanie.', 'left_label': 'zaskoczenie', 'right_label': 'oczekiwanie', 'show_label': 4, 'proporcja_zdjecia': '80/20 oczekiwanie', 'typ_etykiety': 'Kategorialna Ludzie', 'warunek': 'Zgodny', 'kierunek': 'Dominacja Prawo oczekiwanie', 'thisN': 1, 'thisTrialN': 1, 'thisRepN': 0}>
50.6565 	EXP 	text: autoDraw = False
50.6565 	EXP 	przerwa_text: autoDraw = False
50.6565 	EXP 	label_text: height = np.float64(0.05)
50.6565 	EXP 	label_text: height = np.float64(0.05)
50.6565 	EXP 	label_text: height = np.float64(0.05)
50.6565 	EXP 	label_text: text = 'Poprzedni badani wykryli w tej twarzy oczekiwanie.'
50.6565 	EXP 	label_text: height = np.float64(0.05)
50.6565 	EXP 	label_text: height = np.float64(0.05)
50.6565 	EXP 	label_text: height = np.float64(0.05)
50.6565 	EXP 	label_text: text = 'Poprzedni badani wykryli w tej twarzy oczekiwanie.'
50.6565 	EXP 	stim_image: image = 'photos/1K_OZ_8020.png'
50.6565 	EXP 	suwak_badanie: markerPos = None
50.6565 	EXP 	suwak_badanie: markerPos = 0
50.6565 	EXP 	lewa_etykieta: height = np.float64(0.085)
50.6565 	EXP 	lewa_etykieta: height = np.float64(0.085)
50.6565 	EXP 	lewa_etykieta: height = np.float64(0.085)
50.6565 	EXP 	lewa_etykieta: text = 'zaskoczenie'
50.6565 	EXP 	prawa_etykieta: height = np.float64(0.085)
50.6565 	EXP 	prawa_etykieta: height = np.float64(0.085)
50.6565 	EXP 	prawa_etykieta: height = np.float64(0.085)
50.6565 	EXP 	prawa_etykieta: text = 'oczekiwanie'
50.6565 	EXP 	label_text: autoDraw = True
54.6599 	EXP 	label_text: autoDraw = False
54.7929 	EXP 	fiksacja2: autoDraw = True
55.5575 	EXP 	fiksacja2: autoDraw = False
55.7412 	EXP 	stim_image: autoDraw = True
57.0535 	EXP 	stim_image: autoDraw = False
57.2529 	EXP 	suwak_badanie: autoDraw = True
57.2529 	EXP 	lewa_etykieta: autoDraw = True
57.2529 	EXP 	prawa_etykieta: autoDraw = True
57.2529 	EXP 	pytanie: autoDraw = True
58.4831 	EXP 	Device response: <KeyPress from None: t=58.47779259993695, value=escape, duration=None>
58.4836 	DATA 	Keypress: escape
58.6492 	EXP 	Device response: <KeyPress from None: t=58.47779259993695, value=escape, duration=0.1698225000873208>
58.6492 	EXP 	untitled_FINAL_NEWEST: status = STOPPED
58.6656 	EXP 	suwak_badanie: autoDraw = False
58.6656 	EXP 	lewa_etykieta: autoDraw = False
58.6656 	EXP 	prawa_etykieta: autoDraw = False
58.6656 	EXP 	pytanie: autoDraw = False
58.6658 	EXP 	untitled_FINAL_NEWEST: status = STOPPED
58.6777 	INFO 	saved data to 'C:\\Users\\julia\\OneDrive\\Pulpit\\percepcja_psychopy\\data\\106371_untitled_FINAL_NEWEST_2026-04-27_17h42.13.993.csv'
58.6814 	INFO 	saved data to C:\Users\julia\OneDrive\Pulpit\percepcja_psychopy\data\106371_untitled_FINAL_NEWEST_2026-04-27_17h42.13.993.psydat
59.8606 	WARNING 	Stopping key buffers but this could be dangerous ifother keyboards rely on the same.
