7.6816 	INFO 	Loaded monitor calibration from ['2026_03_18 20:30']
7.7197 	WARNING 	User requested fullscreen with size [1090  800], but screen is actually [1920, 1080]. Using actual size
8.7595 	INFO 	Using renderer 'Intel(R) UHD Graphics' for graphics
8.7595 	INFO 	OpenGL version supported by driver is 4..
9.8012 	EXP 	Created window1 = Window(allowGUI=False, allowStencil=True, autoLog=True, backendConf=UNKNOWN, backgroundFit=<method-wrapper '__getattribute__' of attributeSetter object at 0x000002758C206C20>, backgroundImage=<method-wrapper '__getattribute__' of attributeSetter object at 0x000002758C206C80>, bitsMode=UNKNOWN, blendMode='avg', bpc=(8, 8, 8), color=array([0.6549, 0.6549, 0.6549]), colorSpace='rgb', depthBits=8, fullscr=True, gamma=None, gammaErrorPolicy='raise', infoMsg=UNKNOWN, lms=UNKNOWN, monitor=<psychopy.monitors.calibTools.Monitor object at 0x000002758DE53880>, multiSample=False, name='window1', numSamples=2, pos=[np.float64(0.0), np.float64(0.0)], screen=0, size=array([1920, 1080]), stencilBits=8, stereo=False, title='PsychoPy', units='height', useFBO=True, useRetina=False, viewOri=0.0, viewPos=None, viewScale=None, waitBlanking=True, winType='pyglet')
9.8013 	EXP 	window1: backgroundImage = ''
9.8013 	EXP 	window1: backgroundFit = 'none'
9.9555 	INFO 	keyboard.Keyboard is using ptb backend.
9.9555 	EXP 	untitled_FINAL_NEWEST: status = STARTED
10.1062 	EXP 	Created text_instr = TextStim(__class__=<class 'psychopy.visual.text.TextStim'>, alignHoriz=method-wrapper(...), alignText='center', alignVert=method-wrapper(...), anchorHoriz='center', anchorVert='center', antialias=True, autoDraw=False, autoLog=True, bold=False, color=array([-1., -1., -1.]), colorSpace='rgb', contrast=1.0, depth=-2.0, draggable=False, flipHoriz=False, flipVert=False, font='Arial', fontFiles=[], height=np.float64(0.03), italic=False, languageStyle='LTR', name='text_instr', opacity=1, ori=0.0, pos=array([0., 0.]), rgb=UNKNOWN, text=str(...), units='height', win=Window(...), wrapWidth=1.5)
10.1339 	EXP 	Created suwak_info = TextStim(__class__=<class 'psychopy.visual.text.TextStim'>, alignHoriz=method-wrapper(...), alignText='center', alignVert=method-wrapper(...), anchorHoriz='center', anchorVert='center', antialias=True, autoDraw=False, autoLog=True, bold=False, color=array([-1., -1., -1.]), colorSpace='rgb', contrast=1.0, depth=-1.0, draggable=False, flipHoriz=False, flipVert=False, font='Arial', fontFiles=[], height=np.float64(0.03), italic=False, languageStyle='LTR', name='suwak_info', opacity=1, ori=0.0, pos=array([0., 0.]), rgb=UNKNOWN, text=str(...), units='height', win=Window(...), wrapWidth=1.3)
10.1727 	EXP 	Created proba_testowa = TextStim(__class__=<class 'psychopy.visual.text.TextStim'>, alignHoriz=method-wrapper(...), alignText='center', alignVert=method-wrapper(...), anchorHoriz='center', anchorVert='center', antialias=True, autoDraw=False, autoLog=True, bold=False, color=array([-1., -1., -1.]), colorSpace='rgb', contrast=1.0, depth=-2.0, draggable=False, flipHoriz=False, flipVert=False, font='Arial', fontFiles=[], height=np.float64(0.04), italic=False, languageStyle='LTR', name='proba_testowa', opacity=1, ori=0.0, pos=array([0., 0.]), rgb=UNKNOWN, text=str(...), units='height', win=Window(...), wrapWidth=1.4)
10.1746 	EXP 	Created pilot_label_text = TextStim(__class__=<class 'psychopy.visual.text.TextStim'>, alignHoriz=method-wrapper(...), alignText='center', alignVert=method-wrapper(...), anchorHoriz='center', anchorVert='center', antialias=True, autoDraw=False, autoLog=True, bold=False, color=array([-1., -1., -1.]), colorSpace='rgb', contrast=1.0, depth=-1.0, draggable=False, flipHoriz=False, flipVert=False, font='Arial', fontFiles=[], height=0.05, italic=False, languageStyle='LTR', name='pilot_label_text', opacity=1, ori=0.0, pos=array([0., 0.]), rgb=UNKNOWN, text='', units='height', win=Window(...), wrapWidth=1.3)
10.1840 	EXP 	Created pilot_fiksacja1 = TextStim(__class__=<class 'psychopy.visual.text.TextStim'>, alignHoriz=method-wrapper(...), alignText='center', alignVert=method-wrapper(...), anchorHoriz='center', anchorVert='center', antialias=True, autoDraw=False, autoLog=True, bold=False, color=array([-1., -1., -1.]), colorSpace='rgb', contrast=1.0, depth=-2.0, draggable=False, flipHoriz=False, flipVert=False, font='Arial', fontFiles=[], height=np.float64(0.12), italic=False, languageStyle='LTR', name='pilot_fiksacja1', opacity=1, ori=0.0, pos=array([0., 0.]), rgb=UNKNOWN, text='+', units='height', win=Window(...), wrapWidth=1)
10.2263 	EXP 	Created pilot_suwak = Slider(__class__=<class 'psychopy.visual.slider.Slider'>, autoDraw=False, autoLog=True, borderColor=None, color=None, colorSpace='rgb', depth=-3, fillColor=None, flip=False, font='Noto Sans', granularity=0.0, labelColor=None, labelHeight=np.float64(0.05), labelWrapWidth=None, labels=None, lineColor=None, markerColor=None, name='pilot_suwak', opacity=None, ori=0.0, pos=array([ 0. , -0.5]), readOnly=False, self=UNKNOWN, size=array([1. , 0.1]), startValue=0, style='slider', styleTweaks=[], ticks=array([-50, -25,   0,  25,  50]), units='norm', win=Window(...))
10.2319 	EXP 	Created pilot_fiksacja2 = TextStim(__class__=<class 'psychopy.visual.text.TextStim'>, alignHoriz=method-wrapper(...), alignText='center', alignVert=method-wrapper(...), anchorHoriz='center', anchorVert='center', antialias=True, autoDraw=False, autoLog=True, bold=False, color=array([-1., -1., -1.]), colorSpace='rgb', contrast=1.0, depth=-4.0, draggable=False, flipHoriz=False, flipVert=False, font='Arial', fontFiles=[], height=np.float64(0.1), italic=False, languageStyle='LTR', name='pilot_fiksacja2', opacity=1, ori=0.0, pos=array([0., 0.]), rgb=UNKNOWN, text='+', units='height', win=Window(...), wrapWidth=1)
10.2493 	EXP 	Created pilot_pytanie = TextStim(__class__=<class 'psychopy.visual.text.TextStim'>, alignHoriz=method-wrapper(...), alignText='center', alignVert=method-wrapper(...), anchorHoriz='center', anchorVert='center', antialias=True, autoDraw=False, autoLog=True, bold=False, color=array([-1., -1., -1.]), colorSpace='rgb', contrast=1.0, depth=-5.0, draggable=False, flipHoriz=False, flipVert=False, font='Arial', fontFiles=[], height=np.float64(0.1), italic=False, languageStyle='LTR', name='pilot_pytanie', opacity=1, ori=0.0, pos=array([0., 0.]), rgb=UNKNOWN, text='Jaką emocję wyrażała ta twarz?', units='norm', win=Window(...), wrapWidth=1)
10.2503 	EXP 	Created pilot_lewa_etykieta = TextStim(__class__=<class 'psychopy.visual.text.TextStim'>, alignHoriz=method-wrapper(...), alignText='center', alignVert=method-wrapper(...), anchorHoriz='center', anchorVert='center', antialias=True, autoDraw=False, autoLog=True, bold=False, color=array([-1., -1., -1.]), colorSpace='rgb', contrast=1.0, depth=-6.0, draggable=False, flipHoriz=False, flipVert=False, font='Arial', fontFiles=[], height=0.085, italic=False, languageStyle='LTR', name='pilot_lewa_etykieta', opacity=1, ori=0.0, pos=array([-0.6, -0.5]), rgb=UNKNOWN, text='', units='norm', win=Window(...), wrapWidth=1)
10.2508 	EXP 	Created pilot_prawa_etykieta = TextStim(__class__=<class 'psychopy.visual.text.TextStim'>, alignHoriz=method-wrapper(...), alignText='center', alignVert=method-wrapper(...), anchorHoriz='center', anchorVert='center', antialias=True, autoDraw=False, autoLog=True, bold=False, color=array([-1., -1., -1.]), colorSpace='rgb', contrast=1.0, depth=-7.0, draggable=False, flipHoriz=False, flipVert=False, font='Arial', fontFiles=[], height=0.085, italic=False, languageStyle='LTR', name='pilot_prawa_etykieta', opacity=1, ori=0.0, pos=array([ 0.6, -0.5]), rgb=UNKNOWN, text='', units='norm', win=Window(...), wrapWidth=1)
10.3139 	EXP 	Created pilot_stim_image = ImageStim(__class__=<class 'psychopy.visual.image.ImageStim'>, anchor=('center', 'center'), autoLog=True, color=array([1., 1., 1.]), colorSpace='rgb', contrast=1.0, depth=-8.0, draggable=False, flipHoriz=np.False_, flipVert=np.False_, image='photos/twarz_testowa.jpg', interpolate=True, mask=None, maskParams=None, name='pilot_stim_image', opacity=1, ori=0.0, pos=array([0., 0.]), size=array([0.75, 0.75]), texRes=128.0, units='height', win=Window(...))
10.3522 	EXP 	Created start_badania = TextStim(__class__=<class 'psychopy.visual.text.TextStim'>, alignHoriz=method-wrapper(...), alignText='center', alignVert=method-wrapper(...), anchorHoriz='center', anchorVert='center', antialias=True, autoDraw=False, autoLog=True, bold=False, color=array([-1., -1., -1.]), colorSpace='rgb', contrast=1.0, depth=-2.0, draggable=False, flipHoriz=False, flipVert=False, font='Arial', fontFiles=[], height=np.float64(0.1), italic=False, languageStyle='LTR', name='start_badania', opacity=1, ori=0.0, pos=array([0., 0.]), rgb=UNKNOWN, text=str(...), units='norm', win=Window(...), wrapWidth=1.4)
10.3577 	EXP 	Created przerwa_text = TextStim(__class__=<class 'psychopy.visual.text.TextStim'>, alignHoriz=method-wrapper(...), alignText='center', alignVert=method-wrapper(...), anchorHoriz='center', anchorVert='center', antialias=True, autoDraw=False, autoLog=True, bold=False, color=array([-1., -1., -1.]), colorSpace='rgb', contrast=1.0, depth=0.0, draggable=False, flipHoriz=False, flipVert=False, font='Arial', fontFiles=[], height=np.float64(0.1), italic=False, languageStyle='LTR', name='przerwa_text', opacity=1, ori=0.0, pos=array([0., 0.]), rgb=UNKNOWN, text=str(...), units='norm', win=Window(...), wrapWidth=1)
10.3583 	EXP 	Created label_text = TextStim(__class__=<class 'psychopy.visual.text.TextStim'>, alignHoriz=method-wrapper(...), alignText='center', alignVert=method-wrapper(...), anchorHoriz='center', anchorVert='center', antialias=True, autoDraw=False, autoLog=True, bold=False, color=array([-1., -1., -1.]), colorSpace='rgb', contrast=1.0, depth=-2.0, draggable=False, flipHoriz=False, flipVert=False, font='Arial', fontFiles=[], height=0.05, italic=False, languageStyle='LTR', name='label_text', opacity=1, ori=0.0, pos=array([0., 0.]), rgb=UNKNOWN, text='', units='height', win=Window(...), wrapWidth=1.3)
10.3650 	EXP 	Created stim_image = ImageStim(__class__=<class 'psychopy.visual.image.ImageStim'>, anchor=('center', 'center'), autoLog=True, color=array([1., 1., 1.]), colorSpace='rgb', contrast=1.0, depth=-3.0, draggable=False, flipHoriz=np.False_, flipVert=np.False_, image='default.png', interpolate=True, mask=None, maskParams=None, name='stim_image', opacity=1, ori=0.0, pos=array([0., 0.]), size=array([0.75, 0.75]), texRes=128.0, units='height', win=Window(...))
10.3739 	EXP 	Created suwak_badanie = Slider(__class__=<class 'psychopy.visual.slider.Slider'>, autoDraw=False, autoLog=True, borderColor=None, color=None, colorSpace='rgb', depth=-4, fillColor=None, flip=False, font='Noto Sans', granularity=0.0, labelColor=None, labelHeight=np.float64(0.05), labelWrapWidth=None, labels=None, lineColor=None, markerColor=None, name='suwak_badanie', opacity=None, ori=0.0, pos=array([ 0. , -0.5]), readOnly=False, self=UNKNOWN, size=array([1. , 0.1]), startValue=0, style='slider', styleTweaks=[], ticks=array([-50, -25,   0,  25,  50]), units='norm', win=Window(...))
10.3748 	EXP 	Created lewa_etykieta = TextStim(__class__=<class 'psychopy.visual.text.TextStim'>, alignHoriz=method-wrapper(...), alignText='center', alignVert=method-wrapper(...), anchorHoriz='center', anchorVert='center', antialias=True, autoDraw=False, autoLog=True, bold=False, color=array([-1., -1., -1.]), colorSpace='rgb', contrast=1.0, depth=-5.0, draggable=False, flipHoriz=False, flipVert=False, font='Arial', fontFiles=[], height=0.085, italic=False, languageStyle='LTR', name='lewa_etykieta', opacity=1, ori=0.0, pos=array([-0.65, -0.5 ]), rgb=UNKNOWN, text='', units='norm', win=Window(...), wrapWidth=1)
10.3753 	EXP 	Created prawa_etykieta = TextStim(__class__=<class 'psychopy.visual.text.TextStim'>, alignHoriz=method-wrapper(...), alignText='center', alignVert=method-wrapper(...), anchorHoriz='center', anchorVert='center', antialias=True, autoDraw=False, autoLog=True, bold=False, color=array([-1., -1., -1.]), colorSpace='rgb', contrast=1.0, depth=-6.0, draggable=False, flipHoriz=False, flipVert=False, font='Arial', fontFiles=[], height=0.085, italic=False, languageStyle='LTR', name='prawa_etykieta', opacity=1, ori=0.0, pos=array([ 0.65, -0.5 ]), rgb=UNKNOWN, text='', units='norm', win=Window(...), wrapWidth=1)
10.3797 	EXP 	Created fiksacja2 = TextStim(__class__=<class 'psychopy.visual.text.TextStim'>, alignHoriz=method-wrapper(...), alignText='center', alignVert=method-wrapper(...), anchorHoriz='center', anchorVert='center', antialias=True, autoDraw=False, autoLog=True, bold=False, color=array([-1., -1., -1.]), colorSpace='rgb', contrast=1.0, depth=-7.0, draggable=False, flipHoriz=False, flipVert=False, font='Arial', fontFiles=[], height=np.float64(0.12), italic=False, languageStyle='LTR', name='fiksacja2', opacity=1, ori=0.0, pos=array([0., 0.]), rgb=UNKNOWN, text='+', units='height', win=Window(...), wrapWidth=1)
10.3833 	EXP 	Created pytanie = TextStim(__class__=<class 'psychopy.visual.text.TextStim'>, alignHoriz=method-wrapper(...), alignText='center', alignVert=method-wrapper(...), anchorHoriz='center', anchorVert='center', antialias=True, autoDraw=False, autoLog=True, bold=False, color=array([-1., -1., -1.]), colorSpace='rgb', contrast=1.0, depth=-8.0, draggable=False, flipHoriz=False, flipVert=False, font='Arial', fontFiles=[], height=np.float64(0.1), italic=False, languageStyle='LTR', name='pytanie', opacity=1, ori=0.0, pos=array([0., 0.]), rgb=UNKNOWN, text='Jaką emocję wyrażała ta twarz?', units='norm', win=Window(...), wrapWidth=1)
10.3864 	EXP 	Created text = TextStim(__class__=<class 'psychopy.visual.text.TextStim'>, alignHoriz=method-wrapper(...), alignText='center', alignVert=method-wrapper(...), anchorHoriz='center', anchorVert='center', antialias=True, autoDraw=False, autoLog=True, bold=False, color=array([1., 1., 1.]), colorSpace='rgb', contrast=1.0, depth=-1.0, draggable=False, flipHoriz=False, flipVert=False, font='Arial', fontFiles=[], height=np.float64(0.05), italic=False, languageStyle='LTR', name='text', opacity=1, ori=0.0, pos=array([0., 0.]), rgb=UNKNOWN, text='przygotuj się ', units='height', win=Window(...), wrapWidth=1)
10.4007 	EXP 	Created podziekowania_text = TextStim(__class__=<class 'psychopy.visual.text.TextStim'>, alignHoriz=method-wrapper(...), alignText='center', alignVert=method-wrapper(...), anchorHoriz='center', anchorVert='center', antialias=True, autoDraw=False, autoLog=True, bold=False, color=array([1., 1., 1.]), colorSpace='rgb', contrast=1.0, depth=0.0, draggable=False, flipHoriz=False, flipVert=False, font='Arial', fontFiles=[], height=np.float64(0.05), italic=False, languageStyle='LTR', name='podziekowania_text', opacity=1, ori=0.0, pos=array([0., 0.]), rgb=UNKNOWN, text=str(...), units='height', win=Window(...), wrapWidth=1)
0.0265 	EXP 	pilot_suwak: autoLog = True
0.0265 	EXP 	pilot_suwak: styleTweaks = []
0.0265 	EXP 	pilot_suwak: styleTweaks = []
0.0265 	EXP 	pilot_suwak: styleTweaks = []
0.0265 	EXP 	pilot_suwak: styleTweaks = []
0.0265 	EXP 	pilot_suwak: contrast = 1.0
0.0265 	EXP 	pilot_suwak: markerPos = 0
0.0265 	EXP 	pilot_suwak: autoLog = True
0.0265 	EXP 	suwak_badanie: autoLog = True
0.0265 	EXP 	suwak_badanie: styleTweaks = []
0.0265 	EXP 	suwak_badanie: styleTweaks = []
0.0265 	EXP 	suwak_badanie: styleTweaks = []
0.0265 	EXP 	suwak_badanie: styleTweaks = []
0.0265 	EXP 	suwak_badanie: contrast = 1.0
0.0265 	EXP 	suwak_badanie: markerPos = 0
0.0265 	EXP 	suwak_badanie: autoLog = True
0.0389 	INFO 	Keyboard events cleared
0.0389 	EXP 	text_instr: autoDraw = True
1.0464 	EXP 	Device response: <KeyPress from None: t=1.0284471999621019, value=space, duration=None>
1.0485 	DATA 	Keypress: space
1.0517 	INFO 	Keyboard events cleared
1.0516 	EXP 	text_instr: autoDraw = False
1.0516 	EXP 	suwak_info: autoDraw = True
1.0680 	EXP 	Device response: <KeyPress from None: t=1.0284471999621019, value=space, duration=0.02992870006710291>
1.2007 	EXP 	Device response: <KeyPress from None: t=1.1990668999496847, value=space, duration=None>
1.2053 	DATA 	Keypress: space
1.2173 	INFO 	Keyboard events cleared
1.2171 	EXP 	suwak_info: autoDraw = False
1.2171 	EXP 	proba_testowa: autoDraw = True
1.2837 	EXP 	Device response: <KeyPress from None: t=1.1990668999496847, value=space, duration=0.06947820005007088>
1.5827 	EXP 	Device response: <KeyPress from None: t=1.5689141999464482, value=space, duration=None>
1.6138 	DATA 	Keypress: space
1.6166 	EXP 	proba_testowa: autoDraw = False
1.6166 	EXP 	pilot_label_text: height = np.float64(0.05)
1.6166 	EXP 	pilot_label_text: height = np.float64(0.05)
1.6166 	EXP 	pilot_label_text: height = np.float64(0.05)
1.6166 	EXP 	pilot_label_text: height = np.float64(0.05)
1.6166 	EXP 	pilot_label_text: height = np.float64(0.05)
1.6166 	EXP 	pilot_label_text: height = np.float64(0.05)
1.6166 	EXP 	pilot_label_text: text = 'Model AI wykrył w tej twarzy 80% smutku.\n\n'
1.6166 	EXP 	pilot_suwak: markerPos = None
1.6166 	EXP 	pilot_suwak: markerPos = 0
1.6166 	EXP 	pilot_lewa_etykieta: height = np.float64(0.085)
1.6166 	EXP 	pilot_lewa_etykieta: height = np.float64(0.085)
1.6166 	EXP 	pilot_lewa_etykieta: height = np.float64(0.085)
1.6166 	EXP 	pilot_lewa_etykieta: text = 'radość'
1.6166 	EXP 	pilot_prawa_etykieta: height = np.float64(0.085)
1.6166 	EXP 	pilot_prawa_etykieta: height = np.float64(0.085)
1.6166 	EXP 	pilot_prawa_etykieta: height = np.float64(0.085)
1.6166 	EXP 	pilot_prawa_etykieta: text = 'smutek'
1.6166 	EXP 	pilot_fiksacja1: autoDraw = True
1.6654 	EXP 	Device response: <KeyPress from None: t=1.5689141999464482, value=space, duration=0.09027180005796254>
2.1308 	EXP 	pilot_fiksacja1: autoDraw = False
2.2970 	EXP 	pilot_label_text: autoDraw = True
5.3052 	EXP 	pilot_label_text: autoDraw = False
5.4879 	EXP 	pilot_fiksacja2: autoDraw = True
5.9867 	EXP 	pilot_fiksacja2: autoDraw = False
6.1872 	EXP 	pilot_stim_image: autoDraw = True
7.4859 	EXP 	pilot_suwak: autoDraw = True
7.4859 	EXP 	pilot_pytanie: autoDraw = True
7.4859 	EXP 	pilot_lewa_etykieta: autoDraw = True
7.4859 	EXP 	pilot_prawa_etykieta: autoDraw = True
7.4994 	EXP 	pilot_stim_image: autoDraw = False
8.1487 	DATA 	Mouse: Left button down, pos=(1313,276)
8.1641 	EXP 	pilot_suwak: markerPos = np.float64(36.77083333333333)
8.1808 	EXP 	pilot_suwak: markerPos = np.float64(36.77083333333333)
8.1972 	EXP 	pilot_suwak: markerPos = np.float64(36.77083333333333)
8.2142 	EXP 	pilot_suwak: markerPos = np.float64(36.77083333333333)
8.2306 	EXP 	pilot_suwak: markerPos = np.float64(36.77083333333333)
8.2311 	DATA 	Mouse:  Left button up, pos=(1313,276)
8.2471 	EXP 	pilot_suwak: markerPos = np.float64(36.77083333333333)
8.2645 	INFO 	Keyboard events cleared
8.2644 	EXP 	pilot_label_text: autoDraw = False
8.2644 	EXP 	pilot_fiksacja1: autoDraw = False
8.2644 	EXP 	pilot_suwak: autoDraw = False
8.2644 	EXP 	pilot_fiksacja2: autoDraw = False
8.2644 	EXP 	pilot_pytanie: autoDraw = False
8.2644 	EXP 	pilot_lewa_etykieta: autoDraw = False
8.2644 	EXP 	pilot_prawa_etykieta: autoDraw = False
8.2644 	EXP 	pilot_stim_image: autoDraw = False
8.2644 	EXP 	start_badania: autoDraw = True
9.3451 	EXP 	Device response: <KeyPress from None: t=9.341883099987172, value=space, duration=None>
9.3681 	EXP 	Imported conditions.xlsx as conditions, 32 conditions, 9 params
9.3690 	EXP 	New trial (rep=0, index=0): <Trial 0 (0 in rep 0) data={'image_path': 'photos/1K_SZ_5050.png', 'etykieta': 'Model sztucznej inteligencji wykrył w tej twarzy 72% strachu .', 'left_label': 'strach', 'right_label': 'złość', 'show_label': 4, 'proporcja_zdjecia': '50/50', 'typ_etykiety': 'Procentowa AI', 'warunek': 'n/d', 'kierunek': 'Sugestia Lewo strach', 'thisN': 0, 'thisTrialN': 0, 'thisRepN': 0}>
9.4403 	EXP 	Device response: <KeyPress from None: t=9.341883099987172, value=space, duration=0.07498240005224943>
9.4412 	DATA 	Keypress: space
9.4445 	EXP 	start_badania: autoDraw = False
9.4445 	EXP 	przerwa_text: autoDraw = False
9.4445 	EXP 	label_text: height = np.float64(0.05)
9.4445 	EXP 	label_text: height = np.float64(0.05)
9.4445 	EXP 	label_text: height = np.float64(0.05)
9.4445 	EXP 	label_text: text = 'Model sztucznej inteligencji wykrył w tej twarzy 72% strachu .'
9.4445 	EXP 	label_text: height = np.float64(0.05)
9.4445 	EXP 	label_text: height = np.float64(0.05)
9.4445 	EXP 	label_text: height = np.float64(0.05)
9.4445 	EXP 	label_text: text = 'Model sztucznej inteligencji wykrył w tej twarzy 72% strachu .'
9.4445 	EXP 	stim_image: image = 'photos/1K_SZ_5050.png'
9.4445 	EXP 	suwak_badanie: markerPos = None
9.4445 	EXP 	suwak_badanie: markerPos = 0
9.4445 	EXP 	lewa_etykieta: height = np.float64(0.085)
9.4445 	EXP 	lewa_etykieta: height = np.float64(0.085)
9.4445 	EXP 	lewa_etykieta: height = np.float64(0.085)
9.4445 	EXP 	lewa_etykieta: text = 'strach'
9.4445 	EXP 	prawa_etykieta: height = np.float64(0.085)
9.4445 	EXP 	prawa_etykieta: height = np.float64(0.085)
9.4445 	EXP 	prawa_etykieta: height = np.float64(0.085)
9.4445 	EXP 	prawa_etykieta: text = 'złość'
9.4445 	EXP 	label_text: autoDraw = True
13.4500 	EXP 	label_text: autoDraw = False
13.5830 	EXP 	fiksacja2: autoDraw = True
13.8323 	EXP 	fiksacja2: autoDraw = False
14.0326 	EXP 	stim_image: autoDraw = True
15.3283 	EXP 	suwak_badanie: autoDraw = True
15.3283 	EXP 	lewa_etykieta: autoDraw = True
15.3283 	EXP 	prawa_etykieta: autoDraw = True
15.3283 	EXP 	pytanie: autoDraw = True
15.3449 	EXP 	stim_image: autoDraw = False
16.2271 	DATA 	Mouse: Left button down, pos=(1060,253)
16.2421 	EXP 	suwak_badanie: markerPos = np.float64(10.416666666666664)
16.2587 	EXP 	suwak_badanie: markerPos = np.float64(10.416666666666664)
16.2754 	EXP 	suwak_badanie: markerPos = np.float64(11.041666666666657)
16.2920 	EXP 	suwak_badanie: markerPos = np.float64(12.916666666666664)
16.3086 	EXP 	suwak_badanie: markerPos = np.float64(16.5625)
16.3250 	EXP 	suwak_badanie: markerPos = np.float64(20.0)
16.3420 	EXP 	suwak_badanie: markerPos = np.float64(23.4375)
16.3585 	EXP 	suwak_badanie: markerPos = np.float64(26.458333333333343)
16.3749 	EXP 	suwak_badanie: markerPos = np.float64(29.6875)
16.3917 	EXP 	suwak_badanie: markerPos = np.float64(31.145833333333343)
16.4083 	EXP 	suwak_badanie: markerPos = np.float64(31.45833333333333)
16.4249 	EXP 	suwak_badanie: markerPos = np.float64(31.66666666666667)
16.4417 	EXP 	suwak_badanie: markerPos = np.float64(31.66666666666667)
16.4583 	EXP 	suwak_badanie: markerPos = np.float64(31.66666666666667)
16.4750 	EXP 	suwak_badanie: markerPos = np.float64(31.66666666666667)
16.4915 	EXP 	suwak_badanie: markerPos = np.float64(31.66666666666667)
16.5080 	EXP 	suwak_badanie: markerPos = np.float64(31.66666666666667)
16.5249 	EXP 	suwak_badanie: markerPos = np.float64(31.77083333333333)
16.5412 	EXP 	suwak_badanie: markerPos = np.float64(31.875)
16.5578 	EXP 	suwak_badanie: markerPos = np.float64(31.875)
16.5585 	DATA 	Mouse:  Left button up, pos=(1267,249)
16.5744 	EXP 	suwak_badanie: markerPos = np.float64(31.875)
16.5912 	EXP 	label_text: autoDraw = False
16.5912 	EXP 	stim_image: autoDraw = False
16.5912 	EXP 	suwak_badanie: autoDraw = False
16.5912 	EXP 	lewa_etykieta: autoDraw = False
16.5912 	EXP 	prawa_etykieta: autoDraw = False
16.5912 	EXP 	fiksacja2: autoDraw = False
16.5912 	EXP 	pytanie: autoDraw = False
16.5912 	EXP 	text: autoDraw = True
20.0831 	EXP 	New trial (rep=0, index=1): <Trial 1 (1 in rep 0) data={'image_path': 'photos/1K_OZ_8020.png', 'etykieta': 'Poprzedni badani wykryli w tej twarzy oczekiwanie.', 'left_label': 'zaskoczenie', 'right_label': 'oczekiwanie', 'show_label': 4, 'proporcja_zdjecia': '80/20 oczekiwanie', 'typ_etykiety': 'Kategorialna Ludzie', 'warunek': 'Zgodny', 'kierunek': 'Dominacja Prawo oczekiwanie', 'thisN': 1, 'thisTrialN': 1, 'thisRepN': 0}>
20.1431 	EXP 	text: autoDraw = False
20.1431 	EXP 	przerwa_text: autoDraw = False
20.1431 	EXP 	label_text: height = np.float64(0.05)
20.1431 	EXP 	label_text: height = np.float64(0.05)
20.1431 	EXP 	label_text: height = np.float64(0.05)
20.1431 	EXP 	label_text: text = 'Poprzedni badani wykryli w tej twarzy oczekiwanie.'
20.1431 	EXP 	label_text: height = np.float64(0.05)
20.1431 	EXP 	label_text: height = np.float64(0.05)
20.1431 	EXP 	label_text: height = np.float64(0.05)
20.1431 	EXP 	label_text: text = 'Poprzedni badani wykryli w tej twarzy oczekiwanie.'
20.1431 	EXP 	stim_image: image = 'photos/1K_OZ_8020.png'
20.1431 	EXP 	suwak_badanie: markerPos = None
20.1431 	EXP 	suwak_badanie: markerPos = 0
20.1431 	EXP 	lewa_etykieta: height = np.float64(0.085)
20.1431 	EXP 	lewa_etykieta: height = np.float64(0.085)
20.1431 	EXP 	lewa_etykieta: height = np.float64(0.085)
20.1431 	EXP 	lewa_etykieta: text = 'zaskoczenie'
20.1431 	EXP 	prawa_etykieta: height = np.float64(0.085)
20.1431 	EXP 	prawa_etykieta: height = np.float64(0.085)
20.1431 	EXP 	prawa_etykieta: height = np.float64(0.085)
20.1431 	EXP 	prawa_etykieta: text = 'oczekiwanie'
20.1431 	EXP 	label_text: autoDraw = True
24.1538 	EXP 	label_text: autoDraw = False
24.2868 	EXP 	fiksacja2: autoDraw = True
24.5361 	EXP 	fiksacja2: autoDraw = False
24.7364 	EXP 	stim_image: autoDraw = True
26.0322 	EXP 	suwak_badanie: autoDraw = True
26.0322 	EXP 	lewa_etykieta: autoDraw = True
26.0322 	EXP 	prawa_etykieta: autoDraw = True
26.0322 	EXP 	pytanie: autoDraw = True
26.0490 	EXP 	stim_image: autoDraw = False
27.1473 	DATA 	Mouse: Left button down, pos=(1216,280)
27.1623 	EXP 	suwak_badanie: markerPos = np.float64(26.666666666666657)
27.1790 	EXP 	suwak_badanie: markerPos = np.float64(26.666666666666657)
27.1956 	EXP 	suwak_badanie: markerPos = np.float64(26.77083333333333)
27.2121 	EXP 	suwak_badanie: markerPos = np.float64(27.08333333333333)
27.2287 	EXP 	suwak_badanie: markerPos = np.float64(29.791666666666657)
27.2453 	EXP 	suwak_badanie: markerPos = np.float64(31.77083333333333)
27.2620 	EXP 	suwak_badanie: markerPos = np.float64(33.125)
27.2786 	EXP 	suwak_badanie: markerPos = np.float64(33.75)
27.2952 	EXP 	suwak_badanie: markerPos = np.float64(33.85416666666667)
27.3118 	EXP 	suwak_badanie: markerPos = np.float64(34.0625)
27.3285 	EXP 	suwak_badanie: markerPos = np.float64(34.0625)
27.3453 	EXP 	suwak_badanie: markerPos = np.float64(34.0625)
27.3620 	EXP 	suwak_badanie: markerPos = np.float64(34.0625)
27.3786 	EXP 	suwak_badanie: markerPos = np.float64(34.16666666666667)
27.3950 	EXP 	suwak_badanie: markerPos = np.float64(34.16666666666667)
27.4120 	EXP 	suwak_badanie: markerPos = np.float64(34.16666666666667)
27.4282 	EXP 	suwak_badanie: markerPos = np.float64(34.16666666666667)
27.4451 	EXP 	suwak_badanie: markerPos = np.float64(34.16666666666667)
27.4614 	EXP 	suwak_badanie: markerPos = np.float64(34.16666666666667)
27.4781 	EXP 	suwak_badanie: markerPos = np.float64(34.16666666666667)
27.4947 	EXP 	suwak_badanie: markerPos = np.float64(34.16666666666667)
27.5010 	DATA 	Mouse:  Left button up, pos=(1288,279)
27.5113 	EXP 	suwak_badanie: markerPos = np.float64(34.16666666666667)
27.5281 	EXP 	suwak_badanie: markerPos = np.float64(34.16666666666667)
27.5447 	EXP 	label_text: autoDraw = False
27.5447 	EXP 	stim_image: autoDraw = False
27.5447 	EXP 	suwak_badanie: autoDraw = False
27.5447 	EXP 	lewa_etykieta: autoDraw = False
27.5447 	EXP 	prawa_etykieta: autoDraw = False
27.5447 	EXP 	fiksacja2: autoDraw = False
27.5447 	EXP 	pytanie: autoDraw = False
27.5447 	EXP 	text: autoDraw = True
31.0365 	EXP 	New trial (rep=0, index=2): <Trial 2 (2 in rep 0) data={'image_path': 'photos/1K_RS_5050.png', 'etykieta': 'test', 'left_label': 'radość', 'right_label': 'smutek', 'show_label': 0, 'proporcja_zdjecia': '50/50', 'typ_etykiety': 'Kontrolna', 'warunek': 'kontrolny', 'kierunek': 'Brak', 'thisN': 2, 'thisTrialN': 2, 'thisRepN': 0}>
31.1211 	EXP 	text: autoDraw = False
31.1211 	EXP 	przerwa_text: autoDraw = False
31.1211 	EXP 	label_text: height = np.float64(0.05)
31.1211 	EXP 	label_text: height = np.float64(0.05)
31.1211 	EXP 	label_text: height = np.float64(0.05)
31.1211 	EXP 	label_text: text = ''
31.1211 	EXP 	label_text: height = np.float64(0.05)
31.1211 	EXP 	label_text: height = np.float64(0.05)
31.1211 	EXP 	label_text: height = np.float64(0.05)
31.1211 	EXP 	label_text: height = np.float64(0.05)
31.1211 	EXP 	label_text: height = np.float64(0.05)
31.1211 	EXP 	label_text: height = np.float64(0.05)
31.1211 	EXP 	label_text: text = 'test'
31.1211 	EXP 	stim_image: image = 'photos/1K_RS_5050.png'
31.1211 	EXP 	suwak_badanie: markerPos = None
31.1211 	EXP 	suwak_badanie: markerPos = 0
31.1211 	EXP 	lewa_etykieta: height = np.float64(0.085)
31.1211 	EXP 	lewa_etykieta: height = np.float64(0.085)
31.1211 	EXP 	lewa_etykieta: height = np.float64(0.085)
31.1211 	EXP 	lewa_etykieta: text = 'radość'
31.1211 	EXP 	prawa_etykieta: height = np.float64(0.085)
31.1211 	EXP 	prawa_etykieta: height = np.float64(0.085)
31.1211 	EXP 	prawa_etykieta: height = np.float64(0.085)
31.1211 	EXP 	prawa_etykieta: text = 'smutek'
31.1211 	EXP 	label_text: autoDraw = True
31.1211 	EXP 	label_text: autoDraw = False
31.2511 	EXP 	fiksacja2: autoDraw = True
31.5005 	EXP 	fiksacja2: autoDraw = False
31.7008 	EXP 	stim_image: autoDraw = True
32.9965 	EXP 	suwak_badanie: autoDraw = True
32.9965 	EXP 	lewa_etykieta: autoDraw = True
32.9965 	EXP 	prawa_etykieta: autoDraw = True
32.9965 	EXP 	pytanie: autoDraw = True
33.0133 	EXP 	stim_image: autoDraw = False
39.7310 	DATA 	Keypress: escape
39.7450 	EXP 	Device response: <KeyPress from None: t=39.72745090001263, value=escape, duration=None>
39.8780 	EXP 	Device response: <KeyPress from None: t=39.72745090001263, value=escape, duration=0.13948469993192703>
39.8781 	EXP 	untitled_FINAL_NEWEST: status = STOPPED
39.8945 	EXP 	suwak_badanie: autoDraw = False
39.8945 	EXP 	lewa_etykieta: autoDraw = False
39.8945 	EXP 	prawa_etykieta: autoDraw = False
39.8945 	EXP 	pytanie: autoDraw = False
39.8947 	EXP 	untitled_FINAL_NEWEST: status = STOPPED
39.9098 	INFO 	saved data to 'C:\\Users\\julia\\OneDrive\\Pulpit\\percepcja_psychopy\\data\\217257_untitled_FINAL_NEWEST_2026-04-27_12h20.38.324.csv'
39.9146 	INFO 	saved data to C:\Users\julia\OneDrive\Pulpit\percepcja_psychopy\data\217257_untitled_FINAL_NEWEST_2026-04-27_12h20.38.324.psydat
40.6915 	WARNING 	Stopping key buffers but this could be dangerous ifother keyboards rely on the same.
