8.5679 	INFO 	Loaded monitor calibration from ['2026_03_18 20:30']
8.5921 	WARNING 	User requested fullscreen with size [1090  800], but screen is actually [1920, 1080]. Using actual size
9.4453 	INFO 	Using renderer 'Intel(R) UHD Graphics' for graphics
9.4453 	INFO 	OpenGL version supported by driver is 4..
10.6099 	EXP 	Created window1 = Window(allowGUI=False, allowStencil=True, autoLog=True, backendConf=UNKNOWN, backgroundFit=<method-wrapper '__getattribute__' of attributeSetter object at 0x000002544317F430>, backgroundImage=<method-wrapper '__getattribute__' of attributeSetter object at 0x000002544317FE20>, bitsMode=UNKNOWN, blendMode='avg', bpc=(8, 8, 8), color=array([0.6549, 0.6549, 0.6549]), colorSpace='rgb', depthBits=8, fullscr=True, gamma=None, gammaErrorPolicy='raise', infoMsg=UNKNOWN, lms=UNKNOWN, monitor=<psychopy.monitors.calibTools.Monitor object at 0x000002543BA4FF70>, multiSample=False, name='window1', numSamples=2, pos=[np.float64(0.0), np.float64(0.0)], screen=0, size=array([1920, 1080]), stencilBits=8, stereo=False, title='PsychoPy', units='height', useFBO=True, useRetina=False, viewOri=0.0, viewPos=None, viewScale=None, waitBlanking=True, winType='pyglet')
10.6100 	EXP 	window1: backgroundImage = ''
10.6100 	EXP 	window1: backgroundFit = 'none'
10.7862 	INFO 	keyboard.Keyboard is using ptb backend.
10.7862 	EXP 	percepcja_wersja_finalna: status = STARTED
11.1185 	EXP 	Created suwaki_interpretacja = ImageStim(__class__=<class 'psychopy.visual.image.ImageStim'>, anchor=('center', 'center'), autoLog=True, color=array([1., 1., 1.]), colorSpace='rgb', contrast=1.0, depth=-3.0, draggable=False, flipHoriz=np.False_, flipVert=np.False_, image='photos/suwaki_instrukcja.png', interpolate=True, mask=None, maskParams=None, name='suwaki_interpretacja', opacity=1, ori=0.0, pos=array([ 0. , -0.2]), size=array([1.  , 0.75]), texRes=128.0, units='norm', win=Window(...))
11.2842 	EXP 	Created proba_testowa = TextStim(__class__=<class 'psychopy.visual.text.TextStim'>, alignHoriz=method-wrapper(...), alignText='center', alignVert=method-wrapper(...), anchorHoriz='center', anchorVert='center', antialias=True, autoDraw=False, autoLog=True, bold=False, color=array([-1., -1., -1.]), colorSpace='rgb', contrast=1.0, depth=-2.0, draggable=False, flipHoriz=False, flipVert=False, font='Arial', fontFiles=[], height=np.float64(0.04), italic=False, languageStyle='LTR', name='proba_testowa', opacity=1, ori=0.0, pos=array([0., 0.]), rgb=UNKNOWN, text=str(...), units='height', win=Window(...), wrapWidth=1.4)
11.2853 	EXP 	Created pilot_label_text = TextStim(__class__=<class 'psychopy.visual.text.TextStim'>, alignHoriz=method-wrapper(...), alignText='center', alignVert=method-wrapper(...), anchorHoriz='center', anchorVert='center', antialias=True, autoDraw=False, autoLog=True, bold=False, color=array([-1., -1., -1.]), colorSpace='rgb', contrast=1.0, depth=-1.0, draggable=False, flipHoriz=False, flipVert=False, font='Arial', fontFiles=[], height=0.05, italic=False, languageStyle='LTR', name='pilot_label_text', opacity=1, ori=0.0, pos=array([0., 0.]), rgb=UNKNOWN, text='', units='height', win=Window(...), wrapWidth=1)
11.2939 	EXP 	Created pilot_fiksacja1 = TextStim(__class__=<class 'psychopy.visual.text.TextStim'>, alignHoriz=method-wrapper(...), alignText='center', alignVert=method-wrapper(...), anchorHoriz='center', anchorVert='center', antialias=True, autoDraw=False, autoLog=True, bold=False, color=array([-1., -1., -1.]), colorSpace='rgb', contrast=1.0, depth=-2.0, draggable=False, flipHoriz=False, flipVert=False, font='Courier New', fontFiles=[], height=np.float64(0.1), italic=False, languageStyle='LTR', name='pilot_fiksacja1', opacity=1, ori=0.0, pos=array([0., 0.]), rgb=UNKNOWN, text='+', units='height', win=Window(...), wrapWidth=1)
11.3319 	EXP 	Created pilot_suwak = Slider(__class__=<class 'psychopy.visual.slider.Slider'>, autoDraw=False, autoLog=True, borderColor=None, color=None, colorSpace='rgb', depth=-3, fillColor=None, flip=False, font='Noto Sans', granularity=0.0, labelColor=None, labelHeight=np.float64(0.05), labelWrapWidth=None, labels=None, lineColor=None, markerColor=None, name='pilot_suwak', opacity=None, ori=0.0, pos=array([ 0. , -0.5]), readOnly=False, self=UNKNOWN, size=array([1. , 0.1]), startValue=0, style='slider', styleTweaks=[], ticks=array([-50, -25,   0,  25,  50]), units='norm', win=Window(...))
11.3371 	EXP 	Created pilot_fiksacja2 = TextStim(__class__=<class 'psychopy.visual.text.TextStim'>, alignHoriz=method-wrapper(...), alignText='center', alignVert=method-wrapper(...), anchorHoriz='center', anchorVert='center', antialias=True, autoDraw=False, autoLog=True, bold=False, color=array([-1., -1., -1.]), colorSpace='rgb', contrast=1.0, depth=-4.0, draggable=False, flipHoriz=False, flipVert=False, font='Courier New', fontFiles=[], height=np.float64(0.1), italic=False, languageStyle='LTR', name='pilot_fiksacja2', opacity=1, ori=0.0, pos=array([0., 0.]), rgb=UNKNOWN, text='+', units='height', win=Window(...), wrapWidth=1)
11.3546 	EXP 	Created pilot_pytanie = TextStim(__class__=<class 'psychopy.visual.text.TextStim'>, alignHoriz=method-wrapper(...), alignText='center', alignVert=method-wrapper(...), anchorHoriz='center', anchorVert='center', antialias=True, autoDraw=False, autoLog=True, bold=False, color=array([-1., -1., -1.]), colorSpace='rgb', contrast=1.0, depth=-5.0, draggable=False, flipHoriz=False, flipVert=False, font='Arial', fontFiles=[], height=np.float64(0.05), italic=False, languageStyle='LTR', name='pilot_pytanie', opacity=1, ori=0.0, pos=array([0., 0.]), rgb=UNKNOWN, text='Jaką emocję wyrażała ta twarz?', units='height', win=Window(...), wrapWidth=1)
11.3555 	EXP 	Created pilot_lewa_etykieta = TextStim(__class__=<class 'psychopy.visual.text.TextStim'>, alignHoriz=method-wrapper(...), alignText='center', alignVert=method-wrapper(...), anchorHoriz='center', anchorVert='center', antialias=True, autoDraw=False, autoLog=True, bold=False, color=array([-1., -1., -1.]), colorSpace='rgb', contrast=1.0, depth=-6.0, draggable=False, flipHoriz=False, flipVert=False, font='Arial', fontFiles=[], height=0.085, italic=False, languageStyle='LTR', name='pilot_lewa_etykieta', opacity=1, ori=0.0, pos=array([-0.6, -0.5]), rgb=UNKNOWN, text='', units='norm', win=Window(...), wrapWidth=1)
11.3562 	EXP 	Created pilot_prawa_etykieta = TextStim(__class__=<class 'psychopy.visual.text.TextStim'>, alignHoriz=method-wrapper(...), alignText='center', alignVert=method-wrapper(...), anchorHoriz='center', anchorVert='center', antialias=True, autoDraw=False, autoLog=True, bold=False, color=array([-1., -1., -1.]), colorSpace='rgb', contrast=1.0, depth=-7.0, draggable=False, flipHoriz=False, flipVert=False, font='Arial', fontFiles=[], height=0.085, italic=False, languageStyle='LTR', name='pilot_prawa_etykieta', opacity=1, ori=0.0, pos=array([ 0.6, -0.5]), rgb=UNKNOWN, text='', units='norm', win=Window(...), wrapWidth=1)
11.4038 	EXP 	Created pilot_stim_image = ImageStim(__class__=<class 'psychopy.visual.image.ImageStim'>, anchor=('center', 'center'), autoLog=True, color=array([1., 1., 1.]), colorSpace='rgb', contrast=1.0, depth=-8.0, draggable=False, flipHoriz=np.False_, flipVert=np.False_, image='photos/twarz_testowa.jpg', interpolate=True, mask=None, maskParams=None, name='pilot_stim_image', opacity=1, ori=0.0, pos=array([0., 0.]), size=array([0.75, 0.75]), texRes=128.0, units='height', win=Window(...))
11.4480 	EXP 	Created start_badania = TextStim(__class__=<class 'psychopy.visual.text.TextStim'>, alignHoriz=method-wrapper(...), alignText='center', alignVert=method-wrapper(...), anchorHoriz='center', anchorVert='center', antialias=True, autoDraw=False, autoLog=True, bold=False, color=array([-1., -1., -1.]), colorSpace='rgb', contrast=1.0, depth=-2.0, draggable=False, flipHoriz=False, flipVert=False, font='Arial', fontFiles=[], height=np.float64(0.1), italic=False, languageStyle='LTR', name='start_badania', opacity=1, ori=0.0, pos=array([0., 0.]), rgb=UNKNOWN, text=str(...), units='norm', win=Window(...), wrapWidth=1.4)
11.4544 	EXP 	Created przerwa_text = TextStim(__class__=<class 'psychopy.visual.text.TextStim'>, alignHoriz=method-wrapper(...), alignText='center', alignVert=method-wrapper(...), anchorHoriz='center', anchorVert='center', antialias=True, autoDraw=False, autoLog=True, bold=False, color=array([-1., -1., -1.]), colorSpace='rgb', contrast=1.0, depth=0.0, draggable=False, flipHoriz=False, flipVert=False, font='Arial', fontFiles=[], height=np.float64(0.1), italic=False, languageStyle='LTR', name='przerwa_text', opacity=1, ori=0.0, pos=array([0., 0.]), rgb=UNKNOWN, text=str(...), units='norm', win=Window(...), wrapWidth=1)
11.4549 	EXP 	Created label_text = TextStim(__class__=<class 'psychopy.visual.text.TextStim'>, alignHoriz=method-wrapper(...), alignText='center', alignVert=method-wrapper(...), anchorHoriz='center', anchorVert='center', antialias=True, autoDraw=False, autoLog=True, bold=False, color=array([-1., -1., -1.]), colorSpace='rgb', contrast=1.0, depth=-2.0, draggable=False, flipHoriz=False, flipVert=False, font='Arial', fontFiles=[], height=0.05, italic=False, languageStyle='LTR', name='label_text', opacity=1, ori=0.0, pos=array([0., 0.]), rgb=UNKNOWN, text='', units='height', win=Window(...), wrapWidth=1.3)
11.4599 	EXP 	Created stim_image = ImageStim(__class__=<class 'psychopy.visual.image.ImageStim'>, anchor=('center', 'center'), autoLog=True, color=array([1., 1., 1.]), colorSpace='rgb', contrast=1.0, depth=-3.0, draggable=False, flipHoriz=np.False_, flipVert=np.False_, image='default.png', interpolate=True, mask=None, maskParams=None, name='stim_image', opacity=1, ori=0.0, pos=array([0., 0.]), size=array([0.75, 0.75]), texRes=128.0, units='height', win=Window(...))
11.4692 	EXP 	Created suwak_badanie = Slider(__class__=<class 'psychopy.visual.slider.Slider'>, autoDraw=False, autoLog=True, borderColor=None, color=None, colorSpace='rgb', depth=-4, fillColor=None, flip=False, font='Noto Sans', granularity=0.0, labelColor=None, labelHeight=np.float64(0.05), labelWrapWidth=None, labels=None, lineColor=None, markerColor=None, name='suwak_badanie', opacity=None, ori=0.0, pos=array([ 0. , -0.5]), readOnly=False, self=UNKNOWN, size=array([1. , 0.1]), startValue=0, style='slider', styleTweaks=[], ticks=array([-50, -25,   0,  25,  50]), units='norm', win=Window(...))
11.4698 	EXP 	Created lewa_etykieta = TextStim(__class__=<class 'psychopy.visual.text.TextStim'>, alignHoriz=method-wrapper(...), alignText='center', alignVert=method-wrapper(...), anchorHoriz='center', anchorVert='center', antialias=True, autoDraw=False, autoLog=True, bold=False, color=array([-1., -1., -1.]), colorSpace='rgb', contrast=1.0, depth=-5.0, draggable=False, flipHoriz=False, flipVert=False, font='Arial', fontFiles=[], height=0.085, italic=False, languageStyle='LTR', name='lewa_etykieta', opacity=1, ori=0.0, pos=array([-0.65, -0.5 ]), rgb=UNKNOWN, text='', units='norm', win=Window(...), wrapWidth=1)
11.4704 	EXP 	Created prawa_etykieta = TextStim(__class__=<class 'psychopy.visual.text.TextStim'>, alignHoriz=method-wrapper(...), alignText='center', alignVert=method-wrapper(...), anchorHoriz='center', anchorVert='center', antialias=True, autoDraw=False, autoLog=True, bold=False, color=array([-1., -1., -1.]), colorSpace='rgb', contrast=1.0, depth=-6.0, draggable=False, flipHoriz=False, flipVert=False, font='Arial', fontFiles=[], height=0.085, italic=False, languageStyle='LTR', name='prawa_etykieta', opacity=1, ori=0.0, pos=array([ 0.65, -0.5 ]), rgb=UNKNOWN, text='', units='norm', win=Window(...), wrapWidth=1)
11.4722 	EXP 	Created fiksacja2 = TextStim(__class__=<class 'psychopy.visual.text.TextStim'>, alignHoriz=method-wrapper(...), alignText='center', alignVert=method-wrapper(...), anchorHoriz='center', anchorVert='center', antialias=True, autoDraw=False, autoLog=True, bold=False, color=array([-1., -1., -1.]), colorSpace='rgb', contrast=1.0, depth=-7.0, draggable=False, flipHoriz=False, flipVert=False, font='Courier New', fontFiles=[], height=np.float64(0.1), italic=False, languageStyle='LTR', name='fiksacja2', opacity=1, ori=0.0, pos=array([0., 0.]), rgb=UNKNOWN, text='+', units='height', win=Window(...), wrapWidth=1)
11.4759 	EXP 	Created pytanie = TextStim(__class__=<class 'psychopy.visual.text.TextStim'>, alignHoriz=method-wrapper(...), alignText='center', alignVert=method-wrapper(...), anchorHoriz='center', anchorVert='center', antialias=True, autoDraw=False, autoLog=True, bold=False, color=array([-1., -1., -1.]), colorSpace='rgb', contrast=1.0, depth=-8.0, draggable=False, flipHoriz=False, flipVert=False, font='Arial', fontFiles=[], height=np.float64(0.1), italic=False, languageStyle='LTR', name='pytanie', opacity=1, ori=0.0, pos=array([0., 0.]), rgb=UNKNOWN, text='Jaką emocję wyrażała ta twarz?', units='norm', win=Window(...), wrapWidth=1)
11.4772 	EXP 	Created text = TextStim(__class__=<class 'psychopy.visual.text.TextStim'>, alignHoriz=method-wrapper(...), alignText='center', alignVert=method-wrapper(...), anchorHoriz='center', anchorVert='center', antialias=True, autoDraw=False, autoLog=True, bold=False, color=array([1., 1., 1.]), colorSpace='rgb', contrast=1.0, depth=-1.0, draggable=False, flipHoriz=False, flipVert=False, font='Arial', fontFiles=[], height=np.float64(0.05), italic=False, languageStyle='LTR', name='text', opacity=1, ori=0.0, pos=array([0., 0.]), rgb=UNKNOWN, text='', units='height', win=Window(...), wrapWidth=1)
11.4928 	EXP 	Created podziekowania_text = TextStim(__class__=<class 'psychopy.visual.text.TextStim'>, alignHoriz=method-wrapper(...), alignText='center', alignVert=method-wrapper(...), anchorHoriz='center', anchorVert='center', antialias=True, autoDraw=False, autoLog=True, bold=False, color=array([-1., -1., -1.]), colorSpace='rgb', contrast=1.0, depth=0.0, draggable=False, flipHoriz=False, flipVert=False, font='Arial', fontFiles=[], height=np.float64(0.05), italic=False, languageStyle='LTR', name='podziekowania_text', opacity=1, ori=0.0, pos=array([0., 0.]), rgb=UNKNOWN, text=str(...), units='height', win=Window(...), wrapWidth=1)
0.0281 	EXP 	textbox_2: autoLog = True
0.0281 	EXP 	textbox_3: autoLog = True
0.0281 	EXP 	pilot_suwak: autoLog = True
0.0281 	EXP 	pilot_suwak: styleTweaks = []
0.0281 	EXP 	pilot_suwak: styleTweaks = []
0.0281 	EXP 	pilot_suwak: styleTweaks = []
0.0281 	EXP 	pilot_suwak: styleTweaks = []
0.0281 	EXP 	pilot_suwak: contrast = 1.0
0.0281 	EXP 	pilot_suwak: markerPos = 0
0.0281 	EXP 	pilot_suwak: autoLog = True
0.0281 	EXP 	suwak_badanie: autoLog = True
0.0281 	EXP 	suwak_badanie: styleTweaks = []
0.0281 	EXP 	suwak_badanie: styleTweaks = []
0.0281 	EXP 	suwak_badanie: styleTweaks = []
0.0281 	EXP 	suwak_badanie: styleTweaks = []
0.0281 	EXP 	suwak_badanie: contrast = 1.0
0.0281 	EXP 	suwak_badanie: markerPos = 0
0.0281 	EXP 	suwak_badanie: autoLog = True
0.0578 	INFO 	Keyboard events cleared
0.0577 	EXP 	textbox_2: autoDraw = True
0.7209 	DATA 	Keypress: space
0.7446 	EXP 	Device response: <KeyPress from None: t=0.7190749000292271, value=space, duration=None>
0.7563 	INFO 	Keyboard events cleared
0.7563 	EXP 	textbox_2: autoDraw = False
0.7563 	EXP 	textbox_3: autoDraw = True
0.7563 	EXP 	suwaki_interpretacja: autoDraw = True
0.8837 	EXP 	Device response: <KeyPress from None: t=0.7190749000292271, value=space, duration=0.1495837999973446>
1.2709 	DATA 	Keypress: space
1.2828 	EXP 	Device response: <KeyPress from None: t=1.269145900150761, value=space, duration=None>
1.2989 	INFO 	Keyboard events cleared
1.2987 	EXP 	textbox_3: autoDraw = False
1.2987 	EXP 	suwaki_interpretacja: autoDraw = False
1.2987 	EXP 	proba_testowa: autoDraw = True
1.3989 	EXP 	Device response: <KeyPress from None: t=1.269145900150761, value=space, duration=0.12027089996263385>
1.9470 	EXP 	Device response: <KeyPress from None: t=1.9396427001338452, value=space, duration=None>
1.9726 	DATA 	Keypress: space
1.9752 	EXP 	proba_testowa: autoDraw = False
1.9752 	EXP 	pilot_label_text: height = np.float64(0.05)
1.9752 	EXP 	pilot_label_text: height = np.float64(0.05)
1.9752 	EXP 	pilot_label_text: height = np.float64(0.05)
1.9752 	EXP 	pilot_label_text: height = np.float64(0.05)
1.9752 	EXP 	pilot_label_text: height = np.float64(0.05)
1.9752 	EXP 	pilot_label_text: height = np.float64(0.05)
1.9752 	EXP 	pilot_label_text: text = 'Model sztucznej inteligencji wykrył w tej twarzy 80% radości.\n\n'
1.9752 	EXP 	pilot_suwak: markerPos = None
1.9752 	EXP 	pilot_suwak: markerPos = 0
1.9752 	EXP 	pilot_lewa_etykieta: height = np.float64(0.085)
1.9752 	EXP 	pilot_lewa_etykieta: height = np.float64(0.085)
1.9752 	EXP 	pilot_lewa_etykieta: height = np.float64(0.085)
1.9752 	EXP 	pilot_lewa_etykieta: text = 'radość'
1.9752 	EXP 	pilot_prawa_etykieta: height = np.float64(0.085)
1.9752 	EXP 	pilot_prawa_etykieta: height = np.float64(0.085)
1.9752 	EXP 	pilot_prawa_etykieta: height = np.float64(0.085)
1.9752 	EXP 	pilot_prawa_etykieta: text = 'smutek'
1.9752 	EXP 	pilot_fiksacja1: autoDraw = True
2.0634 	EXP 	Device response: <KeyPress from None: t=1.9396427001338452, value=space, duration=0.11591199995018542>
2.7279 	EXP 	pilot_fiksacja1: autoDraw = False
2.9103 	EXP 	pilot_label_text: autoDraw = True
5.9191 	EXP 	pilot_label_text: autoDraw = False
6.1019 	EXP 	pilot_fiksacja2: autoDraw = True
6.8666 	EXP 	pilot_fiksacja2: autoDraw = False
7.0503 	EXP 	pilot_stim_image: autoDraw = True
8.3622 	EXP 	pilot_stim_image: autoDraw = False
8.4621 	EXP 	pilot_suwak: autoDraw = True
8.4621 	EXP 	pilot_pytanie: autoDraw = True
8.4621 	EXP 	pilot_lewa_etykieta: autoDraw = True
8.4621 	EXP 	pilot_prawa_etykieta: autoDraw = True
9.1779 	DATA 	Mouse: Left button down, pos=(926,265)
9.1932 	EXP 	pilot_suwak: markerPos = np.float64(-3.5416666666666643)
9.2099 	EXP 	pilot_suwak: markerPos = np.float64(-3.6458333333333286)
9.2266 	EXP 	pilot_suwak: markerPos = np.float64(-3.8541666666666714)
9.2434 	EXP 	pilot_suwak: markerPos = np.float64(-4.0625)
9.2599 	EXP 	pilot_suwak: markerPos = np.float64(-4.6875)
9.2765 	EXP 	pilot_suwak: markerPos = np.float64(-5.416666666666671)
9.2931 	EXP 	pilot_suwak: markerPos = np.float64(-6.458333333333336)
9.3097 	EXP 	pilot_suwak: markerPos = np.float64(-7.395833333333336)
9.3261 	EXP 	pilot_suwak: markerPos = np.float64(-8.958333333333336)
9.3427 	EXP 	pilot_suwak: markerPos = np.float64(-9.583333333333336)
9.3595 	EXP 	pilot_suwak: markerPos = np.float64(-10.104166666666671)
9.3762 	EXP 	pilot_suwak: markerPos = np.float64(-10.416666666666671)
9.3930 	EXP 	pilot_suwak: markerPos = np.float64(-10.416666666666671)
9.4094 	EXP 	pilot_suwak: markerPos = np.float64(-10.625)
9.4262 	EXP 	pilot_suwak: markerPos = np.float64(-10.729166666666664)
9.4429 	EXP 	pilot_suwak: markerPos = np.float64(-10.833333333333336)
9.4595 	EXP 	pilot_suwak: markerPos = np.float64(-10.833333333333336)
9.4758 	EXP 	pilot_suwak: markerPos = np.float64(-11.041666666666664)
9.4924 	EXP 	pilot_suwak: markerPos = np.float64(-11.145833333333336)
9.5090 	EXP 	pilot_suwak: markerPos = np.float64(-11.458333333333329)
9.5258 	EXP 	pilot_suwak: markerPos = np.float64(-11.5625)
9.5425 	EXP 	pilot_suwak: markerPos = np.float64(-11.666666666666671)
9.5588 	EXP 	pilot_suwak: markerPos = np.float64(-11.770833333333329)
9.5600 	DATA 	Mouse:  Left button up, pos=(847,271)
9.5756 	EXP 	pilot_suwak: markerPos = np.float64(-11.770833333333329)
9.5926 	INFO 	Keyboard events cleared
9.5925 	EXP 	pilot_label_text: autoDraw = False
9.5925 	EXP 	pilot_fiksacja1: autoDraw = False
9.5925 	EXP 	pilot_suwak: autoDraw = False
9.5925 	EXP 	pilot_fiksacja2: autoDraw = False
9.5925 	EXP 	pilot_pytanie: autoDraw = False
9.5925 	EXP 	pilot_lewa_etykieta: autoDraw = False
9.5925 	EXP 	pilot_prawa_etykieta: autoDraw = False
9.5925 	EXP 	pilot_stim_image: autoDraw = False
9.5925 	EXP 	start_badania: autoDraw = True
10.4905 	EXP 	Device response: <KeyPress from None: t=10.485141400014982, value=space, duration=None>
10.5177 	EXP 	Imported conditions.xlsx as conditions, 32 conditions, 9 params
10.5188 	EXP 	New trial (rep=0, index=0): <Trial 0 (0 in rep 0) data={'image_path': 'photos/1K_SZ_5050.png', 'etykieta': 'Model sztucznej inteligencji wykrył w tej twarzy 72% strachu.', 'left_label': 'strach', 'right_label': 'złość', 'show_label': 4, 'proporcja_zdjecia': '50/50', 'typ_etykiety': 'Procentowa AI', 'warunek': 'n/d', 'kierunek': 'Sugestia Lewo strach', 'thisN': 0, 'thisTrialN': 0, 'thisRepN': 0}>
10.5816 	EXP 	Device response: <KeyPress from None: t=10.485141400014982, value=space, duration=0.054100400069728494>
10.5827 	DATA 	Keypress: space
10.5857 	EXP 	start_badania: autoDraw = False
10.5857 	EXP 	przerwa_text: autoDraw = False
10.5857 	EXP 	label_text: height = np.float64(0.05)
10.5857 	EXP 	label_text: height = np.float64(0.05)
10.5857 	EXP 	label_text: height = np.float64(0.05)
10.5857 	EXP 	label_text: text = 'Model sztucznej inteligencji wykrył w tej twarzy 72% strachu.'
10.5857 	EXP 	label_text: height = np.float64(0.05)
10.5857 	EXP 	label_text: height = np.float64(0.05)
10.5857 	EXP 	label_text: height = np.float64(0.05)
10.5857 	EXP 	label_text: text = 'Model sztucznej inteligencji wykrył w tej twarzy 72% strachu.'
10.5857 	EXP 	stim_image: image = 'photos/1K_SZ_5050.png'
10.5857 	EXP 	suwak_badanie: markerPos = None
10.5857 	EXP 	suwak_badanie: markerPos = 0
10.5857 	EXP 	lewa_etykieta: height = np.float64(0.085)
10.5857 	EXP 	lewa_etykieta: height = np.float64(0.085)
10.5857 	EXP 	lewa_etykieta: height = np.float64(0.085)
10.5857 	EXP 	lewa_etykieta: text = 'strach'
10.5857 	EXP 	prawa_etykieta: height = np.float64(0.085)
10.5857 	EXP 	prawa_etykieta: height = np.float64(0.085)
10.5857 	EXP 	prawa_etykieta: height = np.float64(0.085)
10.5857 	EXP 	prawa_etykieta: text = 'złość'
10.5857 	EXP 	label_text: autoDraw = True
14.5955 	EXP 	label_text: autoDraw = False
14.7288 	EXP 	fiksacja2: autoDraw = True
15.4929 	EXP 	fiksacja2: autoDraw = False
15.6766 	EXP 	stim_image: autoDraw = True
16.9888 	EXP 	stim_image: autoDraw = False
17.1716 	EXP 	suwak_badanie: autoDraw = True
17.1716 	EXP 	lewa_etykieta: autoDraw = True
17.1716 	EXP 	prawa_etykieta: autoDraw = True
17.1716 	EXP 	pytanie: autoDraw = True
18.4365 	DATA 	Mouse: Left button down, pos=(1023,288)
18.4516 	EXP 	suwak_badanie: markerPos = np.float64(6.562500000000007)
18.4684 	EXP 	suwak_badanie: markerPos = np.float64(6.562500000000007)
18.4846 	EXP 	suwak_badanie: markerPos = np.float64(7.083333333333329)
18.5011 	EXP 	suwak_badanie: markerPos = np.float64(7.916666666666657)
18.5177 	EXP 	suwak_badanie: markerPos = np.float64(9.687500000000007)
18.5343 	EXP 	suwak_badanie: markerPos = np.float64(11.041666666666657)
18.5510 	EXP 	suwak_badanie: markerPos = np.float64(13.854166666666664)
18.5676 	EXP 	suwak_badanie: markerPos = np.float64(14.791666666666671)
18.5842 	EXP 	suwak_badanie: markerPos = np.float64(16.25)
18.6009 	EXP 	suwak_badanie: markerPos = np.float64(17.1875)
18.6174 	EXP 	suwak_badanie: markerPos = np.float64(17.91666666666667)
18.6341 	EXP 	suwak_badanie: markerPos = np.float64(18.95833333333333)
18.6507 	EXP 	suwak_badanie: markerPos = np.float64(19.47916666666667)
18.6676 	EXP 	suwak_badanie: markerPos = np.float64(19.6875)
18.6839 	EXP 	suwak_badanie: markerPos = np.float64(19.6875)
18.7005 	EXP 	suwak_badanie: markerPos = np.float64(19.791666666666657)
18.7174 	EXP 	suwak_badanie: markerPos = np.float64(19.791666666666657)
18.7336 	EXP 	suwak_badanie: markerPos = np.float64(19.89583333333333)
18.7351 	DATA 	Mouse:  Left button up, pos=(1151,299)
18.7507 	EXP 	suwak_badanie: markerPos = np.float64(19.89583333333333)
18.7671 	EXP 	label_text: autoDraw = False
18.7671 	EXP 	stim_image: autoDraw = False
18.7671 	EXP 	suwak_badanie: autoDraw = False
18.7671 	EXP 	lewa_etykieta: autoDraw = False
18.7671 	EXP 	prawa_etykieta: autoDraw = False
18.7671 	EXP 	fiksacja2: autoDraw = False
18.7671 	EXP 	pytanie: autoDraw = False
18.7671 	EXP 	text: autoDraw = True
20.7632 	EXP 	New trial (rep=0, index=1): <Trial 1 (1 in rep 0) data={'image_path': 'photos/1K_OZ_8020.png', 'etykieta': 'Poprzedni badani wykryli w tej twarzy oczekiwanie.', 'left_label': 'zaskoczenie', 'right_label': 'oczekiwanie', 'show_label': 4, 'proporcja_zdjecia': '80/20 oczekiwanie', 'typ_etykiety': 'Kategorialna Ludzie', 'warunek': 'Zgodny', 'kierunek': 'Dominacja Prawo oczekiwanie', 'thisN': 1, 'thisTrialN': 1, 'thisRepN': 0}>
20.8405 	EXP 	text: autoDraw = False
20.8405 	EXP 	przerwa_text: autoDraw = False
20.8405 	EXP 	label_text: height = np.float64(0.05)
20.8405 	EXP 	label_text: height = np.float64(0.05)
20.8405 	EXP 	label_text: height = np.float64(0.05)
20.8405 	EXP 	label_text: text = 'Poprzedni badani wykryli w tej twarzy oczekiwanie.'
20.8405 	EXP 	label_text: height = np.float64(0.05)
20.8405 	EXP 	label_text: height = np.float64(0.05)
20.8405 	EXP 	label_text: height = np.float64(0.05)
20.8405 	EXP 	label_text: text = 'Poprzedni badani wykryli w tej twarzy oczekiwanie.'
20.8405 	EXP 	stim_image: image = 'photos/1K_OZ_8020.png'
20.8405 	EXP 	suwak_badanie: markerPos = None
20.8405 	EXP 	suwak_badanie: markerPos = 0
20.8405 	EXP 	lewa_etykieta: height = np.float64(0.085)
20.8405 	EXP 	lewa_etykieta: height = np.float64(0.085)
20.8405 	EXP 	lewa_etykieta: height = np.float64(0.085)
20.8405 	EXP 	lewa_etykieta: text = 'zaskoczenie'
20.8405 	EXP 	prawa_etykieta: height = np.float64(0.085)
20.8405 	EXP 	prawa_etykieta: height = np.float64(0.085)
20.8405 	EXP 	prawa_etykieta: height = np.float64(0.085)
20.8405 	EXP 	prawa_etykieta: text = 'oczekiwanie'
20.8405 	EXP 	label_text: autoDraw = True
24.8510 	EXP 	label_text: autoDraw = False
24.9668 	EXP 	fiksacja2: autoDraw = True
25.7314 	EXP 	fiksacja2: autoDraw = False
25.9156 	EXP 	stim_image: autoDraw = True
27.2277 	EXP 	stim_image: autoDraw = False
27.4263 	EXP 	suwak_badanie: autoDraw = True
27.4263 	EXP 	lewa_etykieta: autoDraw = True
27.4263 	EXP 	prawa_etykieta: autoDraw = True
27.4263 	EXP 	pytanie: autoDraw = True
28.1272 	DATA 	Mouse: Left button down, pos=(970,262)
28.1419 	EXP 	suwak_badanie: markerPos = np.float64(1.0416666666666643)
28.1582 	EXP 	suwak_badanie: markerPos = np.float64(0.8333333333333286)
28.1747 	EXP 	suwak_badanie: markerPos = np.float64(0.7291666666666714)
28.1913 	EXP 	suwak_badanie: markerPos = np.float64(0.4166666666666643)
28.2082 	EXP 	suwak_badanie: markerPos = np.float64(-0.3125)
28.2247 	EXP 	suwak_badanie: markerPos = np.float64(-1.875)
28.2412 	EXP 	suwak_badanie: markerPos = np.float64(-3.9583333333333286)
28.2579 	EXP 	suwak_badanie: markerPos = np.float64(-7.083333333333329)
28.2745 	EXP 	suwak_badanie: markerPos = np.float64(-9.583333333333336)
28.2911 	EXP 	suwak_badanie: markerPos = np.float64(-13.541666666666664)
28.3076 	EXP 	suwak_badanie: markerPos = np.float64(-19.374999999999996)
28.3243 	EXP 	suwak_badanie: markerPos = np.float64(-22.60416666666667)
28.3409 	EXP 	suwak_badanie: markerPos = np.float64(-25.3125)
28.3576 	EXP 	suwak_badanie: markerPos = np.float64(-25.937500000000004)
28.3745 	EXP 	suwak_badanie: markerPos = np.float64(-26.5625)
28.3911 	EXP 	suwak_badanie: markerPos = np.float64(-26.666666666666668)
28.4078 	EXP 	suwak_badanie: markerPos = np.float64(-26.666666666666668)
28.4243 	EXP 	suwak_badanie: markerPos = np.float64(-26.666666666666668)
28.4409 	EXP 	suwak_badanie: markerPos = np.float64(-26.666666666666668)
28.4576 	EXP 	suwak_badanie: markerPos = np.float64(-26.666666666666668)
28.4741 	EXP 	suwak_badanie: markerPos = np.float64(-26.666666666666668)
28.4909 	EXP 	suwak_badanie: markerPos = np.float64(-26.666666666666668)
28.5074 	EXP 	suwak_badanie: markerPos = np.float64(-26.666666666666668)
28.5238 	EXP 	suwak_badanie: markerPos = np.float64(-26.666666666666668)
28.5408 	EXP 	suwak_badanie: markerPos = np.float64(-26.666666666666668)
28.5572 	EXP 	suwak_badanie: markerPos = np.float64(-26.666666666666668)
28.5737 	EXP 	suwak_badanie: markerPos = np.float64(-26.666666666666668)
28.5905 	EXP 	suwak_badanie: markerPos = np.float64(-26.666666666666668)
28.6071 	EXP 	suwak_badanie: markerPos = np.float64(-26.666666666666668)
28.6235 	EXP 	suwak_badanie: markerPos = np.float64(-26.666666666666668)
28.6253 	DATA 	Mouse:  Left button up, pos=(704,255)
28.6404 	EXP 	suwak_badanie: markerPos = np.float64(-26.666666666666668)
28.6570 	EXP 	label_text: autoDraw = False
28.6570 	EXP 	stim_image: autoDraw = False
28.6570 	EXP 	suwak_badanie: autoDraw = False
28.6570 	EXP 	lewa_etykieta: autoDraw = False
28.6570 	EXP 	prawa_etykieta: autoDraw = False
28.6570 	EXP 	fiksacja2: autoDraw = False
28.6570 	EXP 	pytanie: autoDraw = False
28.6570 	EXP 	text: autoDraw = True
30.5024 	EXP 	Device response: <KeyPress from None: t=30.491317700129002, value=escape, duration=None>
30.5035 	DATA 	Keypress: escape
30.6185 	EXP 	Device response: <KeyPress from None: t=30.491317700129002, value=escape, duration=0.12130349990911782>
30.6186 	EXP 	percepcja_wersja_finalna: status = STOPPED
30.6349 	EXP 	text: autoDraw = False
30.6351 	EXP 	percepcja_wersja_finalna: status = STOPPED
30.6492 	INFO 	saved data to 'C:\\Users\\julia\\OneDrive\\Pulpit\\percepcja_psychopy\\data\\281678_percepcja_wersja_finalna_2026-05-04_11h25.32.468.csv'
30.6536 	INFO 	saved data to C:\Users\julia\OneDrive\Pulpit\percepcja_psychopy\data\281678_percepcja_wersja_finalna_2026-05-04_11h25.32.468.psydat
31.3401 	WARNING 	Stopping key buffers but this could be dangerous ifother keyboards rely on the same.
