8.9378 	INFO 	Loaded monitor calibration from ['2026_03_18 20:30']
8.9674 	WARNING 	User requested fullscreen with size [1090  800], but screen is actually [1920, 1080]. Using actual size
9.9168 	INFO 	Using renderer 'Intel(R) UHD Graphics' for graphics
9.9168 	INFO 	OpenGL version supported by driver is 4..
11.0293 	EXP 	Created window1 = Window(allowGUI=False, allowStencil=True, autoLog=True, backendConf=UNKNOWN, backgroundFit=<method-wrapper '__getattribute__' of attributeSetter object at 0x0000018B2CF4C190>, backgroundImage=<method-wrapper '__getattribute__' of attributeSetter object at 0x0000018B2CF4E500>, bitsMode=UNKNOWN, blendMode='avg', bpc=(8, 8, 8), color=array([0.6549, 0.6549, 0.6549]), colorSpace='rgb', depthBits=8, fullscr=True, gamma=None, gammaErrorPolicy='raise', infoMsg=UNKNOWN, lms=UNKNOWN, monitor=<psychopy.monitors.calibTools.Monitor object at 0x0000018B2D1CBCA0>, multiSample=False, name='window1', numSamples=2, pos=[np.float64(0.0), np.float64(0.0)], screen=0, size=array([1920, 1080]), stencilBits=8, stereo=False, title='PsychoPy', units='height', useFBO=True, useRetina=False, viewOri=0.0, viewPos=None, viewScale=None, waitBlanking=True, winType='pyglet')
11.0294 	EXP 	window1: backgroundImage = ''
11.0294 	EXP 	window1: backgroundFit = 'none'
11.2041 	INFO 	keyboard.Keyboard is using ptb backend.
11.2043 	EXP 	percepcja_wersja_finalna: status = STARTED
11.5251 	EXP 	Created suwaki_interpretacja = ImageStim(__class__=<class 'psychopy.visual.image.ImageStim'>, anchor=('center', 'center'), autoLog=True, color=array([1., 1., 1.]), colorSpace='rgb', contrast=1.0, depth=-3.0, draggable=False, flipHoriz=np.False_, flipVert=np.False_, image='photos/suwaki_instrukcja.png', interpolate=True, mask=None, maskParams=None, name='suwaki_interpretacja', opacity=1, ori=0.0, pos=array([ 0. , -0.2]), size=array([1.  , 0.75]), texRes=128.0, units='norm', win=Window(...))
11.7903 	EXP 	Created proba_testowa = TextStim(__class__=<class 'psychopy.visual.text.TextStim'>, alignHoriz=method-wrapper(...), alignText='center', alignVert=method-wrapper(...), anchorHoriz='center', anchorVert='center', antialias=True, autoDraw=False, autoLog=True, bold=False, color=array([-1., -1., -1.]), colorSpace='rgb', contrast=1.0, depth=-2.0, draggable=False, flipHoriz=False, flipVert=False, font='Arial', fontFiles=[], height=np.float64(0.04), italic=False, languageStyle='LTR', name='proba_testowa', opacity=1, ori=0.0, pos=array([0., 0.]), rgb=UNKNOWN, text=str(...), units='height', win=Window(...), wrapWidth=1.4)
11.7912 	EXP 	Created pilot_label_text = TextStim(__class__=<class 'psychopy.visual.text.TextStim'>, alignHoriz=method-wrapper(...), alignText='center', alignVert=method-wrapper(...), anchorHoriz='center', anchorVert='center', antialias=True, autoDraw=False, autoLog=True, bold=False, color=array([-1., -1., -1.]), colorSpace='rgb', contrast=1.0, depth=-1.0, draggable=False, flipHoriz=False, flipVert=False, font='Arial', fontFiles=[], height=0.05, italic=False, languageStyle='LTR', name='pilot_label_text', opacity=1, ori=0.0, pos=array([0., 0.]), rgb=UNKNOWN, text='', units='height', win=Window(...), wrapWidth=1)
11.7961 	EXP 	Created pilot_fiksacja1 = TextStim(__class__=<class 'psychopy.visual.text.TextStim'>, alignHoriz=method-wrapper(...), alignText='center', alignVert=method-wrapper(...), anchorHoriz='center', anchorVert='center', antialias=True, autoDraw=False, autoLog=True, bold=False, color=array([-1., -1., -1.]), colorSpace='rgb', contrast=1.0, depth=-2.0, draggable=False, flipHoriz=False, flipVert=False, font='Courier New', fontFiles=[], height=np.float64(0.1), italic=False, languageStyle='LTR', name='pilot_fiksacja1', opacity=1, ori=0.0, pos=array([0., 0.]), rgb=UNKNOWN, text='+', units='height', win=Window(...), wrapWidth=1)
11.8252 	EXP 	Created pilot_suwak = Slider(__class__=<class 'psychopy.visual.slider.Slider'>, autoDraw=False, autoLog=True, borderColor=None, color=None, colorSpace='rgb', depth=-3, fillColor=None, flip=False, font='Noto Sans', granularity=0.0, labelColor=None, labelHeight=np.float64(0.05), labelWrapWidth=None, labels=None, lineColor=None, markerColor=None, name='pilot_suwak', opacity=None, ori=0.0, pos=array([ 0. , -0.5]), readOnly=False, self=UNKNOWN, size=array([1. , 0.1]), startValue=0, style='slider', styleTweaks=[], ticks=array([-50, -25,   0,  25,  50]), units='norm', win=Window(...))
11.8310 	EXP 	Created pilot_fiksacja2 = TextStim(__class__=<class 'psychopy.visual.text.TextStim'>, alignHoriz=method-wrapper(...), alignText='center', alignVert=method-wrapper(...), anchorHoriz='center', anchorVert='center', antialias=True, autoDraw=False, autoLog=True, bold=False, color=array([-1., -1., -1.]), colorSpace='rgb', contrast=1.0, depth=-4.0, draggable=False, flipHoriz=False, flipVert=False, font='Courier New', fontFiles=[], height=np.float64(0.1), italic=False, languageStyle='LTR', name='pilot_fiksacja2', opacity=1, ori=0.0, pos=array([0., 0.]), rgb=UNKNOWN, text='+', units='height', win=Window(...), wrapWidth=1)
11.8437 	EXP 	Created pilot_pytanie = TextStim(__class__=<class 'psychopy.visual.text.TextStim'>, alignHoriz=method-wrapper(...), alignText='center', alignVert=method-wrapper(...), anchorHoriz='center', anchorVert='center', antialias=True, autoDraw=False, autoLog=True, bold=False, color=array([-1., -1., -1.]), colorSpace='rgb', contrast=1.0, depth=-5.0, draggable=False, flipHoriz=False, flipVert=False, font='Arial', fontFiles=[], height=np.float64(0.05), italic=False, languageStyle='LTR', name='pilot_pytanie', opacity=1, ori=0.0, pos=array([0., 0.]), rgb=UNKNOWN, text='Jaką emocję wyrażała ta twarz?', units='height', win=Window(...), wrapWidth=1)
11.8447 	EXP 	Created pilot_lewa_etykieta = TextStim(__class__=<class 'psychopy.visual.text.TextStim'>, alignHoriz=method-wrapper(...), alignText='center', alignVert=method-wrapper(...), anchorHoriz='center', anchorVert='center', antialias=True, autoDraw=False, autoLog=True, bold=False, color=array([-1., -1., -1.]), colorSpace='rgb', contrast=1.0, depth=-6.0, draggable=False, flipHoriz=False, flipVert=False, font='Arial', fontFiles=[], height=0.085, italic=False, languageStyle='LTR', name='pilot_lewa_etykieta', opacity=1, ori=0.0, pos=array([-0.6, -0.5]), rgb=UNKNOWN, text='', units='norm', win=Window(...), wrapWidth=1)
11.8452 	EXP 	Created pilot_prawa_etykieta = TextStim(__class__=<class 'psychopy.visual.text.TextStim'>, alignHoriz=method-wrapper(...), alignText='center', alignVert=method-wrapper(...), anchorHoriz='center', anchorVert='center', antialias=True, autoDraw=False, autoLog=True, bold=False, color=array([-1., -1., -1.]), colorSpace='rgb', contrast=1.0, depth=-7.0, draggable=False, flipHoriz=False, flipVert=False, font='Arial', fontFiles=[], height=0.085, italic=False, languageStyle='LTR', name='pilot_prawa_etykieta', opacity=1, ori=0.0, pos=array([ 0.6, -0.5]), rgb=UNKNOWN, text='', units='norm', win=Window(...), wrapWidth=1)
11.8719 	EXP 	Created pilot_stim_image = ImageStim(__class__=<class 'psychopy.visual.image.ImageStim'>, anchor=('center', 'center'), autoLog=True, color=array([1., 1., 1.]), colorSpace='rgb', contrast=1.0, depth=-8.0, draggable=False, flipHoriz=np.False_, flipVert=np.False_, image='photos/twarz_testowa.jpg', interpolate=True, mask=None, maskParams=None, name='pilot_stim_image', opacity=1, ori=0.0, pos=array([0., 0.]), size=array([0.75, 0.75]), texRes=128.0, units='height', win=Window(...))
11.9027 	EXP 	Created start_badania = TextStim(__class__=<class 'psychopy.visual.text.TextStim'>, alignHoriz=method-wrapper(...), alignText='center', alignVert=method-wrapper(...), anchorHoriz='center', anchorVert='center', antialias=True, autoDraw=False, autoLog=True, bold=False, color=array([-1., -1., -1.]), colorSpace='rgb', contrast=1.0, depth=-2.0, draggable=False, flipHoriz=False, flipVert=False, font='Arial', fontFiles=[], height=np.float64(0.1), italic=False, languageStyle='LTR', name='start_badania', opacity=1, ori=0.0, pos=array([0., 0.]), rgb=UNKNOWN, text=str(...), units='norm', win=Window(...), wrapWidth=1.4)
11.9089 	EXP 	Created przerwa_text = TextStim(__class__=<class 'psychopy.visual.text.TextStim'>, alignHoriz=method-wrapper(...), alignText='center', alignVert=method-wrapper(...), anchorHoriz='center', anchorVert='center', antialias=True, autoDraw=False, autoLog=True, bold=False, color=array([-1., -1., -1.]), colorSpace='rgb', contrast=1.0, depth=0.0, draggable=False, flipHoriz=False, flipVert=False, font='Arial', fontFiles=[], height=np.float64(0.1), italic=False, languageStyle='LTR', name='przerwa_text', opacity=1, ori=0.0, pos=array([0., 0.]), rgb=UNKNOWN, text=str(...), units='norm', win=Window(...), wrapWidth=1)
11.9094 	EXP 	Created label_text = TextStim(__class__=<class 'psychopy.visual.text.TextStim'>, alignHoriz=method-wrapper(...), alignText='center', alignVert=method-wrapper(...), anchorHoriz='center', anchorVert='center', antialias=True, autoDraw=False, autoLog=True, bold=False, color=array([-1., -1., -1.]), colorSpace='rgb', contrast=1.0, depth=-2.0, draggable=False, flipHoriz=False, flipVert=False, font='Arial', fontFiles=[], height=0.05, italic=False, languageStyle='LTR', name='label_text', opacity=1, ori=0.0, pos=array([0., 0.]), rgb=UNKNOWN, text='', units='height', win=Window(...), wrapWidth=1.3)
11.9144 	EXP 	Created stim_image = ImageStim(__class__=<class 'psychopy.visual.image.ImageStim'>, anchor=('center', 'center'), autoLog=True, color=array([1., 1., 1.]), colorSpace='rgb', contrast=1.0, depth=-3.0, draggable=False, flipHoriz=np.False_, flipVert=np.False_, image='default.png', interpolate=True, mask=None, maskParams=None, name='stim_image', opacity=1, ori=0.0, pos=array([0., 0.]), size=array([0.75, 0.75]), texRes=128.0, units='height', win=Window(...))
11.9252 	EXP 	Created suwak_badanie = Slider(__class__=<class 'psychopy.visual.slider.Slider'>, autoDraw=False, autoLog=True, borderColor=None, color=None, colorSpace='rgb', depth=-4, fillColor=None, flip=False, font='Noto Sans', granularity=0.0, labelColor=None, labelHeight=np.float64(0.05), labelWrapWidth=None, labels=None, lineColor=None, markerColor=None, name='suwak_badanie', opacity=None, ori=0.0, pos=array([ 0. , -0.5]), readOnly=False, self=UNKNOWN, size=array([1. , 0.1]), startValue=0, style='slider', styleTweaks=[], ticks=array([-50, -25,   0,  25,  50]), units='norm', win=Window(...))
11.9259 	EXP 	Created lewa_etykieta = TextStim(__class__=<class 'psychopy.visual.text.TextStim'>, alignHoriz=method-wrapper(...), alignText='center', alignVert=method-wrapper(...), anchorHoriz='center', anchorVert='center', antialias=True, autoDraw=False, autoLog=True, bold=False, color=array([-1., -1., -1.]), colorSpace='rgb', contrast=1.0, depth=-5.0, draggable=False, flipHoriz=False, flipVert=False, font='Arial', fontFiles=[], height=0.085, italic=False, languageStyle='LTR', name='lewa_etykieta', opacity=1, ori=0.0, pos=array([-0.65, -0.5 ]), rgb=UNKNOWN, text='', units='norm', win=Window(...), wrapWidth=1)
11.9265 	EXP 	Created prawa_etykieta = TextStim(__class__=<class 'psychopy.visual.text.TextStim'>, alignHoriz=method-wrapper(...), alignText='center', alignVert=method-wrapper(...), anchorHoriz='center', anchorVert='center', antialias=True, autoDraw=False, autoLog=True, bold=False, color=array([-1., -1., -1.]), colorSpace='rgb', contrast=1.0, depth=-6.0, draggable=False, flipHoriz=False, flipVert=False, font='Arial', fontFiles=[], height=0.085, italic=False, languageStyle='LTR', name='prawa_etykieta', opacity=1, ori=0.0, pos=array([ 0.65, -0.5 ]), rgb=UNKNOWN, text='', units='norm', win=Window(...), wrapWidth=1)
11.9280 	EXP 	Created fiksacja2 = TextStim(__class__=<class 'psychopy.visual.text.TextStim'>, alignHoriz=method-wrapper(...), alignText='center', alignVert=method-wrapper(...), anchorHoriz='center', anchorVert='center', antialias=True, autoDraw=False, autoLog=True, bold=False, color=array([-1., -1., -1.]), colorSpace='rgb', contrast=1.0, depth=-7.0, draggable=False, flipHoriz=False, flipVert=False, font='Courier New', fontFiles=[], height=np.float64(0.1), italic=False, languageStyle='LTR', name='fiksacja2', opacity=1, ori=0.0, pos=array([0., 0.]), rgb=UNKNOWN, text='+', units='height', win=Window(...), wrapWidth=1)
11.9317 	EXP 	Created pytanie = TextStim(__class__=<class 'psychopy.visual.text.TextStim'>, alignHoriz=method-wrapper(...), alignText='center', alignVert=method-wrapper(...), anchorHoriz='center', anchorVert='center', antialias=True, autoDraw=False, autoLog=True, bold=False, color=array([-1., -1., -1.]), colorSpace='rgb', contrast=1.0, depth=-8.0, draggable=False, flipHoriz=False, flipVert=False, font='Arial', fontFiles=[], height=np.float64(0.1), italic=False, languageStyle='LTR', name='pytanie', opacity=1, ori=0.0, pos=array([0., 0.]), rgb=UNKNOWN, text='Jaką emocję wyrażała ta twarz?', units='norm', win=Window(...), wrapWidth=1)
11.9328 	EXP 	Created text = TextStim(__class__=<class 'psychopy.visual.text.TextStim'>, alignHoriz=method-wrapper(...), alignText='center', alignVert=method-wrapper(...), anchorHoriz='center', anchorVert='center', antialias=True, autoDraw=False, autoLog=True, bold=False, color=array([1., 1., 1.]), colorSpace='rgb', contrast=1.0, depth=-1.0, draggable=False, flipHoriz=False, flipVert=False, font='Arial', fontFiles=[], height=np.float64(0.05), italic=False, languageStyle='LTR', name='text', opacity=1, ori=0.0, pos=array([0., 0.]), rgb=UNKNOWN, text='', units='height', win=Window(...), wrapWidth=1)
11.9455 	EXP 	Created podziekowania_text = TextStim(__class__=<class 'psychopy.visual.text.TextStim'>, alignHoriz=method-wrapper(...), alignText='center', alignVert=method-wrapper(...), anchorHoriz='center', anchorVert='center', antialias=True, autoDraw=False, autoLog=True, bold=False, color=array([-1., -1., -1.]), colorSpace='rgb', contrast=1.0, depth=0.0, draggable=False, flipHoriz=False, flipVert=False, font='Arial', fontFiles=[], height=np.float64(0.05), italic=False, languageStyle='LTR', name='podziekowania_text', opacity=1, ori=0.0, pos=array([0., 0.]), rgb=UNKNOWN, text=str(...), units='height', win=Window(...), wrapWidth=1)
0.0239 	EXP 	textbox_2: autoLog = True
0.0239 	EXP 	textbox_3: autoLog = True
0.0239 	EXP 	pilot_suwak: autoLog = True
0.0239 	EXP 	pilot_suwak: styleTweaks = []
0.0239 	EXP 	pilot_suwak: styleTweaks = []
0.0239 	EXP 	pilot_suwak: styleTweaks = []
0.0239 	EXP 	pilot_suwak: styleTweaks = []
0.0239 	EXP 	pilot_suwak: contrast = 1.0
0.0239 	EXP 	pilot_suwak: markerPos = 0
0.0239 	EXP 	pilot_suwak: autoLog = True
0.0239 	EXP 	suwak_badanie: autoLog = True
0.0239 	EXP 	suwak_badanie: styleTweaks = []
0.0239 	EXP 	suwak_badanie: styleTweaks = []
0.0239 	EXP 	suwak_badanie: styleTweaks = []
0.0239 	EXP 	suwak_badanie: styleTweaks = []
0.0239 	EXP 	suwak_badanie: contrast = 1.0
0.0239 	EXP 	suwak_badanie: markerPos = 0
0.0239 	EXP 	suwak_badanie: autoLog = True
0.0663 	INFO 	Keyboard events cleared
0.0662 	EXP 	textbox_2: autoDraw = True
1.5220 	EXP 	Device response: <KeyPress from None: t=1.5050723999738693, value=space, duration=None>
1.5385 	DATA 	Keypress: space
1.5430 	INFO 	Keyboard events cleared
1.5429 	EXP 	textbox_2: autoDraw = False
1.5429 	EXP 	textbox_3: autoDraw = True
1.5429 	EXP 	suwaki_interpretacja: autoDraw = True
1.6116 	EXP 	Device response: <KeyPress from None: t=1.5050723999738693, value=space, duration=0.09597110003232956>
1.8439 	EXP 	Device response: <KeyPress from None: t=1.8401886001229286, value=space, duration=None>
1.8482 	DATA 	Keypress: space
1.8605 	INFO 	Keyboard events cleared
1.8603 	EXP 	textbox_3: autoDraw = False
1.8603 	EXP 	suwaki_interpretacja: autoDraw = False
1.8603 	EXP 	proba_testowa: autoDraw = True
1.9769 	EXP 	Device response: <KeyPress from None: t=1.8401886001229286, value=space, duration=0.1307872999459505>
2.2594 	EXP 	Device response: <KeyPress from None: t=2.25586050003767, value=space, duration=None>
2.2914 	DATA 	Keypress: space
2.2937 	EXP 	proba_testowa: autoDraw = False
2.2937 	EXP 	pilot_label_text: height = np.float64(0.05)
2.2937 	EXP 	pilot_label_text: height = np.float64(0.05)
2.2937 	EXP 	pilot_label_text: height = np.float64(0.05)
2.2937 	EXP 	pilot_label_text: height = np.float64(0.05)
2.2937 	EXP 	pilot_label_text: height = np.float64(0.05)
2.2937 	EXP 	pilot_label_text: height = np.float64(0.05)
2.2937 	EXP 	pilot_label_text: text = 'Model sztucznej inteligencji wykrył w tej twarzy 80% radości.\n\n'
2.2937 	EXP 	pilot_suwak: markerPos = None
2.2937 	EXP 	pilot_suwak: markerPos = 0
2.2937 	EXP 	pilot_lewa_etykieta: height = np.float64(0.085)
2.2937 	EXP 	pilot_lewa_etykieta: height = np.float64(0.085)
2.2937 	EXP 	pilot_lewa_etykieta: height = np.float64(0.085)
2.2937 	EXP 	pilot_lewa_etykieta: text = 'radość'
2.2937 	EXP 	pilot_prawa_etykieta: height = np.float64(0.085)
2.2937 	EXP 	pilot_prawa_etykieta: height = np.float64(0.085)
2.2937 	EXP 	pilot_prawa_etykieta: height = np.float64(0.085)
2.2937 	EXP 	pilot_prawa_etykieta: text = 'smutek'
2.2937 	EXP 	pilot_fiksacja1: autoDraw = True
2.3587 	EXP 	Device response: <KeyPress from None: t=2.25586050003767, value=space, duration=0.10006380011327565>
3.0566 	EXP 	pilot_fiksacja1: autoDraw = False
3.2230 	EXP 	pilot_label_text: autoDraw = True
6.2313 	EXP 	pilot_label_text: autoDraw = False
6.4141 	EXP 	pilot_fiksacja2: autoDraw = True
7.1787 	EXP 	pilot_fiksacja2: autoDraw = False
7.3624 	EXP 	pilot_stim_image: autoDraw = True
8.6744 	EXP 	pilot_stim_image: autoDraw = False
8.7743 	EXP 	pilot_suwak: autoDraw = True
8.7743 	EXP 	pilot_pytanie: autoDraw = True
8.7743 	EXP 	pilot_lewa_etykieta: autoDraw = True
8.7743 	EXP 	pilot_prawa_etykieta: autoDraw = True
9.3743 	DATA 	Mouse: Left button down, pos=(1293,280)
9.3893 	EXP 	pilot_suwak: markerPos = np.float64(34.6875)
9.4060 	EXP 	pilot_suwak: markerPos = np.float64(34.6875)
9.4226 	EXP 	pilot_suwak: markerPos = np.float64(34.6875)
9.4391 	EXP 	pilot_suwak: markerPos = np.float64(34.6875)
9.4559 	EXP 	pilot_suwak: markerPos = np.float64(34.6875)
9.4621 	DATA 	Mouse:  Left button up, pos=(1293,280)
9.4723 	EXP 	pilot_suwak: markerPos = np.float64(34.6875)
9.4888 	EXP 	pilot_suwak: markerPos = np.float64(34.6875)
9.5059 	INFO 	Keyboard events cleared
9.5058 	EXP 	pilot_label_text: autoDraw = False
9.5058 	EXP 	pilot_fiksacja1: autoDraw = False
9.5058 	EXP 	pilot_suwak: autoDraw = False
9.5058 	EXP 	pilot_fiksacja2: autoDraw = False
9.5058 	EXP 	pilot_pytanie: autoDraw = False
9.5058 	EXP 	pilot_lewa_etykieta: autoDraw = False
9.5058 	EXP 	pilot_prawa_etykieta: autoDraw = False
9.5058 	EXP 	pilot_stim_image: autoDraw = False
9.5058 	EXP 	start_badania: autoDraw = True
10.3038 	EXP 	Device response: <KeyPress from None: t=10.292233099928126, value=space, duration=None>
10.3205 	EXP 	Imported conditions.xlsx as conditions, 32 conditions, 9 params
10.3212 	EXP 	New trial (rep=0, index=0): <Trial 0 (0 in rep 0) data={'image_path': 'photos/1K_SZ_5050.png', 'etykieta': 'Model sztucznej inteligencji wykrył w tej twarzy 72% strachu.', 'left_label': 'strach', 'right_label': 'złość', 'show_label': 4, 'proporcja_zdjecia': '50/50', 'typ_etykiety': 'Procentowa AI', 'warunek': 'n/d', 'kierunek': 'Sugestia Lewo strach', 'thisN': 0, 'thisTrialN': 0, 'thisRepN': 0}>
10.3788 	EXP 	Device response: <KeyPress from None: t=10.292233099928126, value=space, duration=0.060654700035229325>
10.3798 	DATA 	Keypress: space
10.3830 	EXP 	start_badania: autoDraw = False
10.3830 	EXP 	przerwa_text: autoDraw = False
10.3830 	EXP 	label_text: height = np.float64(0.05)
10.3830 	EXP 	label_text: height = np.float64(0.05)
10.3830 	EXP 	label_text: height = np.float64(0.05)
10.3830 	EXP 	label_text: text = 'Model sztucznej inteligencji wykrył w tej twarzy 72% strachu.'
10.3830 	EXP 	label_text: height = np.float64(0.05)
10.3830 	EXP 	label_text: height = np.float64(0.05)
10.3830 	EXP 	label_text: height = np.float64(0.05)
10.3830 	EXP 	label_text: text = 'Model sztucznej inteligencji wykrył w tej twarzy 72% strachu.'
10.3830 	EXP 	stim_image: image = 'photos/1K_SZ_5050.png'
10.3830 	EXP 	suwak_badanie: markerPos = None
10.3830 	EXP 	suwak_badanie: markerPos = 0
10.3830 	EXP 	lewa_etykieta: height = np.float64(0.085)
10.3830 	EXP 	lewa_etykieta: height = np.float64(0.085)
10.3830 	EXP 	lewa_etykieta: height = np.float64(0.085)
10.3830 	EXP 	lewa_etykieta: text = 'strach'
10.3830 	EXP 	prawa_etykieta: height = np.float64(0.085)
10.3830 	EXP 	prawa_etykieta: height = np.float64(0.085)
10.3830 	EXP 	prawa_etykieta: height = np.float64(0.085)
10.3830 	EXP 	prawa_etykieta: text = 'złość'
10.3830 	EXP 	label_text: autoDraw = True
14.3925 	EXP 	label_text: autoDraw = False
14.5253 	EXP 	fiksacja2: autoDraw = True
15.2900 	EXP 	fiksacja2: autoDraw = False
15.4737 	EXP 	stim_image: autoDraw = True
16.7857 	EXP 	stim_image: autoDraw = False
16.9850 	EXP 	suwak_badanie: autoDraw = True
16.9850 	EXP 	lewa_etykieta: autoDraw = True
16.9850 	EXP 	prawa_etykieta: autoDraw = True
16.9850 	EXP 	pytanie: autoDraw = True
18.0049 	DATA 	Mouse: Left button down, pos=(1232,261)
18.0323 	EXP 	suwak_badanie: markerPos = np.float64(28.33333333333333)
18.0488 	EXP 	suwak_badanie: markerPos = np.float64(28.33333333333333)
18.0655 	EXP 	suwak_badanie: markerPos = np.float64(28.33333333333333)
18.0823 	EXP 	suwak_badanie: markerPos = np.float64(28.4375)
18.0990 	EXP 	suwak_badanie: markerPos = np.float64(29.27083333333333)
18.1153 	EXP 	suwak_badanie: markerPos = np.float64(30.10416666666667)
18.1317 	EXP 	suwak_badanie: markerPos = np.float64(31.45833333333333)
18.1486 	EXP 	suwak_badanie: markerPos = np.float64(32.5)
18.1656 	EXP 	suwak_badanie: markerPos = np.float64(33.4375)
18.1818 	EXP 	suwak_badanie: markerPos = np.float64(33.95833333333333)
18.1982 	EXP 	suwak_badanie: markerPos = np.float64(34.16666666666667)
18.2151 	EXP 	suwak_badanie: markerPos = np.float64(34.58333333333333)
18.2319 	EXP 	suwak_badanie: markerPos = np.float64(34.89583333333333)
18.2487 	EXP 	suwak_badanie: markerPos = np.float64(35.20833333333333)
18.2650 	EXP 	suwak_badanie: markerPos = np.float64(35.20833333333333)
18.2814 	EXP 	suwak_badanie: markerPos = np.float64(35.3125)
18.2983 	EXP 	suwak_badanie: markerPos = np.float64(35.52083333333333)
18.3150 	EXP 	suwak_badanie: markerPos = np.float64(35.52083333333333)
18.3316 	EXP 	suwak_badanie: markerPos = np.float64(35.52083333333333)
18.3482 	EXP 	suwak_badanie: markerPos = np.float64(35.52083333333333)
18.3648 	EXP 	suwak_badanie: markerPos = np.float64(35.52083333333333)
18.3815 	EXP 	suwak_badanie: markerPos = np.float64(35.52083333333333)
18.3981 	EXP 	suwak_badanie: markerPos = np.float64(35.52083333333333)
18.4146 	EXP 	suwak_badanie: markerPos = np.float64(35.625)
18.4159 	DATA 	Mouse:  Left button up, pos=(1302,263)
18.4308 	EXP 	suwak_badanie: markerPos = np.float64(35.625)
18.4479 	EXP 	label_text: autoDraw = False
18.4479 	EXP 	stim_image: autoDraw = False
18.4479 	EXP 	suwak_badanie: autoDraw = False
18.4479 	EXP 	lewa_etykieta: autoDraw = False
18.4479 	EXP 	prawa_etykieta: autoDraw = False
18.4479 	EXP 	fiksacja2: autoDraw = False
18.4479 	EXP 	pytanie: autoDraw = False
18.4479 	EXP 	text: autoDraw = True
20.4438 	EXP 	New trial (rep=0, index=1): <Trial 1 (1 in rep 0) data={'image_path': 'photos/1K_OZ_8020.png', 'etykieta': 'Poprzedni badani wykryli w tej twarzy oczekiwanie.', 'left_label': 'zaskoczenie', 'right_label': 'oczekiwanie', 'show_label': 4, 'proporcja_zdjecia': '80/20 oczekiwanie', 'typ_etykiety': 'Kategorialna Ludzie', 'warunek': 'Zgodny', 'kierunek': 'Dominacja Prawo oczekiwanie', 'thisN': 1, 'thisTrialN': 1, 'thisRepN': 0}>
20.5063 	EXP 	text: autoDraw = False
20.5063 	EXP 	przerwa_text: autoDraw = False
20.5063 	EXP 	label_text: height = np.float64(0.05)
20.5063 	EXP 	label_text: height = np.float64(0.05)
20.5063 	EXP 	label_text: height = np.float64(0.05)
20.5063 	EXP 	label_text: text = 'Poprzedni badani wykryli w tej twarzy oczekiwanie.'
20.5063 	EXP 	label_text: height = np.float64(0.05)
20.5063 	EXP 	label_text: height = np.float64(0.05)
20.5063 	EXP 	label_text: height = np.float64(0.05)
20.5063 	EXP 	label_text: text = 'Poprzedni badani wykryli w tej twarzy oczekiwanie.'
20.5063 	EXP 	stim_image: image = 'photos/1K_OZ_8020.png'
20.5063 	EXP 	suwak_badanie: markerPos = None
20.5063 	EXP 	suwak_badanie: markerPos = 0
20.5063 	EXP 	lewa_etykieta: height = np.float64(0.085)
20.5063 	EXP 	lewa_etykieta: height = np.float64(0.085)
20.5063 	EXP 	lewa_etykieta: height = np.float64(0.085)
20.5063 	EXP 	lewa_etykieta: text = 'zaskoczenie'
20.5063 	EXP 	prawa_etykieta: height = np.float64(0.085)
20.5063 	EXP 	prawa_etykieta: height = np.float64(0.085)
20.5063 	EXP 	prawa_etykieta: height = np.float64(0.085)
20.5063 	EXP 	prawa_etykieta: text = 'oczekiwanie'
20.5063 	EXP 	label_text: autoDraw = True
24.5148 	EXP 	label_text: autoDraw = False
24.6477 	EXP 	fiksacja2: autoDraw = True
25.4123 	EXP 	fiksacja2: autoDraw = False
25.5957 	EXP 	stim_image: autoDraw = True
26.9081 	EXP 	stim_image: autoDraw = False
27.1074 	EXP 	suwak_badanie: autoDraw = True
27.1074 	EXP 	lewa_etykieta: autoDraw = True
27.1074 	EXP 	prawa_etykieta: autoDraw = True
27.1074 	EXP 	pytanie: autoDraw = True
27.6573 	DATA 	Mouse: Left button down, pos=(964,264)
27.6728 	EXP 	suwak_badanie: markerPos = np.float64(0.4166666666666643)
27.6894 	EXP 	suwak_badanie: markerPos = np.float64(0.4166666666666643)
27.7062 	EXP 	suwak_badanie: markerPos = np.float64(0.3125000000000071)
27.7223 	EXP 	suwak_badanie: markerPos = np.float64(-0.2083333333333357)
27.7390 	EXP 	suwak_badanie: markerPos = np.float64(-1.3541666666666643)
27.7560 	EXP 	suwak_badanie: markerPos = np.float64(-2.9166666666666643)
27.7724 	EXP 	suwak_badanie: markerPos = np.float64(-4.791666666666664)
27.7888 	EXP 	suwak_badanie: markerPos = np.float64(-8.125)
27.8055 	EXP 	suwak_badanie: markerPos = np.float64(-12.083333333333336)
27.8221 	EXP 	suwak_badanie: markerPos = np.float64(-16.041666666666664)
27.8390 	EXP 	suwak_badanie: markerPos = np.float64(-20.104166666666668)
27.8556 	EXP 	suwak_badanie: markerPos = np.float64(-25.0)
27.8719 	EXP 	suwak_badanie: markerPos = np.float64(-26.979166666666664)
27.8885 	EXP 	suwak_badanie: markerPos = np.float64(-27.916666666666668)
27.9052 	EXP 	suwak_badanie: markerPos = np.float64(-28.541666666666664)
27.9219 	EXP 	suwak_badanie: markerPos = np.float64(-28.854166666666664)
27.9386 	EXP 	suwak_badanie: markerPos = np.float64(-29.062500000000004)
27.9551 	EXP 	suwak_badanie: markerPos = np.float64(-29.270833333333336)
27.9716 	EXP 	suwak_badanie: markerPos = np.float64(-29.270833333333336)
27.9882 	EXP 	suwak_badanie: markerPos = np.float64(-29.270833333333336)
28.0051 	EXP 	suwak_badanie: markerPos = np.float64(-29.375)
28.0220 	EXP 	suwak_badanie: markerPos = np.float64(-29.375)
28.0383 	EXP 	suwak_badanie: markerPos = np.float64(-29.479166666666668)
28.0548 	EXP 	suwak_badanie: markerPos = np.float64(-29.479166666666668)
28.0716 	EXP 	suwak_badanie: markerPos = np.float64(-29.479166666666668)
28.0882 	EXP 	suwak_badanie: markerPos = np.float64(-29.479166666666668)
28.1045 	EXP 	suwak_badanie: markerPos = np.float64(-29.479166666666668)
28.1058 	DATA 	Mouse:  Left button up, pos=(677,260)
28.1214 	EXP 	suwak_badanie: markerPos = np.float64(-29.479166666666668)
28.1380 	EXP 	label_text: autoDraw = False
28.1380 	EXP 	stim_image: autoDraw = False
28.1380 	EXP 	suwak_badanie: autoDraw = False
28.1380 	EXP 	lewa_etykieta: autoDraw = False
28.1380 	EXP 	prawa_etykieta: autoDraw = False
28.1380 	EXP 	fiksacja2: autoDraw = False
28.1380 	EXP 	pytanie: autoDraw = False
28.1380 	EXP 	text: autoDraw = True
30.1342 	EXP 	New trial (rep=0, index=2): <Trial 2 (2 in rep 0) data={'image_path': 'photos/1K_RS_5050.png', 'etykieta': 'test', 'left_label': 'radość', 'right_label': 'smutek', 'show_label': 0, 'proporcja_zdjecia': '50/50', 'typ_etykiety': 'Kontrolna', 'warunek': 'kontrolny', 'kierunek': 'Brak', 'thisN': 2, 'thisTrialN': 2, 'thisRepN': 0}>
30.2114 	EXP 	text: autoDraw = False
30.2114 	EXP 	przerwa_text: autoDraw = False
30.2114 	EXP 	label_text: height = np.float64(0.05)
30.2114 	EXP 	label_text: height = np.float64(0.05)
30.2114 	EXP 	label_text: height = np.float64(0.05)
30.2114 	EXP 	label_text: text = ''
30.2114 	EXP 	label_text: height = np.float64(0.05)
30.2114 	EXP 	label_text: height = np.float64(0.05)
30.2114 	EXP 	label_text: height = np.float64(0.05)
30.2114 	EXP 	label_text: height = np.float64(0.05)
30.2114 	EXP 	label_text: height = np.float64(0.05)
30.2114 	EXP 	label_text: height = np.float64(0.05)
30.2114 	EXP 	label_text: text = 'test'
30.2114 	EXP 	stim_image: image = 'photos/1K_RS_5050.png'
30.2114 	EXP 	suwak_badanie: markerPos = None
30.2114 	EXP 	suwak_badanie: markerPos = 0
30.2114 	EXP 	lewa_etykieta: height = np.float64(0.085)
30.2114 	EXP 	lewa_etykieta: height = np.float64(0.085)
30.2114 	EXP 	lewa_etykieta: height = np.float64(0.085)
30.2114 	EXP 	lewa_etykieta: text = 'radość'
30.2114 	EXP 	prawa_etykieta: height = np.float64(0.085)
30.2114 	EXP 	prawa_etykieta: height = np.float64(0.085)
30.2114 	EXP 	prawa_etykieta: height = np.float64(0.085)
30.2114 	EXP 	prawa_etykieta: text = 'smutek'
30.2114 	EXP 	label_text: autoDraw = True
30.2114 	EXP 	label_text: autoDraw = False
30.3488 	EXP 	fiksacja2: autoDraw = True
31.1134 	EXP 	fiksacja2: autoDraw = False
31.2971 	EXP 	stim_image: autoDraw = True
32.6092 	EXP 	stim_image: autoDraw = False
32.7918 	EXP 	suwak_badanie: autoDraw = True
32.7918 	EXP 	lewa_etykieta: autoDraw = True
32.7918 	EXP 	prawa_etykieta: autoDraw = True
32.7918 	EXP 	pytanie: autoDraw = True
33.2439 	DATA 	Mouse: Left button down, pos=(951,281)
33.2573 	EXP 	suwak_badanie: markerPos = np.float64(-0.9375)
33.2741 	EXP 	suwak_badanie: markerPos = np.float64(-0.7291666666666643)
33.2905 	EXP 	suwak_badanie: markerPos = np.float64(-0.5208333333333286)
33.3074 	EXP 	suwak_badanie: markerPos = np.float64(0.2083333333333357)
33.3241 	EXP 	suwak_badanie: markerPos = np.float64(1.3541666666666643)
33.3402 	EXP 	suwak_badanie: markerPos = np.float64(2.3958333333333286)
33.3570 	EXP 	suwak_badanie: markerPos = np.float64(5.625)
33.3739 	EXP 	suwak_badanie: markerPos = np.float64(7.1875)
33.3904 	EXP 	suwak_badanie: markerPos = np.float64(12.395833333333343)
33.4069 	EXP 	suwak_badanie: markerPos = np.float64(14.895833333333329)
33.4236 	EXP 	suwak_badanie: markerPos = np.float64(18.33333333333333)
33.4399 	EXP 	suwak_badanie: markerPos = np.float64(21.979166666666657)
33.4565 	EXP 	suwak_badanie: markerPos = np.float64(25.41666666666667)
33.4738 	EXP 	suwak_badanie: markerPos = np.float64(29.0625)
33.4898 	EXP 	suwak_badanie: markerPos = np.float64(31.77083333333333)
33.5066 	EXP 	suwak_badanie: markerPos = np.float64(33.125)
33.5230 	EXP 	suwak_badanie: markerPos = np.float64(34.27083333333334)
33.5399 	EXP 	suwak_badanie: markerPos = np.float64(35.20833333333333)
33.5562 	EXP 	suwak_badanie: markerPos = np.float64(35.83333333333334)
33.5729 	EXP 	suwak_badanie: markerPos = np.float64(36.14583333333333)
33.5899 	EXP 	suwak_badanie: markerPos = np.float64(36.25)
33.6066 	EXP 	suwak_badanie: markerPos = np.float64(36.45833333333333)
33.6232 	EXP 	suwak_badanie: markerPos = np.float64(36.875)
33.6395 	EXP 	suwak_badanie: markerPos = np.float64(37.39583333333334)
33.6562 	EXP 	suwak_badanie: markerPos = np.float64(37.70833333333333)
33.6729 	EXP 	suwak_badanie: markerPos = np.float64(38.125)
33.6897 	EXP 	suwak_badanie: markerPos = np.float64(38.33333333333333)
33.7061 	EXP 	suwak_badanie: markerPos = np.float64(38.54166666666667)
33.7227 	EXP 	suwak_badanie: markerPos = np.float64(38.64583333333333)
33.7302 	DATA 	Mouse:  Left button up, pos=(1331,240)
33.7394 	EXP 	suwak_badanie: markerPos = np.float64(38.64583333333333)
33.7561 	EXP 	suwak_badanie: markerPos = np.float64(38.64583333333333)
33.7724 	EXP 	label_text: autoDraw = False
33.7724 	EXP 	stim_image: autoDraw = False
33.7724 	EXP 	suwak_badanie: autoDraw = False
33.7724 	EXP 	lewa_etykieta: autoDraw = False
33.7724 	EXP 	prawa_etykieta: autoDraw = False
33.7724 	EXP 	fiksacja2: autoDraw = False
33.7724 	EXP 	pytanie: autoDraw = False
33.7724 	EXP 	text: autoDraw = True
35.7689 	EXP 	New trial (rep=0, index=3): <Trial 3 (3 in rep 0) data={'image_path': 'photos/1K_ZW_8020.png', 'etykieta': 'Poprzedni badani wykryli w tej twarzy 20% zaufania.', 'left_label': 'zaufanie', 'right_label': 'wstręt', 'show_label': 4, 'proporcja_zdjecia': '80/20 zaufania', 'typ_etykiety': 'Procentowa Ludzie', 'warunek': 'Niezgodny', 'kierunek': 'Dominacja Lewo zaufanie', 'thisN': 3, 'thisTrialN': 3, 'thisRepN': 0}>
35.8547 	EXP 	text: autoDraw = False
35.8547 	EXP 	przerwa_text: autoDraw = False
35.8547 	EXP 	label_text: height = np.float64(0.05)
35.8547 	EXP 	label_text: height = np.float64(0.05)
35.8547 	EXP 	label_text: height = np.float64(0.05)
35.8547 	EXP 	label_text: text = 'Poprzedni badani wykryli w tej twarzy 20% zaufania.'
35.8547 	EXP 	label_text: height = np.float64(0.05)
35.8547 	EXP 	label_text: height = np.float64(0.05)
35.8547 	EXP 	label_text: height = np.float64(0.05)
35.8547 	EXP 	label_text: text = 'Poprzedni badani wykryli w tej twarzy 20% zaufania.'
35.8547 	EXP 	stim_image: image = 'photos/1K_ZW_8020.png'
35.8547 	EXP 	suwak_badanie: markerPos = None
35.8547 	EXP 	suwak_badanie: markerPos = 0
35.8547 	EXP 	lewa_etykieta: height = np.float64(0.085)
35.8547 	EXP 	lewa_etykieta: height = np.float64(0.085)
35.8547 	EXP 	lewa_etykieta: height = np.float64(0.085)
35.8547 	EXP 	lewa_etykieta: text = 'zaufanie'
35.8547 	EXP 	prawa_etykieta: height = np.float64(0.085)
35.8547 	EXP 	prawa_etykieta: height = np.float64(0.085)
35.8547 	EXP 	prawa_etykieta: height = np.float64(0.085)
35.8547 	EXP 	prawa_etykieta: text = 'wstręt'
35.8547 	EXP 	label_text: autoDraw = True
36.1499 	EXP 	Device response: <KeyPress from None: t=36.14178070006892, value=escape, duration=None>
36.1514 	DATA 	Keypress: escape
36.3160 	EXP 	Device response: <KeyPress from None: t=36.14178070006892, value=escape, duration=0.16495359991677105>
36.3161 	EXP 	percepcja_wersja_finalna: status = STOPPED
36.3325 	EXP 	label_text: autoDraw = False
36.3327 	EXP 	percepcja_wersja_finalna: status = STOPPED
36.3484 	INFO 	saved data to 'C:\\Users\\julia\\OneDrive\\Pulpit\\percepcja_psychopy\\data\\312823_percepcja_wersja_finalna_2026-05-04_11h33.34.673.csv'
36.3516 	INFO 	saved data to C:\Users\julia\OneDrive\Pulpit\percepcja_psychopy\data\312823_percepcja_wersja_finalna_2026-05-04_11h33.34.673.psydat
37.0960 	WARNING 	Stopping key buffers but this could be dangerous ifother keyboards rely on the same.
