15.4056 	INFO 	Loaded monitor calibration from ['2026_03_18 20:30']
15.4500 	WARNING 	User requested fullscreen with size [1090  800], but screen is actually [1920, 1080]. Using actual size
16.4766 	INFO 	Using renderer 'Intel(R) UHD Graphics' for graphics
16.4766 	INFO 	OpenGL version supported by driver is 4..
17.5231 	EXP 	Created window1 = Window(allowGUI=False, allowStencil=True, autoLog=True, backendConf=UNKNOWN, backgroundFit=<method-wrapper '__getattribute__' of attributeSetter object at 0x0000025A81B20D90>, backgroundImage=<method-wrapper '__getattribute__' of attributeSetter object at 0x0000025A81B20DF0>, bitsMode=UNKNOWN, blendMode='avg', bpc=(8, 8, 8), color=array([0.6549, 0.6549, 0.6549]), colorSpace='rgb', depthBits=8, fullscr=True, gamma=None, gammaErrorPolicy='raise', infoMsg=UNKNOWN, lms=UNKNOWN, monitor=<psychopy.monitors.calibTools.Monitor object at 0x0000025AF7D37040>, multiSample=False, name='window1', numSamples=2, pos=[np.float64(0.0), np.float64(0.0)], screen=0, size=array([1920, 1080]), stencilBits=8, stereo=False, title='PsychoPy', units='height', useFBO=True, useRetina=False, viewOri=0.0, viewPos=None, viewScale=None, waitBlanking=True, winType='pyglet')
17.5232 	EXP 	window1: backgroundImage = ''
17.5232 	EXP 	window1: backgroundFit = 'none'
17.6842 	INFO 	keyboard.Keyboard is using ptb backend.
17.6843 	EXP 	untitled_FINAL_NEWEST: status = STARTED
17.9309 	EXP 	Created text_instr = TextStim(__class__=<class 'psychopy.visual.text.TextStim'>, alignHoriz=method-wrapper(...), alignText='center', alignVert=method-wrapper(...), anchorHoriz='center', anchorVert='center', antialias=True, autoDraw=False, autoLog=True, bold=False, color=array([-1., -1., -1.]), colorSpace='rgb', contrast=1.0, depth=-2.0, draggable=False, flipHoriz=False, flipVert=False, font='Arial', fontFiles=[], height=np.float64(0.03), italic=False, languageStyle='LTR', name='text_instr', opacity=1, ori=0.0, pos=array([0., 0.]), rgb=UNKNOWN, text=str(...), units='height', win=Window(...), wrapWidth=1.5)
17.9613 	EXP 	Created suwak_info = TextStim(__class__=<class 'psychopy.visual.text.TextStim'>, alignHoriz=method-wrapper(...), alignText='center', alignVert=method-wrapper(...), anchorHoriz='center', anchorVert='center', antialias=True, autoDraw=False, autoLog=True, bold=False, color=array([-1., -1., -1.]), colorSpace='rgb', contrast=1.0, depth=-1.0, draggable=False, flipHoriz=False, flipVert=False, font='Arial', fontFiles=[], height=np.float64(0.03), italic=False, languageStyle='LTR', name='suwak_info', opacity=1, ori=0.0, pos=array([0., 0.]), rgb=UNKNOWN, text=str(...), units='height', win=Window(...), wrapWidth=1.3)
18.0115 	EXP 	Created proba_testowa = TextStim(__class__=<class 'psychopy.visual.text.TextStim'>, alignHoriz=method-wrapper(...), alignText='center', alignVert=method-wrapper(...), anchorHoriz='center', anchorVert='center', antialias=True, autoDraw=False, autoLog=True, bold=False, color=array([-1., -1., -1.]), colorSpace='rgb', contrast=1.0, depth=-2.0, draggable=False, flipHoriz=False, flipVert=False, font='Arial', fontFiles=[], height=np.float64(0.04), italic=False, languageStyle='LTR', name='proba_testowa', opacity=1, ori=0.0, pos=array([0., 0.]), rgb=UNKNOWN, text=str(...), units='height', win=Window(...), wrapWidth=1.4)
18.0131 	EXP 	Created pilot_label_text = TextStim(__class__=<class 'psychopy.visual.text.TextStim'>, alignHoriz=method-wrapper(...), alignText='center', alignVert=method-wrapper(...), anchorHoriz='center', anchorVert='center', antialias=True, autoDraw=False, autoLog=True, bold=False, color=array([-1., -1., -1.]), colorSpace='rgb', contrast=1.0, depth=-1.0, draggable=False, flipHoriz=False, flipVert=False, font='Arial', fontFiles=[], height=0.05, italic=False, languageStyle='LTR', name='pilot_label_text', opacity=1, ori=0.0, pos=array([0., 0.]), rgb=UNKNOWN, text='', units='height', win=Window(...), wrapWidth=1.3)
18.0218 	EXP 	Created pilot_fiksacja1 = TextStim(__class__=<class 'psychopy.visual.text.TextStim'>, alignHoriz=method-wrapper(...), alignText='center', alignVert=method-wrapper(...), anchorHoriz='center', anchorVert='center', antialias=True, autoDraw=False, autoLog=True, bold=False, color=array([-1., -1., -1.]), colorSpace='rgb', contrast=1.0, depth=-2.0, draggable=False, flipHoriz=False, flipVert=False, font='Arial', fontFiles=[], height=np.float64(0.12), italic=False, languageStyle='LTR', name='pilot_fiksacja1', opacity=1, ori=0.0, pos=array([0., 0.]), rgb=UNKNOWN, text='+', units='height', win=Window(...), wrapWidth=1)
18.0781 	EXP 	Created pilot_suwak = Slider(__class__=<class 'psychopy.visual.slider.Slider'>, autoDraw=False, autoLog=True, borderColor=None, color=None, colorSpace='rgb', depth=-3, fillColor=None, flip=False, font='Noto Sans', granularity=0.0, labelColor=None, labelHeight=np.float64(0.05), labelWrapWidth=None, labels=None, lineColor=None, markerColor=None, name='pilot_suwak', opacity=None, ori=0.0, pos=array([ 0. , -0.5]), readOnly=False, self=UNKNOWN, size=array([1. , 0.1]), startValue=0, style='slider', styleTweaks=[], ticks=array([-50, -25,   0,  25,  50]), units='norm', win=Window(...))
18.0830 	EXP 	Created pilot_fiksacja2 = TextStim(__class__=<class 'psychopy.visual.text.TextStim'>, alignHoriz=method-wrapper(...), alignText='center', alignVert=method-wrapper(...), anchorHoriz='center', anchorVert='center', antialias=True, autoDraw=False, autoLog=True, bold=False, color=array([-1., -1., -1.]), colorSpace='rgb', contrast=1.0, depth=-4.0, draggable=False, flipHoriz=False, flipVert=False, font='Arial', fontFiles=[], height=np.float64(0.1), italic=False, languageStyle='LTR', name='pilot_fiksacja2', opacity=1, ori=0.0, pos=array([0., 0.]), rgb=UNKNOWN, text='+', units='height', win=Window(...), wrapWidth=1)
18.1069 	EXP 	Created pilot_pytanie = TextStim(__class__=<class 'psychopy.visual.text.TextStim'>, alignHoriz=method-wrapper(...), alignText='center', alignVert=method-wrapper(...), anchorHoriz='center', anchorVert='center', antialias=True, autoDraw=False, autoLog=True, bold=False, color=array([-1., -1., -1.]), colorSpace='rgb', contrast=1.0, depth=-5.0, draggable=False, flipHoriz=False, flipVert=False, font='Arial', fontFiles=[], height=np.float64(0.1), italic=False, languageStyle='LTR', name='pilot_pytanie', opacity=1, ori=0.0, pos=array([0., 0.]), rgb=UNKNOWN, text='Jaką emocję wyrażała ta twarz?', units='norm', win=Window(...), wrapWidth=1)
18.1082 	EXP 	Created pilot_lewa_etykieta = TextStim(__class__=<class 'psychopy.visual.text.TextStim'>, alignHoriz=method-wrapper(...), alignText='center', alignVert=method-wrapper(...), anchorHoriz='center', anchorVert='center', antialias=True, autoDraw=False, autoLog=True, bold=False, color=array([-1., -1., -1.]), colorSpace='rgb', contrast=1.0, depth=-6.0, draggable=False, flipHoriz=False, flipVert=False, font='Arial', fontFiles=[], height=0.085, italic=False, languageStyle='LTR', name='pilot_lewa_etykieta', opacity=1, ori=0.0, pos=array([-0.6, -0.5]), rgb=UNKNOWN, text='', units='norm', win=Window(...), wrapWidth=1)
18.1090 	EXP 	Created pilot_prawa_etykieta = TextStim(__class__=<class 'psychopy.visual.text.TextStim'>, alignHoriz=method-wrapper(...), alignText='center', alignVert=method-wrapper(...), anchorHoriz='center', anchorVert='center', antialias=True, autoDraw=False, autoLog=True, bold=False, color=array([-1., -1., -1.]), colorSpace='rgb', contrast=1.0, depth=-7.0, draggable=False, flipHoriz=False, flipVert=False, font='Arial', fontFiles=[], height=0.085, italic=False, languageStyle='LTR', name='pilot_prawa_etykieta', opacity=1, ori=0.0, pos=array([ 0.6, -0.5]), rgb=UNKNOWN, text='', units='norm', win=Window(...), wrapWidth=1)
18.1877 	EXP 	Created pilot_stim_image = ImageStim(__class__=<class 'psychopy.visual.image.ImageStim'>, anchor=('center', 'center'), autoLog=True, color=array([1., 1., 1.]), colorSpace='rgb', contrast=1.0, depth=-8.0, draggable=False, flipHoriz=np.False_, flipVert=np.False_, image='photos/twarz_testowa.jpg', interpolate=True, mask=None, maskParams=None, name='pilot_stim_image', opacity=1, ori=0.0, pos=array([0., 0.]), size=array([0.75, 0.75]), texRes=128.0, units='height', win=Window(...))
18.2348 	EXP 	Created start_badania = TextStim(__class__=<class 'psychopy.visual.text.TextStim'>, alignHoriz=method-wrapper(...), alignText='center', alignVert=method-wrapper(...), anchorHoriz='center', anchorVert='center', antialias=True, autoDraw=False, autoLog=True, bold=False, color=array([-1., -1., -1.]), colorSpace='rgb', contrast=1.0, depth=-2.0, draggable=False, flipHoriz=False, flipVert=False, font='Arial', fontFiles=[], height=np.float64(0.1), italic=False, languageStyle='LTR', name='start_badania', opacity=1, ori=0.0, pos=array([0., 0.]), rgb=UNKNOWN, text=str(...), units='norm', win=Window(...), wrapWidth=1.4)
18.2406 	EXP 	Created przerwa_text = TextStim(__class__=<class 'psychopy.visual.text.TextStim'>, alignHoriz=method-wrapper(...), alignText='center', alignVert=method-wrapper(...), anchorHoriz='center', anchorVert='center', antialias=True, autoDraw=False, autoLog=True, bold=False, color=array([-1., -1., -1.]), colorSpace='rgb', contrast=1.0, depth=0.0, draggable=False, flipHoriz=False, flipVert=False, font='Arial', fontFiles=[], height=np.float64(0.1), italic=False, languageStyle='LTR', name='przerwa_text', opacity=1, ori=0.0, pos=array([0., 0.]), rgb=UNKNOWN, text=str(...), units='norm', win=Window(...), wrapWidth=1)
18.2413 	EXP 	Created label_text = TextStim(__class__=<class 'psychopy.visual.text.TextStim'>, alignHoriz=method-wrapper(...), alignText='center', alignVert=method-wrapper(...), anchorHoriz='center', anchorVert='center', antialias=True, autoDraw=False, autoLog=True, bold=False, color=array([-1., -1., -1.]), colorSpace='rgb', contrast=1.0, depth=-2.0, draggable=False, flipHoriz=False, flipVert=False, font='Arial', fontFiles=[], height=0.05, italic=False, languageStyle='LTR', name='label_text', opacity=1, ori=0.0, pos=array([0., 0.]), rgb=UNKNOWN, text='', units='height', win=Window(...), wrapWidth=1.3)
18.2480 	EXP 	Created stim_image = ImageStim(__class__=<class 'psychopy.visual.image.ImageStim'>, anchor=('center', 'center'), autoLog=True, color=array([1., 1., 1.]), colorSpace='rgb', contrast=1.0, depth=-3.0, draggable=False, flipHoriz=np.False_, flipVert=np.False_, image='default.png', interpolate=True, mask=None, maskParams=None, name='stim_image', opacity=1, ori=0.0, pos=array([0., 0.]), size=array([0.75, 0.75]), texRes=128.0, units='height', win=Window(...))
18.2578 	EXP 	Created suwak_badanie = Slider(__class__=<class 'psychopy.visual.slider.Slider'>, autoDraw=False, autoLog=True, borderColor=None, color=None, colorSpace='rgb', depth=-4, fillColor=None, flip=False, font='Noto Sans', granularity=0.0, labelColor=None, labelHeight=np.float64(0.05), labelWrapWidth=None, labels=None, lineColor=None, markerColor=None, name='suwak_badanie', opacity=None, ori=0.0, pos=array([ 0. , -0.5]), readOnly=False, self=UNKNOWN, size=array([1. , 0.1]), startValue=0, style='slider', styleTweaks=[], ticks=array([-50, -25,   0,  25,  50]), units='norm', win=Window(...))
18.2584 	EXP 	Created lewa_etykieta = TextStim(__class__=<class 'psychopy.visual.text.TextStim'>, alignHoriz=method-wrapper(...), alignText='center', alignVert=method-wrapper(...), anchorHoriz='center', anchorVert='center', antialias=True, autoDraw=False, autoLog=True, bold=False, color=array([-1., -1., -1.]), colorSpace='rgb', contrast=1.0, depth=-5.0, draggable=False, flipHoriz=False, flipVert=False, font='Arial', fontFiles=[], height=0.085, italic=False, languageStyle='LTR', name='lewa_etykieta', opacity=1, ori=0.0, pos=array([-0.65, -0.5 ]), rgb=UNKNOWN, text='', units='norm', win=Window(...), wrapWidth=1)
18.2593 	EXP 	Created prawa_etykieta = TextStim(__class__=<class 'psychopy.visual.text.TextStim'>, alignHoriz=method-wrapper(...), alignText='center', alignVert=method-wrapper(...), anchorHoriz='center', anchorVert='center', antialias=True, autoDraw=False, autoLog=True, bold=False, color=array([-1., -1., -1.]), colorSpace='rgb', contrast=1.0, depth=-6.0, draggable=False, flipHoriz=False, flipVert=False, font='Arial', fontFiles=[], height=0.085, italic=False, languageStyle='LTR', name='prawa_etykieta', opacity=1, ori=0.0, pos=array([ 0.65, -0.5 ]), rgb=UNKNOWN, text='', units='norm', win=Window(...), wrapWidth=1)
18.2648 	EXP 	Created fiksacja2 = TextStim(__class__=<class 'psychopy.visual.text.TextStim'>, alignHoriz=method-wrapper(...), alignText='center', alignVert=method-wrapper(...), anchorHoriz='center', anchorVert='center', antialias=True, autoDraw=False, autoLog=True, bold=False, color=array([-1., -1., -1.]), colorSpace='rgb', contrast=1.0, depth=-7.0, draggable=False, flipHoriz=False, flipVert=False, font='Arial', fontFiles=[], height=np.float64(0.12), italic=False, languageStyle='LTR', name='fiksacja2', opacity=1, ori=0.0, pos=array([0., 0.]), rgb=UNKNOWN, text='+', units='height', win=Window(...), wrapWidth=1)
18.2692 	EXP 	Created pytanie = TextStim(__class__=<class 'psychopy.visual.text.TextStim'>, alignHoriz=method-wrapper(...), alignText='center', alignVert=method-wrapper(...), anchorHoriz='center', anchorVert='center', antialias=True, autoDraw=False, autoLog=True, bold=False, color=array([-1., -1., -1.]), colorSpace='rgb', contrast=1.0, depth=-8.0, draggable=False, flipHoriz=False, flipVert=False, font='Arial', fontFiles=[], height=np.float64(0.1), italic=False, languageStyle='LTR', name='pytanie', opacity=1, ori=0.0, pos=array([0., 0.]), rgb=UNKNOWN, text='Jaką emocję wyrażała ta twarz?', units='norm', win=Window(...), wrapWidth=1)
18.2704 	EXP 	Created text = TextStim(__class__=<class 'psychopy.visual.text.TextStim'>, alignHoriz=method-wrapper(...), alignText='center', alignVert=method-wrapper(...), anchorHoriz='center', anchorVert='center', antialias=True, autoDraw=False, autoLog=True, bold=False, color=array([1., 1., 1.]), colorSpace='rgb', contrast=1.0, depth=-1.0, draggable=False, flipHoriz=False, flipVert=False, font='Arial', fontFiles=[], height=np.float64(0.05), italic=False, languageStyle='LTR', name='text', opacity=1, ori=0.0, pos=array([0., 0.]), rgb=UNKNOWN, text='', units='height', win=Window(...), wrapWidth=1)
18.2869 	EXP 	Created podziekowania_text = TextStim(__class__=<class 'psychopy.visual.text.TextStim'>, alignHoriz=method-wrapper(...), alignText='center', alignVert=method-wrapper(...), anchorHoriz='center', anchorVert='center', antialias=True, autoDraw=False, autoLog=True, bold=False, color=array([1., 1., 1.]), colorSpace='rgb', contrast=1.0, depth=0.0, draggable=False, flipHoriz=False, flipVert=False, font='Arial', fontFiles=[], height=np.float64(0.05), italic=False, languageStyle='LTR', name='podziekowania_text', opacity=1, ori=0.0, pos=array([0., 0.]), rgb=UNKNOWN, text=str(...), units='height', win=Window(...), wrapWidth=1)
0.0305 	EXP 	pilot_suwak: autoLog = True
0.0305 	EXP 	pilot_suwak: styleTweaks = []
0.0305 	EXP 	pilot_suwak: styleTweaks = []
0.0305 	EXP 	pilot_suwak: styleTweaks = []
0.0305 	EXP 	pilot_suwak: styleTweaks = []
0.0305 	EXP 	pilot_suwak: contrast = 1.0
0.0305 	EXP 	pilot_suwak: markerPos = 0
0.0305 	EXP 	pilot_suwak: autoLog = True
0.0305 	EXP 	suwak_badanie: autoLog = True
0.0305 	EXP 	suwak_badanie: styleTweaks = []
0.0305 	EXP 	suwak_badanie: styleTweaks = []
0.0305 	EXP 	suwak_badanie: styleTweaks = []
0.0305 	EXP 	suwak_badanie: styleTweaks = []
0.0305 	EXP 	suwak_badanie: contrast = 1.0
0.0305 	EXP 	suwak_badanie: markerPos = 0
0.0305 	EXP 	suwak_badanie: autoLog = True
0.0487 	INFO 	Keyboard events cleared
0.0486 	EXP 	text_instr: autoDraw = True
10.7486 	DATA 	Keypress: space
10.7897 	EXP 	Device response: <KeyPress from None: t=10.748077100026421, value=space, duration=None>
10.7941 	INFO 	Keyboard events cleared
10.7940 	EXP 	text_instr: autoDraw = False
10.7940 	EXP 	suwak_info: autoDraw = True
10.8974 	EXP 	Device response: <KeyPress from None: t=10.748077100026421, value=space, duration=0.14496850001160055>
20.0054 	EXP 	Device response: <KeyPress from None: t=20.002551699988544, value=space, duration=None>
20.0081 	DATA 	Keypress: space
20.0222 	INFO 	Keyboard events cleared
20.0221 	EXP 	suwak_info: autoDraw = False
20.0221 	EXP 	proba_testowa: autoDraw = True
20.1222 	EXP 	Device response: <KeyPress from None: t=20.002551699988544, value=space, duration=0.11538309999741614>
57.1716 	EXP 	Device response: <KeyPress from None: t=57.16737689997535, value=space, duration=None>
57.1966 	DATA 	Keypress: space
57.1995 	EXP 	proba_testowa: autoDraw = False
57.1995 	EXP 	pilot_label_text: height = np.float64(0.05)
57.1995 	EXP 	pilot_label_text: height = np.float64(0.05)
57.1995 	EXP 	pilot_label_text: height = np.float64(0.05)
57.1995 	EXP 	pilot_label_text: height = np.float64(0.05)
57.1995 	EXP 	pilot_label_text: height = np.float64(0.05)
57.1995 	EXP 	pilot_label_text: height = np.float64(0.05)
57.1995 	EXP 	pilot_label_text: text = 'Model AI wykrył w tej twarzy 80% smutku.\n\n'
57.1995 	EXP 	pilot_suwak: markerPos = None
57.1995 	EXP 	pilot_suwak: markerPos = 0
57.1995 	EXP 	pilot_lewa_etykieta: height = np.float64(0.085)
57.1995 	EXP 	pilot_lewa_etykieta: height = np.float64(0.085)
57.1995 	EXP 	pilot_lewa_etykieta: height = np.float64(0.085)
57.1995 	EXP 	pilot_lewa_etykieta: text = 'radość'
57.1995 	EXP 	pilot_prawa_etykieta: height = np.float64(0.085)
57.1995 	EXP 	pilot_prawa_etykieta: height = np.float64(0.085)
57.1995 	EXP 	pilot_prawa_etykieta: height = np.float64(0.085)
57.1995 	EXP 	pilot_prawa_etykieta: text = 'smutek'
57.1995 	EXP 	pilot_fiksacja1: autoDraw = True
57.3033 	EXP 	Device response: <KeyPress from None: t=57.16737689997535, value=space, duration=0.119296699995175>
57.7023 	EXP 	pilot_fiksacja1: autoDraw = False
57.8851 	EXP 	pilot_label_text: autoDraw = True
60.8935 	EXP 	pilot_label_text: autoDraw = False
61.0764 	EXP 	pilot_fiksacja2: autoDraw = True
61.5916 	EXP 	pilot_fiksacja2: autoDraw = False
61.7758 	EXP 	pilot_stim_image: autoDraw = True
62.6732 	EXP 	pilot_suwak: autoDraw = True
62.6732 	EXP 	pilot_pytanie: autoDraw = True
62.6732 	EXP 	pilot_lewa_etykieta: autoDraw = True
62.6732 	EXP 	pilot_prawa_etykieta: autoDraw = True
62.6891 	EXP 	pilot_stim_image: autoDraw = False
73.6765 	DATA 	Mouse: Left button down, pos=(960,277)
73.6919 	EXP 	pilot_suwak: markerPos = np.float64(0.0)
73.7087 	EXP 	pilot_suwak: markerPos = np.float64(0.0)
73.7251 	EXP 	pilot_suwak: markerPos = np.float64(0.3125000000000071)
73.7421 	EXP 	pilot_suwak: markerPos = np.float64(0.625)
73.7584 	EXP 	pilot_suwak: markerPos = np.float64(0.9375)
73.7750 	EXP 	pilot_suwak: markerPos = np.float64(1.1458333333333357)
73.7914 	EXP 	pilot_suwak: markerPos = np.float64(1.249999999999993)
73.8083 	EXP 	pilot_suwak: markerPos = np.float64(1.5625)
73.8250 	EXP 	pilot_suwak: markerPos = np.float64(2.1875)
73.8416 	EXP 	pilot_suwak: markerPos = np.float64(3.125)
73.8580 	EXP 	pilot_suwak: markerPos = np.float64(3.3333333333333357)
73.8744 	EXP 	pilot_suwak: markerPos = np.float64(3.5416666666666643)
73.8914 	EXP 	pilot_suwak: markerPos = np.float64(3.9583333333333286)
73.9081 	EXP 	pilot_suwak: markerPos = np.float64(4.374999999999993)
73.9245 	EXP 	pilot_suwak: markerPos = np.float64(5.3125)
73.9411 	EXP 	pilot_suwak: markerPos = np.float64(5.520833333333329)
73.9576 	EXP 	pilot_suwak: markerPos = np.float64(5.833333333333336)
73.9746 	EXP 	pilot_suwak: markerPos = np.float64(5.833333333333336)
73.9911 	EXP 	pilot_suwak: markerPos = np.float64(5.833333333333336)
74.0073 	EXP 	pilot_suwak: markerPos = np.float64(5.833333333333336)
74.0245 	EXP 	pilot_suwak: markerPos = np.float64(6.145833333333329)
74.0405 	EXP 	pilot_suwak: markerPos = np.float64(6.666666666666664)
74.0578 	EXP 	pilot_suwak: markerPos = np.float64(7.395833333333336)
74.0742 	EXP 	pilot_suwak: markerPos = np.float64(8.125000000000007)
74.0912 	EXP 	pilot_suwak: markerPos = np.float64(9.166666666666664)
74.1074 	EXP 	pilot_suwak: markerPos = np.float64(9.895833333333336)
74.1243 	EXP 	pilot_suwak: markerPos = np.float64(10.416666666666664)
74.1408 	EXP 	pilot_suwak: markerPos = np.float64(10.833333333333343)
74.1572 	EXP 	pilot_suwak: markerPos = np.float64(11.250000000000007)
74.1736 	EXP 	pilot_suwak: markerPos = np.float64(11.458333333333336)
74.1906 	EXP 	pilot_suwak: markerPos = np.float64(11.875)
74.2073 	EXP 	pilot_suwak: markerPos = np.float64(13.125)
74.2238 	EXP 	pilot_suwak: markerPos = np.float64(13.4375)
74.2401 	EXP 	pilot_suwak: markerPos = np.float64(13.749999999999993)
74.2571 	EXP 	pilot_suwak: markerPos = np.float64(13.854166666666664)
74.2742 	EXP 	pilot_suwak: markerPos = np.float64(13.958333333333343)
74.2903 	EXP 	pilot_suwak: markerPos = np.float64(14.270833333333329)
74.3071 	EXP 	pilot_suwak: markerPos = np.float64(14.583333333333343)
74.3238 	EXP 	pilot_suwak: markerPos = np.float64(14.791666666666671)
74.3403 	EXP 	pilot_suwak: markerPos = np.float64(14.895833333333329)
74.3569 	EXP 	pilot_suwak: markerPos = np.float64(14.895833333333329)
74.3734 	EXP 	pilot_suwak: markerPos = np.float64(14.895833333333329)
74.3901 	EXP 	pilot_suwak: markerPos = np.float64(14.895833333333329)
74.4068 	EXP 	pilot_suwak: markerPos = np.float64(14.895833333333329)
74.4235 	EXP 	pilot_suwak: markerPos = np.float64(14.895833333333329)
74.4399 	EXP 	pilot_suwak: markerPos = np.float64(14.895833333333329)
74.4564 	EXP 	pilot_suwak: markerPos = np.float64(14.895833333333329)
74.4730 	EXP 	pilot_suwak: markerPos = np.float64(14.895833333333329)
74.4894 	EXP 	pilot_suwak: markerPos = np.float64(14.895833333333329)
74.5062 	EXP 	pilot_suwak: markerPos = np.float64(14.895833333333329)
74.5228 	EXP 	pilot_suwak: markerPos = np.float64(14.895833333333329)
74.5391 	EXP 	pilot_suwak: markerPos = np.float64(14.895833333333329)
74.5561 	EXP 	pilot_suwak: markerPos = np.float64(14.895833333333329)
74.5726 	EXP 	pilot_suwak: markerPos = np.float64(14.895833333333329)
74.5894 	EXP 	pilot_suwak: markerPos = np.float64(14.895833333333329)
74.6060 	EXP 	pilot_suwak: markerPos = np.float64(14.895833333333329)
74.6224 	EXP 	pilot_suwak: markerPos = np.float64(14.895833333333329)
74.6234 	DATA 	Mouse:  Left button up, pos=(1103,278)
74.6398 	EXP 	pilot_suwak: markerPos = np.float64(14.895833333333329)
74.6566 	INFO 	Keyboard events cleared
74.6564 	EXP 	pilot_label_text: autoDraw = False
74.6564 	EXP 	pilot_fiksacja1: autoDraw = False
74.6564 	EXP 	pilot_suwak: autoDraw = False
74.6564 	EXP 	pilot_fiksacja2: autoDraw = False
74.6564 	EXP 	pilot_pytanie: autoDraw = False
74.6564 	EXP 	pilot_lewa_etykieta: autoDraw = False
74.6564 	EXP 	pilot_prawa_etykieta: autoDraw = False
74.6564 	EXP 	pilot_stim_image: autoDraw = False
74.6564 	EXP 	start_badania: autoDraw = True
91.5603 	EXP 	Device response: <KeyPress from None: t=91.55690520000644, value=space, duration=None>
91.5782 	EXP 	Imported conditions.xlsx as conditions, 32 conditions, 9 params
91.5793 	EXP 	New trial (rep=0, index=0): <Trial 0 (0 in rep 0) data={'image_path': 'photos/1K_SZ_5050.png', 'etykieta': 'Model sztucznej inteligencji wykrył w tej twarzy 72% strachu .', 'left_label': 'strach', 'right_label': 'złość', 'show_label': 4, 'proporcja_zdjecia': '50/50', 'typ_etykiety': 'Procentowa AI', 'warunek': 'n/d', 'kierunek': 'Sugestia Lewo strach', 'thisN': 0, 'thisTrialN': 0, 'thisRepN': 0}>
91.6637 	EXP 	Device response: <KeyPress from None: t=91.55690520000644, value=space, duration=0.0796818999806419>
91.6649 	DATA 	Keypress: space
91.6679 	EXP 	start_badania: autoDraw = False
91.6679 	EXP 	przerwa_text: autoDraw = False
91.6679 	EXP 	label_text: height = np.float64(0.05)
91.6679 	EXP 	label_text: height = np.float64(0.05)
91.6679 	EXP 	label_text: height = np.float64(0.05)
91.6679 	EXP 	label_text: text = 'Model sztucznej inteligencji wykrył w tej twarzy 72% strachu .'
91.6679 	EXP 	label_text: height = np.float64(0.05)
91.6679 	EXP 	label_text: height = np.float64(0.05)
91.6679 	EXP 	label_text: height = np.float64(0.05)
91.6679 	EXP 	label_text: text = 'Model sztucznej inteligencji wykrył w tej twarzy 72% strachu .'
91.6679 	EXP 	stim_image: image = 'photos/1K_SZ_5050.png'
91.6679 	EXP 	suwak_badanie: markerPos = None
91.6679 	EXP 	suwak_badanie: markerPos = 0
91.6679 	EXP 	lewa_etykieta: height = np.float64(0.085)
91.6679 	EXP 	lewa_etykieta: height = np.float64(0.085)
91.6679 	EXP 	lewa_etykieta: height = np.float64(0.085)
91.6679 	EXP 	lewa_etykieta: text = 'strach'
91.6679 	EXP 	prawa_etykieta: height = np.float64(0.085)
91.6679 	EXP 	prawa_etykieta: height = np.float64(0.085)
91.6679 	EXP 	prawa_etykieta: height = np.float64(0.085)
91.6679 	EXP 	prawa_etykieta: text = 'złość'
91.6679 	EXP 	label_text: autoDraw = True
95.6817 	EXP 	label_text: autoDraw = False
95.7814 	EXP 	fiksacja2: autoDraw = True
96.0307 	EXP 	fiksacja2: autoDraw = False
96.2313 	EXP 	stim_image: autoDraw = True
97.4275 	EXP 	suwak_badanie: autoDraw = True
97.4275 	EXP 	lewa_etykieta: autoDraw = True
97.4275 	EXP 	prawa_etykieta: autoDraw = True
97.4275 	EXP 	pytanie: autoDraw = True
97.4436 	EXP 	stim_image: autoDraw = False
105.0245 	DATA 	Mouse: Left button down, pos=(960,274)
105.0397 	EXP 	suwak_badanie: markerPos = np.float64(0.0)
105.0566 	EXP 	suwak_badanie: markerPos = np.float64(0.0)
105.0731 	EXP 	suwak_badanie: markerPos = np.float64(0.0)
105.0895 	EXP 	suwak_badanie: markerPos = np.float64(0.0)
105.1063 	EXP 	suwak_badanie: markerPos = np.float64(0.0)
105.1228 	EXP 	suwak_badanie: markerPos = np.float64(0.0)
105.1395 	EXP 	suwak_badanie: markerPos = np.float64(0.0)
105.1563 	EXP 	suwak_badanie: markerPos = np.float64(0.0)
105.1726 	EXP 	suwak_badanie: markerPos = np.float64(0.0)
105.1893 	EXP 	suwak_badanie: markerPos = np.float64(0.0)
105.2060 	EXP 	suwak_badanie: markerPos = np.float64(0.0)
105.2222 	EXP 	suwak_badanie: markerPos = np.float64(0.0)
105.2389 	EXP 	suwak_badanie: markerPos = np.float64(0.0)
105.2555 	EXP 	suwak_badanie: markerPos = np.float64(0.0)
105.2716 	EXP 	suwak_badanie: markerPos = np.float64(-0.1041666666666643)
105.2889 	EXP 	suwak_badanie: markerPos = np.float64(-0.2083333333333357)
105.3056 	EXP 	suwak_badanie: markerPos = np.float64(-0.4166666666666643)
105.3222 	EXP 	suwak_badanie: markerPos = np.float64(-0.4166666666666643)
105.3391 	EXP 	suwak_badanie: markerPos = np.float64(-0.625)
105.3556 	EXP 	suwak_badanie: markerPos = np.float64(-1.1458333333333357)
105.3720 	EXP 	suwak_badanie: markerPos = np.float64(-1.5625)
105.3884 	EXP 	suwak_badanie: markerPos = np.float64(-1.5625)
105.4056 	EXP 	suwak_badanie: markerPos = np.float64(-1.7708333333333357)
105.4220 	EXP 	suwak_badanie: markerPos = np.float64(-1.9791666666666643)
105.4383 	EXP 	suwak_badanie: markerPos = np.float64(-2.0833333333333286)
105.4552 	EXP 	suwak_badanie: markerPos = np.float64(-2.0833333333333286)
105.4718 	EXP 	suwak_badanie: markerPos = np.float64(-2.0833333333333286)
105.4884 	EXP 	suwak_badanie: markerPos = np.float64(-2.3958333333333357)
105.5051 	EXP 	suwak_badanie: markerPos = np.float64(-2.6041666666666714)
105.5220 	EXP 	suwak_badanie: markerPos = np.float64(-2.9166666666666643)
105.5387 	EXP 	suwak_badanie: markerPos = np.float64(-3.125)
105.5552 	EXP 	suwak_badanie: markerPos = np.float64(-3.2291666666666643)
105.5714 	EXP 	suwak_badanie: markerPos = np.float64(-3.3333333333333357)
105.5884 	EXP 	suwak_badanie: markerPos = np.float64(-3.8541666666666714)
105.6049 	EXP 	suwak_badanie: markerPos = np.float64(-4.0625)
105.6215 	EXP 	suwak_badanie: markerPos = np.float64(-4.375)
105.6381 	EXP 	suwak_badanie: markerPos = np.float64(-4.895833333333336)
105.6547 	EXP 	suwak_badanie: markerPos = np.float64(-5.208333333333329)
105.6710 	EXP 	suwak_badanie: markerPos = np.float64(-5.3125)
105.6878 	EXP 	suwak_badanie: markerPos = np.float64(-5.3125)
105.7046 	EXP 	suwak_badanie: markerPos = np.float64(-5.520833333333329)
105.7213 	EXP 	suwak_badanie: markerPos = np.float64(-5.520833333333329)
105.7374 	EXP 	suwak_badanie: markerPos = np.float64(-5.9375)
105.7545 	EXP 	suwak_badanie: markerPos = np.float64(-5.9375)
105.7711 	EXP 	suwak_badanie: markerPos = np.float64(-6.979166666666671)
105.7877 	EXP 	suwak_badanie: markerPos = np.float64(-7.8125)
105.8042 	EXP 	suwak_badanie: markerPos = np.float64(-8.645833333333329)
105.8205 	EXP 	suwak_badanie: markerPos = np.float64(-8.854166666666671)
105.8372 	EXP 	suwak_badanie: markerPos = np.float64(-9.166666666666664)
105.8539 	EXP 	suwak_badanie: markerPos = np.float64(-9.583333333333336)
105.8704 	EXP 	suwak_badanie: markerPos = np.float64(-10.0)
105.8871 	EXP 	suwak_badanie: markerPos = np.float64(-11.041666666666664)
105.9038 	EXP 	suwak_badanie: markerPos = np.float64(-11.25)
105.9203 	EXP 	suwak_badanie: markerPos = np.float64(-11.666666666666671)
105.9372 	EXP 	suwak_badanie: markerPos = np.float64(-11.979166666666671)
105.9537 	EXP 	suwak_badanie: markerPos = np.float64(-12.1875)
105.9705 	EXP 	suwak_badanie: markerPos = np.float64(-12.395833333333336)
105.9867 	EXP 	suwak_badanie: markerPos = np.float64(-12.395833333333336)
106.0034 	EXP 	suwak_badanie: markerPos = np.float64(-12.395833333333336)
106.0201 	EXP 	suwak_badanie: markerPos = np.float64(-12.395833333333336)
106.0369 	EXP 	suwak_badanie: markerPos = np.float64(-12.395833333333336)
106.0541 	EXP 	suwak_badanie: markerPos = np.float64(-12.395833333333336)
106.0701 	EXP 	suwak_badanie: markerPos = np.float64(-12.395833333333336)
106.0870 	EXP 	suwak_badanie: markerPos = np.float64(-12.395833333333336)
106.1033 	EXP 	suwak_badanie: markerPos = np.float64(-12.395833333333336)
106.1199 	EXP 	suwak_badanie: markerPos = np.float64(-12.395833333333336)
106.1365 	EXP 	suwak_badanie: markerPos = np.float64(-12.395833333333336)
106.1532 	EXP 	suwak_badanie: markerPos = np.float64(-12.395833333333336)
106.1698 	EXP 	suwak_badanie: markerPos = np.float64(-12.395833333333336)
106.1863 	EXP 	suwak_badanie: markerPos = np.float64(-12.395833333333336)
106.2030 	EXP 	suwak_badanie: markerPos = np.float64(-12.395833333333336)
106.2197 	EXP 	suwak_badanie: markerPos = np.float64(-12.395833333333336)
106.2363 	EXP 	suwak_badanie: markerPos = np.float64(-12.395833333333336)
106.2380 	DATA 	Mouse:  Left button up, pos=(841,250)
106.2527 	EXP 	suwak_badanie: markerPos = np.float64(-12.395833333333336)
106.2697 	EXP 	label_text: autoDraw = False
106.2697 	EXP 	stim_image: autoDraw = False
106.2697 	EXP 	suwak_badanie: autoDraw = False
106.2697 	EXP 	lewa_etykieta: autoDraw = False
106.2697 	EXP 	prawa_etykieta: autoDraw = False
106.2697 	EXP 	fiksacja2: autoDraw = False
106.2697 	EXP 	pytanie: autoDraw = False
106.2697 	EXP 	text: autoDraw = True
109.7613 	EXP 	New trial (rep=0, index=1): <Trial 1 (1 in rep 0) data={'image_path': 'photos/1K_OZ_8020.png', 'etykieta': 'Poprzedni badani wykryli w tej twarzy oczekiwanie.', 'left_label': 'zaskoczenie', 'right_label': 'oczekiwanie', 'show_label': 4, 'proporcja_zdjecia': '80/20 oczekiwanie', 'typ_etykiety': 'Kategorialna Ludzie', 'warunek': 'Zgodny', 'kierunek': 'Dominacja Prawo oczekiwanie', 'thisN': 1, 'thisTrialN': 1, 'thisRepN': 0}>
109.8350 	EXP 	text: autoDraw = False
109.8350 	EXP 	przerwa_text: autoDraw = False
109.8350 	EXP 	label_text: height = np.float64(0.05)
109.8350 	EXP 	label_text: height = np.float64(0.05)
109.8350 	EXP 	label_text: height = np.float64(0.05)
109.8350 	EXP 	label_text: text = 'Poprzedni badani wykryli w tej twarzy oczekiwanie.'
109.8350 	EXP 	label_text: height = np.float64(0.05)
109.8350 	EXP 	label_text: height = np.float64(0.05)
109.8350 	EXP 	label_text: height = np.float64(0.05)
109.8350 	EXP 	label_text: text = 'Poprzedni badani wykryli w tej twarzy oczekiwanie.'
109.8350 	EXP 	stim_image: image = 'photos/1K_OZ_8020.png'
109.8350 	EXP 	suwak_badanie: markerPos = None
109.8350 	EXP 	suwak_badanie: markerPos = 0
109.8350 	EXP 	lewa_etykieta: height = np.float64(0.085)
109.8350 	EXP 	lewa_etykieta: height = np.float64(0.085)
109.8350 	EXP 	lewa_etykieta: height = np.float64(0.085)
109.8350 	EXP 	lewa_etykieta: text = 'zaskoczenie'
109.8350 	EXP 	prawa_etykieta: height = np.float64(0.085)
109.8350 	EXP 	prawa_etykieta: height = np.float64(0.085)
109.8350 	EXP 	prawa_etykieta: height = np.float64(0.085)
109.8350 	EXP 	prawa_etykieta: text = 'oczekiwanie'
109.8350 	EXP 	label_text: autoDraw = True
113.8488 	EXP 	label_text: autoDraw = False
113.9653 	EXP 	fiksacja2: autoDraw = True
114.2146 	EXP 	fiksacja2: autoDraw = False
114.4151 	EXP 	stim_image: autoDraw = True
115.6110 	EXP 	suwak_badanie: autoDraw = True
115.6110 	EXP 	lewa_etykieta: autoDraw = True
115.6110 	EXP 	prawa_etykieta: autoDraw = True
115.6110 	EXP 	pytanie: autoDraw = True
115.6275 	EXP 	stim_image: autoDraw = False
126.6344 	DATA 	Mouse: Left button down, pos=(961,267)
126.6643 	EXP 	suwak_badanie: markerPos = np.float64(0.1041666666666714)
126.6808 	EXP 	suwak_badanie: markerPos = np.float64(0.1041666666666714)
126.6974 	EXP 	suwak_badanie: markerPos = np.float64(0.1041666666666714)
126.7137 	EXP 	suwak_badanie: markerPos = np.float64(0.1041666666666714)
126.7304 	EXP 	suwak_badanie: markerPos = np.float64(0.1041666666666714)
126.7473 	EXP 	suwak_badanie: markerPos = np.float64(0.1041666666666714)
126.7638 	EXP 	suwak_badanie: markerPos = np.float64(0.1041666666666714)
126.7803 	EXP 	suwak_badanie: markerPos = np.float64(0.1041666666666714)
126.7968 	EXP 	suwak_badanie: markerPos = np.float64(0.1041666666666714)
126.8137 	EXP 	suwak_badanie: markerPos = np.float64(0.1041666666666714)
126.8304 	EXP 	suwak_badanie: markerPos = np.float64(0.2083333333333357)
126.8472 	EXP 	suwak_badanie: markerPos = np.float64(0.2083333333333357)
126.8636 	EXP 	suwak_badanie: markerPos = np.float64(0.3125000000000071)
126.8802 	EXP 	suwak_badanie: markerPos = np.float64(0.4166666666666643)
126.8965 	EXP 	suwak_badanie: markerPos = np.float64(0.5208333333333357)
126.9129 	EXP 	suwak_badanie: markerPos = np.float64(0.625)
126.9300 	EXP 	suwak_badanie: markerPos = np.float64(0.625)
126.9467 	EXP 	suwak_badanie: markerPos = np.float64(0.625)
126.9630 	EXP 	suwak_badanie: markerPos = np.float64(0.625)
126.9798 	EXP 	suwak_badanie: markerPos = np.float64(0.625)
126.9965 	EXP 	suwak_badanie: markerPos = np.float64(0.625)
127.0127 	EXP 	suwak_badanie: markerPos = np.float64(0.8333333333333286)
127.0297 	EXP 	suwak_badanie: markerPos = np.float64(0.8333333333333286)
127.0461 	EXP 	suwak_badanie: markerPos = np.float64(1.1458333333333357)
127.0629 	EXP 	suwak_badanie: markerPos = np.float64(1.1458333333333357)
127.0799 	EXP 	suwak_badanie: markerPos = np.float64(1.1458333333333357)
127.0962 	EXP 	suwak_badanie: markerPos = np.float64(1.1458333333333357)
127.1125 	EXP 	suwak_badanie: markerPos = np.float64(1.1458333333333357)
127.1293 	EXP 	suwak_badanie: markerPos = np.float64(1.1458333333333357)
127.1458 	EXP 	suwak_badanie: markerPos = np.float64(1.1458333333333357)
127.1626 	EXP 	suwak_badanie: markerPos = np.float64(1.1458333333333357)
127.1791 	EXP 	suwak_badanie: markerPos = np.float64(1.1458333333333357)
127.1958 	EXP 	suwak_badanie: markerPos = np.float64(1.1458333333333357)
127.2125 	EXP 	suwak_badanie: markerPos = np.float64(1.1458333333333357)
127.2289 	EXP 	suwak_badanie: markerPos = np.float64(1.0416666666666643)
127.2455 	EXP 	suwak_badanie: markerPos = np.float64(0.8333333333333286)
127.2626 	EXP 	suwak_badanie: markerPos = np.float64(0.625)
127.2788 	EXP 	suwak_badanie: markerPos = np.float64(0.4166666666666643)
127.2958 	EXP 	suwak_badanie: markerPos = np.float64(0.3125000000000071)
127.3122 	EXP 	suwak_badanie: markerPos = np.float64(0.2083333333333357)
127.3290 	EXP 	suwak_badanie: markerPos = np.float64(0.2083333333333357)
127.3458 	EXP 	suwak_badanie: markerPos = np.float64(-0.1041666666666643)
127.3621 	EXP 	suwak_badanie: markerPos = np.float64(-0.1041666666666643)
127.3786 	EXP 	suwak_badanie: markerPos = np.float64(-0.2083333333333357)
127.3955 	EXP 	suwak_badanie: markerPos = np.float64(-0.2083333333333357)
127.4119 	EXP 	suwak_badanie: markerPos = np.float64(-0.3125)
127.4283 	EXP 	suwak_badanie: markerPos = np.float64(-0.4166666666666643)
127.4450 	EXP 	suwak_badanie: markerPos = np.float64(-0.4166666666666643)
127.4615 	EXP 	suwak_badanie: markerPos = np.float64(-0.4166666666666643)
127.4782 	EXP 	suwak_badanie: markerPos = np.float64(-0.4166666666666643)
127.4949 	EXP 	suwak_badanie: markerPos = np.float64(-0.4166666666666643)
127.5114 	EXP 	suwak_badanie: markerPos = np.float64(-0.4166666666666643)
127.5280 	EXP 	suwak_badanie: markerPos = np.float64(-0.4166666666666643)
127.5447 	EXP 	suwak_badanie: markerPos = np.float64(-0.4166666666666643)
127.5614 	EXP 	suwak_badanie: markerPos = np.float64(-0.4166666666666643)
127.5785 	EXP 	suwak_badanie: markerPos = np.float64(-0.4166666666666643)
127.5950 	EXP 	suwak_badanie: markerPos = np.float64(-0.4166666666666643)
127.6114 	EXP 	suwak_badanie: markerPos = np.float64(-0.4166666666666643)
127.6279 	EXP 	suwak_badanie: markerPos = np.float64(-0.4166666666666643)
127.6447 	EXP 	suwak_badanie: markerPos = np.float64(-0.4166666666666643)
127.6609 	EXP 	suwak_badanie: markerPos = np.float64(-0.4166666666666643)
127.6774 	EXP 	suwak_badanie: markerPos = np.float64(-0.4166666666666643)
127.6943 	EXP 	suwak_badanie: markerPos = np.float64(-0.4166666666666643)
127.7113 	EXP 	suwak_badanie: markerPos = np.float64(-0.4166666666666643)
127.7278 	EXP 	suwak_badanie: markerPos = np.float64(-0.4166666666666643)
127.7446 	EXP 	suwak_badanie: markerPos = np.float64(-0.4166666666666643)
127.7613 	EXP 	suwak_badanie: markerPos = np.float64(-0.4166666666666643)
127.7775 	EXP 	suwak_badanie: markerPos = np.float64(-0.4166666666666643)
127.7945 	EXP 	suwak_badanie: markerPos = np.float64(-0.4166666666666643)
127.8106 	EXP 	suwak_badanie: markerPos = np.float64(-0.4166666666666643)
127.8276 	EXP 	suwak_badanie: markerPos = np.float64(-0.4166666666666643)
127.8441 	EXP 	suwak_badanie: markerPos = np.float64(-0.4166666666666643)
127.8607 	EXP 	suwak_badanie: markerPos = np.float64(-0.4166666666666643)
127.8774 	EXP 	suwak_badanie: markerPos = np.float64(-0.4166666666666643)
127.8937 	EXP 	suwak_badanie: markerPos = np.float64(-0.4166666666666643)
127.9105 	EXP 	suwak_badanie: markerPos = np.float64(-0.4166666666666643)
127.9271 	EXP 	suwak_badanie: markerPos = np.float64(-0.4166666666666643)
127.9436 	EXP 	suwak_badanie: markerPos = np.float64(-0.4166666666666643)
127.9606 	EXP 	suwak_badanie: markerPos = np.float64(-0.4166666666666643)
127.9769 	EXP 	suwak_badanie: markerPos = np.float64(-0.3125)
127.9935 	EXP 	suwak_badanie: markerPos = np.float64(-0.2083333333333357)
128.0101 	EXP 	suwak_badanie: markerPos = np.float64(-0.1041666666666643)
128.0269 	EXP 	suwak_badanie: markerPos = np.float64(-0.1041666666666643)
128.0434 	EXP 	suwak_badanie: markerPos = np.float64(-0.1041666666666643)
128.0600 	EXP 	suwak_badanie: markerPos = np.float64(-0.1041666666666643)
128.0765 	EXP 	suwak_badanie: markerPos = np.float64(-0.1041666666666643)
128.0936 	EXP 	suwak_badanie: markerPos = np.float64(-0.1041666666666643)
128.1104 	EXP 	suwak_badanie: markerPos = np.float64(0.2083333333333357)
128.1267 	EXP 	suwak_badanie: markerPos = np.float64(0.2083333333333357)
128.1431 	EXP 	suwak_badanie: markerPos = np.float64(0.2083333333333357)
128.1599 	EXP 	suwak_badanie: markerPos = np.float64(0.2083333333333357)
128.1767 	EXP 	suwak_badanie: markerPos = np.float64(0.2083333333333357)
128.1932 	EXP 	suwak_badanie: markerPos = np.float64(0.2083333333333357)
128.2097 	EXP 	suwak_badanie: markerPos = np.float64(0.2083333333333357)
128.2266 	EXP 	suwak_badanie: markerPos = np.float64(0.2083333333333357)
128.2428 	EXP 	suwak_badanie: markerPos = np.float64(0.2083333333333357)
128.2594 	EXP 	suwak_badanie: markerPos = np.float64(0.2083333333333357)
128.2762 	EXP 	suwak_badanie: markerPos = np.float64(0.2083333333333357)
128.2927 	EXP 	suwak_badanie: markerPos = np.float64(0.2083333333333357)
128.3093 	EXP 	suwak_badanie: markerPos = np.float64(0.2083333333333357)
128.3263 	EXP 	suwak_badanie: markerPos = np.float64(0.2083333333333357)
128.3431 	EXP 	suwak_badanie: markerPos = np.float64(0.2083333333333357)
128.3593 	EXP 	suwak_badanie: markerPos = np.float64(0.2083333333333357)
128.3760 	EXP 	suwak_badanie: markerPos = np.float64(0.2083333333333357)
128.3922 	EXP 	suwak_badanie: markerPos = np.float64(0.2083333333333357)
128.4091 	EXP 	suwak_badanie: markerPos = np.float64(0.2083333333333357)
128.4259 	EXP 	suwak_badanie: markerPos = np.float64(0.2083333333333357)
128.4423 	EXP 	suwak_badanie: markerPos = np.float64(0.2083333333333357)
128.4589 	EXP 	suwak_badanie: markerPos = np.float64(0.2083333333333357)
128.4756 	EXP 	suwak_badanie: markerPos = np.float64(0.1041666666666714)
128.4922 	EXP 	suwak_badanie: markerPos = np.float64(0.1041666666666714)
128.5092 	EXP 	suwak_badanie: markerPos = np.float64(0.1041666666666714)
128.5255 	EXP 	suwak_badanie: markerPos = np.float64(0.1041666666666714)
128.5420 	EXP 	suwak_badanie: markerPos = np.float64(0.1041666666666714)
128.5586 	EXP 	suwak_badanie: markerPos = np.float64(0.1041666666666714)
128.5755 	EXP 	suwak_badanie: markerPos = np.float64(0.1041666666666714)
128.5920 	EXP 	suwak_badanie: markerPos = np.float64(0.1041666666666714)
128.6086 	EXP 	suwak_badanie: markerPos = np.float64(0.1041666666666714)
128.6250 	EXP 	suwak_badanie: markerPos = np.float64(0.1041666666666714)
128.6422 	EXP 	suwak_badanie: markerPos = np.float64(0.1041666666666714)
128.6588 	EXP 	suwak_badanie: markerPos = np.float64(0.1041666666666714)
128.6754 	EXP 	suwak_badanie: markerPos = np.float64(0.1041666666666714)
128.6920 	EXP 	suwak_badanie: markerPos = np.float64(0.0)
128.7086 	EXP 	suwak_badanie: markerPos = np.float64(0.0)
128.7251 	EXP 	suwak_badanie: markerPos = np.float64(0.0)
128.7418 	EXP 	suwak_badanie: markerPos = np.float64(0.0)
128.7583 	EXP 	suwak_badanie: markerPos = np.float64(0.0)
128.7751 	EXP 	suwak_badanie: markerPos = np.float64(0.0)
128.7910 	EXP 	suwak_badanie: markerPos = np.float64(0.0)
128.8081 	EXP 	suwak_badanie: markerPos = np.float64(0.0)
128.8248 	EXP 	suwak_badanie: markerPos = np.float64(0.0)
128.8414 	EXP 	suwak_badanie: markerPos = np.float64(0.0)
128.8579 	EXP 	suwak_badanie: markerPos = np.float64(0.0)
128.8743 	EXP 	suwak_badanie: markerPos = np.float64(0.0)
128.8914 	EXP 	suwak_badanie: markerPos = np.float64(0.0)
128.9078 	EXP 	suwak_badanie: markerPos = np.float64(0.0)
128.9247 	EXP 	suwak_badanie: markerPos = np.float64(0.0)
128.9410 	EXP 	suwak_badanie: markerPos = np.float64(0.0)
128.9584 	EXP 	suwak_badanie: markerPos = np.float64(0.0)
128.9593 	DATA 	Mouse:  Left button up, pos=(960,265)
128.9743 	EXP 	suwak_badanie: markerPos = np.float64(0.0)
128.9907 	EXP 	label_text: autoDraw = False
128.9907 	EXP 	stim_image: autoDraw = False
128.9907 	EXP 	suwak_badanie: autoDraw = False
128.9907 	EXP 	lewa_etykieta: autoDraw = False
128.9907 	EXP 	prawa_etykieta: autoDraw = False
128.9907 	EXP 	fiksacja2: autoDraw = False
128.9907 	EXP 	pytanie: autoDraw = False
128.9907 	EXP 	text: autoDraw = True
132.4832 	EXP 	New trial (rep=0, index=2): <Trial 2 (2 in rep 0) data={'image_path': 'photos/1K_RS_5050.png', 'etykieta': 'test', 'left_label': 'radość', 'right_label': 'smutek', 'show_label': 0, 'proporcja_zdjecia': '50/50', 'typ_etykiety': 'Kontrolna', 'warunek': 'kontrolny', 'kierunek': 'Brak', 'thisN': 2, 'thisTrialN': 2, 'thisRepN': 0}>
132.5563 	EXP 	text: autoDraw = False
132.5563 	EXP 	przerwa_text: autoDraw = False
132.5563 	EXP 	label_text: height = np.float64(0.05)
132.5563 	EXP 	label_text: height = np.float64(0.05)
132.5563 	EXP 	label_text: height = np.float64(0.05)
132.5563 	EXP 	label_text: text = ''
132.5563 	EXP 	label_text: height = np.float64(0.05)
132.5563 	EXP 	label_text: height = np.float64(0.05)
132.5563 	EXP 	label_text: height = np.float64(0.05)
132.5563 	EXP 	label_text: height = np.float64(0.05)
132.5563 	EXP 	label_text: height = np.float64(0.05)
132.5563 	EXP 	label_text: height = np.float64(0.05)
132.5563 	EXP 	label_text: text = 'test'
132.5563 	EXP 	stim_image: image = 'photos/1K_RS_5050.png'
132.5563 	EXP 	suwak_badanie: markerPos = None
132.5563 	EXP 	suwak_badanie: markerPos = 0
132.5563 	EXP 	lewa_etykieta: height = np.float64(0.085)
132.5563 	EXP 	lewa_etykieta: height = np.float64(0.085)
132.5563 	EXP 	lewa_etykieta: height = np.float64(0.085)
132.5563 	EXP 	lewa_etykieta: text = 'radość'
132.5563 	EXP 	prawa_etykieta: height = np.float64(0.085)
132.5563 	EXP 	prawa_etykieta: height = np.float64(0.085)
132.5563 	EXP 	prawa_etykieta: height = np.float64(0.085)
132.5563 	EXP 	prawa_etykieta: text = 'smutek'
132.5563 	EXP 	label_text: autoDraw = True
132.5563 	EXP 	label_text: autoDraw = False
132.6976 	EXP 	fiksacja2: autoDraw = True
132.9466 	EXP 	fiksacja2: autoDraw = False
133.1480 	EXP 	stim_image: autoDraw = True
134.3432 	EXP 	suwak_badanie: autoDraw = True
134.3432 	EXP 	lewa_etykieta: autoDraw = True
134.3432 	EXP 	prawa_etykieta: autoDraw = True
134.3432 	EXP 	pytanie: autoDraw = True
134.3593 	EXP 	stim_image: autoDraw = False
137.0531 	DATA 	Mouse: Left button down, pos=(960,271)
137.0689 	EXP 	suwak_badanie: markerPos = np.float64(0.0)
137.0857 	EXP 	suwak_badanie: markerPos = np.float64(0.0)
137.1020 	EXP 	suwak_badanie: markerPos = np.float64(0.0)
137.1187 	EXP 	suwak_badanie: markerPos = np.float64(0.0)
137.1355 	EXP 	suwak_badanie: markerPos = np.float64(0.0)
137.1522 	EXP 	suwak_badanie: markerPos = np.float64(-0.1041666666666643)
137.1689 	EXP 	suwak_badanie: markerPos = np.float64(-0.3125)
137.1854 	EXP 	suwak_badanie: markerPos = np.float64(-0.5208333333333286)
137.2020 	EXP 	suwak_badanie: markerPos = np.float64(-0.625)
137.2185 	EXP 	suwak_badanie: markerPos = np.float64(-0.7291666666666643)
137.2352 	EXP 	suwak_badanie: markerPos = np.float64(-1.0416666666666714)
137.2522 	EXP 	suwak_badanie: markerPos = np.float64(-1.0416666666666714)
137.2688 	EXP 	suwak_badanie: markerPos = np.float64(-1.25)
137.2846 	EXP 	suwak_badanie: markerPos = np.float64(-1.3541666666666643)
137.3019 	EXP 	suwak_badanie: markerPos = np.float64(-1.3541666666666643)
137.3184 	EXP 	suwak_badanie: markerPos = np.float64(-1.4583333333333357)
137.3350 	EXP 	suwak_badanie: markerPos = np.float64(-1.5625)
137.3517 	EXP 	suwak_badanie: markerPos = np.float64(-1.6666666666666643)
137.3679 	EXP 	suwak_badanie: markerPos = np.float64(-1.6666666666666643)
137.3848 	EXP 	suwak_badanie: markerPos = np.float64(-1.875)
137.4011 	EXP 	suwak_badanie: markerPos = np.float64(-1.875)
137.4181 	EXP 	suwak_badanie: markerPos = np.float64(-1.9791666666666643)
137.4343 	EXP 	suwak_badanie: markerPos = np.float64(-1.9791666666666643)
137.4508 	EXP 	suwak_badanie: markerPos = np.float64(-1.9791666666666643)
137.4677 	EXP 	suwak_badanie: markerPos = np.float64(-1.9791666666666643)
137.4845 	EXP 	suwak_badanie: markerPos = np.float64(-1.9791666666666643)
137.5009 	EXP 	suwak_badanie: markerPos = np.float64(-2.0833333333333286)
137.5178 	EXP 	suwak_badanie: markerPos = np.float64(-2.2916666666666643)
137.5344 	EXP 	suwak_badanie: markerPos = np.float64(-2.5)
137.5509 	EXP 	suwak_badanie: markerPos = np.float64(-2.7083333333333357)
137.5674 	EXP 	suwak_badanie: markerPos = np.float64(-2.7083333333333357)
137.5840 	EXP 	suwak_badanie: markerPos = np.float64(-2.7083333333333357)
137.6001 	EXP 	suwak_badanie: markerPos = np.float64(-2.7083333333333357)
137.6172 	EXP 	suwak_badanie: markerPos = np.float64(-2.9166666666666643)
137.6339 	EXP 	suwak_badanie: markerPos = np.float64(-3.0208333333333357)
137.6505 	EXP 	suwak_badanie: markerPos = np.float64(-3.0208333333333357)
137.6672 	EXP 	suwak_badanie: markerPos = np.float64(-3.0208333333333357)
137.6837 	EXP 	suwak_badanie: markerPos = np.float64(-3.0208333333333357)
137.7004 	EXP 	suwak_badanie: markerPos = np.float64(-3.0208333333333357)
137.7169 	EXP 	suwak_badanie: markerPos = np.float64(-3.0208333333333357)
137.7340 	EXP 	suwak_badanie: markerPos = np.float64(-3.0208333333333357)
137.7504 	EXP 	suwak_badanie: markerPos = np.float64(-3.125)
137.7672 	EXP 	suwak_badanie: markerPos = np.float64(-3.125)
137.7837 	EXP 	suwak_badanie: markerPos = np.float64(-3.125)
137.8003 	EXP 	suwak_badanie: markerPos = np.float64(-3.2291666666666643)
137.8168 	EXP 	suwak_badanie: markerPos = np.float64(-3.2291666666666643)
137.8335 	EXP 	suwak_badanie: markerPos = np.float64(-3.4375)
137.8502 	EXP 	suwak_badanie: markerPos = np.float64(-3.4375)
137.8670 	EXP 	suwak_badanie: markerPos = np.float64(-3.4375)
137.8835 	EXP 	suwak_badanie: markerPos = np.float64(-3.4375)
137.8997 	EXP 	suwak_badanie: markerPos = np.float64(-3.4375)
137.9164 	EXP 	suwak_badanie: markerPos = np.float64(-3.4375)
137.9331 	EXP 	suwak_badanie: markerPos = np.float64(-3.5416666666666643)
137.9500 	EXP 	suwak_badanie: markerPos = np.float64(-3.75)
137.9660 	EXP 	suwak_badanie: markerPos = np.float64(-3.75)
137.9833 	EXP 	suwak_badanie: markerPos = np.float64(-3.75)
137.9996 	EXP 	suwak_badanie: markerPos = np.float64(-3.75)
138.0164 	EXP 	suwak_badanie: markerPos = np.float64(-3.75)
138.0330 	EXP 	suwak_badanie: markerPos = np.float64(-3.75)
138.0497 	EXP 	suwak_badanie: markerPos = np.float64(-3.75)
138.0667 	EXP 	suwak_badanie: markerPos = np.float64(-3.75)
138.0829 	EXP 	suwak_badanie: markerPos = np.float64(-3.75)
138.1000 	EXP 	suwak_badanie: markerPos = np.float64(-3.75)
138.1162 	EXP 	suwak_badanie: markerPos = np.float64(-3.75)
138.1324 	EXP 	suwak_badanie: markerPos = np.float64(-3.75)
138.1494 	EXP 	suwak_badanie: markerPos = np.float64(-3.75)
138.1661 	EXP 	suwak_badanie: markerPos = np.float64(-3.75)
138.1826 	EXP 	suwak_badanie: markerPos = np.float64(-3.75)
138.1995 	EXP 	suwak_badanie: markerPos = np.float64(-3.75)
138.2162 	EXP 	suwak_badanie: markerPos = np.float64(-3.75)
138.2326 	EXP 	suwak_badanie: markerPos = np.float64(-3.75)
138.2492 	EXP 	suwak_badanie: markerPos = np.float64(-3.75)
138.2658 	EXP 	suwak_badanie: markerPos = np.float64(-3.75)
138.2822 	EXP 	suwak_badanie: markerPos = np.float64(-3.75)
138.2989 	EXP 	suwak_badanie: markerPos = np.float64(-3.75)
138.3153 	EXP 	suwak_badanie: markerPos = np.float64(-3.75)
138.3321 	EXP 	suwak_badanie: markerPos = np.float64(-3.75)
138.3489 	EXP 	suwak_badanie: markerPos = np.float64(-3.75)
138.3658 	EXP 	suwak_badanie: markerPos = np.float64(-3.75)
138.3823 	EXP 	suwak_badanie: markerPos = np.float64(-3.75)
138.3987 	EXP 	suwak_badanie: markerPos = np.float64(-3.75)
138.4150 	EXP 	suwak_badanie: markerPos = np.float64(-3.75)
138.4326 	EXP 	suwak_badanie: markerPos = np.float64(-3.75)
138.4485 	EXP 	suwak_badanie: markerPos = np.float64(-3.75)
138.4651 	EXP 	suwak_badanie: markerPos = np.float64(-3.75)
138.4816 	EXP 	suwak_badanie: markerPos = np.float64(-3.75)
138.4980 	EXP 	suwak_badanie: markerPos = np.float64(-3.75)
138.5145 	EXP 	suwak_badanie: markerPos = np.float64(-3.75)
138.5314 	EXP 	suwak_badanie: markerPos = np.float64(-3.75)
138.5481 	EXP 	suwak_badanie: markerPos = np.float64(-3.75)
138.5644 	EXP 	suwak_badanie: markerPos = np.float64(-3.75)
138.5812 	EXP 	suwak_badanie: markerPos = np.float64(-3.75)
138.5980 	EXP 	suwak_badanie: markerPos = np.float64(-3.75)
138.6148 	EXP 	suwak_badanie: markerPos = np.float64(-3.75)
138.6315 	EXP 	suwak_badanie: markerPos = np.float64(-3.75)
138.6480 	EXP 	suwak_badanie: markerPos = np.float64(-3.75)
138.6644 	EXP 	suwak_badanie: markerPos = np.float64(-3.75)
138.6811 	EXP 	suwak_badanie: markerPos = np.float64(-3.75)
138.6975 	EXP 	suwak_badanie: markerPos = np.float64(-3.75)
138.7144 	EXP 	suwak_badanie: markerPos = np.float64(-3.75)
138.7310 	EXP 	suwak_badanie: markerPos = np.float64(-3.75)
138.7476 	EXP 	suwak_badanie: markerPos = np.float64(-3.75)
138.7642 	EXP 	suwak_badanie: markerPos = np.float64(-3.75)
138.7809 	EXP 	suwak_badanie: markerPos = np.float64(-3.75)
138.7974 	EXP 	suwak_badanie: markerPos = np.float64(-3.75)
138.8144 	EXP 	suwak_badanie: markerPos = np.float64(-3.75)
138.8307 	EXP 	suwak_badanie: markerPos = np.float64(-3.75)
138.8476 	EXP 	suwak_badanie: markerPos = np.float64(-3.75)
138.8641 	EXP 	suwak_badanie: markerPos = np.float64(-3.75)
138.8801 	EXP 	suwak_badanie: markerPos = np.float64(-3.75)
138.8975 	EXP 	suwak_badanie: markerPos = np.float64(-3.75)
138.9138 	EXP 	suwak_badanie: markerPos = np.float64(-3.75)
138.9307 	EXP 	suwak_badanie: markerPos = np.float64(-3.75)
138.9472 	EXP 	suwak_badanie: markerPos = np.float64(-3.75)
138.9639 	EXP 	suwak_badanie: markerPos = np.float64(-3.75)
138.9799 	EXP 	suwak_badanie: markerPos = np.float64(-3.75)
138.9968 	EXP 	suwak_badanie: markerPos = np.float64(-3.75)
139.0133 	EXP 	suwak_badanie: markerPos = np.float64(-3.75)
139.0305 	EXP 	suwak_badanie: markerPos = np.float64(-3.75)
139.0469 	EXP 	suwak_badanie: markerPos = np.float64(-3.75)
139.0638 	EXP 	suwak_badanie: markerPos = np.float64(-3.75)
139.0799 	EXP 	suwak_badanie: markerPos = np.float64(-3.75)
139.0968 	EXP 	suwak_badanie: markerPos = np.float64(-3.75)
139.1136 	EXP 	suwak_badanie: markerPos = np.float64(-3.75)
139.1301 	EXP 	suwak_badanie: markerPos = np.float64(-3.75)
139.1468 	EXP 	suwak_badanie: markerPos = np.float64(-3.75)
139.1629 	EXP 	suwak_badanie: markerPos = np.float64(-3.75)
139.1796 	EXP 	suwak_badanie: markerPos = np.float64(-3.75)
139.1961 	EXP 	suwak_badanie: markerPos = np.float64(-3.75)
139.2130 	EXP 	suwak_badanie: markerPos = np.float64(-3.75)
139.2295 	EXP 	suwak_badanie: markerPos = np.float64(-3.75)
139.2464 	EXP 	suwak_badanie: markerPos = np.float64(-3.75)
139.2628 	EXP 	suwak_badanie: markerPos = np.float64(-3.75)
139.2795 	EXP 	suwak_badanie: markerPos = np.float64(-3.75)
139.2965 	EXP 	suwak_badanie: markerPos = np.float64(-3.75)
139.3130 	EXP 	suwak_badanie: markerPos = np.float64(-3.75)
139.3294 	EXP 	suwak_badanie: markerPos = np.float64(-3.75)
139.3458 	EXP 	suwak_badanie: markerPos = np.float64(-3.75)
139.3626 	EXP 	suwak_badanie: markerPos = np.float64(-3.75)
139.3795 	EXP 	suwak_badanie: markerPos = np.float64(-3.75)
139.3958 	EXP 	suwak_badanie: markerPos = np.float64(-3.75)
139.4124 	EXP 	suwak_badanie: markerPos = np.float64(-3.75)
139.4291 	EXP 	suwak_badanie: markerPos = np.float64(-3.75)
139.4457 	EXP 	suwak_badanie: markerPos = np.float64(-3.75)
139.4626 	EXP 	suwak_badanie: markerPos = np.float64(-3.75)
139.4790 	EXP 	suwak_badanie: markerPos = np.float64(-3.75)
139.4957 	EXP 	suwak_badanie: markerPos = np.float64(-3.75)
139.5120 	EXP 	suwak_badanie: markerPos = np.float64(-3.75)
139.5286 	EXP 	suwak_badanie: markerPos = np.float64(-3.75)
139.5453 	EXP 	suwak_badanie: markerPos = np.float64(-3.75)
139.5620 	EXP 	suwak_badanie: markerPos = np.float64(-3.75)
139.5785 	EXP 	suwak_badanie: markerPos = np.float64(-3.75)
139.5950 	EXP 	suwak_badanie: markerPos = np.float64(-3.75)
139.6118 	EXP 	suwak_badanie: markerPos = np.float64(-3.75)
139.6288 	EXP 	suwak_badanie: markerPos = np.float64(-3.75)
139.6454 	EXP 	suwak_badanie: markerPos = np.float64(-3.75)
139.6616 	EXP 	suwak_badanie: markerPos = np.float64(-3.75)
139.6782 	EXP 	suwak_badanie: markerPos = np.float64(-3.75)
139.6953 	EXP 	suwak_badanie: markerPos = np.float64(-3.75)
139.7118 	EXP 	suwak_badanie: markerPos = np.float64(-3.75)
139.7285 	EXP 	suwak_badanie: markerPos = np.float64(-3.75)
139.7450 	EXP 	suwak_badanie: markerPos = np.float64(-3.75)
139.7617 	EXP 	suwak_badanie: markerPos = np.float64(-3.75)
139.7780 	EXP 	suwak_badanie: markerPos = np.float64(-3.75)
139.7946 	EXP 	suwak_badanie: markerPos = np.float64(-3.75)
139.8114 	EXP 	suwak_badanie: markerPos = np.float64(-3.75)
139.8279 	EXP 	suwak_badanie: markerPos = np.float64(-3.75)
139.8444 	EXP 	suwak_badanie: markerPos = np.float64(-3.75)
139.8611 	EXP 	suwak_badanie: markerPos = np.float64(-3.75)
139.8786 	EXP 	suwak_badanie: markerPos = np.float64(-3.75)
139.8947 	EXP 	suwak_badanie: markerPos = np.float64(-3.75)
139.9112 	EXP 	suwak_badanie: markerPos = np.float64(-3.75)
139.9277 	EXP 	suwak_badanie: markerPos = np.float64(-3.75)
139.9446 	EXP 	suwak_badanie: markerPos = np.float64(-3.75)
139.9613 	EXP 	suwak_badanie: markerPos = np.float64(-3.75)
139.9776 	EXP 	suwak_badanie: markerPos = np.float64(-3.75)
139.9946 	EXP 	suwak_badanie: markerPos = np.float64(-3.75)
140.0108 	EXP 	suwak_badanie: markerPos = np.float64(-3.75)
140.0270 	EXP 	suwak_badanie: markerPos = np.float64(-3.75)
140.0442 	EXP 	suwak_badanie: markerPos = np.float64(-3.75)
140.0611 	EXP 	suwak_badanie: markerPos = np.float64(-3.75)
140.0776 	EXP 	suwak_badanie: markerPos = np.float64(-3.75)
140.0941 	EXP 	suwak_badanie: markerPos = np.float64(-3.75)
140.1105 	EXP 	suwak_badanie: markerPos = np.float64(-3.75)
140.1274 	EXP 	suwak_badanie: markerPos = np.float64(-3.75)
140.1439 	EXP 	suwak_badanie: markerPos = np.float64(-3.75)
140.1609 	EXP 	suwak_badanie: markerPos = np.float64(-3.75)
140.1773 	EXP 	suwak_badanie: markerPos = np.float64(-3.75)
140.1938 	EXP 	suwak_badanie: markerPos = np.float64(-3.75)
140.2107 	EXP 	suwak_badanie: markerPos = np.float64(-3.75)
140.2268 	EXP 	suwak_badanie: markerPos = np.float64(-3.75)
140.2433 	EXP 	suwak_badanie: markerPos = np.float64(-3.75)
140.2604 	EXP 	suwak_badanie: markerPos = np.float64(-3.75)
140.2766 	EXP 	suwak_badanie: markerPos = np.float64(-3.75)
140.2936 	EXP 	suwak_badanie: markerPos = np.float64(-3.75)
140.3104 	EXP 	suwak_badanie: markerPos = np.float64(-3.75)
140.3266 	EXP 	suwak_badanie: markerPos = np.float64(-3.75)
140.3435 	EXP 	suwak_badanie: markerPos = np.float64(-3.75)
140.3596 	EXP 	suwak_badanie: markerPos = np.float64(-3.75)
140.3768 	EXP 	suwak_badanie: markerPos = np.float64(-3.75)
140.3933 	EXP 	suwak_badanie: markerPos = np.float64(-3.75)
140.4095 	EXP 	suwak_badanie: markerPos = np.float64(-3.75)
140.4264 	EXP 	suwak_badanie: markerPos = np.float64(-3.75)
140.4432 	EXP 	suwak_badanie: markerPos = np.float64(-3.75)
140.4594 	EXP 	suwak_badanie: markerPos = np.float64(-3.75)
140.4764 	EXP 	suwak_badanie: markerPos = np.float64(-3.75)
140.4928 	EXP 	suwak_badanie: markerPos = np.float64(-3.75)
140.5093 	EXP 	suwak_badanie: markerPos = np.float64(-3.75)
140.5264 	EXP 	suwak_badanie: markerPos = np.float64(-3.75)
140.5427 	EXP 	suwak_badanie: markerPos = np.float64(-3.75)
140.5594 	EXP 	suwak_badanie: markerPos = np.float64(-3.75)
140.5763 	EXP 	suwak_badanie: markerPos = np.float64(-3.75)
140.5925 	EXP 	suwak_badanie: markerPos = np.float64(-3.75)
140.6091 	EXP 	suwak_badanie: markerPos = np.float64(-3.75)
140.6260 	EXP 	suwak_badanie: markerPos = np.float64(-3.75)
140.6426 	EXP 	suwak_badanie: markerPos = np.float64(-3.75)
140.6591 	EXP 	suwak_badanie: markerPos = np.float64(-3.75)
140.6758 	EXP 	suwak_badanie: markerPos = np.float64(-3.75)
140.6922 	EXP 	suwak_badanie: markerPos = np.float64(-3.75)
140.7090 	EXP 	suwak_badanie: markerPos = np.float64(-3.75)
140.7252 	EXP 	suwak_badanie: markerPos = np.float64(-3.75)
140.7423 	EXP 	suwak_badanie: markerPos = np.float64(-3.75)
140.7589 	EXP 	suwak_badanie: markerPos = np.float64(-3.75)
140.7754 	EXP 	suwak_badanie: markerPos = np.float64(-3.75)
140.7920 	EXP 	suwak_badanie: markerPos = np.float64(-3.75)
140.8089 	EXP 	suwak_badanie: markerPos = np.float64(-3.75)
140.8255 	EXP 	suwak_badanie: markerPos = np.float64(-3.75)
140.8264 	DATA 	Mouse:  Left button up, pos=(924,284)
140.8422 	EXP 	suwak_badanie: markerPos = np.float64(-3.75)
140.8587 	EXP 	label_text: autoDraw = False
140.8587 	EXP 	stim_image: autoDraw = False
140.8587 	EXP 	suwak_badanie: autoDraw = False
140.8587 	EXP 	lewa_etykieta: autoDraw = False
140.8587 	EXP 	prawa_etykieta: autoDraw = False
140.8587 	EXP 	fiksacja2: autoDraw = False
140.8587 	EXP 	pytanie: autoDraw = False
140.8587 	EXP 	text: autoDraw = True
144.3500 	EXP 	New trial (rep=0, index=3): <Trial 3 (3 in rep 0) data={'image_path': 'photos/1K_ZW_8020.png', 'etykieta': 'Poprzedni badani wykryli w tej twarzy 20% zaufania.', 'left_label': 'zaufanie', 'right_label': 'wstręt', 'show_label': 4, 'proporcja_zdjecia': '80/20 zaufania', 'typ_etykiety': 'Procentowa Ludzie', 'warunek': 'Niezgodny', 'kierunek': 'Dominacja Lewo zaufanie', 'thisN': 3, 'thisTrialN': 3, 'thisRepN': 0}>
144.4232 	EXP 	text: autoDraw = False
144.4232 	EXP 	przerwa_text: autoDraw = False
144.4232 	EXP 	label_text: height = np.float64(0.05)
144.4232 	EXP 	label_text: height = np.float64(0.05)
144.4232 	EXP 	label_text: height = np.float64(0.05)
144.4232 	EXP 	label_text: text = 'Poprzedni badani wykryli w tej twarzy 20% zaufania.'
144.4232 	EXP 	label_text: height = np.float64(0.05)
144.4232 	EXP 	label_text: height = np.float64(0.05)
144.4232 	EXP 	label_text: height = np.float64(0.05)
144.4232 	EXP 	label_text: text = 'Poprzedni badani wykryli w tej twarzy 20% zaufania.'
144.4232 	EXP 	stim_image: image = 'photos/1K_ZW_8020.png'
144.4232 	EXP 	suwak_badanie: markerPos = None
144.4232 	EXP 	suwak_badanie: markerPos = 0
144.4232 	EXP 	lewa_etykieta: height = np.float64(0.085)
144.4232 	EXP 	lewa_etykieta: height = np.float64(0.085)
144.4232 	EXP 	lewa_etykieta: height = np.float64(0.085)
144.4232 	EXP 	lewa_etykieta: text = 'zaufanie'
144.4232 	EXP 	prawa_etykieta: height = np.float64(0.085)
144.4232 	EXP 	prawa_etykieta: height = np.float64(0.085)
144.4232 	EXP 	prawa_etykieta: height = np.float64(0.085)
144.4232 	EXP 	prawa_etykieta: text = 'wstręt'
144.4232 	EXP 	label_text: autoDraw = True
148.4380 	EXP 	label_text: autoDraw = False
148.5540 	EXP 	fiksacja2: autoDraw = True
148.8037 	EXP 	fiksacja2: autoDraw = False
149.0040 	EXP 	stim_image: autoDraw = True
150.1992 	EXP 	suwak_badanie: autoDraw = True
150.1992 	EXP 	lewa_etykieta: autoDraw = True
150.1992 	EXP 	prawa_etykieta: autoDraw = True
150.1992 	EXP 	pytanie: autoDraw = True
150.2165 	EXP 	stim_image: autoDraw = False
153.4248 	DATA 	Mouse: Left button down, pos=(960,260)
153.4410 	EXP 	suwak_badanie: markerPos = np.float64(0.0)
153.4576 	EXP 	suwak_badanie: markerPos = np.float64(0.0)
153.4742 	EXP 	suwak_badanie: markerPos = np.float64(0.0)
153.4910 	EXP 	suwak_badanie: markerPos = np.float64(0.0)
153.5071 	EXP 	suwak_badanie: markerPos = np.float64(-0.1041666666666643)
153.5242 	EXP 	suwak_badanie: markerPos = np.float64(-0.1041666666666643)
153.5407 	EXP 	suwak_badanie: markerPos = np.float64(-0.1041666666666643)
153.5573 	EXP 	suwak_badanie: markerPos = np.float64(-0.1041666666666643)
153.5741 	EXP 	suwak_badanie: markerPos = np.float64(-0.1041666666666643)
153.5903 	EXP 	suwak_badanie: markerPos = np.float64(-0.2083333333333357)
153.6068 	EXP 	suwak_badanie: markerPos = np.float64(-0.5208333333333286)
153.6239 	EXP 	suwak_badanie: markerPos = np.float64(-0.625)
153.6405 	EXP 	suwak_badanie: markerPos = np.float64(-1.0416666666666714)
153.6569 	EXP 	suwak_badanie: markerPos = np.float64(-1.4583333333333357)
153.6735 	EXP 	suwak_badanie: markerPos = np.float64(-1.875)
153.6903 	EXP 	suwak_badanie: markerPos = np.float64(-2.1875)
153.7070 	EXP 	suwak_badanie: markerPos = np.float64(-2.7083333333333357)
153.7236 	EXP 	suwak_badanie: markerPos = np.float64(-3.0208333333333357)
153.7403 	EXP 	suwak_badanie: markerPos = np.float64(-3.4375)
153.7567 	EXP 	suwak_badanie: markerPos = np.float64(-3.8541666666666714)
153.7732 	EXP 	suwak_badanie: markerPos = np.float64(-4.270833333333336)
153.7902 	EXP 	suwak_badanie: markerPos = np.float64(-4.6875)
153.8066 	EXP 	suwak_badanie: markerPos = np.float64(-4.895833333333336)
153.8232 	EXP 	suwak_badanie: markerPos = np.float64(-5.208333333333329)
153.8397 	EXP 	suwak_badanie: markerPos = np.float64(-5.416666666666671)
153.8563 	EXP 	suwak_badanie: markerPos = np.float64(-5.833333333333336)
153.8733 	EXP 	suwak_badanie: markerPos = np.float64(-6.25)
153.8900 	EXP 	suwak_badanie: markerPos = np.float64(-6.5625)
153.9064 	EXP 	suwak_badanie: markerPos = np.float64(-6.979166666666671)
153.9227 	EXP 	suwak_badanie: markerPos = np.float64(-7.083333333333329)
153.9400 	EXP 	suwak_badanie: markerPos = np.float64(-7.5)
153.9566 	EXP 	suwak_badanie: markerPos = np.float64(-7.708333333333336)
153.9730 	EXP 	suwak_badanie: markerPos = np.float64(-8.020833333333336)
153.9893 	EXP 	suwak_badanie: markerPos = np.float64(-8.4375)
154.0061 	EXP 	suwak_badanie: markerPos = np.float64(-8.75)
154.0224 	EXP 	suwak_badanie: markerPos = np.float64(-8.958333333333336)
154.0394 	EXP 	suwak_badanie: markerPos = np.float64(-8.958333333333336)
154.0557 	EXP 	suwak_badanie: markerPos = np.float64(-8.958333333333336)
154.0725 	EXP 	suwak_badanie: markerPos = np.float64(-9.0625)
154.0892 	EXP 	suwak_badanie: markerPos = np.float64(-9.0625)
154.1061 	EXP 	suwak_badanie: markerPos = np.float64(-9.166666666666664)
154.1222 	EXP 	suwak_badanie: markerPos = np.float64(-9.166666666666664)
154.1389 	EXP 	suwak_badanie: markerPos = np.float64(-9.270833333333336)
154.1557 	EXP 	suwak_badanie: markerPos = np.float64(-9.375)
154.1724 	EXP 	suwak_badanie: markerPos = np.float64(-9.375)
154.1890 	EXP 	suwak_badanie: markerPos = np.float64(-9.375)
154.2056 	EXP 	suwak_badanie: markerPos = np.float64(-9.375)
154.2223 	EXP 	suwak_badanie: markerPos = np.float64(-9.375)
154.2389 	EXP 	suwak_badanie: markerPos = np.float64(-9.375)
154.2556 	EXP 	suwak_badanie: markerPos = np.float64(-9.375)
154.2721 	EXP 	suwak_badanie: markerPos = np.float64(-9.375)
154.2887 	EXP 	suwak_badanie: markerPos = np.float64(-9.375)
154.3051 	EXP 	suwak_badanie: markerPos = np.float64(-9.375)
154.3221 	EXP 	suwak_badanie: markerPos = np.float64(-9.375)
154.3387 	EXP 	suwak_badanie: markerPos = np.float64(-9.375)
154.3548 	EXP 	suwak_badanie: markerPos = np.float64(-9.479166666666664)
154.3718 	EXP 	suwak_badanie: markerPos = np.float64(-9.479166666666664)
154.3879 	EXP 	suwak_badanie: markerPos = np.float64(-9.479166666666664)
154.4050 	EXP 	suwak_badanie: markerPos = np.float64(-9.479166666666664)
154.4217 	EXP 	suwak_badanie: markerPos = np.float64(-9.479166666666664)
154.4383 	EXP 	suwak_badanie: markerPos = np.float64(-9.479166666666664)
154.4550 	EXP 	suwak_badanie: markerPos = np.float64(-9.479166666666664)
154.4716 	EXP 	suwak_badanie: markerPos = np.float64(-9.479166666666664)
154.4879 	EXP 	suwak_badanie: markerPos = np.float64(-9.479166666666664)
154.4893 	DATA 	Mouse:  Left button up, pos=(869,272)
154.5046 	EXP 	suwak_badanie: markerPos = np.float64(-9.479166666666664)
154.5213 	EXP 	label_text: autoDraw = False
154.5213 	EXP 	stim_image: autoDraw = False
154.5213 	EXP 	suwak_badanie: autoDraw = False
154.5213 	EXP 	lewa_etykieta: autoDraw = False
154.5213 	EXP 	prawa_etykieta: autoDraw = False
154.5213 	EXP 	fiksacja2: autoDraw = False
154.5213 	EXP 	pytanie: autoDraw = False
154.5213 	EXP 	text: autoDraw = True
158.0135 	EXP 	New trial (rep=0, index=4): <Trial 4 (4 in rep 0) data={'image_path': 'photos/1K_ZO_5050.png', 'etykieta': 'Poprzedni badani wykryli w tej twarzy 75% oczekiwania.', 'left_label': 'zaskoczenie', 'right_label': 'oczekiwanie', 'show_label': 4, 'proporcja_zdjecia': '50/50 ', 'typ_etykiety': 'Procentowa Ludzie', 'warunek': 'n/d', 'kierunek': 'Sugestia Prawo oczekiwanie', 'thisN': 4, 'thisTrialN': 4, 'thisRepN': 0}>
158.0725 	EXP 	text: autoDraw = False
158.0725 	EXP 	przerwa_text: autoDraw = False
158.0725 	EXP 	label_text: height = np.float64(0.05)
158.0725 	EXP 	label_text: height = np.float64(0.05)
158.0725 	EXP 	label_text: height = np.float64(0.05)
158.0725 	EXP 	label_text: text = 'Poprzedni badani wykryli w tej twarzy 75% oczekiwania.'
158.0725 	EXP 	label_text: height = np.float64(0.05)
158.0725 	EXP 	label_text: height = np.float64(0.05)
158.0725 	EXP 	label_text: height = np.float64(0.05)
158.0725 	EXP 	label_text: text = 'Poprzedni badani wykryli w tej twarzy 75% oczekiwania.'
158.0725 	EXP 	stim_image: image = 'photos/1K_ZO_5050.png'
158.0725 	EXP 	suwak_badanie: markerPos = None
158.0725 	EXP 	suwak_badanie: markerPos = 0
158.0725 	EXP 	lewa_etykieta: height = np.float64(0.085)
158.0725 	EXP 	lewa_etykieta: height = np.float64(0.085)
158.0725 	EXP 	lewa_etykieta: height = np.float64(0.085)
158.0725 	EXP 	lewa_etykieta: text = 'zaskoczenie'
158.0725 	EXP 	prawa_etykieta: height = np.float64(0.085)
158.0725 	EXP 	prawa_etykieta: height = np.float64(0.085)
158.0725 	EXP 	prawa_etykieta: height = np.float64(0.085)
158.0725 	EXP 	prawa_etykieta: text = 'oczekiwanie'
158.0725 	EXP 	label_text: autoDraw = True
162.0838 	EXP 	label_text: autoDraw = False
162.2173 	EXP 	fiksacja2: autoDraw = True
162.4665 	EXP 	fiksacja2: autoDraw = False
162.6668 	EXP 	stim_image: autoDraw = True
163.8627 	EXP 	suwak_badanie: autoDraw = True
163.8627 	EXP 	lewa_etykieta: autoDraw = True
163.8627 	EXP 	prawa_etykieta: autoDraw = True
163.8627 	EXP 	pytanie: autoDraw = True
163.8794 	EXP 	stim_image: autoDraw = False
167.3742 	DATA 	Mouse: Left button down, pos=(958,268)
167.4030 	EXP 	suwak_badanie: markerPos = np.float64(-0.2083333333333357)
167.4194 	EXP 	suwak_badanie: markerPos = np.float64(-0.2083333333333357)
167.4362 	EXP 	suwak_badanie: markerPos = np.float64(-0.2083333333333357)
167.4528 	EXP 	suwak_badanie: markerPos = np.float64(-0.2083333333333357)
167.4693 	EXP 	suwak_badanie: markerPos = np.float64(-0.2083333333333357)
167.4857 	EXP 	suwak_badanie: markerPos = np.float64(-0.2083333333333357)
167.4867 	DATA 	Mouse:  Left button up, pos=(958,268)
167.5023 	EXP 	suwak_badanie: markerPos = np.float64(-0.2083333333333357)
167.5193 	EXP 	label_text: autoDraw = False
167.5193 	EXP 	stim_image: autoDraw = False
167.5193 	EXP 	suwak_badanie: autoDraw = False
167.5193 	EXP 	lewa_etykieta: autoDraw = False
167.5193 	EXP 	prawa_etykieta: autoDraw = False
167.5193 	EXP 	fiksacja2: autoDraw = False
167.5193 	EXP 	pytanie: autoDraw = False
167.5193 	EXP 	text: autoDraw = True
171.0114 	EXP 	New trial (rep=0, index=5): <Trial 5 (5 in rep 0) data={'image_path': 'photos/1K_ZS_8020.png', 'etykieta': 'test', 'left_label': 'strach', 'right_label': 'złość', 'show_label': 0, 'proporcja_zdjecia': '80/20 prawo (złość)', 'typ_etykiety': 'Kontrolna', 'warunek': 'kontrolny', 'kierunek': 'Brak', 'thisN': 5, 'thisTrialN': 5, 'thisRepN': 0}>
171.0997 	EXP 	text: autoDraw = False
171.0997 	EXP 	przerwa_text: autoDraw = False
171.0997 	EXP 	label_text: height = np.float64(0.05)
171.0997 	EXP 	label_text: height = np.float64(0.05)
171.0997 	EXP 	label_text: height = np.float64(0.05)
171.0997 	EXP 	label_text: text = ''
171.0997 	EXP 	label_text: height = np.float64(0.05)
171.0997 	EXP 	label_text: height = np.float64(0.05)
171.0997 	EXP 	label_text: height = np.float64(0.05)
171.0997 	EXP 	label_text: height = np.float64(0.05)
171.0997 	EXP 	label_text: height = np.float64(0.05)
171.0997 	EXP 	label_text: height = np.float64(0.05)
171.0997 	EXP 	label_text: text = 'test'
171.0997 	EXP 	stim_image: image = 'photos/1K_ZS_8020.png'
171.0997 	EXP 	suwak_badanie: markerPos = None
171.0997 	EXP 	suwak_badanie: markerPos = 0
171.0997 	EXP 	lewa_etykieta: height = np.float64(0.085)
171.0997 	EXP 	lewa_etykieta: height = np.float64(0.085)
171.0997 	EXP 	lewa_etykieta: height = np.float64(0.085)
171.0997 	EXP 	lewa_etykieta: text = 'strach'
171.0997 	EXP 	prawa_etykieta: height = np.float64(0.085)
171.0997 	EXP 	prawa_etykieta: height = np.float64(0.085)
171.0997 	EXP 	prawa_etykieta: height = np.float64(0.085)
171.0997 	EXP 	prawa_etykieta: text = 'złość'
171.0997 	EXP 	label_text: autoDraw = True
171.0997 	EXP 	label_text: autoDraw = False
171.2260 	EXP 	fiksacja2: autoDraw = True
171.4752 	EXP 	fiksacja2: autoDraw = False
171.6755 	EXP 	stim_image: autoDraw = True
172.8718 	EXP 	suwak_badanie: autoDraw = True
172.8718 	EXP 	lewa_etykieta: autoDraw = True
172.8718 	EXP 	prawa_etykieta: autoDraw = True
172.8718 	EXP 	pytanie: autoDraw = True
172.8885 	EXP 	stim_image: autoDraw = False
177.5596 	DATA 	Mouse: Left button down, pos=(960,267)
177.5752 	EXP 	suwak_badanie: markerPos = np.float64(0.0)
177.5917 	EXP 	suwak_badanie: markerPos = np.float64(0.0)
177.6081 	EXP 	suwak_badanie: markerPos = np.float64(0.0)
177.6250 	EXP 	suwak_badanie: markerPos = np.float64(0.0)
177.6416 	EXP 	suwak_badanie: markerPos = np.float64(0.0)
177.6583 	EXP 	suwak_badanie: markerPos = np.float64(0.0)
177.6750 	EXP 	suwak_badanie: markerPos = np.float64(0.0)
177.6915 	EXP 	suwak_badanie: markerPos = np.float64(0.0)
177.7079 	EXP 	suwak_badanie: markerPos = np.float64(0.2083333333333357)
177.7245 	EXP 	suwak_badanie: markerPos = np.float64(0.4166666666666643)
177.7414 	EXP 	suwak_badanie: markerPos = np.float64(0.7291666666666714)
177.7582 	EXP 	suwak_badanie: markerPos = np.float64(0.9375)
177.7747 	EXP 	suwak_badanie: markerPos = np.float64(1.875000000000007)
177.7909 	EXP 	suwak_badanie: markerPos = np.float64(2.1875)
177.8078 	EXP 	suwak_badanie: markerPos = np.float64(2.6041666666666643)
177.8242 	EXP 	suwak_badanie: markerPos = np.float64(2.7083333333333357)
177.8408 	EXP 	suwak_badanie: markerPos = np.float64(2.9166666666666643)
177.8577 	EXP 	suwak_badanie: markerPos = np.float64(3.125)
177.8741 	EXP 	suwak_badanie: markerPos = np.float64(3.125)
177.8911 	EXP 	suwak_badanie: markerPos = np.float64(3.3333333333333357)
177.9074 	EXP 	suwak_badanie: markerPos = np.float64(3.3333333333333357)
177.9243 	EXP 	suwak_badanie: markerPos = np.float64(3.437500000000007)
177.9409 	EXP 	suwak_badanie: markerPos = np.float64(3.437500000000007)
177.9575 	EXP 	suwak_badanie: markerPos = np.float64(3.437500000000007)
177.9742 	EXP 	suwak_badanie: markerPos = np.float64(3.437500000000007)
177.9905 	EXP 	suwak_badanie: markerPos = np.float64(3.437500000000007)
178.0074 	EXP 	suwak_badanie: markerPos = np.float64(3.5416666666666643)
178.0238 	EXP 	suwak_badanie: markerPos = np.float64(3.75)
178.0407 	EXP 	suwak_badanie: markerPos = np.float64(3.8541666666666714)
178.0568 	EXP 	suwak_badanie: markerPos = np.float64(3.8541666666666714)
178.0736 	EXP 	suwak_badanie: markerPos = np.float64(3.8541666666666714)
178.0903 	EXP 	suwak_badanie: markerPos = np.float64(3.8541666666666714)
178.1069 	EXP 	suwak_badanie: markerPos = np.float64(3.9583333333333286)
178.1236 	EXP 	suwak_badanie: markerPos = np.float64(4.0625)
178.1403 	EXP 	suwak_badanie: markerPos = np.float64(4.166666666666664)
178.1570 	EXP 	suwak_badanie: markerPos = np.float64(4.270833333333336)
178.1735 	EXP 	suwak_badanie: markerPos = np.float64(4.270833333333336)
178.1902 	EXP 	suwak_badanie: markerPos = np.float64(4.270833333333336)
178.2069 	EXP 	suwak_badanie: markerPos = np.float64(4.270833333333336)
178.2234 	EXP 	suwak_badanie: markerPos = np.float64(4.270833333333336)
178.2402 	EXP 	suwak_badanie: markerPos = np.float64(4.270833333333336)
178.2566 	EXP 	suwak_badanie: markerPos = np.float64(4.270833333333336)
178.2733 	EXP 	suwak_badanie: markerPos = np.float64(4.270833333333336)
178.2898 	EXP 	suwak_badanie: markerPos = np.float64(4.270833333333336)
178.3068 	EXP 	suwak_badanie: markerPos = np.float64(4.270833333333336)
178.3229 	EXP 	suwak_badanie: markerPos = np.float64(4.270833333333336)
178.3396 	EXP 	suwak_badanie: markerPos = np.float64(4.270833333333336)
178.3561 	EXP 	suwak_badanie: markerPos = np.float64(4.270833333333336)
178.3731 	EXP 	suwak_badanie: markerPos = np.float64(4.270833333333336)
178.3896 	EXP 	suwak_badanie: markerPos = np.float64(4.270833333333336)
178.4063 	EXP 	suwak_badanie: markerPos = np.float64(4.270833333333336)
178.4230 	EXP 	suwak_badanie: markerPos = np.float64(4.270833333333336)
178.4395 	EXP 	suwak_badanie: markerPos = np.float64(4.270833333333336)
178.4562 	EXP 	suwak_badanie: markerPos = np.float64(4.270833333333336)
178.4727 	EXP 	suwak_badanie: markerPos = np.float64(4.270833333333336)
178.4894 	EXP 	suwak_badanie: markerPos = np.float64(4.270833333333336)
178.5055 	EXP 	suwak_badanie: markerPos = np.float64(4.270833333333336)
178.5226 	EXP 	suwak_badanie: markerPos = np.float64(4.583333333333329)
178.5393 	EXP 	suwak_badanie: markerPos = np.float64(5.000000000000007)
178.5556 	EXP 	suwak_badanie: markerPos = np.float64(5.3125)
178.5724 	EXP 	suwak_badanie: markerPos = np.float64(5.520833333333329)
178.5892 	EXP 	suwak_badanie: markerPos = np.float64(5.520833333333329)
178.6055 	EXP 	suwak_badanie: markerPos = np.float64(5.520833333333329)
178.6221 	EXP 	suwak_badanie: markerPos = np.float64(5.520833333333329)
178.6390 	EXP 	suwak_badanie: markerPos = np.float64(5.520833333333329)
178.6556 	EXP 	suwak_badanie: markerPos = np.float64(5.520833333333329)
178.6721 	EXP 	suwak_badanie: markerPos = np.float64(5.520833333333329)
178.6888 	EXP 	suwak_badanie: markerPos = np.float64(5.520833333333329)
178.7053 	EXP 	suwak_badanie: markerPos = np.float64(5.520833333333329)
178.7216 	EXP 	suwak_badanie: markerPos = np.float64(5.625)
178.7227 	DATA 	Mouse:  Left button up, pos=(1014,258)
178.7387 	EXP 	suwak_badanie: markerPos = np.float64(5.625)
178.7553 	EXP 	label_text: autoDraw = False
178.7553 	EXP 	stim_image: autoDraw = False
178.7553 	EXP 	suwak_badanie: autoDraw = False
178.7553 	EXP 	lewa_etykieta: autoDraw = False
178.7553 	EXP 	prawa_etykieta: autoDraw = False
178.7553 	EXP 	fiksacja2: autoDraw = False
178.7553 	EXP 	pytanie: autoDraw = False
178.7553 	EXP 	text: autoDraw = True
182.2469 	EXP 	New trial (rep=0, index=6): <Trial 6 (6 in rep 0) data={'image_path': 'photos/1K_ZW_5050.png', 'etykieta': 'Poprzedni badani wykryli w tej twarzy wstręt.', 'left_label': 'zaufanie', 'right_label': 'wstręt', 'show_label': 4, 'proporcja_zdjecia': '50/50', 'typ_etykiety': 'Kategorialna Ludzie', 'warunek': 'n/d', 'kierunek': 'Sugestia Prawo wstręt', 'thisN': 6, 'thisTrialN': 6, 'thisRepN': 0}>
182.3218 	EXP 	text: autoDraw = False
182.3218 	EXP 	przerwa_text: autoDraw = False
182.3218 	EXP 	label_text: height = np.float64(0.05)
182.3218 	EXP 	label_text: height = np.float64(0.05)
182.3218 	EXP 	label_text: height = np.float64(0.05)
182.3218 	EXP 	label_text: text = 'Poprzedni badani wykryli w tej twarzy wstręt.'
182.3218 	EXP 	label_text: height = np.float64(0.05)
182.3218 	EXP 	label_text: height = np.float64(0.05)
182.3218 	EXP 	label_text: height = np.float64(0.05)
182.3218 	EXP 	label_text: text = 'Poprzedni badani wykryli w tej twarzy wstręt.'
182.3218 	EXP 	stim_image: image = 'photos/1K_ZW_5050.png'
182.3218 	EXP 	suwak_badanie: markerPos = None
182.3218 	EXP 	suwak_badanie: markerPos = 0
182.3218 	EXP 	lewa_etykieta: height = np.float64(0.085)
182.3218 	EXP 	lewa_etykieta: height = np.float64(0.085)
182.3218 	EXP 	lewa_etykieta: height = np.float64(0.085)
182.3218 	EXP 	lewa_etykieta: text = 'zaufanie'
182.3218 	EXP 	prawa_etykieta: height = np.float64(0.085)
182.3218 	EXP 	prawa_etykieta: height = np.float64(0.085)
182.3218 	EXP 	prawa_etykieta: height = np.float64(0.085)
182.3218 	EXP 	prawa_etykieta: text = 'wstręt'
182.3218 	EXP 	label_text: autoDraw = True
186.3346 	EXP 	label_text: autoDraw = False
186.4510 	EXP 	fiksacja2: autoDraw = True
186.7002 	EXP 	fiksacja2: autoDraw = False
186.9007 	EXP 	stim_image: autoDraw = True
188.0966 	EXP 	suwak_badanie: autoDraw = True
188.0966 	EXP 	lewa_etykieta: autoDraw = True
188.0966 	EXP 	prawa_etykieta: autoDraw = True
188.0966 	EXP 	pytanie: autoDraw = True
188.1129 	EXP 	stim_image: autoDraw = False
192.0529 	DATA 	Mouse: Left button down, pos=(962,267)
192.0689 	EXP 	suwak_badanie: markerPos = np.float64(0.2083333333333357)
192.0852 	EXP 	suwak_badanie: markerPos = np.float64(0.2083333333333357)
192.1020 	EXP 	suwak_badanie: markerPos = np.float64(0.2083333333333357)
192.1186 	EXP 	suwak_badanie: markerPos = np.float64(0.2083333333333357)
192.1353 	EXP 	suwak_badanie: markerPos = np.float64(0.0)
192.1521 	EXP 	suwak_badanie: markerPos = np.float64(-0.5208333333333286)
192.1685 	EXP 	suwak_badanie: markerPos = np.float64(-1.1458333333333357)
192.1852 	EXP 	suwak_badanie: markerPos = np.float64(-1.9791666666666643)
192.2020 	EXP 	suwak_badanie: markerPos = np.float64(-2.6041666666666714)
192.2181 	EXP 	suwak_badanie: markerPos = np.float64(-3.5416666666666643)
192.2350 	EXP 	suwak_badanie: markerPos = np.float64(-4.6875)
192.2513 	EXP 	suwak_badanie: markerPos = np.float64(-5.520833333333329)
192.2680 	EXP 	suwak_badanie: markerPos = np.float64(-6.041666666666664)
192.2848 	EXP 	suwak_badanie: markerPos = np.float64(-6.770833333333329)
192.3012 	EXP 	suwak_badanie: markerPos = np.float64(-7.604166666666664)
192.3182 	EXP 	suwak_badanie: markerPos = np.float64(-8.958333333333336)
192.3344 	EXP 	suwak_badanie: markerPos = np.float64(-9.375)
192.3511 	EXP 	suwak_badanie: markerPos = np.float64(-9.791666666666664)
192.3677 	EXP 	suwak_badanie: markerPos = np.float64(-10.0)
192.3848 	EXP 	suwak_badanie: markerPos = np.float64(-10.3125)
192.4015 	EXP 	suwak_badanie: markerPos = np.float64(-10.625)
192.4180 	EXP 	suwak_badanie: markerPos = np.float64(-10.833333333333336)
192.4345 	EXP 	suwak_badanie: markerPos = np.float64(-11.145833333333336)
192.4508 	EXP 	suwak_badanie: markerPos = np.float64(-11.25)
192.4679 	EXP 	suwak_badanie: markerPos = np.float64(-11.354166666666664)
192.4847 	EXP 	suwak_badanie: markerPos = np.float64(-11.354166666666664)
192.5009 	EXP 	suwak_badanie: markerPos = np.float64(-11.354166666666664)
192.5178 	EXP 	suwak_badanie: markerPos = np.float64(-11.5625)
192.5342 	EXP 	suwak_badanie: markerPos = np.float64(-11.666666666666671)
192.5509 	EXP 	suwak_badanie: markerPos = np.float64(-12.083333333333336)
192.5675 	EXP 	suwak_badanie: markerPos = np.float64(-12.291666666666664)
192.5841 	EXP 	suwak_badanie: markerPos = np.float64(-12.5)
192.6005 	EXP 	suwak_badanie: markerPos = np.float64(-12.5)
192.6174 	EXP 	suwak_badanie: markerPos = np.float64(-12.5)
192.6340 	EXP 	suwak_badanie: markerPos = np.float64(-12.5)
192.6506 	EXP 	suwak_badanie: markerPos = np.float64(-12.5)
192.6552 	DATA 	Mouse:  Left button up, pos=(840,259)
192.6672 	EXP 	suwak_badanie: markerPos = np.float64(-12.5)
192.6837 	EXP 	suwak_badanie: markerPos = np.float64(-12.5)
192.7003 	EXP 	label_text: autoDraw = False
192.7003 	EXP 	stim_image: autoDraw = False
192.7003 	EXP 	suwak_badanie: autoDraw = False
192.7003 	EXP 	lewa_etykieta: autoDraw = False
192.7003 	EXP 	prawa_etykieta: autoDraw = False
192.7003 	EXP 	fiksacja2: autoDraw = False
192.7003 	EXP 	pytanie: autoDraw = False
192.7003 	EXP 	text: autoDraw = True
196.1922 	EXP 	New trial (rep=0, index=7): <Trial 7 (7 in rep 0) data={'image_path': 'photos/1K_RS_8020.png', 'etykieta': 'Model sztucznej inteligencji wykrył w tej twarzy smutek.', 'left_label': 'radość', 'right_label': 'smutek', 'show_label': 4, 'proporcja_zdjecia': '80/20 radość', 'typ_etykiety': 'Kategorialna AI', 'warunek': 'Niezgodny', 'kierunek': 'Dominacja Lewo radość', 'thisN': 7, 'thisTrialN': 7, 'thisRepN': 0}>
196.2510 	EXP 	text: autoDraw = False
196.2510 	EXP 	przerwa_text: autoDraw = False
196.2510 	EXP 	label_text: height = np.float64(0.05)
196.2510 	EXP 	label_text: height = np.float64(0.05)
196.2510 	EXP 	label_text: height = np.float64(0.05)
196.2510 	EXP 	label_text: text = 'Model sztucznej inteligencji wykrył w tej twarzy smutek.'
196.2510 	EXP 	label_text: height = np.float64(0.05)
196.2510 	EXP 	label_text: height = np.float64(0.05)
196.2510 	EXP 	label_text: height = np.float64(0.05)
196.2510 	EXP 	label_text: text = 'Model sztucznej inteligencji wykrył w tej twarzy smutek.'
196.2510 	EXP 	stim_image: image = 'photos/1K_RS_8020.png'
196.2510 	EXP 	suwak_badanie: markerPos = None
196.2510 	EXP 	suwak_badanie: markerPos = 0
196.2510 	EXP 	lewa_etykieta: height = np.float64(0.085)
196.2510 	EXP 	lewa_etykieta: height = np.float64(0.085)
196.2510 	EXP 	lewa_etykieta: height = np.float64(0.085)
196.2510 	EXP 	lewa_etykieta: text = 'radość'
196.2510 	EXP 	prawa_etykieta: height = np.float64(0.085)
196.2510 	EXP 	prawa_etykieta: height = np.float64(0.085)
196.2510 	EXP 	prawa_etykieta: height = np.float64(0.085)
196.2510 	EXP 	prawa_etykieta: text = 'smutek'
196.2510 	EXP 	label_text: autoDraw = True
200.2630 	EXP 	label_text: autoDraw = False
200.3959 	EXP 	fiksacja2: autoDraw = True
200.6452 	EXP 	fiksacja2: autoDraw = False
200.8457 	EXP 	stim_image: autoDraw = True
202.0417 	EXP 	suwak_badanie: autoDraw = True
202.0417 	EXP 	lewa_etykieta: autoDraw = True
202.0417 	EXP 	prawa_etykieta: autoDraw = True
202.0417 	EXP 	pytanie: autoDraw = True
202.0584 	EXP 	stim_image: autoDraw = False
204.9040 	DATA 	Keypress: escape
204.9172 	EXP 	Device response: <KeyPress from None: t=204.90098189993296, value=escape, duration=None>
205.0504 	EXP 	Device response: <KeyPress from None: t=204.90098189993296, value=escape, duration=0.14463170000817627>
205.0505 	EXP 	untitled_FINAL_NEWEST: status = STOPPED
205.0668 	EXP 	suwak_badanie: autoDraw = False
205.0668 	EXP 	lewa_etykieta: autoDraw = False
205.0668 	EXP 	prawa_etykieta: autoDraw = False
205.0668 	EXP 	pytanie: autoDraw = False
205.0670 	EXP 	untitled_FINAL_NEWEST: status = STOPPED
205.1049 	INFO 	saved data to 'C:\\Users\\julia\\OneDrive\\Pulpit\\percepcja_psychopy\\data\\357684_untitled_FINAL_NEWEST_2026-04-27_11h44.02.505.csv'
205.1089 	INFO 	saved data to C:\Users\julia\OneDrive\Pulpit\percepcja_psychopy\data\357684_untitled_FINAL_NEWEST_2026-04-27_11h44.02.505.psydat
206.0296 	WARNING 	Stopping key buffers but this could be dangerous ifother keyboards rely on the same.
