8.2835 	INFO 	Loaded monitor calibration from ['2026_03_18 20:30']
8.3037 	WARNING 	User requested fullscreen with size [1090  800], but screen is actually [1920, 1080]. Using actual size
8.9310 	INFO 	Using renderer 'Intel(R) UHD Graphics' for graphics
8.9310 	INFO 	OpenGL version supported by driver is 4..
9.9615 	EXP 	Created window1 = Window(allowGUI=False, allowStencil=False, autoLog=True, backendConf=UNKNOWN, backgroundFit=<method-wrapper '__getattribute__' of attributeSetter object at 0x000001FA2FE47700>, backgroundImage=<method-wrapper '__getattribute__' of attributeSetter object at 0x000001FA2FE47760>, bitsMode=UNKNOWN, blendMode='avg', bpc=(8, 8, 8), color=array([0, 0, 0]), colorSpace='rgb', depthBits=8, fullscr=True, gamma=None, gammaErrorPolicy='raise', infoMsg=UNKNOWN, lms=UNKNOWN, monitor=<psychopy.monitors.calibTools.Monitor object at 0x000001FA25DEB580>, multiSample=False, name='window1', numSamples=2, pos=[np.float64(0.0), np.float64(0.0)], screen=0, size=array([1920, 1080]), stencilBits=0, stereo=False, title='PsychoPy', units='height', useFBO=True, useRetina=False, viewOri=0.0, viewPos=None, viewScale=None, waitBlanking=True, winType='pyglet')
9.9615 	EXP 	window1: backgroundImage = ''
9.9615 	EXP 	window1: backgroundFit = 'none'
10.4368 	EXP 	window1: Attempting to measure frame rate of screen (0) ...
10.4369 	EXP 	window1: recordFrameIntervals = False
10.5915 	EXP 	window1: recordFrameIntervals = True
12.2539 	EXP 	window1: recordFrameIntervals = False
12.2540 	EXP 	Screen (0) actual frame rate measured at 60.20Hz
12.4651 	INFO 	keyboard.Keyboard is using ptb backend.
12.4652 	EXP 	untitled: status = STARTED
12.5089 	EXP 	Created label_text = TextStim(__class__=<class 'psychopy.visual.text.TextStim'>, alignHoriz=method-wrapper(...), alignText='center', alignVert=method-wrapper(...), anchorHoriz='center', anchorVert='center', antialias=True, autoDraw=False, autoLog=True, bold=False, color=array([1., 1., 1.]), colorSpace='rgb', contrast=1.0, depth=-1.0, draggable=False, flipHoriz=False, flipVert=False, font='Arial', fontFiles=[], height=0.05, italic=False, languageStyle='LTR', name='label_text', opacity=1, ori=0.0, pos=array([0., 0.]), rgb=UNKNOWN, text='', units='height', win=Window(...), wrapWidth=1)
12.5584 	EXP 	Created stim_image = ImageStim(__class__=<class 'psychopy.visual.image.ImageStim'>, anchor=('center', 'center'), autoLog=True, color=array([1., 1., 1.]), colorSpace='rgb', contrast=1.0, depth=-2.0, draggable=False, flipHoriz=np.False_, flipVert=np.False_, image='default.png', interpolate=True, mask=None, maskParams=None, name='stim_image', opacity=1, ori=0.0, pos=array([0., 0.]), size=array([0.5, 0.5]), texRes=128.0, units='height', win=Window(...))
13.0003 	EXP 	Created emotion_rating = Slider(__class__=<class 'psychopy.visual.slider.Slider'>, autoDraw=False, autoLog=True, borderColor=None, color=None, colorSpace='rgb', depth=-3, fillColor=None, flip=False, font='Noto Sans', granularity=0.0, labelColor=None, labelHeight=np.float64(0.05), labelWrapWidth=None, labels=('smutek', 'radość'), lineColor=None, markerColor=None, name='emotion_rating', opacity=None, ori=0.0, pos=array([0., 0.]), readOnly=False, self=UNKNOWN, size=array([0.5, 0.1]), startValue=None, style='slider', styleTweaks=[], ticks=array([1, 2, 3, 4, 5]), units='norm', win=Window(...))
0.0082 	EXP 	emotion_rating: autoLog = True
0.0082 	EXP 	emotion_rating: styleTweaks = []
0.0082 	EXP 	emotion_rating: styleTweaks = []
0.0082 	EXP 	emotion_rating: styleTweaks = []
0.0082 	EXP 	emotion_rating: styleTweaks = []
0.0082 	EXP 	emotion_rating: contrast = 1.0
0.0082 	EXP 	emotion_rating: markerPos = None
0.0082 	EXP 	emotion_rating: autoLog = True
0.0216 	EXP 	Imported C:/Users/julia/OneDrive/Pulpit/percepcja_psychopy/conditions.xlsx as conditions, 12 conditions, 3 params
0.0220 	EXP 	New trial (rep=0, index=0): <Trial 0 (0 in rep 0) data={'image_path': 'C:\\Users\\julia\\OneDrive\\Pulpit\\percepcja_psychopy\\photos\\360_F_268212419_ZBJvlgVezhjziaP9aynnMGMLOvjUgNG5.jpg', 'label': 'Ten piesek jest smutny', 'show_label': 1, 'thisN': 0, 'thisTrialN': 0, 'thisRepN': 0}>
0.1121 	EXP 	label_text: height = np.float64(0.05)
0.1121 	EXP 	label_text: height = np.float64(0.05)
0.1121 	EXP 	label_text: height = np.float64(0.05)
0.1121 	EXP 	label_text: text = 'Ten piesek jest smutny'
0.1121 	EXP 	stim_image: image = 'C:\\Users\\julia\\OneDrive\\Pulpit\\percepcja_psychopy\\photos\\360_F_268212419_ZBJvlgVezhjziaP9aynnMGMLOvjUgNG5.jpg'
0.1121 	EXP 	emotion_rating: markerPos = None
0.1121 	EXP 	emotion_rating: markerPos = None
0.1121 	EXP 	label_text: autoDraw = True
1.0153 	EXP 	stim_image: autoDraw = True
1.1157 	EXP 	label_text: autoDraw = False
2.0132 	EXP 	emotion_rating: autoDraw = True
2.0292 	EXP 	stim_image: autoDraw = False
2.7446 	DATA 	Mouse: Left button down, pos=(969,540)
2.7604 	EXP 	emotion_rating: markerPos = np.float64(3.075)
2.7768 	EXP 	emotion_rating: markerPos = np.float64(3.066666666666667)
2.7933 	EXP 	emotion_rating: markerPos = np.float64(3.058333333333333)
2.8101 	EXP 	emotion_rating: markerPos = np.float64(3.033333333333333)
2.8270 	EXP 	emotion_rating: markerPos = np.float64(2.9416666666666664)
2.8436 	EXP 	emotion_rating: markerPos = np.float64(2.825)
2.8597 	EXP 	emotion_rating: markerPos = np.float64(2.65)
2.8766 	EXP 	emotion_rating: markerPos = np.float64(2.55)
2.8932 	EXP 	emotion_rating: markerPos = np.float64(2.3583333333333334)
2.9099 	EXP 	emotion_rating: markerPos = np.float64(2.275)
2.9266 	EXP 	emotion_rating: markerPos = np.float64(2.15)
2.9434 	EXP 	emotion_rating: markerPos = np.float64(2.0416666666666665)
2.9602 	EXP 	emotion_rating: markerPos = np.float64(2.0083333333333333)
2.9767 	EXP 	emotion_rating: markerPos = np.float64(1.9166666666666667)
2.9929 	EXP 	emotion_rating: markerPos = np.float64(1.8916666666666666)
3.0097 	EXP 	emotion_rating: markerPos = np.float64(1.85)
3.0258 	EXP 	emotion_rating: markerPos = np.float64(1.8166666666666667)
3.0430 	EXP 	emotion_rating: markerPos = np.float64(1.775)
3.0597 	EXP 	emotion_rating: markerPos = np.float64(1.725)
3.0760 	EXP 	emotion_rating: markerPos = np.float64(1.7083333333333333)
3.0928 	EXP 	emotion_rating: markerPos = np.float64(1.6833333333333333)
3.1096 	EXP 	emotion_rating: markerPos = np.float64(1.6666666666666667)
3.1261 	EXP 	emotion_rating: markerPos = np.float64(1.6583333333333334)
3.1424 	EXP 	emotion_rating: markerPos = np.float64(1.65)
3.1592 	EXP 	emotion_rating: markerPos = np.float64(1.65)
3.1759 	EXP 	emotion_rating: markerPos = np.float64(1.65)
3.1928 	EXP 	emotion_rating: markerPos = np.float64(1.65)
3.2092 	EXP 	emotion_rating: markerPos = np.float64(1.65)
3.2255 	EXP 	emotion_rating: markerPos = np.float64(1.65)
3.2422 	EXP 	emotion_rating: markerPos = np.float64(1.6333333333333333)
3.2588 	EXP 	emotion_rating: markerPos = np.float64(1.625)
3.2755 	EXP 	emotion_rating: markerPos = np.float64(1.6166666666666667)
3.2921 	EXP 	emotion_rating: markerPos = np.float64(1.6083333333333334)
3.3089 	EXP 	emotion_rating: markerPos = np.float64(1.6083333333333334)
3.3254 	EXP 	emotion_rating: markerPos = np.float64(1.6083333333333334)
3.3279 	DATA 	Mouse:  Left button up, pos=(793,513)
3.3422 	EXP 	emotion_rating: markerPos = np.float64(1.6083333333333334)
3.3431 	EXP 	New trial (rep=0, index=1): <Trial 1 (1 in rep 0) data={'image_path': 'C:\\Users\\julia\\OneDrive\\Pulpit\\percepcja_psychopy\\photos\\dachshund-8910099_640.jpg', 'label': 'Ten piesek jest wesoły', 'show_label': 0, 'thisN': 1, 'thisTrialN': 1, 'thisRepN': 0}>
3.3656 	EXP 	label_text: autoDraw = False
3.3656 	EXP 	stim_image: autoDraw = False
3.3656 	EXP 	emotion_rating: autoDraw = False
3.3656 	EXP 	label_text: height = np.float64(0.05)
3.3656 	EXP 	label_text: height = np.float64(0.05)
3.3656 	EXP 	label_text: height = np.float64(0.05)
3.3656 	EXP 	label_text: text = 'Ten piesek jest wesoły'
3.3656 	EXP 	stim_image: image = 'C:\\Users\\julia\\OneDrive\\Pulpit\\percepcja_psychopy\\photos\\dachshund-8910099_640.jpg'
3.3656 	EXP 	emotion_rating: markerPos = None
3.3656 	EXP 	emotion_rating: markerPos = None
3.3656 	EXP 	label_text: autoDraw = True
4.3568 	EXP 	stim_image: autoDraw = True
4.3734 	EXP 	label_text: autoDraw = False
5.3534 	EXP 	emotion_rating: autoDraw = True
5.3698 	EXP 	stim_image: autoDraw = False
5.8538 	DATA 	Mouse: Left button down, pos=(964,529)
5.8687 	EXP 	emotion_rating: markerPos = np.float64(3.033333333333333)
5.8852 	EXP 	emotion_rating: markerPos = np.float64(3.066666666666667)
5.9017 	EXP 	emotion_rating: markerPos = np.float64(3.075)
5.9184 	EXP 	emotion_rating: markerPos = np.float64(3.158333333333333)
5.9346 	EXP 	emotion_rating: markerPos = np.float64(3.2916666666666665)
5.9514 	EXP 	emotion_rating: markerPos = np.float64(3.4)
5.9684 	EXP 	emotion_rating: markerPos = np.float64(3.6083333333333334)
5.9853 	EXP 	emotion_rating: markerPos = np.float64(3.7666666666666666)
6.0015 	EXP 	emotion_rating: markerPos = np.float64(3.966666666666667)
6.0180 	EXP 	emotion_rating: markerPos = np.float64(4.05)
6.0352 	EXP 	emotion_rating: markerPos = np.float64(4.1)
6.0511 	EXP 	emotion_rating: markerPos = np.float64(4.133333333333333)
6.0678 	EXP 	emotion_rating: markerPos = np.float64(4.141666666666667)
6.0842 	EXP 	emotion_rating: markerPos = np.float64(4.15)
6.1008 	EXP 	emotion_rating: markerPos = np.float64(4.175)
6.1178 	EXP 	emotion_rating: markerPos = np.float64(4.2)
6.1347 	EXP 	emotion_rating: markerPos = np.float64(4.25)
6.1508 	EXP 	emotion_rating: markerPos = np.float64(4.258333333333333)
6.1675 	EXP 	emotion_rating: markerPos = np.float64(4.283333333333333)
6.1842 	EXP 	emotion_rating: markerPos = np.float64(4.3)
6.2009 	EXP 	emotion_rating: markerPos = np.float64(4.325)
6.2175 	EXP 	emotion_rating: markerPos = np.float64(4.341666666666667)
6.2339 	EXP 	emotion_rating: markerPos = np.float64(4.35)
6.2508 	EXP 	emotion_rating: markerPos = np.float64(4.358333333333333)
6.2674 	EXP 	emotion_rating: markerPos = np.float64(4.358333333333333)
6.2838 	EXP 	emotion_rating: markerPos = np.float64(4.366666666666667)
6.3011 	EXP 	emotion_rating: markerPos = np.float64(4.366666666666667)
6.3170 	EXP 	emotion_rating: markerPos = np.float64(4.375)
6.3337 	EXP 	emotion_rating: markerPos = np.float64(4.383333333333333)
6.3506 	EXP 	emotion_rating: markerPos = np.float64(4.383333333333333)
6.3675 	EXP 	emotion_rating: markerPos = np.float64(4.383333333333333)
6.3835 	EXP 	emotion_rating: markerPos = np.float64(4.383333333333333)
6.4001 	EXP 	emotion_rating: markerPos = np.float64(4.383333333333333)
6.4168 	EXP 	emotion_rating: markerPos = np.float64(4.383333333333333)
6.4338 	EXP 	emotion_rating: markerPos = np.float64(4.383333333333333)
6.4505 	EXP 	emotion_rating: markerPos = np.float64(4.383333333333333)
6.4513 	DATA 	Mouse:  Left button up, pos=(1126,533)
6.4673 	EXP 	emotion_rating: markerPos = np.float64(4.383333333333333)
6.4684 	EXP 	New trial (rep=0, index=2): <Trial 2 (2 in rep 0) data={'image_path': 'C:\\Users\\julia\\OneDrive\\Pulpit\\percepcja_psychopy\\photos\\ee7bd76502e1d9aea7c74fc5bea75be9.jpg', 'label': 'Ten piesek jest smutny', 'show_label': 0, 'thisN': 2, 'thisTrialN': 2, 'thisRepN': 0}>
6.4864 	EXP 	label_text: autoDraw = False
6.4864 	EXP 	stim_image: autoDraw = False
6.4864 	EXP 	emotion_rating: autoDraw = False
6.4864 	EXP 	label_text: height = np.float64(0.05)
6.4864 	EXP 	label_text: height = np.float64(0.05)
6.4864 	EXP 	label_text: height = np.float64(0.05)
6.4864 	EXP 	label_text: text = 'Ten piesek jest smutny'
6.4864 	EXP 	stim_image: image = 'C:\\Users\\julia\\OneDrive\\Pulpit\\percepcja_psychopy\\photos\\ee7bd76502e1d9aea7c74fc5bea75be9.jpg'
6.4864 	EXP 	emotion_rating: markerPos = None
6.4864 	EXP 	emotion_rating: markerPos = None
6.4864 	EXP 	label_text: autoDraw = True
7.4810 	EXP 	stim_image: autoDraw = True
7.4978 	EXP 	label_text: autoDraw = False
8.4785 	EXP 	emotion_rating: autoDraw = True
8.4950 	EXP 	stim_image: autoDraw = False
9.0781 	DATA 	Mouse: Left button down, pos=(1045,550)
9.0930 	EXP 	emotion_rating: markerPos = np.float64(3.7083333333333335)
9.1095 	EXP 	emotion_rating: markerPos = np.float64(3.7083333333333335)
9.1259 	EXP 	emotion_rating: markerPos = np.float64(3.6916666666666664)
9.1423 	EXP 	emotion_rating: markerPos = np.float64(3.675)
9.1591 	EXP 	emotion_rating: markerPos = np.float64(3.65)
9.1754 	EXP 	emotion_rating: markerPos = np.float64(3.6)
9.1924 	EXP 	emotion_rating: markerPos = np.float64(3.533333333333333)
9.2091 	EXP 	emotion_rating: markerPos = np.float64(3.4166666666666665)
9.2255 	EXP 	emotion_rating: markerPos = np.float64(3.325)
9.2423 	EXP 	emotion_rating: markerPos = np.float64(3.1666666666666665)
9.2588 	EXP 	emotion_rating: markerPos = np.float64(3.025)
9.2760 	EXP 	emotion_rating: markerPos = np.float64(2.833333333333333)
9.2923 	EXP 	emotion_rating: markerPos = np.float64(2.716666666666667)
9.3085 	EXP 	emotion_rating: markerPos = np.float64(2.6416666666666666)
9.3254 	EXP 	emotion_rating: markerPos = np.float64(2.583333333333333)
9.3423 	EXP 	emotion_rating: markerPos = np.float64(2.5583333333333336)
9.3587 	EXP 	emotion_rating: markerPos = np.float64(2.466666666666667)
9.3752 	EXP 	emotion_rating: markerPos = np.float64(2.3916666666666666)
9.3917 	EXP 	emotion_rating: markerPos = np.float64(2.35)
9.4083 	EXP 	emotion_rating: markerPos = np.float64(2.283333333333333)
9.4252 	EXP 	emotion_rating: markerPos = np.float64(2.225)
9.4417 	EXP 	emotion_rating: markerPos = np.float64(2.1916666666666664)
9.4581 	EXP 	emotion_rating: markerPos = np.float64(2.15)
9.4747 	EXP 	emotion_rating: markerPos = np.float64(2.0833333333333335)
9.4915 	EXP 	emotion_rating: markerPos = np.float64(1.9416666666666667)
9.5082 	EXP 	emotion_rating: markerPos = np.float64(1.75)
9.5248 	EXP 	emotion_rating: markerPos = np.float64(1.625)
9.5419 	EXP 	emotion_rating: markerPos = np.float64(1.35)
9.5581 	EXP 	emotion_rating: markerPos = np.float64(1.3)
9.5749 	EXP 	emotion_rating: markerPos = np.float64(1.2833333333333334)
9.5912 	EXP 	emotion_rating: markerPos = np.float64(1.2833333333333334)
9.6080 	EXP 	emotion_rating: markerPos = np.float64(1.2833333333333334)
9.6245 	EXP 	emotion_rating: markerPos = np.float64(1.2833333333333334)
9.6413 	EXP 	emotion_rating: markerPos = np.float64(1.2833333333333334)
9.6578 	EXP 	emotion_rating: markerPos = np.float64(1.2833333333333334)
9.6748 	EXP 	emotion_rating: markerPos = np.float64(1.2833333333333334)
9.6910 	EXP 	emotion_rating: markerPos = np.float64(1.2833333333333334)
9.7075 	EXP 	emotion_rating: markerPos = np.float64(1.2833333333333334)
9.7243 	EXP 	emotion_rating: markerPos = np.float64(1.2833333333333334)
9.7408 	EXP 	emotion_rating: markerPos = np.float64(1.2833333333333334)
9.7578 	EXP 	emotion_rating: markerPos = np.float64(1.2833333333333334)
9.7742 	EXP 	emotion_rating: markerPos = np.float64(1.2833333333333334)
9.7907 	EXP 	emotion_rating: markerPos = np.float64(1.2833333333333334)
9.8076 	EXP 	emotion_rating: markerPos = np.float64(1.2833333333333334)
9.8088 	DATA 	Mouse:  Left button up, pos=(754,538)
9.8239 	EXP 	emotion_rating: markerPos = np.float64(1.2833333333333334)
9.8249 	EXP 	New trial (rep=0, index=3): <Trial 3 (3 in rep 0) data={'image_path': 'C:\\Users\\julia\\OneDrive\\Pulpit\\percepcja_psychopy\\photos\\images (1).jpg', 'label': 'Ten piesek jest smutny', 'show_label': 1, 'thisN': 3, 'thisTrialN': 3, 'thisRepN': 0}>
9.8412 	EXP 	label_text: autoDraw = False
9.8412 	EXP 	stim_image: autoDraw = False
9.8412 	EXP 	emotion_rating: autoDraw = False
9.8412 	EXP 	label_text: text = 'Ten piesek jest smutny'
9.8412 	EXP 	stim_image: image = 'C:\\Users\\julia\\OneDrive\\Pulpit\\percepcja_psychopy\\photos\\images (1).jpg'
9.8412 	EXP 	emotion_rating: markerPos = None
9.8412 	EXP 	emotion_rating: markerPos = None
9.8412 	EXP 	label_text: autoDraw = True
10.8389 	EXP 	stim_image: autoDraw = True
10.8552 	EXP 	label_text: autoDraw = False
11.8357 	EXP 	emotion_rating: autoDraw = True
11.8525 	EXP 	stim_image: autoDraw = False
12.6396 	DATA 	Mouse: Left button down, pos=(966,534)
12.6667 	EXP 	emotion_rating: markerPos = np.float64(3.05)
12.6832 	EXP 	emotion_rating: markerPos = np.float64(3.05)
12.6996 	EXP 	emotion_rating: markerPos = np.float64(3.05)
12.7162 	EXP 	emotion_rating: markerPos = np.float64(3.05)
12.7331 	EXP 	emotion_rating: markerPos = np.float64(3.05)
12.7497 	EXP 	emotion_rating: markerPos = np.float64(3.216666666666667)
12.7660 	EXP 	emotion_rating: markerPos = np.float64(3.4166666666666665)
12.7828 	EXP 	emotion_rating: markerPos = np.float64(3.6333333333333333)
12.7993 	EXP 	emotion_rating: markerPos = np.float64(3.8166666666666664)
12.8164 	EXP 	emotion_rating: markerPos = np.float64(3.966666666666667)
12.8326 	EXP 	emotion_rating: markerPos = np.float64(4.05)
12.8493 	EXP 	emotion_rating: markerPos = np.float64(4.141666666666667)
12.8659 	EXP 	emotion_rating: markerPos = np.float64(4.241666666666667)
12.8829 	EXP 	emotion_rating: markerPos = np.float64(4.333333333333333)
12.8993 	EXP 	emotion_rating: markerPos = np.float64(4.45)
12.9160 	EXP 	emotion_rating: markerPos = np.float64(4.566666666666666)
12.9325 	EXP 	emotion_rating: markerPos = np.float64(4.625)
12.9491 	EXP 	emotion_rating: markerPos = np.float64(4.625)
12.9659 	EXP 	emotion_rating: markerPos = np.float64(4.633333333333333)
12.9825 	EXP 	emotion_rating: markerPos = np.float64(4.633333333333333)
12.9989 	EXP 	emotion_rating: markerPos = np.float64(4.633333333333333)
13.0157 	EXP 	emotion_rating: markerPos = np.float64(4.633333333333333)
13.0327 	EXP 	emotion_rating: markerPos = np.float64(4.633333333333333)
13.0491 	EXP 	emotion_rating: markerPos = np.float64(4.633333333333333)
13.0657 	EXP 	emotion_rating: markerPos = np.float64(4.633333333333333)
13.0824 	EXP 	emotion_rating: markerPos = np.float64(4.633333333333333)
13.0985 	EXP 	emotion_rating: markerPos = np.float64(4.633333333333333)
13.1153 	EXP 	emotion_rating: markerPos = np.float64(4.633333333333333)
13.1320 	EXP 	emotion_rating: markerPos = np.float64(4.633333333333333)
13.1485 	EXP 	emotion_rating: markerPos = np.float64(4.633333333333333)
13.1551 	DATA 	Mouse:  Left button up, pos=(1156,532)
13.1655 	EXP 	emotion_rating: markerPos = np.float64(4.633333333333333)
13.1818 	EXP 	emotion_rating: markerPos = np.float64(4.633333333333333)
13.1829 	EXP 	New trial (rep=0, index=4): <Trial 4 (4 in rep 0) data={'image_path': 'C:\\Users\\julia\\OneDrive\\Pulpit\\percepcja_psychopy\\photos\\images (2).jpg', 'label': 'Ten piesek jest wesoły', 'show_label': 1, 'thisN': 4, 'thisTrialN': 4, 'thisRepN': 0}>
13.1988 	EXP 	label_text: autoDraw = False
13.1988 	EXP 	stim_image: autoDraw = False
13.1988 	EXP 	emotion_rating: autoDraw = False
13.1988 	EXP 	label_text: height = np.float64(0.05)
13.1988 	EXP 	label_text: height = np.float64(0.05)
13.1988 	EXP 	label_text: height = np.float64(0.05)
13.1988 	EXP 	label_text: text = 'Ten piesek jest wesoły'
13.1988 	EXP 	stim_image: image = 'C:\\Users\\julia\\OneDrive\\Pulpit\\percepcja_psychopy\\photos\\images (2).jpg'
13.1988 	EXP 	emotion_rating: markerPos = None
13.1988 	EXP 	emotion_rating: markerPos = None
13.1988 	EXP 	label_text: autoDraw = True
14.1965 	EXP 	stim_image: autoDraw = True
14.2127 	EXP 	label_text: autoDraw = False
15.1933 	EXP 	emotion_rating: autoDraw = True
15.2094 	EXP 	stim_image: autoDraw = False
15.9585 	DATA 	Mouse: Left button down, pos=(1085,548)
15.9743 	EXP 	emotion_rating: markerPos = np.float64(4.05)
15.9904 	EXP 	emotion_rating: markerPos = np.float64(4.05)
16.0076 	EXP 	emotion_rating: markerPos = np.float64(4.05)
16.0240 	EXP 	emotion_rating: markerPos = np.float64(4.05)
16.0408 	EXP 	emotion_rating: markerPos = np.float64(4.058333333333334)
16.0574 	EXP 	emotion_rating: markerPos = np.float64(4.058333333333334)
16.0736 	EXP 	emotion_rating: markerPos = np.float64(4.058333333333334)
16.0906 	EXP 	emotion_rating: markerPos = np.float64(4.058333333333334)
16.1072 	EXP 	emotion_rating: markerPos = np.float64(4.058333333333334)
16.1242 	EXP 	emotion_rating: markerPos = np.float64(4.058333333333334)
16.1406 	EXP 	emotion_rating: markerPos = np.float64(4.058333333333334)
16.1568 	EXP 	emotion_rating: markerPos = np.float64(4.058333333333334)
16.1732 	EXP 	emotion_rating: markerPos = np.float64(4.058333333333334)
16.1901 	EXP 	emotion_rating: markerPos = np.float64(3.975)
16.2068 	EXP 	emotion_rating: markerPos = np.float64(3.85)
16.2235 	EXP 	emotion_rating: markerPos = np.float64(3.658333333333333)
16.2399 	EXP 	emotion_rating: markerPos = np.float64(3.4833333333333334)
16.2568 	EXP 	emotion_rating: markerPos = np.float64(3.3166666666666664)
16.2737 	EXP 	emotion_rating: markerPos = np.float64(3.1416666666666666)
16.2901 	EXP 	emotion_rating: markerPos = np.float64(3.0833333333333335)
16.3065 	EXP 	emotion_rating: markerPos = np.float64(3.0166666666666666)
16.3232 	EXP 	emotion_rating: markerPos = np.float64(3.0)
16.3401 	EXP 	emotion_rating: markerPos = np.float64(2.9916666666666667)
16.3564 	EXP 	emotion_rating: markerPos = np.float64(2.9916666666666667)
16.3731 	EXP 	emotion_rating: markerPos = np.float64(2.9916666666666667)
16.3898 	EXP 	emotion_rating: markerPos = np.float64(2.9916666666666667)
16.4065 	EXP 	emotion_rating: markerPos = np.float64(2.9916666666666667)
16.4228 	EXP 	emotion_rating: markerPos = np.float64(2.9916666666666667)
16.4397 	EXP 	emotion_rating: markerPos = np.float64(2.9916666666666667)
16.4562 	EXP 	emotion_rating: markerPos = np.float64(3.025)
16.4729 	EXP 	emotion_rating: markerPos = np.float64(3.0416666666666665)
16.4898 	EXP 	emotion_rating: markerPos = np.float64(3.1)
16.5069 	EXP 	emotion_rating: markerPos = np.float64(3.3083333333333336)
16.5229 	EXP 	emotion_rating: markerPos = np.float64(3.4333333333333336)
16.5393 	EXP 	emotion_rating: markerPos = np.float64(3.6666666666666665)
16.5562 	EXP 	emotion_rating: markerPos = np.float64(3.975)
16.5730 	EXP 	emotion_rating: markerPos = np.float64(4.375)
16.5892 	EXP 	emotion_rating: markerPos = np.float64(4.5)
16.6061 	EXP 	emotion_rating: markerPos = np.float64(4.608333333333333)
16.6227 	EXP 	emotion_rating: markerPos = np.float64(4.641666666666667)
16.6394 	EXP 	emotion_rating: markerPos = np.float64(4.641666666666667)
16.6559 	EXP 	emotion_rating: markerPos = np.float64(4.641666666666667)
16.6722 	EXP 	emotion_rating: markerPos = np.float64(4.641666666666667)
16.6887 	EXP 	emotion_rating: markerPos = np.float64(4.641666666666667)
16.7054 	EXP 	emotion_rating: markerPos = np.float64(4.641666666666667)
16.7221 	EXP 	emotion_rating: markerPos = np.float64(4.641666666666667)
16.7390 	EXP 	emotion_rating: markerPos = np.float64(4.641666666666667)
16.7555 	EXP 	emotion_rating: markerPos = np.float64(4.641666666666667)
16.7723 	EXP 	emotion_rating: markerPos = np.float64(4.633333333333333)
16.7889 	EXP 	emotion_rating: markerPos = np.float64(4.616666666666667)
16.8057 	EXP 	emotion_rating: markerPos = np.float64(4.608333333333333)
16.8219 	EXP 	emotion_rating: markerPos = np.float64(4.608333333333333)
16.8385 	EXP 	emotion_rating: markerPos = np.float64(4.608333333333333)
16.8554 	EXP 	emotion_rating: markerPos = np.float64(4.6)
16.8714 	EXP 	emotion_rating: markerPos = np.float64(4.6)
16.8887 	EXP 	emotion_rating: markerPos = np.float64(4.6)
16.8895 	DATA 	Mouse:  Left button up, pos=(1152,511)
16.9046 	EXP 	emotion_rating: markerPos = np.float64(4.6)
16.9055 	EXP 	New trial (rep=0, index=5): <Trial 5 (5 in rep 0) data={'image_path': 'C:\\Users\\julia\\OneDrive\\Pulpit\\percepcja_psychopy\\photos\\images (3).jpg', 'label': 'Ten piesek jest smutny', 'show_label': 1, 'thisN': 5, 'thisTrialN': 5, 'thisRepN': 0}>
16.9220 	EXP 	label_text: autoDraw = False
16.9220 	EXP 	stim_image: autoDraw = False
16.9220 	EXP 	emotion_rating: autoDraw = False
16.9220 	EXP 	label_text: height = np.float64(0.05)
16.9220 	EXP 	label_text: height = np.float64(0.05)
16.9220 	EXP 	label_text: height = np.float64(0.05)
16.9220 	EXP 	label_text: text = 'Ten piesek jest smutny'
16.9220 	EXP 	stim_image: image = 'C:\\Users\\julia\\OneDrive\\Pulpit\\percepcja_psychopy\\photos\\images (3).jpg'
16.9220 	EXP 	emotion_rating: markerPos = None
16.9220 	EXP 	emotion_rating: markerPos = None
16.9220 	EXP 	label_text: autoDraw = True
17.9192 	EXP 	stim_image: autoDraw = True
17.9361 	EXP 	label_text: autoDraw = False
18.9165 	EXP 	emotion_rating: autoDraw = True
18.9327 	EXP 	stim_image: autoDraw = False
19.4986 	DATA 	Mouse: Left button down, pos=(1093,548)
19.5145 	EXP 	emotion_rating: markerPos = np.float64(4.108333333333333)
19.5313 	EXP 	emotion_rating: markerPos = np.float64(4.091666666666667)
19.5475 	EXP 	emotion_rating: markerPos = np.float64(4.058333333333334)
19.5645 	EXP 	emotion_rating: markerPos = np.float64(4.041666666666667)
19.5811 	EXP 	emotion_rating: markerPos = np.float64(4.0)
19.5973 	EXP 	emotion_rating: markerPos = np.float64(3.95)
19.6141 	EXP 	emotion_rating: markerPos = np.float64(3.9)
19.6307 	EXP 	emotion_rating: markerPos = np.float64(3.85)
19.6478 	EXP 	emotion_rating: markerPos = np.float64(3.775)
19.6641 	EXP 	emotion_rating: markerPos = np.float64(3.6416666666666666)
19.6804 	EXP 	emotion_rating: markerPos = np.float64(3.466666666666667)
19.6974 	EXP 	emotion_rating: markerPos = np.float64(3.3583333333333334)
19.7138 	EXP 	emotion_rating: markerPos = np.float64(3.183333333333333)
19.7304 	EXP 	emotion_rating: markerPos = np.float64(2.966666666666667)
19.7476 	EXP 	emotion_rating: markerPos = np.float64(2.841666666666667)
19.7640 	EXP 	emotion_rating: markerPos = np.float64(2.675)
19.7801 	EXP 	emotion_rating: markerPos = np.float64(2.3583333333333334)
19.7974 	EXP 	emotion_rating: markerPos = np.float64(2.2583333333333333)
19.8137 	EXP 	emotion_rating: markerPos = np.float64(2.1)
19.8300 	EXP 	emotion_rating: markerPos = np.float64(2.025)
19.8470 	EXP 	emotion_rating: markerPos = np.float64(1.9583333333333333)
19.8633 	EXP 	emotion_rating: markerPos = np.float64(1.9)
19.8800 	EXP 	emotion_rating: markerPos = np.float64(1.8666666666666667)
19.8967 	EXP 	emotion_rating: markerPos = np.float64(1.8666666666666667)
19.9135 	EXP 	emotion_rating: markerPos = np.float64(1.8083333333333333)
19.9301 	EXP 	emotion_rating: markerPos = np.float64(1.7583333333333333)
19.9465 	EXP 	emotion_rating: markerPos = np.float64(1.7083333333333333)
19.9636 	EXP 	emotion_rating: markerPos = np.float64(1.6333333333333333)
19.9799 	EXP 	emotion_rating: markerPos = np.float64(1.6083333333333334)
19.9965 	EXP 	emotion_rating: markerPos = np.float64(1.575)
20.0132 	EXP 	emotion_rating: markerPos = np.float64(1.5583333333333333)
20.0299 	EXP 	emotion_rating: markerPos = np.float64(1.5583333333333333)
20.0466 	EXP 	emotion_rating: markerPos = np.float64(1.5583333333333333)
20.0629 	EXP 	emotion_rating: markerPos = np.float64(1.5583333333333333)
20.0795 	EXP 	emotion_rating: markerPos = np.float64(1.5583333333333333)
20.0964 	EXP 	emotion_rating: markerPos = np.float64(1.5583333333333333)
20.1131 	EXP 	emotion_rating: markerPos = np.float64(1.5583333333333333)
20.1294 	EXP 	emotion_rating: markerPos = np.float64(1.5583333333333333)
20.1465 	EXP 	emotion_rating: markerPos = np.float64(1.5583333333333333)
20.1629 	EXP 	emotion_rating: markerPos = np.float64(1.5583333333333333)
20.1799 	EXP 	emotion_rating: markerPos = np.float64(1.5583333333333333)
20.1964 	EXP 	emotion_rating: markerPos = np.float64(1.5583333333333333)
20.1974 	DATA 	Mouse:  Left button up, pos=(787,508)
20.2123 	EXP 	emotion_rating: markerPos = np.float64(1.5583333333333333)
20.2133 	EXP 	New trial (rep=0, index=6): <Trial 6 (6 in rep 0) data={'image_path': 'C:\\Users\\julia\\OneDrive\\Pulpit\\percepcja_psychopy\\photos\\images (4).jpg', 'label': 'Ten piesek jest smutny', 'show_label': 0, 'thisN': 6, 'thisTrialN': 6, 'thisRepN': 0}>
20.2297 	EXP 	label_text: autoDraw = False
20.2297 	EXP 	stim_image: autoDraw = False
20.2297 	EXP 	emotion_rating: autoDraw = False
20.2297 	EXP 	label_text: text = 'Ten piesek jest smutny'
20.2297 	EXP 	stim_image: image = 'C:\\Users\\julia\\OneDrive\\Pulpit\\percepcja_psychopy\\photos\\images (4).jpg'
20.2297 	EXP 	emotion_rating: markerPos = None
20.2297 	EXP 	emotion_rating: markerPos = None
20.2297 	EXP 	label_text: autoDraw = True
21.2269 	EXP 	stim_image: autoDraw = True
21.2436 	EXP 	label_text: autoDraw = False
22.2235 	EXP 	emotion_rating: autoDraw = True
22.2401 	EXP 	stim_image: autoDraw = False
22.7566 	DATA 	Mouse: Left button down, pos=(935,513)
22.7726 	EXP 	emotion_rating: markerPos = np.float64(2.791666666666667)
22.7892 	EXP 	emotion_rating: markerPos = np.float64(2.8083333333333336)
22.8054 	EXP 	emotion_rating: markerPos = np.float64(2.95)
22.8223 	EXP 	emotion_rating: markerPos = np.float64(3.025)
22.8388 	EXP 	emotion_rating: markerPos = np.float64(3.158333333333333)
22.8554 	EXP 	emotion_rating: markerPos = np.float64(3.3083333333333336)
22.8716 	EXP 	emotion_rating: markerPos = np.float64(3.466666666666667)
22.8886 	EXP 	emotion_rating: markerPos = np.float64(3.675)
22.9052 	EXP 	emotion_rating: markerPos = np.float64(3.7333333333333334)
22.9219 	EXP 	emotion_rating: markerPos = np.float64(3.7916666666666665)
22.9385 	EXP 	emotion_rating: markerPos = np.float64(3.841666666666667)
22.9554 	EXP 	emotion_rating: markerPos = np.float64(3.925)
22.9719 	EXP 	emotion_rating: markerPos = np.float64(3.975)
22.9885 	EXP 	emotion_rating: markerPos = np.float64(4.0)
23.0052 	EXP 	emotion_rating: markerPos = np.float64(4.016666666666667)
23.0217 	EXP 	emotion_rating: markerPos = np.float64(4.041666666666667)
23.0383 	EXP 	emotion_rating: markerPos = np.float64(4.041666666666667)
23.0548 	EXP 	emotion_rating: markerPos = np.float64(4.075)
23.0716 	EXP 	emotion_rating: markerPos = np.float64(4.2)
23.0878 	EXP 	emotion_rating: markerPos = np.float64(4.241666666666667)
23.1050 	EXP 	emotion_rating: markerPos = np.float64(4.258333333333333)
23.1216 	EXP 	emotion_rating: markerPos = np.float64(4.291666666666667)
23.1381 	EXP 	emotion_rating: markerPos = np.float64(4.308333333333334)
23.1543 	EXP 	emotion_rating: markerPos = np.float64(4.325)
23.1712 	EXP 	emotion_rating: markerPos = np.float64(4.333333333333333)
23.1881 	EXP 	emotion_rating: markerPos = np.float64(4.35)
23.2044 	EXP 	emotion_rating: markerPos = np.float64(4.35)
23.2213 	EXP 	emotion_rating: markerPos = np.float64(4.366666666666667)
23.2381 	EXP 	emotion_rating: markerPos = np.float64(4.366666666666667)
23.2546 	EXP 	emotion_rating: markerPos = np.float64(4.375)
23.2716 	EXP 	emotion_rating: markerPos = np.float64(4.383333333333333)
23.2874 	EXP 	emotion_rating: markerPos = np.float64(4.383333333333333)
23.3038 	EXP 	emotion_rating: markerPos = np.float64(4.383333333333333)
23.3206 	EXP 	emotion_rating: markerPos = np.float64(4.383333333333333)
23.3371 	EXP 	emotion_rating: markerPos = np.float64(4.391666666666667)
23.3539 	EXP 	emotion_rating: markerPos = np.float64(4.391666666666667)
23.3707 	EXP 	emotion_rating: markerPos = np.float64(4.391666666666667)
23.3805 	DATA 	Mouse:  Left button up, pos=(1127,526)
23.3872 	EXP 	emotion_rating: markerPos = np.float64(4.391666666666667)
23.4040 	EXP 	emotion_rating: markerPos = np.float64(4.391666666666667)
23.4049 	EXP 	New trial (rep=0, index=7): <Trial 7 (7 in rep 0) data={'image_path': 'C:\\Users\\julia\\OneDrive\\Pulpit\\percepcja_psychopy\\photos\\images (5).jpg', 'label': 'Ten piesek jest wesoły', 'show_label': 1, 'thisN': 7, 'thisTrialN': 7, 'thisRepN': 0}>
23.4210 	EXP 	label_text: autoDraw = False
23.4210 	EXP 	stim_image: autoDraw = False
23.4210 	EXP 	emotion_rating: autoDraw = False
23.4210 	EXP 	label_text: height = np.float64(0.05)
23.4210 	EXP 	label_text: height = np.float64(0.05)
23.4210 	EXP 	label_text: height = np.float64(0.05)
23.4210 	EXP 	label_text: text = 'Ten piesek jest wesoły'
23.4210 	EXP 	stim_image: image = 'C:\\Users\\julia\\OneDrive\\Pulpit\\percepcja_psychopy\\photos\\images (5).jpg'
23.4210 	EXP 	emotion_rating: markerPos = None
23.4210 	EXP 	emotion_rating: markerPos = None
23.4210 	EXP 	label_text: autoDraw = True
24.4188 	EXP 	stim_image: autoDraw = True
24.4348 	EXP 	label_text: autoDraw = False
25.4153 	EXP 	emotion_rating: autoDraw = True
25.4320 	EXP 	stim_image: autoDraw = False
26.0156 	DATA 	Mouse: Left button down, pos=(1094,507)
26.3627 	EXP 	emotion_rating: markerPos = np.float64(1.8333333333333333)
26.3793 	EXP 	emotion_rating: markerPos = np.float64(1.6833333333333333)
26.3957 	EXP 	emotion_rating: markerPos = np.float64(1.6)
26.4126 	EXP 	emotion_rating: markerPos = np.float64(1.5416666666666667)
26.4288 	EXP 	emotion_rating: markerPos = np.float64(1.4916666666666667)
26.4380 	DATA 	Mouse:  Left button up, pos=(778,532)
26.4455 	EXP 	emotion_rating: markerPos = np.float64(1.4833333333333334)
26.4622 	EXP 	emotion_rating: markerPos = np.float64(1.4833333333333334)
26.4632 	EXP 	New trial (rep=0, index=8): <Trial 8 (8 in rep 0) data={'image_path': 'C:\\Users\\julia\\OneDrive\\Pulpit\\percepcja_psychopy\\photos\\images (6).jpg', 'label': 'Ten piesek jest smutny', 'show_label': 1, 'thisN': 8, 'thisTrialN': 8, 'thisRepN': 0}>
26.4791 	EXP 	label_text: autoDraw = False
26.4791 	EXP 	stim_image: autoDraw = False
26.4791 	EXP 	emotion_rating: autoDraw = False
26.4791 	EXP 	label_text: height = np.float64(0.05)
26.4791 	EXP 	label_text: height = np.float64(0.05)
26.4791 	EXP 	label_text: height = np.float64(0.05)
26.4791 	EXP 	label_text: text = 'Ten piesek jest smutny'
26.4791 	EXP 	stim_image: image = 'C:\\Users\\julia\\OneDrive\\Pulpit\\percepcja_psychopy\\photos\\images (6).jpg'
26.4791 	EXP 	emotion_rating: markerPos = None
26.4791 	EXP 	emotion_rating: markerPos = None
26.4791 	EXP 	label_text: autoDraw = True
26.5636 	DATA 	Mouse: Left button down, pos=(776,539)
26.7143 	DATA 	Mouse:  Left button up, pos=(776,539)
27.4768 	EXP 	stim_image: autoDraw = True
27.4934 	EXP 	label_text: autoDraw = False
28.4749 	EXP 	emotion_rating: autoDraw = True
28.4911 	EXP 	stim_image: autoDraw = False
29.2720 	DATA 	Mouse: Left button down, pos=(1146,544)
29.2878 	EXP 	emotion_rating: markerPos = np.float64(4.55)
29.3044 	EXP 	emotion_rating: markerPos = np.float64(4.55)
29.3212 	EXP 	emotion_rating: markerPos = np.float64(4.55)
29.3378 	EXP 	emotion_rating: markerPos = np.float64(4.566666666666666)
29.3543 	EXP 	emotion_rating: markerPos = np.float64(4.566666666666666)
29.3710 	EXP 	emotion_rating: markerPos = np.float64(4.566666666666666)
29.3874 	EXP 	emotion_rating: markerPos = np.float64(4.566666666666666)
29.3883 	DATA 	Mouse:  Left button up, pos=(1148,544)
29.4041 	EXP 	emotion_rating: markerPos = np.float64(4.566666666666666)
29.4052 	EXP 	New trial (rep=0, index=9): <Trial 9 (9 in rep 0) data={'image_path': 'C:\\Users\\julia\\OneDrive\\Pulpit\\percepcja_psychopy\\photos\\images.jpg', 'label': 'Ten piesek jest smutny', 'show_label': 0, 'thisN': 9, 'thisTrialN': 9, 'thisRepN': 0}>
29.4210 	EXP 	label_text: autoDraw = False
29.4210 	EXP 	stim_image: autoDraw = False
29.4210 	EXP 	emotion_rating: autoDraw = False
29.4210 	EXP 	label_text: text = 'Ten piesek jest smutny'
29.4210 	EXP 	stim_image: image = 'C:\\Users\\julia\\OneDrive\\Pulpit\\percepcja_psychopy\\photos\\images.jpg'
29.4210 	EXP 	emotion_rating: markerPos = None
29.4210 	EXP 	emotion_rating: markerPos = None
29.4210 	EXP 	label_text: autoDraw = True
30.4189 	EXP 	stim_image: autoDraw = True
30.4352 	EXP 	label_text: autoDraw = False
31.4155 	EXP 	emotion_rating: autoDraw = True
31.4320 	EXP 	stim_image: autoDraw = False
32.1473 	DATA 	Mouse: Left button down, pos=(1093,556)
32.1634 	EXP 	emotion_rating: markerPos = np.float64(4.108333333333333)
32.1804 	EXP 	emotion_rating: markerPos = np.float64(4.108333333333333)
32.1966 	EXP 	emotion_rating: markerPos = np.float64(4.075)
32.2134 	EXP 	emotion_rating: markerPos = np.float64(4.033333333333333)
32.2302 	EXP 	emotion_rating: markerPos = np.float64(3.9583333333333335)
32.2466 	EXP 	emotion_rating: markerPos = np.float64(3.908333333333333)
32.2631 	EXP 	emotion_rating: markerPos = np.float64(3.725)
32.2796 	EXP 	emotion_rating: markerPos = np.float64(3.625)
32.2962 	EXP 	emotion_rating: markerPos = np.float64(3.45)
32.3130 	EXP 	emotion_rating: markerPos = np.float64(3.2916666666666665)
32.3298 	EXP 	emotion_rating: markerPos = np.float64(3.058333333333333)
32.3466 	EXP 	emotion_rating: markerPos = np.float64(2.791666666666667)
32.3628 	EXP 	emotion_rating: markerPos = np.float64(2.6333333333333333)
32.3795 	EXP 	emotion_rating: markerPos = np.float64(2.4166666666666665)
32.3959 	EXP 	emotion_rating: markerPos = np.float64(2.2416666666666667)
32.4128 	EXP 	emotion_rating: markerPos = np.float64(2.0833333333333335)
32.4292 	EXP 	emotion_rating: markerPos = np.float64(2.05)
32.4458 	EXP 	emotion_rating: markerPos = np.float64(2.0416666666666665)
32.4628 	EXP 	emotion_rating: markerPos = np.float64(2.033333333333333)
32.4793 	EXP 	emotion_rating: markerPos = np.float64(2.033333333333333)
32.4957 	EXP 	emotion_rating: markerPos = np.float64(2.033333333333333)
32.5124 	EXP 	emotion_rating: markerPos = np.float64(2.033333333333333)
32.5290 	EXP 	emotion_rating: markerPos = np.float64(2.033333333333333)
32.5460 	EXP 	emotion_rating: markerPos = np.float64(2.033333333333333)
32.5630 	EXP 	emotion_rating: markerPos = np.float64(2.033333333333333)
32.5788 	EXP 	emotion_rating: markerPos = np.float64(2.0166666666666666)
32.5955 	EXP 	emotion_rating: markerPos = np.float64(1.9833333333333334)
32.6121 	EXP 	emotion_rating: markerPos = np.float64(1.9416666666666667)
32.6290 	EXP 	emotion_rating: markerPos = np.float64(1.8833333333333333)
32.6457 	EXP 	emotion_rating: markerPos = np.float64(1.8166666666666667)
32.6623 	EXP 	emotion_rating: markerPos = np.float64(1.8)
32.6785 	EXP 	emotion_rating: markerPos = np.float64(1.8)
32.6953 	EXP 	emotion_rating: markerPos = np.float64(1.8)
32.7119 	EXP 	emotion_rating: markerPos = np.float64(1.7916666666666665)
32.7284 	EXP 	emotion_rating: markerPos = np.float64(1.7666666666666666)
32.7449 	EXP 	emotion_rating: markerPos = np.float64(1.7416666666666667)
32.7617 	EXP 	emotion_rating: markerPos = np.float64(1.7333333333333334)
32.7785 	EXP 	emotion_rating: markerPos = np.float64(1.725)
32.7948 	EXP 	emotion_rating: markerPos = np.float64(1.7166666666666666)
32.8115 	EXP 	emotion_rating: markerPos = np.float64(1.7083333333333333)
32.8285 	EXP 	emotion_rating: markerPos = np.float64(1.7083333333333333)
32.8450 	EXP 	emotion_rating: markerPos = np.float64(1.7083333333333333)
32.8618 	EXP 	emotion_rating: markerPos = np.float64(1.7083333333333333)
32.8782 	EXP 	emotion_rating: markerPos = np.float64(1.7083333333333333)
32.8946 	EXP 	emotion_rating: markerPos = np.float64(1.7083333333333333)
32.9112 	EXP 	emotion_rating: markerPos = np.float64(1.7083333333333333)
32.9284 	EXP 	emotion_rating: markerPos = np.float64(1.7083333333333333)
32.9444 	EXP 	emotion_rating: markerPos = np.float64(1.7083333333333333)
32.9618 	EXP 	emotion_rating: markerPos = np.float64(1.7083333333333333)
32.9783 	EXP 	emotion_rating: markerPos = np.float64(1.7083333333333333)
32.9946 	EXP 	emotion_rating: markerPos = np.float64(1.7083333333333333)
33.0111 	EXP 	emotion_rating: markerPos = np.float64(1.7083333333333333)
33.0279 	EXP 	emotion_rating: markerPos = np.float64(1.7083333333333333)
33.0446 	EXP 	emotion_rating: markerPos = np.float64(1.7083333333333333)
33.0613 	EXP 	emotion_rating: markerPos = np.float64(1.7083333333333333)
33.0776 	EXP 	emotion_rating: markerPos = np.float64(1.7083333333333333)
33.0943 	EXP 	emotion_rating: markerPos = np.float64(1.7083333333333333)
33.1110 	EXP 	emotion_rating: markerPos = np.float64(1.7083333333333333)
33.1275 	EXP 	emotion_rating: markerPos = np.float64(1.7083333333333333)
33.1438 	EXP 	emotion_rating: markerPos = np.float64(1.7083333333333333)
33.1607 	EXP 	emotion_rating: markerPos = np.float64(1.6833333333333333)
33.1774 	EXP 	emotion_rating: markerPos = np.float64(1.6833333333333333)
33.1940 	EXP 	emotion_rating: markerPos = np.float64(1.6833333333333333)
33.2107 	EXP 	emotion_rating: markerPos = np.float64(1.6833333333333333)
33.2272 	EXP 	emotion_rating: markerPos = np.float64(1.6833333333333333)
33.2438 	EXP 	emotion_rating: markerPos = np.float64(1.6833333333333333)
33.2607 	EXP 	emotion_rating: markerPos = np.float64(1.675)
33.2771 	EXP 	emotion_rating: markerPos = np.float64(1.675)
33.2937 	EXP 	emotion_rating: markerPos = np.float64(1.675)
33.3102 	EXP 	emotion_rating: markerPos = np.float64(1.675)
33.3268 	EXP 	emotion_rating: markerPos = np.float64(1.675)
33.3433 	EXP 	emotion_rating: markerPos = np.float64(1.675)
33.3440 	DATA 	Mouse:  Left button up, pos=(801,511)
33.3605 	EXP 	emotion_rating: markerPos = np.float64(1.675)
33.3615 	EXP 	New trial (rep=0, index=10): <Trial 10 (10 in rep 0) data={'image_path': 'C:\\Users\\julia\\OneDrive\\Pulpit\\percepcja_psychopy\\photos\\istockphoto-1328935360-612x612.jpg', 'label': 'Ten piesek jest wesoły', 'show_label': 1, 'thisN': 10, 'thisTrialN': 10, 'thisRepN': 0}>
33.3785 	EXP 	label_text: autoDraw = False
33.3785 	EXP 	stim_image: autoDraw = False
33.3785 	EXP 	emotion_rating: autoDraw = False
33.3785 	EXP 	label_text: height = np.float64(0.05)
33.3785 	EXP 	label_text: height = np.float64(0.05)
33.3785 	EXP 	label_text: height = np.float64(0.05)
33.3785 	EXP 	label_text: text = 'Ten piesek jest wesoły'
33.3785 	EXP 	stim_image: image = 'C:\\Users\\julia\\OneDrive\\Pulpit\\percepcja_psychopy\\photos\\istockphoto-1328935360-612x612.jpg'
33.3785 	EXP 	emotion_rating: markerPos = None
33.3785 	EXP 	emotion_rating: markerPos = None
33.3785 	EXP 	label_text: autoDraw = True
34.3743 	EXP 	stim_image: autoDraw = True
34.3911 	EXP 	label_text: autoDraw = False
35.3711 	EXP 	emotion_rating: autoDraw = True
35.3881 	EXP 	stim_image: autoDraw = False
36.0539 	DATA 	Mouse: Left button down, pos=(988,529)
36.0691 	EXP 	emotion_rating: markerPos = np.float64(3.2333333333333334)
36.0860 	EXP 	emotion_rating: markerPos = np.float64(3.2333333333333334)
36.1036 	EXP 	emotion_rating: markerPos = np.float64(3.2666666666666666)
36.1194 	EXP 	emotion_rating: markerPos = np.float64(3.3083333333333336)
36.1361 	EXP 	emotion_rating: markerPos = np.float64(3.3666666666666667)
36.1524 	EXP 	emotion_rating: markerPos = np.float64(3.4583333333333335)
36.1691 	EXP 	emotion_rating: markerPos = np.float64(3.533333333333333)
36.1856 	EXP 	emotion_rating: markerPos = np.float64(3.65)
36.2024 	EXP 	emotion_rating: markerPos = np.float64(3.7416666666666667)
36.2192 	EXP 	emotion_rating: markerPos = np.float64(3.8333333333333335)
36.2354 	EXP 	emotion_rating: markerPos = np.float64(3.9333333333333336)
36.2519 	EXP 	emotion_rating: markerPos = np.float64(4.025)
36.2693 	EXP 	emotion_rating: markerPos = np.float64(4.166666666666667)
36.2858 	EXP 	emotion_rating: markerPos = np.float64(4.225)
36.3024 	EXP 	emotion_rating: markerPos = np.float64(4.275)
36.3188 	EXP 	emotion_rating: markerPos = np.float64(4.316666666666666)
36.3358 	EXP 	emotion_rating: markerPos = np.float64(4.358333333333333)
36.3519 	EXP 	emotion_rating: markerPos = np.float64(4.416666666666667)
36.3684 	EXP 	emotion_rating: markerPos = np.float64(4.466666666666667)
36.3854 	EXP 	emotion_rating: markerPos = np.float64(4.525)
36.4019 	EXP 	emotion_rating: markerPos = np.float64(4.6)
36.4187 	EXP 	emotion_rating: markerPos = np.float64(4.616666666666667)
36.4352 	EXP 	emotion_rating: markerPos = np.float64(4.625)
36.4519 	EXP 	emotion_rating: markerPos = np.float64(4.625)
36.4682 	EXP 	emotion_rating: markerPos = np.float64(4.625)
36.4847 	EXP 	emotion_rating: markerPos = np.float64(4.625)
36.4918 	DATA 	Mouse:  Left button up, pos=(1155,509)
36.5012 	EXP 	emotion_rating: markerPos = np.float64(4.625)
36.5184 	EXP 	emotion_rating: markerPos = np.float64(4.625)
36.5193 	EXP 	New trial (rep=0, index=11): <Trial 11 (11 in rep 0) data={'image_path': 'C:\\Users\\julia\\OneDrive\\Pulpit\\percepcja_psychopy\\photos\\pexels-svetozar-milashevich-99573-1490908.jpg', 'label': 'Ten piesek jest smutny', 'show_label': 0, 'thisN': 11, 'thisTrialN': 11, 'thisRepN': 0}>
37.0791 	EXP 	label_text: autoDraw = False
37.0791 	EXP 	stim_image: autoDraw = False
37.0791 	EXP 	emotion_rating: autoDraw = False
37.0791 	EXP 	label_text: height = np.float64(0.05)
37.0791 	EXP 	label_text: height = np.float64(0.05)
37.0791 	EXP 	label_text: height = np.float64(0.05)
37.0791 	EXP 	label_text: text = 'Ten piesek jest smutny'
37.0791 	EXP 	stim_image: image = 'C:\\Users\\julia\\OneDrive\\Pulpit\\percepcja_psychopy\\photos\\pexels-svetozar-milashevich-99573-1490908.jpg'
37.0791 	EXP 	emotion_rating: markerPos = None
37.0791 	EXP 	emotion_rating: markerPos = None
37.0791 	EXP 	label_text: autoDraw = True
37.5339 	EXP 	stim_image: autoDraw = True
38.0823 	EXP 	label_text: autoDraw = False
38.5329 	EXP 	emotion_rating: autoDraw = True
38.5460 	EXP 	stim_image: autoDraw = False
39.4403 	EXP 	Device response: <KeyPress from None: t=39.42177000000083, value=escape, duration=None>
39.4408 	DATA 	Keypress: escape
39.5102 	EXP 	Device response: <KeyPress from None: t=39.42177000000083, value=escape, duration=0.08474940000087372>
39.5103 	EXP 	untitled: status = STOPPED
39.5267 	EXP 	emotion_rating: autoDraw = False
39.5269 	EXP 	untitled: status = STOPPED
39.5530 	INFO 	saved data to 'C:\\Users\\julia\\OneDrive\\Pulpit\\percepcja_psychopy\\data\\363886_untitled_2026-04-18_23h49.41.795.csv'
39.5580 	INFO 	saved data to C:\Users\julia\OneDrive\Pulpit\percepcja_psychopy\data\363886_untitled_2026-04-18_23h49.41.795.psydat
40.7619 	WARNING 	Stopping key buffers but this could be dangerous ifother keyboards rely on the same.
