9.9585 	INFO 	Loaded monitor calibration from ['2026_03_18 20:30']
10.0015 	WARNING 	User requested fullscreen with size [1090  800], but screen is actually [1920, 1080]. Using actual size
11.2568 	INFO 	Using renderer 'Intel(R) UHD Graphics' for graphics
11.2568 	INFO 	OpenGL version supported by driver is 4..
12.2286 	EXP 	Created window1 = Window(allowGUI=False, allowStencil=False, autoLog=True, backendConf=UNKNOWN, backgroundFit=<method-wrapper '__getattribute__' of attributeSetter object at 0x000001BF34A56B30>, backgroundImage=<method-wrapper '__getattribute__' of attributeSetter object at 0x000001BF34A56110>, bitsMode=UNKNOWN, blendMode='avg', bpc=(8, 8, 8), color=array([0, 0, 0]), colorSpace='rgb', depthBits=8, fullscr=True, gamma=None, gammaErrorPolicy='raise', infoMsg=UNKNOWN, lms=UNKNOWN, monitor=<psychopy.monitors.calibTools.Monitor object at 0x000001BF2C1834F0>, multiSample=False, name='window1', numSamples=2, pos=[np.float64(0.0), np.float64(0.0)], screen=0, size=array([1920, 1080]), stencilBits=0, stereo=False, title='PsychoPy', units='height', useFBO=True, useRetina=False, viewOri=0.0, viewPos=None, viewScale=None, waitBlanking=True, winType='pyglet')
12.2287 	EXP 	window1: backgroundImage = ''
12.2287 	EXP 	window1: backgroundFit = 'none'
12.6737 	EXP 	window1: Attempting to measure frame rate of screen (0) ...
12.6738 	EXP 	window1: recordFrameIntervals = False
12.8244 	EXP 	window1: recordFrameIntervals = True
14.4866 	EXP 	window1: recordFrameIntervals = False
14.4867 	EXP 	Screen (0) actual frame rate measured at 60.13Hz
14.6705 	INFO 	keyboard.Keyboard is using ptb backend.
14.6706 	EXP 	untitled_FINAL_NEWEST: status = STARTED
14.7411 	EXP 	Created label_text = TextStim(__class__=<class 'psychopy.visual.text.TextStim'>, alignHoriz=method-wrapper(...), alignText='center', alignVert=method-wrapper(...), anchorHoriz='center', anchorVert='center', antialias=True, autoDraw=False, autoLog=True, bold=False, color=array([1., 1., 1.]), colorSpace='rgb', contrast=1.0, depth=-3.0, draggable=False, flipHoriz=False, flipVert=False, font='Arial', fontFiles=[], height=0.05, italic=False, languageStyle='LTR', name='label_text', opacity=1, ori=0.0, pos=array([0., 0.]), rgb=UNKNOWN, text='', units='height', win=Window(...), wrapWidth=1)
14.7919 	EXP 	Created stim_image = ImageStim(__class__=<class 'psychopy.visual.image.ImageStim'>, anchor=('center', 'center'), autoLog=True, color=array([1., 1., 1.]), colorSpace='rgb', contrast=1.0, depth=-4.0, draggable=False, flipHoriz=np.False_, flipVert=np.False_, image='default.png', interpolate=True, mask=None, maskParams=None, name='stim_image', opacity=1, ori=0.0, pos=array([0., 0.]), size=array([0.5, 0.5]), texRes=128.0, units='height', win=Window(...))
14.8377 	EXP 	Created slider = Slider(__class__=<class 'psychopy.visual.slider.Slider'>, autoDraw=False, autoLog=True, borderColor=None, color=None, colorSpace='rgb', depth=-5, fillColor=None, flip=False, font='Noto Sans', granularity=0.0, labelColor=None, labelHeight=np.float64(0.05), labelWrapWidth=None, labels=None, lineColor=None, markerColor=None, name='slider', opacity=None, ori=0.0, pos=array([0. , 0.1]), readOnly=False, self=UNKNOWN, size=array([0.5, 0.1]), startValue=3, style='slider', styleTweaks=[], ticks=array([1, 2, 3, 4, 5]), units='norm', win=Window(...))
0.0035 	EXP 	slider: autoLog = True
0.0035 	EXP 	slider: styleTweaks = []
0.0035 	EXP 	slider: styleTweaks = []
0.0035 	EXP 	slider: styleTweaks = []
0.0035 	EXP 	slider: styleTweaks = []
0.0035 	EXP 	slider: contrast = 1.0
0.0035 	EXP 	slider: markerPos = 3
0.0035 	EXP 	slider: autoLog = True
0.0171 	EXP 	Imported C:/Users/julia/OneDrive/Pulpit/percepcja_psychopy/conditions.xlsx as conditions, 32 conditions, 5 params
0.0181 	EXP 	New trial (rep=0, index=0): <Trial 0 (0 in rep 0) data={'image_path': 'C:\\Users\\julia\\OneDrive\\Pulpit\\percepcja_psychopy\\photos\\ee7bd76502e1d9aea7c74fc5bea75be9.jpg', 'label_text': 'test', 'left_label': 'radość', 'right_label': 'smutek', 'show_label': 1, 'thisN': 0, 'thisTrialN': 0, 'thisRepN': 0}>
0.6331 	INFO 	saved data to C:\Users\julia\OneDrive\Pulpit\percepcja_psychopy\data\387171_untitled_FINAL_NEWEST_2026-04-20_14h11.15.795.psydat
0.6346 	INFO 	saved data to 'C:\\Users\\julia\\OneDrive\\Pulpit\\percepcja_psychopy\\data\\387171_untitled_FINAL_NEWEST_2026-04-20_14h11.15.795.csv'
0.8010 	WARNING 	Stopping key buffers but this could be dangerous ifother keyboards rely on the same.
