9.4322 	INFO 	Loaded monitor calibration from ['2026_03_18 20:30']
9.4763 	WARNING 	User requested fullscreen with size [1090  800], but screen is actually [1920, 1080]. Using actual size
10.7980 	INFO 	Using renderer 'Intel(R) UHD Graphics' for graphics
10.7980 	INFO 	OpenGL version supported by driver is 4..
12.0978 	EXP 	Created window1 = Window(allowGUI=False, allowStencil=False, autoLog=True, backendConf=UNKNOWN, backgroundFit=<method-wrapper '__getattribute__' of attributeSetter object at 0x000001F1750DB100>, backgroundImage=<method-wrapper '__getattribute__' of attributeSetter object at 0x000001F1750DB0A0>, bitsMode=UNKNOWN, blendMode='avg', bpc=(8, 8, 8), color=array([0, 0, 0]), colorSpace='rgb', depthBits=8, fullscr=True, gamma=None, gammaErrorPolicy='raise', infoMsg=UNKNOWN, lms=UNKNOWN, monitor=<psychopy.monitors.calibTools.Monitor object at 0x000001F1753C8B20>, multiSample=False, name='window1', numSamples=2, pos=[np.float64(0.0), np.float64(0.0)], screen=0, size=array([1920, 1080]), stencilBits=0, stereo=False, title='PsychoPy', units='height', useFBO=True, useRetina=False, viewOri=0.0, viewPos=None, viewScale=None, waitBlanking=True, winType='pyglet')
12.0979 	EXP 	window1: backgroundImage = ''
12.0979 	EXP 	window1: backgroundFit = 'none'
12.6499 	EXP 	window1: Attempting to measure frame rate of screen (0) ...
12.6499 	EXP 	window1: recordFrameIntervals = False
12.8303 	EXP 	window1: recordFrameIntervals = True
14.4932 	EXP 	window1: recordFrameIntervals = False
14.4933 	EXP 	Screen (0) actual frame rate measured at 60.06Hz
14.6571 	INFO 	keyboard.Keyboard is using ptb backend.
14.6572 	EXP 	untitled_FINAL_NEWEST: status = STARTED
14.7091 	EXP 	Created label_text = TextStim(__class__=<class 'psychopy.visual.text.TextStim'>, alignHoriz=method-wrapper(...), alignText='center', alignVert=method-wrapper(...), anchorHoriz='center', anchorVert='center', antialias=True, autoDraw=False, autoLog=True, bold=False, color=array([1., 1., 1.]), colorSpace='rgb', contrast=1.0, depth=-2.0, draggable=False, flipHoriz=False, flipVert=False, font='Arial', fontFiles=[], height=0.05, italic=False, languageStyle='LTR', name='label_text', opacity=1, ori=0.0, pos=array([0., 0.]), rgb=UNKNOWN, text='', units='height', win=Window(...), wrapWidth=1)
14.7560 	EXP 	Created stim_image = ImageStim(__class__=<class 'psychopy.visual.image.ImageStim'>, anchor=('center', 'center'), autoLog=True, color=array([1., 1., 1.]), colorSpace='rgb', contrast=1.0, depth=-3.0, draggable=False, flipHoriz=np.False_, flipVert=np.False_, image='default.png', interpolate=True, mask=None, maskParams=None, name='stim_image', opacity=1, ori=0.0, pos=array([0., 0.]), size=array([0.5, 0.5]), texRes=128.0, units='height', win=Window(...))
14.7847 	EXP 	Created suwak_badanie = Slider(__class__=<class 'psychopy.visual.slider.Slider'>, autoDraw=False, autoLog=True, borderColor=None, color=None, colorSpace='rgb', depth=-4, fillColor=None, flip=False, font='Noto Sans', granularity=0.0, labelColor=None, labelHeight=np.float64(0.05), labelWrapWidth=None, labels=None, lineColor=None, markerColor=None, name='suwak_badanie', opacity=None, ori=0.0, pos=array([ 0. , -0.5]), readOnly=False, self=UNKNOWN, size=array([1. , 0.1]), startValue=0, style='slider', styleTweaks=[], ticks=ndarray(...), units='norm', win=Window(...))
14.7854 	EXP 	Created lewa_etykieta = TextStim(__class__=<class 'psychopy.visual.text.TextStim'>, alignHoriz=method-wrapper(...), alignText='center', alignVert=method-wrapper(...), anchorHoriz='center', anchorVert='center', antialias=True, autoDraw=False, autoLog=True, bold=False, color=array([1., 1., 1.]), colorSpace='rgb', contrast=1.0, depth=-5.0, draggable=False, flipHoriz=False, flipVert=False, font='Arial', fontFiles=[], height=0.05, italic=False, languageStyle='LTR', name='lewa_etykieta', opacity=1, ori=0.0, pos=array([-0.55, -0.05]), rgb=UNKNOWN, text='', units='height', win=Window(...), wrapWidth=1)
14.7860 	EXP 	Created prawa_etykieta = TextStim(__class__=<class 'psychopy.visual.text.TextStim'>, alignHoriz=method-wrapper(...), alignText='center', alignVert=method-wrapper(...), anchorHoriz='center', anchorVert='center', antialias=True, autoDraw=False, autoLog=True, bold=False, color=array([1., 1., 1.]), colorSpace='rgb', contrast=1.0, depth=-6.0, draggable=False, flipHoriz=False, flipVert=False, font='Arial', fontFiles=[], height=0.05, italic=False, languageStyle='LTR', name='prawa_etykieta', opacity=1, ori=0.0, pos=array([ 0.55, -0.05]), rgb=UNKNOWN, text='', units='height', win=Window(...), wrapWidth=1)
14.8516 	EXP 	Created fiksacja1 = TextStim(__class__=<class 'psychopy.visual.text.TextStim'>, alignHoriz=method-wrapper(...), alignText='center', alignVert=method-wrapper(...), anchorHoriz='center', anchorVert='center', antialias=True, autoDraw=False, autoLog=True, bold=False, color=array([1., 1., 1.]), colorSpace='rgb', contrast=1.0, depth=-7.0, draggable=False, flipHoriz=False, flipVert=False, font='Arial', fontFiles=[], height=np.float64(0.1), italic=False, languageStyle='LTR', name='fiksacja1', opacity=1, ori=0.0, pos=array([0., 0.]), rgb=UNKNOWN, text='+', units='height', win=Window(...), wrapWidth=1)
14.8534 	EXP 	Created fiksacja2 = TextStim(__class__=<class 'psychopy.visual.text.TextStim'>, alignHoriz=method-wrapper(...), alignText='center', alignVert=method-wrapper(...), anchorHoriz='center', anchorVert='center', antialias=True, autoDraw=False, autoLog=True, bold=False, color=array([1., 1., 1.]), colorSpace='rgb', contrast=1.0, depth=-8.0, draggable=False, flipHoriz=False, flipVert=False, font='Arial', fontFiles=[], height=np.float64(0.1), italic=False, languageStyle='LTR', name='fiksacja2', opacity=1, ori=0.0, pos=array([0., 0.]), rgb=UNKNOWN, text='+', units='height', win=Window(...), wrapWidth=1)
14.8712 	EXP 	Created pytanie = TextStim(__class__=<class 'psychopy.visual.text.TextStim'>, alignHoriz=method-wrapper(...), alignText='center', alignVert=method-wrapper(...), anchorHoriz='center', anchorVert='center', antialias=True, autoDraw=False, autoLog=True, bold=False, color=array([1., 1., 1.]), colorSpace='rgb', contrast=1.0, depth=-9.0, draggable=False, flipHoriz=False, flipVert=False, font='Arial', fontFiles=[], height=np.float64(0.04), italic=False, languageStyle='LTR', name='pytanie', opacity=1, ori=0.0, pos=array([0.  , 0.25]), rgb=UNKNOWN, text='Jaką emocję przedstawiała twarz?', units='height', win=Window(...), wrapWidth=1)
0.0025 	EXP 	suwak_badanie: autoLog = True
0.0025 	EXP 	suwak_badanie: styleTweaks = []
0.0025 	EXP 	suwak_badanie: styleTweaks = []
0.0025 	EXP 	suwak_badanie: styleTweaks = []
0.0025 	EXP 	suwak_badanie: styleTweaks = []
0.0025 	EXP 	suwak_badanie: contrast = 1.0
0.0025 	EXP 	suwak_badanie: markerPos = 0
0.0025 	EXP 	suwak_badanie: autoLog = True
0.0151 	EXP 	Imported conditions.xlsx as conditions, 32 conditions, 5 params
0.0159 	EXP 	New trial (rep=0, index=0): <Trial 0 (0 in rep 0) data={'image_path': 'C:\\Users\\julia\\OneDrive\\Pulpit\\percepcja_psychopy\\photos\\ee7bd76502e1d9aea7c74fc5bea75be9.jpg', 'etykieta': 'test', 'left_label': 'radość', 'right_label': 'smutek', 'show_label': 1, 'thisN': 0, 'thisTrialN': 0, 'thisRepN': 0}>
0.0554 	EXP 	label_text: height = np.float64(0.05)
0.0554 	EXP 	label_text: height = np.float64(0.05)
0.0554 	EXP 	label_text: height = np.float64(0.05)
0.0554 	EXP 	label_text: text = 'test'
0.0554 	EXP 	stim_image: image = 'C:\\Users\\julia\\OneDrive\\Pulpit\\percepcja_psychopy\\photos\\ee7bd76502e1d9aea7c74fc5bea75be9.jpg'
0.0554 	EXP 	suwak_badanie: markerPos = None
0.0554 	EXP 	suwak_badanie: markerPos = 0
0.0554 	EXP 	lewa_etykieta: height = np.float64(0.05)
0.0554 	EXP 	lewa_etykieta: height = np.float64(0.05)
0.0554 	EXP 	lewa_etykieta: height = np.float64(0.05)
0.0554 	EXP 	lewa_etykieta: text = 'radość'
0.0554 	EXP 	prawa_etykieta: height = np.float64(0.05)
0.0554 	EXP 	prawa_etykieta: height = np.float64(0.05)
0.0554 	EXP 	prawa_etykieta: height = np.float64(0.05)
0.0554 	EXP 	prawa_etykieta: text = 'smutek'
0.0554 	EXP 	fiksacja1: autoDraw = True
1.0674 	EXP 	fiksacja1: autoDraw = False
1.1006 	EXP 	label_text: autoDraw = True
3.6104 	EXP 	label_text: autoDraw = False
3.6104 	EXP 	fiksacja2: autoDraw = True
4.6083 	EXP 	stim_image: autoDraw = True
4.6267 	EXP 	fiksacja2: autoDraw = False
5.5079 	EXP 	suwak_badanie: autoDraw = True
5.5079 	EXP 	lewa_etykieta: autoDraw = True
5.5079 	EXP 	prawa_etykieta: autoDraw = True
5.5079 	EXP 	pytanie: autoDraw = True
5.5221 	EXP 	stim_image: autoDraw = False
58.5746 	EXP 	Device response: <KeyPress from None: t=58.554511399997864, value=escape, duration=None>
58.5753 	DATA 	Keypress: escape
58.6935 	EXP 	Device response: <KeyPress from None: t=58.554511399997864, value=escape, duration=0.12455290000070818>
58.6936 	EXP 	untitled_FINAL_NEWEST: status = STOPPED
58.7103 	EXP 	suwak_badanie: autoDraw = False
58.7103 	EXP 	lewa_etykieta: autoDraw = False
58.7103 	EXP 	prawa_etykieta: autoDraw = False
58.7103 	EXP 	pytanie: autoDraw = False
58.7105 	EXP 	untitled_FINAL_NEWEST: status = STOPPED
58.7134 	INFO 	saved data to 'C:\\Users\\julia\\OneDrive\\Pulpit\\percepcja_psychopy\\data\\399993_untitled_FINAL_NEWEST_2026-04-20_16h14.45.329.csv'
58.7167 	INFO 	saved data to C:\Users\julia\OneDrive\Pulpit\percepcja_psychopy\data\399993_untitled_FINAL_NEWEST_2026-04-20_16h14.45.329.psydat
59.7027 	WARNING 	Stopping key buffers but this could be dangerous ifother keyboards rely on the same.
