9.4044 	INFO 	Loaded monitor calibration from ['2026_03_18 20:30']
9.4490 	WARNING 	User requested fullscreen with size [1090  800], but screen is actually [1920, 1080]. Using actual size
10.2578 	INFO 	Using renderer 'Intel(R) UHD Graphics' for graphics
10.2579 	INFO 	OpenGL version supported by driver is 4..
11.3503 	EXP 	Created window1 = Window(allowGUI=False, allowStencil=True, autoLog=True, backendConf=UNKNOWN, backgroundFit=<method-wrapper '__getattribute__' of attributeSetter object at 0x0000022159BCFFA0>, backgroundImage=<method-wrapper '__getattribute__' of attributeSetter object at 0x0000022159BCEC20>, bitsMode=UNKNOWN, blendMode='avg', bpc=(8, 8, 8), color=array([0.6549, 0.6549, 0.6549]), colorSpace='rgb', depthBits=8, fullscr=True, gamma=None, gammaErrorPolicy='raise', infoMsg=UNKNOWN, lms=UNKNOWN, monitor=<psychopy.monitors.calibTools.Monitor object at 0x0000022157A5B430>, multiSample=False, name='window1', numSamples=2, pos=[np.float64(0.0), np.float64(0.0)], screen=0, size=array([1920, 1080]), stencilBits=8, stereo=False, title='PsychoPy', units='height', useFBO=True, useRetina=False, viewOri=0.0, viewPos=None, viewScale=None, waitBlanking=True, winType='pyglet')
11.3504 	EXP 	window1: backgroundImage = ''
11.3504 	EXP 	window1: backgroundFit = 'none'
11.5715 	INFO 	keyboard.Keyboard is using ptb backend.
11.5715 	EXP 	untitled_FINAL_NEWEST: status = STARTED
11.8877 	EXP 	Created suwaki_interpretacja = ImageStim(__class__=<class 'psychopy.visual.image.ImageStim'>, anchor=('center', 'center'), autoLog=True, color=array([1., 1., 1.]), colorSpace='rgb', contrast=1.0, depth=-3.0, draggable=False, flipHoriz=np.False_, flipVert=np.False_, image='photos/suwaki_instrukcja.png', interpolate=True, mask=None, maskParams=None, name='suwaki_interpretacja', opacity=1, ori=0.0, pos=array([ 0. , -0.2]), size=array([1.  , 0.75]), texRes=128.0, units='norm', win=Window(...))
12.0347 	EXP 	Created proba_testowa = TextStim(__class__=<class 'psychopy.visual.text.TextStim'>, alignHoriz=method-wrapper(...), alignText='center', alignVert=method-wrapper(...), anchorHoriz='center', anchorVert='center', antialias=True, autoDraw=False, autoLog=True, bold=False, color=array([-1., -1., -1.]), colorSpace='rgb', contrast=1.0, depth=-2.0, draggable=False, flipHoriz=False, flipVert=False, font='Arial', fontFiles=[], height=np.float64(0.04), italic=False, languageStyle='LTR', name='proba_testowa', opacity=1, ori=0.0, pos=array([0., 0.]), rgb=UNKNOWN, text=str(...), units='height', win=Window(...), wrapWidth=1.4)
12.0368 	EXP 	Created pilot_label_text = TextStim(__class__=<class 'psychopy.visual.text.TextStim'>, alignHoriz=method-wrapper(...), alignText='center', alignVert=method-wrapper(...), anchorHoriz='center', anchorVert='center', antialias=True, autoDraw=False, autoLog=True, bold=False, color=array([-1., -1., -1.]), colorSpace='rgb', contrast=1.0, depth=-1.0, draggable=False, flipHoriz=False, flipVert=False, font='Arial', fontFiles=[], height=0.05, italic=False, languageStyle='LTR', name='pilot_label_text', opacity=1, ori=0.0, pos=array([0., 0.]), rgb=UNKNOWN, text='', units='height', win=Window(...), wrapWidth=2.0)
12.0514 	EXP 	Created pilot_fiksacja1 = TextStim(__class__=<class 'psychopy.visual.text.TextStim'>, alignHoriz=method-wrapper(...), alignText='center', alignVert=method-wrapper(...), anchorHoriz='center', anchorVert='center', antialias=True, autoDraw=False, autoLog=True, bold=False, color=array([-1., -1., -1.]), colorSpace='rgb', contrast=1.0, depth=-2.0, draggable=False, flipHoriz=False, flipVert=False, font='Courier New', fontFiles=[], height=np.float64(0.12), italic=False, languageStyle='LTR', name='pilot_fiksacja1', opacity=1, ori=0.0, pos=array([0., 0.]), rgb=UNKNOWN, text='+', units='height', win=Window(...), wrapWidth=1)
12.0903 	EXP 	Created pilot_suwak = Slider(__class__=<class 'psychopy.visual.slider.Slider'>, autoDraw=False, autoLog=True, borderColor=None, color=None, colorSpace='rgb', depth=-3, fillColor=None, flip=False, font='Noto Sans', granularity=0.0, labelColor=None, labelHeight=np.float64(0.05), labelWrapWidth=None, labels=None, lineColor=None, markerColor=None, name='pilot_suwak', opacity=None, ori=0.0, pos=array([ 0. , -0.5]), readOnly=False, self=UNKNOWN, size=array([1. , 0.1]), startValue=0, style='slider', styleTweaks=[], ticks=array([-50, -25,   0,  25,  50]), units='norm', win=Window(...))
12.0954 	EXP 	Created pilot_fiksacja2 = TextStim(__class__=<class 'psychopy.visual.text.TextStim'>, alignHoriz=method-wrapper(...), alignText='center', alignVert=method-wrapper(...), anchorHoriz='center', anchorVert='center', antialias=True, autoDraw=False, autoLog=True, bold=False, color=array([-1., -1., -1.]), colorSpace='rgb', contrast=1.0, depth=-4.0, draggable=False, flipHoriz=False, flipVert=False, font='Courier New', fontFiles=[], height=np.float64(0.12), italic=False, languageStyle='LTR', name='pilot_fiksacja2', opacity=1, ori=0.0, pos=array([0., 0.]), rgb=UNKNOWN, text='+', units='height', win=Window(...), wrapWidth=1)
12.1155 	EXP 	Created pilot_pytanie = TextStim(__class__=<class 'psychopy.visual.text.TextStim'>, alignHoriz=method-wrapper(...), alignText='center', alignVert=method-wrapper(...), anchorHoriz='center', anchorVert='center', antialias=True, autoDraw=False, autoLog=True, bold=False, color=array([-1., -1., -1.]), colorSpace='rgb', contrast=1.0, depth=-5.0, draggable=False, flipHoriz=False, flipVert=False, font='Arial', fontFiles=[], height=np.float64(0.1), italic=False, languageStyle='LTR', name='pilot_pytanie', opacity=1, ori=0.0, pos=array([0., 0.]), rgb=UNKNOWN, text='Jaką emocję wyrażała ta twarz?', units='norm', win=Window(...), wrapWidth=1)
12.1186 	EXP 	Created pilot_lewa_etykieta = TextStim(__class__=<class 'psychopy.visual.text.TextStim'>, alignHoriz=method-wrapper(...), alignText='center', alignVert=method-wrapper(...), anchorHoriz='center', anchorVert='center', antialias=True, autoDraw=False, autoLog=True, bold=False, color=array([-1., -1., -1.]), colorSpace='rgb', contrast=1.0, depth=-6.0, draggable=False, flipHoriz=False, flipVert=False, font='Arial', fontFiles=[], height=0.085, italic=False, languageStyle='LTR', name='pilot_lewa_etykieta', opacity=1, ori=0.0, pos=array([-0.6, -0.5]), rgb=UNKNOWN, text='', units='norm', win=Window(...), wrapWidth=1)
12.1202 	EXP 	Created pilot_prawa_etykieta = TextStim(__class__=<class 'psychopy.visual.text.TextStim'>, alignHoriz=method-wrapper(...), alignText='center', alignVert=method-wrapper(...), anchorHoriz='center', anchorVert='center', antialias=True, autoDraw=False, autoLog=True, bold=False, color=array([-1., -1., -1.]), colorSpace='rgb', contrast=1.0, depth=-7.0, draggable=False, flipHoriz=False, flipVert=False, font='Arial', fontFiles=[], height=0.085, italic=False, languageStyle='LTR', name='pilot_prawa_etykieta', opacity=1, ori=0.0, pos=array([ 0.6, -0.5]), rgb=UNKNOWN, text='', units='norm', win=Window(...), wrapWidth=1)
12.1574 	EXP 	Created pilot_stim_image = ImageStim(__class__=<class 'psychopy.visual.image.ImageStim'>, anchor=('center', 'center'), autoLog=True, color=array([1., 1., 1.]), colorSpace='rgb', contrast=1.0, depth=-8.0, draggable=False, flipHoriz=np.False_, flipVert=np.False_, image='photos/twarz_testowa.jpg', interpolate=True, mask=None, maskParams=None, name='pilot_stim_image', opacity=1, ori=0.0, pos=array([0., 0.]), size=array([0.75, 0.75]), texRes=128.0, units='height', win=Window(...))
12.2059 	EXP 	Created start_badania = TextStim(__class__=<class 'psychopy.visual.text.TextStim'>, alignHoriz=method-wrapper(...), alignText='center', alignVert=method-wrapper(...), anchorHoriz='center', anchorVert='center', antialias=True, autoDraw=False, autoLog=True, bold=False, color=array([-1., -1., -1.]), colorSpace='rgb', contrast=1.0, depth=-2.0, draggable=False, flipHoriz=False, flipVert=False, font='Arial', fontFiles=[], height=np.float64(0.1), italic=False, languageStyle='LTR', name='start_badania', opacity=1, ori=0.0, pos=array([0., 0.]), rgb=UNKNOWN, text=str(...), units='norm', win=Window(...), wrapWidth=1.4)
12.2132 	EXP 	Created przerwa_text = TextStim(__class__=<class 'psychopy.visual.text.TextStim'>, alignHoriz=method-wrapper(...), alignText='center', alignVert=method-wrapper(...), anchorHoriz='center', anchorVert='center', antialias=True, autoDraw=False, autoLog=True, bold=False, color=array([-1., -1., -1.]), colorSpace='rgb', contrast=1.0, depth=0.0, draggable=False, flipHoriz=False, flipVert=False, font='Arial', fontFiles=[], height=np.float64(0.1), italic=False, languageStyle='LTR', name='przerwa_text', opacity=1, ori=0.0, pos=array([0., 0.]), rgb=UNKNOWN, text=str(...), units='norm', win=Window(...), wrapWidth=1)
12.2162 	EXP 	Created label_text = TextStim(__class__=<class 'psychopy.visual.text.TextStim'>, alignHoriz=method-wrapper(...), alignText='center', alignVert=method-wrapper(...), anchorHoriz='center', anchorVert='center', antialias=True, autoDraw=False, autoLog=True, bold=False, color=array([-1., -1., -1.]), colorSpace='rgb', contrast=1.0, depth=-2.0, draggable=False, flipHoriz=False, flipVert=False, font='Arial', fontFiles=[], height=0.05, italic=False, languageStyle='LTR', name='label_text', opacity=1, ori=0.0, pos=array([0., 0.]), rgb=UNKNOWN, text='', units='height', win=Window(...), wrapWidth=1.3)
12.2231 	EXP 	Created stim_image = ImageStim(__class__=<class 'psychopy.visual.image.ImageStim'>, anchor=('center', 'center'), autoLog=True, color=array([1., 1., 1.]), colorSpace='rgb', contrast=1.0, depth=-3.0, draggable=False, flipHoriz=np.False_, flipVert=np.False_, image='default.png', interpolate=True, mask=None, maskParams=None, name='stim_image', opacity=1, ori=0.0, pos=array([0., 0.]), size=array([0.75, 0.75]), texRes=128.0, units='height', win=Window(...))
12.2450 	EXP 	Created suwak_badanie = Slider(__class__=<class 'psychopy.visual.slider.Slider'>, autoDraw=False, autoLog=True, borderColor=None, color=None, colorSpace='rgb', depth=-4, fillColor=None, flip=False, font='Noto Sans', granularity=0.0, labelColor=None, labelHeight=np.float64(0.05), labelWrapWidth=None, labels=None, lineColor=None, markerColor=None, name='suwak_badanie', opacity=None, ori=0.0, pos=array([ 0. , -0.5]), readOnly=False, self=UNKNOWN, size=array([1. , 0.1]), startValue=0, style='slider', styleTweaks=[], ticks=array([-50, -25,   0,  25,  50]), units='norm', win=Window(...))
12.2467 	EXP 	Created lewa_etykieta = TextStim(__class__=<class 'psychopy.visual.text.TextStim'>, alignHoriz=method-wrapper(...), alignText='center', alignVert=method-wrapper(...), anchorHoriz='center', anchorVert='center', antialias=True, autoDraw=False, autoLog=True, bold=False, color=array([-1., -1., -1.]), colorSpace='rgb', contrast=1.0, depth=-5.0, draggable=False, flipHoriz=False, flipVert=False, font='Arial', fontFiles=[], height=0.085, italic=False, languageStyle='LTR', name='lewa_etykieta', opacity=1, ori=0.0, pos=array([-0.65, -0.5 ]), rgb=UNKNOWN, text='', units='norm', win=Window(...), wrapWidth=1)
12.2487 	EXP 	Created prawa_etykieta = TextStim(__class__=<class 'psychopy.visual.text.TextStim'>, alignHoriz=method-wrapper(...), alignText='center', alignVert=method-wrapper(...), anchorHoriz='center', anchorVert='center', antialias=True, autoDraw=False, autoLog=True, bold=False, color=array([-1., -1., -1.]), colorSpace='rgb', contrast=1.0, depth=-6.0, draggable=False, flipHoriz=False, flipVert=False, font='Arial', fontFiles=[], height=0.085, italic=False, languageStyle='LTR', name='prawa_etykieta', opacity=1, ori=0.0, pos=array([ 0.65, -0.5 ]), rgb=UNKNOWN, text='', units='norm', win=Window(...), wrapWidth=1)
12.2529 	EXP 	Created fiksacja2 = TextStim(__class__=<class 'psychopy.visual.text.TextStim'>, alignHoriz=method-wrapper(...), alignText='center', alignVert=method-wrapper(...), anchorHoriz='center', anchorVert='center', antialias=True, autoDraw=False, autoLog=True, bold=False, color=array([-1., -1., -1.]), colorSpace='rgb', contrast=1.0, depth=-7.0, draggable=False, flipHoriz=False, flipVert=False, font='Courier New', fontFiles=[], height=np.float64(0.12), italic=False, languageStyle='LTR', name='fiksacja2', opacity=1, ori=0.0, pos=array([0., 0.]), rgb=UNKNOWN, text='+', units='height', win=Window(...), wrapWidth=1)
12.2580 	EXP 	Created pytanie = TextStim(__class__=<class 'psychopy.visual.text.TextStim'>, alignHoriz=method-wrapper(...), alignText='center', alignVert=method-wrapper(...), anchorHoriz='center', anchorVert='center', antialias=True, autoDraw=False, autoLog=True, bold=False, color=array([-1., -1., -1.]), colorSpace='rgb', contrast=1.0, depth=-8.0, draggable=False, flipHoriz=False, flipVert=False, font='Arial', fontFiles=[], height=np.float64(0.1), italic=False, languageStyle='LTR', name='pytanie', opacity=1, ori=0.0, pos=array([0., 0.]), rgb=UNKNOWN, text='Jaką emocję wyrażała ta twarz?', units='norm', win=Window(...), wrapWidth=1)
12.2616 	EXP 	Created text = TextStim(__class__=<class 'psychopy.visual.text.TextStim'>, alignHoriz=method-wrapper(...), alignText='center', alignVert=method-wrapper(...), anchorHoriz='center', anchorVert='center', antialias=True, autoDraw=False, autoLog=True, bold=False, color=array([1., 1., 1.]), colorSpace='rgb', contrast=1.0, depth=-1.0, draggable=False, flipHoriz=False, flipVert=False, font='Arial', fontFiles=[], height=np.float64(0.05), italic=False, languageStyle='LTR', name='text', opacity=1, ori=0.0, pos=array([0., 0.]), rgb=UNKNOWN, text='', units='height', win=Window(...), wrapWidth=1)
12.2840 	EXP 	Created podziekowania_text = TextStim(__class__=<class 'psychopy.visual.text.TextStim'>, alignHoriz=method-wrapper(...), alignText='center', alignVert=method-wrapper(...), anchorHoriz='center', anchorVert='center', antialias=True, autoDraw=False, autoLog=True, bold=False, color=array([1., 1., 1.]), colorSpace='rgb', contrast=1.0, depth=0.0, draggable=False, flipHoriz=False, flipVert=False, font='Arial', fontFiles=[], height=np.float64(0.05), italic=False, languageStyle='LTR', name='podziekowania_text', opacity=1, ori=0.0, pos=array([0., 0.]), rgb=UNKNOWN, text=str(...), units='height', win=Window(...), wrapWidth=1)
0.0621 	EXP 	textbox_2: autoLog = True
0.0621 	EXP 	textbox_3: autoLog = True
0.0621 	EXP 	pilot_suwak: autoLog = True
0.0621 	EXP 	pilot_suwak: styleTweaks = []
0.0621 	EXP 	pilot_suwak: styleTweaks = []
0.0621 	EXP 	pilot_suwak: styleTweaks = []
0.0621 	EXP 	pilot_suwak: styleTweaks = []
0.0621 	EXP 	pilot_suwak: contrast = 1.0
0.0621 	EXP 	pilot_suwak: markerPos = 0
0.0621 	EXP 	pilot_suwak: autoLog = True
0.0621 	EXP 	suwak_badanie: autoLog = True
0.0621 	EXP 	suwak_badanie: styleTweaks = []
0.0621 	EXP 	suwak_badanie: styleTweaks = []
0.0621 	EXP 	suwak_badanie: styleTweaks = []
0.0621 	EXP 	suwak_badanie: styleTweaks = []
0.0621 	EXP 	suwak_badanie: contrast = 1.0
0.0621 	EXP 	suwak_badanie: markerPos = 0
0.0621 	EXP 	suwak_badanie: autoLog = True
0.0944 	INFO 	Keyboard events cleared
0.0943 	EXP 	textbox_2: autoDraw = True
0.8119 	DATA 	Keypress: space
0.8319 	EXP 	Device response: <KeyPress from None: t=0.7974487999454141, value=space, duration=None>
0.8598 	INFO 	Keyboard events cleared
0.8597 	EXP 	textbox_2: autoDraw = False
0.8597 	EXP 	textbox_3: autoDraw = True
0.8597 	EXP 	suwaki_interpretacja: autoDraw = True
0.9562 	EXP 	Device response: <KeyPress from None: t=0.7974487999454141, value=space, duration=0.1525278000626713>
3.5013 	DATA 	Keypress: space
3.5149 	EXP 	Device response: <KeyPress from None: t=3.4991310000186786, value=space, duration=None>
3.5315 	INFO 	Keyboard events cleared
3.5314 	EXP 	textbox_3: autoDraw = False
3.5314 	EXP 	suwaki_interpretacja: autoDraw = False
3.5314 	EXP 	proba_testowa: autoDraw = True
3.6815 	EXP 	Device response: <KeyPress from None: t=3.4991310000186786, value=space, duration=0.17462039995007217>
4.2305 	DATA 	Keypress: space
4.2461 	EXP 	Device response: <KeyPress from None: t=4.2294584000483155, value=space, duration=None>
4.2739 	EXP 	proba_testowa: autoDraw = False
4.2739 	EXP 	pilot_label_text: height = np.float64(0.05)
4.2739 	EXP 	pilot_label_text: height = np.float64(0.05)
4.2739 	EXP 	pilot_label_text: height = np.float64(0.05)
4.2739 	EXP 	pilot_label_text: height = np.float64(0.05)
4.2739 	EXP 	pilot_label_text: height = np.float64(0.05)
4.2739 	EXP 	pilot_label_text: height = np.float64(0.05)
4.2739 	EXP 	pilot_label_text: text = 'Model AI wykrył w tej twarzy 80% smutku.\n\n'
4.2739 	EXP 	pilot_suwak: markerPos = None
4.2739 	EXP 	pilot_suwak: markerPos = 0
4.2739 	EXP 	pilot_lewa_etykieta: height = np.float64(0.085)
4.2739 	EXP 	pilot_lewa_etykieta: height = np.float64(0.085)
4.2739 	EXP 	pilot_lewa_etykieta: height = np.float64(0.085)
4.2739 	EXP 	pilot_lewa_etykieta: text = 'radość'
4.2739 	EXP 	pilot_prawa_etykieta: height = np.float64(0.085)
4.2739 	EXP 	pilot_prawa_etykieta: height = np.float64(0.085)
4.2739 	EXP 	pilot_prawa_etykieta: height = np.float64(0.085)
4.2739 	EXP 	pilot_prawa_etykieta: text = 'smutek'
4.2739 	EXP 	pilot_fiksacja1: autoDraw = True
4.3455 	EXP 	Device response: <KeyPress from None: t=4.2294584000483155, value=space, duration=0.11014849995262921>
5.0269 	EXP 	pilot_fiksacja1: autoDraw = False
5.2096 	EXP 	pilot_label_text: autoDraw = True
8.2181 	EXP 	pilot_label_text: autoDraw = False
8.4006 	EXP 	pilot_fiksacja2: autoDraw = True
9.1654 	EXP 	pilot_fiksacja2: autoDraw = False
9.3494 	EXP 	pilot_stim_image: autoDraw = True
10.2465 	EXP 	pilot_suwak: autoDraw = True
10.6615 	EXP 	pilot_stim_image: autoDraw = False
10.7609 	EXP 	pilot_pytanie: autoDraw = True
10.7609 	EXP 	pilot_lewa_etykieta: autoDraw = True
10.7609 	EXP 	pilot_prawa_etykieta: autoDraw = True
13.9869 	DATA 	Mouse: Left button down, pos=(1399,279)
14.0020 	EXP 	pilot_suwak: markerPos = np.float64(45.72916666666667)
14.0185 	EXP 	pilot_suwak: markerPos = np.float64(45.72916666666667)
14.0359 	EXP 	pilot_suwak: markerPos = np.float64(45.72916666666667)
14.0516 	EXP 	pilot_suwak: markerPos = np.float64(45.72916666666667)
14.0572 	DATA 	Mouse:  Left button up, pos=(1399,279)
14.0683 	EXP 	pilot_suwak: markerPos = np.float64(45.72916666666667)
14.0855 	EXP 	pilot_suwak: markerPos = np.float64(45.72916666666667)
14.1025 	INFO 	Keyboard events cleared
14.1024 	EXP 	pilot_label_text: autoDraw = False
14.1024 	EXP 	pilot_fiksacja1: autoDraw = False
14.1024 	EXP 	pilot_suwak: autoDraw = False
14.1024 	EXP 	pilot_fiksacja2: autoDraw = False
14.1024 	EXP 	pilot_pytanie: autoDraw = False
14.1024 	EXP 	pilot_lewa_etykieta: autoDraw = False
14.1024 	EXP 	pilot_prawa_etykieta: autoDraw = False
14.1024 	EXP 	pilot_stim_image: autoDraw = False
14.1024 	EXP 	start_badania: autoDraw = True
15.0003 	EXP 	Device response: <KeyPress from None: t=14.998068399960175, value=space, duration=None>
15.0209 	EXP 	Imported conditions.xlsx as conditions, 32 conditions, 9 params
15.0215 	EXP 	New trial (rep=0, index=0): <Trial 0 (0 in rep 0) data={'image_path': 'photos/1K_SZ_5050.png', 'etykieta': 'Model sztucznej inteligencji wykrył w tej twarzy 72% strachu .', 'left_label': 'strach', 'right_label': 'złość', 'show_label': 4, 'proporcja_zdjecia': '50/50', 'typ_etykiety': 'Procentowa AI', 'warunek': 'n/d', 'kierunek': 'Sugestia Lewo strach', 'thisN': 0, 'thisTrialN': 0, 'thisRepN': 0}>
15.0894 	EXP 	Device response: <KeyPress from None: t=14.998068399960175, value=space, duration=0.06615339999552816>
15.0907 	DATA 	Keypress: space
15.0933 	EXP 	start_badania: autoDraw = False
15.0933 	EXP 	przerwa_text: autoDraw = False
15.0933 	EXP 	label_text: height = np.float64(0.05)
15.0933 	EXP 	label_text: height = np.float64(0.05)
15.0933 	EXP 	label_text: height = np.float64(0.05)
15.0933 	EXP 	label_text: text = 'Model sztucznej inteligencji wykrył w tej twarzy 72% strachu .'
15.0933 	EXP 	label_text: height = np.float64(0.05)
15.0933 	EXP 	label_text: height = np.float64(0.05)
15.0933 	EXP 	label_text: height = np.float64(0.05)
15.0933 	EXP 	label_text: text = 'Model sztucznej inteligencji wykrył w tej twarzy 72% strachu .'
15.0933 	EXP 	stim_image: image = 'photos/1K_SZ_5050.png'
15.0933 	EXP 	suwak_badanie: markerPos = None
15.0933 	EXP 	suwak_badanie: markerPos = 0
15.0933 	EXP 	lewa_etykieta: height = np.float64(0.085)
15.0933 	EXP 	lewa_etykieta: height = np.float64(0.085)
15.0933 	EXP 	lewa_etykieta: height = np.float64(0.085)
15.0933 	EXP 	lewa_etykieta: text = 'strach'
15.0933 	EXP 	prawa_etykieta: height = np.float64(0.085)
15.0933 	EXP 	prawa_etykieta: height = np.float64(0.085)
15.0933 	EXP 	prawa_etykieta: height = np.float64(0.085)
15.0933 	EXP 	prawa_etykieta: text = 'złość'
15.0933 	EXP 	label_text: autoDraw = True
19.1051 	EXP 	label_text: autoDraw = False
19.2212 	EXP 	fiksacja2: autoDraw = True
19.9858 	EXP 	fiksacja2: autoDraw = False
20.1868 	EXP 	stim_image: autoDraw = True
21.4984 	EXP 	stim_image: autoDraw = False
21.6813 	EXP 	suwak_badanie: autoDraw = True
21.6813 	EXP 	lewa_etykieta: autoDraw = True
21.6813 	EXP 	prawa_etykieta: autoDraw = True
21.6813 	EXP 	pytanie: autoDraw = True
24.4773 	DATA 	Keypress: escape
24.4901 	EXP 	Device response: <KeyPress from None: t=24.476181300007738, value=escape, duration=None>
24.6237 	EXP 	Device response: <KeyPress from None: t=24.476181300007738, value=escape, duration=0.14511139993555844>
24.6237 	EXP 	untitled_FINAL_NEWEST: status = STOPPED
24.6395 	EXP 	suwak_badanie: autoDraw = False
24.6395 	EXP 	lewa_etykieta: autoDraw = False
24.6395 	EXP 	prawa_etykieta: autoDraw = False
24.6395 	EXP 	pytanie: autoDraw = False
24.6396 	EXP 	untitled_FINAL_NEWEST: status = STOPPED
24.6443 	INFO 	saved data to 'C:\\Users\\julia\\OneDrive\\Pulpit\\percepcja_psychopy\\data\\425189_untitled_FINAL_NEWEST_2026-04-27_17h52.18.133.csv'
24.6458 	INFO 	saved data to C:\Users\julia\OneDrive\Pulpit\percepcja_psychopy\data\425189_untitled_FINAL_NEWEST_2026-04-27_17h52.18.133.psydat
25.4447 	WARNING 	Stopping key buffers but this could be dangerous ifother keyboards rely on the same.
