7.4190 	INFO 	Loaded monitor calibration from ['2026_03_18 20:30']
7.7685 	INFO 	Using renderer 'Intel(R) UHD Graphics' for graphics
7.7685 	INFO 	OpenGL version supported by driver is 4..
8.7627 	EXP 	Created window1 = Window(allowGUI=True, allowStencil=False, autoLog=True, backendConf=UNKNOWN, backgroundFit=<method-wrapper '__getattribute__' of attributeSetter object at 0x00000208918C1F30>, backgroundImage=<method-wrapper '__getattribute__' of attributeSetter object at 0x00000208918C2020>, bitsMode=UNKNOWN, blendMode='avg', bpc=(8, 8, 8), color=array([0, 0, 0]), colorSpace='rgb', depthBits=8, fullscr=False, gamma=None, gammaErrorPolicy='raise', infoMsg=UNKNOWN, lms=UNKNOWN, monitor=<psychopy.monitors.calibTools.Monitor object at 0x0000020897916170>, multiSample=False, name='window1', numSamples=2, pos=[np.float64(448.0), np.float64(156.0)], screen=0, size=array([1024,  768]), stencilBits=0, stereo=False, title='PsychoPy', units='height', useFBO=True, useRetina=False, viewOri=0.0, viewPos=None, viewScale=None, waitBlanking=True, winType='pyglet')
8.7628 	EXP 	window1: backgroundImage = ''
8.7628 	EXP 	window1: backgroundFit = 'none'
9.2321 	EXP 	window1: Attempting to measure frame rate of screen (0) ...
9.2322 	EXP 	window1: recordFrameIntervals = False
9.4267 	EXP 	window1: recordFrameIntervals = True
11.0892 	EXP 	window1: recordFrameIntervals = False
11.0893 	EXP 	Screen (0) actual frame rate measured at 60.15Hz
11.2494 	INFO 	keyboard.Keyboard is using ptb backend.
11.2494 	EXP 	untitled: status = STARTED
11.2863 	EXP 	Created label_text = TextStim(__class__=<class 'psychopy.visual.text.TextStim'>, alignHoriz=method-wrapper(...), alignText='center', alignVert=method-wrapper(...), anchorHoriz='center', anchorVert='center', antialias=True, autoDraw=False, autoLog=True, bold=False, color=array([1., 1., 1.]), colorSpace='rgb', contrast=1.0, depth=-1.0, draggable=False, flipHoriz=False, flipVert=False, font='Arial', fontFiles=[], height=0.05, italic=False, languageStyle='LTR', name='label_text', opacity=1, ori=0.0, pos=array([0., 0.]), rgb=UNKNOWN, text='', units='height', win=Window(...), wrapWidth=1)
11.3309 	EXP 	Created stim_image = ImageStim(__class__=<class 'psychopy.visual.image.ImageStim'>, anchor=('center', 'center'), autoLog=True, color=array([1., 1., 1.]), colorSpace='rgb', contrast=1.0, depth=-2.0, draggable=False, flipHoriz=np.False_, flipVert=np.False_, image='default.png', interpolate=True, mask=None, maskParams=None, name='stim_image', opacity=1, ori=0.0, pos=array([0., 0.]), size=array([0.5, 0.5]), texRes=128.0, units='height', win=Window(...))
11.7303 	EXP 	Created emotion_rating = Slider(__class__=<class 'psychopy.visual.slider.Slider'>, autoDraw=False, autoLog=True, borderColor=None, color=None, colorSpace='rgb', depth=-3, fillColor=None, flip=False, font='Noto Sans', granularity=0.0, labelColor=None, labelHeight=np.float64(0.05000000000000001), labelWrapWidth=None, labels=('smutek', 'radość'), lineColor=None, markerColor=None, name='emotion_rating', opacity=None, ori=0.0, pos=array([0., 0.]), readOnly=False, self=UNKNOWN, size=array([0.5, 0.1]), startValue=None, style='slider', styleTweaks=[], ticks=array([1, 2, 3, 4, 5]), units='norm', win=Window(...))
0.0094 	EXP 	emotion_rating: autoLog = True
0.0094 	EXP 	emotion_rating: styleTweaks = []
0.0094 	EXP 	emotion_rating: styleTweaks = []
0.0094 	EXP 	emotion_rating: styleTweaks = []
0.0094 	EXP 	emotion_rating: styleTweaks = []
0.0094 	EXP 	emotion_rating: contrast = 1.0
0.0094 	EXP 	emotion_rating: markerPos = None
0.0094 	EXP 	emotion_rating: autoLog = True
0.0185 	EXP 	Imported C:/Users/julia/OneDrive/Pulpit/percepcja_psychopy/conditions.xlsx as conditions, 12 conditions, 3 params
0.0196 	EXP 	New trial (rep=0, index=0): <Trial 0 (0 in rep 0) data={'image_path': 'C:\\Users\\julia\\OneDrive\\Pulpit\\percepcja_psychopy\\photos\\360_F_268212419_ZBJvlgVezhjziaP9aynnMGMLOvjUgNG5.jpg', 'label': 'Ten piesek jest smutny', 'show_label': 1, 'thisN': 0, 'thisTrialN': 0, 'thisRepN': 0}>
0.1386 	EXP 	label_text: height = np.float64(0.05000000000000001)
0.1386 	EXP 	label_text: height = np.float64(0.05000000000000001)
0.1386 	EXP 	label_text: height = np.float64(0.05000000000000001)
0.1386 	EXP 	label_text: text = 'Ten piesek jest smutny'
0.1386 	EXP 	stim_image: image = 'C:\\Users\\julia\\OneDrive\\Pulpit\\percepcja_psychopy\\photos\\360_F_268212419_ZBJvlgVezhjziaP9aynnMGMLOvjUgNG5.jpg'
0.1386 	EXP 	emotion_rating: markerPos = None
0.1386 	EXP 	emotion_rating: markerPos = None
0.1386 	EXP 	label_text: autoDraw = True
1.0147 	EXP 	stim_image: autoDraw = True
1.1376 	EXP 	label_text: autoDraw = False
2.0169 	EXP 	emotion_rating: autoDraw = True
2.0344 	EXP 	stim_image: autoDraw = False
2.8827 	DATA 	Mouse: Left button down, pos=(498,389)
2.8981 	EXP 	emotion_rating: markerPos = np.float64(2.78125)
2.9158 	EXP 	emotion_rating: markerPos = np.float64(2.796875)
2.9323 	EXP 	emotion_rating: markerPos = np.float64(2.796875)
2.9486 	EXP 	emotion_rating: markerPos = np.float64(2.8125)
2.9650 	EXP 	emotion_rating: markerPos = np.float64(2.890625)
2.9819 	EXP 	emotion_rating: markerPos = np.float64(3.03125)
2.9982 	EXP 	emotion_rating: markerPos = np.float64(3.09375)
3.0147 	EXP 	emotion_rating: markerPos = np.float64(3.28125)
3.0319 	EXP 	emotion_rating: markerPos = np.float64(3.4375)
3.0488 	EXP 	emotion_rating: markerPos = np.float64(3.734375)
3.0653 	EXP 	emotion_rating: markerPos = np.float64(3.875)
3.0817 	EXP 	emotion_rating: markerPos = np.float64(4.03125)
3.0982 	EXP 	emotion_rating: markerPos = np.float64(4.109375)
3.1151 	EXP 	emotion_rating: markerPos = np.float64(4.171875)
3.1325 	EXP 	emotion_rating: markerPos = np.float64(4.234375)
3.1480 	EXP 	emotion_rating: markerPos = np.float64(4.34375)
3.1649 	EXP 	emotion_rating: markerPos = np.float64(4.40625)
3.1816 	EXP 	emotion_rating: markerPos = np.float64(4.453125)
3.1983 	EXP 	emotion_rating: markerPos = np.float64(4.5625)
3.2149 	EXP 	emotion_rating: markerPos = np.float64(4.578125)
3.2314 	EXP 	emotion_rating: markerPos = np.float64(4.578125)
3.2478 	EXP 	emotion_rating: markerPos = np.float64(4.578125)
3.2644 	EXP 	emotion_rating: markerPos = np.float64(4.578125)
3.2814 	EXP 	emotion_rating: markerPos = np.float64(4.578125)
3.2980 	EXP 	emotion_rating: markerPos = np.float64(4.578125)
3.3147 	EXP 	emotion_rating: markerPos = np.float64(4.578125)
3.3315 	EXP 	emotion_rating: markerPos = np.float64(4.578125)
3.3480 	EXP 	emotion_rating: markerPos = np.float64(4.578125)
3.3645 	EXP 	emotion_rating: markerPos = np.float64(4.578125)
3.3816 	EXP 	emotion_rating: markerPos = np.float64(4.578125)
3.3979 	EXP 	emotion_rating: markerPos = np.float64(4.578125)
3.4144 	EXP 	emotion_rating: markerPos = np.float64(4.578125)
3.4305 	EXP 	emotion_rating: markerPos = np.float64(4.578125)
3.4475 	EXP 	emotion_rating: markerPos = np.float64(4.578125)
3.4491 	DATA 	Mouse:  Left button up, pos=(613,383)
3.4638 	EXP 	emotion_rating: markerPos = np.float64(4.578125)
3.4648 	EXP 	New trial (rep=0, index=1): <Trial 1 (1 in rep 0) data={'image_path': 'C:\\Users\\julia\\OneDrive\\Pulpit\\percepcja_psychopy\\photos\\dachshund-8910099_640.jpg', 'label': 'Ten piesek jest wesoły', 'show_label': 0, 'thisN': 1, 'thisTrialN': 1, 'thisRepN': 0}>
3.5134 	EXP 	label_text: autoDraw = False
3.5134 	EXP 	stim_image: autoDraw = False
3.5134 	EXP 	emotion_rating: autoDraw = False
3.5134 	EXP 	label_text: height = np.float64(0.05000000000000001)
3.5134 	EXP 	label_text: height = np.float64(0.05000000000000001)
3.5134 	EXP 	label_text: height = np.float64(0.05000000000000001)
3.5134 	EXP 	label_text: text = 'Ten piesek jest wesoły'
3.5134 	EXP 	stim_image: image = 'C:\\Users\\julia\\OneDrive\\Pulpit\\percepcja_psychopy\\photos\\dachshund-8910099_640.jpg'
3.5134 	EXP 	emotion_rating: markerPos = None
3.5134 	EXP 	emotion_rating: markerPos = None
3.5134 	EXP 	label_text: autoDraw = True
4.4793 	EXP 	stim_image: autoDraw = True
4.5291 	EXP 	label_text: autoDraw = False
5.3941 	DATA 	Mouse: Left button down, pos=(1022,387)
5.4750 	EXP 	emotion_rating: autoDraw = True
5.4915 	EXP 	stim_image: autoDraw = False
5.5152 	DATA 	Mouse:  Left button up, pos=(1022,387)
9.2167 	DATA 	Mouse: Left button down, pos=(803,626)
9.3158 	DATA 	Mouse:  Left button up, pos=(803,626)
11.0862 	EXP 	Device response: <KeyPress from None: t=11.025147199998173, value=escape, duration=None>
11.0868 	DATA 	Keypress: escape
11.2266 	EXP 	Device response: <KeyPress from None: t=11.025147199998173, value=escape, duration=0.18898280000212253>
11.2266 	EXP 	untitled: status = STOPPED
11.2430 	EXP 	emotion_rating: autoDraw = False
11.2432 	EXP 	untitled: status = STOPPED
11.2475 	INFO 	saved data to 'C:\\Users\\julia\\OneDrive\\Pulpit\\percepcja_psychopy\\data\\429897_untitled_2026-04-18_23h37.01.180.csv'
11.2501 	INFO 	saved data to C:\Users\julia\OneDrive\Pulpit\percepcja_psychopy\data\429897_untitled_2026-04-18_23h37.01.180.psydat
11.7124 	WARNING 	Stopping key buffers but this could be dangerous ifother keyboards rely on the same.
