8.3809 	INFO 	Loaded monitor calibration from ['2026_03_18 20:30']
8.4106 	WARNING 	User requested fullscreen with size [1090  800], but screen is actually [1920, 1080]. Using actual size
9.3109 	INFO 	Using renderer 'Intel(R) UHD Graphics' for graphics
9.3110 	INFO 	OpenGL version supported by driver is 4..
10.2868 	EXP 	Created window1 = Window(allowGUI=False, allowStencil=False, autoLog=True, backendConf=UNKNOWN, backgroundFit=<method-wrapper '__getattribute__' of attributeSetter object at 0x000002434BBDA380>, backgroundImage=<method-wrapper '__getattribute__' of attributeSetter object at 0x000002434BBD8E50>, bitsMode=UNKNOWN, blendMode='avg', bpc=(8, 8, 8), color=array([0, 0, 0]), colorSpace='rgb', depthBits=8, fullscr=True, gamma=None, gammaErrorPolicy='raise', infoMsg=UNKNOWN, lms=UNKNOWN, monitor=<psychopy.monitors.calibTools.Monitor object at 0x000002434D37C940>, multiSample=False, name='window1', numSamples=2, pos=[np.float64(0.0), np.float64(0.0)], screen=0, size=array([1920, 1080]), stencilBits=0, stereo=False, title='PsychoPy', units='height', useFBO=True, useRetina=False, viewOri=0.0, viewPos=None, viewScale=None, waitBlanking=True, winType='pyglet')
10.2869 	EXP 	window1: backgroundImage = ''
10.2869 	EXP 	window1: backgroundFit = 'none'
10.7213 	EXP 	window1: Attempting to measure frame rate of screen (0) ...
10.7214 	EXP 	window1: recordFrameIntervals = False
10.8651 	EXP 	window1: recordFrameIntervals = True
12.5275 	EXP 	window1: recordFrameIntervals = False
12.5275 	EXP 	Screen (0) actual frame rate measured at 60.31Hz
12.6955 	INFO 	keyboard.Keyboard is using ptb backend.
12.6955 	EXP 	untitled_FINAL_NEWEST: status = STARTED
12.7272 	EXP 	Created label_code = TextStim(__class__=<class 'psychopy.visual.text.TextStim'>, alignHoriz=method-wrapper(...), alignText='center', alignVert=method-wrapper(...), anchorHoriz='center', anchorVert='center', antialias=True, autoDraw=False, autoLog=True, bold=False, color=array([1., 1., 1.]), colorSpace='rgb', contrast=1.0, depth=-3.0, draggable=False, flipHoriz=False, flipVert=False, font='Arial', fontFiles=[], height=0.05, italic=False, languageStyle='LTR', name='label_code', opacity=1, ori=0.0, pos=array([0., 0.]), rgb=UNKNOWN, text='', units='height', win=Window(...), wrapWidth=1)
12.7675 	EXP 	Created stim_image = ImageStim(__class__=<class 'psychopy.visual.image.ImageStim'>, anchor=('center', 'center'), autoLog=True, color=array([1., 1., 1.]), colorSpace='rgb', contrast=1.0, depth=-4.0, draggable=False, flipHoriz=np.False_, flipVert=np.False_, image='default.png', interpolate=True, mask=None, maskParams=None, name='stim_image', opacity=1, ori=0.0, pos=array([0., 0.]), size=array([0.5, 0.5]), texRes=128.0, units='height', win=Window(...))
12.7938 	EXP 	Created slider = Slider(__class__=<class 'psychopy.visual.slider.Slider'>, autoDraw=False, autoLog=True, borderColor=None, color=None, colorSpace='rgb', depth=-5, fillColor=None, flip=False, font='Noto Sans', granularity=0.0, labelColor=None, labelHeight=np.float64(0.05), labelWrapWidth=None, labels=None, lineColor=None, markerColor=None, name='slider', opacity=None, ori=0.0, pos=array([0. , 0.1]), readOnly=False, self=UNKNOWN, size=array([0.5, 0.1]), startValue=3, style='slider', styleTweaks=[], ticks=array([1, 2, 3, 4, 5]), units='norm', win=Window(...))
0.0031 	EXP 	slider: autoLog = True
0.0031 	EXP 	slider: styleTweaks = []
0.0031 	EXP 	slider: styleTweaks = []
0.0031 	EXP 	slider: styleTweaks = []
0.0031 	EXP 	slider: styleTweaks = []
0.0031 	EXP 	slider: contrast = 1.0
0.0031 	EXP 	slider: markerPos = 3
0.0031 	EXP 	slider: autoLog = True
0.0130 	EXP 	Imported C:/Users/julia/OneDrive/Pulpit/percepcja_psychopy/conditions.xlsx as conditions, 32 conditions, 5 params
0.0136 	EXP 	New trial (rep=0, index=0): <Trial 0 (0 in rep 0) data={'image_path': 'C:\\Users\\julia\\OneDrive\\Pulpit\\percepcja_psychopy\\photos\\ee7bd76502e1d9aea7c74fc5bea75be9.jpg', 'label_text': 'test', 'left_label': 'radość', 'right_label': 'smutek', 'show_label': 1, 'thisN': 0, 'thisTrialN': 0, 'thisRepN': 0}>
0.6061 	INFO 	saved data to C:\Users\julia\OneDrive\Pulpit\percepcja_psychopy\data\448567_untitled_FINAL_NEWEST_2026-04-20_14h15.31.391.psydat
0.6078 	INFO 	saved data to 'C:\\Users\\julia\\OneDrive\\Pulpit\\percepcja_psychopy\\data\\448567_untitled_FINAL_NEWEST_2026-04-20_14h15.31.391.csv'
0.7684 	WARNING 	Stopping key buffers but this could be dangerous ifother keyboards rely on the same.
