9.4543 	INFO 	Loaded monitor calibration from ['2026_03_18 20:30']
9.5135 	WARNING 	User requested fullscreen with size [1090  800], but screen is actually [1920, 1080]. Using actual size
11.4117 	INFO 	Using renderer 'Intel(R) UHD Graphics' for graphics
11.4118 	INFO 	OpenGL version supported by driver is 4..
12.5898 	EXP 	Created window1 = Window(allowGUI=False, allowStencil=True, autoLog=True, backendConf=UNKNOWN, backgroundFit=<method-wrapper '__getattribute__' of attributeSetter object at 0x000002C808EE99C0>, backgroundImage=<method-wrapper '__getattribute__' of attributeSetter object at 0x000002C808EE99F0>, bitsMode=UNKNOWN, blendMode='avg', bpc=(8, 8, 8), color=array([0.6549, 0.6549, 0.6549]), colorSpace='rgb', depthBits=8, fullscr=True, gamma=None, gammaErrorPolicy='raise', infoMsg=UNKNOWN, lms=UNKNOWN, monitor=<psychopy.monitors.calibTools.Monitor object at 0x000002C808FD07C0>, multiSample=False, name='window1', numSamples=2, pos=[np.float64(0.0), np.float64(0.0)], screen=0, size=array([1920, 1080]), stencilBits=8, stereo=False, title='PsychoPy', units='height', useFBO=True, useRetina=False, viewOri=0.0, viewPos=None, viewScale=None, waitBlanking=True, winType='pyglet')
12.5899 	EXP 	window1: backgroundImage = ''
12.5899 	EXP 	window1: backgroundFit = 'none'
12.8829 	INFO 	keyboard.Keyboard is using ptb backend.
12.8831 	EXP 	untitled_FINAL_NEWEST: status = STARTED
13.1949 	EXP 	Created text_instr = TextStim(__class__=<class 'psychopy.visual.text.TextStim'>, alignHoriz=method-wrapper(...), alignText='center', alignVert=method-wrapper(...), anchorHoriz='center', anchorVert='center', antialias=True, autoDraw=False, autoLog=True, bold=False, color=array([-1., -1., -1.]), colorSpace='rgb', contrast=1.0, depth=-2.0, draggable=False, flipHoriz=False, flipVert=False, font='Arial', fontFiles=[], height=np.float64(0.03), italic=False, languageStyle='LTR', name='text_instr', opacity=1, ori=0.0, pos=array([0., 0.]), rgb=UNKNOWN, text=str(...), units='height', win=Window(...), wrapWidth=1.5)
13.2274 	EXP 	Created suwak_info = TextStim(__class__=<class 'psychopy.visual.text.TextStim'>, alignHoriz=method-wrapper(...), alignText='center', alignVert=method-wrapper(...), anchorHoriz='center', anchorVert='center', antialias=True, autoDraw=False, autoLog=True, bold=False, color=array([-1., -1., -1.]), colorSpace='rgb', contrast=1.0, depth=-1.0, draggable=False, flipHoriz=False, flipVert=False, font='Arial', fontFiles=[], height=np.float64(0.03), italic=False, languageStyle='LTR', name='suwak_info', opacity=1, ori=0.0, pos=array([0., 0.]), rgb=UNKNOWN, text=str(...), units='height', win=Window(...), wrapWidth=1.3)
13.2653 	EXP 	Created proba_testowa = TextStim(__class__=<class 'psychopy.visual.text.TextStim'>, alignHoriz=method-wrapper(...), alignText='center', alignVert=method-wrapper(...), anchorHoriz='center', anchorVert='center', antialias=True, autoDraw=False, autoLog=True, bold=False, color=array([-1., -1., -1.]), colorSpace='rgb', contrast=1.0, depth=-2.0, draggable=False, flipHoriz=False, flipVert=False, font='Arial', fontFiles=[], height=np.float64(0.04), italic=False, languageStyle='LTR', name='proba_testowa', opacity=1, ori=0.0, pos=array([0., 0.]), rgb=UNKNOWN, text=str(...), units='height', win=Window(...), wrapWidth=1.4)
13.2666 	EXP 	Created pilot_label_text = TextStim(__class__=<class 'psychopy.visual.text.TextStim'>, alignHoriz=method-wrapper(...), alignText='center', alignVert=method-wrapper(...), anchorHoriz='center', anchorVert='center', antialias=True, autoDraw=False, autoLog=True, bold=False, color=array([-1., -1., -1.]), colorSpace='rgb', contrast=1.0, depth=-1.0, draggable=False, flipHoriz=False, flipVert=False, font='Arial', fontFiles=[], height=0.05, italic=False, languageStyle='LTR', name='pilot_label_text', opacity=1, ori=0.0, pos=array([0., 0.]), rgb=UNKNOWN, text='', units='height', win=Window(...), wrapWidth=1.3)
13.2886 	EXP 	Created pilot_fiksacja1 = TextStim(__class__=<class 'psychopy.visual.text.TextStim'>, alignHoriz=method-wrapper(...), alignText='center', alignVert=method-wrapper(...), anchorHoriz='center', anchorVert='center', antialias=True, autoDraw=False, autoLog=True, bold=False, color=array([-1., -1., -1.]), colorSpace='rgb', contrast=1.0, depth=-2.0, draggable=False, flipHoriz=False, flipVert=False, font='Arial', fontFiles=[], height=np.float64(0.12), italic=False, languageStyle='LTR', name='pilot_fiksacja1', opacity=1, ori=0.0, pos=array([0., 0.]), rgb=UNKNOWN, text='+', units='height', win=Window(...), wrapWidth=1)
13.3291 	EXP 	Created pilot_suwak = Slider(__class__=<class 'psychopy.visual.slider.Slider'>, autoDraw=False, autoLog=True, borderColor=None, color=None, colorSpace='rgb', depth=-3, fillColor=None, flip=False, font='Noto Sans', granularity=0.0, labelColor=None, labelHeight=np.float64(0.05), labelWrapWidth=None, labels=None, lineColor=None, markerColor=None, name='pilot_suwak', opacity=None, ori=0.0, pos=array([ 0. , -0.5]), readOnly=False, self=UNKNOWN, size=array([1. , 0.1]), startValue=0, style='slider', styleTweaks=[], ticks=array([-50, -25,   0,  25,  50]), units='norm', win=Window(...))
13.3349 	EXP 	Created pilot_fiksacja2 = TextStim(__class__=<class 'psychopy.visual.text.TextStim'>, alignHoriz=method-wrapper(...), alignText='center', alignVert=method-wrapper(...), anchorHoriz='center', anchorVert='center', antialias=True, autoDraw=False, autoLog=True, bold=False, color=array([-1., -1., -1.]), colorSpace='rgb', contrast=1.0, depth=-4.0, draggable=False, flipHoriz=False, flipVert=False, font='Arial', fontFiles=[], height=np.float64(0.1), italic=False, languageStyle='LTR', name='pilot_fiksacja2', opacity=1, ori=0.0, pos=array([0., 0.]), rgb=UNKNOWN, text='+', units='height', win=Window(...), wrapWidth=1)
13.3562 	EXP 	Created pilot_pytanie = TextStim(__class__=<class 'psychopy.visual.text.TextStim'>, alignHoriz=method-wrapper(...), alignText='center', alignVert=method-wrapper(...), anchorHoriz='center', anchorVert='center', antialias=True, autoDraw=False, autoLog=True, bold=False, color=array([-1., -1., -1.]), colorSpace='rgb', contrast=1.0, depth=-5.0, draggable=False, flipHoriz=False, flipVert=False, font='Arial', fontFiles=[], height=np.float64(0.1), italic=False, languageStyle='LTR', name='pilot_pytanie', opacity=1, ori=0.0, pos=array([0., 0.]), rgb=UNKNOWN, text='Jaką emocję wyrażała ta twarz?', units='norm', win=Window(...), wrapWidth=1)
13.3581 	EXP 	Created pilot_lewa_etykieta = TextStim(__class__=<class 'psychopy.visual.text.TextStim'>, alignHoriz=method-wrapper(...), alignText='center', alignVert=method-wrapper(...), anchorHoriz='center', anchorVert='center', antialias=True, autoDraw=False, autoLog=True, bold=False, color=array([-1., -1., -1.]), colorSpace='rgb', contrast=1.0, depth=-6.0, draggable=False, flipHoriz=False, flipVert=False, font='Arial', fontFiles=[], height=0.085, italic=False, languageStyle='LTR', name='pilot_lewa_etykieta', opacity=1, ori=0.0, pos=array([-0.6, -0.5]), rgb=UNKNOWN, text='', units='norm', win=Window(...), wrapWidth=1)
13.3593 	EXP 	Created pilot_prawa_etykieta = TextStim(__class__=<class 'psychopy.visual.text.TextStim'>, alignHoriz=method-wrapper(...), alignText='center', alignVert=method-wrapper(...), anchorHoriz='center', anchorVert='center', antialias=True, autoDraw=False, autoLog=True, bold=False, color=array([-1., -1., -1.]), colorSpace='rgb', contrast=1.0, depth=-7.0, draggable=False, flipHoriz=False, flipVert=False, font='Arial', fontFiles=[], height=0.085, italic=False, languageStyle='LTR', name='pilot_prawa_etykieta', opacity=1, ori=0.0, pos=array([ 0.6, -0.5]), rgb=UNKNOWN, text='', units='norm', win=Window(...), wrapWidth=1)
13.4670 	EXP 	Created pilot_stim_image = ImageStim(__class__=<class 'psychopy.visual.image.ImageStim'>, anchor=('center', 'center'), autoLog=True, color=array([1., 1., 1.]), colorSpace='rgb', contrast=1.0, depth=-8.0, draggable=False, flipHoriz=np.False_, flipVert=np.False_, image='photos/twarz_testowa.jpg', interpolate=True, mask=None, maskParams=None, name='pilot_stim_image', opacity=1, ori=0.0, pos=array([0., 0.]), size=array([0.75, 0.75]), texRes=128.0, units='height', win=Window(...))
13.5667 	EXP 	Created start_badania = TextStim(__class__=<class 'psychopy.visual.text.TextStim'>, alignHoriz=method-wrapper(...), alignText='center', alignVert=method-wrapper(...), anchorHoriz='center', anchorVert='center', antialias=True, autoDraw=False, autoLog=True, bold=False, color=array([-1., -1., -1.]), colorSpace='rgb', contrast=1.0, depth=-2.0, draggable=False, flipHoriz=False, flipVert=False, font='Arial', fontFiles=[], height=np.float64(0.1), italic=False, languageStyle='LTR', name='start_badania', opacity=1, ori=0.0, pos=array([0., 0.]), rgb=UNKNOWN, text=str(...), units='norm', win=Window(...), wrapWidth=1.4)
13.5813 	EXP 	Created przerwa_text = TextStim(__class__=<class 'psychopy.visual.text.TextStim'>, alignHoriz=method-wrapper(...), alignText='center', alignVert=method-wrapper(...), anchorHoriz='center', anchorVert='center', antialias=True, autoDraw=False, autoLog=True, bold=False, color=array([-1., -1., -1.]), colorSpace='rgb', contrast=1.0, depth=0.0, draggable=False, flipHoriz=False, flipVert=False, font='Arial', fontFiles=[], height=np.float64(0.1), italic=False, languageStyle='LTR', name='przerwa_text', opacity=1, ori=0.0, pos=array([0., 0.]), rgb=UNKNOWN, text=str(...), units='norm', win=Window(...), wrapWidth=1)
13.5832 	EXP 	Created label_text = TextStim(__class__=<class 'psychopy.visual.text.TextStim'>, alignHoriz=method-wrapper(...), alignText='center', alignVert=method-wrapper(...), anchorHoriz='center', anchorVert='center', antialias=True, autoDraw=False, autoLog=True, bold=False, color=array([-1., -1., -1.]), colorSpace='rgb', contrast=1.0, depth=-2.0, draggable=False, flipHoriz=False, flipVert=False, font='Arial', fontFiles=[], height=0.05, italic=False, languageStyle='LTR', name='label_text', opacity=1, ori=0.0, pos=array([0., 0.]), rgb=UNKNOWN, text='', units='height', win=Window(...), wrapWidth=1.3)
13.5915 	EXP 	Created stim_image = ImageStim(__class__=<class 'psychopy.visual.image.ImageStim'>, anchor=('center', 'center'), autoLog=True, color=array([1., 1., 1.]), colorSpace='rgb', contrast=1.0, depth=-3.0, draggable=False, flipHoriz=np.False_, flipVert=np.False_, image='default.png', interpolate=True, mask=None, maskParams=None, name='stim_image', opacity=1, ori=0.0, pos=array([0., 0.]), size=array([0.75, 0.75]), texRes=128.0, units='height', win=Window(...))
13.6159 	EXP 	Created suwak_badanie = Slider(__class__=<class 'psychopy.visual.slider.Slider'>, autoDraw=False, autoLog=True, borderColor=None, color=None, colorSpace='rgb', depth=-4, fillColor=None, flip=False, font='Noto Sans', granularity=0.0, labelColor=None, labelHeight=np.float64(0.05), labelWrapWidth=None, labels=None, lineColor=None, markerColor=None, name='suwak_badanie', opacity=None, ori=0.0, pos=array([ 0. , -0.5]), readOnly=False, self=UNKNOWN, size=array([1. , 0.1]), startValue=0, style='slider', styleTweaks=[], ticks=array([-50, -25,   0,  25,  50]), units='norm', win=Window(...))
13.6179 	EXP 	Created lewa_etykieta = TextStim(__class__=<class 'psychopy.visual.text.TextStim'>, alignHoriz=method-wrapper(...), alignText='center', alignVert=method-wrapper(...), anchorHoriz='center', anchorVert='center', antialias=True, autoDraw=False, autoLog=True, bold=False, color=array([-1., -1., -1.]), colorSpace='rgb', contrast=1.0, depth=-5.0, draggable=False, flipHoriz=False, flipVert=False, font='Arial', fontFiles=[], height=0.085, italic=False, languageStyle='LTR', name='lewa_etykieta', opacity=1, ori=0.0, pos=array([-0.65, -0.5 ]), rgb=UNKNOWN, text='', units='norm', win=Window(...), wrapWidth=1)
13.6198 	EXP 	Created prawa_etykieta = TextStim(__class__=<class 'psychopy.visual.text.TextStim'>, alignHoriz=method-wrapper(...), alignText='center', alignVert=method-wrapper(...), anchorHoriz='center', anchorVert='center', antialias=True, autoDraw=False, autoLog=True, bold=False, color=array([-1., -1., -1.]), colorSpace='rgb', contrast=1.0, depth=-6.0, draggable=False, flipHoriz=False, flipVert=False, font='Arial', fontFiles=[], height=0.085, italic=False, languageStyle='LTR', name='prawa_etykieta', opacity=1, ori=0.0, pos=array([ 0.65, -0.5 ]), rgb=UNKNOWN, text='', units='norm', win=Window(...), wrapWidth=1)
13.6318 	EXP 	Created fiksacja2 = TextStim(__class__=<class 'psychopy.visual.text.TextStim'>, alignHoriz=method-wrapper(...), alignText='center', alignVert=method-wrapper(...), anchorHoriz='center', anchorVert='center', antialias=True, autoDraw=False, autoLog=True, bold=False, color=array([-1., -1., -1.]), colorSpace='rgb', contrast=1.0, depth=-7.0, draggable=False, flipHoriz=False, flipVert=False, font='Arial', fontFiles=[], height=np.float64(0.12), italic=False, languageStyle='LTR', name='fiksacja2', opacity=1, ori=0.0, pos=array([0., 0.]), rgb=UNKNOWN, text='+', units='height', win=Window(...), wrapWidth=1)
13.6412 	EXP 	Created pytanie = TextStim(__class__=<class 'psychopy.visual.text.TextStim'>, alignHoriz=method-wrapper(...), alignText='center', alignVert=method-wrapper(...), anchorHoriz='center', anchorVert='center', antialias=True, autoDraw=False, autoLog=True, bold=False, color=array([-1., -1., -1.]), colorSpace='rgb', contrast=1.0, depth=-8.0, draggable=False, flipHoriz=False, flipVert=False, font='Arial', fontFiles=[], height=np.float64(0.1), italic=False, languageStyle='LTR', name='pytanie', opacity=1, ori=0.0, pos=array([0., 0.]), rgb=UNKNOWN, text='Jaką emocję wyrażała ta twarz?', units='norm', win=Window(...), wrapWidth=1)
13.6444 	EXP 	Created text = TextStim(__class__=<class 'psychopy.visual.text.TextStim'>, alignHoriz=method-wrapper(...), alignText='center', alignVert=method-wrapper(...), anchorHoriz='center', anchorVert='center', antialias=True, autoDraw=False, autoLog=True, bold=False, color=array([1., 1., 1.]), colorSpace='rgb', contrast=1.0, depth=-1.0, draggable=False, flipHoriz=False, flipVert=False, font='Arial', fontFiles=[], height=np.float64(0.05), italic=False, languageStyle='LTR', name='text', opacity=1, ori=0.0, pos=array([0., 0.]), rgb=UNKNOWN, text='', units='height', win=Window(...), wrapWidth=1)
13.6761 	EXP 	Created podziekowania_text = TextStim(__class__=<class 'psychopy.visual.text.TextStim'>, alignHoriz=method-wrapper(...), alignText='center', alignVert=method-wrapper(...), anchorHoriz='center', anchorVert='center', antialias=True, autoDraw=False, autoLog=True, bold=False, color=array([1., 1., 1.]), colorSpace='rgb', contrast=1.0, depth=0.0, draggable=False, flipHoriz=False, flipVert=False, font='Arial', fontFiles=[], height=np.float64(0.05), italic=False, languageStyle='LTR', name='podziekowania_text', opacity=1, ori=0.0, pos=array([0., 0.]), rgb=UNKNOWN, text=str(...), units='height', win=Window(...), wrapWidth=1)
0.0317 	EXP 	pilot_suwak: autoLog = True
0.0317 	EXP 	pilot_suwak: styleTweaks = []
0.0317 	EXP 	pilot_suwak: styleTweaks = []
0.0317 	EXP 	pilot_suwak: styleTweaks = []
0.0317 	EXP 	pilot_suwak: styleTweaks = []
0.0317 	EXP 	pilot_suwak: contrast = 1.0
0.0317 	EXP 	pilot_suwak: markerPos = 0
0.0317 	EXP 	pilot_suwak: autoLog = True
0.0317 	EXP 	suwak_badanie: autoLog = True
0.0317 	EXP 	suwak_badanie: styleTweaks = []
0.0317 	EXP 	suwak_badanie: styleTweaks = []
0.0317 	EXP 	suwak_badanie: styleTweaks = []
0.0317 	EXP 	suwak_badanie: styleTweaks = []
0.0317 	EXP 	suwak_badanie: contrast = 1.0
0.0317 	EXP 	suwak_badanie: markerPos = 0
0.0317 	EXP 	suwak_badanie: autoLog = True
0.0522 	INFO 	Keyboard events cleared
0.0520 	EXP 	text_instr: autoDraw = True
0.9668 	DATA 	Keypress: space
0.9856 	EXP 	Device response: <KeyPress from None: t=0.9443428999511525, value=space, duration=None>
1.0070 	INFO 	Keyboard events cleared
1.0068 	EXP 	text_instr: autoDraw = False
1.0068 	EXP 	suwak_info: autoDraw = True
1.0408 	EXP 	Device response: <KeyPress from None: t=0.9443428999511525, value=space, duration=0.07122599997092038>
1.1092 	DATA 	Keypress: space
1.1188 	EXP 	Device response: <KeyPress from None: t=1.090205799904652, value=space, duration=None>
1.1453 	INFO 	Keyboard events cleared
1.1453 	EXP 	suwak_info: autoDraw = False
1.1453 	EXP 	proba_testowa: autoDraw = True
1.1789 	EXP 	Device response: <KeyPress from None: t=1.090205799904652, value=space, duration=0.0808255000738427>
1.2491 	DATA 	Keypress: space
1.2651 	EXP 	Device response: <KeyPress from None: t=1.2313761999830604, value=space, duration=None>
1.3414 	EXP 	proba_testowa: autoDraw = False
1.3414 	EXP 	pilot_label_text: height = np.float64(0.05)
1.3414 	EXP 	pilot_label_text: height = np.float64(0.05)
1.3414 	EXP 	pilot_label_text: height = np.float64(0.05)
1.3414 	EXP 	pilot_label_text: height = np.float64(0.05)
1.3414 	EXP 	pilot_label_text: height = np.float64(0.05)
1.3414 	EXP 	pilot_label_text: height = np.float64(0.05)
1.3414 	EXP 	pilot_label_text: text = 'Model AI wykrył w tej twarzy 80% smutku.\n\n'
1.3414 	EXP 	pilot_suwak: markerPos = None
1.3414 	EXP 	pilot_suwak: markerPos = 0
1.3414 	EXP 	pilot_lewa_etykieta: height = np.float64(0.085)
1.3414 	EXP 	pilot_lewa_etykieta: height = np.float64(0.085)
1.3414 	EXP 	pilot_lewa_etykieta: height = np.float64(0.085)
1.3414 	EXP 	pilot_lewa_etykieta: text = 'radość'
1.3414 	EXP 	pilot_prawa_etykieta: height = np.float64(0.085)
1.3414 	EXP 	pilot_prawa_etykieta: height = np.float64(0.085)
1.3414 	EXP 	pilot_prawa_etykieta: height = np.float64(0.085)
1.3414 	EXP 	pilot_prawa_etykieta: text = 'smutek'
1.3414 	EXP 	pilot_fiksacja1: autoDraw = True
1.3435 	EXP 	Device response: <KeyPress from None: t=1.2313761999830604, value=space, duration=0.08662059996277094>
1.8425 	EXP 	pilot_fiksacja1: autoDraw = False
1.9752 	EXP 	pilot_label_text: autoDraw = True
4.9841 	EXP 	pilot_label_text: autoDraw = False
5.1666 	EXP 	pilot_fiksacja2: autoDraw = True
5.6818 	EXP 	pilot_fiksacja2: autoDraw = False
5.8823 	EXP 	pilot_stim_image: autoDraw = True
6.7801 	EXP 	pilot_suwak: autoDraw = True
6.7801 	EXP 	pilot_pytanie: autoDraw = True
6.7801 	EXP 	pilot_lewa_etykieta: autoDraw = True
6.7801 	EXP 	pilot_prawa_etykieta: autoDraw = True
6.7957 	EXP 	pilot_stim_image: autoDraw = False
7.3115 	DATA 	Mouse: Left button down, pos=(1338,260)
7.3272 	EXP 	pilot_suwak: markerPos = np.float64(39.375)
7.3439 	EXP 	pilot_suwak: markerPos = np.float64(39.47916666666667)
7.3605 	EXP 	pilot_suwak: markerPos = np.float64(39.47916666666667)
7.3771 	EXP 	pilot_suwak: markerPos = np.float64(39.47916666666667)
7.3941 	EXP 	pilot_suwak: markerPos = np.float64(39.47916666666667)
7.4000 	DATA 	Mouse:  Left button up, pos=(1339,260)
7.4107 	EXP 	pilot_suwak: markerPos = np.float64(39.47916666666667)
7.4271 	EXP 	pilot_suwak: markerPos = np.float64(39.47916666666667)
7.4443 	INFO 	Keyboard events cleared
7.4442 	EXP 	pilot_label_text: autoDraw = False
7.4442 	EXP 	pilot_fiksacja1: autoDraw = False
7.4442 	EXP 	pilot_suwak: autoDraw = False
7.4442 	EXP 	pilot_fiksacja2: autoDraw = False
7.4442 	EXP 	pilot_pytanie: autoDraw = False
7.4442 	EXP 	pilot_lewa_etykieta: autoDraw = False
7.4442 	EXP 	pilot_prawa_etykieta: autoDraw = False
7.4442 	EXP 	pilot_stim_image: autoDraw = False
7.4442 	EXP 	start_badania: autoDraw = True
9.5055 	EXP 	Device response: <KeyPress from None: t=9.500865899957716, value=space, duration=None>
9.5425 	EXP 	Imported conditions.xlsx as conditions, 32 conditions, 9 params
9.5435 	EXP 	New trial (rep=0, index=0): <Trial 0 (0 in rep 0) data={'image_path': 'C:\\Users\\julia\\OneDrive\\Pulpit\\percepcja_psychopy\\photos\\Twarze 50,50\\SZ 50,50\\1K SZ 5050.png', 'etykieta': 'Model sztucznej inteligencji wykrył w tej twarzy 72% strachu .', 'left_label': 'strach', 'right_label': 'złość', 'show_label': 4, 'proporcja_zdjecia': '50/50', 'typ_etykiety': 'Procentowa AI', 'warunek': 'n/d', 'kierunek': 'Sugestia Lewo strach', 'thisN': 0, 'thisTrialN': 0, 'thisRepN': 0}>
9.6090 	EXP 	Device response: <KeyPress from None: t=9.500865899957716, value=space, duration=0.04465379996690899>
9.6101 	DATA 	Keypress: space
9.6129 	EXP 	start_badania: autoDraw = False
9.6129 	EXP 	przerwa_text: autoDraw = False
9.6129 	EXP 	label_text: height = np.float64(0.05)
9.6129 	EXP 	label_text: height = np.float64(0.05)
9.6129 	EXP 	label_text: height = np.float64(0.05)
9.6129 	EXP 	label_text: text = 'Model sztucznej inteligencji wykrył w tej twarzy 72% strachu .'
9.6129 	EXP 	label_text: height = np.float64(0.05)
9.6129 	EXP 	label_text: height = np.float64(0.05)
9.6129 	EXP 	label_text: height = np.float64(0.05)
9.6129 	EXP 	label_text: text = 'Model sztucznej inteligencji wykrył w tej twarzy 72% strachu .'
9.6129 	EXP 	stim_image: image = 'C:\\Users\\julia\\OneDrive\\Pulpit\\percepcja_psychopy\\photos\\Twarze 50,50\\SZ 50,50\\1K SZ 5050.png'
9.6129 	EXP 	suwak_badanie: markerPos = None
9.6129 	EXP 	suwak_badanie: markerPos = 0
9.6129 	EXP 	lewa_etykieta: height = np.float64(0.085)
9.6129 	EXP 	lewa_etykieta: height = np.float64(0.085)
9.6129 	EXP 	lewa_etykieta: height = np.float64(0.085)
9.6129 	EXP 	lewa_etykieta: text = 'strach'
9.6129 	EXP 	prawa_etykieta: height = np.float64(0.085)
9.6129 	EXP 	prawa_etykieta: height = np.float64(0.085)
9.6129 	EXP 	prawa_etykieta: height = np.float64(0.085)
9.6129 	EXP 	prawa_etykieta: text = 'złość'
9.6129 	EXP 	label_text: autoDraw = True
13.6271 	EXP 	label_text: autoDraw = False
13.7434 	EXP 	fiksacja2: autoDraw = True
13.9928 	EXP 	fiksacja2: autoDraw = False
14.2094 	EXP 	stim_image: autoDraw = True
15.4056 	EXP 	suwak_badanie: autoDraw = True
15.4056 	EXP 	lewa_etykieta: autoDraw = True
15.4056 	EXP 	prawa_etykieta: autoDraw = True
15.4056 	EXP 	pytanie: autoDraw = True
15.4222 	EXP 	stim_image: autoDraw = False
16.8696 	DATA 	Mouse: Left button down, pos=(1291,257)
16.8848 	EXP 	suwak_badanie: markerPos = np.float64(34.47916666666666)
16.9015 	EXP 	suwak_badanie: markerPos = np.float64(34.47916666666666)
16.9178 	EXP 	suwak_badanie: markerPos = np.float64(34.47916666666666)
16.9343 	EXP 	suwak_badanie: markerPos = np.float64(34.47916666666666)
16.9350 	DATA 	Mouse:  Left button up, pos=(1291,257)
16.9510 	EXP 	suwak_badanie: markerPos = np.float64(34.47916666666666)
16.9679 	EXP 	label_text: autoDraw = False
16.9679 	EXP 	stim_image: autoDraw = False
16.9679 	EXP 	suwak_badanie: autoDraw = False
16.9679 	EXP 	lewa_etykieta: autoDraw = False
16.9679 	EXP 	prawa_etykieta: autoDraw = False
16.9679 	EXP 	fiksacja2: autoDraw = False
16.9679 	EXP 	pytanie: autoDraw = False
16.9679 	EXP 	text: autoDraw = True
17.9666 	EXP 	New trial (rep=0, index=1): <Trial 1 (1 in rep 0) data={'image_path': 'C:\\Users\\julia\\OneDrive\\Pulpit\\percepcja_psychopy\\photos\\Twarze 80,20\\OZ 80,20\\1K OZ 8020.png', 'etykieta': 'Poprzedni badani wykryli w tej twarzy oczekiwanie.', 'left_label': 'zaskoczenie', 'right_label': 'oczekiwanie', 'show_label': 4, 'proporcja_zdjecia': '80/20 oczekiwanie', 'typ_etykiety': 'Kategorialna Ludzie', 'warunek': 'Zgodny', 'kierunek': 'Dominacja Prawo oczekiwanie', 'thisN': 1, 'thisTrialN': 1, 'thisRepN': 0}>
18.0414 	EXP 	text: autoDraw = False
18.0414 	EXP 	przerwa_text: autoDraw = False
18.0414 	EXP 	label_text: height = np.float64(0.05)
18.0414 	EXP 	label_text: height = np.float64(0.05)
18.0414 	EXP 	label_text: height = np.float64(0.05)
18.0414 	EXP 	label_text: text = 'Poprzedni badani wykryli w tej twarzy oczekiwanie.'
18.0414 	EXP 	label_text: height = np.float64(0.05)
18.0414 	EXP 	label_text: height = np.float64(0.05)
18.0414 	EXP 	label_text: height = np.float64(0.05)
18.0414 	EXP 	label_text: text = 'Poprzedni badani wykryli w tej twarzy oczekiwanie.'
18.0414 	EXP 	stim_image: image = 'C:\\Users\\julia\\OneDrive\\Pulpit\\percepcja_psychopy\\photos\\Twarze 80,20\\OZ 80,20\\1K OZ 8020.png'
18.0414 	EXP 	suwak_badanie: markerPos = None
18.0414 	EXP 	suwak_badanie: markerPos = 0
18.0414 	EXP 	lewa_etykieta: height = np.float64(0.085)
18.0414 	EXP 	lewa_etykieta: height = np.float64(0.085)
18.0414 	EXP 	lewa_etykieta: height = np.float64(0.085)
18.0414 	EXP 	lewa_etykieta: text = 'zaskoczenie'
18.0414 	EXP 	prawa_etykieta: height = np.float64(0.085)
18.0414 	EXP 	prawa_etykieta: height = np.float64(0.085)
18.0414 	EXP 	prawa_etykieta: height = np.float64(0.085)
18.0414 	EXP 	prawa_etykieta: text = 'oczekiwanie'
18.0414 	EXP 	label_text: autoDraw = True
22.0538 	EXP 	label_text: autoDraw = False
22.1705 	EXP 	fiksacja2: autoDraw = True
22.4197 	EXP 	fiksacja2: autoDraw = False
22.6201 	EXP 	stim_image: autoDraw = True
23.8163 	EXP 	suwak_badanie: autoDraw = True
23.8163 	EXP 	lewa_etykieta: autoDraw = True
23.8163 	EXP 	prawa_etykieta: autoDraw = True
23.8163 	EXP 	pytanie: autoDraw = True
23.8323 	EXP 	stim_image: autoDraw = False
24.6810 	DATA 	Mouse: Left button down, pos=(609,260)
24.6966 	EXP 	suwak_badanie: markerPos = np.float64(-36.5625)
24.7130 	EXP 	suwak_badanie: markerPos = np.float64(-36.5625)
24.7301 	EXP 	suwak_badanie: markerPos = np.float64(-36.5625)
24.7468 	EXP 	suwak_badanie: markerPos = np.float64(-36.5625)
24.7631 	EXP 	suwak_badanie: markerPos = np.float64(-36.5625)
24.7642 	DATA 	Mouse:  Left button up, pos=(609,260)
24.7799 	EXP 	suwak_badanie: markerPos = np.float64(-36.5625)
24.7967 	EXP 	label_text: autoDraw = False
24.7967 	EXP 	stim_image: autoDraw = False
24.7967 	EXP 	suwak_badanie: autoDraw = False
24.7967 	EXP 	lewa_etykieta: autoDraw = False
24.7967 	EXP 	prawa_etykieta: autoDraw = False
24.7967 	EXP 	fiksacja2: autoDraw = False
24.7967 	EXP 	pytanie: autoDraw = False
24.7967 	EXP 	text: autoDraw = True
25.7954 	EXP 	New trial (rep=0, index=2): <Trial 2 (2 in rep 0) data={'image_path': 'C:\\Users\\julia\\OneDrive\\Pulpit\\percepcja_psychopy\\photos\\Twarze 50,50\\RS 50,50\\1K RS 5050.png', 'etykieta': 'test', 'left_label': 'radość', 'right_label': 'smutek', 'show_label': 0, 'proporcja_zdjecia': '50/50', 'typ_etykiety': 'Kontrolna', 'warunek': 'kontrolny', 'kierunek': 'Brak', 'thisN': 2, 'thisTrialN': 2, 'thisRepN': 0}>
25.8625 	EXP 	text: autoDraw = False
25.8625 	EXP 	przerwa_text: autoDraw = False
25.8625 	EXP 	label_text: height = np.float64(0.05)
25.8625 	EXP 	label_text: height = np.float64(0.05)
25.8625 	EXP 	label_text: height = np.float64(0.05)
25.8625 	EXP 	label_text: text = ''
25.8625 	EXP 	label_text: height = np.float64(0.05)
25.8625 	EXP 	label_text: height = np.float64(0.05)
25.8625 	EXP 	label_text: height = np.float64(0.05)
25.8625 	EXP 	label_text: height = np.float64(0.05)
25.8625 	EXP 	label_text: height = np.float64(0.05)
25.8625 	EXP 	label_text: height = np.float64(0.05)
25.8625 	EXP 	label_text: text = 'test'
25.8625 	EXP 	stim_image: image = 'C:\\Users\\julia\\OneDrive\\Pulpit\\percepcja_psychopy\\photos\\Twarze 50,50\\RS 50,50\\1K RS 5050.png'
25.8625 	EXP 	suwak_badanie: markerPos = None
25.8625 	EXP 	suwak_badanie: markerPos = 0
25.8625 	EXP 	lewa_etykieta: height = np.float64(0.085)
25.8625 	EXP 	lewa_etykieta: height = np.float64(0.085)
25.8625 	EXP 	lewa_etykieta: height = np.float64(0.085)
25.8625 	EXP 	lewa_etykieta: text = 'radość'
25.8625 	EXP 	prawa_etykieta: height = np.float64(0.085)
25.8625 	EXP 	prawa_etykieta: height = np.float64(0.085)
25.8625 	EXP 	prawa_etykieta: height = np.float64(0.085)
25.8625 	EXP 	prawa_etykieta: text = 'smutek'
25.8625 	EXP 	label_text: autoDraw = True
25.8625 	EXP 	label_text: autoDraw = False
26.0099 	EXP 	fiksacja2: autoDraw = True
26.2590 	EXP 	fiksacja2: autoDraw = False
26.4597 	EXP 	stim_image: autoDraw = True
27.6556 	EXP 	suwak_badanie: autoDraw = True
27.6556 	EXP 	lewa_etykieta: autoDraw = True
27.6556 	EXP 	prawa_etykieta: autoDraw = True
27.6556 	EXP 	pytanie: autoDraw = True
27.6721 	EXP 	stim_image: autoDraw = False
29.4223 	DATA 	Mouse: Left button down, pos=(1317,273)
29.4506 	EXP 	suwak_badanie: markerPos = np.float64(37.1875)
29.4672 	EXP 	suwak_badanie: markerPos = np.float64(37.1875)
29.4839 	EXP 	suwak_badanie: markerPos = np.float64(37.1875)
29.5005 	EXP 	suwak_badanie: markerPos = np.float64(37.1875)
29.5169 	EXP 	suwak_badanie: markerPos = np.float64(37.1875)
29.5332 	EXP 	suwak_badanie: markerPos = np.float64(37.1875)
29.5499 	EXP 	suwak_badanie: markerPos = np.float64(37.1875)
29.5550 	DATA 	Mouse:  Left button up, pos=(1317,273)
29.5665 	EXP 	suwak_badanie: markerPos = np.float64(37.1875)
29.5831 	EXP 	suwak_badanie: markerPos = np.float64(37.1875)
29.6001 	EXP 	label_text: autoDraw = False
29.6001 	EXP 	stim_image: autoDraw = False
29.6001 	EXP 	suwak_badanie: autoDraw = False
29.6001 	EXP 	lewa_etykieta: autoDraw = False
29.6001 	EXP 	prawa_etykieta: autoDraw = False
29.6001 	EXP 	fiksacja2: autoDraw = False
29.6001 	EXP 	pytanie: autoDraw = False
29.6001 	EXP 	text: autoDraw = True
30.5989 	EXP 	New trial (rep=0, index=3): <Trial 3 (3 in rep 0) data={'image_path': 'C:\\Users\\julia\\OneDrive\\Pulpit\\percepcja_psychopy\\photos\\Twarze 80,20\\ZW 80,20\\1K ZW 8020.png', 'etykieta': 'Poprzedni badani wykryli w tej twarzy 20% zaufania.', 'left_label': 'zaufanie', 'right_label': 'wstręt', 'show_label': 4, 'proporcja_zdjecia': '80/20 zaufania', 'typ_etykiety': 'Procentowa Ludzie', 'warunek': 'Niezgodny', 'kierunek': 'Dominacja Lewo zaufanie', 'thisN': 3, 'thisTrialN': 3, 'thisRepN': 0}>
30.6809 	EXP 	text: autoDraw = False
30.6809 	EXP 	przerwa_text: autoDraw = False
30.6809 	EXP 	label_text: height = np.float64(0.05)
30.6809 	EXP 	label_text: height = np.float64(0.05)
30.6809 	EXP 	label_text: height = np.float64(0.05)
30.6809 	EXP 	label_text: text = 'Poprzedni badani wykryli w tej twarzy 20% zaufania.'
30.6809 	EXP 	label_text: height = np.float64(0.05)
30.6809 	EXP 	label_text: height = np.float64(0.05)
30.6809 	EXP 	label_text: height = np.float64(0.05)
30.6809 	EXP 	label_text: text = 'Poprzedni badani wykryli w tej twarzy 20% zaufania.'
30.6809 	EXP 	stim_image: image = 'C:\\Users\\julia\\OneDrive\\Pulpit\\percepcja_psychopy\\photos\\Twarze 80,20\\ZW 80,20\\1K ZW 8020.png'
30.6809 	EXP 	suwak_badanie: markerPos = None
30.6809 	EXP 	suwak_badanie: markerPos = 0
30.6809 	EXP 	lewa_etykieta: height = np.float64(0.085)
30.6809 	EXP 	lewa_etykieta: height = np.float64(0.085)
30.6809 	EXP 	lewa_etykieta: height = np.float64(0.085)
30.6809 	EXP 	lewa_etykieta: text = 'zaufanie'
30.6809 	EXP 	prawa_etykieta: height = np.float64(0.085)
30.6809 	EXP 	prawa_etykieta: height = np.float64(0.085)
30.6809 	EXP 	prawa_etykieta: height = np.float64(0.085)
30.6809 	EXP 	prawa_etykieta: text = 'wstręt'
30.6809 	EXP 	label_text: autoDraw = True
34.6861 	EXP 	label_text: autoDraw = False
34.8027 	EXP 	fiksacja2: autoDraw = True
35.0520 	EXP 	fiksacja2: autoDraw = False
35.2523 	EXP 	stim_image: autoDraw = True
36.4483 	EXP 	suwak_badanie: autoDraw = True
36.4483 	EXP 	lewa_etykieta: autoDraw = True
36.4483 	EXP 	prawa_etykieta: autoDraw = True
36.4483 	EXP 	pytanie: autoDraw = True
36.4648 	EXP 	stim_image: autoDraw = False
37.4459 	EXP 	Device response: <KeyPress from None: t=37.436037999927066, value=escape, duration=None>
37.4478 	DATA 	Keypress: escape
37.5951 	EXP 	Device response: <KeyPress from None: t=37.436037999927066, value=escape, duration=0.1556609000544995>
37.5952 	EXP 	untitled_FINAL_NEWEST: status = STOPPED
37.6112 	EXP 	suwak_badanie: autoDraw = False
37.6112 	EXP 	lewa_etykieta: autoDraw = False
37.6112 	EXP 	prawa_etykieta: autoDraw = False
37.6112 	EXP 	pytanie: autoDraw = False
37.6115 	EXP 	untitled_FINAL_NEWEST: status = STOPPED
37.6261 	INFO 	saved data to 'C:\\Users\\julia\\OneDrive\\Pulpit\\percepcja_psychopy\\data\\455917_untitled_FINAL_NEWEST_2026-04-25_21h16.05.379.csv'
37.6279 	INFO 	saved data to C:\Users\julia\OneDrive\Pulpit\percepcja_psychopy\data\455917_untitled_FINAL_NEWEST_2026-04-25_21h16.05.379.psydat
39.1858 	WARNING 	Stopping key buffers but this could be dangerous ifother keyboards rely on the same.
