8.7776 	INFO 	Loaded monitor calibration from ['2026_03_18 20:30']
8.8136 	WARNING 	User requested fullscreen with size [1090  800], but screen is actually [1920, 1080]. Using actual size
9.8654 	INFO 	Using renderer 'Intel(R) UHD Graphics' for graphics
9.8655 	INFO 	OpenGL version supported by driver is 4..
10.8819 	EXP 	Created window1 = Window(allowGUI=False, allowStencil=False, autoLog=True, backendConf=UNKNOWN, backgroundFit=<method-wrapper '__getattribute__' of attributeSetter object at 0x000001D360B34850>, backgroundImage=<method-wrapper '__getattribute__' of attributeSetter object at 0x000001D360B34BB0>, bitsMode=UNKNOWN, blendMode='avg', bpc=(8, 8, 8), color=array([0, 0, 0]), colorSpace='rgb', depthBits=8, fullscr=True, gamma=None, gammaErrorPolicy='raise', infoMsg=UNKNOWN, lms=UNKNOWN, monitor=<psychopy.monitors.calibTools.Monitor object at 0x000001D362842A10>, multiSample=False, name='window1', numSamples=2, pos=[np.float64(0.0), np.float64(0.0)], screen=0, size=array([1920, 1080]), stencilBits=0, stereo=False, title='PsychoPy', units='height', useFBO=True, useRetina=False, viewOri=0.0, viewPos=None, viewScale=None, waitBlanking=True, winType='pyglet')
10.8820 	EXP 	window1: backgroundImage = ''
10.8820 	EXP 	window1: backgroundFit = 'none'
11.3260 	EXP 	window1: Attempting to measure frame rate of screen (0) ...
11.3261 	EXP 	window1: recordFrameIntervals = False
11.4623 	EXP 	window1: recordFrameIntervals = True
13.1246 	EXP 	window1: recordFrameIntervals = False
13.1246 	EXP 	Screen (0) actual frame rate measured at 60.30Hz
13.2946 	INFO 	keyboard.Keyboard is using ptb backend.
13.2947 	EXP 	untitled_FINAL_NEWEST: status = STARTED
13.3251 	EXP 	Created label_text = TextStim(__class__=<class 'psychopy.visual.text.TextStim'>, alignHoriz=method-wrapper(...), alignText='center', alignVert=method-wrapper(...), anchorHoriz='center', anchorVert='center', antialias=True, autoDraw=False, autoLog=True, bold=False, color=array([1., 1., 1.]), colorSpace='rgb', contrast=1.0, depth=-3.0, draggable=False, flipHoriz=False, flipVert=False, font='Arial', fontFiles=[], height=0.05, italic=False, languageStyle='LTR', name='label_text', opacity=1, ori=0.0, pos=array([0., 0.]), rgb=UNKNOWN, text='', units='height', win=Window(...), wrapWidth=1)
13.3654 	EXP 	Created stim_image = ImageStim(__class__=<class 'psychopy.visual.image.ImageStim'>, anchor=('center', 'center'), autoLog=True, color=array([1., 1., 1.]), colorSpace='rgb', contrast=1.0, depth=-4.0, draggable=False, flipHoriz=np.False_, flipVert=np.False_, image='default.png', interpolate=True, mask=None, maskParams=None, name='stim_image', opacity=1, ori=0.0, pos=array([0., 0.]), size=array([0.5, 0.5]), texRes=128.0, units='height', win=Window(...))
13.3913 	EXP 	Created slider = Slider(__class__=<class 'psychopy.visual.slider.Slider'>, autoDraw=False, autoLog=True, borderColor=None, color=None, colorSpace='rgb', depth=-5, fillColor=None, flip=False, font='Noto Sans', granularity=0.0, labelColor=None, labelHeight=np.float64(0.05), labelWrapWidth=None, labels=None, lineColor=None, markerColor=None, name='slider', opacity=None, ori=0.0, pos=array([0. , 0.1]), readOnly=False, self=UNKNOWN, size=array([0.5, 0.1]), startValue=3, style='slider', styleTweaks=[], ticks=array([1, 2, 3, 4, 5]), units='norm', win=Window(...))
0.0025 	EXP 	slider: autoLog = True
0.0025 	EXP 	slider: styleTweaks = []
0.0025 	EXP 	slider: styleTweaks = []
0.0025 	EXP 	slider: styleTweaks = []
0.0025 	EXP 	slider: styleTweaks = []
0.0025 	EXP 	slider: contrast = 1.0
0.0025 	EXP 	slider: markerPos = 3
0.0025 	EXP 	slider: autoLog = True
0.0137 	EXP 	Imported C:/Users/julia/OneDrive/Pulpit/percepcja_psychopy/conditions.xlsx as conditions, 32 conditions, 5 params
0.0142 	EXP 	New trial (rep=0, index=0): <Trial 0 (0 in rep 0) data={'image_path': 'C:\\Users\\julia\\OneDrive\\Pulpit\\percepcja_psychopy\\photos\\ee7bd76502e1d9aea7c74fc5bea75be9.jpg', 'etykieta': 'test', 'left_label': 'radość', 'right_label': 'smutek', 'show_label': 1, 'thisN': 0, 'thisTrialN': 0, 'thisRepN': 0}>
0.1021 	EXP 	label_text: height = np.float64(0.05)
0.1021 	EXP 	label_text: height = np.float64(0.05)
0.1021 	EXP 	label_text: height = np.float64(0.05)
0.1021 	EXP 	label_text: text = 'test'
0.1021 	EXP 	stim_image: image = 'C:\\Users\\julia\\OneDrive\\Pulpit\\percepcja_psychopy\\photos\\ee7bd76502e1d9aea7c74fc5bea75be9.jpg'
0.1021 	EXP 	slider: markerPos = None
0.1021 	EXP 	slider: markerPos = 3
0.1021 	EXP 	label_text: autoDraw = True
1.0180 	EXP 	stim_image: autoDraw = True
1.1127 	EXP 	label_text: autoDraw = False
2.0102 	EXP 	slider: autoDraw = True
2.0271 	EXP 	stim_image: autoDraw = False
4.3076 	DATA 	Mouse: Left button down, pos=(972,599)
4.3372 	EXP 	slider: markerPos = np.float64(3.1)
4.3540 	EXP 	slider: markerPos = np.float64(3.1)
4.3704 	EXP 	slider: markerPos = np.float64(3.1)
4.3873 	EXP 	slider: markerPos = np.float64(3.1)
4.4038 	EXP 	slider: markerPos = np.float64(3.1)
4.4204 	EXP 	slider: markerPos = np.float64(3.1)
4.4371 	EXP 	slider: markerPos = np.float64(3.1)
4.4538 	EXP 	slider: markerPos = np.float64(3.1)
4.4704 	EXP 	slider: markerPos = np.float64(3.1)
4.4867 	EXP 	slider: markerPos = np.float64(3.1)
4.5033 	EXP 	slider: markerPos = np.float64(3.1166666666666667)
4.5202 	EXP 	slider: markerPos = np.float64(3.158333333333333)
4.5366 	EXP 	slider: markerPos = np.float64(3.25)
4.5531 	EXP 	slider: markerPos = np.float64(3.35)
4.5699 	EXP 	slider: markerPos = np.float64(3.4333333333333336)
4.5865 	EXP 	slider: markerPos = np.float64(3.5166666666666666)
4.6030 	EXP 	slider: markerPos = np.float64(3.6)
4.6196 	EXP 	slider: markerPos = np.float64(3.6666666666666665)
4.6363 	EXP 	slider: markerPos = np.float64(3.7)
4.6530 	EXP 	slider: markerPos = np.float64(3.7333333333333334)
4.6696 	EXP 	slider: markerPos = np.float64(3.7583333333333333)
4.6861 	EXP 	slider: markerPos = np.float64(3.8)
4.7031 	EXP 	slider: markerPos = np.float64(3.8083333333333336)
4.7194 	EXP 	slider: markerPos = np.float64(3.8166666666666664)
4.7364 	EXP 	slider: markerPos = np.float64(3.8333333333333335)
4.7529 	EXP 	slider: markerPos = np.float64(3.8583333333333334)
4.7694 	EXP 	slider: markerPos = np.float64(3.8916666666666666)
4.7859 	EXP 	slider: markerPos = np.float64(3.9166666666666665)
4.8026 	EXP 	slider: markerPos = np.float64(3.925)
4.8192 	EXP 	slider: markerPos = np.float64(3.9333333333333336)
4.8356 	EXP 	slider: markerPos = np.float64(3.9333333333333336)
4.8523 	EXP 	slider: markerPos = np.float64(3.9583333333333335)
4.8691 	EXP 	slider: markerPos = np.float64(3.9833333333333334)
4.8857 	EXP 	slider: markerPos = np.float64(4.0)
4.9022 	EXP 	slider: markerPos = np.float64(4.025)
4.9192 	EXP 	slider: markerPos = np.float64(4.075)
4.9355 	EXP 	slider: markerPos = np.float64(4.091666666666667)
4.9521 	EXP 	slider: markerPos = np.float64(4.125)
4.9690 	EXP 	slider: markerPos = np.float64(4.158333333333333)
4.9855 	EXP 	slider: markerPos = np.float64(4.175)
5.0020 	EXP 	slider: markerPos = np.float64(4.2)
5.0186 	EXP 	slider: markerPos = np.float64(4.225)
5.0352 	EXP 	slider: markerPos = np.float64(4.266666666666667)
5.0521 	EXP 	slider: markerPos = np.float64(4.316666666666666)
5.0686 	EXP 	slider: markerPos = np.float64(4.333333333333333)
5.0851 	EXP 	slider: markerPos = np.float64(4.366666666666667)
5.1017 	EXP 	slider: markerPos = np.float64(4.375)
5.1186 	EXP 	slider: markerPos = np.float64(4.408333333333333)
5.1353 	EXP 	slider: markerPos = np.float64(4.408333333333333)
5.1518 	EXP 	slider: markerPos = np.float64(4.408333333333333)
5.1682 	EXP 	slider: markerPos = np.float64(4.408333333333333)
5.1850 	EXP 	slider: markerPos = np.float64(4.416666666666667)
5.2015 	EXP 	slider: markerPos = np.float64(4.416666666666667)
5.2077 	DATA 	Mouse:  Left button up, pos=(1131,590)
5.2181 	EXP 	slider: markerPos = np.float64(4.425)
5.2346 	EXP 	slider: markerPos = np.float64(4.425)
5.2362 	EXP 	New trial (rep=0, index=1): <Trial 1 (1 in rep 0) data={'image_path': 'C:\\Users\\julia\\OneDrive\\Pulpit\\percepcja_psychopy\\photos\\ee7bd76502e1d9aea7c74fc5bea75be9.jpg', 'etykieta': 'test', 'left_label': 'strach', 'right_label': 'złość', 'show_label': 1, 'thisN': 1, 'thisTrialN': 1, 'thisRepN': 0}>
5.2519 	EXP 	label_text: autoDraw = False
5.2519 	EXP 	stim_image: autoDraw = False
5.2519 	EXP 	slider: autoDraw = False
5.2519 	EXP 	label_text: text = 'test'
5.2519 	EXP 	stim_image: image = 'C:\\Users\\julia\\OneDrive\\Pulpit\\percepcja_psychopy\\photos\\ee7bd76502e1d9aea7c74fc5bea75be9.jpg'
5.2519 	EXP 	slider: markerPos = None
5.2519 	EXP 	slider: markerPos = 3
5.2519 	EXP 	label_text: autoDraw = True
6.2490 	EXP 	stim_image: autoDraw = True
6.2656 	EXP 	label_text: autoDraw = False
7.2462 	EXP 	slider: autoDraw = True
7.2628 	EXP 	stim_image: autoDraw = False
8.0285 	DATA 	Mouse: Left button down, pos=(968,580)
8.0435 	EXP 	slider: markerPos = np.float64(3.066666666666667)
8.0603 	EXP 	slider: markerPos = np.float64(3.066666666666667)
8.0769 	EXP 	slider: markerPos = np.float64(3.033333333333333)
8.0935 	EXP 	slider: markerPos = np.float64(3.0)
8.1100 	EXP 	slider: markerPos = np.float64(2.9333333333333336)
8.1270 	EXP 	slider: markerPos = np.float64(2.8583333333333334)
8.1436 	EXP 	slider: markerPos = np.float64(2.65)
8.1600 	EXP 	slider: markerPos = np.float64(2.408333333333333)
8.1766 	EXP 	slider: markerPos = np.float64(2.2666666666666666)
8.1935 	EXP 	slider: markerPos = np.float64(2.125)
8.2101 	EXP 	slider: markerPos = np.float64(2.025)
8.2265 	EXP 	slider: markerPos = np.float64(1.875)
8.2431 	EXP 	slider: markerPos = np.float64(1.7916666666666665)
8.2597 	EXP 	slider: markerPos = np.float64(1.7083333333333333)
8.2766 	EXP 	slider: markerPos = np.float64(1.6333333333333333)
8.2932 	EXP 	slider: markerPos = np.float64(1.575)
8.3097 	EXP 	slider: markerPos = np.float64(1.5333333333333334)
8.3262 	EXP 	slider: markerPos = np.float64(1.525)
8.3429 	EXP 	slider: markerPos = np.float64(1.525)
8.3596 	EXP 	slider: markerPos = np.float64(1.525)
8.3765 	EXP 	slider: markerPos = np.float64(1.525)
8.3929 	EXP 	slider: markerPos = np.float64(1.5166666666666666)
8.4096 	EXP 	slider: markerPos = np.float64(1.5166666666666666)
8.4263 	EXP 	slider: markerPos = np.float64(1.5166666666666666)
8.4428 	EXP 	slider: markerPos = np.float64(1.5166666666666666)
8.4595 	EXP 	slider: markerPos = np.float64(1.5166666666666666)
8.4761 	EXP 	slider: markerPos = np.float64(1.5166666666666666)
8.4927 	EXP 	slider: markerPos = np.float64(1.5166666666666666)
8.4992 	DATA 	Mouse:  Left button up, pos=(782,579)
8.5094 	EXP 	slider: markerPos = np.float64(1.5166666666666666)
8.5257 	EXP 	slider: markerPos = np.float64(1.5166666666666666)
8.5273 	EXP 	New trial (rep=0, index=2): <Trial 2 (2 in rep 0) data={'image_path': 'C:\\Users\\julia\\OneDrive\\Pulpit\\percepcja_psychopy\\photos\\ee7bd76502e1d9aea7c74fc5bea75be9.jpg', 'etykieta': 'test', 'left_label': 'zaufanie', 'right_label': 'wstręt', 'show_label': 1, 'thisN': 2, 'thisTrialN': 2, 'thisRepN': 0}>
8.5430 	EXP 	label_text: autoDraw = False
8.5430 	EXP 	stim_image: autoDraw = False
8.5430 	EXP 	slider: autoDraw = False
8.5430 	EXP 	label_text: text = 'test'
8.5430 	EXP 	stim_image: image = 'C:\\Users\\julia\\OneDrive\\Pulpit\\percepcja_psychopy\\photos\\ee7bd76502e1d9aea7c74fc5bea75be9.jpg'
8.5430 	EXP 	slider: markerPos = None
8.5430 	EXP 	slider: markerPos = 3
8.5430 	EXP 	label_text: autoDraw = True
9.5401 	EXP 	stim_image: autoDraw = True
9.5569 	EXP 	label_text: autoDraw = False
9.8772 	EXP 	Device response: <KeyPress from None: t=9.841910300019663, value=escape, duration=None>
9.8783 	DATA 	Keypress: escape
9.9561 	EXP 	Device response: <KeyPress from None: t=9.841910300019663, value=escape, duration=0.1055218999972567>
9.9561 	EXP 	untitled_FINAL_NEWEST: status = STOPPED
9.9720 	EXP 	stim_image: autoDraw = False
9.9722 	EXP 	untitled_FINAL_NEWEST: status = STOPPED
9.9803 	INFO 	saved data to 'C:\\Users\\julia\\OneDrive\\Pulpit\\percepcja_psychopy\\data\\462233_untitled_FINAL_NEWEST_2026-04-20_14h20.22.189.csv'
9.9833 	INFO 	saved data to C:\Users\julia\OneDrive\Pulpit\percepcja_psychopy\data\462233_untitled_FINAL_NEWEST_2026-04-20_14h20.22.189.psydat
11.3123 	WARNING 	Stopping key buffers but this could be dangerous ifother keyboards rely on the same.
