10.7118 	INFO 	Loaded monitor calibration from ['2026_03_18 20:30']
10.7599 	WARNING 	User requested fullscreen with size [1090  800], but screen is actually [1920, 1080]. Using actual size
11.9173 	INFO 	Using renderer 'Intel(R) UHD Graphics' for graphics
11.9174 	INFO 	OpenGL version supported by driver is 4..
12.9972 	EXP 	Created window1 = Window(allowGUI=False, allowStencil=True, autoLog=True, backendConf=UNKNOWN, backgroundFit=<method-wrapper '__getattribute__' of attributeSetter object at 0x0000027ED6F07370>, backgroundImage=<method-wrapper '__getattribute__' of attributeSetter object at 0x0000027ED6F073D0>, bitsMode=UNKNOWN, blendMode='avg', bpc=(8, 8, 8), color=array([0.6549, 0.6549, 0.6549]), colorSpace='rgb', depthBits=8, fullscr=True, gamma=None, gammaErrorPolicy='raise', infoMsg=UNKNOWN, lms=UNKNOWN, monitor=<psychopy.monitors.calibTools.Monitor object at 0x0000027ED7017F70>, multiSample=False, name='window1', numSamples=2, pos=[np.float64(0.0), np.float64(0.0)], screen=0, size=array([1920, 1080]), stencilBits=8, stereo=False, title='PsychoPy', units='height', useFBO=True, useRetina=False, viewOri=0.0, viewPos=None, viewScale=None, waitBlanking=True, winType='pyglet')
12.9973 	EXP 	window1: backgroundImage = ''
12.9973 	EXP 	window1: backgroundFit = 'none'
13.1709 	INFO 	keyboard.Keyboard is using ptb backend.
13.1710 	EXP 	percepcja_wersja_finalna: status = STARTED
13.4540 	EXP 	Created suwaki_interpretacja = ImageStim(__class__=<class 'psychopy.visual.image.ImageStim'>, anchor=('center', 'center'), autoLog=True, color=array([1., 1., 1.]), colorSpace='rgb', contrast=1.0, depth=-3.0, draggable=False, flipHoriz=np.False_, flipVert=np.False_, image='photos/suwaki_instrukcja.png', interpolate=True, mask=None, maskParams=None, name='suwaki_interpretacja', opacity=1, ori=0.0, pos=array([ 0. , -0.2]), size=array([1.  , 0.75]), texRes=128.0, units='norm', win=Window(...))
13.6662 	EXP 	Created proba_testowa = TextStim(__class__=<class 'psychopy.visual.text.TextStim'>, alignHoriz=method-wrapper(...), alignText='center', alignVert=method-wrapper(...), anchorHoriz='center', anchorVert='center', antialias=True, autoDraw=False, autoLog=True, bold=False, color=array([-1., -1., -1.]), colorSpace='rgb', contrast=1.0, depth=-2.0, draggable=False, flipHoriz=False, flipVert=False, font='Arial', fontFiles=[], height=np.float64(0.04), italic=False, languageStyle='LTR', name='proba_testowa', opacity=1, ori=0.0, pos=array([0., 0.]), rgb=UNKNOWN, text=str(...), units='height', win=Window(...), wrapWidth=1.4)
13.6677 	EXP 	Created pilot_label_text = TextStim(__class__=<class 'psychopy.visual.text.TextStim'>, alignHoriz=method-wrapper(...), alignText='center', alignVert=method-wrapper(...), anchorHoriz='center', anchorVert='center', antialias=True, autoDraw=False, autoLog=True, bold=False, color=array([-1., -1., -1.]), colorSpace='rgb', contrast=1.0, depth=-1.0, draggable=False, flipHoriz=False, flipVert=False, font='Arial', fontFiles=[], height=0.05, italic=False, languageStyle='LTR', name='pilot_label_text', opacity=1, ori=0.0, pos=array([0., 0.]), rgb=UNKNOWN, text='', units='height', win=Window(...), wrapWidth=1)
13.6789 	EXP 	Created pilot_fiksacja1 = TextStim(__class__=<class 'psychopy.visual.text.TextStim'>, alignHoriz=method-wrapper(...), alignText='center', alignVert=method-wrapper(...), anchorHoriz='center', anchorVert='center', antialias=True, autoDraw=False, autoLog=True, bold=False, color=array([-1., -1., -1.]), colorSpace='rgb', contrast=1.0, depth=-2.0, draggable=False, flipHoriz=False, flipVert=False, font='Courier New', fontFiles=[], height=np.float64(0.1), italic=False, languageStyle='LTR', name='pilot_fiksacja1', opacity=1, ori=0.0, pos=array([0., 0.]), rgb=UNKNOWN, text='+', units='height', win=Window(...), wrapWidth=1)
13.7264 	EXP 	Created pilot_suwak = Slider(__class__=<class 'psychopy.visual.slider.Slider'>, autoDraw=False, autoLog=True, borderColor=None, color=None, colorSpace='rgb', depth=-3, fillColor=None, flip=False, font='Noto Sans', granularity=0.0, labelColor=None, labelHeight=np.float64(0.05), labelWrapWidth=None, labels=None, lineColor=None, markerColor=None, name='pilot_suwak', opacity=None, ori=0.0, pos=array([ 0. , -0.5]), readOnly=False, self=UNKNOWN, size=array([1. , 0.1]), startValue=0, style='slider', styleTweaks=[], ticks=array([-50, -25,   0,  25,  50]), units='norm', win=Window(...))
13.7303 	EXP 	Created pilot_fiksacja2 = TextStim(__class__=<class 'psychopy.visual.text.TextStim'>, alignHoriz=method-wrapper(...), alignText='center', alignVert=method-wrapper(...), anchorHoriz='center', anchorVert='center', antialias=True, autoDraw=False, autoLog=True, bold=False, color=array([-1., -1., -1.]), colorSpace='rgb', contrast=1.0, depth=-4.0, draggable=False, flipHoriz=False, flipVert=False, font='Courier New', fontFiles=[], height=np.float64(0.1), italic=False, languageStyle='LTR', name='pilot_fiksacja2', opacity=1, ori=0.0, pos=array([0., 0.]), rgb=UNKNOWN, text='+', units='height', win=Window(...), wrapWidth=1)
13.7498 	EXP 	Created pilot_pytanie = TextStim(__class__=<class 'psychopy.visual.text.TextStim'>, alignHoriz=method-wrapper(...), alignText='center', alignVert=method-wrapper(...), anchorHoriz='center', anchorVert='center', antialias=True, autoDraw=False, autoLog=True, bold=False, color=array([-1., -1., -1.]), colorSpace='rgb', contrast=1.0, depth=-5.0, draggable=False, flipHoriz=False, flipVert=False, font='Arial', fontFiles=[], height=np.float64(0.05), italic=False, languageStyle='LTR', name='pilot_pytanie', opacity=1, ori=0.0, pos=array([0., 0.]), rgb=UNKNOWN, text='Jaką emocję wyrażała ta twarz?', units='height', win=Window(...), wrapWidth=1)
13.7510 	EXP 	Created pilot_lewa_etykieta = TextStim(__class__=<class 'psychopy.visual.text.TextStim'>, alignHoriz=method-wrapper(...), alignText='center', alignVert=method-wrapper(...), anchorHoriz='center', anchorVert='center', antialias=True, autoDraw=False, autoLog=True, bold=False, color=array([-1., -1., -1.]), colorSpace='rgb', contrast=1.0, depth=-6.0, draggable=False, flipHoriz=False, flipVert=False, font='Arial', fontFiles=[], height=0.085, italic=False, languageStyle='LTR', name='pilot_lewa_etykieta', opacity=1, ori=0.0, pos=array([-0.6, -0.5]), rgb=UNKNOWN, text='', units='norm', win=Window(...), wrapWidth=1)
13.7516 	EXP 	Created pilot_prawa_etykieta = TextStim(__class__=<class 'psychopy.visual.text.TextStim'>, alignHoriz=method-wrapper(...), alignText='center', alignVert=method-wrapper(...), anchorHoriz='center', anchorVert='center', antialias=True, autoDraw=False, autoLog=True, bold=False, color=array([-1., -1., -1.]), colorSpace='rgb', contrast=1.0, depth=-7.0, draggable=False, flipHoriz=False, flipVert=False, font='Arial', fontFiles=[], height=0.085, italic=False, languageStyle='LTR', name='pilot_prawa_etykieta', opacity=1, ori=0.0, pos=array([ 0.6, -0.5]), rgb=UNKNOWN, text='', units='norm', win=Window(...), wrapWidth=1)
13.7881 	EXP 	Created pilot_stim_image = ImageStim(__class__=<class 'psychopy.visual.image.ImageStim'>, anchor=('center', 'center'), autoLog=True, color=array([1., 1., 1.]), colorSpace='rgb', contrast=1.0, depth=-8.0, draggable=False, flipHoriz=np.False_, flipVert=np.False_, image='photos/twarz_testowa.jpg', interpolate=True, mask=None, maskParams=None, name='pilot_stim_image', opacity=1, ori=0.0, pos=array([0., 0.]), size=array([0.75, 0.75]), texRes=128.0, units='height', win=Window(...))
13.8310 	EXP 	Created start_badania = TextStim(__class__=<class 'psychopy.visual.text.TextStim'>, alignHoriz=method-wrapper(...), alignText='center', alignVert=method-wrapper(...), anchorHoriz='center', anchorVert='center', antialias=True, autoDraw=False, autoLog=True, bold=False, color=array([-1., -1., -1.]), colorSpace='rgb', contrast=1.0, depth=-2.0, draggable=False, flipHoriz=False, flipVert=False, font='Arial', fontFiles=[], height=np.float64(0.1), italic=False, languageStyle='LTR', name='start_badania', opacity=1, ori=0.0, pos=array([0., 0.]), rgb=UNKNOWN, text=str(...), units='norm', win=Window(...), wrapWidth=1.4)
13.8376 	EXP 	Created przerwa_text = TextStim(__class__=<class 'psychopy.visual.text.TextStim'>, alignHoriz=method-wrapper(...), alignText='center', alignVert=method-wrapper(...), anchorHoriz='center', anchorVert='center', antialias=True, autoDraw=False, autoLog=True, bold=False, color=array([-1., -1., -1.]), colorSpace='rgb', contrast=1.0, depth=0.0, draggable=False, flipHoriz=False, flipVert=False, font='Arial', fontFiles=[], height=np.float64(0.1), italic=False, languageStyle='LTR', name='przerwa_text', opacity=1, ori=0.0, pos=array([0., 0.]), rgb=UNKNOWN, text=str(...), units='norm', win=Window(...), wrapWidth=1)
13.8383 	EXP 	Created label_text = TextStim(__class__=<class 'psychopy.visual.text.TextStim'>, alignHoriz=method-wrapper(...), alignText='center', alignVert=method-wrapper(...), anchorHoriz='center', anchorVert='center', antialias=True, autoDraw=False, autoLog=True, bold=False, color=array([-1., -1., -1.]), colorSpace='rgb', contrast=1.0, depth=-2.0, draggable=False, flipHoriz=False, flipVert=False, font='Arial', fontFiles=[], height=0.05, italic=False, languageStyle='LTR', name='label_text', opacity=1, ori=0.0, pos=array([0., 0.]), rgb=UNKNOWN, text='', units='height', win=Window(...), wrapWidth=1.3)
13.8438 	EXP 	Created stim_image = ImageStim(__class__=<class 'psychopy.visual.image.ImageStim'>, anchor=('center', 'center'), autoLog=True, color=array([1., 1., 1.]), colorSpace='rgb', contrast=1.0, depth=-3.0, draggable=False, flipHoriz=np.False_, flipVert=np.False_, image='default.png', interpolate=True, mask=None, maskParams=None, name='stim_image', opacity=1, ori=0.0, pos=array([0., 0.]), size=array([0.75, 0.75]), texRes=128.0, units='height', win=Window(...))
13.8560 	EXP 	Created suwak_badanie = Slider(__class__=<class 'psychopy.visual.slider.Slider'>, autoDraw=False, autoLog=True, borderColor=None, color=None, colorSpace='rgb', depth=-4, fillColor=None, flip=False, font='Noto Sans', granularity=0.0, labelColor=None, labelHeight=np.float64(0.05), labelWrapWidth=None, labels=None, lineColor=None, markerColor=None, name='suwak_badanie', opacity=None, ori=0.0, pos=array([ 0. , -0.5]), readOnly=False, self=UNKNOWN, size=array([1. , 0.1]), startValue=0, style='slider', styleTweaks=[], ticks=array([-50, -25,   0,  25,  50]), units='norm', win=Window(...))
13.8569 	EXP 	Created lewa_etykieta = TextStim(__class__=<class 'psychopy.visual.text.TextStim'>, alignHoriz=method-wrapper(...), alignText='center', alignVert=method-wrapper(...), anchorHoriz='center', anchorVert='center', antialias=True, autoDraw=False, autoLog=True, bold=False, color=array([-1., -1., -1.]), colorSpace='rgb', contrast=1.0, depth=-5.0, draggable=False, flipHoriz=False, flipVert=False, font='Arial', fontFiles=[], height=0.085, italic=False, languageStyle='LTR', name='lewa_etykieta', opacity=1, ori=0.0, pos=array([-0.65, -0.5 ]), rgb=UNKNOWN, text='', units='norm', win=Window(...), wrapWidth=1)
13.8576 	EXP 	Created prawa_etykieta = TextStim(__class__=<class 'psychopy.visual.text.TextStim'>, alignHoriz=method-wrapper(...), alignText='center', alignVert=method-wrapper(...), anchorHoriz='center', anchorVert='center', antialias=True, autoDraw=False, autoLog=True, bold=False, color=array([-1., -1., -1.]), colorSpace='rgb', contrast=1.0, depth=-6.0, draggable=False, flipHoriz=False, flipVert=False, font='Arial', fontFiles=[], height=0.085, italic=False, languageStyle='LTR', name='prawa_etykieta', opacity=1, ori=0.0, pos=array([ 0.65, -0.5 ]), rgb=UNKNOWN, text='', units='norm', win=Window(...), wrapWidth=1)
13.8599 	EXP 	Created fiksacja2 = TextStim(__class__=<class 'psychopy.visual.text.TextStim'>, alignHoriz=method-wrapper(...), alignText='center', alignVert=method-wrapper(...), anchorHoriz='center', anchorVert='center', antialias=True, autoDraw=False, autoLog=True, bold=False, color=array([-1., -1., -1.]), colorSpace='rgb', contrast=1.0, depth=-7.0, draggable=False, flipHoriz=False, flipVert=False, font='Courier New', fontFiles=[], height=np.float64(0.1), italic=False, languageStyle='LTR', name='fiksacja2', opacity=1, ori=0.0, pos=array([0., 0.]), rgb=UNKNOWN, text='+', units='height', win=Window(...), wrapWidth=1)
13.8637 	EXP 	Created pytanie = TextStim(__class__=<class 'psychopy.visual.text.TextStim'>, alignHoriz=method-wrapper(...), alignText='center', alignVert=method-wrapper(...), anchorHoriz='center', anchorVert='center', antialias=True, autoDraw=False, autoLog=True, bold=False, color=array([-1., -1., -1.]), colorSpace='rgb', contrast=1.0, depth=-8.0, draggable=False, flipHoriz=False, flipVert=False, font='Arial', fontFiles=[], height=np.float64(0.1), italic=False, languageStyle='LTR', name='pytanie', opacity=1, ori=0.0, pos=array([0., 0.]), rgb=UNKNOWN, text='Jaką emocję wyrażała ta twarz?', units='norm', win=Window(...), wrapWidth=1)
13.8652 	EXP 	Created text = TextStim(__class__=<class 'psychopy.visual.text.TextStim'>, alignHoriz=method-wrapper(...), alignText='center', alignVert=method-wrapper(...), anchorHoriz='center', anchorVert='center', antialias=True, autoDraw=False, autoLog=True, bold=False, color=array([1., 1., 1.]), colorSpace='rgb', contrast=1.0, depth=-1.0, draggable=False, flipHoriz=False, flipVert=False, font='Arial', fontFiles=[], height=np.float64(0.05), italic=False, languageStyle='LTR', name='text', opacity=1, ori=0.0, pos=array([0., 0.]), rgb=UNKNOWN, text='', units='height', win=Window(...), wrapWidth=1)
13.8818 	EXP 	Created podziekowania_text = TextStim(__class__=<class 'psychopy.visual.text.TextStim'>, alignHoriz=method-wrapper(...), alignText='center', alignVert=method-wrapper(...), anchorHoriz='center', anchorVert='center', antialias=True, autoDraw=False, autoLog=True, bold=False, color=array([-1., -1., -1.]), colorSpace='rgb', contrast=1.0, depth=0.0, draggable=False, flipHoriz=False, flipVert=False, font='Arial', fontFiles=[], height=np.float64(0.05), italic=False, languageStyle='LTR', name='podziekowania_text', opacity=1, ori=0.0, pos=array([0., 0.]), rgb=UNKNOWN, text=str(...), units='height', win=Window(...), wrapWidth=1)
0.0306 	EXP 	textbox_2: autoLog = True
0.0306 	EXP 	textbox_3: autoLog = True
0.0306 	EXP 	pilot_suwak: autoLog = True
0.0306 	EXP 	pilot_suwak: styleTweaks = []
0.0306 	EXP 	pilot_suwak: styleTweaks = []
0.0306 	EXP 	pilot_suwak: styleTweaks = []
0.0306 	EXP 	pilot_suwak: styleTweaks = []
0.0306 	EXP 	pilot_suwak: contrast = 1.0
0.0306 	EXP 	pilot_suwak: markerPos = 0
0.0306 	EXP 	pilot_suwak: autoLog = True
0.0306 	EXP 	suwak_badanie: autoLog = True
0.0306 	EXP 	suwak_badanie: styleTweaks = []
0.0306 	EXP 	suwak_badanie: styleTweaks = []
0.0306 	EXP 	suwak_badanie: styleTweaks = []
0.0306 	EXP 	suwak_badanie: styleTweaks = []
0.0306 	EXP 	suwak_badanie: contrast = 1.0
0.0306 	EXP 	suwak_badanie: markerPos = 0
0.0306 	EXP 	suwak_badanie: autoLog = True
0.0624 	INFO 	Keyboard events cleared
0.0621 	EXP 	textbox_2: autoDraw = True
128.9773 	EXP 	Device response: <KeyPress from None: t=128.94980229996145, value=space, duration=None>
128.9846 	DATA 	Keypress: space
128.9903 	INFO 	Keyboard events cleared
128.9902 	EXP 	textbox_2: autoDraw = False
128.9902 	EXP 	textbox_3: autoDraw = True
128.9902 	EXP 	suwaki_interpretacja: autoDraw = True
129.0887 	EXP 	Device response: <KeyPress from None: t=128.94980229996145, value=space, duration=0.13018800015561283>
152.8076 	EXP 	Device response: <KeyPress from None: t=152.79393839999102, value=space, duration=None>
152.8138 	DATA 	Keypress: space
152.8232 	INFO 	Keyboard events cleared
152.8230 	EXP 	textbox_3: autoDraw = False
152.8230 	EXP 	suwaki_interpretacja: autoDraw = False
152.8230 	EXP 	proba_testowa: autoDraw = True
152.9236 	EXP 	Device response: <KeyPress from None: t=152.79393839999102, value=space, duration=0.12749690003693104>
167.3171 	EXP 	Device response: <KeyPress from None: t=167.30907390010543, value=space, duration=None>
167.3420 	DATA 	Keypress: space
167.3446 	EXP 	proba_testowa: autoDraw = False
167.3446 	EXP 	pilot_label_text: height = np.float64(0.05)
167.3446 	EXP 	pilot_label_text: height = np.float64(0.05)
167.3446 	EXP 	pilot_label_text: height = np.float64(0.05)
167.3446 	EXP 	pilot_label_text: height = np.float64(0.05)
167.3446 	EXP 	pilot_label_text: height = np.float64(0.05)
167.3446 	EXP 	pilot_label_text: height = np.float64(0.05)
167.3446 	EXP 	pilot_label_text: text = 'Model AI wykrył w tej twarzy 80% radości.\n\n'
167.3446 	EXP 	pilot_suwak: markerPos = None
167.3446 	EXP 	pilot_suwak: markerPos = 0
167.3446 	EXP 	pilot_lewa_etykieta: height = np.float64(0.085)
167.3446 	EXP 	pilot_lewa_etykieta: height = np.float64(0.085)
167.3446 	EXP 	pilot_lewa_etykieta: height = np.float64(0.085)
167.3446 	EXP 	pilot_lewa_etykieta: text = 'radość'
167.3446 	EXP 	pilot_prawa_etykieta: height = np.float64(0.085)
167.3446 	EXP 	pilot_prawa_etykieta: height = np.float64(0.085)
167.3446 	EXP 	pilot_prawa_etykieta: height = np.float64(0.085)
167.3446 	EXP 	pilot_prawa_etykieta: text = 'smutek'
167.3446 	EXP 	pilot_fiksacja1: autoDraw = True
167.3837 	EXP 	Device response: <KeyPress from None: t=167.30907390010543, value=space, duration=0.060134299797937274>
168.0978 	EXP 	pilot_fiksacja1: autoDraw = False
168.2810 	EXP 	pilot_label_text: autoDraw = True
171.2893 	EXP 	pilot_label_text: autoDraw = False
171.4726 	EXP 	pilot_fiksacja2: autoDraw = True
172.2372 	EXP 	pilot_fiksacja2: autoDraw = False
172.4204 	EXP 	pilot_stim_image: autoDraw = True
173.7327 	EXP 	pilot_stim_image: autoDraw = False
173.8326 	EXP 	pilot_suwak: autoDraw = True
173.8326 	EXP 	pilot_pytanie: autoDraw = True
173.8326 	EXP 	pilot_lewa_etykieta: autoDraw = True
173.8326 	EXP 	pilot_prawa_etykieta: autoDraw = True
175.2139 	DATA 	Mouse: Left button down, pos=(1315,282)
175.2287 	EXP 	pilot_suwak: markerPos = np.float64(36.97916666666667)
175.2450 	EXP 	pilot_suwak: markerPos = np.float64(36.97916666666667)
175.2618 	EXP 	pilot_suwak: markerPos = np.float64(36.97916666666667)
175.2787 	EXP 	pilot_suwak: markerPos = np.float64(36.97916666666667)
175.2953 	EXP 	pilot_suwak: markerPos = np.float64(36.97916666666667)
175.2974 	DATA 	Mouse:  Left button up, pos=(1315,282)
175.3114 	EXP 	pilot_suwak: markerPos = np.float64(36.97916666666667)
175.3284 	INFO 	Keyboard events cleared
175.3282 	EXP 	pilot_label_text: autoDraw = False
175.3282 	EXP 	pilot_fiksacja1: autoDraw = False
175.3282 	EXP 	pilot_suwak: autoDraw = False
175.3282 	EXP 	pilot_fiksacja2: autoDraw = False
175.3282 	EXP 	pilot_pytanie: autoDraw = False
175.3282 	EXP 	pilot_lewa_etykieta: autoDraw = False
175.3282 	EXP 	pilot_prawa_etykieta: autoDraw = False
175.3282 	EXP 	pilot_stim_image: autoDraw = False
175.3282 	EXP 	start_badania: autoDraw = True
176.0772 	EXP 	Device response: <KeyPress from None: t=176.06865860009566, value=space, duration=None>
176.0976 	EXP 	Imported conditions.xlsx as conditions, 32 conditions, 9 params
176.0988 	EXP 	New trial (rep=0, index=0): <Trial 0 (0 in rep 0) data={'image_path': 'photos/1K_SZ_5050.png', 'etykieta': 'Model sztucznej inteligencji wykrył w tej twarzy 72% strachu.', 'left_label': 'strach', 'right_label': 'złość', 'show_label': 4, 'proporcja_zdjecia': '50/50', 'typ_etykiety': 'Procentowa AI', 'warunek': 'n/d', 'kierunek': 'Sugestia Lewo strach', 'thisN': 0, 'thisTrialN': 0, 'thisRepN': 0}>
176.1760 	EXP 	Device response: <KeyPress from None: t=176.06865860009566, value=space, duration=0.04985309997573495>
176.1772 	DATA 	Keypress: space
176.1800 	EXP 	start_badania: autoDraw = False
176.1800 	EXP 	przerwa_text: autoDraw = False
176.1800 	EXP 	label_text: height = np.float64(0.05)
176.1800 	EXP 	label_text: height = np.float64(0.05)
176.1800 	EXP 	label_text: height = np.float64(0.05)
176.1800 	EXP 	label_text: text = 'Model sztucznej inteligencji wykrył w tej twarzy 72% strachu.'
176.1800 	EXP 	label_text: height = np.float64(0.05)
176.1800 	EXP 	label_text: height = np.float64(0.05)
176.1800 	EXP 	label_text: height = np.float64(0.05)
176.1800 	EXP 	label_text: text = 'Model sztucznej inteligencji wykrył w tej twarzy 72% strachu.'
176.1800 	EXP 	stim_image: image = 'photos/1K_SZ_5050.png'
176.1800 	EXP 	suwak_badanie: markerPos = None
176.1800 	EXP 	suwak_badanie: markerPos = 0
176.1800 	EXP 	lewa_etykieta: height = np.float64(0.085)
176.1800 	EXP 	lewa_etykieta: height = np.float64(0.085)
176.1800 	EXP 	lewa_etykieta: height = np.float64(0.085)
176.1800 	EXP 	lewa_etykieta: text = 'strach'
176.1800 	EXP 	prawa_etykieta: height = np.float64(0.085)
176.1800 	EXP 	prawa_etykieta: height = np.float64(0.085)
176.1800 	EXP 	prawa_etykieta: height = np.float64(0.085)
176.1800 	EXP 	prawa_etykieta: text = 'złość'
176.1800 	EXP 	label_text: autoDraw = True
177.5572 	DATA 	Keypress: escape
177.5726 	EXP 	Device response: <KeyPress from None: t=177.55585450003855, value=escape, duration=None>
177.6888 	EXP 	Device response: <KeyPress from None: t=177.55585450003855, value=escape, duration=0.12444570008665323>
177.6889 	EXP 	percepcja_wersja_finalna: status = STOPPED
177.7053 	EXP 	label_text: autoDraw = False
177.7054 	EXP 	percepcja_wersja_finalna: status = STOPPED
177.7111 	INFO 	saved data to 'C:\\Users\\julia\\OneDrive\\Pulpit\\percepcja_psychopy\\data\\481941_percepcja_wersja_finalna_2026-05-04_10h04.50.725.csv'
177.7137 	INFO 	saved data to C:\Users\julia\OneDrive\Pulpit\percepcja_psychopy\data\481941_percepcja_wersja_finalna_2026-05-04_10h04.50.725.psydat
178.9751 	WARNING 	Stopping key buffers but this could be dangerous ifother keyboards rely on the same.
