13.1596 	INFO 	Loaded monitor calibration from ['2026_03_18 20:30']
13.2064 	WARNING 	User requested fullscreen with size [1090  800], but screen is actually [1920, 1080]. Using actual size
14.8358 	INFO 	Using renderer 'Intel(R) UHD Graphics' for graphics
14.8359 	INFO 	OpenGL version supported by driver is 4..
16.0953 	EXP 	Created window1 = Window(allowGUI=False, allowStencil=False, autoLog=True, backendConf=UNKNOWN, backgroundFit=<method-wrapper '__getattribute__' of attributeSetter object at 0x000001C52E7CECE0>, backgroundImage=<method-wrapper '__getattribute__' of attributeSetter object at 0x000001C52E7CED70>, bitsMode=UNKNOWN, blendMode='avg', bpc=(8, 8, 8), color=array([0.6549, 0.6549, 0.6549]), colorSpace='rgb', depthBits=8, fullscr=True, gamma=None, gammaErrorPolicy='raise', infoMsg=UNKNOWN, lms=UNKNOWN, monitor=<psychopy.monitors.calibTools.Monitor object at 0x000001C526CDB460>, multiSample=False, name='window1', numSamples=2, pos=[np.float64(0.0), np.float64(0.0)], screen=0, size=array([1920, 1080]), stencilBits=0, stereo=False, title='PsychoPy', units='height', useFBO=True, useRetina=False, viewOri=0.0, viewPos=None, viewScale=None, waitBlanking=True, winType='pyglet')
16.0955 	EXP 	window1: backgroundImage = ''
16.0955 	EXP 	window1: backgroundFit = 'none'
16.4827 	INFO 	keyboard.Keyboard is using ptb backend.
16.4827 	EXP 	untitled_FINAL_NEWEST: status = STARTED
16.7642 	EXP 	Created text_instr = TextStim(__class__=<class 'psychopy.visual.text.TextStim'>, alignHoriz=method-wrapper(...), alignText='center', alignVert=method-wrapper(...), anchorHoriz='center', anchorVert='center', antialias=True, autoDraw=False, autoLog=True, bold=False, color=array([-1., -1., -1.]), colorSpace='rgb', contrast=1.0, depth=-2.0, draggable=False, flipHoriz=False, flipVert=False, font='Arial', fontFiles=[], height=np.float64(0.04), italic=False, languageStyle='LTR', name='text_instr', opacity=1, ori=0.0, pos=array([0., 0.]), rgb=UNKNOWN, text=str(...), units='height', win=Window(...), wrapWidth=1.5)
16.8286 	EXP 	Created suwak_info = TextStim(__class__=<class 'psychopy.visual.text.TextStim'>, alignHoriz=method-wrapper(...), alignText='center', alignVert=method-wrapper(...), anchorHoriz='center', anchorVert='center', antialias=True, autoDraw=False, autoLog=True, bold=False, color=array([-1., -1., -1.]), colorSpace='rgb', contrast=1.0, depth=-1.0, draggable=False, flipHoriz=False, flipVert=False, font='Arial', fontFiles=[], height=np.float64(0.03), italic=False, languageStyle='LTR', name='suwak_info', opacity=1, ori=0.0, pos=array([0., 0.]), rgb=UNKNOWN, text=str(...), units='height', win=Window(...), wrapWidth=1.3)
16.8596 	EXP 	Created proba_testowa = TextStim(__class__=<class 'psychopy.visual.text.TextStim'>, alignHoriz=method-wrapper(...), alignText='center', alignVert=method-wrapper(...), anchorHoriz='center', anchorVert='center', antialias=True, autoDraw=False, autoLog=True, bold=False, color=array([-1., -1., -1.]), colorSpace='rgb', contrast=1.0, depth=-2.0, draggable=False, flipHoriz=False, flipVert=False, font='Arial', fontFiles=[], height=np.float64(0.04), italic=False, languageStyle='LTR', name='proba_testowa', opacity=1, ori=0.0, pos=array([0., 0.]), rgb=UNKNOWN, text=str(...), units='height', win=Window(...), wrapWidth=1.4)
16.8612 	EXP 	Created pilot_label_text = TextStim(__class__=<class 'psychopy.visual.text.TextStim'>, alignHoriz=method-wrapper(...), alignText='center', alignVert=method-wrapper(...), anchorHoriz='center', anchorVert='center', antialias=True, autoDraw=False, autoLog=True, bold=False, color=array([-1., -1., -1.]), colorSpace='rgb', contrast=1.0, depth=-1.0, draggable=False, flipHoriz=False, flipVert=False, font='Arial', fontFiles=[], height=0.05, italic=False, languageStyle='LTR', name='pilot_label_text', opacity=1, ori=0.0, pos=array([0., 0.]), rgb=UNKNOWN, text='', units='height', win=Window(...), wrapWidth=1.3)
16.8695 	EXP 	Created pilot_fiksacja1 = TextStim(__class__=<class 'psychopy.visual.text.TextStim'>, alignHoriz=method-wrapper(...), alignText='center', alignVert=method-wrapper(...), anchorHoriz='center', anchorVert='center', antialias=True, autoDraw=False, autoLog=True, bold=False, color=array([-1., -1., -1.]), colorSpace='rgb', contrast=1.0, depth=-2.0, draggable=False, flipHoriz=False, flipVert=False, font='Arial', fontFiles=[], height=np.float64(0.1), italic=False, languageStyle='LTR', name='pilot_fiksacja1', opacity=1, ori=0.0, pos=array([0., 0.]), rgb=UNKNOWN, text='+', units='height', win=Window(...), wrapWidth=1)
16.9169 	EXP 	Created pilot_suwak = Slider(__class__=<class 'psychopy.visual.slider.Slider'>, autoDraw=False, autoLog=True, borderColor=None, color=None, colorSpace='rgb', depth=-3, fillColor=None, flip=False, font='Noto Sans', granularity=0.0, labelColor=None, labelHeight=np.float64(0.05), labelWrapWidth=None, labels=None, lineColor=None, markerColor=None, name='pilot_suwak', opacity=None, ori=0.0, pos=array([ 0. , -0.5]), readOnly=False, self=UNKNOWN, size=array([1. , 0.1]), startValue=0, style='slider', styleTweaks=[], ticks=ndarray(...), units='norm', win=Window(...))
16.9197 	EXP 	Created pilot_fiksacja2 = TextStim(__class__=<class 'psychopy.visual.text.TextStim'>, alignHoriz=method-wrapper(...), alignText='center', alignVert=method-wrapper(...), anchorHoriz='center', anchorVert='center', antialias=True, autoDraw=False, autoLog=True, bold=False, color=array([-1., -1., -1.]), colorSpace='rgb', contrast=1.0, depth=-4.0, draggable=False, flipHoriz=False, flipVert=False, font='Arial', fontFiles=[], height=np.float64(0.1), italic=False, languageStyle='LTR', name='pilot_fiksacja2', opacity=1, ori=0.0, pos=array([0., 0.]), rgb=UNKNOWN, text='+', units='height', win=Window(...), wrapWidth=1)
16.9413 	EXP 	Created pilot_pytanie = TextStim(__class__=<class 'psychopy.visual.text.TextStim'>, alignHoriz=method-wrapper(...), alignText='center', alignVert=method-wrapper(...), anchorHoriz='center', anchorVert='center', antialias=True, autoDraw=False, autoLog=True, bold=False, color=array([-1., -1., -1.]), colorSpace='rgb', contrast=1.0, depth=-5.0, draggable=False, flipHoriz=False, flipVert=False, font='Arial', fontFiles=[], height=np.float64(0.1), italic=False, languageStyle='LTR', name='pilot_pytanie', opacity=1, ori=0.0, pos=array([0., 0.]), rgb=UNKNOWN, text='Jaką emocję wyrażała ta twarz?', units='norm', win=Window(...), wrapWidth=1)
16.9432 	EXP 	Created pilot_lewa_etykieta = TextStim(__class__=<class 'psychopy.visual.text.TextStim'>, alignHoriz=method-wrapper(...), alignText='center', alignVert=method-wrapper(...), anchorHoriz='center', anchorVert='center', antialias=True, autoDraw=False, autoLog=True, bold=False, color=array([-1., -1., -1.]), colorSpace='rgb', contrast=1.0, depth=-6.0, draggable=False, flipHoriz=False, flipVert=False, font='Arial', fontFiles=[], height=0.085, italic=False, languageStyle='LTR', name='pilot_lewa_etykieta', opacity=1, ori=0.0, pos=array([-0.6, -0.5]), rgb=UNKNOWN, text='', units='norm', win=Window(...), wrapWidth=1)
16.9444 	EXP 	Created pilot_prawa_etykieta = TextStim(__class__=<class 'psychopy.visual.text.TextStim'>, alignHoriz=method-wrapper(...), alignText='center', alignVert=method-wrapper(...), anchorHoriz='center', anchorVert='center', antialias=True, autoDraw=False, autoLog=True, bold=False, color=array([-1., -1., -1.]), colorSpace='rgb', contrast=1.0, depth=-7.0, draggable=False, flipHoriz=False, flipVert=False, font='Arial', fontFiles=[], height=0.085, italic=False, languageStyle='LTR', name='pilot_prawa_etykieta', opacity=1, ori=0.0, pos=array([ 0.6, -0.5]), rgb=UNKNOWN, text='', units='norm', win=Window(...), wrapWidth=1)
17.1150 	EXP 	Created pilot_stim_image = ImageStim(__class__=<class 'psychopy.visual.image.ImageStim'>, anchor=('center', 'center'), autoLog=True, color=array([1., 1., 1.]), colorSpace='rgb', contrast=1.0, depth=-8.0, draggable=False, flipHoriz=np.False_, flipVert=np.False_, image='C:/Users/julia/OneDrive/Obrazy/IMG_2397.JPEG', interpolate=True, mask=None, maskParams=None, name='pilot_stim_image', opacity=1, ori=0.0, pos=array([0., 0.]), size=array([0.75, 0.75]), texRes=128.0, units='height', win=Window(...))
17.1998 	EXP 	Created start_badania = TextStim(__class__=<class 'psychopy.visual.text.TextStim'>, alignHoriz=method-wrapper(...), alignText='center', alignVert=method-wrapper(...), anchorHoriz='center', anchorVert='center', antialias=True, autoDraw=False, autoLog=True, bold=False, color=array([-1., -1., -1.]), colorSpace='rgb', contrast=1.0, depth=-2.0, draggable=False, flipHoriz=False, flipVert=False, font='Arial', fontFiles=[], height=np.float64(0.1), italic=False, languageStyle='LTR', name='start_badania', opacity=1, ori=0.0, pos=array([0., 0.]), rgb=UNKNOWN, text=str(...), units='norm', win=Window(...), wrapWidth=1.4)
17.2131 	EXP 	Created przerwa_text = TextStim(__class__=<class 'psychopy.visual.text.TextStim'>, alignHoriz=method-wrapper(...), alignText='center', alignVert=method-wrapper(...), anchorHoriz='center', anchorVert='center', antialias=True, autoDraw=False, autoLog=True, bold=False, color=array([-1., -1., -1.]), colorSpace='rgb', contrast=1.0, depth=0.0, draggable=False, flipHoriz=False, flipVert=False, font='Arial', fontFiles=[], height=np.float64(0.1), italic=False, languageStyle='LTR', name='przerwa_text', opacity=1, ori=0.0, pos=array([0., 0.]), rgb=UNKNOWN, text=str(...), units='norm', win=Window(...), wrapWidth=1)
17.2148 	EXP 	Created label_text = TextStim(__class__=<class 'psychopy.visual.text.TextStim'>, alignHoriz=method-wrapper(...), alignText='center', alignVert=method-wrapper(...), anchorHoriz='center', anchorVert='center', antialias=True, autoDraw=False, autoLog=True, bold=False, color=array([-1., -1., -1.]), colorSpace='rgb', contrast=1.0, depth=-2.0, draggable=False, flipHoriz=False, flipVert=False, font='Arial', fontFiles=[], height=0.05, italic=False, languageStyle='LTR', name='label_text', opacity=1, ori=0.0, pos=array([0., 0.]), rgb=UNKNOWN, text='', units='height', win=Window(...), wrapWidth=1.3)
17.2238 	EXP 	Created stim_image = ImageStim(__class__=<class 'psychopy.visual.image.ImageStim'>, anchor=('center', 'center'), autoLog=True, color=array([1., 1., 1.]), colorSpace='rgb', contrast=1.0, depth=-3.0, draggable=False, flipHoriz=np.False_, flipVert=np.False_, image='default.png', interpolate=True, mask=None, maskParams=None, name='stim_image', opacity=1, ori=0.0, pos=array([0., 0.]), size=array([0.75, 0.75]), texRes=128.0, units='height', win=Window(...))
17.2503 	EXP 	Created suwak_badanie = Slider(__class__=<class 'psychopy.visual.slider.Slider'>, autoDraw=False, autoLog=True, borderColor=None, color=None, colorSpace='rgb', depth=-4, fillColor=None, flip=False, font='Noto Sans', granularity=0.0, labelColor=None, labelHeight=np.float64(0.05), labelWrapWidth=None, labels=None, lineColor=None, markerColor=None, name='suwak_badanie', opacity=None, ori=0.0, pos=array([ 0. , -0.5]), readOnly=False, self=UNKNOWN, size=array([1. , 0.1]), startValue=0, style='slider', styleTweaks=[], ticks=ndarray(...), units='norm', win=Window(...))
17.2533 	EXP 	Created lewa_etykieta = TextStim(__class__=<class 'psychopy.visual.text.TextStim'>, alignHoriz=method-wrapper(...), alignText='center', alignVert=method-wrapper(...), anchorHoriz='center', anchorVert='center', antialias=True, autoDraw=False, autoLog=True, bold=False, color=array([-1., -1., -1.]), colorSpace='rgb', contrast=1.0, depth=-5.0, draggable=False, flipHoriz=False, flipVert=False, font='Arial', fontFiles=[], height=0.085, italic=False, languageStyle='LTR', name='lewa_etykieta', opacity=1, ori=0.0, pos=array([-0.65, -0.5 ]), rgb=UNKNOWN, text='', units='norm', win=Window(...), wrapWidth=1)
17.2553 	EXP 	Created prawa_etykieta = TextStim(__class__=<class 'psychopy.visual.text.TextStim'>, alignHoriz=method-wrapper(...), alignText='center', alignVert=method-wrapper(...), anchorHoriz='center', anchorVert='center', antialias=True, autoDraw=False, autoLog=True, bold=False, color=array([-1., -1., -1.]), colorSpace='rgb', contrast=1.0, depth=-6.0, draggable=False, flipHoriz=False, flipVert=False, font='Arial', fontFiles=[], height=0.085, italic=False, languageStyle='LTR', name='prawa_etykieta', opacity=1, ori=0.0, pos=array([ 0.65, -0.5 ]), rgb=UNKNOWN, text='', units='norm', win=Window(...), wrapWidth=1)
17.2602 	EXP 	Created fiksacja1 = TextStim(__class__=<class 'psychopy.visual.text.TextStim'>, alignHoriz=method-wrapper(...), alignText='center', alignVert=method-wrapper(...), anchorHoriz='center', anchorVert='center', antialias=True, autoDraw=False, autoLog=True, bold=False, color=array([-1., -1., -1.]), colorSpace='rgb', contrast=1.0, depth=-7.0, draggable=False, flipHoriz=False, flipVert=False, font='Arial', fontFiles=[], height=np.float64(0.1), italic=False, languageStyle='LTR', name='fiksacja1', opacity=1, ori=0.0, pos=array([0., 0.]), rgb=UNKNOWN, text='+', units='height', win=Window(...), wrapWidth=1)
17.2654 	EXP 	Created fiksacja2 = TextStim(__class__=<class 'psychopy.visual.text.TextStim'>, alignHoriz=method-wrapper(...), alignText='center', alignVert=method-wrapper(...), anchorHoriz='center', anchorVert='center', antialias=True, autoDraw=False, autoLog=True, bold=False, color=array([-1., -1., -1.]), colorSpace='rgb', contrast=1.0, depth=-8.0, draggable=False, flipHoriz=False, flipVert=False, font='Arial', fontFiles=[], height=np.float64(0.1), italic=False, languageStyle='LTR', name='fiksacja2', opacity=1, ori=0.0, pos=array([0., 0.]), rgb=UNKNOWN, text='+', units='height', win=Window(...), wrapWidth=1)
17.2741 	EXP 	Created pytanie = TextStim(__class__=<class 'psychopy.visual.text.TextStim'>, alignHoriz=method-wrapper(...), alignText='center', alignVert=method-wrapper(...), anchorHoriz='center', anchorVert='center', antialias=True, autoDraw=False, autoLog=True, bold=False, color=array([1., 1., 1.]), colorSpace='rgb', contrast=1.0, depth=-9.0, draggable=False, flipHoriz=False, flipVert=False, font='Arial', fontFiles=[], height=np.float64(0.1), italic=False, languageStyle='LTR', name='pytanie', opacity=1, ori=0.0, pos=array([0., 0.]), rgb=UNKNOWN, text='Jaką emocję wyrażała ta twarz?', units='norm', win=Window(...), wrapWidth=1)
17.2824 	EXP 	Created text = TextStim(__class__=<class 'psychopy.visual.text.TextStim'>, alignHoriz=method-wrapper(...), alignText='center', alignVert=method-wrapper(...), anchorHoriz='center', anchorVert='center', antialias=True, autoDraw=False, autoLog=True, bold=False, color=array([1., 1., 1.]), colorSpace='rgb', contrast=1.0, depth=0.0, draggable=False, flipHoriz=False, flipVert=False, font='Arial', fontFiles=[], height=np.float64(0.05), italic=False, languageStyle='LTR', name='text', opacity=1, ori=0.0, pos=array([0., 0.]), rgb=UNKNOWN, text='dzieki', units='height', win=Window(...), wrapWidth=1)
0.0478 	EXP 	pilot_suwak: autoLog = True
0.0478 	EXP 	pilot_suwak: styleTweaks = []
0.0478 	EXP 	pilot_suwak: styleTweaks = []
0.0478 	EXP 	pilot_suwak: styleTweaks = []
0.0478 	EXP 	pilot_suwak: styleTweaks = []
0.0478 	EXP 	pilot_suwak: contrast = 1.0
0.0478 	EXP 	pilot_suwak: markerPos = 0
0.0478 	EXP 	pilot_suwak: autoLog = True
0.0478 	EXP 	suwak_badanie: autoLog = True
0.0478 	EXP 	suwak_badanie: styleTweaks = []
0.0478 	EXP 	suwak_badanie: styleTweaks = []
0.0478 	EXP 	suwak_badanie: styleTweaks = []
0.0478 	EXP 	suwak_badanie: styleTweaks = []
0.0478 	EXP 	suwak_badanie: contrast = 1.0
0.0478 	EXP 	suwak_badanie: markerPos = 0
0.0478 	EXP 	suwak_badanie: autoLog = True
0.0699 	INFO 	Keyboard events cleared
0.0698 	EXP 	text_instr: autoDraw = True
6.3411 	EXP 	Device response: <KeyPress from None: t=6.317793600028381, value=space, duration=None>
6.3455 	DATA 	Keypress: space
6.3486 	INFO 	Keyboard events cleared
6.3484 	EXP 	text_instr: autoDraw = False
6.3484 	EXP 	suwak_info: autoDraw = True
6.4867 	EXP 	Device response: <KeyPress from None: t=6.317793600028381, value=space, duration=0.15409560000989586>
8.4314 	EXP 	Device response: <KeyPress from None: t=8.42404950002674, value=space, duration=None>
8.4378 	DATA 	Keypress: space
8.4478 	INFO 	Keyboard events cleared
8.4477 	EXP 	suwak_info: autoDraw = False
8.4477 	EXP 	proba_testowa: autoDraw = True
8.5812 	EXP 	Device response: <KeyPress from None: t=8.42404950002674, value=space, duration=0.14496020000660792>
10.9909 	EXP 	Device response: <KeyPress from None: t=10.987130800029263, value=space, duration=None>
11.0798 	DATA 	Keypress: space
11.0824 	EXP 	proba_testowa: autoDraw = False
11.0824 	EXP 	pilot_label_text: height = np.float64(0.05)
11.0824 	EXP 	pilot_label_text: height = np.float64(0.05)
11.0824 	EXP 	pilot_label_text: height = np.float64(0.05)
11.0824 	EXP 	pilot_label_text: height = np.float64(0.05)
11.0824 	EXP 	pilot_label_text: height = np.float64(0.05)
11.0824 	EXP 	pilot_label_text: height = np.float64(0.05)
11.0824 	EXP 	pilot_label_text: text = 'Model AI wykrył w tej twarzy 80%\n'
11.0824 	EXP 	pilot_suwak: markerPos = None
11.0824 	EXP 	pilot_suwak: markerPos = 0
11.0824 	EXP 	pilot_lewa_etykieta: height = np.float64(0.085)
11.0824 	EXP 	pilot_lewa_etykieta: height = np.float64(0.085)
11.0824 	EXP 	pilot_lewa_etykieta: height = np.float64(0.085)
11.0824 	EXP 	pilot_lewa_etykieta: text = 'radość'
11.0824 	EXP 	pilot_prawa_etykieta: height = np.float64(0.085)
11.0824 	EXP 	pilot_prawa_etykieta: height = np.float64(0.085)
11.0824 	EXP 	pilot_prawa_etykieta: height = np.float64(0.085)
11.0824 	EXP 	pilot_prawa_etykieta: text = 'smutek'
11.0824 	EXP 	pilot_fiksacja1: autoDraw = True
11.1570 	EXP 	Device response: <KeyPress from None: t=10.987130800029263, value=space, duration=0.15422339999349788>
11.5887 	EXP 	pilot_fiksacja1: autoDraw = False
11.7052 	EXP 	pilot_label_text: autoDraw = True
14.7136 	EXP 	pilot_label_text: autoDraw = False
14.8965 	EXP 	pilot_fiksacja2: autoDraw = True
15.4117 	EXP 	pilot_fiksacja2: autoDraw = False
15.5956 	EXP 	pilot_stim_image: autoDraw = True
16.4930 	EXP 	pilot_suwak: autoDraw = True
16.4930 	EXP 	pilot_pytanie: autoDraw = True
16.4930 	EXP 	pilot_lewa_etykieta: autoDraw = True
16.4930 	EXP 	pilot_prawa_etykieta: autoDraw = True
16.5087 	EXP 	pilot_stim_image: autoDraw = False
17.6900 	DATA 	Mouse: Left button down, pos=(962,263)
17.7054 	EXP 	pilot_suwak: markerPos = np.float64(0.2083333333333357)
17.7220 	EXP 	pilot_suwak: markerPos = np.float64(0.2083333333333357)
17.7386 	EXP 	pilot_suwak: markerPos = np.float64(0.2083333333333357)
17.7555 	EXP 	pilot_suwak: markerPos = np.float64(0.2083333333333357)
17.7719 	EXP 	pilot_suwak: markerPos = np.float64(0.2083333333333357)
17.7883 	EXP 	pilot_suwak: markerPos = np.float64(0.625)
17.8048 	EXP 	pilot_suwak: markerPos = np.float64(1.5625)
17.8215 	EXP 	pilot_suwak: markerPos = np.float64(2.5)
17.8381 	EXP 	pilot_suwak: markerPos = np.float64(3.75)
17.8549 	EXP 	pilot_suwak: markerPos = np.float64(5.104166666666664)
17.8715 	EXP 	pilot_suwak: markerPos = np.float64(8.4375)
17.8881 	EXP 	pilot_suwak: markerPos = np.float64(10.0)
17.9049 	EXP 	pilot_suwak: markerPos = np.float64(12.708333333333336)
17.9216 	EXP 	pilot_suwak: markerPos = np.float64(15.208333333333329)
17.9377 	EXP 	pilot_suwak: markerPos = np.float64(18.645833333333343)
17.9545 	EXP 	pilot_suwak: markerPos = np.float64(21.14583333333333)
17.9712 	EXP 	pilot_suwak: markerPos = np.float64(23.02083333333333)
17.9881 	EXP 	pilot_suwak: markerPos = np.float64(24.27083333333333)
18.0045 	EXP 	pilot_suwak: markerPos = np.float64(26.04166666666667)
18.0209 	EXP 	pilot_suwak: markerPos = np.float64(27.29166666666667)
18.0378 	EXP 	pilot_suwak: markerPos = np.float64(28.020833333333343)
18.0545 	EXP 	pilot_suwak: markerPos = np.float64(28.33333333333333)
18.0707 	EXP 	pilot_suwak: markerPos = np.float64(28.85416666666667)
18.0874 	EXP 	pilot_suwak: markerPos = np.float64(30.625)
18.1040 	EXP 	pilot_suwak: markerPos = np.float64(31.35416666666667)
18.1207 	EXP 	pilot_suwak: markerPos = np.float64(32.29166666666667)
18.1375 	EXP 	pilot_suwak: markerPos = np.float64(32.70833333333334)
18.1542 	EXP 	pilot_suwak: markerPos = np.float64(32.91666666666666)
18.1708 	EXP 	pilot_suwak: markerPos = np.float64(33.02083333333333)
18.1875 	EXP 	pilot_suwak: markerPos = np.float64(33.02083333333333)
18.2041 	EXP 	pilot_suwak: markerPos = np.float64(33.02083333333333)
18.2207 	EXP 	pilot_suwak: markerPos = np.float64(33.02083333333333)
18.2374 	EXP 	pilot_suwak: markerPos = np.float64(33.02083333333333)
18.2540 	EXP 	pilot_suwak: markerPos = np.float64(33.02083333333333)
18.2706 	EXP 	pilot_suwak: markerPos = np.float64(33.02083333333333)
18.2872 	EXP 	pilot_suwak: markerPos = np.float64(33.02083333333333)
18.3039 	EXP 	pilot_suwak: markerPos = np.float64(33.02083333333333)
18.3202 	EXP 	pilot_suwak: markerPos = np.float64(33.02083333333333)
18.3367 	EXP 	pilot_suwak: markerPos = np.float64(33.02083333333333)
18.3537 	EXP 	pilot_suwak: markerPos = np.float64(33.02083333333333)
18.3704 	EXP 	pilot_suwak: markerPos = np.float64(33.02083333333333)
18.3869 	EXP 	pilot_suwak: markerPos = np.float64(33.02083333333333)
18.4034 	EXP 	pilot_suwak: markerPos = np.float64(33.02083333333333)
18.4045 	DATA 	Mouse:  Left button up, pos=(1277,256)
18.4201 	EXP 	pilot_suwak: markerPos = np.float64(33.02083333333333)
18.4371 	INFO 	Keyboard events cleared
18.4370 	EXP 	pilot_label_text: autoDraw = False
18.4370 	EXP 	pilot_fiksacja1: autoDraw = False
18.4370 	EXP 	pilot_suwak: autoDraw = False
18.4370 	EXP 	pilot_fiksacja2: autoDraw = False
18.4370 	EXP 	pilot_pytanie: autoDraw = False
18.4370 	EXP 	pilot_lewa_etykieta: autoDraw = False
18.4370 	EXP 	pilot_prawa_etykieta: autoDraw = False
18.4370 	EXP 	pilot_stim_image: autoDraw = False
18.4370 	EXP 	start_badania: autoDraw = True
21.9777 	EXP 	Device response: <KeyPress from None: t=21.972955800010823, value=space, duration=None>
22.0016 	EXP 	Imported conditions.xlsx as conditions, 32 conditions, 9 params
22.0028 	EXP 	New trial (rep=0, index=0): <Trial 0 (0 in rep 0) data={'image_path': 'C:\\Users\\julia\\OneDrive\\Pulpit\\percepcja_psychopy\\photos\\Twarze 50,50\\SZ 50,50\\1K SZ 5050.png', 'etykieta': 'Model sztucznej inteligencji wykrył w tej twarzy 72% strachu .', 'left_label': 'strach', 'right_label': 'złość', 'show_label': 1, 'proporcja_zdjecia': '50/50', 'typ_etykiety': 'Procentowa AI', 'warunek': 'n/d', 'kierunek': 'Sugestia Lewo strach', 'thisN': 0, 'thisTrialN': 0, 'thisRepN': 0}>
22.0795 	DATA 	Keypress: space
22.0817 	EXP 	start_badania: autoDraw = False
22.0817 	EXP 	przerwa_text: autoDraw = False
22.0817 	EXP 	label_text: height = np.float64(0.05)
22.0817 	EXP 	label_text: height = np.float64(0.05)
22.0817 	EXP 	label_text: height = np.float64(0.05)
22.0817 	EXP 	label_text: text = 'Model sztucznej inteligencji wykrył w tej twarzy 72% strachu .'
22.0817 	EXP 	label_text: height = np.float64(0.05)
22.0817 	EXP 	label_text: height = np.float64(0.05)
22.0817 	EXP 	label_text: height = np.float64(0.05)
22.0817 	EXP 	label_text: text = 'Model sztucznej inteligencji wykrył w tej twarzy 72% strachu .'
22.0817 	EXP 	stim_image: image = 'C:\\Users\\julia\\OneDrive\\Pulpit\\percepcja_psychopy\\photos\\Twarze 50,50\\SZ 50,50\\1K SZ 5050.png'
22.0817 	EXP 	suwak_badanie: markerPos = None
22.0817 	EXP 	suwak_badanie: markerPos = 0
22.0817 	EXP 	lewa_etykieta: height = np.float64(0.085)
22.0817 	EXP 	lewa_etykieta: height = np.float64(0.085)
22.0817 	EXP 	lewa_etykieta: height = np.float64(0.085)
22.0817 	EXP 	lewa_etykieta: text = 'strach'
22.0817 	EXP 	prawa_etykieta: height = np.float64(0.085)
22.0817 	EXP 	prawa_etykieta: height = np.float64(0.085)
22.0817 	EXP 	prawa_etykieta: height = np.float64(0.085)
22.0817 	EXP 	prawa_etykieta: text = 'złość'
22.0817 	EXP 	fiksacja1: autoDraw = True
22.1437 	EXP 	Device response: <KeyPress from None: t=21.972955800010823, value=space, duration=0.15442340000299737>
22.5921 	EXP 	fiksacja1: autoDraw = False
22.7084 	EXP 	label_text: autoDraw = True
25.4178 	EXP 	label_text: autoDraw = False
25.6172 	EXP 	fiksacja2: autoDraw = True
26.1325 	EXP 	fiksacja2: autoDraw = False
26.3163 	EXP 	stim_image: autoDraw = True
27.5120 	EXP 	suwak_badanie: autoDraw = True
27.5120 	EXP 	lewa_etykieta: autoDraw = True
27.5120 	EXP 	prawa_etykieta: autoDraw = True
27.5120 	EXP 	pytanie: autoDraw = True
27.5286 	EXP 	stim_image: autoDraw = False
28.8262 	DATA 	Mouse: Left button down, pos=(962,274)
28.8414 	EXP 	suwak_badanie: markerPos = np.float64(0.2083333333333357)
28.8581 	EXP 	suwak_badanie: markerPos = np.float64(0.2083333333333357)
28.8747 	EXP 	suwak_badanie: markerPos = np.float64(-0.8333333333333357)
28.8913 	EXP 	suwak_badanie: markerPos = np.float64(-1.7708333333333357)
28.9082 	EXP 	suwak_badanie: markerPos = np.float64(-2.9166666666666643)
28.9249 	EXP 	suwak_badanie: markerPos = np.float64(-4.895833333333336)
28.9413 	EXP 	suwak_badanie: markerPos = np.float64(-8.645833333333329)
28.9578 	EXP 	suwak_badanie: markerPos = np.float64(-11.5625)
28.9745 	EXP 	suwak_badanie: markerPos = np.float64(-13.541666666666664)
28.9912 	EXP 	suwak_badanie: markerPos = np.float64(-16.35416666666667)
29.0078 	EXP 	suwak_badanie: markerPos = np.float64(-20.416666666666668)
29.0243 	EXP 	suwak_badanie: markerPos = np.float64(-23.229166666666668)
29.0409 	EXP 	suwak_badanie: markerPos = np.float64(-24.583333333333336)
29.0580 	EXP 	suwak_badanie: markerPos = np.float64(-26.145833333333336)
29.0741 	EXP 	suwak_badanie: markerPos = np.float64(-27.395833333333336)
29.0909 	EXP 	suwak_badanie: markerPos = np.float64(-29.375)
29.1073 	EXP 	suwak_badanie: markerPos = np.float64(-30.625000000000004)
29.1242 	EXP 	suwak_badanie: markerPos = np.float64(-31.35416666666667)
29.1409 	EXP 	suwak_badanie: markerPos = np.float64(-32.60416666666667)
29.1576 	EXP 	suwak_badanie: markerPos = np.float64(-33.85416666666667)
29.1742 	EXP 	suwak_badanie: markerPos = np.float64(-34.791666666666664)
29.1904 	EXP 	suwak_badanie: markerPos = np.float64(-35.625)
29.2073 	EXP 	suwak_badanie: markerPos = np.float64(-35.9375)
29.2236 	EXP 	suwak_badanie: markerPos = np.float64(-36.354166666666664)
29.2406 	EXP 	suwak_badanie: markerPos = np.float64(-36.45833333333333)
29.2570 	EXP 	suwak_badanie: markerPos = np.float64(-36.45833333333333)
29.2739 	EXP 	suwak_badanie: markerPos = np.float64(-36.45833333333333)
29.2903 	EXP 	suwak_badanie: markerPos = np.float64(-36.45833333333333)
29.3068 	EXP 	suwak_badanie: markerPos = np.float64(-36.45833333333333)
29.3233 	EXP 	suwak_badanie: markerPos = np.float64(-36.45833333333333)
29.3405 	EXP 	suwak_badanie: markerPos = np.float64(-36.45833333333333)
29.3569 	EXP 	suwak_badanie: markerPos = np.float64(-36.45833333333333)
29.3640 	DATA 	Mouse:  Left button up, pos=(610,246)
29.3735 	EXP 	suwak_badanie: markerPos = np.float64(-36.45833333333333)
29.3901 	EXP 	suwak_badanie: markerPos = np.float64(-36.45833333333333)
29.3916 	EXP 	New trial (rep=0, index=1): <Trial 1 (1 in rep 0) data={'image_path': 'C:\\Users\\julia\\OneDrive\\Pulpit\\percepcja_psychopy\\photos\\Twarze 80,20\\OZ 80,20\\1K OZ 8020.png', 'etykieta': 'Poprzedni badani wykryli w tej twarzy oczekiwanie.', 'left_label': 'zaskoczenie', 'right_label': 'oczekiwanie', 'show_label': 1, 'proporcja_zdjecia': '80/20 oczekiwanie', 'typ_etykiety': 'Kategorialna Ludzie', 'warunek': 'Zgodny', 'kierunek': 'Dominacja Prawo oczekiwanie', 'thisN': 1, 'thisTrialN': 1, 'thisRepN': 0}>
29.4499 	EXP 	label_text: autoDraw = False
29.4499 	EXP 	stim_image: autoDraw = False
29.4499 	EXP 	suwak_badanie: autoDraw = False
29.4499 	EXP 	lewa_etykieta: autoDraw = False
29.4499 	EXP 	prawa_etykieta: autoDraw = False
29.4499 	EXP 	fiksacja1: autoDraw = False
29.4499 	EXP 	fiksacja2: autoDraw = False
29.4499 	EXP 	pytanie: autoDraw = False
29.4499 	EXP 	przerwa_text: autoDraw = False
29.4499 	EXP 	label_text: height = np.float64(0.05)
29.4499 	EXP 	label_text: height = np.float64(0.05)
29.4499 	EXP 	label_text: height = np.float64(0.05)
29.4499 	EXP 	label_text: text = 'Poprzedni badani wykryli w tej twarzy oczekiwanie.'
29.4499 	EXP 	label_text: height = np.float64(0.05)
29.4499 	EXP 	label_text: height = np.float64(0.05)
29.4499 	EXP 	label_text: height = np.float64(0.05)
29.4499 	EXP 	label_text: text = 'Poprzedni badani wykryli w tej twarzy oczekiwanie.'
29.4499 	EXP 	stim_image: image = 'C:\\Users\\julia\\OneDrive\\Pulpit\\percepcja_psychopy\\photos\\Twarze 80,20\\OZ 80,20\\1K OZ 8020.png'
29.4499 	EXP 	suwak_badanie: markerPos = None
29.4499 	EXP 	suwak_badanie: markerPos = 0
29.4499 	EXP 	lewa_etykieta: height = np.float64(0.085)
29.4499 	EXP 	lewa_etykieta: height = np.float64(0.085)
29.4499 	EXP 	lewa_etykieta: height = np.float64(0.085)
29.4499 	EXP 	lewa_etykieta: text = 'zaskoczenie'
29.4499 	EXP 	prawa_etykieta: height = np.float64(0.085)
29.4499 	EXP 	prawa_etykieta: height = np.float64(0.085)
29.4499 	EXP 	prawa_etykieta: height = np.float64(0.085)
29.4499 	EXP 	prawa_etykieta: text = 'oczekiwanie'
29.4499 	EXP 	fiksacja1: autoDraw = True
29.9552 	EXP 	fiksacja1: autoDraw = False
30.1046 	EXP 	label_text: autoDraw = True
32.8142 	EXP 	label_text: autoDraw = False
32.9970 	EXP 	fiksacja2: autoDraw = True
33.5124 	EXP 	fiksacja2: autoDraw = False
33.6961 	EXP 	stim_image: autoDraw = True
34.8917 	EXP 	suwak_badanie: autoDraw = True
34.8917 	EXP 	lewa_etykieta: autoDraw = True
34.8917 	EXP 	prawa_etykieta: autoDraw = True
34.8917 	EXP 	pytanie: autoDraw = True
34.9085 	EXP 	stim_image: autoDraw = False
36.0608 	DATA 	Mouse: Left button down, pos=(962,276)
36.0882 	EXP 	suwak_badanie: markerPos = np.float64(0.2083333333333357)
36.1048 	EXP 	suwak_badanie: markerPos = np.float64(0.5208333333333357)
36.1216 	EXP 	suwak_badanie: markerPos = np.float64(0.625)
36.1382 	EXP 	suwak_badanie: markerPos = np.float64(0.9375)
36.1550 	EXP 	suwak_badanie: markerPos = np.float64(1.249999999999993)
36.1716 	EXP 	suwak_badanie: markerPos = np.float64(1.5625)
36.1881 	EXP 	suwak_badanie: markerPos = np.float64(2.2916666666666714)
36.2049 	EXP 	suwak_badanie: markerPos = np.float64(3.3333333333333357)
36.2213 	EXP 	suwak_badanie: markerPos = np.float64(4.895833333333336)
36.2379 	EXP 	suwak_badanie: markerPos = np.float64(7.1875)
36.2545 	EXP 	suwak_badanie: markerPos = np.float64(9.687500000000007)
36.2713 	EXP 	suwak_badanie: markerPos = np.float64(11.250000000000007)
36.2881 	EXP 	suwak_badanie: markerPos = np.float64(13.541666666666664)
36.3047 	EXP 	suwak_badanie: markerPos = np.float64(16.04166666666667)
36.3211 	EXP 	suwak_badanie: markerPos = np.float64(20.3125)
36.3376 	EXP 	suwak_badanie: markerPos = np.float64(22.916666666666657)
36.3543 	EXP 	suwak_badanie: markerPos = np.float64(24.58333333333333)
36.3712 	EXP 	suwak_badanie: markerPos = np.float64(27.08333333333333)
36.3878 	EXP 	suwak_badanie: markerPos = np.float64(30.3125)
36.4045 	EXP 	suwak_badanie: markerPos = np.float64(31.875)
36.4208 	EXP 	suwak_badanie: markerPos = np.float64(32.91666666666666)
36.4372 	EXP 	suwak_badanie: markerPos = np.float64(33.4375)
36.4543 	EXP 	suwak_badanie: markerPos = np.float64(34.0625)
36.4707 	EXP 	suwak_badanie: markerPos = np.float64(35.0)
36.4872 	EXP 	suwak_badanie: markerPos = np.float64(35.9375)
36.5040 	EXP 	suwak_badanie: markerPos = np.float64(36.5625)
36.5211 	EXP 	suwak_badanie: markerPos = np.float64(37.29166666666667)
36.5376 	EXP 	suwak_badanie: markerPos = np.float64(38.02083333333333)
36.5539 	EXP 	suwak_badanie: markerPos = np.float64(38.33333333333333)
36.5703 	EXP 	suwak_badanie: markerPos = np.float64(38.54166666666667)
36.5874 	EXP 	suwak_badanie: markerPos = np.float64(38.75)
36.6039 	EXP 	suwak_badanie: markerPos = np.float64(38.75)
36.6206 	EXP 	suwak_badanie: markerPos = np.float64(38.75)
36.6368 	EXP 	suwak_badanie: markerPos = np.float64(38.95833333333333)
36.6534 	EXP 	suwak_badanie: markerPos = np.float64(39.375)
36.6701 	EXP 	suwak_badanie: markerPos = np.float64(39.79166666666667)
36.6868 	EXP 	suwak_badanie: markerPos = np.float64(40.0)
36.7035 	EXP 	suwak_badanie: markerPos = np.float64(40.3125)
36.7202 	EXP 	suwak_badanie: markerPos = np.float64(40.52083333333334)
36.7364 	EXP 	suwak_badanie: markerPos = np.float64(40.52083333333334)
36.7535 	EXP 	suwak_badanie: markerPos = np.float64(40.625)
36.7699 	EXP 	suwak_badanie: markerPos = np.float64(40.625)
36.7866 	EXP 	suwak_badanie: markerPos = np.float64(40.625)
36.8033 	EXP 	suwak_badanie: markerPos = np.float64(40.625)
36.8199 	EXP 	suwak_badanie: markerPos = np.float64(40.625)
36.8365 	EXP 	suwak_badanie: markerPos = np.float64(40.625)
36.8531 	EXP 	suwak_badanie: markerPos = np.float64(40.625)
36.8698 	EXP 	suwak_badanie: markerPos = np.float64(40.625)
36.8863 	EXP 	suwak_badanie: markerPos = np.float64(40.625)
36.9026 	EXP 	suwak_badanie: markerPos = np.float64(40.625)
36.9036 	DATA 	Mouse:  Left button up, pos=(1350,265)
36.9196 	EXP 	suwak_badanie: markerPos = np.float64(40.625)
36.9207 	EXP 	New trial (rep=0, index=2): <Trial 2 (2 in rep 0) data={'image_path': 'C:\\Users\\julia\\OneDrive\\Pulpit\\percepcja_psychopy\\photos\\Twarze 50,50\\RS 50,50\\1K RS 5050.png', 'etykieta': 'test', 'left_label': 'radość', 'right_label': 'smutek', 'show_label': 0, 'proporcja_zdjecia': '50/50', 'typ_etykiety': 'Kontrolna', 'warunek': 'kontrolny', 'kierunek': 'Brak', 'thisN': 2, 'thisTrialN': 2, 'thisRepN': 0}>
36.9690 	EXP 	label_text: autoDraw = False
36.9690 	EXP 	stim_image: autoDraw = False
36.9690 	EXP 	suwak_badanie: autoDraw = False
36.9690 	EXP 	lewa_etykieta: autoDraw = False
36.9690 	EXP 	prawa_etykieta: autoDraw = False
36.9690 	EXP 	fiksacja1: autoDraw = False
36.9690 	EXP 	fiksacja2: autoDraw = False
36.9690 	EXP 	pytanie: autoDraw = False
36.9690 	EXP 	przerwa_text: autoDraw = False
36.9690 	EXP 	label_text: height = np.float64(0.05)
36.9690 	EXP 	label_text: height = np.float64(0.05)
36.9690 	EXP 	label_text: height = np.float64(0.05)
36.9690 	EXP 	label_text: text = ''
36.9690 	EXP 	label_text: height = np.float64(0.05)
36.9690 	EXP 	label_text: height = np.float64(0.05)
36.9690 	EXP 	label_text: height = np.float64(0.05)
36.9690 	EXP 	label_text: height = np.float64(0.05)
36.9690 	EXP 	label_text: height = np.float64(0.05)
36.9690 	EXP 	label_text: height = np.float64(0.05)
36.9690 	EXP 	label_text: text = 'test'
36.9690 	EXP 	stim_image: image = 'C:\\Users\\julia\\OneDrive\\Pulpit\\percepcja_psychopy\\photos\\Twarze 50,50\\RS 50,50\\1K RS 5050.png'
36.9690 	EXP 	suwak_badanie: markerPos = None
36.9690 	EXP 	suwak_badanie: markerPos = 0
36.9690 	EXP 	lewa_etykieta: height = np.float64(0.085)
36.9690 	EXP 	lewa_etykieta: height = np.float64(0.085)
36.9690 	EXP 	lewa_etykieta: height = np.float64(0.085)
36.9690 	EXP 	lewa_etykieta: text = 'radość'
36.9690 	EXP 	prawa_etykieta: height = np.float64(0.085)
36.9690 	EXP 	prawa_etykieta: height = np.float64(0.085)
36.9690 	EXP 	prawa_etykieta: height = np.float64(0.085)
36.9690 	EXP 	prawa_etykieta: text = 'smutek'
36.9690 	EXP 	fiksacja1: autoDraw = True
37.4681 	EXP 	fiksacja1: autoDraw = False
37.6345 	EXP 	label_text: autoDraw = True
40.3439 	EXP 	label_text: autoDraw = False
40.5263 	EXP 	fiksacja2: autoDraw = True
41.0418 	EXP 	fiksacja2: autoDraw = False
41.2252 	EXP 	stim_image: autoDraw = True
42.4215 	EXP 	suwak_badanie: autoDraw = True
42.4215 	EXP 	lewa_etykieta: autoDraw = True
42.4215 	EXP 	prawa_etykieta: autoDraw = True
42.4215 	EXP 	pytanie: autoDraw = True
42.4381 	EXP 	stim_image: autoDraw = False
44.3849 	DATA 	Mouse: Left button down, pos=(965,265)
44.3993 	EXP 	suwak_badanie: markerPos = np.float64(0.5208333333333357)
44.4158 	EXP 	suwak_badanie: markerPos = np.float64(0.5208333333333357)
44.4326 	EXP 	suwak_badanie: markerPos = np.float64(0.5208333333333357)
44.4488 	EXP 	suwak_badanie: markerPos = np.float64(0.4166666666666643)
44.4655 	EXP 	suwak_badanie: markerPos = np.float64(0.1041666666666714)
44.4821 	EXP 	suwak_badanie: markerPos = np.float64(-0.2083333333333357)
44.4987 	EXP 	suwak_badanie: markerPos = np.float64(-0.5208333333333286)
44.5157 	EXP 	suwak_badanie: markerPos = np.float64(-0.8333333333333357)
44.5324 	EXP 	suwak_badanie: markerPos = np.float64(-1.25)
44.5490 	EXP 	suwak_badanie: markerPos = np.float64(-1.875)
44.5652 	EXP 	suwak_badanie: markerPos = np.float64(-2.1875)
44.5818 	EXP 	suwak_badanie: markerPos = np.float64(-2.3958333333333357)
44.5987 	EXP 	suwak_badanie: markerPos = np.float64(-2.6041666666666714)
44.6154 	EXP 	suwak_badanie: markerPos = np.float64(-2.6041666666666714)
44.6320 	EXP 	suwak_badanie: markerPos = np.float64(-2.6041666666666714)
44.6486 	EXP 	suwak_badanie: markerPos = np.float64(-2.6041666666666714)
44.6653 	EXP 	suwak_badanie: markerPos = np.float64(-2.6041666666666714)
44.6817 	EXP 	suwak_badanie: markerPos = np.float64(-2.6041666666666714)
44.6983 	EXP 	suwak_badanie: markerPos = np.float64(-2.6041666666666714)
44.7151 	EXP 	suwak_badanie: markerPos = np.float64(-2.6041666666666714)
44.7316 	EXP 	suwak_badanie: markerPos = np.float64(-2.6041666666666714)
44.7483 	EXP 	suwak_badanie: markerPos = np.float64(-2.6041666666666714)
44.7648 	EXP 	suwak_badanie: markerPos = np.float64(-2.6041666666666714)
44.7814 	EXP 	suwak_badanie: markerPos = np.float64(-2.6041666666666714)
44.7981 	EXP 	suwak_badanie: markerPos = np.float64(-2.6041666666666714)
44.8148 	EXP 	suwak_badanie: markerPos = np.float64(-2.6041666666666714)
44.8315 	EXP 	suwak_badanie: markerPos = np.float64(-2.6041666666666714)
44.8479 	EXP 	suwak_badanie: markerPos = np.float64(-2.6041666666666714)
44.8645 	EXP 	suwak_badanie: markerPos = np.float64(-2.6041666666666714)
44.8813 	EXP 	suwak_badanie: markerPos = np.float64(-2.6041666666666714)
44.8977 	EXP 	suwak_badanie: markerPos = np.float64(-2.6041666666666714)
44.9002 	DATA 	Mouse:  Left button up, pos=(935,251)
44.9141 	EXP 	suwak_badanie: markerPos = np.float64(-2.6041666666666714)
44.9155 	EXP 	New trial (rep=0, index=3): <Trial 3 (3 in rep 0) data={'image_path': 'C:\\Users\\julia\\OneDrive\\Pulpit\\percepcja_psychopy\\photos\\Twarze 80,20\\ZW 80,20\\1K ZW 8020.png', 'etykieta': 'Poprzedni badani wykryli w tej twarzy 20% zaufania.', 'left_label': 'zaufanie', 'right_label': 'wstręt', 'show_label': 1, 'proporcja_zdjecia': '80/20 zaufania', 'typ_etykiety': 'Procentowa Ludzie', 'warunek': 'Niezgodny', 'kierunek': 'Dominacja Lewo zaufanie', 'thisN': 3, 'thisTrialN': 3, 'thisRepN': 0}>
44.9750 	EXP 	label_text: autoDraw = False
44.9750 	EXP 	stim_image: autoDraw = False
44.9750 	EXP 	suwak_badanie: autoDraw = False
44.9750 	EXP 	lewa_etykieta: autoDraw = False
44.9750 	EXP 	prawa_etykieta: autoDraw = False
44.9750 	EXP 	fiksacja1: autoDraw = False
44.9750 	EXP 	fiksacja2: autoDraw = False
44.9750 	EXP 	pytanie: autoDraw = False
44.9750 	EXP 	przerwa_text: autoDraw = False
44.9750 	EXP 	label_text: height = np.float64(0.05)
44.9750 	EXP 	label_text: height = np.float64(0.05)
44.9750 	EXP 	label_text: height = np.float64(0.05)
44.9750 	EXP 	label_text: text = 'Poprzedni badani wykryli w tej twarzy 20% zaufania.'
44.9750 	EXP 	label_text: height = np.float64(0.05)
44.9750 	EXP 	label_text: height = np.float64(0.05)
44.9750 	EXP 	label_text: height = np.float64(0.05)
44.9750 	EXP 	label_text: text = 'Poprzedni badani wykryli w tej twarzy 20% zaufania.'
44.9750 	EXP 	stim_image: image = 'C:\\Users\\julia\\OneDrive\\Pulpit\\percepcja_psychopy\\photos\\Twarze 80,20\\ZW 80,20\\1K ZW 8020.png'
44.9750 	EXP 	suwak_badanie: markerPos = None
44.9750 	EXP 	suwak_badanie: markerPos = 0
44.9750 	EXP 	lewa_etykieta: height = np.float64(0.085)
44.9750 	EXP 	lewa_etykieta: height = np.float64(0.085)
44.9750 	EXP 	lewa_etykieta: height = np.float64(0.085)
44.9750 	EXP 	lewa_etykieta: text = 'zaufanie'
44.9750 	EXP 	prawa_etykieta: height = np.float64(0.085)
44.9750 	EXP 	prawa_etykieta: height = np.float64(0.085)
44.9750 	EXP 	prawa_etykieta: height = np.float64(0.085)
44.9750 	EXP 	prawa_etykieta: text = 'wstręt'
44.9750 	EXP 	fiksacja1: autoDraw = True
45.4793 	EXP 	fiksacja1: autoDraw = False
45.6291 	EXP 	label_text: autoDraw = True
48.3385 	EXP 	label_text: autoDraw = False
48.5214 	EXP 	fiksacja2: autoDraw = True
49.0366 	EXP 	fiksacja2: autoDraw = False
49.2204 	EXP 	stim_image: autoDraw = True
50.4162 	EXP 	suwak_badanie: autoDraw = True
50.4162 	EXP 	lewa_etykieta: autoDraw = True
50.4162 	EXP 	prawa_etykieta: autoDraw = True
50.4162 	EXP 	pytanie: autoDraw = True
50.4329 	EXP 	stim_image: autoDraw = False
51.8304 	DATA 	Mouse: Left button down, pos=(951,272)
51.8456 	EXP 	suwak_badanie: markerPos = np.float64(-0.9375)
51.8621 	EXP 	suwak_badanie: markerPos = np.float64(-0.9375)
51.8788 	EXP 	suwak_badanie: markerPos = np.float64(-0.9375)
51.8952 	EXP 	suwak_badanie: markerPos = np.float64(-0.9375)
51.9120 	EXP 	suwak_badanie: markerPos = np.float64(-0.9375)
51.9286 	EXP 	suwak_badanie: markerPos = np.float64(-1.5625)
51.9450 	EXP 	suwak_badanie: markerPos = np.float64(-2.1875)
51.9617 	EXP 	suwak_badanie: markerPos = np.float64(-3.0208333333333357)
51.9786 	EXP 	suwak_badanie: markerPos = np.float64(-4.0625)
51.9952 	EXP 	suwak_badanie: markerPos = np.float64(-5.833333333333336)
52.0117 	EXP 	suwak_badanie: markerPos = np.float64(-7.291666666666671)
52.0281 	EXP 	suwak_badanie: markerPos = np.float64(-8.229166666666664)
52.0448 	EXP 	suwak_badanie: markerPos = np.float64(-9.270833333333336)
52.0617 	EXP 	suwak_badanie: markerPos = np.float64(-10.104166666666671)
52.0781 	EXP 	suwak_badanie: markerPos = np.float64(-11.5625)
52.0947 	EXP 	suwak_badanie: markerPos = np.float64(-13.541666666666664)
52.1113 	EXP 	suwak_badanie: markerPos = np.float64(-14.6875)
52.1279 	EXP 	suwak_badanie: markerPos = np.float64(-15.9375)
52.1445 	EXP 	suwak_badanie: markerPos = np.float64(-18.229166666666664)
52.1612 	EXP 	suwak_badanie: markerPos = np.float64(-21.666666666666668)
52.1778 	EXP 	suwak_badanie: markerPos = np.float64(-23.229166666666668)
52.1944 	EXP 	suwak_badanie: markerPos = np.float64(-25.208333333333332)
52.2112 	EXP 	suwak_badanie: markerPos = np.float64(-27.187499999999996)
52.2277 	EXP 	suwak_badanie: markerPos = np.float64(-31.041666666666668)
52.2442 	EXP 	suwak_badanie: markerPos = np.float64(-32.1875)
52.2609 	EXP 	suwak_badanie: markerPos = np.float64(-33.33333333333333)
52.2775 	EXP 	suwak_badanie: markerPos = np.float64(-34.479166666666664)
52.2944 	EXP 	suwak_badanie: markerPos = np.float64(-35.520833333333336)
52.3109 	EXP 	suwak_badanie: markerPos = np.float64(-35.9375)
52.3278 	EXP 	suwak_badanie: markerPos = np.float64(-36.041666666666664)
52.3441 	EXP 	suwak_badanie: markerPos = np.float64(-36.14583333333333)
52.3607 	EXP 	suwak_badanie: markerPos = np.float64(-36.14583333333333)
52.3776 	EXP 	suwak_badanie: markerPos = np.float64(-36.14583333333333)
52.3940 	EXP 	suwak_badanie: markerPos = np.float64(-36.14583333333333)
52.4107 	EXP 	suwak_badanie: markerPos = np.float64(-36.14583333333333)
52.4275 	EXP 	suwak_badanie: markerPos = np.float64(-36.14583333333333)
52.4440 	EXP 	suwak_badanie: markerPos = np.float64(-36.14583333333333)
52.4606 	EXP 	suwak_badanie: markerPos = np.float64(-36.14583333333333)
52.4772 	EXP 	suwak_badanie: markerPos = np.float64(-36.14583333333333)
52.4938 	EXP 	suwak_badanie: markerPos = np.float64(-36.14583333333333)
52.5105 	EXP 	suwak_badanie: markerPos = np.float64(-36.14583333333333)
52.5270 	EXP 	suwak_badanie: markerPos = np.float64(-36.14583333333333)
52.5300 	DATA 	Mouse:  Left button up, pos=(613,249)
52.5437 	EXP 	suwak_badanie: markerPos = np.float64(-36.14583333333333)
52.5451 	EXP 	New trial (rep=0, index=4): <Trial 4 (4 in rep 0) data={'image_path': 'C:\\Users\\julia\\OneDrive\\Pulpit\\percepcja_psychopy\\photos\\Twarze 50,50\\ZO 50,50\\1K ZO 5050.png', 'etykieta': 'Poprzedni badani wykryli w tej twarzy 75% oczekiwania.', 'left_label': 'zaskoczenie', 'right_label': 'oczekiwanie', 'show_label': 1, 'proporcja_zdjecia': '50/50 ', 'typ_etykiety': 'Procentowa Ludzie', 'warunek': 'n/d', 'kierunek': 'Sugestia Prawo oczekiwanie', 'thisN': 4, 'thisTrialN': 4, 'thisRepN': 0}>
52.5999 	EXP 	label_text: autoDraw = False
52.5999 	EXP 	stim_image: autoDraw = False
52.5999 	EXP 	suwak_badanie: autoDraw = False
52.5999 	EXP 	lewa_etykieta: autoDraw = False
52.5999 	EXP 	prawa_etykieta: autoDraw = False
52.5999 	EXP 	fiksacja1: autoDraw = False
52.5999 	EXP 	fiksacja2: autoDraw = False
52.5999 	EXP 	pytanie: autoDraw = False
52.5999 	EXP 	przerwa_text: autoDraw = False
52.5999 	EXP 	label_text: height = np.float64(0.05)
52.5999 	EXP 	label_text: height = np.float64(0.05)
52.5999 	EXP 	label_text: height = np.float64(0.05)
52.5999 	EXP 	label_text: text = 'Poprzedni badani wykryli w tej twarzy 75% oczekiwania.'
52.5999 	EXP 	label_text: height = np.float64(0.05)
52.5999 	EXP 	label_text: height = np.float64(0.05)
52.5999 	EXP 	label_text: height = np.float64(0.05)
52.5999 	EXP 	label_text: text = 'Poprzedni badani wykryli w tej twarzy 75% oczekiwania.'
52.5999 	EXP 	stim_image: image = 'C:\\Users\\julia\\OneDrive\\Pulpit\\percepcja_psychopy\\photos\\Twarze 50,50\\ZO 50,50\\1K ZO 5050.png'
52.5999 	EXP 	suwak_badanie: markerPos = None
52.5999 	EXP 	suwak_badanie: markerPos = 0
52.5999 	EXP 	lewa_etykieta: height = np.float64(0.085)
52.5999 	EXP 	lewa_etykieta: height = np.float64(0.085)
52.5999 	EXP 	lewa_etykieta: height = np.float64(0.085)
52.5999 	EXP 	lewa_etykieta: text = 'zaskoczenie'
52.5999 	EXP 	prawa_etykieta: height = np.float64(0.085)
52.5999 	EXP 	prawa_etykieta: height = np.float64(0.085)
52.5999 	EXP 	prawa_etykieta: height = np.float64(0.085)
52.5999 	EXP 	prawa_etykieta: text = 'oczekiwanie'
52.5999 	EXP 	fiksacja1: autoDraw = True
53.1083 	EXP 	fiksacja1: autoDraw = False
53.2582 	EXP 	label_text: autoDraw = True
55.9676 	EXP 	label_text: autoDraw = False
56.1506 	EXP 	fiksacja2: autoDraw = True
56.6654 	EXP 	fiksacja2: autoDraw = False
56.8495 	EXP 	stim_image: autoDraw = True
58.0454 	EXP 	suwak_badanie: autoDraw = True
58.0454 	EXP 	lewa_etykieta: autoDraw = True
58.0454 	EXP 	prawa_etykieta: autoDraw = True
58.0454 	EXP 	pytanie: autoDraw = True
58.0621 	EXP 	stim_image: autoDraw = False
62.9841 	DATA 	Keypress: escape
62.9989 	EXP 	Device response: <KeyPress from None: t=62.98153240000829, value=escape, duration=None>
63.1150 	EXP 	Device response: <KeyPress from None: t=62.98153240000829, value=escape, duration=0.12517760001355782>
63.1151 	EXP 	untitled_FINAL_NEWEST: status = STOPPED
63.1312 	EXP 	suwak_badanie: autoDraw = False
63.1312 	EXP 	lewa_etykieta: autoDraw = False
63.1312 	EXP 	prawa_etykieta: autoDraw = False
63.1312 	EXP 	pytanie: autoDraw = False
63.1314 	EXP 	untitled_FINAL_NEWEST: status = STOPPED
63.1432 	INFO 	saved data to 'C:\\Users\\julia\\OneDrive\\Pulpit\\percepcja_psychopy\\data\\492798_untitled_FINAL_NEWEST_2026-04-24_19h39.34.361.csv'
63.1460 	INFO 	saved data to C:\Users\julia\OneDrive\Pulpit\percepcja_psychopy\data\492798_untitled_FINAL_NEWEST_2026-04-24_19h39.34.361.psydat
64.0323 	WARNING 	Stopping key buffers but this could be dangerous ifother keyboards rely on the same.
