9.6677 	INFO 	Loaded monitor calibration from ['2026_03_18 20:30']
9.6914 	WARNING 	User requested fullscreen with size [1090  800], but screen is actually [1920, 1080]. Using actual size
10.6549 	INFO 	Using renderer 'Intel(R) UHD Graphics' for graphics
10.6549 	INFO 	OpenGL version supported by driver is 4..
11.9025 	EXP 	Created window1 = Window(allowGUI=False, allowStencil=True, autoLog=True, backendConf=UNKNOWN, backgroundFit=<method-wrapper '__getattribute__' of attributeSetter object at 0x000001E42D0C5150>, backgroundImage=<method-wrapper '__getattribute__' of attributeSetter object at 0x000001E42D0C50F0>, bitsMode=UNKNOWN, blendMode='avg', bpc=(8, 8, 8), color=array([0.6549, 0.6549, 0.6549]), colorSpace='rgb', depthBits=8, fullscr=True, gamma=None, gammaErrorPolicy='raise', infoMsg=UNKNOWN, lms=UNKNOWN, monitor=<psychopy.monitors.calibTools.Monitor object at 0x000001E42B467F70>, multiSample=False, name='window1', numSamples=2, pos=[np.float64(0.0), np.float64(0.0)], screen=0, size=array([1920, 1080]), stencilBits=8, stereo=False, title='PsychoPy', units='height', useFBO=True, useRetina=False, viewOri=0.0, viewPos=None, viewScale=None, waitBlanking=True, winType='pyglet')
11.9027 	EXP 	window1: backgroundImage = ''
11.9027 	EXP 	window1: backgroundFit = 'none'
12.0721 	INFO 	keyboard.Keyboard is using ptb backend.
12.0721 	EXP 	percepcja_wersja_finalna: status = STARTED
12.3993 	EXP 	Created suwaki_interpretacja = ImageStim(__class__=<class 'psychopy.visual.image.ImageStim'>, anchor=('center', 'center'), autoLog=True, color=array([1., 1., 1.]), colorSpace='rgb', contrast=1.0, depth=-3.0, draggable=False, flipHoriz=np.False_, flipVert=np.False_, image='photos/suwaki_instrukcja.png', interpolate=True, mask=None, maskParams=None, name='suwaki_interpretacja', opacity=1, ori=0.0, pos=array([ 0. , -0.2]), size=array([1.  , 0.75]), texRes=128.0, units='norm', win=Window(...))
12.5576 	EXP 	Created proba_testowa = TextStim(__class__=<class 'psychopy.visual.text.TextStim'>, alignHoriz=method-wrapper(...), alignText='center', alignVert=method-wrapper(...), anchorHoriz='center', anchorVert='center', antialias=True, autoDraw=False, autoLog=True, bold=False, color=array([-1., -1., -1.]), colorSpace='rgb', contrast=1.0, depth=-2.0, draggable=False, flipHoriz=False, flipVert=False, font='Arial', fontFiles=[], height=np.float64(0.04), italic=False, languageStyle='LTR', name='proba_testowa', opacity=1, ori=0.0, pos=array([0., 0.]), rgb=UNKNOWN, text=str(...), units='height', win=Window(...), wrapWidth=1.4)
12.5585 	EXP 	Created pilot_label_text = TextStim(__class__=<class 'psychopy.visual.text.TextStim'>, alignHoriz=method-wrapper(...), alignText='center', alignVert=method-wrapper(...), anchorHoriz='center', anchorVert='center', antialias=True, autoDraw=False, autoLog=True, bold=False, color=array([-1., -1., -1.]), colorSpace='rgb', contrast=1.0, depth=-1.0, draggable=False, flipHoriz=False, flipVert=False, font='Arial', fontFiles=[], height=0.05, italic=False, languageStyle='LTR', name='pilot_label_text', opacity=1, ori=0.0, pos=array([0., 0.]), rgb=UNKNOWN, text='', units='height', win=Window(...), wrapWidth=1)
12.5668 	EXP 	Created pilot_fiksacja1 = TextStim(__class__=<class 'psychopy.visual.text.TextStim'>, alignHoriz=method-wrapper(...), alignText='center', alignVert=method-wrapper(...), anchorHoriz='center', anchorVert='center', antialias=True, autoDraw=False, autoLog=True, bold=False, color=array([-1., -1., -1.]), colorSpace='rgb', contrast=1.0, depth=-2.0, draggable=False, flipHoriz=False, flipVert=False, font='Courier New', fontFiles=[], height=np.float64(0.1), italic=False, languageStyle='LTR', name='pilot_fiksacja1', opacity=1, ori=0.0, pos=array([0., 0.]), rgb=UNKNOWN, text='+', units='height', win=Window(...), wrapWidth=1)
12.5987 	EXP 	Created pilot_suwak = Slider(__class__=<class 'psychopy.visual.slider.Slider'>, autoDraw=False, autoLog=True, borderColor=None, color=None, colorSpace='rgb', depth=-3, fillColor=None, flip=False, font='Noto Sans', granularity=0.0, labelColor=None, labelHeight=np.float64(0.05), labelWrapWidth=None, labels=None, lineColor=None, markerColor=None, name='pilot_suwak', opacity=None, ori=0.0, pos=array([ 0. , -0.5]), readOnly=False, self=UNKNOWN, size=array([1. , 0.1]), startValue=0, style='slider', styleTweaks=[], ticks=array([-50, -25,   0,  25,  50]), units='norm', win=Window(...))
12.6033 	EXP 	Created pilot_fiksacja2 = TextStim(__class__=<class 'psychopy.visual.text.TextStim'>, alignHoriz=method-wrapper(...), alignText='center', alignVert=method-wrapper(...), anchorHoriz='center', anchorVert='center', antialias=True, autoDraw=False, autoLog=True, bold=False, color=array([-1., -1., -1.]), colorSpace='rgb', contrast=1.0, depth=-4.0, draggable=False, flipHoriz=False, flipVert=False, font='Courier New', fontFiles=[], height=np.float64(0.1), italic=False, languageStyle='LTR', name='pilot_fiksacja2', opacity=1, ori=0.0, pos=array([0., 0.]), rgb=UNKNOWN, text='+', units='height', win=Window(...), wrapWidth=1)
12.6196 	EXP 	Created pilot_pytanie = TextStim(__class__=<class 'psychopy.visual.text.TextStim'>, alignHoriz=method-wrapper(...), alignText='center', alignVert=method-wrapper(...), anchorHoriz='center', anchorVert='center', antialias=True, autoDraw=False, autoLog=True, bold=False, color=array([-1., -1., -1.]), colorSpace='rgb', contrast=1.0, depth=-5.0, draggable=False, flipHoriz=False, flipVert=False, font='Arial', fontFiles=[], height=np.float64(0.05), italic=False, languageStyle='LTR', name='pilot_pytanie', opacity=1, ori=0.0, pos=array([0., 0.]), rgb=UNKNOWN, text='Jaką emocję wyrażała ta twarz?', units='height', win=Window(...), wrapWidth=1)
12.6206 	EXP 	Created pilot_lewa_etykieta = TextStim(__class__=<class 'psychopy.visual.text.TextStim'>, alignHoriz=method-wrapper(...), alignText='center', alignVert=method-wrapper(...), anchorHoriz='center', anchorVert='center', antialias=True, autoDraw=False, autoLog=True, bold=False, color=array([-1., -1., -1.]), colorSpace='rgb', contrast=1.0, depth=-6.0, draggable=False, flipHoriz=False, flipVert=False, font='Arial', fontFiles=[], height=0.085, italic=False, languageStyle='LTR', name='pilot_lewa_etykieta', opacity=1, ori=0.0, pos=array([-0.6, -0.5]), rgb=UNKNOWN, text='', units='norm', win=Window(...), wrapWidth=1)
12.6211 	EXP 	Created pilot_prawa_etykieta = TextStim(__class__=<class 'psychopy.visual.text.TextStim'>, alignHoriz=method-wrapper(...), alignText='center', alignVert=method-wrapper(...), anchorHoriz='center', anchorVert='center', antialias=True, autoDraw=False, autoLog=True, bold=False, color=array([-1., -1., -1.]), colorSpace='rgb', contrast=1.0, depth=-7.0, draggable=False, flipHoriz=False, flipVert=False, font='Arial', fontFiles=[], height=0.085, italic=False, languageStyle='LTR', name='pilot_prawa_etykieta', opacity=1, ori=0.0, pos=array([ 0.6, -0.5]), rgb=UNKNOWN, text='', units='norm', win=Window(...), wrapWidth=1)
12.6512 	EXP 	Created pilot_stim_image = ImageStim(__class__=<class 'psychopy.visual.image.ImageStim'>, anchor=('center', 'center'), autoLog=True, color=array([1., 1., 1.]), colorSpace='rgb', contrast=1.0, depth=-8.0, draggable=False, flipHoriz=np.False_, flipVert=np.False_, image='photos/twarz_testowa.jpg', interpolate=True, mask=None, maskParams=None, name='pilot_stim_image', opacity=1, ori=0.0, pos=array([0., 0.]), size=array([0.75, 0.75]), texRes=128.0, units='height', win=Window(...))
12.6896 	EXP 	Created start_badania = TextStim(__class__=<class 'psychopy.visual.text.TextStim'>, alignHoriz=method-wrapper(...), alignText='center', alignVert=method-wrapper(...), anchorHoriz='center', anchorVert='center', antialias=True, autoDraw=False, autoLog=True, bold=False, color=array([-1., -1., -1.]), colorSpace='rgb', contrast=1.0, depth=-2.0, draggable=False, flipHoriz=False, flipVert=False, font='Arial', fontFiles=[], height=np.float64(0.1), italic=False, languageStyle='LTR', name='start_badania', opacity=1, ori=0.0, pos=array([0., 0.]), rgb=UNKNOWN, text=str(...), units='norm', win=Window(...), wrapWidth=1.4)
12.6959 	EXP 	Created przerwa_text = TextStim(__class__=<class 'psychopy.visual.text.TextStim'>, alignHoriz=method-wrapper(...), alignText='center', alignVert=method-wrapper(...), anchorHoriz='center', anchorVert='center', antialias=True, autoDraw=False, autoLog=True, bold=False, color=array([-1., -1., -1.]), colorSpace='rgb', contrast=1.0, depth=0.0, draggable=False, flipHoriz=False, flipVert=False, font='Arial', fontFiles=[], height=np.float64(0.1), italic=False, languageStyle='LTR', name='przerwa_text', opacity=1, ori=0.0, pos=array([0., 0.]), rgb=UNKNOWN, text=str(...), units='norm', win=Window(...), wrapWidth=1)
12.6966 	EXP 	Created label_text = TextStim(__class__=<class 'psychopy.visual.text.TextStim'>, alignHoriz=method-wrapper(...), alignText='center', alignVert=method-wrapper(...), anchorHoriz='center', anchorVert='center', antialias=True, autoDraw=False, autoLog=True, bold=False, color=array([-1., -1., -1.]), colorSpace='rgb', contrast=1.0, depth=-2.0, draggable=False, flipHoriz=False, flipVert=False, font='Arial', fontFiles=[], height=0.05, italic=False, languageStyle='LTR', name='label_text', opacity=1, ori=0.0, pos=array([0., 0.]), rgb=UNKNOWN, text='', units='height', win=Window(...), wrapWidth=1.3)
12.7033 	EXP 	Created stim_image = ImageStim(__class__=<class 'psychopy.visual.image.ImageStim'>, anchor=('center', 'center'), autoLog=True, color=array([1., 1., 1.]), colorSpace='rgb', contrast=1.0, depth=-3.0, draggable=False, flipHoriz=np.False_, flipVert=np.False_, image='default.png', interpolate=True, mask=None, maskParams=None, name='stim_image', opacity=1, ori=0.0, pos=array([0., 0.]), size=array([0.75, 0.75]), texRes=128.0, units='height', win=Window(...))
12.7253 	EXP 	Created suwak_badanie = Slider(__class__=<class 'psychopy.visual.slider.Slider'>, autoDraw=False, autoLog=True, borderColor=None, color=None, colorSpace='rgb', depth=-4, fillColor=None, flip=False, font='Noto Sans', granularity=0.0, labelColor=None, labelHeight=np.float64(0.05), labelWrapWidth=None, labels=None, lineColor=None, markerColor=None, name='suwak_badanie', opacity=None, ori=0.0, pos=array([ 0. , -0.5]), readOnly=False, self=UNKNOWN, size=array([1. , 0.1]), startValue=0, style='slider', styleTweaks=[], ticks=array([-50, -25,   0,  25,  50]), units='norm', win=Window(...))
12.7272 	EXP 	Created lewa_etykieta = TextStim(__class__=<class 'psychopy.visual.text.TextStim'>, alignHoriz=method-wrapper(...), alignText='center', alignVert=method-wrapper(...), anchorHoriz='center', anchorVert='center', antialias=True, autoDraw=False, autoLog=True, bold=False, color=array([-1., -1., -1.]), colorSpace='rgb', contrast=1.0, depth=-5.0, draggable=False, flipHoriz=False, flipVert=False, font='Arial', fontFiles=[], height=0.085, italic=False, languageStyle='LTR', name='lewa_etykieta', opacity=1, ori=0.0, pos=array([-0.65, -0.5 ]), rgb=UNKNOWN, text='', units='norm', win=Window(...), wrapWidth=1)
12.7285 	EXP 	Created prawa_etykieta = TextStim(__class__=<class 'psychopy.visual.text.TextStim'>, alignHoriz=method-wrapper(...), alignText='center', alignVert=method-wrapper(...), anchorHoriz='center', anchorVert='center', antialias=True, autoDraw=False, autoLog=True, bold=False, color=array([-1., -1., -1.]), colorSpace='rgb', contrast=1.0, depth=-6.0, draggable=False, flipHoriz=False, flipVert=False, font='Arial', fontFiles=[], height=0.085, italic=False, languageStyle='LTR', name='prawa_etykieta', opacity=1, ori=0.0, pos=array([ 0.65, -0.5 ]), rgb=UNKNOWN, text='', units='norm', win=Window(...), wrapWidth=1)
12.7334 	EXP 	Created fiksacja2 = TextStim(__class__=<class 'psychopy.visual.text.TextStim'>, alignHoriz=method-wrapper(...), alignText='center', alignVert=method-wrapper(...), anchorHoriz='center', anchorVert='center', antialias=True, autoDraw=False, autoLog=True, bold=False, color=array([-1., -1., -1.]), colorSpace='rgb', contrast=1.0, depth=-7.0, draggable=False, flipHoriz=False, flipVert=False, font='Courier New', fontFiles=[], height=np.float64(0.1), italic=False, languageStyle='LTR', name='fiksacja2', opacity=1, ori=0.0, pos=array([0., 0.]), rgb=UNKNOWN, text='+', units='height', win=Window(...), wrapWidth=1)
12.7412 	EXP 	Created pytanie = TextStim(__class__=<class 'psychopy.visual.text.TextStim'>, alignHoriz=method-wrapper(...), alignText='center', alignVert=method-wrapper(...), anchorHoriz='center', anchorVert='center', antialias=True, autoDraw=False, autoLog=True, bold=False, color=array([-1., -1., -1.]), colorSpace='rgb', contrast=1.0, depth=-8.0, draggable=False, flipHoriz=False, flipVert=False, font='Arial', fontFiles=[], height=np.float64(0.1), italic=False, languageStyle='LTR', name='pytanie', opacity=1, ori=0.0, pos=array([0., 0.]), rgb=UNKNOWN, text='Jaką emocję wyrażała ta twarz?', units='norm', win=Window(...), wrapWidth=1)
12.7442 	EXP 	Created text = TextStim(__class__=<class 'psychopy.visual.text.TextStim'>, alignHoriz=method-wrapper(...), alignText='center', alignVert=method-wrapper(...), anchorHoriz='center', anchorVert='center', antialias=True, autoDraw=False, autoLog=True, bold=False, color=array([1., 1., 1.]), colorSpace='rgb', contrast=1.0, depth=-1.0, draggable=False, flipHoriz=False, flipVert=False, font='Arial', fontFiles=[], height=np.float64(0.05), italic=False, languageStyle='LTR', name='text', opacity=1, ori=0.0, pos=array([0., 0.]), rgb=UNKNOWN, text='', units='height', win=Window(...), wrapWidth=1)
12.7771 	EXP 	Created podziekowania_text = TextStim(__class__=<class 'psychopy.visual.text.TextStim'>, alignHoriz=method-wrapper(...), alignText='center', alignVert=method-wrapper(...), anchorHoriz='center', anchorVert='center', antialias=True, autoDraw=False, autoLog=True, bold=False, color=array([-1., -1., -1.]), colorSpace='rgb', contrast=1.0, depth=0.0, draggable=False, flipHoriz=False, flipVert=False, font='Arial', fontFiles=[], height=np.float64(0.05), italic=False, languageStyle='LTR', name='podziekowania_text', opacity=1, ori=0.0, pos=array([0., 0.]), rgb=UNKNOWN, text=str(...), units='height', win=Window(...), wrapWidth=1)
0.0313 	EXP 	textbox_2: autoLog = True
0.0313 	EXP 	textbox_3: autoLog = True
0.0313 	EXP 	pilot_suwak: autoLog = True
0.0313 	EXP 	pilot_suwak: styleTweaks = []
0.0313 	EXP 	pilot_suwak: styleTweaks = []
0.0313 	EXP 	pilot_suwak: styleTweaks = []
0.0313 	EXP 	pilot_suwak: styleTweaks = []
0.0313 	EXP 	pilot_suwak: contrast = 1.0
0.0313 	EXP 	pilot_suwak: markerPos = 0
0.0313 	EXP 	pilot_suwak: autoLog = True
0.0313 	EXP 	suwak_badanie: autoLog = True
0.0313 	EXP 	suwak_badanie: styleTweaks = []
0.0313 	EXP 	suwak_badanie: styleTweaks = []
0.0313 	EXP 	suwak_badanie: styleTweaks = []
0.0313 	EXP 	suwak_badanie: styleTweaks = []
0.0313 	EXP 	suwak_badanie: contrast = 1.0
0.0313 	EXP 	suwak_badanie: markerPos = 0
0.0313 	EXP 	suwak_badanie: autoLog = True
0.0856 	INFO 	Keyboard events cleared
0.0854 	EXP 	textbox_2: autoDraw = True
0.4363 	EXP 	Device response: <KeyPress from None: t=0.42002329998649657, value=space, duration=None>
0.4487 	DATA 	Keypress: space
0.4536 	INFO 	Keyboard events cleared
0.4535 	EXP 	textbox_2: autoDraw = False
0.4535 	EXP 	textbox_3: autoDraw = True
0.4535 	EXP 	suwaki_interpretacja: autoDraw = True
0.4885 	EXP 	Device response: <KeyPress from None: t=0.42002329998649657, value=space, duration=0.06495589995756745>
0.6258 	DATA 	Keypress: space
0.6379 	EXP 	Device response: <KeyPress from None: t=0.6249744000378996, value=space, duration=None>
0.6543 	INFO 	Keyboard events cleared
0.6542 	EXP 	textbox_3: autoDraw = False
0.6542 	EXP 	suwaki_interpretacja: autoDraw = False
0.6542 	EXP 	proba_testowa: autoDraw = True
0.6872 	EXP 	Device response: <KeyPress from None: t=0.6249744000378996, value=space, duration=0.054802600061520934>
0.9032 	EXP 	Device response: <KeyPress from None: t=0.9003926999866962, value=space, duration=None>
0.9370 	DATA 	Keypress: space
0.9400 	EXP 	proba_testowa: autoDraw = False
0.9400 	EXP 	pilot_label_text: height = np.float64(0.05)
0.9400 	EXP 	pilot_label_text: height = np.float64(0.05)
0.9400 	EXP 	pilot_label_text: height = np.float64(0.05)
0.9400 	EXP 	pilot_label_text: height = np.float64(0.05)
0.9400 	EXP 	pilot_label_text: height = np.float64(0.05)
0.9400 	EXP 	pilot_label_text: height = np.float64(0.05)
0.9400 	EXP 	pilot_label_text: text = 'Model sztucznej inteligencji wykrył w tej twarzy 80% radości.\n\n'
0.9400 	EXP 	pilot_suwak: markerPos = None
0.9400 	EXP 	pilot_suwak: markerPos = 0
0.9400 	EXP 	pilot_lewa_etykieta: height = np.float64(0.085)
0.9400 	EXP 	pilot_lewa_etykieta: height = np.float64(0.085)
0.9400 	EXP 	pilot_lewa_etykieta: height = np.float64(0.085)
0.9400 	EXP 	pilot_lewa_etykieta: text = 'radość'
0.9400 	EXP 	pilot_prawa_etykieta: height = np.float64(0.085)
0.9400 	EXP 	pilot_prawa_etykieta: height = np.float64(0.085)
0.9400 	EXP 	pilot_prawa_etykieta: height = np.float64(0.085)
0.9400 	EXP 	pilot_prawa_etykieta: text = 'smutek'
0.9400 	EXP 	pilot_fiksacja1: autoDraw = True
0.9693 	EXP 	Device response: <KeyPress from None: t=0.9003926999866962, value=space, duration=0.05963120004162192>
1.7005 	EXP 	pilot_fiksacja1: autoDraw = False
1.8668 	EXP 	pilot_label_text: autoDraw = True
4.8750 	EXP 	pilot_label_text: autoDraw = False
5.0583 	EXP 	pilot_fiksacja2: autoDraw = True
5.8225 	EXP 	pilot_fiksacja2: autoDraw = False
6.0066 	EXP 	pilot_stim_image: autoDraw = True
7.3181 	EXP 	pilot_stim_image: autoDraw = False
7.4188 	EXP 	pilot_suwak: autoDraw = True
7.4188 	EXP 	pilot_pytanie: autoDraw = True
7.4188 	EXP 	pilot_lewa_etykieta: autoDraw = True
7.4188 	EXP 	pilot_prawa_etykieta: autoDraw = True
8.4332 	DATA 	Mouse: Left button down, pos=(1331,268)
8.4487 	EXP 	pilot_suwak: markerPos = np.float64(38.64583333333333)
8.4652 	EXP 	pilot_suwak: markerPos = np.float64(38.64583333333333)
8.4818 	EXP 	pilot_suwak: markerPos = np.float64(38.64583333333333)
8.4982 	EXP 	pilot_suwak: markerPos = np.float64(38.64583333333333)
8.5152 	EXP 	pilot_suwak: markerPos = np.float64(38.64583333333333)
8.5159 	DATA 	Mouse:  Left button up, pos=(1331,268)
8.5315 	EXP 	pilot_suwak: markerPos = np.float64(38.64583333333333)
8.5485 	INFO 	Keyboard events cleared
8.5484 	EXP 	pilot_label_text: autoDraw = False
8.5484 	EXP 	pilot_fiksacja1: autoDraw = False
8.5484 	EXP 	pilot_suwak: autoDraw = False
8.5484 	EXP 	pilot_fiksacja2: autoDraw = False
8.5484 	EXP 	pilot_pytanie: autoDraw = False
8.5484 	EXP 	pilot_lewa_etykieta: autoDraw = False
8.5484 	EXP 	pilot_prawa_etykieta: autoDraw = False
8.5484 	EXP 	pilot_stim_image: autoDraw = False
8.5484 	EXP 	start_badania: autoDraw = True
9.3800 	EXP 	Device response: <KeyPress from None: t=9.378914499888197, value=space, duration=None>
9.4033 	EXP 	Imported conditions.xlsx as conditions, 32 conditions, 9 params
9.4058 	EXP 	New trial (rep=0, index=0): <Trial 0 (0 in rep 0) data={'image_path': 'photos/1K_SZ_5050.png', 'etykieta': 'Model sztucznej inteligencji wykrył w tej twarzy 72% strachu.', 'left_label': 'strach', 'right_label': 'złość', 'show_label': 4, 'proporcja_zdjecia': '50/50', 'typ_etykiety': 'Procentowa AI', 'warunek': 'n/d', 'kierunek': 'Sugestia Lewo strach', 'thisN': 0, 'thisTrialN': 0, 'thisRepN': 0}>
9.4756 	EXP 	Device response: <KeyPress from None: t=9.378914499888197, value=space, duration=0.05492450017482042>
9.4772 	DATA 	Keypress: space
9.4797 	EXP 	start_badania: autoDraw = False
9.4797 	EXP 	przerwa_text: autoDraw = False
9.4797 	EXP 	label_text: height = np.float64(0.05)
9.4797 	EXP 	label_text: height = np.float64(0.05)
9.4797 	EXP 	label_text: height = np.float64(0.05)
9.4797 	EXP 	label_text: text = 'Model sztucznej inteligencji wykrył w tej twarzy 72% strachu.'
9.4797 	EXP 	label_text: height = np.float64(0.05)
9.4797 	EXP 	label_text: height = np.float64(0.05)
9.4797 	EXP 	label_text: height = np.float64(0.05)
9.4797 	EXP 	label_text: text = 'Model sztucznej inteligencji wykrył w tej twarzy 72% strachu.'
9.4797 	EXP 	stim_image: image = 'photos/1K_SZ_5050.png'
9.4797 	EXP 	suwak_badanie: markerPos = None
9.4797 	EXP 	suwak_badanie: markerPos = 0
9.4797 	EXP 	lewa_etykieta: height = np.float64(0.085)
9.4797 	EXP 	lewa_etykieta: height = np.float64(0.085)
9.4797 	EXP 	lewa_etykieta: height = np.float64(0.085)
9.4797 	EXP 	lewa_etykieta: text = 'strach'
9.4797 	EXP 	prawa_etykieta: height = np.float64(0.085)
9.4797 	EXP 	prawa_etykieta: height = np.float64(0.085)
9.4797 	EXP 	prawa_etykieta: height = np.float64(0.085)
9.4797 	EXP 	prawa_etykieta: text = 'złość'
9.4797 	EXP 	label_text: autoDraw = True
13.4843 	EXP 	label_text: autoDraw = False
13.6179 	EXP 	fiksacja2: autoDraw = True
14.3823 	EXP 	fiksacja2: autoDraw = False
14.5662 	EXP 	stim_image: autoDraw = True
15.8782 	EXP 	stim_image: autoDraw = False
16.0616 	EXP 	suwak_badanie: autoDraw = True
16.0616 	EXP 	lewa_etykieta: autoDraw = True
16.0616 	EXP 	prawa_etykieta: autoDraw = True
16.0616 	EXP 	pytanie: autoDraw = True
18.7551 	DATA 	Mouse: Left button down, pos=(979,266)
18.7706 	EXP 	suwak_badanie: markerPos = np.float64(1.9791666666666643)
18.7872 	EXP 	suwak_badanie: markerPos = np.float64(1.9791666666666643)
18.8037 	EXP 	suwak_badanie: markerPos = np.float64(1.9791666666666643)
18.8205 	EXP 	suwak_badanie: markerPos = np.float64(1.9791666666666643)
18.8369 	EXP 	suwak_badanie: markerPos = np.float64(1.9791666666666643)
18.8536 	EXP 	suwak_badanie: markerPos = np.float64(1.875000000000007)
18.8705 	EXP 	suwak_badanie: markerPos = np.float64(1.7708333333333357)
18.8870 	EXP 	suwak_badanie: markerPos = np.float64(1.4583333333333286)
18.9032 	EXP 	suwak_badanie: markerPos = np.float64(1.0416666666666643)
18.9202 	EXP 	suwak_badanie: markerPos = np.float64(0.8333333333333286)
18.9367 	EXP 	suwak_badanie: markerPos = np.float64(-0.2083333333333357)
18.9533 	EXP 	suwak_badanie: markerPos = np.float64(-0.4166666666666643)
18.9698 	EXP 	suwak_badanie: markerPos = np.float64(-1.0416666666666714)
18.9868 	EXP 	suwak_badanie: markerPos = np.float64(-1.3541666666666643)
19.0029 	EXP 	suwak_badanie: markerPos = np.float64(-1.4583333333333357)
19.0201 	EXP 	suwak_badanie: markerPos = np.float64(-1.5625)
19.0365 	EXP 	suwak_badanie: markerPos = np.float64(-2.1875)
19.0532 	EXP 	suwak_badanie: markerPos = np.float64(-2.5)
19.0698 	EXP 	suwak_badanie: markerPos = np.float64(-2.7083333333333357)
19.0861 	EXP 	suwak_badanie: markerPos = np.float64(-2.9166666666666643)
19.1030 	EXP 	suwak_badanie: markerPos = np.float64(-3.125)
19.1194 	EXP 	suwak_badanie: markerPos = np.float64(-3.6458333333333286)
19.1365 	EXP 	suwak_badanie: markerPos = np.float64(-3.9583333333333286)
19.1528 	EXP 	suwak_badanie: markerPos = np.float64(-4.0625)
19.1691 	EXP 	suwak_badanie: markerPos = np.float64(-4.270833333333336)
19.1860 	EXP 	suwak_badanie: markerPos = np.float64(-4.375)
19.2025 	EXP 	suwak_badanie: markerPos = np.float64(-4.479166666666664)
19.2195 	EXP 	suwak_badanie: markerPos = np.float64(-4.479166666666664)
19.2363 	EXP 	suwak_badanie: markerPos = np.float64(-4.479166666666664)
19.2523 	EXP 	suwak_badanie: markerPos = np.float64(-4.479166666666664)
19.2692 	EXP 	suwak_badanie: markerPos = np.float64(-4.479166666666664)
19.2856 	EXP 	suwak_badanie: markerPos = np.float64(-4.6875)
19.3020 	EXP 	suwak_badanie: markerPos = np.float64(-4.6875)
19.3192 	EXP 	suwak_badanie: markerPos = np.float64(-4.791666666666664)
19.3355 	EXP 	suwak_badanie: markerPos = np.float64(-5.625)
19.3526 	EXP 	suwak_badanie: markerPos = np.float64(-7.1875)
19.3688 	EXP 	suwak_badanie: markerPos = np.float64(-7.291666666666671)
19.3853 	EXP 	suwak_badanie: markerPos = np.float64(-7.291666666666671)
19.4021 	EXP 	suwak_badanie: markerPos = np.float64(-7.291666666666671)
19.4187 	EXP 	suwak_badanie: markerPos = np.float64(-7.291666666666671)
19.4350 	EXP 	suwak_badanie: markerPos = np.float64(-7.291666666666671)
19.4516 	EXP 	suwak_badanie: markerPos = np.float64(-7.291666666666671)
19.4691 	EXP 	suwak_badanie: markerPos = np.float64(-7.291666666666671)
19.4855 	EXP 	suwak_badanie: markerPos = np.float64(-7.291666666666671)
19.5016 	EXP 	suwak_badanie: markerPos = np.float64(-7.291666666666671)
19.5185 	EXP 	suwak_badanie: markerPos = np.float64(-7.291666666666671)
19.5199 	DATA 	Mouse:  Left button up, pos=(890,247)
19.5355 	EXP 	suwak_badanie: markerPos = np.float64(-7.291666666666671)
19.5514 	EXP 	label_text: autoDraw = False
19.5514 	EXP 	stim_image: autoDraw = False
19.5514 	EXP 	suwak_badanie: autoDraw = False
19.5514 	EXP 	lewa_etykieta: autoDraw = False
19.5514 	EXP 	prawa_etykieta: autoDraw = False
19.5514 	EXP 	fiksacja2: autoDraw = False
19.5514 	EXP 	pytanie: autoDraw = False
19.5514 	EXP 	text: autoDraw = True
21.5469 	EXP 	New trial (rep=0, index=1): <Trial 1 (1 in rep 0) data={'image_path': 'photos/1K_OZ_8020.png', 'etykieta': 'Poprzedni badani wykryli w tej twarzy oczekiwanie.', 'left_label': 'zaskoczenie', 'right_label': 'oczekiwanie', 'show_label': 4, 'proporcja_zdjecia': '80/20 oczekiwanie', 'typ_etykiety': 'Kategorialna Ludzie', 'warunek': 'Zgodny', 'kierunek': 'Dominacja Prawo oczekiwanie', 'thisN': 1, 'thisTrialN': 1, 'thisRepN': 0}>
21.6200 	EXP 	text: autoDraw = False
21.6200 	EXP 	przerwa_text: autoDraw = False
21.6200 	EXP 	label_text: height = np.float64(0.05)
21.6200 	EXP 	label_text: height = np.float64(0.05)
21.6200 	EXP 	label_text: height = np.float64(0.05)
21.6200 	EXP 	label_text: text = 'Poprzedni badani wykryli w tej twarzy oczekiwanie.'
21.6200 	EXP 	label_text: height = np.float64(0.05)
21.6200 	EXP 	label_text: height = np.float64(0.05)
21.6200 	EXP 	label_text: height = np.float64(0.05)
21.6200 	EXP 	label_text: text = 'Poprzedni badani wykryli w tej twarzy oczekiwanie.'
21.6200 	EXP 	stim_image: image = 'photos/1K_OZ_8020.png'
21.6200 	EXP 	suwak_badanie: markerPos = None
21.6200 	EXP 	suwak_badanie: markerPos = 0
21.6200 	EXP 	lewa_etykieta: height = np.float64(0.085)
21.6200 	EXP 	lewa_etykieta: height = np.float64(0.085)
21.6200 	EXP 	lewa_etykieta: height = np.float64(0.085)
21.6200 	EXP 	lewa_etykieta: text = 'zaskoczenie'
21.6200 	EXP 	prawa_etykieta: height = np.float64(0.085)
21.6200 	EXP 	prawa_etykieta: height = np.float64(0.085)
21.6200 	EXP 	prawa_etykieta: height = np.float64(0.085)
21.6200 	EXP 	prawa_etykieta: text = 'oczekiwanie'
21.6200 	EXP 	label_text: autoDraw = True
25.6350 	EXP 	label_text: autoDraw = False
25.7512 	EXP 	fiksacja2: autoDraw = True
26.5160 	EXP 	fiksacja2: autoDraw = False
26.7001 	EXP 	stim_image: autoDraw = True
28.0123 	EXP 	stim_image: autoDraw = False
28.2116 	EXP 	suwak_badanie: autoDraw = True
28.2116 	EXP 	lewa_etykieta: autoDraw = True
28.2116 	EXP 	prawa_etykieta: autoDraw = True
28.2116 	EXP 	pytanie: autoDraw = True
28.7982 	DATA 	Mouse: Left button down, pos=(948,269)
28.8264 	EXP 	suwak_badanie: markerPos = np.float64(-1.0416666666666714)
28.8433 	EXP 	suwak_badanie: markerPos = np.float64(-0.8333333333333357)
28.8600 	EXP 	suwak_badanie: markerPos = np.float64(-0.5208333333333286)
28.8766 	EXP 	suwak_badanie: markerPos = np.float64(-0.2083333333333357)
28.8930 	EXP 	suwak_badanie: markerPos = np.float64(0.2083333333333357)
28.9095 	EXP 	suwak_badanie: markerPos = np.float64(0.625)
28.9261 	EXP 	suwak_badanie: markerPos = np.float64(1.249999999999993)
28.9428 	EXP 	suwak_badanie: markerPos = np.float64(3.125)
28.9593 	EXP 	suwak_badanie: markerPos = np.float64(4.6875)
28.9760 	EXP 	suwak_badanie: markerPos = np.float64(4.6875)
28.9925 	EXP 	suwak_badanie: markerPos = np.float64(5.833333333333336)
29.0091 	EXP 	suwak_badanie: markerPos = np.float64(6.458333333333336)
29.0259 	EXP 	suwak_badanie: markerPos = np.float64(7.291666666666664)
29.0425 	EXP 	suwak_badanie: markerPos = np.float64(8.020833333333336)
29.0595 	EXP 	suwak_badanie: markerPos = np.float64(8.125000000000007)
29.0753 	EXP 	suwak_badanie: markerPos = np.float64(8.125000000000007)
29.0925 	EXP 	suwak_badanie: markerPos = np.float64(8.125000000000007)
29.1095 	EXP 	suwak_badanie: markerPos = np.float64(8.229166666666664)
29.1259 	EXP 	suwak_badanie: markerPos = np.float64(8.645833333333329)
29.1426 	EXP 	suwak_badanie: markerPos = np.float64(8.854166666666664)
29.1589 	EXP 	suwak_badanie: markerPos = np.float64(9.166666666666664)
29.1751 	EXP 	suwak_badanie: markerPos = np.float64(9.479166666666657)
29.1922 	EXP 	suwak_badanie: markerPos = np.float64(9.583333333333336)
29.2086 	EXP 	suwak_badanie: markerPos = np.float64(9.583333333333336)
29.2104 	DATA 	Mouse:  Left button up, pos=(1052,270)
29.2256 	EXP 	suwak_badanie: markerPos = np.float64(9.583333333333336)
29.2419 	EXP 	label_text: autoDraw = False
29.2419 	EXP 	stim_image: autoDraw = False
29.2419 	EXP 	suwak_badanie: autoDraw = False
29.2419 	EXP 	lewa_etykieta: autoDraw = False
29.2419 	EXP 	prawa_etykieta: autoDraw = False
29.2419 	EXP 	fiksacja2: autoDraw = False
29.2419 	EXP 	pytanie: autoDraw = False
29.2419 	EXP 	text: autoDraw = True
31.2370 	EXP 	New trial (rep=0, index=2): <Trial 2 (2 in rep 0) data={'image_path': 'photos/1K_RS_5050.png', 'etykieta': 'test', 'left_label': 'radość', 'right_label': 'smutek', 'show_label': 0, 'proporcja_zdjecia': '50/50', 'typ_etykiety': 'Kontrolna', 'warunek': 'kontrolny', 'kierunek': 'Brak', 'thisN': 2, 'thisTrialN': 2, 'thisRepN': 0}>
31.3539 	EXP 	text: autoDraw = False
31.3539 	EXP 	przerwa_text: autoDraw = False
31.3539 	EXP 	label_text: height = np.float64(0.05)
31.3539 	EXP 	label_text: height = np.float64(0.05)
31.3539 	EXP 	label_text: height = np.float64(0.05)
31.3539 	EXP 	label_text: text = ''
31.3539 	EXP 	label_text: height = np.float64(0.05)
31.3539 	EXP 	label_text: height = np.float64(0.05)
31.3539 	EXP 	label_text: height = np.float64(0.05)
31.3539 	EXP 	label_text: height = np.float64(0.05)
31.3539 	EXP 	label_text: height = np.float64(0.05)
31.3539 	EXP 	label_text: height = np.float64(0.05)
31.3539 	EXP 	label_text: text = 'test'
31.3539 	EXP 	stim_image: image = 'photos/1K_RS_5050.png'
31.3539 	EXP 	suwak_badanie: markerPos = None
31.3539 	EXP 	suwak_badanie: markerPos = 0
31.3539 	EXP 	lewa_etykieta: height = np.float64(0.085)
31.3539 	EXP 	lewa_etykieta: height = np.float64(0.085)
31.3539 	EXP 	lewa_etykieta: height = np.float64(0.085)
31.3539 	EXP 	lewa_etykieta: text = 'radość'
31.3539 	EXP 	prawa_etykieta: height = np.float64(0.085)
31.3539 	EXP 	prawa_etykieta: height = np.float64(0.085)
31.3539 	EXP 	prawa_etykieta: height = np.float64(0.085)
31.3539 	EXP 	prawa_etykieta: text = 'smutek'
31.3539 	EXP 	label_text: autoDraw = True
31.3539 	EXP 	label_text: autoDraw = False
31.4528 	EXP 	fiksacja2: autoDraw = True
32.2170 	EXP 	fiksacja2: autoDraw = False
32.4016 	EXP 	stim_image: autoDraw = True
33.7129 	EXP 	stim_image: autoDraw = False
33.8961 	EXP 	suwak_badanie: autoDraw = True
33.8961 	EXP 	lewa_etykieta: autoDraw = True
33.8961 	EXP 	prawa_etykieta: autoDraw = True
33.8961 	EXP 	pytanie: autoDraw = True
35.1101 	DATA 	Mouse: Left button down, pos=(1128,266)
35.1257 	EXP 	suwak_badanie: markerPos = np.float64(17.60416666666667)
35.1425 	EXP 	suwak_badanie: markerPos = np.float64(17.708333333333343)
35.1594 	EXP 	suwak_badanie: markerPos = np.float64(17.708333333333343)
35.1758 	EXP 	suwak_badanie: markerPos = np.float64(17.8125)
35.1927 	EXP 	suwak_badanie: markerPos = np.float64(18.02083333333333)
35.2088 	EXP 	suwak_badanie: markerPos = np.float64(18.33333333333333)
35.2257 	EXP 	suwak_badanie: markerPos = np.float64(18.645833333333343)
35.2419 	EXP 	suwak_badanie: markerPos = np.float64(19.0625)
35.2587 	EXP 	suwak_badanie: markerPos = np.float64(19.375)
35.2755 	EXP 	suwak_badanie: markerPos = np.float64(19.89583333333333)
35.2922 	EXP 	suwak_badanie: markerPos = np.float64(20.0)
35.3087 	EXP 	suwak_badanie: markerPos = np.float64(20.10416666666667)
35.3254 	EXP 	suwak_badanie: markerPos = np.float64(20.208333333333343)
35.3270 	DATA 	Mouse:  Left button up, pos=(1154,260)
35.3422 	EXP 	suwak_badanie: markerPos = np.float64(20.208333333333343)
35.3583 	EXP 	label_text: autoDraw = False
35.3583 	EXP 	stim_image: autoDraw = False
35.3583 	EXP 	suwak_badanie: autoDraw = False
35.3583 	EXP 	lewa_etykieta: autoDraw = False
35.3583 	EXP 	prawa_etykieta: autoDraw = False
35.3583 	EXP 	fiksacja2: autoDraw = False
35.3583 	EXP 	pytanie: autoDraw = False
35.3583 	EXP 	text: autoDraw = True
37.3536 	EXP 	New trial (rep=0, index=3): <Trial 3 (3 in rep 0) data={'image_path': 'photos/1K_ZW_8020.png', 'etykieta': 'Poprzedni badani wykryli w tej twarzy 20% zaufania.', 'left_label': 'zaufanie', 'right_label': 'wstręt', 'show_label': 4, 'proporcja_zdjecia': '80/20 zaufania', 'typ_etykiety': 'Procentowa Ludzie', 'warunek': 'Niezgodny', 'kierunek': 'Dominacja Lewo zaufanie', 'thisN': 3, 'thisTrialN': 3, 'thisRepN': 0}>
37.4343 	EXP 	text: autoDraw = False
37.4343 	EXP 	przerwa_text: autoDraw = False
37.4343 	EXP 	label_text: height = np.float64(0.05)
37.4343 	EXP 	label_text: height = np.float64(0.05)
37.4343 	EXP 	label_text: height = np.float64(0.05)
37.4343 	EXP 	label_text: text = 'Poprzedni badani wykryli w tej twarzy 20% zaufania.'
37.4343 	EXP 	label_text: height = np.float64(0.05)
37.4343 	EXP 	label_text: height = np.float64(0.05)
37.4343 	EXP 	label_text: height = np.float64(0.05)
37.4343 	EXP 	label_text: text = 'Poprzedni badani wykryli w tej twarzy 20% zaufania.'
37.4343 	EXP 	stim_image: image = 'photos/1K_ZW_8020.png'
37.4343 	EXP 	suwak_badanie: markerPos = None
37.4343 	EXP 	suwak_badanie: markerPos = 0
37.4343 	EXP 	lewa_etykieta: height = np.float64(0.085)
37.4343 	EXP 	lewa_etykieta: height = np.float64(0.085)
37.4343 	EXP 	lewa_etykieta: height = np.float64(0.085)
37.4343 	EXP 	lewa_etykieta: text = 'zaufanie'
37.4343 	EXP 	prawa_etykieta: height = np.float64(0.085)
37.4343 	EXP 	prawa_etykieta: height = np.float64(0.085)
37.4343 	EXP 	prawa_etykieta: height = np.float64(0.085)
37.4343 	EXP 	prawa_etykieta: text = 'wstręt'
37.4343 	EXP 	label_text: autoDraw = True
41.4419 	EXP 	label_text: autoDraw = False
41.5583 	EXP 	fiksacja2: autoDraw = True
42.3224 	EXP 	fiksacja2: autoDraw = False
42.5061 	EXP 	stim_image: autoDraw = True
43.8186 	EXP 	stim_image: autoDraw = False
44.0181 	EXP 	suwak_badanie: autoDraw = True
44.0181 	EXP 	lewa_etykieta: autoDraw = True
44.0181 	EXP 	prawa_etykieta: autoDraw = True
44.0181 	EXP 	pytanie: autoDraw = True
44.8496 	EXP 	Device response: <KeyPress from None: t=44.83973350003362, value=escape, duration=None>
44.8500 	DATA 	Keypress: escape
45.0155 	EXP 	Device response: <KeyPress from None: t=44.83973350003362, value=escape, duration=0.16042129998095334>
45.0156 	EXP 	percepcja_wersja_finalna: status = STOPPED
45.0320 	EXP 	suwak_badanie: autoDraw = False
45.0320 	EXP 	lewa_etykieta: autoDraw = False
45.0320 	EXP 	prawa_etykieta: autoDraw = False
45.0320 	EXP 	pytanie: autoDraw = False
45.0322 	EXP 	percepcja_wersja_finalna: status = STOPPED
45.0428 	INFO 	saved data to 'C:\\Users\\julia\\OneDrive\\Pulpit\\percepcja_psychopy\\data\\532510_percepcja_wersja_finalna_2026-05-04_10h09.39.995.csv'
45.0458 	INFO 	saved data to C:\Users\julia\OneDrive\Pulpit\percepcja_psychopy\data\532510_percepcja_wersja_finalna_2026-05-04_10h09.39.995.psydat
45.8686 	WARNING 	Stopping key buffers but this could be dangerous ifother keyboards rely on the same.
