8.1629 	INFO 	Loaded monitor calibration from ['2026_03_18 20:30']
8.1809 	WARNING 	User requested fullscreen with size [1024  768], but screen is actually [1920, 1080]. Using actual size
8.7205 	INFO 	Using renderer 'Intel(R) UHD Graphics' for graphics
8.7206 	INFO 	OpenGL version supported by driver is 4..
9.5838 	EXP 	Created window1 = Window(allowGUI=False, allowStencil=False, autoLog=True, backendConf=UNKNOWN, backgroundFit=<method-wrapper '__getattribute__' of attributeSetter object at 0x0000011DD1499CF0>, backgroundImage=<method-wrapper '__getattribute__' of attributeSetter object at 0x0000011DD1499D50>, bitsMode=UNKNOWN, blendMode='avg', bpc=(8, 8, 8), color=array([0, 0, 0]), colorSpace='rgb', depthBits=8, fullscr=True, gamma=None, gammaErrorPolicy='raise', infoMsg=UNKNOWN, lms=UNKNOWN, monitor=<psychopy.monitors.calibTools.Monitor object at 0x0000011DCF872DA0>, multiSample=False, name='window1', numSamples=2, pos=[np.float64(0.0), np.float64(0.0)], screen=0, size=array([1920, 1080]), stencilBits=0, stereo=False, title='PsychoPy', units='height', useFBO=True, useRetina=False, viewOri=0.0, viewPos=None, viewScale=None, waitBlanking=True, winType='pyglet')
9.5839 	EXP 	window1: backgroundImage = ''
9.5839 	EXP 	window1: backgroundFit = 'none'
10.0030 	EXP 	window1: Attempting to measure frame rate of screen (0) ...
10.0030 	EXP 	window1: recordFrameIntervals = False
10.1500 	EXP 	window1: recordFrameIntervals = True
11.8122 	EXP 	window1: recordFrameIntervals = False
11.8122 	EXP 	Screen (0) actual frame rate measured at 60.13Hz
11.9543 	INFO 	keyboard.Keyboard is using ptb backend.
11.9544 	EXP 	untitled: status = STARTED
11.9784 	EXP 	Created label_text = TextStim(__class__=<class 'psychopy.visual.text.TextStim'>, alignHoriz=method-wrapper(...), alignText='center', alignVert=method-wrapper(...), anchorHoriz='center', anchorVert='center', antialias=True, autoDraw=False, autoLog=True, bold=False, color=array([1., 1., 1.]), colorSpace='rgb', contrast=1.0, depth=-1.0, draggable=False, flipHoriz=False, flipVert=False, font='Arial', fontFiles=[], height=0.05, italic=False, languageStyle='LTR', name='label_text', opacity=1, ori=0.0, pos=array([0., 0.]), rgb=UNKNOWN, text='', units='height', win=Window(...), wrapWidth=1)
12.0195 	EXP 	Created stim_image = ImageStim(__class__=<class 'psychopy.visual.image.ImageStim'>, anchor=('center', 'center'), autoLog=True, color=array([1., 1., 1.]), colorSpace='rgb', contrast=1.0, depth=-2.0, draggable=False, flipHoriz=np.False_, flipVert=np.False_, image='default.png', interpolate=True, mask=None, maskParams=None, name='stim_image', opacity=1, ori=0.0, pos=array([0., 0.]), size=array([0.5, 0.5]), texRes=128.0, units='height', win=Window(...))
12.3997 	EXP 	Created emotion_rating = Slider(__class__=<class 'psychopy.visual.slider.Slider'>, autoDraw=False, autoLog=True, borderColor=None, color=None, colorSpace='rgb', depth=-3, fillColor=None, flip=False, font='Noto Sans', granularity=0.0, labelColor=None, labelHeight=np.float64(0.05), labelWrapWidth=None, labels=('smutek', 'radość'), lineColor=None, markerColor=None, name='emotion_rating', opacity=None, ori=0.0, pos=array([ 0. , -0.4]), readOnly=False, self=UNKNOWN, size=array([0.5, 0.5]), startValue=None, style='rating', styleTweaks=[], ticks=array([1, 2, 3, 4, 5]), units='norm', win=Window(...))
0.0077 	EXP 	emotion_rating: autoLog = True
0.0077 	EXP 	emotion_rating: styleTweaks = []
0.0077 	EXP 	emotion_rating: styleTweaks = []
0.0077 	EXP 	emotion_rating: styleTweaks = []
0.0077 	EXP 	emotion_rating: styleTweaks = []
0.0077 	EXP 	emotion_rating: contrast = 1.0
0.0077 	EXP 	emotion_rating: markerPos = None
0.0077 	EXP 	emotion_rating: autoLog = True
0.0165 	EXP 	Imported C:/Users/julia/OneDrive/Pulpit/percepcja_psychopy/conditions.xlsx as conditions, 12 conditions, 3 params
0.0168 	EXP 	New trial (rep=0, index=0): <Trial 0 (0 in rep 0) data={'image_path': 'C:\\Users\\julia\\OneDrive\\Pulpit\\percepcja_psychopy\\photos\\360_F_268212419_ZBJvlgVezhjziaP9aynnMGMLOvjUgNG5.jpg', 'label': 'Ten piesek jest smutny', 'show_label': 1, 'thisN': 0, 'thisTrialN': 0, 'thisRepN': 0}>
0.0908 	EXP 	label_text: height = np.float64(0.05)
0.0908 	EXP 	label_text: height = np.float64(0.05)
0.0908 	EXP 	label_text: height = np.float64(0.05)
0.0908 	EXP 	label_text: text = 'Ten piesek jest smutny'
0.0908 	EXP 	stim_image: image = 'C:\\Users\\julia\\OneDrive\\Pulpit\\percepcja_psychopy\\photos\\360_F_268212419_ZBJvlgVezhjziaP9aynnMGMLOvjUgNG5.jpg'
0.0908 	EXP 	emotion_rating: markerPos = None
0.0908 	EXP 	emotion_rating: markerPos = None
0.0908 	EXP 	label_text: autoDraw = True
0.0908 	EXP 	stim_image: autoDraw = True
1.0910 	EXP 	label_text: autoDraw = False
1.0910 	EXP 	stim_image: autoDraw = False
2.0050 	EXP 	emotion_rating: autoDraw = True
9.2584 	DATA 	Mouse: Left button down, pos=(1753,520)
9.3410 	DATA 	Mouse:  Left button up, pos=(1753,521)
9.9015 	DATA 	Mouse: Left button down, pos=(1517,227)
10.0403 	DATA 	Mouse:  Left button up, pos=(1517,227)
10.2836 	DATA 	Mouse: Left button down, pos=(1549,343)
10.3664 	DATA 	Mouse:  Left button up, pos=(1549,343)
10.6544 	DATA 	Mouse: Right button down, pos=(1919,467)
10.7497 	DATA 	Mouse:  Right button up, pos=(1919,467)
11.2378 	DATA 	Mouse: Left button down, pos=(1670,453)
11.3133 	DATA 	Mouse:  Left button up, pos=(1670,453)
90.7136 	DATA 	Mouse: wheel shift=(0,1), pos=(1919,491)
91.4458 	DATA 	Mouse: Left button down, pos=(688,713)
91.5290 	DATA 	Mouse:  Left button up, pos=(688,713)
93.6341 	EXP 	Device response: <KeyPress from None: t=93.62053350000133, value=escape, duration=None>
93.6345 	DATA 	Keypress: escape
93.7716 	EXP 	Device response: <KeyPress from None: t=93.62053350000133, value=escape, duration=0.1347262999988743>
93.7716 	EXP 	untitled: status = STOPPED
93.7882 	EXP 	emotion_rating: autoDraw = False
93.7884 	EXP 	untitled: status = STOPPED
93.7916 	INFO 	saved data to 'C:\\Users\\julia\\OneDrive\\Pulpit\\percepcja_psychopy\\data\\532724_untitled_2026-04-18_23h06.45.184.csv'
93.7944 	INFO 	saved data to C:\Users\julia\OneDrive\Pulpit\percepcja_psychopy\data\532724_untitled_2026-04-18_23h06.45.184.psydat
94.9159 	WARNING 	Stopping key buffers but this could be dangerous ifother keyboards rely on the same.
