10.9263 	INFO 	Loaded monitor calibration from ['2026_03_18 20:30']
10.9806 	WARNING 	User requested fullscreen with size [1090  800], but screen is actually [1920, 1080]. Using actual size
12.8724 	INFO 	Using renderer 'Intel(R) UHD Graphics' for graphics
12.8725 	INFO 	OpenGL version supported by driver is 4..
14.1373 	EXP 	Created window1 = Window(allowGUI=False, allowStencil=True, autoLog=True, backendConf=UNKNOWN, backgroundFit=<method-wrapper '__getattribute__' of attributeSetter object at 0x000001367228EBF0>, backgroundImage=<method-wrapper '__getattribute__' of attributeSetter object at 0x000001367228EC20>, bitsMode=UNKNOWN, blendMode='avg', bpc=(8, 8, 8), color=array([0.6549, 0.6549, 0.6549]), colorSpace='rgb', depthBits=8, fullscr=True, gamma=None, gammaErrorPolicy='raise', infoMsg=UNKNOWN, lms=UNKNOWN, monitor=<psychopy.monitors.calibTools.Monitor object at 0x000001367A7866E0>, multiSample=False, name='window1', numSamples=2, pos=[np.float64(0.0), np.float64(0.0)], screen=0, size=array([1920, 1080]), stencilBits=8, stereo=False, title='PsychoPy', units='height', useFBO=True, useRetina=False, viewOri=0.0, viewPos=None, viewScale=None, waitBlanking=True, winType='pyglet')
14.1373 	EXP 	window1: backgroundImage = ''
14.1374 	EXP 	window1: backgroundFit = 'none'
14.5361 	INFO 	keyboard.Keyboard is using ptb backend.
14.5362 	EXP 	untitled_FINAL_NEWEST: status = STARTED
14.8191 	EXP 	Created text_instr = TextStim(__class__=<class 'psychopy.visual.text.TextStim'>, alignHoriz=method-wrapper(...), alignText='center', alignVert=method-wrapper(...), anchorHoriz='center', anchorVert='center', antialias=True, autoDraw=False, autoLog=True, bold=False, color=array([-1., -1., -1.]), colorSpace='rgb', contrast=1.0, depth=-2.0, draggable=False, flipHoriz=False, flipVert=False, font='Arial', fontFiles=[], height=np.float64(0.03), italic=False, languageStyle='LTR', name='text_instr', opacity=1, ori=0.0, pos=array([0., 0.]), rgb=UNKNOWN, text=str(...), units='height', win=Window(...), wrapWidth=1.5)
14.8585 	EXP 	Created suwak_info = TextStim(__class__=<class 'psychopy.visual.text.TextStim'>, alignHoriz=method-wrapper(...), alignText='center', alignVert=method-wrapper(...), anchorHoriz='center', anchorVert='center', antialias=True, autoDraw=False, autoLog=True, bold=False, color=array([-1., -1., -1.]), colorSpace='rgb', contrast=1.0, depth=-1.0, draggable=False, flipHoriz=False, flipVert=False, font='Arial', fontFiles=[], height=np.float64(0.03), italic=False, languageStyle='LTR', name='suwak_info', opacity=1, ori=0.0, pos=array([0., 0.]), rgb=UNKNOWN, text=str(...), units='height', win=Window(...), wrapWidth=1.3)
14.9127 	EXP 	Created proba_testowa = TextStim(__class__=<class 'psychopy.visual.text.TextStim'>, alignHoriz=method-wrapper(...), alignText='center', alignVert=method-wrapper(...), anchorHoriz='center', anchorVert='center', antialias=True, autoDraw=False, autoLog=True, bold=False, color=array([-1., -1., -1.]), colorSpace='rgb', contrast=1.0, depth=-2.0, draggable=False, flipHoriz=False, flipVert=False, font='Arial', fontFiles=[], height=np.float64(0.04), italic=False, languageStyle='LTR', name='proba_testowa', opacity=1, ori=0.0, pos=array([0., 0.]), rgb=UNKNOWN, text=str(...), units='height', win=Window(...), wrapWidth=1.4)
14.9213 	EXP 	Created pilot_label_text = TextStim(__class__=<class 'psychopy.visual.text.TextStim'>, alignHoriz=method-wrapper(...), alignText='center', alignVert=method-wrapper(...), anchorHoriz='center', anchorVert='center', antialias=True, autoDraw=False, autoLog=True, bold=False, color=array([-1., -1., -1.]), colorSpace='rgb', contrast=1.0, depth=-1.0, draggable=False, flipHoriz=False, flipVert=False, font='Arial', fontFiles=[], height=0.05, italic=False, languageStyle='LTR', name='pilot_label_text', opacity=1, ori=0.0, pos=array([0., 0.]), rgb=UNKNOWN, text='', units='height', win=Window(...), wrapWidth=1.3)
14.9438 	EXP 	Created pilot_fiksacja1 = TextStim(__class__=<class 'psychopy.visual.text.TextStim'>, alignHoriz=method-wrapper(...), alignText='center', alignVert=method-wrapper(...), anchorHoriz='center', anchorVert='center', antialias=True, autoDraw=False, autoLog=True, bold=False, color=array([-1., -1., -1.]), colorSpace='rgb', contrast=1.0, depth=-2.0, draggable=False, flipHoriz=False, flipVert=False, font='Arial', fontFiles=[], height=np.float64(0.12), italic=False, languageStyle='LTR', name='pilot_fiksacja1', opacity=1, ori=0.0, pos=array([0., 0.]), rgb=UNKNOWN, text='+', units='height', win=Window(...), wrapWidth=1)
15.0119 	EXP 	Created pilot_suwak = Slider(__class__=<class 'psychopy.visual.slider.Slider'>, autoDraw=False, autoLog=True, borderColor=None, color=None, colorSpace='rgb', depth=-3, fillColor=None, flip=False, font='Noto Sans', granularity=0.0, labelColor=None, labelHeight=np.float64(0.05), labelWrapWidth=None, labels=None, lineColor=None, markerColor=None, name='pilot_suwak', opacity=None, ori=0.0, pos=array([ 0. , -0.5]), readOnly=False, self=UNKNOWN, size=array([1. , 0.1]), startValue=0, style='slider', styleTweaks=[], ticks=array([-50, -25,   0,  25,  50]), units='norm', win=Window(...))
15.0257 	EXP 	Created pilot_fiksacja2 = TextStim(__class__=<class 'psychopy.visual.text.TextStim'>, alignHoriz=method-wrapper(...), alignText='center', alignVert=method-wrapper(...), anchorHoriz='center', anchorVert='center', antialias=True, autoDraw=False, autoLog=True, bold=False, color=array([-1., -1., -1.]), colorSpace='rgb', contrast=1.0, depth=-4.0, draggable=False, flipHoriz=False, flipVert=False, font='Arial', fontFiles=[], height=np.float64(0.1), italic=False, languageStyle='LTR', name='pilot_fiksacja2', opacity=1, ori=0.0, pos=array([0., 0.]), rgb=UNKNOWN, text='+', units='height', win=Window(...), wrapWidth=1)
15.0544 	EXP 	Created pilot_pytanie = TextStim(__class__=<class 'psychopy.visual.text.TextStim'>, alignHoriz=method-wrapper(...), alignText='center', alignVert=method-wrapper(...), anchorHoriz='center', anchorVert='center', antialias=True, autoDraw=False, autoLog=True, bold=False, color=array([-1., -1., -1.]), colorSpace='rgb', contrast=1.0, depth=-5.0, draggable=False, flipHoriz=False, flipVert=False, font='Arial', fontFiles=[], height=np.float64(0.1), italic=False, languageStyle='LTR', name='pilot_pytanie', opacity=1, ori=0.0, pos=array([0., 0.]), rgb=UNKNOWN, text='Jaką emocję wyrażała ta twarz?', units='norm', win=Window(...), wrapWidth=1)
15.0587 	EXP 	Created pilot_lewa_etykieta = TextStim(__class__=<class 'psychopy.visual.text.TextStim'>, alignHoriz=method-wrapper(...), alignText='center', alignVert=method-wrapper(...), anchorHoriz='center', anchorVert='center', antialias=True, autoDraw=False, autoLog=True, bold=False, color=array([-1., -1., -1.]), colorSpace='rgb', contrast=1.0, depth=-6.0, draggable=False, flipHoriz=False, flipVert=False, font='Arial', fontFiles=[], height=0.085, italic=False, languageStyle='LTR', name='pilot_lewa_etykieta', opacity=1, ori=0.0, pos=array([-0.6, -0.5]), rgb=UNKNOWN, text='', units='norm', win=Window(...), wrapWidth=1)
15.0622 	EXP 	Created pilot_prawa_etykieta = TextStim(__class__=<class 'psychopy.visual.text.TextStim'>, alignHoriz=method-wrapper(...), alignText='center', alignVert=method-wrapper(...), anchorHoriz='center', anchorVert='center', antialias=True, autoDraw=False, autoLog=True, bold=False, color=array([-1., -1., -1.]), colorSpace='rgb', contrast=1.0, depth=-7.0, draggable=False, flipHoriz=False, flipVert=False, font='Arial', fontFiles=[], height=0.085, italic=False, languageStyle='LTR', name='pilot_prawa_etykieta', opacity=1, ori=0.0, pos=array([ 0.6, -0.5]), rgb=UNKNOWN, text='', units='norm', win=Window(...), wrapWidth=1)
15.1518 	EXP 	Created pilot_stim_image = ImageStim(__class__=<class 'psychopy.visual.image.ImageStim'>, anchor=('center', 'center'), autoLog=True, color=array([1., 1., 1.]), colorSpace='rgb', contrast=1.0, depth=-8.0, draggable=False, flipHoriz=np.False_, flipVert=np.False_, image='photos/twarz_testowa.jpg', interpolate=True, mask=None, maskParams=None, name='pilot_stim_image', opacity=1, ori=0.0, pos=array([0., 0.]), size=array([0.75, 0.75]), texRes=128.0, units='height', win=Window(...))
15.2220 	EXP 	Created start_badania = TextStim(__class__=<class 'psychopy.visual.text.TextStim'>, alignHoriz=method-wrapper(...), alignText='center', alignVert=method-wrapper(...), anchorHoriz='center', anchorVert='center', antialias=True, autoDraw=False, autoLog=True, bold=False, color=array([-1., -1., -1.]), colorSpace='rgb', contrast=1.0, depth=-2.0, draggable=False, flipHoriz=False, flipVert=False, font='Arial', fontFiles=[], height=np.float64(0.1), italic=False, languageStyle='LTR', name='start_badania', opacity=1, ori=0.0, pos=array([0., 0.]), rgb=UNKNOWN, text=str(...), units='norm', win=Window(...), wrapWidth=1.4)
15.2360 	EXP 	Created przerwa_text = TextStim(__class__=<class 'psychopy.visual.text.TextStim'>, alignHoriz=method-wrapper(...), alignText='center', alignVert=method-wrapper(...), anchorHoriz='center', anchorVert='center', antialias=True, autoDraw=False, autoLog=True, bold=False, color=array([-1., -1., -1.]), colorSpace='rgb', contrast=1.0, depth=0.0, draggable=False, flipHoriz=False, flipVert=False, font='Arial', fontFiles=[], height=np.float64(0.1), italic=False, languageStyle='LTR', name='przerwa_text', opacity=1, ori=0.0, pos=array([0., 0.]), rgb=UNKNOWN, text=str(...), units='norm', win=Window(...), wrapWidth=1)
15.2375 	EXP 	Created label_text = TextStim(__class__=<class 'psychopy.visual.text.TextStim'>, alignHoriz=method-wrapper(...), alignText='center', alignVert=method-wrapper(...), anchorHoriz='center', anchorVert='center', antialias=True, autoDraw=False, autoLog=True, bold=False, color=array([-1., -1., -1.]), colorSpace='rgb', contrast=1.0, depth=-2.0, draggable=False, flipHoriz=False, flipVert=False, font='Arial', fontFiles=[], height=0.05, italic=False, languageStyle='LTR', name='label_text', opacity=1, ori=0.0, pos=array([0., 0.]), rgb=UNKNOWN, text='', units='height', win=Window(...), wrapWidth=1.3)
15.2483 	EXP 	Created stim_image = ImageStim(__class__=<class 'psychopy.visual.image.ImageStim'>, anchor=('center', 'center'), autoLog=True, color=array([1., 1., 1.]), colorSpace='rgb', contrast=1.0, depth=-3.0, draggable=False, flipHoriz=np.False_, flipVert=np.False_, image='default.png', interpolate=True, mask=None, maskParams=None, name='stim_image', opacity=1, ori=0.0, pos=array([0., 0.]), size=array([0.75, 0.75]), texRes=128.0, units='height', win=Window(...))
15.2828 	EXP 	Created suwak_badanie = Slider(__class__=<class 'psychopy.visual.slider.Slider'>, autoDraw=False, autoLog=True, borderColor=None, color=None, colorSpace='rgb', depth=-4, fillColor=None, flip=False, font='Noto Sans', granularity=0.0, labelColor=None, labelHeight=np.float64(0.05), labelWrapWidth=None, labels=None, lineColor=None, markerColor=None, name='suwak_badanie', opacity=None, ori=0.0, pos=array([ 0. , -0.5]), readOnly=False, self=UNKNOWN, size=array([1. , 0.1]), startValue=0, style='slider', styleTweaks=[], ticks=array([-50, -25,   0,  25,  50]), units='norm', win=Window(...))
15.2882 	EXP 	Created lewa_etykieta = TextStim(__class__=<class 'psychopy.visual.text.TextStim'>, alignHoriz=method-wrapper(...), alignText='center', alignVert=method-wrapper(...), anchorHoriz='center', anchorVert='center', antialias=True, autoDraw=False, autoLog=True, bold=False, color=array([-1., -1., -1.]), colorSpace='rgb', contrast=1.0, depth=-5.0, draggable=False, flipHoriz=False, flipVert=False, font='Arial', fontFiles=[], height=0.085, italic=False, languageStyle='LTR', name='lewa_etykieta', opacity=1, ori=0.0, pos=array([-0.65, -0.5 ]), rgb=UNKNOWN, text='', units='norm', win=Window(...), wrapWidth=1)
15.2933 	EXP 	Created prawa_etykieta = TextStim(__class__=<class 'psychopy.visual.text.TextStim'>, alignHoriz=method-wrapper(...), alignText='center', alignVert=method-wrapper(...), anchorHoriz='center', anchorVert='center', antialias=True, autoDraw=False, autoLog=True, bold=False, color=array([-1., -1., -1.]), colorSpace='rgb', contrast=1.0, depth=-6.0, draggable=False, flipHoriz=False, flipVert=False, font='Arial', fontFiles=[], height=0.085, italic=False, languageStyle='LTR', name='prawa_etykieta', opacity=1, ori=0.0, pos=array([ 0.65, -0.5 ]), rgb=UNKNOWN, text='', units='norm', win=Window(...), wrapWidth=1)
15.3081 	EXP 	Created fiksacja2 = TextStim(__class__=<class 'psychopy.visual.text.TextStim'>, alignHoriz=method-wrapper(...), alignText='center', alignVert=method-wrapper(...), anchorHoriz='center', anchorVert='center', antialias=True, autoDraw=False, autoLog=True, bold=False, color=array([-1., -1., -1.]), colorSpace='rgb', contrast=1.0, depth=-7.0, draggable=False, flipHoriz=False, flipVert=False, font='Arial', fontFiles=[], height=np.float64(0.12), italic=False, languageStyle='LTR', name='fiksacja2', opacity=1, ori=0.0, pos=array([0., 0.]), rgb=UNKNOWN, text='+', units='height', win=Window(...), wrapWidth=1)
15.3187 	EXP 	Created pytanie = TextStim(__class__=<class 'psychopy.visual.text.TextStim'>, alignHoriz=method-wrapper(...), alignText='center', alignVert=method-wrapper(...), anchorHoriz='center', anchorVert='center', antialias=True, autoDraw=False, autoLog=True, bold=False, color=array([-1., -1., -1.]), colorSpace='rgb', contrast=1.0, depth=-8.0, draggable=False, flipHoriz=False, flipVert=False, font='Arial', fontFiles=[], height=np.float64(0.1), italic=False, languageStyle='LTR', name='pytanie', opacity=1, ori=0.0, pos=array([0., 0.]), rgb=UNKNOWN, text='Jaką emocję wyrażała ta twarz?', units='norm', win=Window(...), wrapWidth=1)
15.3246 	EXP 	Created text = TextStim(__class__=<class 'psychopy.visual.text.TextStim'>, alignHoriz=method-wrapper(...), alignText='center', alignVert=method-wrapper(...), anchorHoriz='center', anchorVert='center', antialias=True, autoDraw=False, autoLog=True, bold=False, color=array([1., 1., 1.]), colorSpace='rgb', contrast=1.0, depth=-1.0, draggable=False, flipHoriz=False, flipVert=False, font='Arial', fontFiles=[], height=np.float64(0.05), italic=False, languageStyle='LTR', name='text', opacity=1, ori=0.0, pos=array([0., 0.]), rgb=UNKNOWN, text='', units='height', win=Window(...), wrapWidth=1)
15.3494 	EXP 	Created podziekowania_text = TextStim(__class__=<class 'psychopy.visual.text.TextStim'>, alignHoriz=method-wrapper(...), alignText='center', alignVert=method-wrapper(...), anchorHoriz='center', anchorVert='center', antialias=True, autoDraw=False, autoLog=True, bold=False, color=array([1., 1., 1.]), colorSpace='rgb', contrast=1.0, depth=0.0, draggable=False, flipHoriz=False, flipVert=False, font='Arial', fontFiles=[], height=np.float64(0.05), italic=False, languageStyle='LTR', name='podziekowania_text', opacity=1, ori=0.0, pos=array([0., 0.]), rgb=UNKNOWN, text=str(...), units='height', win=Window(...), wrapWidth=1)
0.4776 	EXP 	pilot_suwak: autoLog = True
0.4776 	EXP 	pilot_suwak: styleTweaks = []
0.4776 	EXP 	pilot_suwak: styleTweaks = []
0.4776 	EXP 	pilot_suwak: styleTweaks = []
0.4776 	EXP 	pilot_suwak: styleTweaks = []
0.4776 	EXP 	pilot_suwak: contrast = 1.0
0.4776 	EXP 	pilot_suwak: markerPos = 0
0.4776 	EXP 	pilot_suwak: autoLog = True
0.4776 	EXP 	suwak_badanie: autoLog = True
0.4776 	EXP 	suwak_badanie: styleTweaks = []
0.4776 	EXP 	suwak_badanie: styleTweaks = []
0.4776 	EXP 	suwak_badanie: styleTweaks = []
0.4776 	EXP 	suwak_badanie: styleTweaks = []
0.4776 	EXP 	suwak_badanie: contrast = 1.0
0.4776 	EXP 	suwak_badanie: markerPos = 0
0.4776 	EXP 	suwak_badanie: autoLog = True
0.6147 	INFO 	Keyboard events cleared
0.6146 	EXP 	text_instr: autoDraw = True
1.6834 	DATA 	Keypress: space
1.7222 	EXP 	Device response: <KeyPress from None: t=1.6574254999868572, value=space, duration=None>
1.7850 	INFO 	Keyboard events cleared
1.7849 	EXP 	text_instr: autoDraw = False
1.7849 	EXP 	suwak_info: autoDraw = True
2.2689 	DATA 	Keypress: space
2.2839 	EXP 	Device response: <KeyPress from None: t=2.2392466999590397, value=space, duration=None>
2.3179 	INFO 	Keyboard events cleared
2.3178 	EXP 	suwak_info: autoDraw = False
2.3178 	EXP 	proba_testowa: autoDraw = True
2.3930 	EXP 	Device response: <KeyPress from None: t=1.6574254999868572, value=space, duration=0.6830285999458283>
2.6720 	DATA 	Keypress: space
2.6767 	EXP 	Device response: <KeyPress from None: t=2.662991699995473, value=space, duration=None>
2.7369 	EXP 	proba_testowa: autoDraw = False
2.7369 	EXP 	pilot_label_text: height = np.float64(0.05)
2.7369 	EXP 	pilot_label_text: height = np.float64(0.05)
2.7369 	EXP 	pilot_label_text: height = np.float64(0.05)
2.7369 	EXP 	pilot_label_text: height = np.float64(0.05)
2.7369 	EXP 	pilot_label_text: height = np.float64(0.05)
2.7369 	EXP 	pilot_label_text: height = np.float64(0.05)
2.7369 	EXP 	pilot_label_text: text = 'Model AI wykrył w tej twarzy 80% smutku.\n\n'
2.7369 	EXP 	pilot_suwak: markerPos = None
2.7369 	EXP 	pilot_suwak: markerPos = 0
2.7369 	EXP 	pilot_lewa_etykieta: height = np.float64(0.085)
2.7369 	EXP 	pilot_lewa_etykieta: height = np.float64(0.085)
2.7369 	EXP 	pilot_lewa_etykieta: height = np.float64(0.085)
2.7369 	EXP 	pilot_lewa_etykieta: text = 'radość'
2.7369 	EXP 	pilot_prawa_etykieta: height = np.float64(0.085)
2.7369 	EXP 	pilot_prawa_etykieta: height = np.float64(0.085)
2.7369 	EXP 	pilot_prawa_etykieta: height = np.float64(0.085)
2.7369 	EXP 	pilot_prawa_etykieta: text = 'smutek'
2.7369 	EXP 	pilot_fiksacja1: autoDraw = True
2.7702 	EXP 	Device response: <KeyPress from None: t=2.2392466999590397, value=space, duration=0.5143152000382543>
3.2518 	EXP 	pilot_fiksacja1: autoDraw = False
3.3851 	EXP 	pilot_label_text: autoDraw = True
6.3934 	EXP 	pilot_label_text: autoDraw = False
6.5929 	EXP 	pilot_fiksacja2: autoDraw = True
7.1081 	EXP 	pilot_fiksacja2: autoDraw = False
7.2919 	EXP 	pilot_stim_image: autoDraw = True
8.1926 	EXP 	pilot_suwak: autoDraw = True
8.1926 	EXP 	pilot_pytanie: autoDraw = True
8.1926 	EXP 	pilot_lewa_etykieta: autoDraw = True
8.1926 	EXP 	pilot_prawa_etykieta: autoDraw = True
8.2049 	EXP 	pilot_stim_image: autoDraw = False
9.0875 	DATA 	Mouse: Left button down, pos=(968,283)
9.1024 	EXP 	pilot_suwak: markerPos = np.float64(0.8333333333333286)
9.1191 	EXP 	pilot_suwak: markerPos = np.float64(1.249999999999993)
9.1358 	EXP 	pilot_suwak: markerPos = np.float64(1.6666666666666714)
9.1522 	EXP 	pilot_suwak: markerPos = np.float64(2.6041666666666643)
9.1687 	EXP 	pilot_suwak: markerPos = np.float64(3.2291666666666714)
9.1857 	EXP 	pilot_suwak: markerPos = np.float64(4.583333333333329)
9.2024 	EXP 	pilot_suwak: markerPos = np.float64(5.625)
9.2190 	EXP 	pilot_suwak: markerPos = np.float64(9.895833333333336)
9.2354 	EXP 	pilot_suwak: markerPos = np.float64(12.708333333333336)
9.2520 	EXP 	pilot_suwak: markerPos = np.float64(17.5)
9.2686 	EXP 	pilot_suwak: markerPos = np.float64(20.0)
9.2856 	EXP 	pilot_suwak: markerPos = np.float64(23.4375)
9.3022 	EXP 	pilot_suwak: markerPos = np.float64(28.229166666666657)
9.3187 	EXP 	pilot_suwak: markerPos = np.float64(31.25)
9.3353 	EXP 	pilot_suwak: markerPos = np.float64(34.16666666666667)
9.3519 	EXP 	pilot_suwak: markerPos = np.float64(35.10416666666667)
9.3686 	EXP 	pilot_suwak: markerPos = np.float64(35.72916666666667)
9.3850 	EXP 	pilot_suwak: markerPos = np.float64(36.35416666666667)
9.4016 	EXP 	pilot_suwak: markerPos = np.float64(36.77083333333333)
9.4182 	EXP 	pilot_suwak: markerPos = np.float64(37.08333333333333)
9.4350 	EXP 	pilot_suwak: markerPos = np.float64(37.1875)
9.4514 	EXP 	pilot_suwak: markerPos = np.float64(37.60416666666666)
9.4681 	EXP 	pilot_suwak: markerPos = np.float64(38.95833333333333)
9.4849 	EXP 	pilot_suwak: markerPos = np.float64(40.20833333333333)
9.5017 	EXP 	pilot_suwak: markerPos = np.float64(41.45833333333333)
9.5182 	EXP 	pilot_suwak: markerPos = np.float64(42.5)
9.5348 	EXP 	pilot_suwak: markerPos = np.float64(43.125)
9.5514 	EXP 	pilot_suwak: markerPos = np.float64(43.125)
9.5682 	EXP 	pilot_suwak: markerPos = np.float64(43.125)
9.5848 	EXP 	pilot_suwak: markerPos = np.float64(43.125)
9.6012 	EXP 	pilot_suwak: markerPos = np.float64(43.125)
9.6178 	EXP 	pilot_suwak: markerPos = np.float64(43.125)
9.6342 	EXP 	pilot_suwak: markerPos = np.float64(43.125)
9.6511 	EXP 	pilot_suwak: markerPos = np.float64(43.125)
9.6524 	DATA 	Mouse:  Left button up, pos=(1374,257)
9.6678 	EXP 	pilot_suwak: markerPos = np.float64(43.125)
9.6848 	INFO 	Keyboard events cleared
9.6847 	EXP 	pilot_label_text: autoDraw = False
9.6847 	EXP 	pilot_fiksacja1: autoDraw = False
9.6847 	EXP 	pilot_suwak: autoDraw = False
9.6847 	EXP 	pilot_fiksacja2: autoDraw = False
9.6847 	EXP 	pilot_pytanie: autoDraw = False
9.6847 	EXP 	pilot_lewa_etykieta: autoDraw = False
9.6847 	EXP 	pilot_prawa_etykieta: autoDraw = False
9.6847 	EXP 	pilot_stim_image: autoDraw = False
9.6847 	EXP 	start_badania: autoDraw = True
11.1645 	EXP 	Device response: <KeyPress from None: t=11.159095300012268, value=space, duration=None>
11.1950 	EXP 	Imported conditions.xlsx as conditions, 32 conditions, 9 params
11.1962 	EXP 	New trial (rep=0, index=0): <Trial 0 (0 in rep 0) data={'image_path': 'C:\\Users\\julia\\OneDrive\\Pulpit\\percepcja_psychopy\\photos\\Twarze 50,50\\SZ 50,50\\1K SZ 5050.png', 'etykieta': 'Model sztucznej inteligencji wykrył w tej twarzy 72% strachu .', 'left_label': 'strach', 'right_label': 'złość', 'show_label': 4, 'proporcja_zdjecia': '50/50', 'typ_etykiety': 'Procentowa AI', 'warunek': 'n/d', 'kierunek': 'Sugestia Lewo strach', 'thisN': 0, 'thisTrialN': 0, 'thisRepN': 0}>
11.2636 	EXP 	Device response: <KeyPress from None: t=2.662991699995473, value=space, duration=8.55573160003405>
11.2644 	DATA 	Keypress: space
11.2673 	EXP 	start_badania: autoDraw = False
11.2673 	EXP 	przerwa_text: autoDraw = False
11.2673 	EXP 	label_text: height = np.float64(0.05)
11.2673 	EXP 	label_text: height = np.float64(0.05)
11.2673 	EXP 	label_text: height = np.float64(0.05)
11.2673 	EXP 	label_text: text = 'Model sztucznej inteligencji wykrył w tej twarzy 72% strachu .'
11.2673 	EXP 	label_text: height = np.float64(0.05)
11.2673 	EXP 	label_text: height = np.float64(0.05)
11.2673 	EXP 	label_text: height = np.float64(0.05)
11.2673 	EXP 	label_text: text = 'Model sztucznej inteligencji wykrył w tej twarzy 72% strachu .'
11.2673 	EXP 	stim_image: image = 'C:\\Users\\julia\\OneDrive\\Pulpit\\percepcja_psychopy\\photos\\Twarze 50,50\\SZ 50,50\\1K SZ 5050.png'
11.2673 	EXP 	suwak_badanie: markerPos = None
11.2673 	EXP 	suwak_badanie: markerPos = 0
11.2673 	EXP 	lewa_etykieta: height = np.float64(0.085)
11.2673 	EXP 	lewa_etykieta: height = np.float64(0.085)
11.2673 	EXP 	lewa_etykieta: height = np.float64(0.085)
11.2673 	EXP 	lewa_etykieta: text = 'strach'
11.2673 	EXP 	prawa_etykieta: height = np.float64(0.085)
11.2673 	EXP 	prawa_etykieta: height = np.float64(0.085)
11.2673 	EXP 	prawa_etykieta: height = np.float64(0.085)
11.2673 	EXP 	prawa_etykieta: text = 'złość'
11.2673 	EXP 	label_text: autoDraw = True
15.2691 	EXP 	label_text: autoDraw = False
15.4022 	EXP 	fiksacja2: autoDraw = True
15.6513 	EXP 	fiksacja2: autoDraw = False
15.8520 	EXP 	stim_image: autoDraw = True
17.0475 	EXP 	suwak_badanie: autoDraw = True
17.0475 	EXP 	lewa_etykieta: autoDraw = True
17.0475 	EXP 	prawa_etykieta: autoDraw = True
17.0475 	EXP 	pytanie: autoDraw = True
17.0641 	EXP 	stim_image: autoDraw = False
18.2630 	DATA 	Mouse: Left button down, pos=(981,278)
18.2777 	EXP 	suwak_badanie: markerPos = np.float64(2.1875)
18.2942 	EXP 	suwak_badanie: markerPos = np.float64(2.1875)
18.3106 	EXP 	suwak_badanie: markerPos = np.float64(1.6666666666666714)
18.3275 	EXP 	suwak_badanie: markerPos = np.float64(0.7291666666666714)
18.3440 	EXP 	suwak_badanie: markerPos = np.float64(0.3125000000000071)
18.3608 	EXP 	suwak_badanie: markerPos = np.float64(-0.625)
18.3772 	EXP 	suwak_badanie: markerPos = np.float64(-1.9791666666666643)
18.3936 	EXP 	suwak_badanie: markerPos = np.float64(-3.2291666666666643)
18.4105 	EXP 	suwak_badanie: markerPos = np.float64(-4.479166666666664)
18.4269 	EXP 	suwak_badanie: markerPos = np.float64(-5.833333333333336)
18.4435 	EXP 	suwak_badanie: markerPos = np.float64(-8.125)
18.4601 	EXP 	suwak_badanie: markerPos = np.float64(-10.833333333333336)
18.4768 	EXP 	suwak_badanie: markerPos = np.float64(-12.083333333333336)
18.4936 	EXP 	suwak_badanie: markerPos = np.float64(-13.958333333333336)
18.5103 	EXP 	suwak_badanie: markerPos = np.float64(-16.875)
18.5271 	EXP 	suwak_badanie: markerPos = np.float64(-20.104166666666668)
18.5434 	EXP 	suwak_badanie: markerPos = np.float64(-21.770833333333332)
18.5599 	EXP 	suwak_badanie: markerPos = np.float64(-23.229166666666668)
18.5768 	EXP 	suwak_badanie: markerPos = np.float64(-24.27083333333333)
18.5934 	EXP 	suwak_badanie: markerPos = np.float64(-25.624999999999996)
18.6099 	EXP 	suwak_badanie: markerPos = np.float64(-27.604166666666668)
18.6263 	EXP 	suwak_badanie: markerPos = np.float64(-28.854166666666664)
18.6431 	EXP 	suwak_badanie: markerPos = np.float64(-30.520833333333336)
18.6597 	EXP 	suwak_badanie: markerPos = np.float64(-31.770833333333332)
18.6764 	EXP 	suwak_badanie: markerPos = np.float64(-33.33333333333333)
18.6930 	EXP 	suwak_badanie: markerPos = np.float64(-34.58333333333333)
18.7095 	EXP 	suwak_badanie: markerPos = np.float64(-35.208333333333336)
18.7262 	EXP 	suwak_badanie: markerPos = np.float64(-35.9375)
18.7431 	EXP 	suwak_badanie: markerPos = np.float64(-36.354166666666664)
18.7598 	EXP 	suwak_badanie: markerPos = np.float64(-36.666666666666664)
18.7761 	EXP 	suwak_badanie: markerPos = np.float64(-36.666666666666664)
18.7927 	EXP 	suwak_badanie: markerPos = np.float64(-36.875)
18.8093 	EXP 	suwak_badanie: markerPos = np.float64(-37.083333333333336)
18.8261 	EXP 	suwak_badanie: markerPos = np.float64(-37.395833333333336)
18.8428 	EXP 	suwak_badanie: markerPos = np.float64(-37.604166666666664)
18.8593 	EXP 	suwak_badanie: markerPos = np.float64(-37.604166666666664)
18.8761 	EXP 	suwak_badanie: markerPos = np.float64(-37.604166666666664)
18.8928 	EXP 	suwak_badanie: markerPos = np.float64(-37.604166666666664)
18.9087 	EXP 	suwak_badanie: markerPos = np.float64(-37.604166666666664)
18.9258 	EXP 	suwak_badanie: markerPos = np.float64(-37.604166666666664)
18.9422 	EXP 	suwak_badanie: markerPos = np.float64(-37.604166666666664)
18.9591 	EXP 	suwak_badanie: markerPos = np.float64(-37.604166666666664)
18.9667 	DATA 	Mouse:  Left button up, pos=(599,258)
18.9757 	EXP 	suwak_badanie: markerPos = np.float64(-37.604166666666664)
18.9922 	EXP 	suwak_badanie: markerPos = np.float64(-37.604166666666664)
19.0089 	EXP 	label_text: autoDraw = False
19.0089 	EXP 	stim_image: autoDraw = False
19.0089 	EXP 	suwak_badanie: autoDraw = False
19.0089 	EXP 	lewa_etykieta: autoDraw = False
19.0089 	EXP 	prawa_etykieta: autoDraw = False
19.0089 	EXP 	fiksacja2: autoDraw = False
19.0089 	EXP 	pytanie: autoDraw = False
19.0089 	EXP 	text: autoDraw = True
20.0075 	EXP 	New trial (rep=0, index=1): <Trial 1 (1 in rep 0) data={'image_path': 'C:\\Users\\julia\\OneDrive\\Pulpit\\percepcja_psychopy\\photos\\Twarze 80,20\\OZ 80,20\\1K OZ 8020.png', 'etykieta': 'Poprzedni badani wykryli w tej twarzy oczekiwanie.', 'left_label': 'zaskoczenie', 'right_label': 'oczekiwanie', 'show_label': 4, 'proporcja_zdjecia': '80/20 oczekiwanie', 'typ_etykiety': 'Kategorialna Ludzie', 'warunek': 'Zgodny', 'kierunek': 'Dominacja Prawo oczekiwanie', 'thisN': 1, 'thisTrialN': 1, 'thisRepN': 0}>
20.0869 	EXP 	text: autoDraw = False
20.0869 	EXP 	przerwa_text: autoDraw = False
20.0869 	EXP 	label_text: height = np.float64(0.05)
20.0869 	EXP 	label_text: height = np.float64(0.05)
20.0869 	EXP 	label_text: height = np.float64(0.05)
20.0869 	EXP 	label_text: text = 'Poprzedni badani wykryli w tej twarzy oczekiwanie.'
20.0869 	EXP 	label_text: height = np.float64(0.05)
20.0869 	EXP 	label_text: height = np.float64(0.05)
20.0869 	EXP 	label_text: height = np.float64(0.05)
20.0869 	EXP 	label_text: text = 'Poprzedni badani wykryli w tej twarzy oczekiwanie.'
20.0869 	EXP 	stim_image: image = 'C:\\Users\\julia\\OneDrive\\Pulpit\\percepcja_psychopy\\photos\\Twarze 80,20\\OZ 80,20\\1K OZ 8020.png'
20.0869 	EXP 	suwak_badanie: markerPos = None
20.0869 	EXP 	suwak_badanie: markerPos = 0
20.0869 	EXP 	lewa_etykieta: height = np.float64(0.085)
20.0869 	EXP 	lewa_etykieta: height = np.float64(0.085)
20.0869 	EXP 	lewa_etykieta: height = np.float64(0.085)
20.0869 	EXP 	lewa_etykieta: text = 'zaskoczenie'
20.0869 	EXP 	prawa_etykieta: height = np.float64(0.085)
20.0869 	EXP 	prawa_etykieta: height = np.float64(0.085)
20.0869 	EXP 	prawa_etykieta: height = np.float64(0.085)
20.0869 	EXP 	prawa_etykieta: text = 'oczekiwanie'
20.0869 	EXP 	label_text: autoDraw = True
24.0952 	EXP 	label_text: autoDraw = False
24.2111 	EXP 	fiksacja2: autoDraw = True
24.4604 	EXP 	fiksacja2: autoDraw = False
24.6609 	EXP 	stim_image: autoDraw = True
25.8570 	EXP 	suwak_badanie: autoDraw = True
25.8570 	EXP 	lewa_etykieta: autoDraw = True
25.8570 	EXP 	prawa_etykieta: autoDraw = True
25.8570 	EXP 	pytanie: autoDraw = True
25.8734 	EXP 	stim_image: autoDraw = False
26.8896 	DATA 	Mouse: Left button down, pos=(1225,270)
26.9041 	EXP 	suwak_badanie: markerPos = np.float64(27.60416666666667)
26.9208 	EXP 	suwak_badanie: markerPos = np.float64(27.60416666666667)
26.9373 	EXP 	suwak_badanie: markerPos = np.float64(27.60416666666667)
26.9540 	EXP 	suwak_badanie: markerPos = np.float64(27.60416666666667)
26.9706 	EXP 	suwak_badanie: markerPos = np.float64(27.60416666666667)
26.9771 	DATA 	Mouse:  Left button up, pos=(1225,270)
26.9871 	EXP 	suwak_badanie: markerPos = np.float64(27.60416666666667)
27.0036 	EXP 	suwak_badanie: markerPos = np.float64(27.60416666666667)
27.0202 	EXP 	label_text: autoDraw = False
27.0202 	EXP 	stim_image: autoDraw = False
27.0202 	EXP 	suwak_badanie: autoDraw = False
27.0202 	EXP 	lewa_etykieta: autoDraw = False
27.0202 	EXP 	prawa_etykieta: autoDraw = False
27.0202 	EXP 	fiksacja2: autoDraw = False
27.0202 	EXP 	pytanie: autoDraw = False
27.0202 	EXP 	text: autoDraw = True
28.0193 	EXP 	New trial (rep=0, index=2): <Trial 2 (2 in rep 0) data={'image_path': 'C:\\Users\\julia\\OneDrive\\Pulpit\\percepcja_psychopy\\photos\\Twarze 50,50\\RS 50,50\\1K RS 5050.png', 'etykieta': 'test', 'left_label': 'radość', 'right_label': 'smutek', 'show_label': 4, 'proporcja_zdjecia': '50/50', 'typ_etykiety': 'Kontrolna', 'warunek': 'kontrolny', 'kierunek': 'Brak', 'thisN': 2, 'thisTrialN': 2, 'thisRepN': 0}>
28.0872 	EXP 	text: autoDraw = False
28.0872 	EXP 	przerwa_text: autoDraw = False
28.0872 	EXP 	label_text: height = np.float64(0.05)
28.0872 	EXP 	label_text: height = np.float64(0.05)
28.0872 	EXP 	label_text: height = np.float64(0.05)
28.0872 	EXP 	label_text: text = ''
28.0872 	EXP 	label_text: height = np.float64(0.05)
28.0872 	EXP 	label_text: height = np.float64(0.05)
28.0872 	EXP 	label_text: height = np.float64(0.05)
28.0872 	EXP 	label_text: height = np.float64(0.05)
28.0872 	EXP 	label_text: height = np.float64(0.05)
28.0872 	EXP 	label_text: height = np.float64(0.05)
28.0872 	EXP 	label_text: text = 'test'
28.0872 	EXP 	stim_image: image = 'C:\\Users\\julia\\OneDrive\\Pulpit\\percepcja_psychopy\\photos\\Twarze 50,50\\RS 50,50\\1K RS 5050.png'
28.0872 	EXP 	suwak_badanie: markerPos = None
28.0872 	EXP 	suwak_badanie: markerPos = 0
28.0872 	EXP 	lewa_etykieta: height = np.float64(0.085)
28.0872 	EXP 	lewa_etykieta: height = np.float64(0.085)
28.0872 	EXP 	lewa_etykieta: height = np.float64(0.085)
28.0872 	EXP 	lewa_etykieta: text = 'radość'
28.0872 	EXP 	prawa_etykieta: height = np.float64(0.085)
28.0872 	EXP 	prawa_etykieta: height = np.float64(0.085)
28.0872 	EXP 	prawa_etykieta: height = np.float64(0.085)
28.0872 	EXP 	prawa_etykieta: text = 'smutek'
28.0872 	EXP 	label_text: autoDraw = True
32.0898 	EXP 	label_text: autoDraw = False
32.2230 	EXP 	fiksacja2: autoDraw = True
32.4890 	EXP 	fiksacja2: autoDraw = False
32.6727 	EXP 	stim_image: autoDraw = True
33.8687 	EXP 	suwak_badanie: autoDraw = True
33.8687 	EXP 	lewa_etykieta: autoDraw = True
33.8687 	EXP 	prawa_etykieta: autoDraw = True
33.8687 	EXP 	pytanie: autoDraw = True
33.8852 	EXP 	stim_image: autoDraw = False
35.3319 	DATA 	Mouse: Left button down, pos=(675,272)
35.3477 	EXP 	suwak_badanie: markerPos = np.float64(-29.6875)
35.3644 	EXP 	suwak_badanie: markerPos = np.float64(-29.6875)
35.3811 	EXP 	suwak_badanie: markerPos = np.float64(-29.6875)
35.3977 	EXP 	suwak_badanie: markerPos = np.float64(-29.6875)
35.4142 	EXP 	suwak_badanie: markerPos = np.float64(-29.6875)
35.4310 	EXP 	suwak_badanie: markerPos = np.float64(-29.6875)
35.4473 	EXP 	suwak_badanie: markerPos = np.float64(-29.6875)
35.4538 	DATA 	Mouse:  Left button up, pos=(675,272)
35.4642 	EXP 	suwak_badanie: markerPos = np.float64(-29.6875)
35.4805 	EXP 	suwak_badanie: markerPos = np.float64(-29.6875)
35.4972 	EXP 	label_text: autoDraw = False
35.4972 	EXP 	stim_image: autoDraw = False
35.4972 	EXP 	suwak_badanie: autoDraw = False
35.4972 	EXP 	lewa_etykieta: autoDraw = False
35.4972 	EXP 	prawa_etykieta: autoDraw = False
35.4972 	EXP 	fiksacja2: autoDraw = False
35.4972 	EXP 	pytanie: autoDraw = False
35.4972 	EXP 	text: autoDraw = True
36.4962 	EXP 	New trial (rep=0, index=3): <Trial 3 (3 in rep 0) data={'image_path': 'C:\\Users\\julia\\OneDrive\\Pulpit\\percepcja_psychopy\\photos\\Twarze 80,20\\ZW 80,20\\1K ZW 8020.png', 'etykieta': 'Poprzedni badani wykryli w tej twarzy 20% zaufania.', 'left_label': 'zaufanie', 'right_label': 'wstręt', 'show_label': 4, 'proporcja_zdjecia': '80/20 zaufania', 'typ_etykiety': 'Procentowa Ludzie', 'warunek': 'Niezgodny', 'kierunek': 'Dominacja Lewo zaufanie', 'thisN': 3, 'thisTrialN': 3, 'thisRepN': 0}>
36.5655 	EXP 	text: autoDraw = False
36.5655 	EXP 	przerwa_text: autoDraw = False
36.5655 	EXP 	label_text: height = np.float64(0.05)
36.5655 	EXP 	label_text: height = np.float64(0.05)
36.5655 	EXP 	label_text: height = np.float64(0.05)
36.5655 	EXP 	label_text: text = 'Poprzedni badani wykryli w tej twarzy 20% zaufania.'
36.5655 	EXP 	label_text: height = np.float64(0.05)
36.5655 	EXP 	label_text: height = np.float64(0.05)
36.5655 	EXP 	label_text: height = np.float64(0.05)
36.5655 	EXP 	label_text: text = 'Poprzedni badani wykryli w tej twarzy 20% zaufania.'
36.5655 	EXP 	stim_image: image = 'C:\\Users\\julia\\OneDrive\\Pulpit\\percepcja_psychopy\\photos\\Twarze 80,20\\ZW 80,20\\1K ZW 8020.png'
36.5655 	EXP 	suwak_badanie: markerPos = None
36.5655 	EXP 	suwak_badanie: markerPos = 0
36.5655 	EXP 	lewa_etykieta: height = np.float64(0.085)
36.5655 	EXP 	lewa_etykieta: height = np.float64(0.085)
36.5655 	EXP 	lewa_etykieta: height = np.float64(0.085)
36.5655 	EXP 	lewa_etykieta: text = 'zaufanie'
36.5655 	EXP 	prawa_etykieta: height = np.float64(0.085)
36.5655 	EXP 	prawa_etykieta: height = np.float64(0.085)
36.5655 	EXP 	prawa_etykieta: height = np.float64(0.085)
36.5655 	EXP 	prawa_etykieta: text = 'wstręt'
36.5655 	EXP 	label_text: autoDraw = True
39.2375 	EXP 	Device response: <KeyPress from None: t=39.23153809993528, value=escape, duration=None>
39.2388 	DATA 	Keypress: escape
39.3539 	EXP 	Device response: <KeyPress from None: t=39.23153809993528, value=escape, duration=0.10617880010977387>
39.3540 	EXP 	untitled_FINAL_NEWEST: status = STOPPED
39.3699 	EXP 	label_text: autoDraw = False
39.3701 	EXP 	untitled_FINAL_NEWEST: status = STOPPED
39.3886 	INFO 	saved data to 'C:\\Users\\julia\\OneDrive\\Pulpit\\percepcja_psychopy\\data\\546377_untitled_FINAL_NEWEST_2026-04-25_21h13.27.609.csv'
39.3908 	INFO 	saved data to C:\Users\julia\OneDrive\Pulpit\percepcja_psychopy\data\546377_untitled_FINAL_NEWEST_2026-04-25_21h13.27.609.psydat
40.8541 	WARNING 	Stopping key buffers but this could be dangerous ifother keyboards rely on the same.
