8.9975 	INFO 	Loaded monitor calibration from ['2026_03_18 20:30']
9.0260 	WARNING 	User requested fullscreen with size [1090  800], but screen is actually [1920, 1080]. Using actual size
9.8799 	INFO 	Using renderer 'Intel(R) UHD Graphics' for graphics
9.8800 	INFO 	OpenGL version supported by driver is 4..
10.8918 	EXP 	Created window1 = Window(allowGUI=False, allowStencil=True, autoLog=True, backendConf=UNKNOWN, backgroundFit=<method-wrapper '__getattribute__' of attributeSetter object at 0x000002646F02AE60>, backgroundImage=<method-wrapper '__getattribute__' of attributeSetter object at 0x000002646F02AEC0>, bitsMode=UNKNOWN, blendMode='avg', bpc=(8, 8, 8), color=array([0.6549, 0.6549, 0.6549]), colorSpace='rgb', depthBits=8, fullscr=True, gamma=None, gammaErrorPolicy='raise', infoMsg=UNKNOWN, lms=UNKNOWN, monitor=<psychopy.monitors.calibTools.Monitor object at 0x0000026477E85510>, multiSample=False, name='window1', numSamples=2, pos=[np.float64(0.0), np.float64(0.0)], screen=0, size=array([1920, 1080]), stencilBits=8, stereo=False, title='PsychoPy', units='height', useFBO=True, useRetina=False, viewOri=0.0, viewPos=None, viewScale=None, waitBlanking=True, winType='pyglet')
10.8919 	EXP 	window1: backgroundImage = ''
10.8919 	EXP 	window1: backgroundFit = 'none'
11.0435 	INFO 	keyboard.Keyboard is using ptb backend.
11.0435 	EXP 	untitled_FINAL_NEWEST: status = STARTED
11.2491 	EXP 	Created text_instr = TextStim(__class__=<class 'psychopy.visual.text.TextStim'>, alignHoriz=method-wrapper(...), alignText='center', alignVert=method-wrapper(...), anchorHoriz='center', anchorVert='center', antialias=True, autoDraw=False, autoLog=True, bold=False, color=array([-1., -1., -1.]), colorSpace='rgb', contrast=1.0, depth=-2.0, draggable=False, flipHoriz=False, flipVert=False, font='Arial', fontFiles=[], height=np.float64(0.03), italic=False, languageStyle='LTR', name='text_instr', opacity=1, ori=0.0, pos=array([0., 0.]), rgb=UNKNOWN, text=str(...), units='height', win=Window(...), wrapWidth=1.5)
11.2750 	EXP 	Created suwak_info = TextStim(__class__=<class 'psychopy.visual.text.TextStim'>, alignHoriz=method-wrapper(...), alignText='center', alignVert=method-wrapper(...), anchorHoriz='center', anchorVert='center', antialias=True, autoDraw=False, autoLog=True, bold=False, color=array([-1., -1., -1.]), colorSpace='rgb', contrast=1.0, depth=-1.0, draggable=False, flipHoriz=False, flipVert=False, font='Arial', fontFiles=[], height=np.float64(0.03), italic=False, languageStyle='LTR', name='suwak_info', opacity=1, ori=0.0, pos=array([0., 0.]), rgb=UNKNOWN, text=str(...), units='height', win=Window(...), wrapWidth=1.3)
11.3058 	EXP 	Created proba_testowa = TextStim(__class__=<class 'psychopy.visual.text.TextStim'>, alignHoriz=method-wrapper(...), alignText='center', alignVert=method-wrapper(...), anchorHoriz='center', anchorVert='center', antialias=True, autoDraw=False, autoLog=True, bold=False, color=array([-1., -1., -1.]), colorSpace='rgb', contrast=1.0, depth=-2.0, draggable=False, flipHoriz=False, flipVert=False, font='Arial', fontFiles=[], height=np.float64(0.04), italic=False, languageStyle='LTR', name='proba_testowa', opacity=1, ori=0.0, pos=array([0., 0.]), rgb=UNKNOWN, text=str(...), units='height', win=Window(...), wrapWidth=1.4)
11.3081 	EXP 	Created pilot_label_text = TextStim(__class__=<class 'psychopy.visual.text.TextStim'>, alignHoriz=method-wrapper(...), alignText='center', alignVert=method-wrapper(...), anchorHoriz='center', anchorVert='center', antialias=True, autoDraw=False, autoLog=True, bold=False, color=array([-1., -1., -1.]), colorSpace='rgb', contrast=1.0, depth=-1.0, draggable=False, flipHoriz=False, flipVert=False, font='Arial', fontFiles=[], height=0.05, italic=False, languageStyle='LTR', name='pilot_label_text', opacity=1, ori=0.0, pos=array([0., 0.]), rgb=UNKNOWN, text='', units='height', win=Window(...), wrapWidth=1.3)
11.3168 	EXP 	Created pilot_fiksacja1 = TextStim(__class__=<class 'psychopy.visual.text.TextStim'>, alignHoriz=method-wrapper(...), alignText='center', alignVert=method-wrapper(...), anchorHoriz='center', anchorVert='center', antialias=True, autoDraw=False, autoLog=True, bold=False, color=array([-1., -1., -1.]), colorSpace='rgb', contrast=1.0, depth=-2.0, draggable=False, flipHoriz=False, flipVert=False, font='Arial', fontFiles=[], height=np.float64(0.12), italic=False, languageStyle='LTR', name='pilot_fiksacja1', opacity=1, ori=0.0, pos=array([0., 0.]), rgb=UNKNOWN, text='+', units='height', win=Window(...), wrapWidth=1)
11.3578 	EXP 	Created pilot_suwak = Slider(__class__=<class 'psychopy.visual.slider.Slider'>, autoDraw=False, autoLog=True, borderColor=None, color=None, colorSpace='rgb', depth=-3, fillColor=None, flip=False, font='Noto Sans', granularity=0.0, labelColor=None, labelHeight=np.float64(0.05), labelWrapWidth=None, labels=None, lineColor=None, markerColor=None, name='pilot_suwak', opacity=None, ori=0.0, pos=array([ 0. , -0.5]), readOnly=False, self=UNKNOWN, size=array([1. , 0.1]), startValue=0, style='slider', styleTweaks=[], ticks=array([-50, -25,   0,  25,  50]), units='norm', win=Window(...))
11.3625 	EXP 	Created pilot_fiksacja2 = TextStim(__class__=<class 'psychopy.visual.text.TextStim'>, alignHoriz=method-wrapper(...), alignText='center', alignVert=method-wrapper(...), anchorHoriz='center', anchorVert='center', antialias=True, autoDraw=False, autoLog=True, bold=False, color=array([-1., -1., -1.]), colorSpace='rgb', contrast=1.0, depth=-4.0, draggable=False, flipHoriz=False, flipVert=False, font='Arial', fontFiles=[], height=np.float64(0.1), italic=False, languageStyle='LTR', name='pilot_fiksacja2', opacity=1, ori=0.0, pos=array([0., 0.]), rgb=UNKNOWN, text='+', units='height', win=Window(...), wrapWidth=1)
11.3776 	EXP 	Created pilot_pytanie = TextStim(__class__=<class 'psychopy.visual.text.TextStim'>, alignHoriz=method-wrapper(...), alignText='center', alignVert=method-wrapper(...), anchorHoriz='center', anchorVert='center', antialias=True, autoDraw=False, autoLog=True, bold=False, color=array([-1., -1., -1.]), colorSpace='rgb', contrast=1.0, depth=-5.0, draggable=False, flipHoriz=False, flipVert=False, font='Arial', fontFiles=[], height=np.float64(0.1), italic=False, languageStyle='LTR', name='pilot_pytanie', opacity=1, ori=0.0, pos=array([0., 0.]), rgb=UNKNOWN, text='Jaką emocję wyrażała ta twarz?', units='norm', win=Window(...), wrapWidth=1)
11.3785 	EXP 	Created pilot_lewa_etykieta = TextStim(__class__=<class 'psychopy.visual.text.TextStim'>, alignHoriz=method-wrapper(...), alignText='center', alignVert=method-wrapper(...), anchorHoriz='center', anchorVert='center', antialias=True, autoDraw=False, autoLog=True, bold=False, color=array([-1., -1., -1.]), colorSpace='rgb', contrast=1.0, depth=-6.0, draggable=False, flipHoriz=False, flipVert=False, font='Arial', fontFiles=[], height=0.085, italic=False, languageStyle='LTR', name='pilot_lewa_etykieta', opacity=1, ori=0.0, pos=array([-0.6, -0.5]), rgb=UNKNOWN, text='', units='norm', win=Window(...), wrapWidth=1)
11.3790 	EXP 	Created pilot_prawa_etykieta = TextStim(__class__=<class 'psychopy.visual.text.TextStim'>, alignHoriz=method-wrapper(...), alignText='center', alignVert=method-wrapper(...), anchorHoriz='center', anchorVert='center', antialias=True, autoDraw=False, autoLog=True, bold=False, color=array([-1., -1., -1.]), colorSpace='rgb', contrast=1.0, depth=-7.0, draggable=False, flipHoriz=False, flipVert=False, font='Arial', fontFiles=[], height=0.085, italic=False, languageStyle='LTR', name='pilot_prawa_etykieta', opacity=1, ori=0.0, pos=array([ 0.6, -0.5]), rgb=UNKNOWN, text='', units='norm', win=Window(...), wrapWidth=1)
11.4528 	EXP 	Created pilot_stim_image = ImageStim(__class__=<class 'psychopy.visual.image.ImageStim'>, anchor=('center', 'center'), autoLog=True, color=array([1., 1., 1.]), colorSpace='rgb', contrast=1.0, depth=-8.0, draggable=False, flipHoriz=np.False_, flipVert=np.False_, image='photos/twarz_testowa.jpg', interpolate=True, mask=None, maskParams=None, name='pilot_stim_image', opacity=1, ori=0.0, pos=array([0., 0.]), size=array([0.9, 0.9]), texRes=128.0, units='height', win=Window(...))
11.4898 	EXP 	Created start_badania = TextStim(__class__=<class 'psychopy.visual.text.TextStim'>, alignHoriz=method-wrapper(...), alignText='center', alignVert=method-wrapper(...), anchorHoriz='center', anchorVert='center', antialias=True, autoDraw=False, autoLog=True, bold=False, color=array([-1., -1., -1.]), colorSpace='rgb', contrast=1.0, depth=-2.0, draggable=False, flipHoriz=False, flipVert=False, font='Arial', fontFiles=[], height=np.float64(0.1), italic=False, languageStyle='LTR', name='start_badania', opacity=1, ori=0.0, pos=array([0., 0.]), rgb=UNKNOWN, text=str(...), units='norm', win=Window(...), wrapWidth=1.4)
11.4964 	EXP 	Created przerwa_text = TextStim(__class__=<class 'psychopy.visual.text.TextStim'>, alignHoriz=method-wrapper(...), alignText='center', alignVert=method-wrapper(...), anchorHoriz='center', anchorVert='center', antialias=True, autoDraw=False, autoLog=True, bold=False, color=array([-1., -1., -1.]), colorSpace='rgb', contrast=1.0, depth=0.0, draggable=False, flipHoriz=False, flipVert=False, font='Arial', fontFiles=[], height=np.float64(0.1), italic=False, languageStyle='LTR', name='przerwa_text', opacity=1, ori=0.0, pos=array([0., 0.]), rgb=UNKNOWN, text=str(...), units='norm', win=Window(...), wrapWidth=1)
11.4970 	EXP 	Created label_text = TextStim(__class__=<class 'psychopy.visual.text.TextStim'>, alignHoriz=method-wrapper(...), alignText='center', alignVert=method-wrapper(...), anchorHoriz='center', anchorVert='center', antialias=True, autoDraw=False, autoLog=True, bold=False, color=array([-1., -1., -1.]), colorSpace='rgb', contrast=1.0, depth=-2.0, draggable=False, flipHoriz=False, flipVert=False, font='Arial', fontFiles=[], height=0.05, italic=False, languageStyle='LTR', name='label_text', opacity=1, ori=0.0, pos=array([0., 0.]), rgb=UNKNOWN, text='', units='height', win=Window(...), wrapWidth=1.3)
11.5026 	EXP 	Created stim_image = ImageStim(__class__=<class 'psychopy.visual.image.ImageStim'>, anchor=('center', 'center'), autoLog=True, color=array([1., 1., 1.]), colorSpace='rgb', contrast=1.0, depth=-3.0, draggable=False, flipHoriz=np.False_, flipVert=np.False_, image='default.png', interpolate=True, mask=None, maskParams=None, name='stim_image', opacity=1, ori=0.0, pos=array([0., 0.]), size=array([0.9, 0.9]), texRes=128.0, units='height', win=Window(...))
11.5126 	EXP 	Created suwak_badanie = Slider(__class__=<class 'psychopy.visual.slider.Slider'>, autoDraw=False, autoLog=True, borderColor=None, color=None, colorSpace='rgb', depth=-4, fillColor=None, flip=False, font='Noto Sans', granularity=0.0, labelColor=None, labelHeight=np.float64(0.05), labelWrapWidth=None, labels=None, lineColor=None, markerColor=None, name='suwak_badanie', opacity=None, ori=0.0, pos=array([ 0. , -0.5]), readOnly=False, self=UNKNOWN, size=array([1. , 0.1]), startValue=0, style='slider', styleTweaks=[], ticks=array([-50, -25,   0,  25,  50]), units='norm', win=Window(...))
11.5132 	EXP 	Created lewa_etykieta = TextStim(__class__=<class 'psychopy.visual.text.TextStim'>, alignHoriz=method-wrapper(...), alignText='center', alignVert=method-wrapper(...), anchorHoriz='center', anchorVert='center', antialias=True, autoDraw=False, autoLog=True, bold=False, color=array([-1., -1., -1.]), colorSpace='rgb', contrast=1.0, depth=-5.0, draggable=False, flipHoriz=False, flipVert=False, font='Arial', fontFiles=[], height=0.085, italic=False, languageStyle='LTR', name='lewa_etykieta', opacity=1, ori=0.0, pos=array([-0.65, -0.5 ]), rgb=UNKNOWN, text='', units='norm', win=Window(...), wrapWidth=1)
11.5137 	EXP 	Created prawa_etykieta = TextStim(__class__=<class 'psychopy.visual.text.TextStim'>, alignHoriz=method-wrapper(...), alignText='center', alignVert=method-wrapper(...), anchorHoriz='center', anchorVert='center', antialias=True, autoDraw=False, autoLog=True, bold=False, color=array([-1., -1., -1.]), colorSpace='rgb', contrast=1.0, depth=-6.0, draggable=False, flipHoriz=False, flipVert=False, font='Arial', fontFiles=[], height=0.085, italic=False, languageStyle='LTR', name='prawa_etykieta', opacity=1, ori=0.0, pos=array([ 0.65, -0.5 ]), rgb=UNKNOWN, text='', units='norm', win=Window(...), wrapWidth=1)
11.5183 	EXP 	Created fiksacja2 = TextStim(__class__=<class 'psychopy.visual.text.TextStim'>, alignHoriz=method-wrapper(...), alignText='center', alignVert=method-wrapper(...), anchorHoriz='center', anchorVert='center', antialias=True, autoDraw=False, autoLog=True, bold=False, color=array([-1., -1., -1.]), colorSpace='rgb', contrast=1.0, depth=-7.0, draggable=False, flipHoriz=False, flipVert=False, font='Arial', fontFiles=[], height=np.float64(0.12), italic=False, languageStyle='LTR', name='fiksacja2', opacity=1, ori=0.0, pos=array([0., 0.]), rgb=UNKNOWN, text='+', units='height', win=Window(...), wrapWidth=1)
11.5223 	EXP 	Created pytanie = TextStim(__class__=<class 'psychopy.visual.text.TextStim'>, alignHoriz=method-wrapper(...), alignText='center', alignVert=method-wrapper(...), anchorHoriz='center', anchorVert='center', antialias=True, autoDraw=False, autoLog=True, bold=False, color=array([-1., -1., -1.]), colorSpace='rgb', contrast=1.0, depth=-8.0, draggable=False, flipHoriz=False, flipVert=False, font='Arial', fontFiles=[], height=np.float64(0.1), italic=False, languageStyle='LTR', name='pytanie', opacity=1, ori=0.0, pos=array([0., 0.]), rgb=UNKNOWN, text='Jaką emocję wyrażała ta twarz?', units='norm', win=Window(...), wrapWidth=1)
11.5239 	EXP 	Created text = TextStim(__class__=<class 'psychopy.visual.text.TextStim'>, alignHoriz=method-wrapper(...), alignText='center', alignVert=method-wrapper(...), anchorHoriz='center', anchorVert='center', antialias=True, autoDraw=False, autoLog=True, bold=False, color=array([1., 1., 1.]), colorSpace='rgb', contrast=1.0, depth=-1.0, draggable=False, flipHoriz=False, flipVert=False, font='Arial', fontFiles=[], height=np.float64(0.05), italic=False, languageStyle='LTR', name='text', opacity=1, ori=0.0, pos=array([0., 0.]), rgb=UNKNOWN, text='', units='height', win=Window(...), wrapWidth=1)
11.5377 	EXP 	Created podziekowania_text = TextStim(__class__=<class 'psychopy.visual.text.TextStim'>, alignHoriz=method-wrapper(...), alignText='center', alignVert=method-wrapper(...), anchorHoriz='center', anchorVert='center', antialias=True, autoDraw=False, autoLog=True, bold=False, color=array([1., 1., 1.]), colorSpace='rgb', contrast=1.0, depth=0.0, draggable=False, flipHoriz=False, flipVert=False, font='Arial', fontFiles=[], height=np.float64(0.05), italic=False, languageStyle='LTR', name='podziekowania_text', opacity=1, ori=0.0, pos=array([0., 0.]), rgb=UNKNOWN, text=str(...), units='height', win=Window(...), wrapWidth=1)
0.0284 	EXP 	pilot_suwak: autoLog = True
0.0284 	EXP 	pilot_suwak: styleTweaks = []
0.0284 	EXP 	pilot_suwak: styleTweaks = []
0.0284 	EXP 	pilot_suwak: styleTweaks = []
0.0284 	EXP 	pilot_suwak: styleTweaks = []
0.0284 	EXP 	pilot_suwak: contrast = 1.0
0.0284 	EXP 	pilot_suwak: markerPos = 0
0.0284 	EXP 	pilot_suwak: autoLog = True
0.0284 	EXP 	suwak_badanie: autoLog = True
0.0284 	EXP 	suwak_badanie: styleTweaks = []
0.0284 	EXP 	suwak_badanie: styleTweaks = []
0.0284 	EXP 	suwak_badanie: styleTweaks = []
0.0284 	EXP 	suwak_badanie: styleTweaks = []
0.0284 	EXP 	suwak_badanie: contrast = 1.0
0.0284 	EXP 	suwak_badanie: markerPos = 0
0.0284 	EXP 	suwak_badanie: autoLog = True
0.0412 	INFO 	Keyboard events cleared
0.0411 	EXP 	text_instr: autoDraw = True
0.8300 	EXP 	Device response: <KeyPress from None: t=0.8174643000820652, value=space, duration=None>
0.8316 	DATA 	Keypress: space
0.8355 	INFO 	Keyboard events cleared
0.8354 	EXP 	text_instr: autoDraw = False
0.8354 	EXP 	suwak_info: autoDraw = True
0.9190 	EXP 	Device response: <KeyPress from None: t=0.8174643000820652, value=space, duration=0.08535049995407462>
1.1544 	DATA 	Keypress: space
1.1684 	EXP 	Device response: <KeyPress from None: t=1.1528445000294596, value=space, duration=None>
1.1850 	INFO 	Keyboard events cleared
1.1849 	EXP 	suwak_info: autoDraw = False
1.1849 	EXP 	proba_testowa: autoDraw = True
1.2516 	EXP 	Device response: <KeyPress from None: t=1.1528445000294596, value=space, duration=0.0901886000065133>
1.5858 	DATA 	Keypress: space
1.6010 	EXP 	Device response: <KeyPress from None: t=1.5838809000561014, value=space, duration=None>
1.6416 	EXP 	proba_testowa: autoDraw = False
1.6416 	EXP 	pilot_label_text: height = np.float64(0.05)
1.6416 	EXP 	pilot_label_text: height = np.float64(0.05)
1.6416 	EXP 	pilot_label_text: height = np.float64(0.05)
1.6416 	EXP 	pilot_label_text: height = np.float64(0.05)
1.6416 	EXP 	pilot_label_text: height = np.float64(0.05)
1.6416 	EXP 	pilot_label_text: height = np.float64(0.05)
1.6416 	EXP 	pilot_label_text: text = 'Model AI wykrył w tej twarzy 80% smutku.\n\n'
1.6416 	EXP 	pilot_suwak: markerPos = None
1.6416 	EXP 	pilot_suwak: markerPos = 0
1.6416 	EXP 	pilot_lewa_etykieta: height = np.float64(0.085)
1.6416 	EXP 	pilot_lewa_etykieta: height = np.float64(0.085)
1.6416 	EXP 	pilot_lewa_etykieta: height = np.float64(0.085)
1.6416 	EXP 	pilot_lewa_etykieta: text = 'radość'
1.6416 	EXP 	pilot_prawa_etykieta: height = np.float64(0.085)
1.6416 	EXP 	pilot_prawa_etykieta: height = np.float64(0.085)
1.6416 	EXP 	pilot_prawa_etykieta: height = np.float64(0.085)
1.6416 	EXP 	pilot_prawa_etykieta: text = 'smutek'
1.6416 	EXP 	pilot_fiksacja1: autoDraw = True
1.6456 	EXP 	Device response: <KeyPress from None: t=1.5838809000561014, value=space, duration=0.06054430000949651>
2.1481 	EXP 	pilot_fiksacja1: autoDraw = False
2.3148 	EXP 	pilot_label_text: autoDraw = True
5.3231 	EXP 	pilot_label_text: autoDraw = False
5.5059 	EXP 	pilot_fiksacja2: autoDraw = True
6.0213 	EXP 	pilot_fiksacja2: autoDraw = False
6.2054 	EXP 	pilot_stim_image: autoDraw = True
7.1066 	EXP 	pilot_suwak: autoDraw = True
7.1066 	EXP 	pilot_pytanie: autoDraw = True
7.1066 	EXP 	pilot_lewa_etykieta: autoDraw = True
7.1066 	EXP 	pilot_prawa_etykieta: autoDraw = True
7.1182 	EXP 	pilot_stim_image: autoDraw = False
14.8481 	DATA 	Mouse: Left button down, pos=(1347,264)
14.8636 	EXP 	pilot_suwak: markerPos = np.float64(40.3125)
14.8803 	EXP 	pilot_suwak: markerPos = np.float64(40.3125)
14.8967 	EXP 	pilot_suwak: markerPos = np.float64(40.3125)
14.9134 	EXP 	pilot_suwak: markerPos = np.float64(40.3125)
14.9304 	EXP 	pilot_suwak: markerPos = np.float64(40.3125)
14.9468 	EXP 	pilot_suwak: markerPos = np.float64(40.3125)
14.9635 	EXP 	pilot_suwak: markerPos = np.float64(40.3125)
14.9693 	DATA 	Mouse:  Left button up, pos=(1347,264)
14.9801 	EXP 	pilot_suwak: markerPos = np.float64(40.3125)
14.9965 	EXP 	pilot_suwak: markerPos = np.float64(40.3125)
15.0136 	INFO 	Keyboard events cleared
15.0134 	EXP 	pilot_label_text: autoDraw = False
15.0134 	EXP 	pilot_fiksacja1: autoDraw = False
15.0134 	EXP 	pilot_suwak: autoDraw = False
15.0134 	EXP 	pilot_fiksacja2: autoDraw = False
15.0134 	EXP 	pilot_pytanie: autoDraw = False
15.0134 	EXP 	pilot_lewa_etykieta: autoDraw = False
15.0134 	EXP 	pilot_prawa_etykieta: autoDraw = False
15.0134 	EXP 	pilot_stim_image: autoDraw = False
15.0134 	EXP 	start_badania: autoDraw = True
15.8301 	DATA 	Keypress: space
15.8452 	EXP 	Device response: <KeyPress from None: t=15.827572700101882, value=space, duration=None>
15.9240 	EXP 	Imported conditions.xlsx as conditions, 32 conditions, 9 params
15.9253 	EXP 	New trial (rep=0, index=0): <Trial 0 (0 in rep 0) data={'image_path': 'photos/1K_SZ_5050.png', 'etykieta': 'Model sztucznej inteligencji wykrył w tej twarzy 72% strachu .', 'left_label': 'strach', 'right_label': 'złość', 'show_label': 4, 'proporcja_zdjecia': '50/50', 'typ_etykiety': 'Procentowa AI', 'warunek': 'n/d', 'kierunek': 'Sugestia Lewo strach', 'thisN': 0, 'thisTrialN': 0, 'thisRepN': 0}>
15.9932 	EXP 	Device response: <KeyPress from None: t=15.827572700101882, value=space, duration=0.039771499927155674>
15.9968 	EXP 	start_badania: autoDraw = False
15.9968 	EXP 	przerwa_text: autoDraw = False
15.9968 	EXP 	label_text: height = np.float64(0.05)
15.9968 	EXP 	label_text: height = np.float64(0.05)
15.9968 	EXP 	label_text: height = np.float64(0.05)
15.9968 	EXP 	label_text: text = 'Model sztucznej inteligencji wykrył w tej twarzy 72% strachu .'
15.9968 	EXP 	label_text: height = np.float64(0.05)
15.9968 	EXP 	label_text: height = np.float64(0.05)
15.9968 	EXP 	label_text: height = np.float64(0.05)
15.9968 	EXP 	label_text: text = 'Model sztucznej inteligencji wykrył w tej twarzy 72% strachu .'
15.9968 	EXP 	stim_image: image = 'photos/1K_SZ_5050.png'
15.9968 	EXP 	suwak_badanie: markerPos = None
15.9968 	EXP 	suwak_badanie: markerPos = 0
15.9968 	EXP 	lewa_etykieta: height = np.float64(0.085)
15.9968 	EXP 	lewa_etykieta: height = np.float64(0.085)
15.9968 	EXP 	lewa_etykieta: height = np.float64(0.085)
15.9968 	EXP 	lewa_etykieta: text = 'strach'
15.9968 	EXP 	prawa_etykieta: height = np.float64(0.085)
15.9968 	EXP 	prawa_etykieta: height = np.float64(0.085)
15.9968 	EXP 	prawa_etykieta: height = np.float64(0.085)
15.9968 	EXP 	prawa_etykieta: text = 'złość'
15.9968 	EXP 	label_text: autoDraw = True
19.9998 	EXP 	label_text: autoDraw = False
20.1326 	EXP 	fiksacja2: autoDraw = True
20.3821 	EXP 	fiksacja2: autoDraw = False
20.5831 	EXP 	stim_image: autoDraw = True
21.8780 	EXP 	suwak_badanie: autoDraw = True
21.8780 	EXP 	lewa_etykieta: autoDraw = True
21.8780 	EXP 	prawa_etykieta: autoDraw = True
21.8780 	EXP 	pytanie: autoDraw = True
21.8941 	EXP 	stim_image: autoDraw = False
27.8839 	DATA 	Mouse: Left button down, pos=(1300,267)
27.9115 	EXP 	suwak_badanie: markerPos = np.float64(35.41666666666667)
27.9279 	EXP 	suwak_badanie: markerPos = np.float64(35.41666666666667)
27.9446 	EXP 	suwak_badanie: markerPos = np.float64(35.41666666666667)
27.9612 	EXP 	suwak_badanie: markerPos = np.float64(35.41666666666667)
27.9622 	DATA 	Mouse:  Left button up, pos=(1300,267)
27.9780 	EXP 	suwak_badanie: markerPos = np.float64(35.41666666666667)
27.9944 	EXP 	label_text: autoDraw = False
27.9944 	EXP 	stim_image: autoDraw = False
27.9944 	EXP 	suwak_badanie: autoDraw = False
27.9944 	EXP 	lewa_etykieta: autoDraw = False
27.9944 	EXP 	prawa_etykieta: autoDraw = False
27.9944 	EXP 	fiksacja2: autoDraw = False
27.9944 	EXP 	pytanie: autoDraw = False
27.9944 	EXP 	text: autoDraw = True
31.4864 	EXP 	New trial (rep=0, index=1): <Trial 1 (1 in rep 0) data={'image_path': 'photos/1K_OZ_8020.png', 'etykieta': 'Poprzedni badani wykryli w tej twarzy oczekiwanie.', 'left_label': 'zaskoczenie', 'right_label': 'oczekiwanie', 'show_label': 4, 'proporcja_zdjecia': '80/20 oczekiwanie', 'typ_etykiety': 'Kategorialna Ludzie', 'warunek': 'Zgodny', 'kierunek': 'Dominacja Prawo oczekiwanie', 'thisN': 1, 'thisTrialN': 1, 'thisRepN': 0}>
31.5564 	EXP 	text: autoDraw = False
31.5564 	EXP 	przerwa_text: autoDraw = False
31.5564 	EXP 	label_text: height = np.float64(0.05)
31.5564 	EXP 	label_text: height = np.float64(0.05)
31.5564 	EXP 	label_text: height = np.float64(0.05)
31.5564 	EXP 	label_text: text = 'Poprzedni badani wykryli w tej twarzy oczekiwanie.'
31.5564 	EXP 	label_text: height = np.float64(0.05)
31.5564 	EXP 	label_text: height = np.float64(0.05)
31.5564 	EXP 	label_text: height = np.float64(0.05)
31.5564 	EXP 	label_text: text = 'Poprzedni badani wykryli w tej twarzy oczekiwanie.'
31.5564 	EXP 	stim_image: image = 'photos/1K_OZ_8020.png'
31.5564 	EXP 	suwak_badanie: markerPos = None
31.5564 	EXP 	suwak_badanie: markerPos = 0
31.5564 	EXP 	lewa_etykieta: height = np.float64(0.085)
31.5564 	EXP 	lewa_etykieta: height = np.float64(0.085)
31.5564 	EXP 	lewa_etykieta: height = np.float64(0.085)
31.5564 	EXP 	lewa_etykieta: text = 'zaskoczenie'
31.5564 	EXP 	prawa_etykieta: height = np.float64(0.085)
31.5564 	EXP 	prawa_etykieta: height = np.float64(0.085)
31.5564 	EXP 	prawa_etykieta: height = np.float64(0.085)
31.5564 	EXP 	prawa_etykieta: text = 'oczekiwanie'
31.5564 	EXP 	label_text: autoDraw = True
35.5571 	EXP 	label_text: autoDraw = False
35.6900 	EXP 	fiksacja2: autoDraw = True
35.9394 	EXP 	fiksacja2: autoDraw = False
36.1403 	EXP 	stim_image: autoDraw = True
37.4358 	EXP 	suwak_badanie: autoDraw = True
37.4358 	EXP 	lewa_etykieta: autoDraw = True
37.4358 	EXP 	prawa_etykieta: autoDraw = True
37.4358 	EXP 	pytanie: autoDraw = True
37.4522 	EXP 	stim_image: autoDraw = False
39.3308 	EXP 	Device response: <KeyPress from None: t=39.32294079998974, value=escape, duration=None>
39.3313 	DATA 	Keypress: escape
39.4801 	EXP 	Device response: <KeyPress from None: t=39.32294079998974, value=escape, duration=0.1400857000844553>
39.4802 	EXP 	untitled_FINAL_NEWEST: status = STOPPED
39.4966 	EXP 	suwak_badanie: autoDraw = False
39.4966 	EXP 	lewa_etykieta: autoDraw = False
39.4966 	EXP 	prawa_etykieta: autoDraw = False
39.4966 	EXP 	pytanie: autoDraw = False
39.4968 	EXP 	untitled_FINAL_NEWEST: status = STOPPED
39.5092 	INFO 	saved data to 'C:\\Users\\julia\\OneDrive\\Pulpit\\percepcja_psychopy\\data\\560625_untitled_FINAL_NEWEST_2026-04-27_12h09.05.685.csv'
39.5131 	INFO 	saved data to C:\Users\julia\OneDrive\Pulpit\percepcja_psychopy\data\560625_untitled_FINAL_NEWEST_2026-04-27_12h09.05.685.psydat
40.7307 	WARNING 	Stopping key buffers but this could be dangerous ifother keyboards rely on the same.
