9.2278 	INFO 	Loaded monitor calibration from ['2026_03_18 20:30']
9.2471 	WARNING 	User requested fullscreen with size [1024  768], but screen is actually [1920, 1080]. Using actual size
9.8293 	INFO 	Using renderer 'Intel(R) UHD Graphics' for graphics
9.8293 	INFO 	OpenGL version supported by driver is 4..
10.6891 	EXP 	Created window1 = Window(allowGUI=False, allowStencil=False, autoLog=True, backendConf=UNKNOWN, backgroundFit=<method-wrapper '__getattribute__' of attributeSetter object at 0x0000029E36492170>, backgroundImage=<method-wrapper '__getattribute__' of attributeSetter object at 0x0000029E36493760>, bitsMode=UNKNOWN, blendMode='avg', bpc=(8, 8, 8), color=array([0, 0, 0]), colorSpace='rgb', depthBits=8, fullscr=True, gamma=None, gammaErrorPolicy='raise', infoMsg=UNKNOWN, lms=UNKNOWN, monitor=<psychopy.monitors.calibTools.Monitor object at 0x0000029E32984910>, multiSample=False, name='window1', numSamples=2, pos=[np.float64(0.0), np.float64(0.0)], screen=0, size=array([1920, 1080]), stencilBits=0, stereo=False, title='PsychoPy', units='height', useFBO=True, useRetina=False, viewOri=0.0, viewPos=None, viewScale=None, waitBlanking=True, winType='pyglet')
10.6892 	EXP 	window1: backgroundImage = ''
10.6892 	EXP 	window1: backgroundFit = 'none'
11.1057 	EXP 	window1: Attempting to measure frame rate of screen (0) ...
11.1058 	EXP 	window1: recordFrameIntervals = False
11.2471 	EXP 	window1: recordFrameIntervals = True
12.9095 	EXP 	window1: recordFrameIntervals = False
12.9096 	EXP 	Screen (0) actual frame rate measured at 60.05Hz
13.0688 	INFO 	keyboard.Keyboard is using ptb backend.
13.0689 	EXP 	untitled: status = STARTED
13.0990 	EXP 	Created label_text = TextStim(__class__=<class 'psychopy.visual.text.TextStim'>, alignHoriz=method-wrapper(...), alignText='center', alignVert=method-wrapper(...), anchorHoriz='center', anchorVert='center', antialias=True, autoDraw=False, autoLog=True, bold=False, color=array([1., 1., 1.]), colorSpace='rgb', contrast=1.0, depth=-1.0, draggable=False, flipHoriz=False, flipVert=False, font='Arial', fontFiles=[], height=0.05, italic=False, languageStyle='LTR', name='label_text', opacity=1, ori=0.0, pos=array([0., 0.]), rgb=UNKNOWN, text='', units='height', win=Window(...), wrapWidth=1)
13.1422 	EXP 	Created stim_image = ImageStim(__class__=<class 'psychopy.visual.image.ImageStim'>, anchor=('center', 'center'), autoLog=True, color=array([1., 1., 1.]), colorSpace='rgb', contrast=1.0, depth=-2.0, draggable=False, flipHoriz=np.False_, flipVert=np.False_, image='default.png', interpolate=True, mask=None, maskParams=None, name='stim_image', opacity=1, ori=0.0, pos=array([0., 0.]), size=array([0.5, 0.5]), texRes=128.0, units='height', win=Window(...))
13.5263 	EXP 	Created emotion_rating = Slider(__class__=<class 'psychopy.visual.slider.Slider'>, autoDraw=False, autoLog=True, borderColor=None, color=None, colorSpace='rgb', depth=-3, fillColor=None, flip=False, font='Noto Sans', granularity=0.0, labelColor=None, labelHeight=np.float64(0.05), labelWrapWidth=None, labels=('smutek', 'radość'), lineColor=None, markerColor=None, name='emotion_rating', opacity=None, ori=0.0, pos=array([0., 0.]), readOnly=False, self=UNKNOWN, size=array([0.5, 0.1]), startValue=None, style='slider', styleTweaks=[], ticks=array([1, 2, 3, 4, 5]), units='norm', win=Window(...))
0.0075 	EXP 	emotion_rating: autoLog = True
0.0075 	EXP 	emotion_rating: styleTweaks = []
0.0075 	EXP 	emotion_rating: styleTweaks = []
0.0075 	EXP 	emotion_rating: styleTweaks = []
0.0075 	EXP 	emotion_rating: styleTweaks = []
0.0075 	EXP 	emotion_rating: contrast = 1.0
0.0075 	EXP 	emotion_rating: markerPos = None
0.0075 	EXP 	emotion_rating: autoLog = True
0.0163 	EXP 	Imported C:/Users/julia/OneDrive/Pulpit/percepcja_psychopy/conditions.xlsx as conditions, 12 conditions, 3 params
0.0165 	EXP 	New trial (rep=0, index=0): <Trial 0 (0 in rep 0) data={'image_path': 'C:\\Users\\julia\\OneDrive\\Pulpit\\percepcja_psychopy\\photos\\360_F_268212419_ZBJvlgVezhjziaP9aynnMGMLOvjUgNG5.jpg', 'label': 'Ten piesek jest smutny', 'show_label': 1, 'thisN': 0, 'thisTrialN': 0, 'thisRepN': 0}>
0.0993 	EXP 	label_text: height = np.float64(0.05)
0.0993 	EXP 	label_text: height = np.float64(0.05)
0.0993 	EXP 	label_text: height = np.float64(0.05)
0.0993 	EXP 	label_text: text = 'Ten piesek jest smutny'
0.0993 	EXP 	stim_image: image = 'C:\\Users\\julia\\OneDrive\\Pulpit\\percepcja_psychopy\\photos\\360_F_268212419_ZBJvlgVezhjziaP9aynnMGMLOvjUgNG5.jpg'
0.0993 	EXP 	emotion_rating: markerPos = None
0.0993 	EXP 	emotion_rating: markerPos = None
0.0993 	EXP 	label_text: autoDraw = True
0.0993 	EXP 	stim_image: autoDraw = True
1.1113 	EXP 	label_text: autoDraw = False
1.1113 	EXP 	stim_image: autoDraw = False
2.0087 	EXP 	emotion_rating: autoDraw = True
3.1726 	DATA 	Mouse: Left button down, pos=(802,539)
3.1889 	EXP 	emotion_rating: markerPos = np.float64(1.6833333333333333)
3.2060 	EXP 	emotion_rating: markerPos = np.float64(1.6833333333333333)
3.2219 	EXP 	emotion_rating: markerPos = np.float64(1.6833333333333333)
3.2385 	EXP 	emotion_rating: markerPos = np.float64(1.6833333333333333)
3.2557 	EXP 	emotion_rating: markerPos = np.float64(1.6833333333333333)
3.2721 	EXP 	emotion_rating: markerPos = np.float64(1.6833333333333333)
3.2888 	EXP 	emotion_rating: markerPos = np.float64(1.6833333333333333)
3.3053 	EXP 	emotion_rating: markerPos = np.float64(1.7583333333333333)
3.3216 	EXP 	emotion_rating: markerPos = np.float64(1.825)
3.3382 	EXP 	emotion_rating: markerPos = np.float64(1.875)
3.3548 	EXP 	emotion_rating: markerPos = np.float64(1.9416666666666667)
3.3718 	EXP 	emotion_rating: markerPos = np.float64(2.0583333333333336)
3.3880 	EXP 	emotion_rating: markerPos = np.float64(2.075)
3.4047 	EXP 	emotion_rating: markerPos = np.float64(2.158333333333333)
3.4212 	EXP 	emotion_rating: markerPos = np.float64(2.216666666666667)
3.4385 	EXP 	emotion_rating: markerPos = np.float64(2.2416666666666667)
3.4550 	EXP 	emotion_rating: markerPos = np.float64(2.3)
3.4717 	EXP 	emotion_rating: markerPos = np.float64(2.325)
3.4878 	EXP 	emotion_rating: markerPos = np.float64(2.375)
3.5044 	EXP 	emotion_rating: markerPos = np.float64(2.425)
3.5210 	EXP 	emotion_rating: markerPos = np.float64(2.466666666666667)
3.5383 	EXP 	emotion_rating: markerPos = np.float64(2.5666666666666664)
3.5544 	EXP 	emotion_rating: markerPos = np.float64(2.6166666666666667)
3.5712 	EXP 	emotion_rating: markerPos = np.float64(2.6833333333333336)
3.5879 	EXP 	emotion_rating: markerPos = np.float64(2.7666666666666666)
3.6049 	EXP 	emotion_rating: markerPos = np.float64(2.85)
3.6212 	EXP 	emotion_rating: markerPos = np.float64(2.9)
3.6375 	EXP 	emotion_rating: markerPos = np.float64(2.925)
3.6540 	EXP 	emotion_rating: markerPos = np.float64(2.975)
3.6717 	EXP 	emotion_rating: markerPos = np.float64(3.0083333333333333)
3.6874 	EXP 	emotion_rating: markerPos = np.float64(3.0833333333333335)
3.7040 	EXP 	emotion_rating: markerPos = np.float64(3.125)
3.7205 	EXP 	emotion_rating: markerPos = np.float64(3.15)
3.7373 	EXP 	emotion_rating: markerPos = np.float64(3.191666666666667)
3.7546 	EXP 	emotion_rating: markerPos = np.float64(3.225)
3.7708 	EXP 	emotion_rating: markerPos = np.float64(3.2916666666666665)
3.7873 	EXP 	emotion_rating: markerPos = np.float64(3.341666666666667)
3.8038 	EXP 	emotion_rating: markerPos = np.float64(3.3833333333333333)
3.8203 	EXP 	emotion_rating: markerPos = np.float64(3.4333333333333336)
3.8375 	EXP 	emotion_rating: markerPos = np.float64(3.5)
3.8537 	EXP 	emotion_rating: markerPos = np.float64(3.5416666666666665)
3.8702 	EXP 	emotion_rating: markerPos = np.float64(3.5666666666666664)
3.8869 	EXP 	emotion_rating: markerPos = np.float64(3.6416666666666666)
3.9033 	EXP 	emotion_rating: markerPos = np.float64(3.841666666666667)
3.9200 	EXP 	emotion_rating: markerPos = np.float64(3.95)
3.9368 	EXP 	emotion_rating: markerPos = np.float64(4.091666666666667)
3.9536 	EXP 	emotion_rating: markerPos = np.float64(4.2)
3.9699 	EXP 	emotion_rating: markerPos = np.float64(4.35)
3.9866 	EXP 	emotion_rating: markerPos = np.float64(4.5)
4.0037 	EXP 	emotion_rating: markerPos = np.float64(4.541666666666667)
4.0196 	EXP 	emotion_rating: markerPos = np.float64(4.608333333333333)
4.0365 	EXP 	emotion_rating: markerPos = np.float64(4.666666666666667)
4.0529 	EXP 	emotion_rating: markerPos = np.float64(4.691666666666666)
4.0697 	EXP 	emotion_rating: markerPos = np.float64(4.716666666666667)
4.0862 	EXP 	emotion_rating: markerPos = np.float64(4.725)
4.1029 	EXP 	emotion_rating: markerPos = np.float64(4.741666666666667)
4.1203 	EXP 	emotion_rating: markerPos = np.float64(4.75)
4.1361 	EXP 	emotion_rating: markerPos = np.float64(4.775)
4.1527 	EXP 	emotion_rating: markerPos = np.float64(4.775)
4.1694 	EXP 	emotion_rating: markerPos = np.float64(4.775)
4.1861 	EXP 	emotion_rating: markerPos = np.float64(4.775)
4.2028 	EXP 	emotion_rating: markerPos = np.float64(4.775)
4.2195 	EXP 	emotion_rating: markerPos = np.float64(4.775)
4.2362 	EXP 	emotion_rating: markerPos = np.float64(4.775)
4.2527 	EXP 	emotion_rating: markerPos = np.float64(4.775)
4.2695 	EXP 	emotion_rating: markerPos = np.float64(4.775)
4.2859 	EXP 	emotion_rating: markerPos = np.float64(4.775)
4.3027 	EXP 	emotion_rating: markerPos = np.float64(4.775)
4.3195 	EXP 	emotion_rating: markerPos = np.float64(4.775)
4.3360 	EXP 	emotion_rating: markerPos = np.float64(4.775)
4.3527 	EXP 	emotion_rating: markerPos = np.float64(4.775)
4.3694 	EXP 	emotion_rating: markerPos = np.float64(4.775)
4.3859 	EXP 	emotion_rating: markerPos = np.float64(4.775)
4.4019 	EXP 	emotion_rating: markerPos = np.float64(4.775)
4.4186 	EXP 	emotion_rating: markerPos = np.float64(4.775)
4.4354 	EXP 	emotion_rating: markerPos = np.float64(4.775)
4.4521 	EXP 	emotion_rating: markerPos = np.float64(4.775)
4.4690 	EXP 	emotion_rating: markerPos = np.float64(4.775)
4.4854 	EXP 	emotion_rating: markerPos = np.float64(4.775)
4.5022 	EXP 	emotion_rating: markerPos = np.float64(4.775)
4.5088 	DATA 	Mouse:  Left button up, pos=(1173,525)
4.5186 	EXP 	emotion_rating: markerPos = np.float64(4.775)
4.5352 	EXP 	emotion_rating: markerPos = np.float64(4.775)
4.5364 	EXP 	New trial (rep=0, index=1): <Trial 1 (1 in rep 0) data={'image_path': 'C:\\Users\\julia\\OneDrive\\Pulpit\\percepcja_psychopy\\photos\\dachshund-8910099_640.jpg', 'label': 'Ten piesek jest wesoły', 'show_label': 0, 'thisN': 1, 'thisTrialN': 1, 'thisRepN': 0}>
4.5617 	EXP 	label_text: autoDraw = False
4.5617 	EXP 	stim_image: autoDraw = False
4.5617 	EXP 	emotion_rating: autoDraw = False
4.5617 	EXP 	label_text: height = np.float64(0.05)
4.5617 	EXP 	label_text: height = np.float64(0.05)
4.5617 	EXP 	label_text: height = np.float64(0.05)
4.5617 	EXP 	label_text: text = 'Ten piesek jest wesoły'
4.5617 	EXP 	stim_image: image = 'C:\\Users\\julia\\OneDrive\\Pulpit\\percepcja_psychopy\\photos\\dachshund-8910099_640.jpg'
4.5617 	EXP 	emotion_rating: markerPos = None
4.5617 	EXP 	emotion_rating: markerPos = None
4.5617 	EXP 	label_text: autoDraw = True
4.5617 	EXP 	stim_image: autoDraw = True
5.5656 	EXP 	label_text: autoDraw = False
5.5656 	EXP 	stim_image: autoDraw = False
6.5464 	EXP 	emotion_rating: autoDraw = True
7.3948 	DATA 	Mouse: Left button down, pos=(1071,535)
7.4108 	EXP 	emotion_rating: markerPos = np.float64(3.925)
7.4274 	EXP 	emotion_rating: markerPos = np.float64(3.925)
7.4442 	EXP 	emotion_rating: markerPos = np.float64(3.925)
7.4602 	EXP 	emotion_rating: markerPos = np.float64(3.908333333333333)
7.4769 	EXP 	emotion_rating: markerPos = np.float64(3.8916666666666666)
7.4935 	EXP 	emotion_rating: markerPos = np.float64(3.8833333333333333)
7.5103 	EXP 	emotion_rating: markerPos = np.float64(3.85)
7.5268 	EXP 	emotion_rating: markerPos = np.float64(3.8083333333333336)
7.5437 	EXP 	emotion_rating: markerPos = np.float64(3.7583333333333333)
7.5605 	EXP 	emotion_rating: markerPos = np.float64(3.7083333333333335)
7.5772 	EXP 	emotion_rating: markerPos = np.float64(3.658333333333333)
7.5934 	EXP 	emotion_rating: markerPos = np.float64(3.6)
7.6101 	EXP 	emotion_rating: markerPos = np.float64(3.5083333333333333)
7.6269 	EXP 	emotion_rating: markerPos = np.float64(3.45)
7.6432 	EXP 	emotion_rating: markerPos = np.float64(3.3916666666666666)
7.6601 	EXP 	emotion_rating: markerPos = np.float64(3.3333333333333335)
7.6767 	EXP 	emotion_rating: markerPos = np.float64(3.25)
7.6939 	EXP 	emotion_rating: markerPos = np.float64(3.125)
7.7096 	EXP 	emotion_rating: markerPos = np.float64(3.058333333333333)
7.7264 	EXP 	emotion_rating: markerPos = np.float64(2.9916666666666667)
7.7431 	EXP 	emotion_rating: markerPos = np.float64(2.9416666666666664)
7.7596 	EXP 	emotion_rating: markerPos = np.float64(2.8583333333333334)
7.7761 	EXP 	emotion_rating: markerPos = np.float64(2.833333333333333)
7.7929 	EXP 	emotion_rating: markerPos = np.float64(2.75)
7.8100 	EXP 	emotion_rating: markerPos = np.float64(2.6916666666666664)
7.8260 	EXP 	emotion_rating: markerPos = np.float64(2.658333333333333)
7.8426 	EXP 	emotion_rating: markerPos = np.float64(2.541666666666667)
7.8592 	EXP 	emotion_rating: markerPos = np.float64(2.466666666666667)
7.8758 	EXP 	emotion_rating: markerPos = np.float64(2.4)
7.8926 	EXP 	emotion_rating: markerPos = np.float64(2.341666666666667)
7.9092 	EXP 	emotion_rating: markerPos = np.float64(2.2916666666666665)
7.9257 	EXP 	emotion_rating: markerPos = np.float64(2.1916666666666664)
7.9424 	EXP 	emotion_rating: markerPos = np.float64(2.125)
7.9593 	EXP 	emotion_rating: markerPos = np.float64(2.05)
7.9759 	EXP 	emotion_rating: markerPos = np.float64(1.9916666666666667)
7.9927 	EXP 	emotion_rating: markerPos = np.float64(1.9416666666666667)
8.0088 	EXP 	emotion_rating: markerPos = np.float64(1.8833333333333333)
8.0256 	EXP 	emotion_rating: markerPos = np.float64(1.8166666666666667)
8.0422 	EXP 	emotion_rating: markerPos = np.float64(1.75)
8.0590 	EXP 	emotion_rating: markerPos = np.float64(1.6916666666666667)
8.0753 	EXP 	emotion_rating: markerPos = np.float64(1.6166666666666667)
8.0925 	EXP 	emotion_rating: markerPos = np.float64(1.575)
8.1089 	EXP 	emotion_rating: markerPos = np.float64(1.5666666666666667)
8.1252 	EXP 	emotion_rating: markerPos = np.float64(1.55)
8.1421 	EXP 	emotion_rating: markerPos = np.float64(1.5333333333333334)
8.1589 	EXP 	emotion_rating: markerPos = np.float64(1.5333333333333334)
8.1754 	EXP 	emotion_rating: markerPos = np.float64(1.5166666666666666)
8.1921 	EXP 	emotion_rating: markerPos = np.float64(1.5166666666666666)
8.2086 	EXP 	emotion_rating: markerPos = np.float64(1.5166666666666666)
8.2252 	EXP 	emotion_rating: markerPos = np.float64(1.5166666666666666)
8.2417 	EXP 	emotion_rating: markerPos = np.float64(1.5166666666666666)
8.2582 	EXP 	emotion_rating: markerPos = np.float64(1.5166666666666666)
8.2748 	EXP 	emotion_rating: markerPos = np.float64(1.5166666666666666)
8.2916 	EXP 	emotion_rating: markerPos = np.float64(1.5166666666666666)
8.3082 	EXP 	emotion_rating: markerPos = np.float64(1.5166666666666666)
8.3250 	EXP 	emotion_rating: markerPos = np.float64(1.5166666666666666)
8.3416 	EXP 	emotion_rating: markerPos = np.float64(1.5166666666666666)
8.3581 	EXP 	emotion_rating: markerPos = np.float64(1.5166666666666666)
8.3747 	EXP 	emotion_rating: markerPos = np.float64(1.5083333333333333)
8.3915 	EXP 	emotion_rating: markerPos = np.float64(1.5083333333333333)
8.3925 	DATA 	Mouse:  Left button up, pos=(781,543)
8.4080 	EXP 	emotion_rating: markerPos = np.float64(1.5083333333333333)
8.4090 	EXP 	New trial (rep=0, index=2): <Trial 2 (2 in rep 0) data={'image_path': 'C:\\Users\\julia\\OneDrive\\Pulpit\\percepcja_psychopy\\photos\\ee7bd76502e1d9aea7c74fc5bea75be9.jpg', 'label': 'Ten piesek jest smutny', 'show_label': 0, 'thisN': 2, 'thisTrialN': 2, 'thisRepN': 0}>
8.4260 	EXP 	label_text: autoDraw = False
8.4260 	EXP 	stim_image: autoDraw = False
8.4260 	EXP 	emotion_rating: autoDraw = False
8.4260 	EXP 	label_text: height = np.float64(0.05)
8.4260 	EXP 	label_text: height = np.float64(0.05)
8.4260 	EXP 	label_text: height = np.float64(0.05)
8.4260 	EXP 	label_text: text = 'Ten piesek jest smutny'
8.4260 	EXP 	stim_image: image = 'C:\\Users\\julia\\OneDrive\\Pulpit\\percepcja_psychopy\\photos\\ee7bd76502e1d9aea7c74fc5bea75be9.jpg'
8.4260 	EXP 	emotion_rating: markerPos = None
8.4260 	EXP 	emotion_rating: markerPos = None
8.4260 	EXP 	label_text: autoDraw = True
8.4260 	EXP 	stim_image: autoDraw = True
9.4384 	EXP 	label_text: autoDraw = False
9.4384 	EXP 	stim_image: autoDraw = False
10.4188 	EXP 	emotion_rating: autoDraw = True
10.9019 	DATA 	Mouse: Left button down, pos=(984,538)
10.9178 	EXP 	emotion_rating: markerPos = np.float64(3.2)
10.9345 	EXP 	emotion_rating: markerPos = np.float64(3.2)
10.9509 	EXP 	emotion_rating: markerPos = np.float64(3.2)
10.9674 	EXP 	emotion_rating: markerPos = np.float64(3.2)
10.9842 	EXP 	emotion_rating: markerPos = np.float64(3.2)
11.0011 	EXP 	emotion_rating: markerPos = np.float64(3.2)
11.0172 	EXP 	emotion_rating: markerPos = np.float64(3.2)
11.0344 	EXP 	emotion_rating: markerPos = np.float64(3.2)
11.0505 	EXP 	emotion_rating: markerPos = np.float64(3.216666666666667)
11.0669 	EXP 	emotion_rating: markerPos = np.float64(3.275)
11.0837 	EXP 	emotion_rating: markerPos = np.float64(3.341666666666667)
11.1003 	EXP 	emotion_rating: markerPos = np.float64(3.4166666666666665)
11.1172 	EXP 	emotion_rating: markerPos = np.float64(3.45)
11.1341 	EXP 	emotion_rating: markerPos = np.float64(3.475)
11.1503 	EXP 	emotion_rating: markerPos = np.float64(3.5416666666666665)
11.1670 	EXP 	emotion_rating: markerPos = np.float64(3.575)
11.1838 	EXP 	emotion_rating: markerPos = np.float64(3.625)
11.2000 	EXP 	emotion_rating: markerPos = np.float64(3.6666666666666665)
11.2171 	EXP 	emotion_rating: markerPos = np.float64(3.7)
11.2335 	EXP 	emotion_rating: markerPos = np.float64(3.7583333333333333)
11.2497 	EXP 	emotion_rating: markerPos = np.float64(3.783333333333333)
11.2666 	EXP 	emotion_rating: markerPos = np.float64(3.825)
11.2833 	EXP 	emotion_rating: markerPos = np.float64(3.8666666666666667)
11.3006 	EXP 	emotion_rating: markerPos = np.float64(3.9583333333333335)
11.3164 	EXP 	emotion_rating: markerPos = np.float64(4.008333333333333)
11.3330 	EXP 	emotion_rating: markerPos = np.float64(4.075)
11.3501 	EXP 	emotion_rating: markerPos = np.float64(4.133333333333333)
11.3674 	EXP 	emotion_rating: markerPos = np.float64(4.191666666666666)
11.3834 	EXP 	emotion_rating: markerPos = np.float64(4.216666666666667)
11.3996 	EXP 	emotion_rating: markerPos = np.float64(4.233333333333333)
11.4164 	EXP 	emotion_rating: markerPos = np.float64(4.258333333333333)
11.4331 	EXP 	emotion_rating: markerPos = np.float64(4.275)
11.4493 	EXP 	emotion_rating: markerPos = np.float64(4.333333333333333)
11.4662 	EXP 	emotion_rating: markerPos = np.float64(4.366666666666667)
11.4836 	EXP 	emotion_rating: markerPos = np.float64(4.408333333333333)
11.4992 	EXP 	emotion_rating: markerPos = np.float64(4.466666666666667)
11.5164 	EXP 	emotion_rating: markerPos = np.float64(4.483333333333333)
11.5331 	EXP 	emotion_rating: markerPos = np.float64(4.508333333333333)
11.5495 	EXP 	emotion_rating: markerPos = np.float64(4.525)
11.5663 	EXP 	emotion_rating: markerPos = np.float64(4.533333333333333)
11.5829 	EXP 	emotion_rating: markerPos = np.float64(4.533333333333333)
11.5996 	EXP 	emotion_rating: markerPos = np.float64(4.541666666666667)
11.6158 	EXP 	emotion_rating: markerPos = np.float64(4.541666666666667)
11.6323 	EXP 	emotion_rating: markerPos = np.float64(4.55)
11.6490 	EXP 	emotion_rating: markerPos = np.float64(4.558333333333334)
11.6658 	EXP 	emotion_rating: markerPos = np.float64(4.558333333333334)
11.6828 	EXP 	emotion_rating: markerPos = np.float64(4.566666666666666)
11.6987 	EXP 	emotion_rating: markerPos = np.float64(4.566666666666666)
11.7158 	EXP 	emotion_rating: markerPos = np.float64(4.566666666666666)
11.7323 	EXP 	emotion_rating: markerPos = np.float64(4.566666666666666)
11.7488 	EXP 	emotion_rating: markerPos = np.float64(4.566666666666666)
11.7650 	EXP 	emotion_rating: markerPos = np.float64(4.566666666666666)
11.7821 	EXP 	emotion_rating: markerPos = np.float64(4.566666666666666)
11.7983 	EXP 	emotion_rating: markerPos = np.float64(4.566666666666666)
11.8148 	EXP 	emotion_rating: markerPos = np.float64(4.566666666666666)
11.8319 	EXP 	emotion_rating: markerPos = np.float64(4.566666666666666)
11.8486 	EXP 	emotion_rating: markerPos = np.float64(4.566666666666666)
11.8654 	EXP 	emotion_rating: markerPos = np.float64(4.566666666666666)
11.8818 	EXP 	emotion_rating: markerPos = np.float64(4.566666666666666)
11.8890 	DATA 	Mouse:  Left button up, pos=(1148,526)
11.8982 	EXP 	emotion_rating: markerPos = np.float64(4.566666666666666)
11.9147 	EXP 	emotion_rating: markerPos = np.float64(4.566666666666666)
11.9157 	EXP 	New trial (rep=0, index=3): <Trial 3 (3 in rep 0) data={'image_path': 'C:\\Users\\julia\\OneDrive\\Pulpit\\percepcja_psychopy\\photos\\images (1).jpg', 'label': 'Ten piesek jest smutny', 'show_label': 1, 'thisN': 3, 'thisTrialN': 3, 'thisRepN': 0}>
11.9327 	EXP 	label_text: autoDraw = False
11.9327 	EXP 	stim_image: autoDraw = False
11.9327 	EXP 	emotion_rating: autoDraw = False
11.9327 	EXP 	label_text: text = 'Ten piesek jest smutny'
11.9327 	EXP 	stim_image: image = 'C:\\Users\\julia\\OneDrive\\Pulpit\\percepcja_psychopy\\photos\\images (1).jpg'
11.9327 	EXP 	emotion_rating: markerPos = None
11.9327 	EXP 	emotion_rating: markerPos = None
11.9327 	EXP 	label_text: autoDraw = True
11.9327 	EXP 	stim_image: autoDraw = True
12.9458 	EXP 	label_text: autoDraw = False
12.9458 	EXP 	stim_image: autoDraw = False
13.9261 	EXP 	emotion_rating: autoDraw = True
14.3604 	DATA 	Mouse: Left button down, pos=(1031,535)
14.3752 	EXP 	emotion_rating: markerPos = np.float64(3.591666666666667)
14.3918 	EXP 	emotion_rating: markerPos = np.float64(3.591666666666667)
14.4080 	EXP 	emotion_rating: markerPos = np.float64(3.591666666666667)
14.4249 	EXP 	emotion_rating: markerPos = np.float64(3.591666666666667)
14.4416 	EXP 	emotion_rating: markerPos = np.float64(3.525)
14.4584 	EXP 	emotion_rating: markerPos = np.float64(3.466666666666667)
14.4746 	EXP 	emotion_rating: markerPos = np.float64(3.3666666666666667)
14.4912 	EXP 	emotion_rating: markerPos = np.float64(3.2583333333333333)
14.5081 	EXP 	emotion_rating: markerPos = np.float64(3.1333333333333333)
14.5250 	EXP 	emotion_rating: markerPos = np.float64(2.95)
14.5415 	EXP 	emotion_rating: markerPos = np.float64(2.85)
14.5576 	EXP 	emotion_rating: markerPos = np.float64(2.716666666666667)
14.5745 	EXP 	emotion_rating: markerPos = np.float64(2.575)
14.5911 	EXP 	emotion_rating: markerPos = np.float64(2.4)
14.6075 	EXP 	emotion_rating: markerPos = np.float64(2.3083333333333336)
14.6244 	EXP 	emotion_rating: markerPos = np.float64(2.2583333333333333)
14.6409 	EXP 	emotion_rating: markerPos = np.float64(2.1916666666666664)
14.6575 	EXP 	emotion_rating: markerPos = np.float64(2.158333333333333)
14.6746 	EXP 	emotion_rating: markerPos = np.float64(2.1)
14.6909 	EXP 	emotion_rating: markerPos = np.float64(2.033333333333333)
14.7074 	EXP 	emotion_rating: markerPos = np.float64(1.9916666666666667)
14.7242 	EXP 	emotion_rating: markerPos = np.float64(1.9583333333333333)
14.7409 	EXP 	emotion_rating: markerPos = np.float64(1.9083333333333334)
14.7575 	EXP 	emotion_rating: markerPos = np.float64(1.8416666666666666)
14.7741 	EXP 	emotion_rating: markerPos = np.float64(1.8166666666666667)
14.7909 	EXP 	emotion_rating: markerPos = np.float64(1.775)
14.8072 	EXP 	emotion_rating: markerPos = np.float64(1.7583333333333333)
14.8242 	EXP 	emotion_rating: markerPos = np.float64(1.7166666666666666)
14.8404 	EXP 	emotion_rating: markerPos = np.float64(1.7083333333333333)
14.8572 	EXP 	emotion_rating: markerPos = np.float64(1.7083333333333333)
14.8739 	EXP 	emotion_rating: markerPos = np.float64(1.6666666666666667)
14.8901 	EXP 	emotion_rating: markerPos = np.float64(1.65)
14.9075 	EXP 	emotion_rating: markerPos = np.float64(1.5916666666666666)
14.9238 	EXP 	emotion_rating: markerPos = np.float64(1.5583333333333333)
14.9400 	EXP 	emotion_rating: markerPos = np.float64(1.5416666666666667)
14.9568 	EXP 	emotion_rating: markerPos = np.float64(1.525)
14.9734 	EXP 	emotion_rating: markerPos = np.float64(1.525)
14.9900 	EXP 	emotion_rating: markerPos = np.float64(1.5166666666666666)
15.0066 	EXP 	emotion_rating: markerPos = np.float64(1.5166666666666666)
15.0230 	EXP 	emotion_rating: markerPos = np.float64(1.5166666666666666)
15.0398 	EXP 	emotion_rating: markerPos = np.float64(1.5166666666666666)
15.0565 	EXP 	emotion_rating: markerPos = np.float64(1.5166666666666666)
15.0737 	EXP 	emotion_rating: markerPos = np.float64(1.5166666666666666)
15.0899 	EXP 	emotion_rating: markerPos = np.float64(1.5166666666666666)
15.1062 	EXP 	emotion_rating: markerPos = np.float64(1.5166666666666666)
15.1227 	EXP 	emotion_rating: markerPos = np.float64(1.5166666666666666)
15.1396 	EXP 	emotion_rating: markerPos = np.float64(1.5166666666666666)
15.1563 	EXP 	emotion_rating: markerPos = np.float64(1.5166666666666666)
15.1570 	DATA 	Mouse:  Left button up, pos=(782,535)
15.1727 	EXP 	emotion_rating: markerPos = np.float64(1.5166666666666666)
15.1735 	EXP 	New trial (rep=0, index=4): <Trial 4 (4 in rep 0) data={'image_path': 'C:\\Users\\julia\\OneDrive\\Pulpit\\percepcja_psychopy\\photos\\images (2).jpg', 'label': 'Ten piesek jest wesoły', 'show_label': 1, 'thisN': 4, 'thisTrialN': 4, 'thisRepN': 0}>
15.1902 	EXP 	label_text: autoDraw = False
15.1902 	EXP 	stim_image: autoDraw = False
15.1902 	EXP 	emotion_rating: autoDraw = False
15.1902 	EXP 	label_text: height = np.float64(0.05)
15.1902 	EXP 	label_text: height = np.float64(0.05)
15.1902 	EXP 	label_text: height = np.float64(0.05)
15.1902 	EXP 	label_text: text = 'Ten piesek jest wesoły'
15.1902 	EXP 	stim_image: image = 'C:\\Users\\julia\\OneDrive\\Pulpit\\percepcja_psychopy\\photos\\images (2).jpg'
15.1902 	EXP 	emotion_rating: markerPos = None
15.1902 	EXP 	emotion_rating: markerPos = None
15.1902 	EXP 	label_text: autoDraw = True
15.1902 	EXP 	stim_image: autoDraw = True
16.2031 	EXP 	label_text: autoDraw = False
16.2031 	EXP 	stim_image: autoDraw = False
17.1842 	EXP 	emotion_rating: autoDraw = True
17.8826 	DATA 	Mouse: Left button down, pos=(1036,536)
17.8988 	EXP 	emotion_rating: markerPos = np.float64(3.6333333333333333)
17.9153 	EXP 	emotion_rating: markerPos = np.float64(3.6333333333333333)
17.9320 	EXP 	emotion_rating: markerPos = np.float64(3.6333333333333333)
17.9490 	EXP 	emotion_rating: markerPos = np.float64(3.6333333333333333)
17.9655 	EXP 	emotion_rating: markerPos = np.float64(3.6333333333333333)
17.9824 	EXP 	emotion_rating: markerPos = np.float64(3.6333333333333333)
17.9986 	EXP 	emotion_rating: markerPos = np.float64(3.6666666666666665)
18.0151 	EXP 	emotion_rating: markerPos = np.float64(3.716666666666667)
18.0317 	EXP 	emotion_rating: markerPos = np.float64(3.7916666666666665)
18.0485 	EXP 	emotion_rating: markerPos = np.float64(3.8333333333333335)
18.0653 	EXP 	emotion_rating: markerPos = np.float64(3.95)
18.0818 	EXP 	emotion_rating: markerPos = np.float64(4.016666666666667)
18.0987 	EXP 	emotion_rating: markerPos = np.float64(4.083333333333333)
18.1150 	EXP 	emotion_rating: markerPos = np.float64(4.15)
18.1313 	EXP 	emotion_rating: markerPos = np.float64(4.2)
18.1478 	EXP 	emotion_rating: markerPos = np.float64(4.233333333333333)
18.1647 	EXP 	emotion_rating: markerPos = np.float64(4.25)
18.1814 	EXP 	emotion_rating: markerPos = np.float64(4.266666666666667)
18.1985 	EXP 	emotion_rating: markerPos = np.float64(4.275)
18.2145 	EXP 	emotion_rating: markerPos = np.float64(4.291666666666667)
18.2309 	EXP 	emotion_rating: markerPos = np.float64(4.291666666666667)
18.2476 	EXP 	emotion_rating: markerPos = np.float64(4.308333333333334)
18.2645 	EXP 	emotion_rating: markerPos = np.float64(4.325)
18.2810 	EXP 	emotion_rating: markerPos = np.float64(4.333333333333333)
18.2977 	EXP 	emotion_rating: markerPos = np.float64(4.358333333333333)
18.3140 	EXP 	emotion_rating: markerPos = np.float64(4.366666666666667)
18.3311 	EXP 	emotion_rating: markerPos = np.float64(4.383333333333333)
18.3474 	EXP 	emotion_rating: markerPos = np.float64(4.408333333333333)
18.3645 	EXP 	emotion_rating: markerPos = np.float64(4.425)
18.3810 	EXP 	emotion_rating: markerPos = np.float64(4.441666666666666)
18.3972 	EXP 	emotion_rating: markerPos = np.float64(4.466666666666667)
18.4138 	EXP 	emotion_rating: markerPos = np.float64(4.483333333333333)
18.4307 	EXP 	emotion_rating: markerPos = np.float64(4.5)
18.4473 	EXP 	emotion_rating: markerPos = np.float64(4.5)
18.4637 	EXP 	emotion_rating: markerPos = np.float64(4.516666666666667)
18.4806 	EXP 	emotion_rating: markerPos = np.float64(4.516666666666667)
18.4972 	EXP 	emotion_rating: markerPos = np.float64(4.516666666666667)
18.5144 	EXP 	emotion_rating: markerPos = np.float64(4.516666666666667)
18.5304 	EXP 	emotion_rating: markerPos = np.float64(4.525)
18.5472 	EXP 	emotion_rating: markerPos = np.float64(4.525)
18.5636 	EXP 	emotion_rating: markerPos = np.float64(4.525)
18.5803 	EXP 	emotion_rating: markerPos = np.float64(4.525)
18.5966 	EXP 	emotion_rating: markerPos = np.float64(4.525)
18.6132 	EXP 	emotion_rating: markerPos = np.float64(4.525)
18.6302 	EXP 	emotion_rating: markerPos = np.float64(4.525)
18.6466 	EXP 	emotion_rating: markerPos = np.float64(4.525)
18.6633 	EXP 	emotion_rating: markerPos = np.float64(4.525)
18.6800 	EXP 	emotion_rating: markerPos = np.float64(4.525)
18.6967 	EXP 	emotion_rating: markerPos = np.float64(4.525)
18.7132 	EXP 	emotion_rating: markerPos = np.float64(4.525)
18.7298 	EXP 	emotion_rating: markerPos = np.float64(4.525)
18.7466 	EXP 	emotion_rating: markerPos = np.float64(4.525)
18.7486 	DATA 	Mouse:  Left button up, pos=(1143,526)
18.7634 	EXP 	emotion_rating: markerPos = np.float64(4.525)
18.7642 	EXP 	New trial (rep=0, index=5): <Trial 5 (5 in rep 0) data={'image_path': 'C:\\Users\\julia\\OneDrive\\Pulpit\\percepcja_psychopy\\photos\\images (3).jpg', 'label': 'Ten piesek jest smutny', 'show_label': 1, 'thisN': 5, 'thisTrialN': 5, 'thisRepN': 0}>
18.7804 	EXP 	label_text: autoDraw = False
18.7804 	EXP 	stim_image: autoDraw = False
18.7804 	EXP 	emotion_rating: autoDraw = False
18.7804 	EXP 	label_text: height = np.float64(0.05)
18.7804 	EXP 	label_text: height = np.float64(0.05)
18.7804 	EXP 	label_text: height = np.float64(0.05)
18.7804 	EXP 	label_text: text = 'Ten piesek jest smutny'
18.7804 	EXP 	stim_image: image = 'C:\\Users\\julia\\OneDrive\\Pulpit\\percepcja_psychopy\\photos\\images (3).jpg'
18.7804 	EXP 	emotion_rating: markerPos = None
18.7804 	EXP 	emotion_rating: markerPos = None
18.7804 	EXP 	label_text: autoDraw = True
18.7804 	EXP 	stim_image: autoDraw = True
19.7937 	EXP 	label_text: autoDraw = False
19.7937 	EXP 	stim_image: autoDraw = False
20.7744 	EXP 	emotion_rating: autoDraw = True
21.1957 	EXP 	Device response: <KeyPress from None: t=21.18551860000116, value=escape, duration=None>
21.1961 	DATA 	Keypress: escape
21.3563 	EXP 	Device response: <KeyPress from None: t=21.18551860000116, value=escape, duration=0.16555999999945925>
21.3564 	EXP 	untitled: status = STOPPED
21.3724 	EXP 	emotion_rating: autoDraw = False
21.3726 	EXP 	untitled: status = STOPPED
21.3813 	INFO 	saved data to 'C:\\Users\\julia\\OneDrive\\Pulpit\\percepcja_psychopy\\data\\590870_untitled_2026-04-18_23h10.18.397.csv'
21.3828 	INFO 	saved data to C:\Users\julia\OneDrive\Pulpit\percepcja_psychopy\data\590870_untitled_2026-04-18_23h10.18.397.psydat
22.0041 	WARNING 	Stopping key buffers but this could be dangerous ifother keyboards rely on the same.
