8.8749 	INFO 	Loaded monitor calibration from ['2026_03_18 20:30']
8.9219 	WARNING 	User requested fullscreen with size [1090  800], but screen is actually [1920, 1080]. Using actual size
10.1995 	INFO 	Using renderer 'Intel(R) UHD Graphics' for graphics
10.1996 	INFO 	OpenGL version supported by driver is 4..
11.4068 	EXP 	Created window1 = Window(allowGUI=False, allowStencil=False, autoLog=True, backendConf=UNKNOWN, backgroundFit=<method-wrapper '__getattribute__' of attributeSetter object at 0x0000023807353EB0>, backgroundImage=<method-wrapper '__getattribute__' of attributeSetter object at 0x0000023807353F10>, bitsMode=UNKNOWN, blendMode='avg', bpc=(8, 8, 8), color=array([-1., -1., -1.]), colorSpace='rgb', depthBits=8, fullscr=True, gamma=None, gammaErrorPolicy='raise', infoMsg=UNKNOWN, lms=UNKNOWN, monitor=<psychopy.monitors.calibTools.Monitor object at 0x000002380656F610>, multiSample=False, name='window1', numSamples=2, pos=[np.float64(0.0), np.float64(0.0)], screen=0, size=array([1920, 1080]), stencilBits=0, stereo=False, title='PsychoPy', units='height', useFBO=True, useRetina=False, viewOri=0.0, viewPos=None, viewScale=None, waitBlanking=True, winType='pyglet')
11.4069 	EXP 	window1: backgroundImage = ''
11.4069 	EXP 	window1: backgroundFit = 'none'
11.9220 	EXP 	window1: Attempting to measure frame rate of screen (0) ...
11.9220 	EXP 	window1: recordFrameIntervals = False
12.1033 	EXP 	window1: recordFrameIntervals = True
13.7659 	EXP 	window1: recordFrameIntervals = False
13.7659 	EXP 	Screen (0) actual frame rate measured at 60.07Hz
13.9375 	INFO 	keyboard.Keyboard is using ptb backend.
13.9375 	EXP 	untitled_FINAL_NEWEST: status = STARTED
14.0824 	EXP 	Created text_instr = TextStim(__class__=<class 'psychopy.visual.text.TextStim'>, alignHoriz=method-wrapper(...), alignText='center', alignVert=method-wrapper(...), anchorHoriz='center', anchorVert='center', antialias=True, autoDraw=False, autoLog=True, bold=False, color=array([1., 1., 1.]), colorSpace='rgb', contrast=1.0, depth=-2.0, draggable=False, flipHoriz=False, flipVert=False, font='Arial', fontFiles=[], height=np.float64(0.03), italic=False, languageStyle='LTR', name='text_instr', opacity=1, ori=0.0, pos=array([0., 0.]), rgb=UNKNOWN, text=str(...), units='height', win=Window(...), wrapWidth=1.3)
14.1079 	EXP 	Created suwak_info = TextStim(__class__=<class 'psychopy.visual.text.TextStim'>, alignHoriz=method-wrapper(...), alignText='center', alignVert=method-wrapper(...), anchorHoriz='center', anchorVert='center', antialias=True, autoDraw=False, autoLog=True, bold=False, color=array([1., 1., 1.]), colorSpace='rgb', contrast=1.0, depth=-1.0, draggable=False, flipHoriz=False, flipVert=False, font='Arial', fontFiles=[], height=np.float64(0.03), italic=False, languageStyle='LTR', name='suwak_info', opacity=1, ori=0.0, pos=array([0., 0.]), rgb=UNKNOWN, text=str(...), units='height', win=Window(...), wrapWidth=1.3)
14.1398 	EXP 	Created proba_testowa = TextStim(__class__=<class 'psychopy.visual.text.TextStim'>, alignHoriz=method-wrapper(...), alignText='center', alignVert=method-wrapper(...), anchorHoriz='center', anchorVert='center', antialias=True, autoDraw=False, autoLog=True, bold=False, color=array([1., 1., 1.]), colorSpace='rgb', contrast=1.0, depth=-2.0, draggable=False, flipHoriz=False, flipVert=False, font='Arial', fontFiles=[], height=np.float64(0.04), italic=False, languageStyle='LTR', name='proba_testowa', opacity=1, ori=0.0, pos=array([0., 0.]), rgb=UNKNOWN, text=str(...), units='height', win=Window(...), wrapWidth=1.3)
14.1412 	EXP 	Created pilot_label_text = TextStim(__class__=<class 'psychopy.visual.text.TextStim'>, alignHoriz=method-wrapper(...), alignText='center', alignVert=method-wrapper(...), anchorHoriz='center', anchorVert='center', antialias=True, autoDraw=False, autoLog=True, bold=False, color=array([1., 1., 1.]), colorSpace='rgb', contrast=1.0, depth=-1.0, draggable=False, flipHoriz=False, flipVert=False, font='Arial', fontFiles=[], height=0.05, italic=False, languageStyle='LTR', name='pilot_label_text', opacity=1, ori=0.0, pos=array([0., 0.]), rgb=UNKNOWN, text='', units='height', win=Window(...), wrapWidth=1.3)
14.1469 	EXP 	Created pilot_fiksacja1 = TextStim(__class__=<class 'psychopy.visual.text.TextStim'>, alignHoriz=method-wrapper(...), alignText='center', alignVert=method-wrapper(...), anchorHoriz='center', anchorVert='center', antialias=True, autoDraw=False, autoLog=True, bold=False, color=array([1., 1., 1.]), colorSpace='rgb', contrast=1.0, depth=-2.0, draggable=False, flipHoriz=False, flipVert=False, font='Arial', fontFiles=[], height=np.float64(0.1), italic=False, languageStyle='LTR', name='pilot_fiksacja1', opacity=1, ori=0.0, pos=array([0., 0.]), rgb=UNKNOWN, text='+', units='height', win=Window(...), wrapWidth=1)
14.1751 	EXP 	Created pilot_suwak = Slider(__class__=<class 'psychopy.visual.slider.Slider'>, autoDraw=False, autoLog=True, borderColor=None, color=None, colorSpace='rgb', depth=-3, fillColor=None, flip=False, font='Noto Sans', granularity=0.0, labelColor=None, labelHeight=np.float64(0.05), labelWrapWidth=None, labels=None, lineColor=None, markerColor=None, name='pilot_suwak', opacity=None, ori=0.0, pos=array([ 0. , -0.5]), readOnly=False, self=UNKNOWN, size=array([1. , 0.1]), startValue=0, style='slider', styleTweaks=[], ticks=ndarray(...), units='norm', win=Window(...))
14.1769 	EXP 	Created pilot_fiksacja2 = TextStim(__class__=<class 'psychopy.visual.text.TextStim'>, alignHoriz=method-wrapper(...), alignText='center', alignVert=method-wrapper(...), anchorHoriz='center', anchorVert='center', antialias=True, autoDraw=False, autoLog=True, bold=False, color=array([1., 1., 1.]), colorSpace='rgb', contrast=1.0, depth=-4.0, draggable=False, flipHoriz=False, flipVert=False, font='Arial', fontFiles=[], height=np.float64(0.1), italic=False, languageStyle='LTR', name='pilot_fiksacja2', opacity=1, ori=0.0, pos=array([0., 0.]), rgb=UNKNOWN, text='+', units='height', win=Window(...), wrapWidth=1)
14.1946 	EXP 	Created pilot_pytanie = TextStim(__class__=<class 'psychopy.visual.text.TextStim'>, alignHoriz=method-wrapper(...), alignText='center', alignVert=method-wrapper(...), anchorHoriz='center', anchorVert='center', antialias=True, autoDraw=False, autoLog=True, bold=False, color=array([1., 1., 1.]), colorSpace='rgb', contrast=1.0, depth=-5.0, draggable=False, flipHoriz=False, flipVert=False, font='Arial', fontFiles=[], height=np.float64(0.05), italic=False, languageStyle='LTR', name='pilot_pytanie', opacity=1, ori=0.0, pos=array([0.  , 0.25]), rgb=UNKNOWN, text='Jaką emocję wyrażała ta twarz?', units='height', win=Window(...), wrapWidth=1)
14.1954 	EXP 	Created pilot_lewa_etykieta = TextStim(__class__=<class 'psychopy.visual.text.TextStim'>, alignHoriz=method-wrapper(...), alignText='center', alignVert=method-wrapper(...), anchorHoriz='center', anchorVert='center', antialias=True, autoDraw=False, autoLog=True, bold=False, color=array([1., 1., 1.]), colorSpace='rgb', contrast=1.0, depth=-6.0, draggable=False, flipHoriz=False, flipVert=False, font='Arial', fontFiles=[], height=0.05, italic=False, languageStyle='LTR', name='pilot_lewa_etykieta', opacity=1, ori=0.0, pos=array([-0.55, -0.08]), rgb=UNKNOWN, text='', units='height', win=Window(...), wrapWidth=1)
14.1961 	EXP 	Created pilot_prawa_etykieta = TextStim(__class__=<class 'psychopy.visual.text.TextStim'>, alignHoriz=method-wrapper(...), alignText='center', alignVert=method-wrapper(...), anchorHoriz='center', anchorVert='center', antialias=True, autoDraw=False, autoLog=True, bold=False, color=array([1., 1., 1.]), colorSpace='rgb', contrast=1.0, depth=-7.0, draggable=False, flipHoriz=False, flipVert=False, font='Arial', fontFiles=[], height=0.05, italic=False, languageStyle='LTR', name='pilot_prawa_etykieta', opacity=1, ori=0.0, pos=array([ 0.55, -0.08]), rgb=UNKNOWN, text='', units='height', win=Window(...), wrapWidth=1)
14.3006 	EXP 	Created pilot_stim_image = ImageStim(__class__=<class 'psychopy.visual.image.ImageStim'>, anchor=('center', 'center'), autoLog=True, color=array([1., 1., 1.]), colorSpace='rgb', contrast=1.0, depth=-8.0, draggable=False, flipHoriz=np.False_, flipVert=np.False_, image='C:/Users/julia/OneDrive/Obrazy/IMG_2397.JPEG', interpolate=True, mask=None, maskParams=None, name='pilot_stim_image', opacity=1, ori=0.0, pos=array([0., 0.]), size=array([0.75, 0.75]), texRes=128.0, units='height', win=Window(...))
14.3316 	EXP 	Created start_badania = TextStim(__class__=<class 'psychopy.visual.text.TextStim'>, alignHoriz=method-wrapper(...), alignText='center', alignVert=method-wrapper(...), anchorHoriz='center', anchorVert='center', antialias=True, autoDraw=False, autoLog=True, bold=False, color=array([1., 1., 1.]), colorSpace='rgb', contrast=1.0, depth=-2.0, draggable=False, flipHoriz=False, flipVert=False, font='Arial', fontFiles=[], height=np.float64(0.05), italic=False, languageStyle='LTR', name='start_badania', opacity=1, ori=0.0, pos=array([0., 0.]), rgb=UNKNOWN, text=str(...), units='height', win=Window(...), wrapWidth=1)
14.3322 	EXP 	Created label_text = TextStim(__class__=<class 'psychopy.visual.text.TextStim'>, alignHoriz=method-wrapper(...), alignText='center', alignVert=method-wrapper(...), anchorHoriz='center', anchorVert='center', antialias=True, autoDraw=False, autoLog=True, bold=False, color=array([1., 1., 1.]), colorSpace='rgb', contrast=1.0, depth=-2.0, draggable=False, flipHoriz=False, flipVert=False, font='Arial', fontFiles=[], height=0.05, italic=False, languageStyle='LTR', name='label_text', opacity=1, ori=0.0, pos=array([0., 0.]), rgb=UNKNOWN, text='', units='height', win=Window(...), wrapWidth=1.3)
14.3358 	EXP 	Created stim_image = ImageStim(__class__=<class 'psychopy.visual.image.ImageStim'>, anchor=('center', 'center'), autoLog=True, color=array([1., 1., 1.]), colorSpace='rgb', contrast=1.0, depth=-3.0, draggable=False, flipHoriz=np.False_, flipVert=np.False_, image='default.png', interpolate=True, mask=None, maskParams=None, name='stim_image', opacity=1, ori=0.0, pos=array([0., 0.]), size=array([0.75, 0.75]), texRes=128.0, units='height', win=Window(...))
14.3462 	EXP 	Created suwak_badanie = Slider(__class__=<class 'psychopy.visual.slider.Slider'>, autoDraw=False, autoLog=True, borderColor=None, color=None, colorSpace='rgb', depth=-4, fillColor=None, flip=False, font='Noto Sans', granularity=0.0, labelColor=None, labelHeight=np.float64(0.05), labelWrapWidth=None, labels=None, lineColor=None, markerColor=None, name='suwak_badanie', opacity=None, ori=0.0, pos=array([ 0. , -0.5]), readOnly=False, self=UNKNOWN, size=array([1. , 0.1]), startValue=0, style='slider', styleTweaks=[], ticks=ndarray(...), units='norm', win=Window(...))
14.3469 	EXP 	Created lewa_etykieta = TextStim(__class__=<class 'psychopy.visual.text.TextStim'>, alignHoriz=method-wrapper(...), alignText='center', alignVert=method-wrapper(...), anchorHoriz='center', anchorVert='center', antialias=True, autoDraw=False, autoLog=True, bold=False, color=array([1., 1., 1.]), colorSpace='rgb', contrast=1.0, depth=-5.0, draggable=False, flipHoriz=False, flipVert=False, font='Arial', fontFiles=[], height=0.05, italic=False, languageStyle='LTR', name='lewa_etykieta', opacity=1, ori=0.0, pos=array([-0.55, -0.08]), rgb=UNKNOWN, text='', units='height', win=Window(...), wrapWidth=1)
14.3476 	EXP 	Created prawa_etykieta = TextStim(__class__=<class 'psychopy.visual.text.TextStim'>, alignHoriz=method-wrapper(...), alignText='center', alignVert=method-wrapper(...), anchorHoriz='center', anchorVert='center', antialias=True, autoDraw=False, autoLog=True, bold=False, color=array([1., 1., 1.]), colorSpace='rgb', contrast=1.0, depth=-6.0, draggable=False, flipHoriz=False, flipVert=False, font='Arial', fontFiles=[], height=0.05, italic=False, languageStyle='LTR', name='prawa_etykieta', opacity=1, ori=0.0, pos=array([ 0.55, -0.08]), rgb=UNKNOWN, text='', units='height', win=Window(...), wrapWidth=1)
14.3493 	EXP 	Created fiksacja1 = TextStim(__class__=<class 'psychopy.visual.text.TextStim'>, alignHoriz=method-wrapper(...), alignText='center', alignVert=method-wrapper(...), anchorHoriz='center', anchorVert='center', antialias=True, autoDraw=False, autoLog=True, bold=False, color=array([1., 1., 1.]), colorSpace='rgb', contrast=1.0, depth=-7.0, draggable=False, flipHoriz=False, flipVert=False, font='Arial', fontFiles=[], height=np.float64(0.1), italic=False, languageStyle='LTR', name='fiksacja1', opacity=1, ori=0.0, pos=array([0., 0.]), rgb=UNKNOWN, text='+', units='height', win=Window(...), wrapWidth=1)
14.3509 	EXP 	Created fiksacja2 = TextStim(__class__=<class 'psychopy.visual.text.TextStim'>, alignHoriz=method-wrapper(...), alignText='center', alignVert=method-wrapper(...), anchorHoriz='center', anchorVert='center', antialias=True, autoDraw=False, autoLog=True, bold=False, color=array([1., 1., 1.]), colorSpace='rgb', contrast=1.0, depth=-8.0, draggable=False, flipHoriz=False, flipVert=False, font='Arial', fontFiles=[], height=np.float64(0.1), italic=False, languageStyle='LTR', name='fiksacja2', opacity=1, ori=0.0, pos=array([0., 0.]), rgb=UNKNOWN, text='+', units='height', win=Window(...), wrapWidth=1)
14.3607 	EXP 	Created pytanie = TextStim(__class__=<class 'psychopy.visual.text.TextStim'>, alignHoriz=method-wrapper(...), alignText='center', alignVert=method-wrapper(...), anchorHoriz='center', anchorVert='center', antialias=True, autoDraw=False, autoLog=True, bold=False, color=array([1., 1., 1.]), colorSpace='rgb', contrast=1.0, depth=-9.0, draggable=False, flipHoriz=False, flipVert=False, font='Arial', fontFiles=[], height=np.float64(0.04), italic=False, languageStyle='LTR', name='pytanie', opacity=1, ori=0.0, pos=array([0.  , 0.25]), rgb=UNKNOWN, text='Jaką emocję wyrażała ta twarz?', units='height', win=Window(...), wrapWidth=1)
0.0032 	EXP 	pilot_suwak: autoLog = True
0.0032 	EXP 	pilot_suwak: styleTweaks = []
0.0032 	EXP 	pilot_suwak: styleTweaks = []
0.0032 	EXP 	pilot_suwak: styleTweaks = []
0.0032 	EXP 	pilot_suwak: styleTweaks = []
0.0032 	EXP 	pilot_suwak: contrast = 1.0
0.0032 	EXP 	pilot_suwak: markerPos = 0
0.0032 	EXP 	pilot_suwak: autoLog = True
0.0032 	EXP 	suwak_badanie: autoLog = True
0.0032 	EXP 	suwak_badanie: styleTweaks = []
0.0032 	EXP 	suwak_badanie: styleTweaks = []
0.0032 	EXP 	suwak_badanie: styleTweaks = []
0.0032 	EXP 	suwak_badanie: styleTweaks = []
0.0032 	EXP 	suwak_badanie: contrast = 1.0
0.0032 	EXP 	suwak_badanie: markerPos = 0
0.0032 	EXP 	suwak_badanie: autoLog = True
0.0090 	INFO 	Keyboard events cleared
0.0089 	EXP 	text_instr: autoDraw = True
1.0957 	EXP 	Device response: <KeyPress from None: t=1.0771589999785647, value=space, duration=None>
1.0998 	DATA 	Keypress: space
1.1030 	INFO 	Keyboard events cleared
1.1029 	EXP 	text_instr: autoDraw = False
1.1029 	EXP 	suwak_info: autoDraw = True
1.2333 	EXP 	Device response: <KeyPress from None: t=1.0771589999785647, value=space, duration=0.15069470001617447>
1.6502 	DATA 	Keypress: space
1.6654 	EXP 	Device response: <KeyPress from None: t=1.6472287999931723, value=space, duration=None>
1.6821 	INFO 	Keyboard events cleared
1.6819 	EXP 	suwak_info: autoDraw = False
1.6819 	EXP 	proba_testowa: autoDraw = True
1.7987 	EXP 	Device response: <KeyPress from None: t=1.6472287999931723, value=space, duration=0.15033199999015778>
2.0645 	EXP 	Device response: <KeyPress from None: t=2.0589246999588795, value=space, duration=None>
2.0920 	DATA 	Keypress: space
2.0948 	EXP 	proba_testowa: autoDraw = False
2.0948 	EXP 	pilot_label_text: height = np.float64(0.05)
2.0948 	EXP 	pilot_label_text: height = np.float64(0.05)
2.0948 	EXP 	pilot_label_text: height = np.float64(0.05)
2.0948 	EXP 	pilot_label_text: height = np.float64(0.05)
2.0948 	EXP 	pilot_label_text: height = np.float64(0.05)
2.0948 	EXP 	pilot_label_text: height = np.float64(0.05)
2.0948 	EXP 	pilot_label_text: text = 'Model AI wykrył w tej twarzy 80%\n'
2.0948 	EXP 	pilot_suwak: markerPos = None
2.0948 	EXP 	pilot_suwak: markerPos = 0
2.0948 	EXP 	pilot_lewa_etykieta: height = np.float64(0.05)
2.0948 	EXP 	pilot_lewa_etykieta: height = np.float64(0.05)
2.0948 	EXP 	pilot_lewa_etykieta: height = np.float64(0.05)
2.0948 	EXP 	pilot_lewa_etykieta: text = 'radość'
2.0948 	EXP 	pilot_prawa_etykieta: height = np.float64(0.05)
2.0948 	EXP 	pilot_prawa_etykieta: height = np.float64(0.05)
2.0948 	EXP 	pilot_prawa_etykieta: height = np.float64(0.05)
2.0948 	EXP 	pilot_prawa_etykieta: text = 'smutek'
2.0948 	EXP 	pilot_fiksacja1: autoDraw = True
2.2136 	EXP 	Device response: <KeyPress from None: t=2.0589246999588795, value=space, duration=0.14922540000407025>
3.0944 	EXP 	pilot_fiksacja1: autoDraw = False
3.1775 	EXP 	pilot_label_text: autoDraw = True
5.6705 	EXP 	pilot_fiksacja2: autoDraw = True
6.1860 	EXP 	pilot_label_text: autoDraw = False
6.6730 	EXP 	pilot_stim_image: autoDraw = True
6.6856 	EXP 	pilot_fiksacja2: autoDraw = False
7.5672 	EXP 	pilot_suwak: autoDraw = True
7.5672 	EXP 	pilot_pytanie: autoDraw = True
7.5672 	EXP 	pilot_lewa_etykieta: autoDraw = True
7.5672 	EXP 	pilot_prawa_etykieta: autoDraw = True
7.5822 	EXP 	pilot_stim_image: autoDraw = False
28.3593 	EXP 	Device response: <KeyPress from None: t=28.351086899987422, value=escape, duration=None>
28.3598 	DATA 	Keypress: escape
28.5087 	EXP 	Device response: <KeyPress from None: t=28.351086899987422, value=escape, duration=0.15009859995916486>
28.5088 	EXP 	untitled_FINAL_NEWEST: status = STOPPED
28.5247 	EXP 	pilot_suwak: autoDraw = False
28.5247 	EXP 	pilot_pytanie: autoDraw = False
28.5247 	EXP 	pilot_lewa_etykieta: autoDraw = False
28.5247 	EXP 	pilot_prawa_etykieta: autoDraw = False
28.5249 	EXP 	untitled_FINAL_NEWEST: status = STOPPED
28.5328 	INFO 	saved data to 'C:\\Users\\julia\\OneDrive\\Pulpit\\percepcja_psychopy\\data\\595198_untitled_FINAL_NEWEST_2026-04-24_17h58.19.316.csv'
28.5348 	INFO 	saved data to C:\Users\julia\OneDrive\Pulpit\percepcja_psychopy\data\595198_untitled_FINAL_NEWEST_2026-04-24_17h58.19.316.psydat
29.9308 	WARNING 	Stopping key buffers but this could be dangerous ifother keyboards rely on the same.
