7.7568 	INFO 	Loaded monitor calibration from ['2026_03_18 20:30']
7.7913 	WARNING 	User requested fullscreen with size [1090  800], but screen is actually [1920, 1080]. Using actual size
8.7606 	INFO 	Using renderer 'Intel(R) UHD Graphics' for graphics
8.7606 	INFO 	OpenGL version supported by driver is 4..
9.7644 	EXP 	Created window1 = Window(allowGUI=False, allowStencil=False, autoLog=True, backendConf=UNKNOWN, backgroundFit=<method-wrapper '__getattribute__' of attributeSetter object at 0x000001BB24500370>, backgroundImage=<method-wrapper '__getattribute__' of attributeSetter object at 0x000001BB24500310>, bitsMode=UNKNOWN, blendMode='avg', bpc=(8, 8, 8), color=array([0, 0, 0]), colorSpace='rgb', depthBits=8, fullscr=True, gamma=None, gammaErrorPolicy='raise', infoMsg=UNKNOWN, lms=UNKNOWN, monitor=<psychopy.monitors.calibTools.Monitor object at 0x000001BB1EA079A0>, multiSample=False, name='window1', numSamples=2, pos=[np.float64(0.0), np.float64(0.0)], screen=0, size=array([1920, 1080]), stencilBits=0, stereo=False, title='PsychoPy', units='height', useFBO=True, useRetina=False, viewOri=0.0, viewPos=None, viewScale=None, waitBlanking=True, winType='pyglet')
9.7645 	EXP 	window1: backgroundImage = ''
9.7645 	EXP 	window1: backgroundFit = 'none'
10.1968 	EXP 	window1: Attempting to measure frame rate of screen (0) ...
10.1968 	EXP 	window1: recordFrameIntervals = False
10.3323 	EXP 	window1: recordFrameIntervals = True
11.9946 	EXP 	window1: recordFrameIntervals = False
11.9947 	EXP 	Screen (0) actual frame rate measured at 60.14Hz
12.1511 	INFO 	keyboard.Keyboard is using ptb backend.
12.1512 	EXP 	untitled_FINAL_NEWEST: status = STARTED
12.1801 	EXP 	Created wyswietlanie_etykiet = TextStim(__class__=<class 'psychopy.visual.text.TextStim'>, alignHoriz=method-wrapper(...), alignText='center', alignVert=method-wrapper(...), anchorHoriz='center', anchorVert='center', antialias=True, autoDraw=False, autoLog=True, bold=False, color=array([1., 1., 1.]), colorSpace='rgb', contrast=1.0, depth=-3.0, draggable=False, flipHoriz=False, flipVert=False, font='Arial', fontFiles=[], height=0.05, italic=False, languageStyle='LTR', name='wyswietlanie_etykiet', opacity=1, ori=0.0, pos=array([0., 0.]), rgb=UNKNOWN, text='', units='height', win=Window(...), wrapWidth=1)
12.2199 	EXP 	Created stim_image = ImageStim(__class__=<class 'psychopy.visual.image.ImageStim'>, anchor=('center', 'center'), autoLog=True, color=array([1., 1., 1.]), colorSpace='rgb', contrast=1.0, depth=-4.0, draggable=False, flipHoriz=np.False_, flipVert=np.False_, image='default.png', interpolate=True, mask=None, maskParams=None, name='stim_image', opacity=1, ori=0.0, pos=array([0., 0.]), size=array([0.5, 0.5]), texRes=128.0, units='height', win=Window(...))
12.2462 	EXP 	Created slider = Slider(__class__=<class 'psychopy.visual.slider.Slider'>, autoDraw=False, autoLog=True, borderColor=None, color=None, colorSpace='rgb', depth=-5, fillColor=None, flip=False, font='Noto Sans', granularity=0.0, labelColor=None, labelHeight=np.float64(0.05), labelWrapWidth=None, labels=None, lineColor=None, markerColor=None, name='slider', opacity=None, ori=0.0, pos=array([0. , 0.1]), readOnly=False, self=UNKNOWN, size=array([0.5, 0.1]), startValue=3, style='slider', styleTweaks=[], ticks=array([1, 2, 3, 4, 5]), units='norm', win=Window(...))
0.0032 	EXP 	slider: autoLog = True
0.0032 	EXP 	slider: styleTweaks = []
0.0032 	EXP 	slider: styleTweaks = []
0.0032 	EXP 	slider: styleTweaks = []
0.0032 	EXP 	slider: styleTweaks = []
0.0032 	EXP 	slider: contrast = 1.0
0.0032 	EXP 	slider: markerPos = 3
0.0032 	EXP 	slider: autoLog = True
0.0136 	EXP 	Imported C:/Users/julia/OneDrive/Pulpit/percepcja_psychopy/conditions.xlsx as conditions, 32 conditions, 5 params
0.0140 	EXP 	New trial (rep=0, index=0): <Trial 0 (0 in rep 0) data={'image_path': 'C:\\Users\\julia\\OneDrive\\Pulpit\\percepcja_psychopy\\photos\\ee7bd76502e1d9aea7c74fc5bea75be9.jpg', 'etykieta': 'test', 'left_label': 'radość', 'right_label': 'smutek', 'show_label': 1, 'thisN': 0, 'thisTrialN': 0, 'thisRepN': 0}>
0.3091 	INFO 	saved data to C:\Users\julia\OneDrive\Pulpit\percepcja_psychopy\data\599608_untitled_FINAL_NEWEST_2026-04-20_14h18.16.825.psydat
0.3106 	INFO 	saved data to 'C:\\Users\\julia\\OneDrive\\Pulpit\\percepcja_psychopy\\data\\599608_untitled_FINAL_NEWEST_2026-04-20_14h18.16.825.csv'
0.4003 	WARNING 	Stopping key buffers but this could be dangerous ifother keyboards rely on the same.
