10.6150 	INFO 	Loaded monitor calibration from ['2026_03_18 20:30']
10.6518 	WARNING 	User requested fullscreen with size [1090  800], but screen is actually [1920, 1080]. Using actual size
11.7653 	INFO 	Using renderer 'Intel(R) UHD Graphics' for graphics
11.7654 	INFO 	OpenGL version supported by driver is 4..
12.8847 	EXP 	Created window1 = Window(allowGUI=False, allowStencil=True, autoLog=True, backendConf=UNKNOWN, backgroundFit=<method-wrapper '__getattribute__' of attributeSetter object at 0x00000149A9566B00>, backgroundImage=<method-wrapper '__getattribute__' of attributeSetter object at 0x00000149A95657B0>, bitsMode=UNKNOWN, blendMode='avg', bpc=(8, 8, 8), color=array([0.6549, 0.6549, 0.6549]), colorSpace='rgb', depthBits=8, fullscr=True, gamma=None, gammaErrorPolicy='raise', infoMsg=UNKNOWN, lms=UNKNOWN, monitor=<psychopy.monitors.calibTools.Monitor object at 0x00000149AB937160>, multiSample=False, name='window1', numSamples=2, pos=[np.float64(0.0), np.float64(0.0)], screen=0, size=array([1920, 1080]), stencilBits=8, stereo=False, title='PsychoPy', units='height', useFBO=True, useRetina=False, viewOri=0.0, viewPos=None, viewScale=None, waitBlanking=True, winType='pyglet')
12.8848 	EXP 	window1: backgroundImage = ''
12.8848 	EXP 	window1: backgroundFit = 'none'
13.0634 	INFO 	keyboard.Keyboard is using ptb backend.
13.0635 	EXP 	percepcja_wersja_finalna: status = STARTED
13.3904 	EXP 	Created suwaki_interpretacja = ImageStim(__class__=<class 'psychopy.visual.image.ImageStim'>, anchor=('center', 'center'), autoLog=True, color=array([1., 1., 1.]), colorSpace='rgb', contrast=1.0, depth=-3.0, draggable=False, flipHoriz=np.False_, flipVert=np.False_, image='photos/suwaki_instrukcja.png', interpolate=True, mask=None, maskParams=None, name='suwaki_interpretacja', opacity=1, ori=0.0, pos=array([ 0. , -0.2]), size=array([1.  , 0.75]), texRes=128.0, units='norm', win=Window(...))
13.5458 	EXP 	Created proba_testowa = TextStim(__class__=<class 'psychopy.visual.text.TextStim'>, alignHoriz=method-wrapper(...), alignText='center', alignVert=method-wrapper(...), anchorHoriz='center', anchorVert='center', antialias=True, autoDraw=False, autoLog=True, bold=False, color=array([-1., -1., -1.]), colorSpace='rgb', contrast=1.0, depth=-2.0, draggable=False, flipHoriz=False, flipVert=False, font='Arial', fontFiles=[], height=np.float64(0.04), italic=False, languageStyle='LTR', name='proba_testowa', opacity=1, ori=0.0, pos=array([0., 0.]), rgb=UNKNOWN, text=str(...), units='height', win=Window(...), wrapWidth=1.4)
13.5469 	EXP 	Created pilot_label_text = TextStim(__class__=<class 'psychopy.visual.text.TextStim'>, alignHoriz=method-wrapper(...), alignText='center', alignVert=method-wrapper(...), anchorHoriz='center', anchorVert='center', antialias=True, autoDraw=False, autoLog=True, bold=False, color=array([-1., -1., -1.]), colorSpace='rgb', contrast=1.0, depth=-1.0, draggable=False, flipHoriz=False, flipVert=False, font='Arial', fontFiles=[], height=0.05, italic=False, languageStyle='LTR', name='pilot_label_text', opacity=1, ori=0.0, pos=array([0., 0.]), rgb=UNKNOWN, text='', units='height', win=Window(...), wrapWidth=1)
13.5526 	EXP 	Created pilot_fiksacja1 = TextStim(__class__=<class 'psychopy.visual.text.TextStim'>, alignHoriz=method-wrapper(...), alignText='center', alignVert=method-wrapper(...), anchorHoriz='center', anchorVert='center', antialias=True, autoDraw=False, autoLog=True, bold=False, color=array([-1., -1., -1.]), colorSpace='rgb', contrast=1.0, depth=-2.0, draggable=False, flipHoriz=False, flipVert=False, font='Courier New', fontFiles=[], height=np.float64(0.1), italic=False, languageStyle='LTR', name='pilot_fiksacja1', opacity=1, ori=0.0, pos=array([0., 0.]), rgb=UNKNOWN, text='+', units='height', win=Window(...), wrapWidth=1)
13.5847 	EXP 	Created pilot_suwak = Slider(__class__=<class 'psychopy.visual.slider.Slider'>, autoDraw=False, autoLog=True, borderColor=None, color=None, colorSpace='rgb', depth=-3, fillColor=None, flip=False, font='Noto Sans', granularity=0.0, labelColor=None, labelHeight=np.float64(0.05), labelWrapWidth=None, labels=None, lineColor=None, markerColor=None, name='pilot_suwak', opacity=None, ori=0.0, pos=array([ 0. , -0.5]), readOnly=False, self=UNKNOWN, size=array([1. , 0.1]), startValue=0, style='slider', styleTweaks=[], ticks=array([-50, -25,   0,  25,  50]), units='norm', win=Window(...))
13.5910 	EXP 	Created pilot_fiksacja2 = TextStim(__class__=<class 'psychopy.visual.text.TextStim'>, alignHoriz=method-wrapper(...), alignText='center', alignVert=method-wrapper(...), anchorHoriz='center', anchorVert='center', antialias=True, autoDraw=False, autoLog=True, bold=False, color=array([-1., -1., -1.]), colorSpace='rgb', contrast=1.0, depth=-4.0, draggable=False, flipHoriz=False, flipVert=False, font='Courier New', fontFiles=[], height=np.float64(0.1), italic=False, languageStyle='LTR', name='pilot_fiksacja2', opacity=1, ori=0.0, pos=array([0., 0.]), rgb=UNKNOWN, text='+', units='height', win=Window(...), wrapWidth=1)
13.6112 	EXP 	Created pilot_pytanie = TextStim(__class__=<class 'psychopy.visual.text.TextStim'>, alignHoriz=method-wrapper(...), alignText='center', alignVert=method-wrapper(...), anchorHoriz='center', anchorVert='center', antialias=True, autoDraw=False, autoLog=True, bold=False, color=array([-1., -1., -1.]), colorSpace='rgb', contrast=1.0, depth=-5.0, draggable=False, flipHoriz=False, flipVert=False, font='Arial', fontFiles=[], height=np.float64(0.05), italic=False, languageStyle='LTR', name='pilot_pytanie', opacity=1, ori=0.0, pos=array([0., 0.]), rgb=UNKNOWN, text='Jaką emocję wyrażała ta twarz?', units='height', win=Window(...), wrapWidth=1)
13.6125 	EXP 	Created pilot_lewa_etykieta = TextStim(__class__=<class 'psychopy.visual.text.TextStim'>, alignHoriz=method-wrapper(...), alignText='center', alignVert=method-wrapper(...), anchorHoriz='center', anchorVert='center', antialias=True, autoDraw=False, autoLog=True, bold=False, color=array([-1., -1., -1.]), colorSpace='rgb', contrast=1.0, depth=-6.0, draggable=False, flipHoriz=False, flipVert=False, font='Arial', fontFiles=[], height=0.085, italic=False, languageStyle='LTR', name='pilot_lewa_etykieta', opacity=1, ori=0.0, pos=array([-0.6, -0.5]), rgb=UNKNOWN, text='', units='norm', win=Window(...), wrapWidth=1)
13.6132 	EXP 	Created pilot_prawa_etykieta = TextStim(__class__=<class 'psychopy.visual.text.TextStim'>, alignHoriz=method-wrapper(...), alignText='center', alignVert=method-wrapper(...), anchorHoriz='center', anchorVert='center', antialias=True, autoDraw=False, autoLog=True, bold=False, color=array([-1., -1., -1.]), colorSpace='rgb', contrast=1.0, depth=-7.0, draggable=False, flipHoriz=False, flipVert=False, font='Arial', fontFiles=[], height=0.085, italic=False, languageStyle='LTR', name='pilot_prawa_etykieta', opacity=1, ori=0.0, pos=array([ 0.6, -0.5]), rgb=UNKNOWN, text='', units='norm', win=Window(...), wrapWidth=1)
13.6419 	EXP 	Created pilot_stim_image = ImageStim(__class__=<class 'psychopy.visual.image.ImageStim'>, anchor=('center', 'center'), autoLog=True, color=array([1., 1., 1.]), colorSpace='rgb', contrast=1.0, depth=-8.0, draggable=False, flipHoriz=np.False_, flipVert=np.False_, image='photos/twarz_testowa.jpg', interpolate=True, mask=None, maskParams=None, name='pilot_stim_image', opacity=1, ori=0.0, pos=array([0., 0.]), size=array([0.75, 0.75]), texRes=128.0, units='height', win=Window(...))
13.7125 	EXP 	Created start_badania = TextStim(__class__=<class 'psychopy.visual.text.TextStim'>, alignHoriz=method-wrapper(...), alignText='center', alignVert=method-wrapper(...), anchorHoriz='center', anchorVert='center', antialias=True, autoDraw=False, autoLog=True, bold=False, color=array([-1., -1., -1.]), colorSpace='rgb', contrast=1.0, depth=-2.0, draggable=False, flipHoriz=False, flipVert=False, font='Arial', fontFiles=[], height=np.float64(0.1), italic=False, languageStyle='LTR', name='start_badania', opacity=1, ori=0.0, pos=array([0., 0.]), rgb=UNKNOWN, text=str(...), units='norm', win=Window(...), wrapWidth=1.4)
13.7267 	EXP 	Created przerwa_text = TextStim(__class__=<class 'psychopy.visual.text.TextStim'>, alignHoriz=method-wrapper(...), alignText='center', alignVert=method-wrapper(...), anchorHoriz='center', anchorVert='center', antialias=True, autoDraw=False, autoLog=True, bold=False, color=array([-1., -1., -1.]), colorSpace='rgb', contrast=1.0, depth=0.0, draggable=False, flipHoriz=False, flipVert=False, font='Arial', fontFiles=[], height=np.float64(0.1), italic=False, languageStyle='LTR', name='przerwa_text', opacity=1, ori=0.0, pos=array([0., 0.]), rgb=UNKNOWN, text=str(...), units='norm', win=Window(...), wrapWidth=1)
13.7282 	EXP 	Created label_text = TextStim(__class__=<class 'psychopy.visual.text.TextStim'>, alignHoriz=method-wrapper(...), alignText='center', alignVert=method-wrapper(...), anchorHoriz='center', anchorVert='center', antialias=True, autoDraw=False, autoLog=True, bold=False, color=array([-1., -1., -1.]), colorSpace='rgb', contrast=1.0, depth=-2.0, draggable=False, flipHoriz=False, flipVert=False, font='Arial', fontFiles=[], height=0.05, italic=False, languageStyle='LTR', name='label_text', opacity=1, ori=0.0, pos=array([0., 0.]), rgb=UNKNOWN, text='', units='height', win=Window(...), wrapWidth=1.3)
13.7370 	EXP 	Created stim_image = ImageStim(__class__=<class 'psychopy.visual.image.ImageStim'>, anchor=('center', 'center'), autoLog=True, color=array([1., 1., 1.]), colorSpace='rgb', contrast=1.0, depth=-3.0, draggable=False, flipHoriz=np.False_, flipVert=np.False_, image='default.png', interpolate=True, mask=None, maskParams=None, name='stim_image', opacity=1, ori=0.0, pos=array([0., 0.]), size=array([0.75, 0.75]), texRes=128.0, units='height', win=Window(...))
13.7590 	EXP 	Created suwak_badanie = Slider(__class__=<class 'psychopy.visual.slider.Slider'>, autoDraw=False, autoLog=True, borderColor=None, color=None, colorSpace='rgb', depth=-4, fillColor=None, flip=False, font='Noto Sans', granularity=0.0, labelColor=None, labelHeight=np.float64(0.05), labelWrapWidth=None, labels=None, lineColor=None, markerColor=None, name='suwak_badanie', opacity=None, ori=0.0, pos=array([ 0. , -0.5]), readOnly=False, self=UNKNOWN, size=array([1. , 0.1]), startValue=0, style='slider', styleTweaks=[], ticks=array([-50, -25,   0,  25,  50]), units='norm', win=Window(...))
13.7607 	EXP 	Created lewa_etykieta = TextStim(__class__=<class 'psychopy.visual.text.TextStim'>, alignHoriz=method-wrapper(...), alignText='center', alignVert=method-wrapper(...), anchorHoriz='center', anchorVert='center', antialias=True, autoDraw=False, autoLog=True, bold=False, color=array([-1., -1., -1.]), colorSpace='rgb', contrast=1.0, depth=-5.0, draggable=False, flipHoriz=False, flipVert=False, font='Arial', fontFiles=[], height=0.085, italic=False, languageStyle='LTR', name='lewa_etykieta', opacity=1, ori=0.0, pos=array([-0.65, -0.5 ]), rgb=UNKNOWN, text='', units='norm', win=Window(...), wrapWidth=1)
13.7624 	EXP 	Created prawa_etykieta = TextStim(__class__=<class 'psychopy.visual.text.TextStim'>, alignHoriz=method-wrapper(...), alignText='center', alignVert=method-wrapper(...), anchorHoriz='center', anchorVert='center', antialias=True, autoDraw=False, autoLog=True, bold=False, color=array([-1., -1., -1.]), colorSpace='rgb', contrast=1.0, depth=-6.0, draggable=False, flipHoriz=False, flipVert=False, font='Arial', fontFiles=[], height=0.085, italic=False, languageStyle='LTR', name='prawa_etykieta', opacity=1, ori=0.0, pos=array([ 0.65, -0.5 ]), rgb=UNKNOWN, text='', units='norm', win=Window(...), wrapWidth=1)
13.7667 	EXP 	Created fiksacja2 = TextStim(__class__=<class 'psychopy.visual.text.TextStim'>, alignHoriz=method-wrapper(...), alignText='center', alignVert=method-wrapper(...), anchorHoriz='center', anchorVert='center', antialias=True, autoDraw=False, autoLog=True, bold=False, color=array([-1., -1., -1.]), colorSpace='rgb', contrast=1.0, depth=-7.0, draggable=False, flipHoriz=False, flipVert=False, font='Courier New', fontFiles=[], height=np.float64(0.1), italic=False, languageStyle='LTR', name='fiksacja2', opacity=1, ori=0.0, pos=array([0., 0.]), rgb=UNKNOWN, text='+', units='height', win=Window(...), wrapWidth=1)
13.7736 	EXP 	Created pytanie = TextStim(__class__=<class 'psychopy.visual.text.TextStim'>, alignHoriz=method-wrapper(...), alignText='center', alignVert=method-wrapper(...), anchorHoriz='center', anchorVert='center', antialias=True, autoDraw=False, autoLog=True, bold=False, color=array([-1., -1., -1.]), colorSpace='rgb', contrast=1.0, depth=-8.0, draggable=False, flipHoriz=False, flipVert=False, font='Arial', fontFiles=[], height=np.float64(0.1), italic=False, languageStyle='LTR', name='pytanie', opacity=1, ori=0.0, pos=array([0., 0.]), rgb=UNKNOWN, text='Jaką emocję wyrażała ta twarz?', units='norm', win=Window(...), wrapWidth=1)
13.7767 	EXP 	Created text = TextStim(__class__=<class 'psychopy.visual.text.TextStim'>, alignHoriz=method-wrapper(...), alignText='center', alignVert=method-wrapper(...), anchorHoriz='center', anchorVert='center', antialias=True, autoDraw=False, autoLog=True, bold=False, color=array([1., 1., 1.]), colorSpace='rgb', contrast=1.0, depth=-1.0, draggable=False, flipHoriz=False, flipVert=False, font='Arial', fontFiles=[], height=np.float64(0.05), italic=False, languageStyle='LTR', name='text', opacity=1, ori=0.0, pos=array([0., 0.]), rgb=UNKNOWN, text='', units='height', win=Window(...), wrapWidth=1)
13.8114 	EXP 	Created podziekowania_text = TextStim(__class__=<class 'psychopy.visual.text.TextStim'>, alignHoriz=method-wrapper(...), alignText='center', alignVert=method-wrapper(...), anchorHoriz='center', anchorVert='center', antialias=True, autoDraw=False, autoLog=True, bold=False, color=array([-1., -1., -1.]), colorSpace='rgb', contrast=1.0, depth=0.0, draggable=False, flipHoriz=False, flipVert=False, font='Arial', fontFiles=[], height=np.float64(0.05), italic=False, languageStyle='LTR', name='podziekowania_text', opacity=1, ori=0.0, pos=array([0., 0.]), rgb=UNKNOWN, text=str(...), units='height', win=Window(...), wrapWidth=1)
0.0312 	EXP 	textbox_2: autoLog = True
0.0312 	EXP 	textbox_3: autoLog = True
0.0312 	EXP 	pilot_suwak: autoLog = True
0.0312 	EXP 	pilot_suwak: styleTweaks = []
0.0312 	EXP 	pilot_suwak: styleTweaks = []
0.0312 	EXP 	pilot_suwak: styleTweaks = []
0.0312 	EXP 	pilot_suwak: styleTweaks = []
0.0312 	EXP 	pilot_suwak: contrast = 1.0
0.0312 	EXP 	pilot_suwak: markerPos = 0
0.0312 	EXP 	pilot_suwak: autoLog = True
0.0312 	EXP 	suwak_badanie: autoLog = True
0.0312 	EXP 	suwak_badanie: styleTweaks = []
0.0312 	EXP 	suwak_badanie: styleTweaks = []
0.0312 	EXP 	suwak_badanie: styleTweaks = []
0.0312 	EXP 	suwak_badanie: styleTweaks = []
0.0312 	EXP 	suwak_badanie: contrast = 1.0
0.0312 	EXP 	suwak_badanie: markerPos = 0
0.0312 	EXP 	suwak_badanie: autoLog = True
0.0881 	INFO 	Keyboard events cleared
0.0879 	EXP 	textbox_2: autoDraw = True
0.6296 	EXP 	Device response: <KeyPress from None: t=0.6207642001099885, value=space, duration=None>
0.6388 	DATA 	Keypress: space
0.6433 	INFO 	Keyboard events cleared
0.6432 	EXP 	textbox_2: autoDraw = False
0.6432 	EXP 	textbox_3: autoDraw = True
0.6432 	EXP 	suwaki_interpretacja: autoDraw = True
0.7382 	EXP 	Device response: <KeyPress from None: t=0.6207642001099885, value=space, duration=0.10482249991036952>
0.9536 	EXP 	Device response: <KeyPress from None: t=0.9455639999359846, value=space, duration=None>
0.9566 	DATA 	Keypress: space
0.9703 	INFO 	Keyboard events cleared
0.9702 	EXP 	textbox_3: autoDraw = False
0.9702 	EXP 	suwaki_interpretacja: autoDraw = False
0.9702 	EXP 	proba_testowa: autoDraw = True
1.1033 	EXP 	Device response: <KeyPress from None: t=0.9455639999359846, value=space, duration=0.1455278000794351>
1.3695 	EXP 	Device response: <KeyPress from None: t=1.3610153999179602, value=space, duration=None>
1.3951 	DATA 	Keypress: space
1.3981 	EXP 	proba_testowa: autoDraw = False
1.3981 	EXP 	pilot_label_text: height = np.float64(0.05)
1.3981 	EXP 	pilot_label_text: height = np.float64(0.05)
1.3981 	EXP 	pilot_label_text: height = np.float64(0.05)
1.3981 	EXP 	pilot_label_text: height = np.float64(0.05)
1.3981 	EXP 	pilot_label_text: height = np.float64(0.05)
1.3981 	EXP 	pilot_label_text: height = np.float64(0.05)
1.3981 	EXP 	pilot_label_text: text = 'Model sztucznej inteligencji wykrył w tej twarzy 80% radości.\n\n'
1.3981 	EXP 	pilot_suwak: markerPos = None
1.3981 	EXP 	pilot_suwak: markerPos = 0
1.3981 	EXP 	pilot_lewa_etykieta: height = np.float64(0.085)
1.3981 	EXP 	pilot_lewa_etykieta: height = np.float64(0.085)
1.3981 	EXP 	pilot_lewa_etykieta: height = np.float64(0.085)
1.3981 	EXP 	pilot_lewa_etykieta: text = 'radość'
1.3981 	EXP 	pilot_prawa_etykieta: height = np.float64(0.085)
1.3981 	EXP 	pilot_prawa_etykieta: height = np.float64(0.085)
1.3981 	EXP 	pilot_prawa_etykieta: height = np.float64(0.085)
1.3981 	EXP 	pilot_prawa_etykieta: text = 'smutek'
1.3981 	EXP 	pilot_fiksacja1: autoDraw = True
1.4687 	EXP 	Device response: <KeyPress from None: t=1.3610153999179602, value=space, duration=0.10499610006809235>
2.1497 	EXP 	pilot_fiksacja1: autoDraw = False
2.3324 	EXP 	pilot_label_text: autoDraw = True
5.3410 	EXP 	pilot_label_text: autoDraw = False
5.5238 	EXP 	pilot_fiksacja2: autoDraw = True
6.2883 	EXP 	pilot_fiksacja2: autoDraw = False
6.4721 	EXP 	pilot_stim_image: autoDraw = True
7.7844 	EXP 	pilot_stim_image: autoDraw = False
7.8839 	EXP 	pilot_suwak: autoDraw = True
7.8839 	EXP 	pilot_pytanie: autoDraw = True
7.8839 	EXP 	pilot_lewa_etykieta: autoDraw = True
7.8839 	EXP 	pilot_prawa_etykieta: autoDraw = True
9.7963 	DATA 	Mouse: Left button down, pos=(962,248)
9.8120 	EXP 	pilot_suwak: markerPos = np.float64(0.2083333333333357)
9.8286 	EXP 	pilot_suwak: markerPos = np.float64(0.3125000000000071)
9.8454 	EXP 	pilot_suwak: markerPos = np.float64(0.5208333333333357)
9.8616 	EXP 	pilot_suwak: markerPos = np.float64(0.625)
9.8780 	EXP 	pilot_suwak: markerPos = np.float64(0.7291666666666714)
9.8951 	EXP 	pilot_suwak: markerPos = np.float64(0.9375)
9.9118 	EXP 	pilot_suwak: markerPos = np.float64(0.9375)
9.9287 	EXP 	pilot_suwak: markerPos = np.float64(1.5625)
9.9447 	EXP 	pilot_suwak: markerPos = np.float64(1.875000000000007)
9.9615 	EXP 	pilot_suwak: markerPos = np.float64(2.7083333333333357)
9.9781 	EXP 	pilot_suwak: markerPos = np.float64(3.5416666666666643)
9.9948 	EXP 	pilot_suwak: markerPos = np.float64(4.166666666666664)
10.0114 	EXP 	pilot_suwak: markerPos = np.float64(4.374999999999993)
10.0281 	EXP 	pilot_suwak: markerPos = np.float64(4.583333333333329)
10.0447 	EXP 	pilot_suwak: markerPos = np.float64(4.895833333333336)
10.0615 	EXP 	pilot_suwak: markerPos = np.float64(5.208333333333336)
10.0776 	EXP 	pilot_suwak: markerPos = np.float64(5.520833333333329)
10.0947 	EXP 	pilot_suwak: markerPos = np.float64(5.833333333333336)
10.1110 	EXP 	pilot_suwak: markerPos = np.float64(6.041666666666664)
10.1279 	EXP 	pilot_suwak: markerPos = np.float64(6.041666666666664)
10.1448 	EXP 	pilot_suwak: markerPos = np.float64(6.354166666666657)
10.1610 	EXP 	pilot_suwak: markerPos = np.float64(6.562500000000007)
10.1778 	EXP 	pilot_suwak: markerPos = np.float64(6.562500000000007)
10.1944 	EXP 	pilot_suwak: markerPos = np.float64(7.083333333333329)
10.2111 	EXP 	pilot_suwak: markerPos = np.float64(7.291666666666664)
10.2276 	EXP 	pilot_suwak: markerPos = np.float64(8.958333333333336)
10.2437 	EXP 	pilot_suwak: markerPos = np.float64(9.479166666666657)
10.2605 	EXP 	pilot_suwak: markerPos = np.float64(10.0)
10.2775 	EXP 	pilot_suwak: markerPos = np.float64(11.145833333333336)
10.2939 	EXP 	pilot_suwak: markerPos = np.float64(11.354166666666664)
10.3109 	EXP 	pilot_suwak: markerPos = np.float64(13.229166666666671)
10.3272 	EXP 	pilot_suwak: markerPos = np.float64(13.854166666666664)
10.3438 	EXP 	pilot_suwak: markerPos = np.float64(14.583333333333343)
10.3604 	EXP 	pilot_suwak: markerPos = np.float64(15.0)
10.3773 	EXP 	pilot_suwak: markerPos = np.float64(15.3125)
10.3943 	EXP 	pilot_suwak: markerPos = np.float64(15.520833333333343)
10.4104 	EXP 	pilot_suwak: markerPos = np.float64(15.625)
10.4271 	EXP 	pilot_suwak: markerPos = np.float64(16.145833333333343)
10.4436 	EXP 	pilot_suwak: markerPos = np.float64(16.875)
10.4603 	EXP 	pilot_suwak: markerPos = np.float64(17.39583333333333)
10.4769 	EXP 	pilot_suwak: markerPos = np.float64(18.229166666666657)
10.4937 	EXP 	pilot_suwak: markerPos = np.float64(18.4375)
10.5106 	EXP 	pilot_suwak: markerPos = np.float64(18.4375)
10.5270 	EXP 	pilot_suwak: markerPos = np.float64(18.4375)
10.5436 	EXP 	pilot_suwak: markerPos = np.float64(18.4375)
10.5601 	EXP 	pilot_suwak: markerPos = np.float64(18.4375)
10.5766 	EXP 	pilot_suwak: markerPos = np.float64(18.4375)
10.5931 	EXP 	pilot_suwak: markerPos = np.float64(18.4375)
10.6099 	EXP 	pilot_suwak: markerPos = np.float64(18.54166666666667)
10.6264 	EXP 	pilot_suwak: markerPos = np.float64(18.54166666666667)
10.6431 	EXP 	pilot_suwak: markerPos = np.float64(18.54166666666667)
10.6441 	DATA 	Mouse:  Left button up, pos=(1138,263)
10.6595 	EXP 	pilot_suwak: markerPos = np.float64(18.54166666666667)
10.6771 	INFO 	Keyboard events cleared
10.6771 	EXP 	pilot_label_text: autoDraw = False
10.6771 	EXP 	pilot_fiksacja1: autoDraw = False
10.6771 	EXP 	pilot_suwak: autoDraw = False
10.6771 	EXP 	pilot_fiksacja2: autoDraw = False
10.6771 	EXP 	pilot_pytanie: autoDraw = False
10.6771 	EXP 	pilot_lewa_etykieta: autoDraw = False
10.6771 	EXP 	pilot_prawa_etykieta: autoDraw = False
10.6771 	EXP 	pilot_stim_image: autoDraw = False
10.6771 	EXP 	start_badania: autoDraw = True
11.8406 	EXP 	Device response: <KeyPress from None: t=11.830615699989721, value=space, duration=None>
12.1085 	INFO 	saved data to C:\Users\julia\OneDrive\Pulpit\percepcja_psychopy\data\624731_percepcja_wersja_finalna_2026-05-04_10h09.04.250.psydat
12.1109 	INFO 	saved data to 'C:\\Users\\julia\\OneDrive\\Pulpit\\percepcja_psychopy\\data\\624731_percepcja_wersja_finalna_2026-05-04_10h09.04.250.csv'
12.2166 	WARNING 	Stopping key buffers but this could be dangerous ifother keyboards rely on the same.
