7.8916 	INFO 	Loaded monitor calibration from ['2026_03_18 20:30']
7.9335 	WARNING 	User requested fullscreen with size [1090  800], but screen is actually [1920, 1080]. Using actual size
9.0460 	INFO 	Using renderer 'Intel(R) UHD Graphics' for graphics
9.0460 	INFO 	OpenGL version supported by driver is 4..
10.0363 	EXP 	Created window1 = Window(allowGUI=False, allowStencil=False, autoLog=True, backendConf=UNKNOWN, backgroundFit=<method-wrapper '__getattribute__' of attributeSetter object at 0x000002D736254EE0>, backgroundImage=<method-wrapper '__getattribute__' of attributeSetter object at 0x000002D736254F40>, bitsMode=UNKNOWN, blendMode='avg', bpc=(8, 8, 8), color=array([0, 0, 0]), colorSpace='rgb', depthBits=8, fullscr=True, gamma=None, gammaErrorPolicy='raise', infoMsg=UNKNOWN, lms=UNKNOWN, monitor=<psychopy.monitors.calibTools.Monitor object at 0x000002D734B8D9F0>, multiSample=False, name='window1', numSamples=2, pos=[np.float64(0.0), np.float64(0.0)], screen=0, size=array([1920, 1080]), stencilBits=0, stereo=False, title='PsychoPy', units='height', useFBO=True, useRetina=False, viewOri=0.0, viewPos=None, viewScale=None, waitBlanking=True, winType='pyglet')
10.0364 	EXP 	window1: backgroundImage = ''
10.0364 	EXP 	window1: backgroundFit = 'none'
10.5212 	EXP 	window1: Attempting to measure frame rate of screen (0) ...
10.5212 	EXP 	window1: recordFrameIntervals = False
10.6649 	EXP 	window1: recordFrameIntervals = True
12.3275 	EXP 	window1: recordFrameIntervals = False
12.3275 	EXP 	Screen (0) actual frame rate measured at 60.22Hz
12.4897 	INFO 	keyboard.Keyboard is using ptb backend.
12.4897 	EXP 	untitled_FINAL_NEWEST: status = STARTED
12.5143 	EXP 	Created label_text = TextStim(__class__=<class 'psychopy.visual.text.TextStim'>, alignHoriz=method-wrapper(...), alignText='center', alignVert=method-wrapper(...), anchorHoriz='center', anchorVert='center', antialias=True, autoDraw=False, autoLog=True, bold=False, color=array([1., 1., 1.]), colorSpace='rgb', contrast=1.0, depth=-2.0, draggable=False, flipHoriz=False, flipVert=False, font='Arial', fontFiles=[], height=0.05, italic=False, languageStyle='LTR', name='label_text', opacity=1, ori=0.0, pos=array([0., 0.]), rgb=UNKNOWN, text='', units='height', win=Window(...), wrapWidth=1)
12.5523 	EXP 	Created stim_image = ImageStim(__class__=<class 'psychopy.visual.image.ImageStim'>, anchor=('center', 'center'), autoLog=True, color=array([1., 1., 1.]), colorSpace='rgb', contrast=1.0, depth=-3.0, draggable=False, flipHoriz=np.False_, flipVert=np.False_, image='default.png', interpolate=True, mask=None, maskParams=None, name='stim_image', opacity=1, ori=0.0, pos=array([0., 0.]), size=array([0.5, 0.5]), texRes=128.0, units='height', win=Window(...))
12.5805 	EXP 	Created suwak_badanie = Slider(__class__=<class 'psychopy.visual.slider.Slider'>, autoDraw=False, autoLog=True, borderColor=None, color=None, colorSpace='rgb', depth=-4, fillColor=None, flip=False, font='Noto Sans', granularity=0.0, labelColor=None, labelHeight=np.float64(0.05), labelWrapWidth=None, labels=None, lineColor=None, markerColor=None, name='suwak_badanie', opacity=None, ori=0.0, pos=array([ 0. , -0.5]), readOnly=False, self=UNKNOWN, size=array([1. , 0.1]), startValue=0, style='slider', styleTweaks=[], ticks=array([-50,   0,  50]), units='norm', win=Window(...))
12.5812 	EXP 	Created lewa_etykieta = TextStim(__class__=<class 'psychopy.visual.text.TextStim'>, alignHoriz=method-wrapper(...), alignText='center', alignVert=method-wrapper(...), anchorHoriz='center', anchorVert='center', antialias=True, autoDraw=False, autoLog=True, bold=False, color=array([1., 1., 1.]), colorSpace='rgb', contrast=1.0, depth=-5.0, draggable=False, flipHoriz=False, flipVert=False, font='Arial', fontFiles=[], height=0.05, italic=False, languageStyle='LTR', name='lewa_etykieta', opacity=1, ori=0.0, pos=array([-0.55, -0.05]), rgb=UNKNOWN, text='', units='height', win=Window(...), wrapWidth=1)
12.5818 	EXP 	Created prawa_etykieta = TextStim(__class__=<class 'psychopy.visual.text.TextStim'>, alignHoriz=method-wrapper(...), alignText='center', alignVert=method-wrapper(...), anchorHoriz='center', anchorVert='center', antialias=True, autoDraw=False, autoLog=True, bold=False, color=array([1., 1., 1.]), colorSpace='rgb', contrast=1.0, depth=-6.0, draggable=False, flipHoriz=False, flipVert=False, font='Arial', fontFiles=[], height=0.05, italic=False, languageStyle='LTR', name='prawa_etykieta', opacity=1, ori=0.0, pos=array([ 0.55, -0.05]), rgb=UNKNOWN, text='', units='height', win=Window(...), wrapWidth=1)
12.6447 	EXP 	Created fiksacja1 = TextStim(__class__=<class 'psychopy.visual.text.TextStim'>, alignHoriz=method-wrapper(...), alignText='center', alignVert=method-wrapper(...), anchorHoriz='center', anchorVert='center', antialias=True, autoDraw=False, autoLog=True, bold=False, color=array([1., 1., 1.]), colorSpace='rgb', contrast=1.0, depth=-7.0, draggable=False, flipHoriz=False, flipVert=False, font='Arial', fontFiles=[], height=np.float64(0.1), italic=False, languageStyle='LTR', name='fiksacja1', opacity=1, ori=0.0, pos=array([0., 0.]), rgb=UNKNOWN, text='+', units='height', win=Window(...), wrapWidth=1)
12.6466 	EXP 	Created fiksacja2 = TextStim(__class__=<class 'psychopy.visual.text.TextStim'>, alignHoriz=method-wrapper(...), alignText='center', alignVert=method-wrapper(...), anchorHoriz='center', anchorVert='center', antialias=True, autoDraw=False, autoLog=True, bold=False, color=array([1., 1., 1.]), colorSpace='rgb', contrast=1.0, depth=-8.0, draggable=False, flipHoriz=False, flipVert=False, font='Arial', fontFiles=[], height=np.float64(0.1), italic=False, languageStyle='LTR', name='fiksacja2', opacity=1, ori=0.0, pos=array([0., 0.]), rgb=UNKNOWN, text='+', units='height', win=Window(...), wrapWidth=1)
12.6623 	EXP 	Created pytanie = TextStim(__class__=<class 'psychopy.visual.text.TextStim'>, alignHoriz=method-wrapper(...), alignText='center', alignVert=method-wrapper(...), anchorHoriz='center', anchorVert='center', antialias=True, autoDraw=False, autoLog=True, bold=False, color=array([1., 1., 1.]), colorSpace='rgb', contrast=1.0, depth=-9.0, draggable=False, flipHoriz=False, flipVert=False, font='Arial', fontFiles=[], height=np.float64(0.04), italic=False, languageStyle='LTR', name='pytanie', opacity=1, ori=0.0, pos=array([0.  , 0.25]), rgb=UNKNOWN, text='Jaką emocję przedstawiała twarz?', units='height', win=Window(...), wrapWidth=1)
0.0023 	EXP 	suwak_badanie: autoLog = True
0.0023 	EXP 	suwak_badanie: styleTweaks = []
0.0023 	EXP 	suwak_badanie: styleTweaks = []
0.0023 	EXP 	suwak_badanie: styleTweaks = []
0.0023 	EXP 	suwak_badanie: styleTweaks = []
0.0023 	EXP 	suwak_badanie: contrast = 1.0
0.0023 	EXP 	suwak_badanie: markerPos = 0
0.0023 	EXP 	suwak_badanie: autoLog = True
0.0133 	EXP 	Imported conditions.xlsx as conditions, 32 conditions, 5 params
0.0138 	EXP 	New trial (rep=0, index=0): <Trial 0 (0 in rep 0) data={'image_path': 'C:\\Users\\julia\\OneDrive\\Pulpit\\percepcja_psychopy\\photos\\ee7bd76502e1d9aea7c74fc5bea75be9.jpg', 'etykieta': 'test', 'left_label': 'radość', 'right_label': 'smutek', 'show_label': 1, 'thisN': 0, 'thisTrialN': 0, 'thisRepN': 0}>
0.0459 	EXP 	label_text: height = np.float64(0.05)
0.0459 	EXP 	label_text: height = np.float64(0.05)
0.0459 	EXP 	label_text: height = np.float64(0.05)
0.0459 	EXP 	label_text: text = 'test'
0.0459 	EXP 	stim_image: image = 'C:\\Users\\julia\\OneDrive\\Pulpit\\percepcja_psychopy\\photos\\ee7bd76502e1d9aea7c74fc5bea75be9.jpg'
0.0459 	EXP 	suwak_badanie: markerPos = None
0.0459 	EXP 	suwak_badanie: markerPos = 0
0.0459 	EXP 	lewa_etykieta: height = np.float64(0.05)
0.0459 	EXP 	lewa_etykieta: height = np.float64(0.05)
0.0459 	EXP 	lewa_etykieta: height = np.float64(0.05)
0.0459 	EXP 	lewa_etykieta: text = 'radość'
0.0459 	EXP 	prawa_etykieta: height = np.float64(0.05)
0.0459 	EXP 	prawa_etykieta: height = np.float64(0.05)
0.0459 	EXP 	prawa_etykieta: height = np.float64(0.05)
0.0459 	EXP 	prawa_etykieta: text = 'smutek'
0.0459 	EXP 	fiksacja1: autoDraw = True
1.0612 	EXP 	fiksacja1: autoDraw = False
1.1111 	EXP 	label_text: autoDraw = True
3.6044 	EXP 	fiksacja2: autoDraw = True
3.6209 	EXP 	label_text: autoDraw = False
4.6021 	EXP 	stim_image: autoDraw = True
4.6205 	EXP 	fiksacja2: autoDraw = False
5.4990 	EXP 	suwak_badanie: autoDraw = True
5.4990 	EXP 	lewa_etykieta: autoDraw = True
5.4990 	EXP 	prawa_etykieta: autoDraw = True
5.4990 	EXP 	pytanie: autoDraw = True
5.5157 	EXP 	stim_image: autoDraw = False
6.7635 	DATA 	Mouse: Left button down, pos=(963,266)
6.7789 	EXP 	suwak_badanie: markerPos = np.float64(0.3125000000000071)
6.7956 	EXP 	suwak_badanie: markerPos = np.float64(0.3125000000000071)
6.8117 	EXP 	suwak_badanie: markerPos = np.float64(0.3125000000000071)
6.8287 	EXP 	suwak_badanie: markerPos = np.float64(0.3125000000000071)
6.8455 	EXP 	suwak_badanie: markerPos = np.float64(0.3125000000000071)
6.8619 	EXP 	suwak_badanie: markerPos = np.float64(0.3125000000000071)
6.8784 	EXP 	suwak_badanie: markerPos = np.float64(0.625)
6.8950 	EXP 	suwak_badanie: markerPos = np.float64(2.0833333333333357)
6.9115 	EXP 	suwak_badanie: markerPos = np.float64(3.8541666666666714)
6.9283 	EXP 	suwak_badanie: markerPos = np.float64(6.25)
6.9450 	EXP 	suwak_badanie: markerPos = np.float64(8.541666666666671)
6.9619 	EXP 	suwak_badanie: markerPos = np.float64(11.458333333333336)
6.9782 	EXP 	suwak_badanie: markerPos = np.float64(13.749999999999993)
6.9948 	EXP 	suwak_badanie: markerPos = np.float64(15.9375)
7.0114 	EXP 	suwak_badanie: markerPos = np.float64(17.8125)
7.0281 	EXP 	suwak_badanie: markerPos = np.float64(19.791666666666657)
7.0446 	EXP 	suwak_badanie: markerPos = np.float64(21.770833333333343)
7.0612 	EXP 	suwak_badanie: markerPos = np.float64(23.125)
7.0779 	EXP 	suwak_badanie: markerPos = np.float64(24.479166666666657)
7.0948 	EXP 	suwak_badanie: markerPos = np.float64(25.52083333333333)
7.1115 	EXP 	suwak_badanie: markerPos = np.float64(26.5625)
7.1278 	EXP 	suwak_badanie: markerPos = np.float64(27.60416666666667)
7.1443 	EXP 	suwak_badanie: markerPos = np.float64(28.33333333333333)
7.1610 	EXP 	suwak_badanie: markerPos = np.float64(28.95833333333333)
7.1778 	EXP 	suwak_badanie: markerPos = np.float64(29.375)
7.1946 	EXP 	suwak_badanie: markerPos = np.float64(30.0)
7.2108 	EXP 	suwak_badanie: markerPos = np.float64(30.208333333333343)
7.2275 	EXP 	suwak_badanie: markerPos = np.float64(30.72916666666667)
7.2442 	EXP 	suwak_badanie: markerPos = np.float64(31.45833333333333)
7.2607 	EXP 	suwak_badanie: markerPos = np.float64(32.1875)
7.2773 	EXP 	suwak_badanie: markerPos = np.float64(32.91666666666666)
7.2941 	EXP 	suwak_badanie: markerPos = np.float64(33.4375)
7.3106 	EXP 	suwak_badanie: markerPos = np.float64(33.95833333333333)
7.3275 	EXP 	suwak_badanie: markerPos = np.float64(34.375)
7.3440 	EXP 	suwak_badanie: markerPos = np.float64(34.79166666666667)
7.3607 	EXP 	suwak_badanie: markerPos = np.float64(34.79166666666667)
7.3773 	EXP 	suwak_badanie: markerPos = np.float64(34.79166666666667)
7.3940 	EXP 	suwak_badanie: markerPos = np.float64(34.79166666666667)
7.4106 	EXP 	suwak_badanie: markerPos = np.float64(34.79166666666667)
7.4272 	EXP 	suwak_badanie: markerPos = np.float64(34.79166666666667)
7.4438 	EXP 	suwak_badanie: markerPos = np.float64(34.79166666666667)
7.4606 	EXP 	suwak_badanie: markerPos = np.float64(34.79166666666667)
7.4769 	EXP 	suwak_badanie: markerPos = np.float64(34.79166666666667)
7.4934 	EXP 	suwak_badanie: markerPos = np.float64(34.79166666666667)
7.5000 	DATA 	Mouse:  Left button up, pos=(1294,245)
7.5100 	EXP 	suwak_badanie: markerPos = np.float64(34.79166666666667)
7.5266 	EXP 	suwak_badanie: markerPos = np.float64(34.79166666666667)
7.5283 	EXP 	New trial (rep=0, index=1): <Trial 1 (1 in rep 0) data={'image_path': 'C:\\Users\\julia\\OneDrive\\Pulpit\\percepcja_psychopy\\photos\\ee7bd76502e1d9aea7c74fc5bea75be9.jpg', 'etykieta': 'test', 'left_label': 'strach', 'right_label': 'złość', 'show_label': 1, 'thisN': 1, 'thisTrialN': 1, 'thisRepN': 0}>
7.5502 	EXP 	label_text: autoDraw = False
7.5502 	EXP 	stim_image: autoDraw = False
7.5502 	EXP 	suwak_badanie: autoDraw = False
7.5502 	EXP 	lewa_etykieta: autoDraw = False
7.5502 	EXP 	prawa_etykieta: autoDraw = False
7.5502 	EXP 	fiksacja1: autoDraw = False
7.5502 	EXP 	fiksacja2: autoDraw = False
7.5502 	EXP 	pytanie: autoDraw = False
7.5502 	EXP 	label_text: text = 'test'
7.5502 	EXP 	stim_image: image = 'C:\\Users\\julia\\OneDrive\\Pulpit\\percepcja_psychopy\\photos\\ee7bd76502e1d9aea7c74fc5bea75be9.jpg'
7.5502 	EXP 	suwak_badanie: markerPos = None
7.5502 	EXP 	suwak_badanie: markerPos = 0
7.5502 	EXP 	lewa_etykieta: height = np.float64(0.05)
7.5502 	EXP 	lewa_etykieta: height = np.float64(0.05)
7.5502 	EXP 	lewa_etykieta: height = np.float64(0.05)
7.5502 	EXP 	lewa_etykieta: text = 'strach'
7.5502 	EXP 	prawa_etykieta: height = np.float64(0.05)
7.5502 	EXP 	prawa_etykieta: height = np.float64(0.05)
7.5502 	EXP 	prawa_etykieta: height = np.float64(0.05)
7.5502 	EXP 	prawa_etykieta: text = 'złość'
7.5502 	EXP 	fiksacja1: autoDraw = True
8.5575 	EXP 	fiksacja1: autoDraw = False
8.6401 	EXP 	label_text: autoDraw = True
11.1338 	EXP 	fiksacja2: autoDraw = True
11.1504 	EXP 	label_text: autoDraw = False
12.1312 	EXP 	stim_image: autoDraw = True
12.1482 	EXP 	fiksacja2: autoDraw = False
13.0284 	EXP 	suwak_badanie: autoDraw = True
13.0284 	EXP 	lewa_etykieta: autoDraw = True
13.0284 	EXP 	prawa_etykieta: autoDraw = True
13.0284 	EXP 	pytanie: autoDraw = True
13.0451 	EXP 	stim_image: autoDraw = False
13.7946 	DATA 	Mouse: Left button down, pos=(939,278)
13.8095 	EXP 	suwak_badanie: markerPos = np.float64(-2.1875)
13.8262 	EXP 	suwak_badanie: markerPos = np.float64(-2.1875)
13.8429 	EXP 	suwak_badanie: markerPos = np.float64(-2.3958333333333357)
13.8593 	EXP 	suwak_badanie: markerPos = np.float64(-2.5)
13.8763 	EXP 	suwak_badanie: markerPos = np.float64(-2.6041666666666714)
13.8926 	EXP 	suwak_badanie: markerPos = np.float64(-3.125)
13.9092 	EXP 	suwak_badanie: markerPos = np.float64(-4.375)
13.9258 	EXP 	suwak_badanie: markerPos = np.float64(-5.208333333333329)
13.9427 	EXP 	suwak_badanie: markerPos = np.float64(-6.979166666666671)
13.9594 	EXP 	suwak_badanie: markerPos = np.float64(-9.479166666666664)
13.9759 	EXP 	suwak_badanie: markerPos = np.float64(-12.083333333333336)
13.9925 	EXP 	suwak_badanie: markerPos = np.float64(-12.916666666666664)
14.0089 	EXP 	suwak_badanie: markerPos = np.float64(-16.5625)
14.0259 	EXP 	suwak_badanie: markerPos = np.float64(-18.333333333333336)
14.0422 	EXP 	suwak_badanie: markerPos = np.float64(-21.250000000000004)
14.0588 	EXP 	suwak_badanie: markerPos = np.float64(-22.708333333333336)
14.0757 	EXP 	suwak_badanie: markerPos = np.float64(-24.6875)
14.0922 	EXP 	suwak_badanie: markerPos = np.float64(-26.5625)
14.1089 	EXP 	suwak_badanie: markerPos = np.float64(-29.479166666666668)
14.1254 	EXP 	suwak_badanie: markerPos = np.float64(-32.395833333333336)
14.1419 	EXP 	suwak_badanie: markerPos = np.float64(-34.479166666666664)
14.1588 	EXP 	suwak_badanie: markerPos = np.float64(-36.45833333333333)
14.1755 	EXP 	suwak_badanie: markerPos = np.float64(-37.604166666666664)
14.1919 	EXP 	suwak_badanie: markerPos = np.float64(-40.104166666666664)
14.2083 	EXP 	suwak_badanie: markerPos = np.float64(-40.729166666666664)
14.2250 	EXP 	suwak_badanie: markerPos = np.float64(-41.458333333333336)
14.2419 	EXP 	suwak_badanie: markerPos = np.float64(-41.97916666666667)
14.2585 	EXP 	suwak_badanie: markerPos = np.float64(-42.291666666666664)
14.2751 	EXP 	suwak_badanie: markerPos = np.float64(-42.5)
14.2918 	EXP 	suwak_badanie: markerPos = np.float64(-42.5)
14.3087 	EXP 	suwak_badanie: markerPos = np.float64(-42.5)
14.3247 	EXP 	suwak_badanie: markerPos = np.float64(-42.5)
14.3413 	EXP 	suwak_badanie: markerPos = np.float64(-42.5)
14.3583 	EXP 	suwak_badanie: markerPos = np.float64(-42.5)
14.3749 	EXP 	suwak_badanie: markerPos = np.float64(-42.5)
14.3916 	EXP 	suwak_badanie: markerPos = np.float64(-42.5)
14.4082 	EXP 	suwak_badanie: markerPos = np.float64(-42.5)
14.4248 	EXP 	suwak_badanie: markerPos = np.float64(-42.5)
14.4415 	EXP 	suwak_badanie: markerPos = np.float64(-42.5)
14.4485 	DATA 	Mouse:  Left button up, pos=(552,288)
14.4579 	EXP 	suwak_badanie: markerPos = np.float64(-42.5)
14.4746 	EXP 	suwak_badanie: markerPos = np.float64(-42.5)
14.4764 	EXP 	New trial (rep=0, index=2): <Trial 2 (2 in rep 0) data={'image_path': 'C:\\Users\\julia\\OneDrive\\Pulpit\\percepcja_psychopy\\photos\\ee7bd76502e1d9aea7c74fc5bea75be9.jpg', 'etykieta': 'test', 'left_label': 'zaufanie', 'right_label': 'wstręt', 'show_label': 1, 'thisN': 2, 'thisTrialN': 2, 'thisRepN': 0}>
14.4996 	EXP 	label_text: autoDraw = False
14.4996 	EXP 	stim_image: autoDraw = False
14.4996 	EXP 	suwak_badanie: autoDraw = False
14.4996 	EXP 	lewa_etykieta: autoDraw = False
14.4996 	EXP 	prawa_etykieta: autoDraw = False
14.4996 	EXP 	fiksacja1: autoDraw = False
14.4996 	EXP 	fiksacja2: autoDraw = False
14.4996 	EXP 	pytanie: autoDraw = False
14.4996 	EXP 	label_text: text = 'test'
14.4996 	EXP 	stim_image: image = 'C:\\Users\\julia\\OneDrive\\Pulpit\\percepcja_psychopy\\photos\\ee7bd76502e1d9aea7c74fc5bea75be9.jpg'
14.4996 	EXP 	suwak_badanie: markerPos = None
14.4996 	EXP 	suwak_badanie: markerPos = 0
14.4996 	EXP 	lewa_etykieta: height = np.float64(0.05)
14.4996 	EXP 	lewa_etykieta: height = np.float64(0.05)
14.4996 	EXP 	lewa_etykieta: height = np.float64(0.05)
14.4996 	EXP 	lewa_etykieta: text = 'zaufanie'
14.4996 	EXP 	prawa_etykieta: height = np.float64(0.05)
14.4996 	EXP 	prawa_etykieta: height = np.float64(0.05)
14.4996 	EXP 	prawa_etykieta: height = np.float64(0.05)
14.4996 	EXP 	prawa_etykieta: text = 'wstręt'
14.4996 	EXP 	fiksacja1: autoDraw = True
15.5049 	EXP 	fiksacja1: autoDraw = False
15.5882 	EXP 	label_text: autoDraw = True
18.0811 	EXP 	fiksacja2: autoDraw = True
18.0979 	EXP 	label_text: autoDraw = False
19.0787 	EXP 	stim_image: autoDraw = True
19.0950 	EXP 	fiksacja2: autoDraw = False
19.9760 	EXP 	suwak_badanie: autoDraw = True
19.9760 	EXP 	lewa_etykieta: autoDraw = True
19.9760 	EXP 	prawa_etykieta: autoDraw = True
19.9760 	EXP 	pytanie: autoDraw = True
19.9925 	EXP 	stim_image: autoDraw = False
21.2738 	DATA 	Mouse: Left button down, pos=(958,260)
21.2892 	EXP 	suwak_badanie: markerPos = np.float64(-0.1041666666666643)
21.3057 	EXP 	suwak_badanie: markerPos = np.float64(0.0)
21.3223 	EXP 	suwak_badanie: markerPos = np.float64(0.1041666666666714)
21.3390 	EXP 	suwak_badanie: markerPos = np.float64(0.2083333333333357)
21.3556 	EXP 	suwak_badanie: markerPos = np.float64(0.625)
21.3723 	EXP 	suwak_badanie: markerPos = np.float64(1.249999999999993)
21.3889 	EXP 	suwak_badanie: markerPos = np.float64(2.3958333333333286)
21.4057 	EXP 	suwak_badanie: markerPos = np.float64(4.0625)
21.4220 	EXP 	suwak_badanie: markerPos = np.float64(6.770833333333336)
21.4386 	EXP 	suwak_badanie: markerPos = np.float64(9.479166666666657)
21.4554 	EXP 	suwak_badanie: markerPos = np.float64(14.270833333333329)
21.4723 	EXP 	suwak_badanie: markerPos = np.float64(18.54166666666667)
21.4888 	EXP 	suwak_badanie: markerPos = np.float64(21.5625)
21.5052 	EXP 	suwak_badanie: markerPos = np.float64(25.0)
21.5219 	EXP 	suwak_badanie: markerPos = np.float64(27.1875)
21.5385 	EXP 	suwak_badanie: markerPos = np.float64(28.75)
21.5551 	EXP 	suwak_badanie: markerPos = np.float64(29.47916666666667)
21.5716 	EXP 	suwak_badanie: markerPos = np.float64(30.10416666666667)
21.5887 	EXP 	suwak_badanie: markerPos = np.float64(30.10416666666667)
21.6051 	EXP 	suwak_badanie: markerPos = np.float64(30.10416666666667)
21.6218 	EXP 	suwak_badanie: markerPos = np.float64(30.10416666666667)
21.6385 	EXP 	suwak_badanie: markerPos = np.float64(30.10416666666667)
21.6550 	EXP 	suwak_badanie: markerPos = np.float64(30.10416666666667)
21.6717 	EXP 	suwak_badanie: markerPos = np.float64(30.10416666666667)
21.6880 	EXP 	suwak_badanie: markerPos = np.float64(30.208333333333343)
21.6937 	DATA 	Mouse:  Left button up, pos=(1253,248)
21.7046 	EXP 	suwak_badanie: markerPos = np.float64(30.3125)
21.7215 	EXP 	suwak_badanie: markerPos = np.float64(30.3125)
21.7224 	EXP 	New trial (rep=0, index=3): <Trial 3 (3 in rep 0) data={'image_path': 'C:\\Users\\julia\\OneDrive\\Pulpit\\percepcja_psychopy\\photos\\ee7bd76502e1d9aea7c74fc5bea75be9.jpg', 'etykieta': 'test', 'left_label': 'zaskoczenie', 'right_label': 'oczekiwanie', 'show_label': 1, 'thisN': 3, 'thisTrialN': 3, 'thisRepN': 0}>
21.7381 	EXP 	label_text: autoDraw = False
21.7381 	EXP 	stim_image: autoDraw = False
21.7381 	EXP 	suwak_badanie: autoDraw = False
21.7381 	EXP 	lewa_etykieta: autoDraw = False
21.7381 	EXP 	prawa_etykieta: autoDraw = False
21.7381 	EXP 	fiksacja1: autoDraw = False
21.7381 	EXP 	fiksacja2: autoDraw = False
21.7381 	EXP 	pytanie: autoDraw = False
21.7381 	EXP 	label_text: text = 'test'
21.7381 	EXP 	stim_image: image = 'C:\\Users\\julia\\OneDrive\\Pulpit\\percepcja_psychopy\\photos\\ee7bd76502e1d9aea7c74fc5bea75be9.jpg'
21.7381 	EXP 	suwak_badanie: markerPos = None
21.7381 	EXP 	suwak_badanie: markerPos = 0
21.7381 	EXP 	lewa_etykieta: height = np.float64(0.05)
21.7381 	EXP 	lewa_etykieta: height = np.float64(0.05)
21.7381 	EXP 	lewa_etykieta: height = np.float64(0.05)
21.7381 	EXP 	lewa_etykieta: text = 'zaskoczenie'
21.7381 	EXP 	prawa_etykieta: height = np.float64(0.05)
21.7381 	EXP 	prawa_etykieta: height = np.float64(0.05)
21.7381 	EXP 	prawa_etykieta: height = np.float64(0.05)
21.7381 	EXP 	prawa_etykieta: text = 'oczekiwanie'
21.7381 	EXP 	fiksacja1: autoDraw = True
22.7519 	EXP 	fiksacja1: autoDraw = False
22.8351 	EXP 	label_text: autoDraw = True
23.8274 	EXP 	Device response: <KeyPress from None: t=23.80399759998545, value=apostrophe, duration=None>
23.8287 	DATA 	Keypress: quoteleft
23.8291 	DATA 	Keypress: escape
23.8325 	EXP 	Device response: <KeyPress from None: t=23.818830799980788, value=escape, duration=None>
23.9157 	EXP 	Device response: <KeyPress from None: t=23.80399759998545, value=apostrophe, duration=0.0950637000205461>
23.9158 	EXP 	Device response: <KeyPress from None: t=23.818830799980788, value=escape, duration=0.0897222000057809>
23.9159 	EXP 	untitled_FINAL_NEWEST: status = STOPPED
23.9318 	EXP 	label_text: autoDraw = False
23.9320 	EXP 	untitled_FINAL_NEWEST: status = STOPPED
23.9432 	INFO 	saved data to 'C:\\Users\\julia\\OneDrive\\Pulpit\\percepcja_psychopy\\data\\654805_untitled_FINAL_NEWEST_2026-04-20_16h01.37.744.csv'
23.9466 	INFO 	saved data to C:\Users\julia\OneDrive\Pulpit\percepcja_psychopy\data\654805_untitled_FINAL_NEWEST_2026-04-20_16h01.37.744.psydat
25.0440 	WARNING 	Stopping key buffers but this could be dangerous ifother keyboards rely on the same.
