7.7253 	INFO 	Loaded monitor calibration from ['2026_03_18 20:30']
7.7477 	WARNING 	User requested fullscreen with size [1090  800], but screen is actually [1920, 1080]. Using actual size
8.4172 	INFO 	Using renderer 'Intel(R) UHD Graphics' for graphics
8.4172 	INFO 	OpenGL version supported by driver is 4..
9.2570 	EXP 	Created window1 = Window(allowGUI=False, allowStencil=True, autoLog=True, backendConf=UNKNOWN, backgroundFit=<method-wrapper '__getattribute__' of attributeSetter object at 0x0000025384D92470>, backgroundImage=<method-wrapper '__getattribute__' of attributeSetter object at 0x0000025384D92410>, bitsMode=UNKNOWN, blendMode='avg', bpc=(8, 8, 8), color=array([0.6549, 0.6549, 0.6549]), colorSpace='rgb', depthBits=8, fullscr=True, gamma=None, gammaErrorPolicy='raise', infoMsg=UNKNOWN, lms=UNKNOWN, monitor=<psychopy.monitors.calibTools.Monitor object at 0x0000025384C7E170>, multiSample=False, name='window1', numSamples=2, pos=[np.float64(0.0), np.float64(0.0)], screen=0, size=array([1920, 1080]), stencilBits=8, stereo=False, title='PsychoPy', units='height', useFBO=True, useRetina=False, viewOri=0.0, viewPos=None, viewScale=None, waitBlanking=True, winType='pyglet')
9.2571 	EXP 	window1: backgroundImage = ''
9.2571 	EXP 	window1: backgroundFit = 'none'
9.4094 	INFO 	keyboard.Keyboard is using ptb backend.
9.4095 	EXP 	untitled_FINAL_NEWEST: status = STARTED
9.5472 	EXP 	Created text_instr = TextStim(__class__=<class 'psychopy.visual.text.TextStim'>, alignHoriz=method-wrapper(...), alignText='center', alignVert=method-wrapper(...), anchorHoriz='center', anchorVert='center', antialias=True, autoDraw=False, autoLog=True, bold=False, color=array([-1., -1., -1.]), colorSpace='rgb', contrast=1.0, depth=-2.0, draggable=False, flipHoriz=False, flipVert=False, font='Arial', fontFiles=[], height=np.float64(0.03), italic=False, languageStyle='LTR', name='text_instr', opacity=1, ori=0.0, pos=array([0., 0.]), rgb=UNKNOWN, text=str(...), units='height', win=Window(...), wrapWidth=1.5)
9.5705 	EXP 	Created suwak_info = TextStim(__class__=<class 'psychopy.visual.text.TextStim'>, alignHoriz=method-wrapper(...), alignText='center', alignVert=method-wrapper(...), anchorHoriz='center', anchorVert='center', antialias=True, autoDraw=False, autoLog=True, bold=False, color=array([-1., -1., -1.]), colorSpace='rgb', contrast=1.0, depth=-1.0, draggable=False, flipHoriz=False, flipVert=False, font='Arial', fontFiles=[], height=np.float64(0.03), italic=False, languageStyle='LTR', name='suwak_info', opacity=1, ori=0.0, pos=array([0., 0.]), rgb=UNKNOWN, text=str(...), units='height', win=Window(...), wrapWidth=1.3)
9.6339 	EXP 	Created suwaki_instrukcja = ImageStim(__class__=<class 'psychopy.visual.image.ImageStim'>, anchor=('center', 'center'), autoLog=True, color=array([1., 1., 1.]), colorSpace='rgb', contrast=1.0, depth=-3.0, draggable=False, flipHoriz=np.False_, flipVert=np.False_, image='photos/suwaki_instrukcja.png', interpolate=True, mask=None, maskParams=None, name='suwaki_instrukcja', opacity=1, ori=0.0, pos=array([0., 0.]), size=array([0.5, 0.5]), texRes=128.0, units='pix', win=Window(...))
9.6678 	EXP 	Created proba_testowa = TextStim(__class__=<class 'psychopy.visual.text.TextStim'>, alignHoriz=method-wrapper(...), alignText='center', alignVert=method-wrapper(...), anchorHoriz='center', anchorVert='center', antialias=True, autoDraw=False, autoLog=True, bold=False, color=array([-1., -1., -1.]), colorSpace='rgb', contrast=1.0, depth=-2.0, draggable=False, flipHoriz=False, flipVert=False, font='Arial', fontFiles=[], height=np.float64(0.04), italic=False, languageStyle='LTR', name='proba_testowa', opacity=1, ori=0.0, pos=array([0., 0.]), rgb=UNKNOWN, text=str(...), units='height', win=Window(...), wrapWidth=1.4)
9.6689 	EXP 	Created pilot_label_text = TextStim(__class__=<class 'psychopy.visual.text.TextStim'>, alignHoriz=method-wrapper(...), alignText='center', alignVert=method-wrapper(...), anchorHoriz='center', anchorVert='center', antialias=True, autoDraw=False, autoLog=True, bold=False, color=array([-1., -1., -1.]), colorSpace='rgb', contrast=1.0, depth=-1.0, draggable=False, flipHoriz=False, flipVert=False, font='Arial', fontFiles=[], height=0.09, italic=False, languageStyle='LTR', name='pilot_label_text', opacity=1, ori=0.0, pos=array([0., 0.]), rgb=UNKNOWN, text='', units='norm', win=Window(...), wrapWidth=1.3)
9.6746 	EXP 	Created pilot_fiksacja1 = TextStim(__class__=<class 'psychopy.visual.text.TextStim'>, alignHoriz=method-wrapper(...), alignText='center', alignVert=method-wrapper(...), anchorHoriz='center', anchorVert='center', antialias=True, autoDraw=False, autoLog=True, bold=False, color=array([-1., -1., -1.]), colorSpace='rgb', contrast=1.0, depth=-2.0, draggable=False, flipHoriz=False, flipVert=False, font='Arial', fontFiles=[], height=np.float64(0.12), italic=False, languageStyle='LTR', name='pilot_fiksacja1', opacity=1, ori=0.0, pos=array([0., 0.]), rgb=UNKNOWN, text='+', units='height', win=Window(...), wrapWidth=1)
9.7055 	EXP 	Created pilot_suwak = Slider(__class__=<class 'psychopy.visual.slider.Slider'>, autoDraw=False, autoLog=True, borderColor=None, color=None, colorSpace='rgb', depth=-3, fillColor=None, flip=False, font='Noto Sans', granularity=0.0, labelColor=None, labelHeight=np.float64(0.05), labelWrapWidth=None, labels=None, lineColor=None, markerColor=None, name='pilot_suwak', opacity=None, ori=0.0, pos=array([ 0. , -0.5]), readOnly=False, self=UNKNOWN, size=array([1. , 0.1]), startValue=0, style='slider', styleTweaks=[], ticks=array([-50, -25,   0,  25,  50]), units='norm', win=Window(...))
9.7099 	EXP 	Created pilot_fiksacja2 = TextStim(__class__=<class 'psychopy.visual.text.TextStim'>, alignHoriz=method-wrapper(...), alignText='center', alignVert=method-wrapper(...), anchorHoriz='center', anchorVert='center', antialias=True, autoDraw=False, autoLog=True, bold=False, color=array([-1., -1., -1.]), colorSpace='rgb', contrast=1.0, depth=-4.0, draggable=False, flipHoriz=False, flipVert=False, font='Arial', fontFiles=[], height=np.float64(0.1), italic=False, languageStyle='LTR', name='pilot_fiksacja2', opacity=1, ori=0.0, pos=array([0., 0.]), rgb=UNKNOWN, text='+', units='height', win=Window(...), wrapWidth=1)
9.7238 	EXP 	Created pilot_pytanie = TextStim(__class__=<class 'psychopy.visual.text.TextStim'>, alignHoriz=method-wrapper(...), alignText='center', alignVert=method-wrapper(...), anchorHoriz='center', anchorVert='center', antialias=True, autoDraw=False, autoLog=True, bold=False, color=array([-1., -1., -1.]), colorSpace='rgb', contrast=1.0, depth=-5.0, draggable=False, flipHoriz=False, flipVert=False, font='Arial', fontFiles=[], height=np.float64(0.1), italic=False, languageStyle='LTR', name='pilot_pytanie', opacity=1, ori=0.0, pos=array([0., 0.]), rgb=UNKNOWN, text='Jaką emocję wyrażała ta twarz?', units='norm', win=Window(...), wrapWidth=1)
9.7255 	EXP 	Created pilot_lewa_etykieta = TextStim(__class__=<class 'psychopy.visual.text.TextStim'>, alignHoriz=method-wrapper(...), alignText='center', alignVert=method-wrapper(...), anchorHoriz='center', anchorVert='center', antialias=True, autoDraw=False, autoLog=True, bold=False, color=array([-1., -1., -1.]), colorSpace='rgb', contrast=1.0, depth=-6.0, draggable=False, flipHoriz=False, flipVert=False, font='Arial', fontFiles=[], height=0.085, italic=False, languageStyle='LTR', name='pilot_lewa_etykieta', opacity=1, ori=0.0, pos=array([-0.6, -0.5]), rgb=UNKNOWN, text='', units='norm', win=Window(...), wrapWidth=1)
9.7261 	EXP 	Created pilot_prawa_etykieta = TextStim(__class__=<class 'psychopy.visual.text.TextStim'>, alignHoriz=method-wrapper(...), alignText='center', alignVert=method-wrapper(...), anchorHoriz='center', anchorVert='center', antialias=True, autoDraw=False, autoLog=True, bold=False, color=array([-1., -1., -1.]), colorSpace='rgb', contrast=1.0, depth=-7.0, draggable=False, flipHoriz=False, flipVert=False, font='Arial', fontFiles=[], height=0.085, italic=False, languageStyle='LTR', name='pilot_prawa_etykieta', opacity=1, ori=0.0, pos=array([ 0.6, -0.5]), rgb=UNKNOWN, text='', units='norm', win=Window(...), wrapWidth=1)
9.7577 	EXP 	Created pilot_stim_image = ImageStim(__class__=<class 'psychopy.visual.image.ImageStim'>, anchor=('center', 'center'), autoLog=True, color=array([1., 1., 1.]), colorSpace='rgb', contrast=1.0, depth=-8.0, draggable=False, flipHoriz=np.False_, flipVert=np.False_, image='photos/twarz_testowa.jpg', interpolate=True, mask=None, maskParams=None, name='pilot_stim_image', opacity=1, ori=0.0, pos=array([0., 0.]), size=array([0.75, 0.75]), texRes=128.0, units='height', win=Window(...))
9.7867 	EXP 	Created start_badania = TextStim(__class__=<class 'psychopy.visual.text.TextStim'>, alignHoriz=method-wrapper(...), alignText='center', alignVert=method-wrapper(...), anchorHoriz='center', anchorVert='center', antialias=True, autoDraw=False, autoLog=True, bold=False, color=array([-1., -1., -1.]), colorSpace='rgb', contrast=1.0, depth=-2.0, draggable=False, flipHoriz=False, flipVert=False, font='Arial', fontFiles=[], height=np.float64(0.1), italic=False, languageStyle='LTR', name='start_badania', opacity=1, ori=0.0, pos=array([0., 0.]), rgb=UNKNOWN, text=str(...), units='norm', win=Window(...), wrapWidth=1.4)
9.7937 	EXP 	Created przerwa_text = TextStim(__class__=<class 'psychopy.visual.text.TextStim'>, alignHoriz=method-wrapper(...), alignText='center', alignVert=method-wrapper(...), anchorHoriz='center', anchorVert='center', antialias=True, autoDraw=False, autoLog=True, bold=False, color=array([-1., -1., -1.]), colorSpace='rgb', contrast=1.0, depth=0.0, draggable=False, flipHoriz=False, flipVert=False, font='Arial', fontFiles=[], height=np.float64(0.1), italic=False, languageStyle='LTR', name='przerwa_text', opacity=1, ori=0.0, pos=array([0., 0.]), rgb=UNKNOWN, text=str(...), units='norm', win=Window(...), wrapWidth=1)
9.7942 	EXP 	Created label_text = TextStim(__class__=<class 'psychopy.visual.text.TextStim'>, alignHoriz=method-wrapper(...), alignText='center', alignVert=method-wrapper(...), anchorHoriz='center', anchorVert='center', antialias=True, autoDraw=False, autoLog=True, bold=False, color=array([-1., -1., -1.]), colorSpace='rgb', contrast=1.0, depth=-2.0, draggable=False, flipHoriz=False, flipVert=False, font='Arial', fontFiles=[], height=0.05, italic=False, languageStyle='LTR', name='label_text', opacity=1, ori=0.0, pos=array([0., 0.]), rgb=UNKNOWN, text='', units='height', win=Window(...), wrapWidth=1.3)
9.7996 	EXP 	Created stim_image = ImageStim(__class__=<class 'psychopy.visual.image.ImageStim'>, anchor=('center', 'center'), autoLog=True, color=array([1., 1., 1.]), colorSpace='rgb', contrast=1.0, depth=-3.0, draggable=False, flipHoriz=np.False_, flipVert=np.False_, image='default.png', interpolate=True, mask=None, maskParams=None, name='stim_image', opacity=1, ori=0.0, pos=array([0., 0.]), size=array([0.75, 0.75]), texRes=128.0, units='height', win=Window(...))
9.8083 	EXP 	Created suwak_badanie = Slider(__class__=<class 'psychopy.visual.slider.Slider'>, autoDraw=False, autoLog=True, borderColor=None, color=None, colorSpace='rgb', depth=-4, fillColor=None, flip=False, font='Noto Sans', granularity=0.0, labelColor=None, labelHeight=np.float64(0.05), labelWrapWidth=None, labels=None, lineColor=None, markerColor=None, name='suwak_badanie', opacity=None, ori=0.0, pos=array([ 0. , -0.5]), readOnly=False, self=UNKNOWN, size=array([1. , 0.1]), startValue=0, style='slider', styleTweaks=[], ticks=array([-50, -25,   0,  25,  50]), units='norm', win=Window(...))
9.8089 	EXP 	Created lewa_etykieta = TextStim(__class__=<class 'psychopy.visual.text.TextStim'>, alignHoriz=method-wrapper(...), alignText='center', alignVert=method-wrapper(...), anchorHoriz='center', anchorVert='center', antialias=True, autoDraw=False, autoLog=True, bold=False, color=array([-1., -1., -1.]), colorSpace='rgb', contrast=1.0, depth=-5.0, draggable=False, flipHoriz=False, flipVert=False, font='Arial', fontFiles=[], height=0.085, italic=False, languageStyle='LTR', name='lewa_etykieta', opacity=1, ori=0.0, pos=array([-0.65, -0.5 ]), rgb=UNKNOWN, text='', units='norm', win=Window(...), wrapWidth=1)
9.8094 	EXP 	Created prawa_etykieta = TextStim(__class__=<class 'psychopy.visual.text.TextStim'>, alignHoriz=method-wrapper(...), alignText='center', alignVert=method-wrapper(...), anchorHoriz='center', anchorVert='center', antialias=True, autoDraw=False, autoLog=True, bold=False, color=array([-1., -1., -1.]), colorSpace='rgb', contrast=1.0, depth=-6.0, draggable=False, flipHoriz=False, flipVert=False, font='Arial', fontFiles=[], height=0.085, italic=False, languageStyle='LTR', name='prawa_etykieta', opacity=1, ori=0.0, pos=array([ 0.65, -0.5 ]), rgb=UNKNOWN, text='', units='norm', win=Window(...), wrapWidth=1)
9.8138 	EXP 	Created fiksacja2 = TextStim(__class__=<class 'psychopy.visual.text.TextStim'>, alignHoriz=method-wrapper(...), alignText='center', alignVert=method-wrapper(...), anchorHoriz='center', anchorVert='center', antialias=True, autoDraw=False, autoLog=True, bold=False, color=array([-1., -1., -1.]), colorSpace='rgb', contrast=1.0, depth=-7.0, draggable=False, flipHoriz=False, flipVert=False, font='Arial', fontFiles=[], height=np.float64(0.12), italic=False, languageStyle='LTR', name='fiksacja2', opacity=1, ori=0.0, pos=array([0., 0.]), rgb=UNKNOWN, text='+', units='height', win=Window(...), wrapWidth=1)
9.8173 	EXP 	Created pytanie = TextStim(__class__=<class 'psychopy.visual.text.TextStim'>, alignHoriz=method-wrapper(...), alignText='center', alignVert=method-wrapper(...), anchorHoriz='center', anchorVert='center', antialias=True, autoDraw=False, autoLog=True, bold=False, color=array([-1., -1., -1.]), colorSpace='rgb', contrast=1.0, depth=-8.0, draggable=False, flipHoriz=False, flipVert=False, font='Arial', fontFiles=[], height=np.float64(0.1), italic=False, languageStyle='LTR', name='pytanie', opacity=1, ori=0.0, pos=array([0., 0.]), rgb=UNKNOWN, text='Jaką emocję wyrażała ta twarz?', units='norm', win=Window(...), wrapWidth=1)
9.8187 	EXP 	Created text = TextStim(__class__=<class 'psychopy.visual.text.TextStim'>, alignHoriz=method-wrapper(...), alignText='center', alignVert=method-wrapper(...), anchorHoriz='center', anchorVert='center', antialias=True, autoDraw=False, autoLog=True, bold=False, color=array([1., 1., 1.]), colorSpace='rgb', contrast=1.0, depth=-1.0, draggable=False, flipHoriz=False, flipVert=False, font='Arial', fontFiles=[], height=np.float64(0.05), italic=False, languageStyle='LTR', name='text', opacity=1, ori=0.0, pos=array([0., 0.]), rgb=UNKNOWN, text='', units='height', win=Window(...), wrapWidth=1)
9.8323 	EXP 	Created podziekowania_text = TextStim(__class__=<class 'psychopy.visual.text.TextStim'>, alignHoriz=method-wrapper(...), alignText='center', alignVert=method-wrapper(...), anchorHoriz='center', anchorVert='center', antialias=True, autoDraw=False, autoLog=True, bold=False, color=array([1., 1., 1.]), colorSpace='rgb', contrast=1.0, depth=0.0, draggable=False, flipHoriz=False, flipVert=False, font='Arial', fontFiles=[], height=np.float64(0.05), italic=False, languageStyle='LTR', name='podziekowania_text', opacity=1, ori=0.0, pos=array([0., 0.]), rgb=UNKNOWN, text=str(...), units='height', win=Window(...), wrapWidth=1)
0.0220 	EXP 	pilot_suwak: autoLog = True
0.0220 	EXP 	pilot_suwak: styleTweaks = []
0.0220 	EXP 	pilot_suwak: styleTweaks = []
0.0220 	EXP 	pilot_suwak: styleTweaks = []
0.0220 	EXP 	pilot_suwak: styleTweaks = []
0.0220 	EXP 	pilot_suwak: contrast = 1.0
0.0220 	EXP 	pilot_suwak: markerPos = 0
0.0220 	EXP 	pilot_suwak: autoLog = True
0.0220 	EXP 	suwak_badanie: autoLog = True
0.0220 	EXP 	suwak_badanie: styleTweaks = []
0.0220 	EXP 	suwak_badanie: styleTweaks = []
0.0220 	EXP 	suwak_badanie: styleTweaks = []
0.0220 	EXP 	suwak_badanie: styleTweaks = []
0.0220 	EXP 	suwak_badanie: contrast = 1.0
0.0220 	EXP 	suwak_badanie: markerPos = 0
0.0220 	EXP 	suwak_badanie: autoLog = True
0.0331 	INFO 	Keyboard events cleared
0.0330 	EXP 	text_instr: autoDraw = True
1.0642 	EXP 	Device response: <KeyPress from None: t=1.0508881999412552, value=space, duration=None>
1.0662 	DATA 	Keypress: space
1.0755 	INFO 	Keyboard events cleared
1.0754 	EXP 	text_instr: autoDraw = False
1.0754 	EXP 	suwak_info: autoDraw = True
1.0754 	EXP 	suwaki_instrukcja: autoDraw = True
1.1256 	EXP 	Device response: <KeyPress from None: t=1.0508881999412552, value=space, duration=0.0654855000320822>
1.5099 	DATA 	Keypress: space
1.5246 	EXP 	Device response: <KeyPress from None: t=1.5069495999487117, value=space, duration=None>
1.5411 	INFO 	Keyboard events cleared
1.5410 	EXP 	suwak_info: autoDraw = False
1.5410 	EXP 	suwaki_instrukcja: autoDraw = False
1.5410 	EXP 	proba_testowa: autoDraw = True
1.5580 	EXP 	Device response: <KeyPress from None: t=1.5069495999487117, value=space, duration=0.04956670000683516>
3.3699 	EXP 	Device response: <KeyPress from None: t=3.3587788000004366, value=space, duration=None>
3.4436 	EXP 	Device response: <KeyPress from None: t=3.3587788000004366, value=space, duration=0.06465089996345341>
3.4451 	DATA 	Keypress: space
3.4478 	EXP 	proba_testowa: autoDraw = False
3.4478 	EXP 	pilot_label_text: height = np.float64(0.09)
3.4478 	EXP 	pilot_label_text: height = np.float64(0.09)
3.4478 	EXP 	pilot_label_text: height = np.float64(0.09)
3.4478 	EXP 	pilot_label_text: height = np.float64(0.09)
3.4478 	EXP 	pilot_label_text: height = np.float64(0.09)
3.4478 	EXP 	pilot_label_text: height = np.float64(0.09)
3.4478 	EXP 	pilot_label_text: text = 'Model AI wykrył w tej twarzy 80% smutku.\n\n'
3.4478 	EXP 	pilot_suwak: markerPos = None
3.4478 	EXP 	pilot_suwak: markerPos = 0
3.4478 	EXP 	pilot_lewa_etykieta: height = np.float64(0.085)
3.4478 	EXP 	pilot_lewa_etykieta: height = np.float64(0.085)
3.4478 	EXP 	pilot_lewa_etykieta: height = np.float64(0.085)
3.4478 	EXP 	pilot_lewa_etykieta: text = 'radość'
3.4478 	EXP 	pilot_prawa_etykieta: height = np.float64(0.085)
3.4478 	EXP 	pilot_prawa_etykieta: height = np.float64(0.085)
3.4478 	EXP 	pilot_prawa_etykieta: height = np.float64(0.085)
3.4478 	EXP 	pilot_prawa_etykieta: text = 'smutek'
3.4478 	EXP 	pilot_fiksacja1: autoDraw = True
3.9505 	EXP 	pilot_fiksacja1: autoDraw = False
4.0839 	EXP 	pilot_label_text: autoDraw = True
7.0921 	EXP 	pilot_label_text: autoDraw = False
7.2750 	EXP 	pilot_fiksacja2: autoDraw = True
7.7904 	EXP 	pilot_fiksacja2: autoDraw = False
7.9741 	EXP 	pilot_stim_image: autoDraw = True
9.2864 	EXP 	pilot_stim_image: autoDraw = False
9.3698 	EXP 	pilot_suwak: autoDraw = True
9.3698 	EXP 	pilot_pytanie: autoDraw = True
9.3698 	EXP 	pilot_lewa_etykieta: autoDraw = True
9.3698 	EXP 	pilot_prawa_etykieta: autoDraw = True
10.9358 	DATA 	Mouse: Left button down, pos=(1324,260)
10.9646 	EXP 	pilot_suwak: markerPos = np.float64(37.91666666666667)
10.9812 	EXP 	pilot_suwak: markerPos = np.float64(37.91666666666667)
10.9874 	DATA 	Mouse:  Left button up, pos=(1324,260)
10.9977 	EXP 	pilot_suwak: markerPos = np.float64(37.91666666666667)
11.0145 	EXP 	pilot_suwak: markerPos = np.float64(37.91666666666667)
11.0314 	INFO 	Keyboard events cleared
11.0313 	EXP 	pilot_label_text: autoDraw = False
11.0313 	EXP 	pilot_fiksacja1: autoDraw = False
11.0313 	EXP 	pilot_suwak: autoDraw = False
11.0313 	EXP 	pilot_fiksacja2: autoDraw = False
11.0313 	EXP 	pilot_pytanie: autoDraw = False
11.0313 	EXP 	pilot_lewa_etykieta: autoDraw = False
11.0313 	EXP 	pilot_prawa_etykieta: autoDraw = False
11.0313 	EXP 	pilot_stim_image: autoDraw = False
11.0313 	EXP 	start_badania: autoDraw = True
11.7630 	EXP 	Device response: <KeyPress from None: t=11.760233499924652, value=space, duration=None>
11.7997 	EXP 	Imported conditions.xlsx as conditions, 32 conditions, 9 params
11.8009 	EXP 	New trial (rep=0, index=0): <Trial 0 (0 in rep 0) data={'image_path': 'photos/1K_SZ_5050.png', 'etykieta': 'Model sztucznej inteligencji wykrył w tej twarzy 72% strachu .', 'left_label': 'strach', 'right_label': 'złość', 'show_label': 4, 'proporcja_zdjecia': '50/50', 'typ_etykiety': 'Procentowa AI', 'warunek': 'n/d', 'kierunek': 'Sugestia Lewo strach', 'thisN': 0, 'thisTrialN': 0, 'thisRepN': 0}>
11.8681 	EXP 	Device response: <KeyPress from None: t=11.760233499924652, value=space, duration=0.10617779998574406>
11.8689 	DATA 	Keypress: space
11.8718 	EXP 	start_badania: autoDraw = False
11.8718 	EXP 	przerwa_text: autoDraw = False
11.8718 	EXP 	label_text: height = np.float64(0.05)
11.8718 	EXP 	label_text: height = np.float64(0.05)
11.8718 	EXP 	label_text: height = np.float64(0.05)
11.8718 	EXP 	label_text: text = 'Model sztucznej inteligencji wykrył w tej twarzy 72% strachu .'
11.8718 	EXP 	label_text: height = np.float64(0.05)
11.8718 	EXP 	label_text: height = np.float64(0.05)
11.8718 	EXP 	label_text: height = np.float64(0.05)
11.8718 	EXP 	label_text: text = 'Model sztucznej inteligencji wykrył w tej twarzy 72% strachu .'
11.8718 	EXP 	stim_image: image = 'photos/1K_SZ_5050.png'
11.8718 	EXP 	suwak_badanie: markerPos = None
11.8718 	EXP 	suwak_badanie: markerPos = 0
11.8718 	EXP 	lewa_etykieta: height = np.float64(0.085)
11.8718 	EXP 	lewa_etykieta: height = np.float64(0.085)
11.8718 	EXP 	lewa_etykieta: height = np.float64(0.085)
11.8718 	EXP 	lewa_etykieta: text = 'strach'
11.8718 	EXP 	prawa_etykieta: height = np.float64(0.085)
11.8718 	EXP 	prawa_etykieta: height = np.float64(0.085)
11.8718 	EXP 	prawa_etykieta: height = np.float64(0.085)
11.8718 	EXP 	prawa_etykieta: text = 'złość'
11.8718 	EXP 	label_text: autoDraw = True
15.8849 	EXP 	label_text: autoDraw = False
16.0010 	EXP 	fiksacja2: autoDraw = True
16.7658 	EXP 	fiksacja2: autoDraw = False
16.9663 	EXP 	stim_image: autoDraw = True
18.2784 	EXP 	stim_image: autoDraw = False
18.4610 	EXP 	suwak_badanie: autoDraw = True
18.4610 	EXP 	lewa_etykieta: autoDraw = True
18.4610 	EXP 	prawa_etykieta: autoDraw = True
18.4610 	EXP 	pytanie: autoDraw = True
20.1746 	DATA 	Mouse: Left button down, pos=(1319,263)
20.1898 	EXP 	suwak_badanie: markerPos = np.float64(37.39583333333334)
20.2064 	EXP 	suwak_badanie: markerPos = np.float64(37.39583333333334)
20.2230 	EXP 	suwak_badanie: markerPos = np.float64(37.39583333333334)
20.2398 	EXP 	suwak_badanie: markerPos = np.float64(37.39583333333334)
20.2563 	EXP 	suwak_badanie: markerPos = np.float64(37.39583333333334)
20.2726 	EXP 	suwak_badanie: markerPos = np.float64(37.39583333333334)
20.2736 	DATA 	Mouse:  Left button up, pos=(1319,263)
20.2892 	EXP 	suwak_badanie: markerPos = np.float64(37.39583333333334)
20.3057 	EXP 	label_text: autoDraw = False
20.3057 	EXP 	stim_image: autoDraw = False
20.3057 	EXP 	suwak_badanie: autoDraw = False
20.3057 	EXP 	lewa_etykieta: autoDraw = False
20.3057 	EXP 	prawa_etykieta: autoDraw = False
20.3057 	EXP 	fiksacja2: autoDraw = False
20.3057 	EXP 	pytanie: autoDraw = False
20.3057 	EXP 	text: autoDraw = True
22.3023 	EXP 	New trial (rep=0, index=1): <Trial 1 (1 in rep 0) data={'image_path': 'photos/1K_OZ_8020.png', 'etykieta': 'Poprzedni badani wykryli w tej twarzy oczekiwanie.', 'left_label': 'zaskoczenie', 'right_label': 'oczekiwanie', 'show_label': 4, 'proporcja_zdjecia': '80/20 oczekiwanie', 'typ_etykiety': 'Kategorialna Ludzie', 'warunek': 'Zgodny', 'kierunek': 'Dominacja Prawo oczekiwanie', 'thisN': 1, 'thisTrialN': 1, 'thisRepN': 0}>
22.3765 	EXP 	text: autoDraw = False
22.3765 	EXP 	przerwa_text: autoDraw = False
22.3765 	EXP 	label_text: height = np.float64(0.05)
22.3765 	EXP 	label_text: height = np.float64(0.05)
22.3765 	EXP 	label_text: height = np.float64(0.05)
22.3765 	EXP 	label_text: text = 'Poprzedni badani wykryli w tej twarzy oczekiwanie.'
22.3765 	EXP 	label_text: height = np.float64(0.05)
22.3765 	EXP 	label_text: height = np.float64(0.05)
22.3765 	EXP 	label_text: height = np.float64(0.05)
22.3765 	EXP 	label_text: text = 'Poprzedni badani wykryli w tej twarzy oczekiwanie.'
22.3765 	EXP 	stim_image: image = 'photos/1K_OZ_8020.png'
22.3765 	EXP 	suwak_badanie: markerPos = None
22.3765 	EXP 	suwak_badanie: markerPos = 0
22.3765 	EXP 	lewa_etykieta: height = np.float64(0.085)
22.3765 	EXP 	lewa_etykieta: height = np.float64(0.085)
22.3765 	EXP 	lewa_etykieta: height = np.float64(0.085)
22.3765 	EXP 	lewa_etykieta: text = 'zaskoczenie'
22.3765 	EXP 	prawa_etykieta: height = np.float64(0.085)
22.3765 	EXP 	prawa_etykieta: height = np.float64(0.085)
22.3765 	EXP 	prawa_etykieta: height = np.float64(0.085)
22.3765 	EXP 	prawa_etykieta: text = 'oczekiwanie'
22.3765 	EXP 	label_text: autoDraw = True
26.3896 	EXP 	label_text: autoDraw = False
26.5060 	EXP 	fiksacja2: autoDraw = True
27.2705 	EXP 	fiksacja2: autoDraw = False
27.4541 	EXP 	stim_image: autoDraw = True
28.7661 	EXP 	stim_image: autoDraw = False
28.9655 	EXP 	suwak_badanie: autoDraw = True
28.9655 	EXP 	lewa_etykieta: autoDraw = True
28.9655 	EXP 	prawa_etykieta: autoDraw = True
28.9655 	EXP 	pytanie: autoDraw = True
29.5159 	DATA 	Mouse: Left button down, pos=(941,287)
29.5307 	EXP 	suwak_badanie: markerPos = np.float64(-1.9791666666666643)
29.5474 	EXP 	suwak_badanie: markerPos = np.float64(-2.1875)
29.5642 	EXP 	suwak_badanie: markerPos = np.float64(-2.1875)
29.5808 	EXP 	suwak_badanie: markerPos = np.float64(-2.1875)
29.5973 	EXP 	suwak_badanie: markerPos = np.float64(-2.1875)
29.6140 	EXP 	suwak_badanie: markerPos = np.float64(-2.2916666666666643)
29.6305 	EXP 	suwak_badanie: markerPos = np.float64(-2.6041666666666714)
29.6471 	EXP 	suwak_badanie: markerPos = np.float64(-3.125)
29.6636 	EXP 	suwak_badanie: markerPos = np.float64(-3.6458333333333286)
29.6804 	EXP 	suwak_badanie: markerPos = np.float64(-4.270833333333336)
29.6972 	EXP 	suwak_badanie: markerPos = np.float64(-4.895833333333336)
29.7138 	EXP 	suwak_badanie: markerPos = np.float64(-5.520833333333329)
29.7301 	EXP 	suwak_badanie: markerPos = np.float64(-7.5)
29.7469 	EXP 	suwak_badanie: markerPos = np.float64(-9.166666666666664)
29.7634 	EXP 	suwak_badanie: markerPos = np.float64(-11.458333333333329)
29.7803 	EXP 	suwak_badanie: markerPos = np.float64(-14.6875)
29.7966 	EXP 	suwak_badanie: markerPos = np.float64(-18.645833333333332)
29.8132 	EXP 	suwak_badanie: markerPos = np.float64(-21.14583333333333)
29.8297 	EXP 	suwak_badanie: markerPos = np.float64(-22.1875)
29.8467 	EXP 	suwak_badanie: markerPos = np.float64(-24.062499999999996)
29.8633 	EXP 	suwak_badanie: markerPos = np.float64(-25.104166666666668)
29.8797 	EXP 	suwak_badanie: markerPos = np.float64(-26.145833333333336)
29.8964 	EXP 	suwak_badanie: markerPos = np.float64(-26.979166666666664)
29.9130 	EXP 	suwak_badanie: markerPos = np.float64(-27.8125)
29.9298 	EXP 	suwak_badanie: markerPos = np.float64(-29.062500000000004)
29.9467 	EXP 	suwak_badanie: markerPos = np.float64(-30.833333333333336)
29.9628 	EXP 	suwak_badanie: markerPos = np.float64(-31.458333333333332)
29.9798 	EXP 	suwak_badanie: markerPos = np.float64(-32.1875)
29.9964 	EXP 	suwak_badanie: markerPos = np.float64(-32.5)
30.0128 	EXP 	suwak_badanie: markerPos = np.float64(-32.60416666666667)
30.0297 	EXP 	suwak_badanie: markerPos = np.float64(-32.70833333333333)
30.0462 	EXP 	suwak_badanie: markerPos = np.float64(-32.70833333333333)
30.0626 	EXP 	suwak_badanie: markerPos = np.float64(-32.70833333333333)
30.0796 	EXP 	suwak_badanie: markerPos = np.float64(-32.70833333333333)
30.0848 	DATA 	Mouse:  Left button up, pos=(646,277)
30.0959 	EXP 	suwak_badanie: markerPos = np.float64(-32.70833333333333)
30.1127 	EXP 	suwak_badanie: markerPos = np.float64(-32.70833333333333)
30.1293 	EXP 	label_text: autoDraw = False
30.1293 	EXP 	stim_image: autoDraw = False
30.1293 	EXP 	suwak_badanie: autoDraw = False
30.1293 	EXP 	lewa_etykieta: autoDraw = False
30.1293 	EXP 	prawa_etykieta: autoDraw = False
30.1293 	EXP 	fiksacja2: autoDraw = False
30.1293 	EXP 	pytanie: autoDraw = False
30.1293 	EXP 	text: autoDraw = True
32.1253 	EXP 	New trial (rep=0, index=2): <Trial 2 (2 in rep 0) data={'image_path': 'photos/1K_RS_5050.png', 'etykieta': 'test', 'left_label': 'radość', 'right_label': 'smutek', 'show_label': 0, 'proporcja_zdjecia': '50/50', 'typ_etykiety': 'Kontrolna', 'warunek': 'kontrolny', 'kierunek': 'Brak', 'thisN': 2, 'thisTrialN': 2, 'thisRepN': 0}>
32.1809 	EXP 	text: autoDraw = False
32.1809 	EXP 	przerwa_text: autoDraw = False
32.1809 	EXP 	label_text: height = np.float64(0.05)
32.1809 	EXP 	label_text: height = np.float64(0.05)
32.1809 	EXP 	label_text: height = np.float64(0.05)
32.1809 	EXP 	label_text: text = ''
32.1809 	EXP 	label_text: height = np.float64(0.05)
32.1809 	EXP 	label_text: height = np.float64(0.05)
32.1809 	EXP 	label_text: height = np.float64(0.05)
32.1809 	EXP 	label_text: height = np.float64(0.05)
32.1809 	EXP 	label_text: height = np.float64(0.05)
32.1809 	EXP 	label_text: height = np.float64(0.05)
32.1809 	EXP 	label_text: text = 'test'
32.1809 	EXP 	stim_image: image = 'photos/1K_RS_5050.png'
32.1809 	EXP 	suwak_badanie: markerPos = None
32.1809 	EXP 	suwak_badanie: markerPos = 0
32.1809 	EXP 	lewa_etykieta: height = np.float64(0.085)
32.1809 	EXP 	lewa_etykieta: height = np.float64(0.085)
32.1809 	EXP 	lewa_etykieta: height = np.float64(0.085)
32.1809 	EXP 	lewa_etykieta: text = 'radość'
32.1809 	EXP 	prawa_etykieta: height = np.float64(0.085)
32.1809 	EXP 	prawa_etykieta: height = np.float64(0.085)
32.1809 	EXP 	prawa_etykieta: height = np.float64(0.085)
32.1809 	EXP 	prawa_etykieta: text = 'smutek'
32.1809 	EXP 	label_text: autoDraw = True
32.1809 	EXP 	label_text: autoDraw = False
32.3397 	EXP 	fiksacja2: autoDraw = True
33.1046 	EXP 	fiksacja2: autoDraw = False
33.2884 	EXP 	stim_image: autoDraw = True
34.6005 	EXP 	stim_image: autoDraw = False
34.7833 	EXP 	suwak_badanie: autoDraw = True
34.7833 	EXP 	lewa_etykieta: autoDraw = True
34.7833 	EXP 	prawa_etykieta: autoDraw = True
34.7833 	EXP 	pytanie: autoDraw = True
37.4138 	DATA 	Keypress: escape
37.4265 	EXP 	Device response: <KeyPress from None: t=37.412065299926326, value=escape, duration=None>
37.5593 	EXP 	Device response: <KeyPress from None: t=37.412065299926326, value=escape, duration=0.13985879998654127>
37.5594 	EXP 	untitled_FINAL_NEWEST: status = STOPPED
37.5757 	EXP 	suwak_badanie: autoDraw = False
37.5757 	EXP 	lewa_etykieta: autoDraw = False
37.5757 	EXP 	prawa_etykieta: autoDraw = False
37.5757 	EXP 	pytanie: autoDraw = False
37.5759 	EXP 	untitled_FINAL_NEWEST: status = STOPPED
37.5869 	INFO 	saved data to 'C:\\Users\\julia\\OneDrive\\Pulpit\\percepcja_psychopy\\data\\718721_untitled_FINAL_NEWEST_2026-04-27_16h54.02.462.csv'
37.5891 	INFO 	saved data to C:\Users\julia\OneDrive\Pulpit\percepcja_psychopy\data\718721_untitled_FINAL_NEWEST_2026-04-27_16h54.02.462.psydat
38.5333 	WARNING 	Stopping key buffers but this could be dangerous ifother keyboards rely on the same.
