8.5353 	INFO 	Loaded monitor calibration from ['2026_03_18 20:30']
8.5719 	WARNING 	User requested fullscreen with size [1090  800], but screen is actually [1920, 1080]. Using actual size
9.4334 	INFO 	Using renderer 'Intel(R) UHD Graphics' for graphics
9.4334 	INFO 	OpenGL version supported by driver is 4..
10.3710 	EXP 	Created window1 = Window(allowGUI=False, allowStencil=False, autoLog=True, backendConf=UNKNOWN, backgroundFit=<method-wrapper '__getattribute__' of attributeSetter object at 0x000001C68DBC7040>, backgroundImage=<method-wrapper '__getattribute__' of attributeSetter object at 0x000001C68DBC6FE0>, bitsMode=UNKNOWN, blendMode='avg', bpc=(8, 8, 8), color=array([0, 0, 0]), colorSpace='rgb', depthBits=8, fullscr=True, gamma=None, gammaErrorPolicy='raise', infoMsg=UNKNOWN, lms=UNKNOWN, monitor=<psychopy.monitors.calibTools.Monitor object at 0x000001C6855AD960>, multiSample=False, name='window1', numSamples=2, pos=[np.float64(0.0), np.float64(0.0)], screen=0, size=array([1920, 1080]), stencilBits=0, stereo=False, title='PsychoPy', units='height', useFBO=True, useRetina=False, viewOri=0.0, viewPos=None, viewScale=None, waitBlanking=True, winType='pyglet')
10.3712 	EXP 	window1: backgroundImage = ''
10.3712 	EXP 	window1: backgroundFit = 'none'
10.8257 	EXP 	window1: Attempting to measure frame rate of screen (0) ...
10.8257 	EXP 	window1: recordFrameIntervals = False
10.9731 	EXP 	window1: recordFrameIntervals = True
12.6356 	EXP 	window1: recordFrameIntervals = False
12.6357 	EXP 	Screen (0) actual frame rate measured at 60.05Hz
12.8079 	INFO 	keyboard.Keyboard is using ptb backend.
12.8080 	EXP 	untitled: status = STARTED
12.8396 	EXP 	Created label_text = TextStim(__class__=<class 'psychopy.visual.text.TextStim'>, alignHoriz=method-wrapper(...), alignText='center', alignVert=method-wrapper(...), anchorHoriz='center', anchorVert='center', antialias=True, autoDraw=False, autoLog=True, bold=False, color=array([1., 1., 1.]), colorSpace='rgb', contrast=1.0, depth=-1.0, draggable=False, flipHoriz=False, flipVert=False, font='Arial', fontFiles=[], height=0.05, italic=False, languageStyle='LTR', name='label_text', opacity=1, ori=0.0, pos=array([0., 0.]), rgb=UNKNOWN, text='', units='height', win=Window(...), wrapWidth=1)
12.8812 	EXP 	Created stim_image = ImageStim(__class__=<class 'psychopy.visual.image.ImageStim'>, anchor=('center', 'center'), autoLog=True, color=array([1., 1., 1.]), colorSpace='rgb', contrast=1.0, depth=-2.0, draggable=False, flipHoriz=np.False_, flipVert=np.False_, image='default.png', interpolate=True, mask=None, maskParams=None, name='stim_image', opacity=1, ori=0.0, pos=array([0., 0.]), size=array([0.5, 0.5]), texRes=128.0, units='height', win=Window(...))
13.2251 	EXP 	Created slider_emotion1 = Slider(__class__=<class 'psychopy.visual.slider.Slider'>, autoDraw=False, autoLog=True, borderColor=None, color=None, colorSpace='rgb', depth=-3, fillColor=None, flip=False, font='Noto Sans', granularity=0.0, labelColor=None, labelHeight=np.float64(0.05), labelWrapWidth=None, labels=('smutek', ''), lineColor=None, markerColor=None, name='slider_emotion1', opacity=None, ori=0.0, pos=array([0., 0.]), readOnly=False, self=UNKNOWN, size=array([0.5, 0.1]), startValue=None, style='slider', styleTweaks=[], ticks=array([1, 2, 3, 4, 5]), units='norm', win=Window(...))
13.4175 	EXP 	Created slider_emotion2 = Slider(__class__=<class 'psychopy.visual.slider.Slider'>, autoDraw=False, autoLog=True, borderColor=None, color=None, colorSpace='rgb', depth=-4, fillColor=None, flip=False, font='Noto Sans', granularity=0.0, labelColor=None, labelHeight=np.float64(0.05), labelWrapWidth=None, labels=('', 'radość'), lineColor=None, markerColor=None, name='slider_emotion2', opacity=None, ori=0.0, pos=array([0.8, 0.1]), readOnly=False, self=UNKNOWN, size=array([0.5, 0.1]), startValue=None, style='slider', styleTweaks=[], ticks=array([1, 2, 3, 4, 5]), units='norm', win=Window(...))
0.0067 	EXP 	slider_emotion1: autoLog = True
0.0067 	EXP 	slider_emotion1: styleTweaks = []
0.0067 	EXP 	slider_emotion1: styleTweaks = []
0.0067 	EXP 	slider_emotion1: styleTweaks = []
0.0067 	EXP 	slider_emotion1: styleTweaks = []
0.0067 	EXP 	slider_emotion1: contrast = 1.0
0.0067 	EXP 	slider_emotion1: markerPos = None
0.0067 	EXP 	slider_emotion1: autoLog = True
0.0067 	EXP 	slider_emotion2: autoLog = True
0.0067 	EXP 	slider_emotion2: styleTweaks = []
0.0067 	EXP 	slider_emotion2: styleTweaks = []
0.0067 	EXP 	slider_emotion2: styleTweaks = []
0.0067 	EXP 	slider_emotion2: styleTweaks = []
0.0067 	EXP 	slider_emotion2: contrast = 1.0
0.0067 	EXP 	slider_emotion2: markerPos = None
0.0067 	EXP 	slider_emotion2: autoLog = True
0.0149 	EXP 	Imported C:/Users/julia/OneDrive/Pulpit/percepcja_psychopy/conditions.xlsx as conditions, 12 conditions, 3 params
0.0153 	EXP 	New trial (rep=0, index=0): <Trial 0 (0 in rep 0) data={'image_path': 'C:\\Users\\julia\\OneDrive\\Pulpit\\percepcja_psychopy\\photos\\360_F_268212419_ZBJvlgVezhjziaP9aynnMGMLOvjUgNG5.jpg', 'label': 'Ten piesek jest smutny', 'show_label': 1, 'thisN': 0, 'thisTrialN': 0, 'thisRepN': 0}>
0.0967 	EXP 	label_text: height = np.float64(0.05)
0.0967 	EXP 	label_text: height = np.float64(0.05)
0.0967 	EXP 	label_text: height = np.float64(0.05)
0.0967 	EXP 	label_text: text = 'Ten piesek jest smutny'
0.0967 	EXP 	stim_image: image = 'C:\\Users\\julia\\OneDrive\\Pulpit\\percepcja_psychopy\\photos\\360_F_268212419_ZBJvlgVezhjziaP9aynnMGMLOvjUgNG5.jpg'
0.0967 	EXP 	slider_emotion1: markerPos = None
0.0967 	EXP 	slider_emotion1: markerPos = None
0.0967 	EXP 	slider_emotion2: markerPos = None
0.0967 	EXP 	slider_emotion2: markerPos = None
0.0967 	EXP 	label_text: autoDraw = True
1.0129 	EXP 	stim_image: autoDraw = True
1.0957 	EXP 	label_text: autoDraw = False
2.0104 	EXP 	slider_emotion1: autoDraw = True
2.0104 	EXP 	slider_emotion2: autoDraw = True
2.0264 	EXP 	stim_image: autoDraw = False
5.1082 	DATA 	Keypress: escape
5.1246 	EXP 	Device response: <KeyPress from None: t=5.103857000009157, value=escape, duration=None>
5.2349 	EXP 	Device response: <KeyPress from None: t=5.103857000009157, value=escape, duration=0.12911259999964386>
5.2349 	EXP 	untitled: status = STOPPED
5.2509 	EXP 	slider_emotion1: autoDraw = False
5.2509 	EXP 	slider_emotion2: autoDraw = False
5.2511 	EXP 	untitled: status = STOPPED
5.2542 	INFO 	saved data to 'C:\\Users\\julia\\OneDrive\\Pulpit\\percepcja_psychopy\\data\\740370_untitled_2026-04-19_22h03.00.101.csv'
5.2557 	INFO 	saved data to C:\Users\julia\OneDrive\Pulpit\percepcja_psychopy\data\740370_untitled_2026-04-19_22h03.00.101.psydat
6.4338 	WARNING 	Stopping key buffers but this could be dangerous ifother keyboards rely on the same.
