9.7723 	INFO 	Loaded monitor calibration from ['2026_03_18 20:30']
9.8109 	WARNING 	User requested fullscreen with size [1090  800], but screen is actually [1920, 1080]. Using actual size
11.0687 	INFO 	Using renderer 'Intel(R) UHD Graphics' for graphics
11.0687 	INFO 	OpenGL version supported by driver is 4..
12.1132 	EXP 	Created window1 = Window(allowGUI=False, allowStencil=False, autoLog=True, backendConf=UNKNOWN, backgroundFit=<method-wrapper '__getattribute__' of attributeSetter object at 0x000001E5A7AB2830>, backgroundImage=<method-wrapper '__getattribute__' of attributeSetter object at 0x000001E5A7AB3610>, bitsMode=UNKNOWN, blendMode='avg', bpc=(8, 8, 8), color=array([0.6549, 0.6549, 0.6549]), colorSpace='rgb', depthBits=8, fullscr=True, gamma=None, gammaErrorPolicy='raise', infoMsg=UNKNOWN, lms=UNKNOWN, monitor=<psychopy.monitors.calibTools.Monitor object at 0x000001E5A95A2110>, multiSample=False, name='window1', numSamples=2, pos=[np.float64(0.0), np.float64(0.0)], screen=0, size=array([1920, 1080]), stencilBits=0, stereo=False, title='PsychoPy', units='height', useFBO=True, useRetina=False, viewOri=0.0, viewPos=None, viewScale=None, waitBlanking=True, winType='pyglet')
12.1134 	EXP 	window1: backgroundImage = ''
12.1134 	EXP 	window1: backgroundFit = 'none'
12.2719 	INFO 	keyboard.Keyboard is using ptb backend.
12.2720 	EXP 	untitled_FINAL_NEWEST: status = STARTED
12.4553 	EXP 	Created text_instr = TextStim(__class__=<class 'psychopy.visual.text.TextStim'>, alignHoriz=method-wrapper(...), alignText='center', alignVert=method-wrapper(...), anchorHoriz='center', anchorVert='center', antialias=True, autoDraw=False, autoLog=True, bold=False, color=array([-1., -1., -1.]), colorSpace='rgb', contrast=1.0, depth=-2.0, draggable=False, flipHoriz=False, flipVert=False, font='Arial', fontFiles=[], height=np.float64(0.03), italic=False, languageStyle='LTR', name='text_instr', opacity=1, ori=0.0, pos=array([0., 0.]), rgb=UNKNOWN, text=str(...), units='height', win=Window(...), wrapWidth=1.4)
12.4844 	EXP 	Created suwak_info = TextStim(__class__=<class 'psychopy.visual.text.TextStim'>, alignHoriz=method-wrapper(...), alignText='center', alignVert=method-wrapper(...), anchorHoriz='center', anchorVert='center', antialias=True, autoDraw=False, autoLog=True, bold=False, color=array([-1., -1., -1.]), colorSpace='rgb', contrast=1.0, depth=-1.0, draggable=False, flipHoriz=False, flipVert=False, font='Arial', fontFiles=[], height=np.float64(0.03), italic=False, languageStyle='LTR', name='suwak_info', opacity=1, ori=0.0, pos=array([0., 0.]), rgb=UNKNOWN, text=str(...), units='height', win=Window(...), wrapWidth=1.3)
12.5171 	EXP 	Created proba_testowa = TextStim(__class__=<class 'psychopy.visual.text.TextStim'>, alignHoriz=method-wrapper(...), alignText='center', alignVert=method-wrapper(...), anchorHoriz='center', anchorVert='center', antialias=True, autoDraw=False, autoLog=True, bold=False, color=array([-1., -1., -1.]), colorSpace='rgb', contrast=1.0, depth=-2.0, draggable=False, flipHoriz=False, flipVert=False, font='Arial', fontFiles=[], height=np.float64(0.04), italic=False, languageStyle='LTR', name='proba_testowa', opacity=1, ori=0.0, pos=array([0., 0.]), rgb=UNKNOWN, text=str(...), units='height', win=Window(...), wrapWidth=1.4)
12.5181 	EXP 	Created pilot_label_text = TextStim(__class__=<class 'psychopy.visual.text.TextStim'>, alignHoriz=method-wrapper(...), alignText='center', alignVert=method-wrapper(...), anchorHoriz='center', anchorVert='center', antialias=True, autoDraw=False, autoLog=True, bold=False, color=array([-1., -1., -1.]), colorSpace='rgb', contrast=1.0, depth=-1.0, draggable=False, flipHoriz=False, flipVert=False, font='Arial', fontFiles=[], height=0.05, italic=False, languageStyle='LTR', name='pilot_label_text', opacity=1, ori=0.0, pos=array([0., 0.]), rgb=UNKNOWN, text='', units='height', win=Window(...), wrapWidth=1.3)
12.5244 	EXP 	Created pilot_fiksacja1 = TextStim(__class__=<class 'psychopy.visual.text.TextStim'>, alignHoriz=method-wrapper(...), alignText='center', alignVert=method-wrapper(...), anchorHoriz='center', anchorVert='center', antialias=True, autoDraw=False, autoLog=True, bold=False, color=array([1., 1., 1.]), colorSpace='rgb', contrast=1.0, depth=-2.0, draggable=False, flipHoriz=False, flipVert=False, font='Arial', fontFiles=[], height=np.float64(0.1), italic=False, languageStyle='LTR', name='pilot_fiksacja1', opacity=1, ori=0.0, pos=array([0., 0.]), rgb=UNKNOWN, text='+', units='height', win=Window(...), wrapWidth=1)
12.5616 	EXP 	Created pilot_suwak = Slider(__class__=<class 'psychopy.visual.slider.Slider'>, autoDraw=False, autoLog=True, borderColor=None, color=None, colorSpace='rgb', depth=-3, fillColor=None, flip=False, font='Noto Sans', granularity=0.0, labelColor=None, labelHeight=np.float64(0.05), labelWrapWidth=None, labels=None, lineColor=None, markerColor=None, name='pilot_suwak', opacity=None, ori=0.0, pos=array([ 0. , -0.5]), readOnly=False, self=UNKNOWN, size=array([1. , 0.1]), startValue=0, style='slider', styleTweaks=[], ticks=ndarray(...), units='norm', win=Window(...))
12.5637 	EXP 	Created pilot_fiksacja2 = TextStim(__class__=<class 'psychopy.visual.text.TextStim'>, alignHoriz=method-wrapper(...), alignText='center', alignVert=method-wrapper(...), anchorHoriz='center', anchorVert='center', antialias=True, autoDraw=False, autoLog=True, bold=False, color=array([-1., -1., -1.]), colorSpace='rgb', contrast=1.0, depth=-4.0, draggable=False, flipHoriz=False, flipVert=False, font='Arial', fontFiles=[], height=np.float64(0.1), italic=False, languageStyle='LTR', name='pilot_fiksacja2', opacity=1, ori=0.0, pos=array([0., 0.]), rgb=UNKNOWN, text='+', units='height', win=Window(...), wrapWidth=1)
12.5806 	EXP 	Created pilot_pytanie = TextStim(__class__=<class 'psychopy.visual.text.TextStim'>, alignHoriz=method-wrapper(...), alignText='center', alignVert=method-wrapper(...), anchorHoriz='center', anchorVert='center', antialias=True, autoDraw=False, autoLog=True, bold=False, color=array([1., 1., 1.]), colorSpace='rgb', contrast=1.0, depth=-5.0, draggable=False, flipHoriz=False, flipVert=False, font='Arial', fontFiles=[], height=np.float64(0.1), italic=False, languageStyle='LTR', name='pilot_pytanie', opacity=1, ori=0.0, pos=array([0., 0.]), rgb=UNKNOWN, text='Jaką emocję wyrażała ta twarz?', units='norm', win=Window(...), wrapWidth=1)
12.5817 	EXP 	Created pilot_lewa_etykieta = TextStim(__class__=<class 'psychopy.visual.text.TextStim'>, alignHoriz=method-wrapper(...), alignText='center', alignVert=method-wrapper(...), anchorHoriz='center', anchorVert='center', antialias=True, autoDraw=False, autoLog=True, bold=False, color=array([-1., -1., -1.]), colorSpace='rgb', contrast=1.0, depth=-6.0, draggable=False, flipHoriz=False, flipVert=False, font='Arial', fontFiles=[], height=0.085, italic=False, languageStyle='LTR', name='pilot_lewa_etykieta', opacity=1, ori=0.0, pos=array([-0.6, -0.5]), rgb=UNKNOWN, text='', units='norm', win=Window(...), wrapWidth=1)
12.5823 	EXP 	Created pilot_prawa_etykieta = TextStim(__class__=<class 'psychopy.visual.text.TextStim'>, alignHoriz=method-wrapper(...), alignText='center', alignVert=method-wrapper(...), anchorHoriz='center', anchorVert='center', antialias=True, autoDraw=False, autoLog=True, bold=False, color=array([-1., -1., -1.]), colorSpace='rgb', contrast=1.0, depth=-7.0, draggable=False, flipHoriz=False, flipVert=False, font='Arial', fontFiles=[], height=0.085, italic=False, languageStyle='LTR', name='pilot_prawa_etykieta', opacity=1, ori=0.0, pos=array([ 0.6, -0.5]), rgb=UNKNOWN, text='', units='norm', win=Window(...), wrapWidth=1)
12.7141 	EXP 	Created pilot_stim_image = ImageStim(__class__=<class 'psychopy.visual.image.ImageStim'>, anchor=('center', 'center'), autoLog=True, color=array([1., 1., 1.]), colorSpace='rgb', contrast=1.0, depth=-8.0, draggable=False, flipHoriz=np.False_, flipVert=np.False_, image='C:/Users/julia/OneDrive/Obrazy/IMG_2397.JPEG', interpolate=True, mask=None, maskParams=None, name='pilot_stim_image', opacity=1, ori=0.0, pos=array([0., 0.]), size=array([0.75, 0.75]), texRes=128.0, units='height', win=Window(...))
12.7459 	EXP 	Created start_badania = TextStim(__class__=<class 'psychopy.visual.text.TextStim'>, alignHoriz=method-wrapper(...), alignText='center', alignVert=method-wrapper(...), anchorHoriz='center', anchorVert='center', antialias=True, autoDraw=False, autoLog=True, bold=False, color=array([-1., -1., -1.]), colorSpace='rgb', contrast=1.0, depth=-2.0, draggable=False, flipHoriz=False, flipVert=False, font='Arial', fontFiles=[], height=np.float64(0.1), italic=False, languageStyle='LTR', name='start_badania', opacity=1, ori=0.0, pos=array([0., 0.]), rgb=UNKNOWN, text=str(...), units='norm', win=Window(...), wrapWidth=1.4)
12.7466 	EXP 	Created label_text = TextStim(__class__=<class 'psychopy.visual.text.TextStim'>, alignHoriz=method-wrapper(...), alignText='center', alignVert=method-wrapper(...), anchorHoriz='center', anchorVert='center', antialias=True, autoDraw=False, autoLog=True, bold=False, color=array([1., 1., 1.]), colorSpace='rgb', contrast=1.0, depth=-2.0, draggable=False, flipHoriz=False, flipVert=False, font='Arial', fontFiles=[], height=0.05, italic=False, languageStyle='LTR', name='label_text', opacity=1, ori=0.0, pos=array([0., 0.]), rgb=UNKNOWN, text='', units='height', win=Window(...), wrapWidth=1.3)
12.7522 	EXP 	Created stim_image = ImageStim(__class__=<class 'psychopy.visual.image.ImageStim'>, anchor=('center', 'center'), autoLog=True, color=array([1., 1., 1.]), colorSpace='rgb', contrast=1.0, depth=-3.0, draggable=False, flipHoriz=np.False_, flipVert=np.False_, image='default.png', interpolate=True, mask=None, maskParams=None, name='stim_image', opacity=1, ori=0.0, pos=array([0., 0.]), size=array([0.75, 0.75]), texRes=128.0, units='height', win=Window(...))
12.7617 	EXP 	Created suwak_badanie = Slider(__class__=<class 'psychopy.visual.slider.Slider'>, autoDraw=False, autoLog=True, borderColor=None, color=None, colorSpace='rgb', depth=-4, fillColor=None, flip=False, font='Noto Sans', granularity=0.0, labelColor=None, labelHeight=np.float64(0.05), labelWrapWidth=None, labels=None, lineColor=None, markerColor=None, name='suwak_badanie', opacity=None, ori=0.0, pos=array([ 0. , -0.5]), readOnly=False, self=UNKNOWN, size=array([1. , 0.1]), startValue=0, style='slider', styleTweaks=[], ticks=ndarray(...), units='norm', win=Window(...))
12.7623 	EXP 	Created lewa_etykieta = TextStim(__class__=<class 'psychopy.visual.text.TextStim'>, alignHoriz=method-wrapper(...), alignText='center', alignVert=method-wrapper(...), anchorHoriz='center', anchorVert='center', antialias=True, autoDraw=False, autoLog=True, bold=False, color=array([-1., -1., -1.]), colorSpace='rgb', contrast=1.0, depth=-5.0, draggable=False, flipHoriz=False, flipVert=False, font='Arial', fontFiles=[], height=0.085, italic=False, languageStyle='LTR', name='lewa_etykieta', opacity=1, ori=0.0, pos=array([-0.65, -0.5 ]), rgb=UNKNOWN, text='', units='norm', win=Window(...), wrapWidth=1)
12.7628 	EXP 	Created prawa_etykieta = TextStim(__class__=<class 'psychopy.visual.text.TextStim'>, alignHoriz=method-wrapper(...), alignText='center', alignVert=method-wrapper(...), anchorHoriz='center', anchorVert='center', antialias=True, autoDraw=False, autoLog=True, bold=False, color=array([-1., -1., -1.]), colorSpace='rgb', contrast=1.0, depth=-6.0, draggable=False, flipHoriz=False, flipVert=False, font='Arial', fontFiles=[], height=0.085, italic=False, languageStyle='LTR', name='prawa_etykieta', opacity=1, ori=0.0, pos=array([ 0.65, -0.5 ]), rgb=UNKNOWN, text='', units='norm', win=Window(...), wrapWidth=1)
12.7657 	EXP 	Created fiksacja1 = TextStim(__class__=<class 'psychopy.visual.text.TextStim'>, alignHoriz=method-wrapper(...), alignText='center', alignVert=method-wrapper(...), anchorHoriz='center', anchorVert='center', antialias=True, autoDraw=False, autoLog=True, bold=False, color=array([-1., -1., -1.]), colorSpace='rgb', contrast=1.0, depth=-7.0, draggable=False, flipHoriz=False, flipVert=False, font='Arial', fontFiles=[], height=np.float64(0.1), italic=False, languageStyle='LTR', name='fiksacja1', opacity=1, ori=0.0, pos=array([0., 0.]), rgb=UNKNOWN, text='+', units='height', win=Window(...), wrapWidth=1)
12.7679 	EXP 	Created fiksacja2 = TextStim(__class__=<class 'psychopy.visual.text.TextStim'>, alignHoriz=method-wrapper(...), alignText='center', alignVert=method-wrapper(...), anchorHoriz='center', anchorVert='center', antialias=True, autoDraw=False, autoLog=True, bold=False, color=array([-1., -1., -1.]), colorSpace='rgb', contrast=1.0, depth=-8.0, draggable=False, flipHoriz=False, flipVert=False, font='Arial', fontFiles=[], height=np.float64(0.1), italic=False, languageStyle='LTR', name='fiksacja2', opacity=1, ori=0.0, pos=array([0., 0.]), rgb=UNKNOWN, text='+', units='height', win=Window(...), wrapWidth=1)
12.7705 	EXP 	Created pytanie = TextStim(__class__=<class 'psychopy.visual.text.TextStim'>, alignHoriz=method-wrapper(...), alignText='center', alignVert=method-wrapper(...), anchorHoriz='center', anchorVert='center', antialias=True, autoDraw=False, autoLog=True, bold=False, color=array([1., 1., 1.]), colorSpace='rgb', contrast=1.0, depth=-9.0, draggable=False, flipHoriz=False, flipVert=False, font='Arial', fontFiles=[], height=np.float64(0.1), italic=False, languageStyle='LTR', name='pytanie', opacity=1, ori=0.0, pos=array([0., 0.]), rgb=UNKNOWN, text='Jaką emocję wyrażała ta twarz?', units='norm', win=Window(...), wrapWidth=1)
0.0224 	EXP 	pilot_suwak: autoLog = True
0.0224 	EXP 	pilot_suwak: styleTweaks = []
0.0224 	EXP 	pilot_suwak: styleTweaks = []
0.0224 	EXP 	pilot_suwak: styleTweaks = []
0.0224 	EXP 	pilot_suwak: styleTweaks = []
0.0224 	EXP 	pilot_suwak: contrast = 1.0
0.0224 	EXP 	pilot_suwak: markerPos = 0
0.0224 	EXP 	pilot_suwak: autoLog = True
0.0224 	EXP 	suwak_badanie: autoLog = True
0.0224 	EXP 	suwak_badanie: styleTweaks = []
0.0224 	EXP 	suwak_badanie: styleTweaks = []
0.0224 	EXP 	suwak_badanie: styleTweaks = []
0.0224 	EXP 	suwak_badanie: styleTweaks = []
0.0224 	EXP 	suwak_badanie: contrast = 1.0
0.0224 	EXP 	suwak_badanie: markerPos = 0
0.0224 	EXP 	suwak_badanie: autoLog = True
0.0353 	INFO 	Keyboard events cleared
0.0351 	EXP 	text_instr: autoDraw = True
3.3218 	EXP 	Device response: <KeyPress from None: t=3.2894383000093512, value=space, duration=None>
3.3261 	DATA 	Keypress: space
3.3294 	INFO 	Keyboard events cleared
3.3292 	EXP 	text_instr: autoDraw = False
3.3292 	EXP 	suwak_info: autoDraw = True
3.3651 	EXP 	Device response: <KeyPress from None: t=3.2894383000093512, value=space, duration=0.058499099977780133>
3.8469 	EXP 	Device response: <KeyPress from None: t=3.844583900005091, value=space, duration=None>
3.8505 	DATA 	Keypress: space
3.8634 	INFO 	Keyboard events cleared
3.8633 	EXP 	suwak_info: autoDraw = False
3.8633 	EXP 	proba_testowa: autoDraw = True
3.9468 	EXP 	Device response: <KeyPress from None: t=3.844583900005091, value=space, duration=0.09937030001310632>
4.3457 	EXP 	Device response: <KeyPress from None: t=4.339920300000813, value=space, duration=None>
4.3898 	DATA 	Keypress: space
4.3923 	EXP 	proba_testowa: autoDraw = False
4.3923 	EXP 	pilot_label_text: height = np.float64(0.05)
4.3923 	EXP 	pilot_label_text: height = np.float64(0.05)
4.3923 	EXP 	pilot_label_text: height = np.float64(0.05)
4.3923 	EXP 	pilot_label_text: height = np.float64(0.05)
4.3923 	EXP 	pilot_label_text: height = np.float64(0.05)
4.3923 	EXP 	pilot_label_text: height = np.float64(0.05)
4.3923 	EXP 	pilot_label_text: text = 'Model AI wykrył w tej twarzy 80%\n'
4.3923 	EXP 	pilot_suwak: markerPos = None
4.3923 	EXP 	pilot_suwak: markerPos = 0
4.3923 	EXP 	pilot_lewa_etykieta: height = np.float64(0.085)
4.3923 	EXP 	pilot_lewa_etykieta: height = np.float64(0.085)
4.3923 	EXP 	pilot_lewa_etykieta: height = np.float64(0.085)
4.3923 	EXP 	pilot_lewa_etykieta: text = 'radość'
4.3923 	EXP 	pilot_prawa_etykieta: height = np.float64(0.085)
4.3923 	EXP 	pilot_prawa_etykieta: height = np.float64(0.085)
4.3923 	EXP 	pilot_prawa_etykieta: height = np.float64(0.085)
4.3923 	EXP 	pilot_prawa_etykieta: text = 'smutek'
4.3923 	EXP 	pilot_fiksacja1: autoDraw = True
4.4282 	EXP 	Device response: <KeyPress from None: t=4.339920300000813, value=space, duration=0.08432790002552792>
4.8935 	EXP 	pilot_fiksacja1: autoDraw = False
5.0599 	EXP 	pilot_label_text: autoDraw = True
8.0681 	EXP 	pilot_label_text: autoDraw = False
8.2512 	EXP 	pilot_fiksacja2: autoDraw = True
8.7663 	EXP 	pilot_fiksacja2: autoDraw = False
8.9501 	EXP 	pilot_stim_image: autoDraw = True
9.8491 	EXP 	pilot_suwak: autoDraw = True
9.8491 	EXP 	pilot_pytanie: autoDraw = True
9.8491 	EXP 	pilot_lewa_etykieta: autoDraw = True
9.8491 	EXP 	pilot_prawa_etykieta: autoDraw = True
9.8633 	EXP 	pilot_stim_image: autoDraw = False
11.5430 	DATA 	Mouse: Left button down, pos=(958,260)
11.5584 	EXP 	pilot_suwak: markerPos = np.float64(-0.2083333333333357)
11.5752 	EXP 	pilot_suwak: markerPos = np.float64(-0.2083333333333357)
11.5917 	EXP 	pilot_suwak: markerPos = np.float64(0.1041666666666714)
11.6085 	EXP 	pilot_suwak: markerPos = np.float64(0.5208333333333357)
11.6249 	EXP 	pilot_suwak: markerPos = np.float64(1.1458333333333357)
11.6418 	EXP 	pilot_suwak: markerPos = np.float64(2.1875)
11.6587 	EXP 	pilot_suwak: markerPos = np.float64(5.3125)
11.6748 	EXP 	pilot_suwak: markerPos = np.float64(8.020833333333336)
11.6913 	EXP 	pilot_suwak: markerPos = np.float64(10.3125)
11.7083 	EXP 	pilot_suwak: markerPos = np.float64(13.541666666666664)
11.7245 	EXP 	pilot_suwak: markerPos = np.float64(16.97916666666667)
11.7414 	EXP 	pilot_suwak: markerPos = np.float64(21.14583333333333)
11.7579 	EXP 	pilot_suwak: markerPos = np.float64(24.375)
11.7745 	EXP 	pilot_suwak: markerPos = np.float64(27.5)
11.7913 	EXP 	pilot_suwak: markerPos = np.float64(30.52083333333333)
11.8080 	EXP 	pilot_suwak: markerPos = np.float64(33.75)
11.8243 	EXP 	pilot_suwak: markerPos = np.float64(35.52083333333333)
11.8410 	EXP 	pilot_suwak: markerPos = np.float64(36.14583333333333)
11.8576 	EXP 	pilot_suwak: markerPos = np.float64(36.45833333333333)
11.8742 	EXP 	pilot_suwak: markerPos = np.float64(37.08333333333333)
11.8912 	EXP 	pilot_suwak: markerPos = np.float64(37.70833333333333)
11.9078 	EXP 	pilot_suwak: markerPos = np.float64(38.54166666666667)
11.9243 	EXP 	pilot_suwak: markerPos = np.float64(38.54166666666667)
11.9410 	EXP 	pilot_suwak: markerPos = np.float64(38.54166666666667)
11.9577 	EXP 	pilot_suwak: markerPos = np.float64(38.54166666666667)
11.9740 	EXP 	pilot_suwak: markerPos = np.float64(38.54166666666667)
11.9906 	EXP 	pilot_suwak: markerPos = np.float64(38.64583333333333)
12.0072 	EXP 	pilot_suwak: markerPos = np.float64(38.64583333333333)
12.0142 	DATA 	Mouse:  Left button up, pos=(1331,242)
12.0240 	EXP 	pilot_suwak: markerPos = np.float64(38.64583333333333)
12.0407 	EXP 	pilot_suwak: markerPos = np.float64(38.64583333333333)
12.0577 	INFO 	Keyboard events cleared
12.0575 	EXP 	pilot_label_text: autoDraw = False
12.0575 	EXP 	pilot_fiksacja1: autoDraw = False
12.0575 	EXP 	pilot_suwak: autoDraw = False
12.0575 	EXP 	pilot_fiksacja2: autoDraw = False
12.0575 	EXP 	pilot_pytanie: autoDraw = False
12.0575 	EXP 	pilot_lewa_etykieta: autoDraw = False
12.0575 	EXP 	pilot_prawa_etykieta: autoDraw = False
12.0575 	EXP 	pilot_stim_image: autoDraw = False
12.0575 	EXP 	start_badania: autoDraw = True
13.2878 	EXP 	Device response: <KeyPress from None: t=13.284684100013692, value=space, duration=None>
13.3146 	EXP 	Imported conditions.xlsx as conditions, 32 conditions, 9 params
13.3152 	EXP 	New trial (rep=0, index=0): <Trial 0 (0 in rep 0) data={'image_path': 'C:\\Users\\julia\\OneDrive\\Pulpit\\percepcja_psychopy\\photos\\Twarze 50,50\\SZ 50,50\\1K SZ 5050.png', 'etykieta': 'Model sztucznej inteligencji wykrył w tej twarzy 72% strachu .', 'left_label': 'strach', 'right_label': 'złość', 'show_label': 1, 'proporcja_zdjecia': '50/50', 'typ_etykiety': 'Procentowa AI', 'warunek': 'n/d', 'kierunek': 'Sugestia Lewo strach', 'thisN': 0, 'thisTrialN': 0, 'thisRepN': 0}>
13.3741 	EXP 	Device response: <KeyPress from None: t=13.284684100013692, value=space, duration=0.06373569997958839>
13.3750 	DATA 	Keypress: space
13.3782 	EXP 	start_badania: autoDraw = False
13.3782 	EXP 	label_text: height = np.float64(0.05)
13.3782 	EXP 	label_text: height = np.float64(0.05)
13.3782 	EXP 	label_text: height = np.float64(0.05)
13.3782 	EXP 	label_text: height = np.float64(0.05)
13.3782 	EXP 	label_text: height = np.float64(0.05)
13.3782 	EXP 	label_text: height = np.float64(0.05)
13.3782 	EXP 	label_text: text = 'Model sztucznej inteligencji wykrył w tej twarzy 72% strachu .'
13.3782 	EXP 	stim_image: image = 'C:\\Users\\julia\\OneDrive\\Pulpit\\percepcja_psychopy\\photos\\Twarze 50,50\\SZ 50,50\\1K SZ 5050.png'
13.3782 	EXP 	suwak_badanie: markerPos = None
13.3782 	EXP 	suwak_badanie: markerPos = 0
13.3782 	EXP 	lewa_etykieta: height = np.float64(0.085)
13.3782 	EXP 	lewa_etykieta: height = np.float64(0.085)
13.3782 	EXP 	lewa_etykieta: height = np.float64(0.085)
13.3782 	EXP 	lewa_etykieta: text = 'strach'
13.3782 	EXP 	prawa_etykieta: height = np.float64(0.085)
13.3782 	EXP 	prawa_etykieta: height = np.float64(0.085)
13.3782 	EXP 	prawa_etykieta: height = np.float64(0.085)
13.3782 	EXP 	prawa_etykieta: text = 'złość'
13.3782 	EXP 	fiksacja1: autoDraw = True
13.8857 	EXP 	fiksacja1: autoDraw = False
14.0021 	EXP 	label_text: autoDraw = True
16.7114 	EXP 	label_text: autoDraw = False
16.8939 	EXP 	fiksacja2: autoDraw = True
17.3925 	EXP 	fiksacja2: autoDraw = False
17.5932 	EXP 	stim_image: autoDraw = True
18.7891 	EXP 	suwak_badanie: autoDraw = True
18.7891 	EXP 	lewa_etykieta: autoDraw = True
18.7891 	EXP 	prawa_etykieta: autoDraw = True
18.7891 	EXP 	pytanie: autoDraw = True
18.8053 	EXP 	stim_image: autoDraw = False
22.1300 	EXP 	Device response: <KeyPress from None: t=22.128298400028143, value=escape, duration=None>
22.1305 	DATA 	Keypress: escape
22.2631 	EXP 	Device response: <KeyPress from None: t=22.128298400028143, value=escape, duration=0.12060859997291118>
22.2632 	EXP 	untitled_FINAL_NEWEST: status = STOPPED
22.2795 	EXP 	suwak_badanie: autoDraw = False
22.2795 	EXP 	lewa_etykieta: autoDraw = False
22.2795 	EXP 	prawa_etykieta: autoDraw = False
22.2795 	EXP 	pytanie: autoDraw = False
22.2797 	EXP 	untitled_FINAL_NEWEST: status = STOPPED
22.2904 	INFO 	saved data to 'C:\\Users\\julia\\OneDrive\\Pulpit\\percepcja_psychopy\\data\\746039_untitled_FINAL_NEWEST_2026-04-24_18h47.26.373.csv'
22.2935 	INFO 	saved data to C:\Users\julia\OneDrive\Pulpit\percepcja_psychopy\data\746039_untitled_FINAL_NEWEST_2026-04-24_18h47.26.373.psydat
23.1357 	WARNING 	Stopping key buffers but this could be dangerous ifother keyboards rely on the same.
