7.2920 	INFO 	Loaded monitor calibration from ['2026_03_18 20:30']
7.3082 	WARNING 	User requested fullscreen with size [1024  768], but screen is actually [1920, 1080]. Using actual size
7.8674 	INFO 	Using renderer 'Intel(R) UHD Graphics' for graphics
7.8674 	INFO 	OpenGL version supported by driver is 4..
8.7455 	EXP 	Created window1 = Window(allowGUI=False, allowStencil=False, autoLog=True, backendConf=UNKNOWN, backgroundFit=<method-wrapper '__getattribute__' of attributeSetter object at 0x000002C477F36710>, backgroundImage=<method-wrapper '__getattribute__' of attributeSetter object at 0x000002C477F366B0>, bitsMode=UNKNOWN, blendMode='avg', bpc=(8, 8, 8), color=array([0, 0, 0]), colorSpace='rgb', depthBits=8, fullscr=True, gamma=None, gammaErrorPolicy='raise', infoMsg=UNKNOWN, lms=UNKNOWN, monitor=<psychopy.monitors.calibTools.Monitor object at 0x000002C477F48460>, multiSample=False, name='window1', numSamples=2, pos=[np.float64(0.0), np.float64(0.0)], screen=0, size=array([1920, 1080]), stencilBits=0, stereo=False, title='PsychoPy', units='height', useFBO=True, useRetina=False, viewOri=0.0, viewPos=None, viewScale=None, waitBlanking=True, winType='pyglet')
8.7456 	EXP 	window1: backgroundImage = ''
8.7456 	EXP 	window1: backgroundFit = 'none'
9.1586 	EXP 	window1: Attempting to measure frame rate of screen (0) ...
9.1586 	EXP 	window1: recordFrameIntervals = False
9.3057 	EXP 	window1: recordFrameIntervals = True
10.9679 	EXP 	window1: recordFrameIntervals = False
10.9680 	EXP 	Screen (0) actual frame rate measured at 60.18Hz
11.1205 	INFO 	keyboard.Keyboard is using ptb backend.
11.1206 	EXP 	untitled: status = STARTED
11.1513 	EXP 	Created label_text = TextStim(__class__=<class 'psychopy.visual.text.TextStim'>, alignHoriz=method-wrapper(...), alignText='center', alignVert=method-wrapper(...), anchorHoriz='center', anchorVert='center', antialias=True, autoDraw=False, autoLog=True, bold=False, color=array([1., 1., 1.]), colorSpace='rgb', contrast=1.0, depth=-1.0, draggable=False, flipHoriz=False, flipVert=False, font='Arial', fontFiles=[], height=0.05, italic=False, languageStyle='LTR', name='label_text', opacity=1, ori=0.0, pos=array([0., 0.]), rgb=UNKNOWN, text='', units='height', win=Window(...), wrapWidth=1)
11.1901 	EXP 	Created stim_image = ImageStim(__class__=<class 'psychopy.visual.image.ImageStim'>, anchor=('center', 'center'), autoLog=True, color=array([1., 1., 1.]), colorSpace='rgb', contrast=1.0, depth=-2.0, draggable=False, flipHoriz=np.False_, flipVert=np.False_, image='default.png', interpolate=True, mask=None, maskParams=None, name='stim_image', opacity=1, ori=0.0, pos=array([0., 0.]), size=array([0.5, 0.5]), texRes=128.0, units='height', win=Window(...))
11.3776 	EXP 	Created emotion_rating = Slider(__class__=<class 'psychopy.visual.slider.Slider'>, autoDraw=False, autoLog=True, borderColor=None, color=None, colorSpace='rgb', depth=-3, fillColor=None, flip=False, font='Noto Sans', granularity=0.0, labelColor=None, labelHeight=np.float64(0.05), labelWrapWidth=None, labels=('smutek', 'radość'), lineColor=None, markerColor=None, name='emotion_rating', opacity=None, ori=0.0, pos=array([ 0. , -0.4]), readOnly=False, self=UNKNOWN, size=array([1. , 0.1]), startValue=None, style='rating', styleTweaks=[], ticks=array([1, 2, 3, 4, 5]), units='height', win=Window(...))
0.0070 	EXP 	emotion_rating: autoLog = True
0.0070 	EXP 	emotion_rating: styleTweaks = []
0.0070 	EXP 	emotion_rating: styleTweaks = []
0.0070 	EXP 	emotion_rating: styleTweaks = []
0.0070 	EXP 	emotion_rating: styleTweaks = []
0.0070 	EXP 	emotion_rating: contrast = 1.0
0.0070 	EXP 	emotion_rating: markerPos = None
0.0070 	EXP 	emotion_rating: autoLog = True
0.0161 	EXP 	Imported C:/Users/julia/OneDrive/Pulpit/percepcja_psychopy/conditions.xlsx as conditions, 12 conditions, 3 params
0.0171 	EXP 	New trial (rep=0, index=0): <Trial 0 (0 in rep 0) data={'image_path': 'C:\\Users\\julia\\OneDrive\\Pulpit\\percepcja_psychopy\\photos\\360_F_268212419_ZBJvlgVezhjziaP9aynnMGMLOvjUgNG5.jpg', 'label': 'Ten piesek jest smutny', 'show_label': 1, 'thisN': 0, 'thisTrialN': 0, 'thisRepN': 0}>
0.1572 	EXP 	label_text: height = np.float64(0.05)
0.1572 	EXP 	label_text: height = np.float64(0.05)
0.1572 	EXP 	label_text: height = np.float64(0.05)
0.1572 	EXP 	label_text: text = 'Ten piesek jest smutny'
0.1572 	EXP 	stim_image: image = 'C:\\Users\\julia\\OneDrive\\Pulpit\\percepcja_psychopy\\photos\\360_F_268212419_ZBJvlgVezhjziaP9aynnMGMLOvjUgNG5.jpg'
0.1572 	EXP 	emotion_rating: markerPos = None
0.1572 	EXP 	emotion_rating: markerPos = None
0.1572 	EXP 	label_text: autoDraw = True
0.1572 	EXP 	stim_image: autoDraw = True
1.1688 	EXP 	label_text: autoDraw = False
1.1688 	EXP 	stim_image: autoDraw = False
6.8134 	EXP 	Device response: <KeyPress from None: t=6.783758300000045, value=return, duration=None>
6.8148 	DATA 	Keypress: return
6.9369 	EXP 	Device response: <KeyPress from None: t=6.783758300000045, value=return, duration=0.1492569000001822>
8.4169 	DATA 	Mouse: Left button down, pos=(895,598)
8.5509 	DATA 	Mouse:  Left button up, pos=(895,598)
14.4018 	DATA 	Mouse: Left button down, pos=(1190,880)
14.5176 	DATA 	Mouse:  Left button up, pos=(1190,880)
17.4417 	EXP 	Device response: <KeyPress from None: t=17.428783200000908, value=escape, duration=None>
17.4426 	DATA 	Keypress: escape
17.6243 	EXP 	Device response: <KeyPress from None: t=17.428783200000908, value=escape, duration=0.19299099999989267>
17.6244 	EXP 	untitled: status = STOPPED
17.6409 	EXP 	untitled: status = STOPPED
17.6458 	INFO 	saved data to 'C:\\Users\\julia\\OneDrive\\Pulpit\\percepcja_psychopy\\data\\750901_untitled_2026-04-18_23h02.03.492.csv'
17.6493 	INFO 	saved data to C:\Users\julia\OneDrive\Pulpit\percepcja_psychopy\data\750901_untitled_2026-04-18_23h02.03.492.psydat
18.5537 	WARNING 	Stopping key buffers but this could be dangerous ifother keyboards rely on the same.
