10.7059 	INFO 	Loaded monitor calibration from ['2026_03_18 20:30']
10.7628 	WARNING 	User requested fullscreen with size [1090  800], but screen is actually [1920, 1080]. Using actual size
12.3541 	INFO 	Using renderer 'Intel(R) UHD Graphics' for graphics
12.3541 	INFO 	OpenGL version supported by driver is 4..
13.5121 	EXP 	Created window1 = Window(allowGUI=False, allowStencil=True, autoLog=True, backendConf=UNKNOWN, backgroundFit=<method-wrapper '__getattribute__' of attributeSetter object at 0x00000225800B14B0>, backgroundImage=<method-wrapper '__getattribute__' of attributeSetter object at 0x00000225800B0430>, bitsMode=UNKNOWN, blendMode='avg', bpc=(8, 8, 8), color=array([0.6549, 0.6549, 0.6549]), colorSpace='rgb', depthBits=8, fullscr=True, gamma=None, gammaErrorPolicy='raise', infoMsg=UNKNOWN, lms=UNKNOWN, monitor=<psychopy.monitors.calibTools.Monitor object at 0x00000225800CFE20>, multiSample=False, name='window1', numSamples=2, pos=[np.float64(0.0), np.float64(0.0)], screen=0, size=array([1920, 1080]), stencilBits=8, stereo=False, title='PsychoPy', units='height', useFBO=True, useRetina=False, viewOri=0.0, viewPos=None, viewScale=None, waitBlanking=True, winType='pyglet')
13.5122 	EXP 	window1: backgroundImage = ''
13.5122 	EXP 	window1: backgroundFit = 'none'
13.8340 	INFO 	keyboard.Keyboard is using ptb backend.
13.8340 	EXP 	untitled_FINAL_NEWEST: status = STARTED
14.0506 	EXP 	Created text_instr = TextStim(__class__=<class 'psychopy.visual.text.TextStim'>, alignHoriz=method-wrapper(...), alignText='center', alignVert=method-wrapper(...), anchorHoriz='center', anchorVert='center', antialias=True, autoDraw=False, autoLog=True, bold=False, color=array([-1., -1., -1.]), colorSpace='rgb', contrast=1.0, depth=-2.0, draggable=False, flipHoriz=False, flipVert=False, font='Arial', fontFiles=[], height=np.float64(0.03), italic=False, languageStyle='LTR', name='text_instr', opacity=1, ori=0.0, pos=array([0., 0.]), rgb=UNKNOWN, text=str(...), units='height', win=Window(...), wrapWidth=1.5)
14.0908 	EXP 	Created suwak_info = TextStim(__class__=<class 'psychopy.visual.text.TextStim'>, alignHoriz=method-wrapper(...), alignText='center', alignVert=method-wrapper(...), anchorHoriz='center', anchorVert='center', antialias=True, autoDraw=False, autoLog=True, bold=False, color=array([-1., -1., -1.]), colorSpace='rgb', contrast=1.0, depth=-1.0, draggable=False, flipHoriz=False, flipVert=False, font='Arial', fontFiles=[], height=np.float64(0.03), italic=False, languageStyle='LTR', name='suwak_info', opacity=1, ori=0.0, pos=array([0., 0.]), rgb=UNKNOWN, text=str(...), units='height', win=Window(...), wrapWidth=1.3)
14.1399 	EXP 	Created proba_testowa = TextStim(__class__=<class 'psychopy.visual.text.TextStim'>, alignHoriz=method-wrapper(...), alignText='center', alignVert=method-wrapper(...), anchorHoriz='center', anchorVert='center', antialias=True, autoDraw=False, autoLog=True, bold=False, color=array([-1., -1., -1.]), colorSpace='rgb', contrast=1.0, depth=-2.0, draggable=False, flipHoriz=False, flipVert=False, font='Arial', fontFiles=[], height=np.float64(0.04), italic=False, languageStyle='LTR', name='proba_testowa', opacity=1, ori=0.0, pos=array([0., 0.]), rgb=UNKNOWN, text=str(...), units='height', win=Window(...), wrapWidth=1.4)
14.1492 	EXP 	Created pilot_label_text = TextStim(__class__=<class 'psychopy.visual.text.TextStim'>, alignHoriz=method-wrapper(...), alignText='center', alignVert=method-wrapper(...), anchorHoriz='center', anchorVert='center', antialias=True, autoDraw=False, autoLog=True, bold=False, color=array([-1., -1., -1.]), colorSpace='rgb', contrast=1.0, depth=-1.0, draggable=False, flipHoriz=False, flipVert=False, font='Arial', fontFiles=[], height=0.05, italic=False, languageStyle='LTR', name='pilot_label_text', opacity=1, ori=0.0, pos=array([0., 0.]), rgb=UNKNOWN, text='', units='height', win=Window(...), wrapWidth=1.3)
14.1729 	EXP 	Created pilot_fiksacja1 = TextStim(__class__=<class 'psychopy.visual.text.TextStim'>, alignHoriz=method-wrapper(...), alignText='center', alignVert=method-wrapper(...), anchorHoriz='center', anchorVert='center', antialias=True, autoDraw=False, autoLog=True, bold=False, color=array([-1., -1., -1.]), colorSpace='rgb', contrast=1.0, depth=-2.0, draggable=False, flipHoriz=False, flipVert=False, font='Arial', fontFiles=[], height=np.float64(0.12), italic=False, languageStyle='LTR', name='pilot_fiksacja1', opacity=1, ori=0.0, pos=array([0., 0.]), rgb=UNKNOWN, text='+', units='height', win=Window(...), wrapWidth=1)
14.2293 	EXP 	Created pilot_suwak = Slider(__class__=<class 'psychopy.visual.slider.Slider'>, autoDraw=False, autoLog=True, borderColor=None, color=None, colorSpace='rgb', depth=-3, fillColor=None, flip=False, font='Noto Sans', granularity=0.0, labelColor=None, labelHeight=np.float64(0.05), labelWrapWidth=None, labels=None, lineColor=None, markerColor=None, name='pilot_suwak', opacity=None, ori=0.0, pos=array([ 0. , -0.5]), readOnly=False, self=UNKNOWN, size=array([1. , 0.1]), startValue=0, style='slider', styleTweaks=[], ticks=array([-50, -25,   0,  25,  50]), units='norm', win=Window(...))
14.2489 	EXP 	Created pilot_fiksacja2 = TextStim(__class__=<class 'psychopy.visual.text.TextStim'>, alignHoriz=method-wrapper(...), alignText='center', alignVert=method-wrapper(...), anchorHoriz='center', anchorVert='center', antialias=True, autoDraw=False, autoLog=True, bold=False, color=array([-1., -1., -1.]), colorSpace='rgb', contrast=1.0, depth=-4.0, draggable=False, flipHoriz=False, flipVert=False, font='Arial', fontFiles=[], height=np.float64(0.1), italic=False, languageStyle='LTR', name='pilot_fiksacja2', opacity=1, ori=0.0, pos=array([0., 0.]), rgb=UNKNOWN, text='+', units='height', win=Window(...), wrapWidth=1)
14.2829 	EXP 	Created pilot_pytanie = TextStim(__class__=<class 'psychopy.visual.text.TextStim'>, alignHoriz=method-wrapper(...), alignText='center', alignVert=method-wrapper(...), anchorHoriz='center', anchorVert='center', antialias=True, autoDraw=False, autoLog=True, bold=False, color=array([-1., -1., -1.]), colorSpace='rgb', contrast=1.0, depth=-5.0, draggable=False, flipHoriz=False, flipVert=False, font='Arial', fontFiles=[], height=np.float64(0.1), italic=False, languageStyle='LTR', name='pilot_pytanie', opacity=1, ori=0.0, pos=array([0., 0.]), rgb=UNKNOWN, text='Jaką emocję wyrażała ta twarz?', units='norm', win=Window(...), wrapWidth=1)
14.2955 	EXP 	Created pilot_lewa_etykieta = TextStim(__class__=<class 'psychopy.visual.text.TextStim'>, alignHoriz=method-wrapper(...), alignText='center', alignVert=method-wrapper(...), anchorHoriz='center', anchorVert='center', antialias=True, autoDraw=False, autoLog=True, bold=False, color=array([-1., -1., -1.]), colorSpace='rgb', contrast=1.0, depth=-6.0, draggable=False, flipHoriz=False, flipVert=False, font='Arial', fontFiles=[], height=0.085, italic=False, languageStyle='LTR', name='pilot_lewa_etykieta', opacity=1, ori=0.0, pos=array([-0.6, -0.5]), rgb=UNKNOWN, text='', units='norm', win=Window(...), wrapWidth=1)
14.3271 	EXP 	Created pilot_prawa_etykieta = TextStim(__class__=<class 'psychopy.visual.text.TextStim'>, alignHoriz=method-wrapper(...), alignText='center', alignVert=method-wrapper(...), anchorHoriz='center', anchorVert='center', antialias=True, autoDraw=False, autoLog=True, bold=False, color=array([-1., -1., -1.]), colorSpace='rgb', contrast=1.0, depth=-7.0, draggable=False, flipHoriz=False, flipVert=False, font='Arial', fontFiles=[], height=0.085, italic=False, languageStyle='LTR', name='pilot_prawa_etykieta', opacity=1, ori=0.0, pos=array([ 0.6, -0.5]), rgb=UNKNOWN, text='', units='norm', win=Window(...), wrapWidth=1)
14.4059 	EXP 	Created pilot_stim_image = ImageStim(__class__=<class 'psychopy.visual.image.ImageStim'>, anchor=('center', 'center'), autoLog=True, color=array([1., 1., 1.]), colorSpace='rgb', contrast=1.0, depth=-8.0, draggable=False, flipHoriz=np.False_, flipVert=np.False_, image='photos/twarz_testowa.jpg', interpolate=True, mask=None, maskParams=None, name='pilot_stim_image', opacity=1, ori=0.0, pos=array([0., 0.]), size=array([0.75, 0.75]), texRes=128.0, units='height', win=Window(...))
14.4604 	EXP 	Created start_badania = TextStim(__class__=<class 'psychopy.visual.text.TextStim'>, alignHoriz=method-wrapper(...), alignText='center', alignVert=method-wrapper(...), anchorHoriz='center', anchorVert='center', antialias=True, autoDraw=False, autoLog=True, bold=False, color=array([-1., -1., -1.]), colorSpace='rgb', contrast=1.0, depth=-2.0, draggable=False, flipHoriz=False, flipVert=False, font='Arial', fontFiles=[], height=np.float64(0.1), italic=False, languageStyle='LTR', name='start_badania', opacity=1, ori=0.0, pos=array([0., 0.]), rgb=UNKNOWN, text=str(...), units='norm', win=Window(...), wrapWidth=1.4)
14.4730 	EXP 	Created przerwa_text = TextStim(__class__=<class 'psychopy.visual.text.TextStim'>, alignHoriz=method-wrapper(...), alignText='center', alignVert=method-wrapper(...), anchorHoriz='center', anchorVert='center', antialias=True, autoDraw=False, autoLog=True, bold=False, color=array([-1., -1., -1.]), colorSpace='rgb', contrast=1.0, depth=0.0, draggable=False, flipHoriz=False, flipVert=False, font='Arial', fontFiles=[], height=np.float64(0.1), italic=False, languageStyle='LTR', name='przerwa_text', opacity=1, ori=0.0, pos=array([0., 0.]), rgb=UNKNOWN, text=str(...), units='norm', win=Window(...), wrapWidth=1)
14.4796 	EXP 	Created label_text = TextStim(__class__=<class 'psychopy.visual.text.TextStim'>, alignHoriz=method-wrapper(...), alignText='center', alignVert=method-wrapper(...), anchorHoriz='center', anchorVert='center', antialias=True, autoDraw=False, autoLog=True, bold=False, color=array([-1., -1., -1.]), colorSpace='rgb', contrast=1.0, depth=-2.0, draggable=False, flipHoriz=False, flipVert=False, font='Arial', fontFiles=[], height=0.05, italic=False, languageStyle='LTR', name='label_text', opacity=1, ori=0.0, pos=array([0., 0.]), rgb=UNKNOWN, text='', units='height', win=Window(...), wrapWidth=1.3)
14.4897 	EXP 	Created stim_image = ImageStim(__class__=<class 'psychopy.visual.image.ImageStim'>, anchor=('center', 'center'), autoLog=True, color=array([1., 1., 1.]), colorSpace='rgb', contrast=1.0, depth=-3.0, draggable=False, flipHoriz=np.False_, flipVert=np.False_, image='default.png', interpolate=True, mask=None, maskParams=None, name='stim_image', opacity=1, ori=0.0, pos=array([0., 0.]), size=array([0.75, 0.75]), texRes=128.0, units='height', win=Window(...))
14.5164 	EXP 	Created suwak_badanie = Slider(__class__=<class 'psychopy.visual.slider.Slider'>, autoDraw=False, autoLog=True, borderColor=None, color=None, colorSpace='rgb', depth=-4, fillColor=None, flip=False, font='Noto Sans', granularity=0.0, labelColor=None, labelHeight=np.float64(0.05), labelWrapWidth=None, labels=None, lineColor=None, markerColor=None, name='suwak_badanie', opacity=None, ori=0.0, pos=array([ 0. , -0.5]), readOnly=False, self=UNKNOWN, size=array([1. , 0.1]), startValue=0, style='slider', styleTweaks=[], ticks=array([-50, -25,   0,  25,  50]), units='norm', win=Window(...))
14.5244 	EXP 	Created lewa_etykieta = TextStim(__class__=<class 'psychopy.visual.text.TextStim'>, alignHoriz=method-wrapper(...), alignText='center', alignVert=method-wrapper(...), anchorHoriz='center', anchorVert='center', antialias=True, autoDraw=False, autoLog=True, bold=False, color=array([-1., -1., -1.]), colorSpace='rgb', contrast=1.0, depth=-5.0, draggable=False, flipHoriz=False, flipVert=False, font='Arial', fontFiles=[], height=0.085, italic=False, languageStyle='LTR', name='lewa_etykieta', opacity=1, ori=0.0, pos=array([-0.65, -0.5 ]), rgb=UNKNOWN, text='', units='norm', win=Window(...), wrapWidth=1)
14.5328 	EXP 	Created prawa_etykieta = TextStim(__class__=<class 'psychopy.visual.text.TextStim'>, alignHoriz=method-wrapper(...), alignText='center', alignVert=method-wrapper(...), anchorHoriz='center', anchorVert='center', antialias=True, autoDraw=False, autoLog=True, bold=False, color=array([-1., -1., -1.]), colorSpace='rgb', contrast=1.0, depth=-6.0, draggable=False, flipHoriz=False, flipVert=False, font='Arial', fontFiles=[], height=0.085, italic=False, languageStyle='LTR', name='prawa_etykieta', opacity=1, ori=0.0, pos=array([ 0.65, -0.5 ]), rgb=UNKNOWN, text='', units='norm', win=Window(...), wrapWidth=1)
14.5533 	EXP 	Created fiksacja2 = TextStim(__class__=<class 'psychopy.visual.text.TextStim'>, alignHoriz=method-wrapper(...), alignText='center', alignVert=method-wrapper(...), anchorHoriz='center', anchorVert='center', antialias=True, autoDraw=False, autoLog=True, bold=False, color=array([-1., -1., -1.]), colorSpace='rgb', contrast=1.0, depth=-7.0, draggable=False, flipHoriz=False, flipVert=False, font='Arial', fontFiles=[], height=np.float64(0.12), italic=False, languageStyle='LTR', name='fiksacja2', opacity=1, ori=0.0, pos=array([0., 0.]), rgb=UNKNOWN, text='+', units='height', win=Window(...), wrapWidth=1)
14.5677 	EXP 	Created pytanie = TextStim(__class__=<class 'psychopy.visual.text.TextStim'>, alignHoriz=method-wrapper(...), alignText='center', alignVert=method-wrapper(...), anchorHoriz='center', anchorVert='center', antialias=True, autoDraw=False, autoLog=True, bold=False, color=array([-1., -1., -1.]), colorSpace='rgb', contrast=1.0, depth=-8.0, draggable=False, flipHoriz=False, flipVert=False, font='Arial', fontFiles=[], height=np.float64(0.1), italic=False, languageStyle='LTR', name='pytanie', opacity=1, ori=0.0, pos=array([0., 0.]), rgb=UNKNOWN, text='Jaką emocję wyrażała ta twarz?', units='norm', win=Window(...), wrapWidth=1)
14.6014 	EXP 	Created text = TextStim(__class__=<class 'psychopy.visual.text.TextStim'>, alignHoriz=method-wrapper(...), alignText='center', alignVert=method-wrapper(...), anchorHoriz='center', anchorVert='center', antialias=True, autoDraw=False, autoLog=True, bold=False, color=array([1., 1., 1.]), colorSpace='rgb', contrast=1.0, depth=-1.0, draggable=False, flipHoriz=False, flipVert=False, font='Arial', fontFiles=[], height=np.float64(0.05), italic=False, languageStyle='LTR', name='text', opacity=1, ori=0.0, pos=array([0., 0.]), rgb=UNKNOWN, text='', units='height', win=Window(...), wrapWidth=1)
14.6342 	EXP 	Created podziekowania_text = TextStim(__class__=<class 'psychopy.visual.text.TextStim'>, alignHoriz=method-wrapper(...), alignText='center', alignVert=method-wrapper(...), anchorHoriz='center', anchorVert='center', antialias=True, autoDraw=False, autoLog=True, bold=False, color=array([1., 1., 1.]), colorSpace='rgb', contrast=1.0, depth=0.0, draggable=False, flipHoriz=False, flipVert=False, font='Arial', fontFiles=[], height=np.float64(0.05), italic=False, languageStyle='LTR', name='podziekowania_text', opacity=1, ori=0.0, pos=array([0., 0.]), rgb=UNKNOWN, text=str(...), units='height', win=Window(...), wrapWidth=1)
0.3599 	EXP 	pilot_suwak: autoLog = True
0.3599 	EXP 	pilot_suwak: styleTweaks = []
0.3599 	EXP 	pilot_suwak: styleTweaks = []
0.3599 	EXP 	pilot_suwak: styleTweaks = []
0.3599 	EXP 	pilot_suwak: styleTweaks = []
0.3599 	EXP 	pilot_suwak: contrast = 1.0
0.3599 	EXP 	pilot_suwak: markerPos = 0
0.3599 	EXP 	pilot_suwak: autoLog = True
0.3599 	EXP 	suwak_badanie: autoLog = True
0.3599 	EXP 	suwak_badanie: styleTweaks = []
0.3599 	EXP 	suwak_badanie: styleTweaks = []
0.3599 	EXP 	suwak_badanie: styleTweaks = []
0.3599 	EXP 	suwak_badanie: styleTweaks = []
0.3599 	EXP 	suwak_badanie: contrast = 1.0
0.3599 	EXP 	suwak_badanie: markerPos = 0
0.3599 	EXP 	suwak_badanie: autoLog = True
0.3877 	INFO 	Keyboard events cleared
0.3876 	EXP 	text_instr: autoDraw = True
1.6328 	DATA 	Keypress: space
1.6679 	EXP 	Device response: <KeyPress from None: t=1.5962457000277936, value=space, duration=None>
1.6903 	EXP 	Device response: <KeyPress from None: t=1.5962457000277936, value=space, duration=0.06640829995740205>
1.8066 	DATA 	Keypress: space
1.8933 	INFO 	Keyboard events cleared
1.8930 	EXP 	text_instr: autoDraw = False
1.8930 	EXP 	suwak_info: autoDraw = True
1.9640 	DATA 	Keypress: space
2.0141 	EXP 	Device response: <KeyPress from None: t=1.925928800017573, value=space, duration=None>
2.0381 	EXP 	Device response: <KeyPress from None: t=1.925928800017573, value=space, duration=0.0881515999790281>
2.0955 	INFO 	Keyboard events cleared
2.0953 	EXP 	suwak_info: autoDraw = False
2.0953 	EXP 	proba_testowa: autoDraw = True
2.5855 	DATA 	Keypress: space
2.6131 	EXP 	Device response: <KeyPress from None: t=2.551881599938497, value=space, duration=None>
2.6940 	EXP 	Device response: <KeyPress from None: t=2.551881599938497, value=space, duration=0.1030728000914678>
2.7516 	EXP 	proba_testowa: autoDraw = False
2.7516 	EXP 	pilot_label_text: height = np.float64(0.05)
2.7516 	EXP 	pilot_label_text: height = np.float64(0.05)
2.7516 	EXP 	pilot_label_text: height = np.float64(0.05)
2.7516 	EXP 	pilot_label_text: height = np.float64(0.05)
2.7516 	EXP 	pilot_label_text: height = np.float64(0.05)
2.7516 	EXP 	pilot_label_text: height = np.float64(0.05)
2.7516 	EXP 	pilot_label_text: text = 'Model AI wykrył w tej twarzy 80% smutku.\n\n'
2.7516 	EXP 	pilot_suwak: markerPos = None
2.7516 	EXP 	pilot_suwak: markerPos = 0
2.7516 	EXP 	pilot_lewa_etykieta: height = np.float64(0.085)
2.7516 	EXP 	pilot_lewa_etykieta: height = np.float64(0.085)
2.7516 	EXP 	pilot_lewa_etykieta: height = np.float64(0.085)
2.7516 	EXP 	pilot_lewa_etykieta: text = 'radość'
2.7516 	EXP 	pilot_prawa_etykieta: height = np.float64(0.085)
2.7516 	EXP 	pilot_prawa_etykieta: height = np.float64(0.085)
2.7516 	EXP 	pilot_prawa_etykieta: height = np.float64(0.085)
2.7516 	EXP 	pilot_prawa_etykieta: text = 'smutek'
2.7516 	EXP 	pilot_fiksacja1: autoDraw = True
3.2502 	EXP 	pilot_fiksacja1: autoDraw = False
3.3269 	EXP 	pilot_label_text: autoDraw = True
6.3357 	EXP 	pilot_label_text: autoDraw = False
6.5187 	EXP 	pilot_fiksacja2: autoDraw = True
7.0336 	EXP 	pilot_fiksacja2: autoDraw = False
7.2178 	EXP 	pilot_stim_image: autoDraw = True
8.1304 	EXP 	pilot_suwak: autoDraw = True
8.1304 	EXP 	pilot_pytanie: autoDraw = True
8.1304 	EXP 	pilot_lewa_etykieta: autoDraw = True
8.1304 	EXP 	pilot_prawa_etykieta: autoDraw = True
8.1304 	EXP 	pilot_stim_image: autoDraw = False
9.9597 	DATA 	Mouse: Left button down, pos=(1397,277)
9.9757 	EXP 	pilot_suwak: markerPos = np.float64(45.52083333333333)
9.9921 	EXP 	pilot_suwak: markerPos = np.float64(45.52083333333333)
10.0088 	EXP 	pilot_suwak: markerPos = np.float64(45.52083333333333)
10.0253 	EXP 	pilot_suwak: markerPos = np.float64(45.52083333333333)
10.0264 	DATA 	Mouse:  Left button up, pos=(1397,277)
10.0420 	EXP 	pilot_suwak: markerPos = np.float64(45.52083333333333)
10.0593 	INFO 	Keyboard events cleared
10.0592 	EXP 	pilot_label_text: autoDraw = False
10.0592 	EXP 	pilot_fiksacja1: autoDraw = False
10.0592 	EXP 	pilot_suwak: autoDraw = False
10.0592 	EXP 	pilot_fiksacja2: autoDraw = False
10.0592 	EXP 	pilot_pytanie: autoDraw = False
10.0592 	EXP 	pilot_lewa_etykieta: autoDraw = False
10.0592 	EXP 	pilot_prawa_etykieta: autoDraw = False
10.0592 	EXP 	pilot_stim_image: autoDraw = False
10.0592 	EXP 	start_badania: autoDraw = True
11.8879 	EXP 	Device response: <KeyPress from None: t=11.875656699994579, value=space, duration=None>
11.9160 	EXP 	Imported conditions.xlsx as conditions, 32 conditions, 9 params
11.9165 	EXP 	New trial (rep=0, index=0): <Trial 0 (0 in rep 0) data={'image_path': 'C:\\Users\\julia\\OneDrive\\Pulpit\\percepcja_psychopy\\photos\\Twarze 50,50\\SZ 50,50\\1K SZ 5050.png', 'etykieta': 'Model sztucznej inteligencji wykrył w tej twarzy 72% strachu .', 'left_label': 'strach', 'right_label': 'złość', 'show_label': 4, 'proporcja_zdjecia': '50/50', 'typ_etykiety': 'Procentowa AI', 'warunek': 'n/d', 'kierunek': 'Sugestia Lewo strach', 'thisN': 0, 'thisTrialN': 0, 'thisRepN': 0}>
11.9870 	EXP 	Device response: <KeyPress from None: t=11.875656699994579, value=space, duration=0.09102029993664473>
11.9879 	DATA 	Keypress: space
11.9907 	EXP 	start_badania: autoDraw = False
11.9907 	EXP 	przerwa_text: autoDraw = False
11.9907 	EXP 	label_text: height = np.float64(0.05)
11.9907 	EXP 	label_text: height = np.float64(0.05)
11.9907 	EXP 	label_text: height = np.float64(0.05)
11.9907 	EXP 	label_text: text = 'Model sztucznej inteligencji wykrył w tej twarzy 72% strachu .'
11.9907 	EXP 	label_text: height = np.float64(0.05)
11.9907 	EXP 	label_text: height = np.float64(0.05)
11.9907 	EXP 	label_text: height = np.float64(0.05)
11.9907 	EXP 	label_text: text = 'Model sztucznej inteligencji wykrył w tej twarzy 72% strachu .'
11.9907 	EXP 	stim_image: image = 'C:\\Users\\julia\\OneDrive\\Pulpit\\percepcja_psychopy\\photos\\Twarze 50,50\\SZ 50,50\\1K SZ 5050.png'
11.9907 	EXP 	suwak_badanie: markerPos = None
11.9907 	EXP 	suwak_badanie: markerPos = 0
11.9907 	EXP 	lewa_etykieta: height = np.float64(0.085)
11.9907 	EXP 	lewa_etykieta: height = np.float64(0.085)
11.9907 	EXP 	lewa_etykieta: height = np.float64(0.085)
11.9907 	EXP 	lewa_etykieta: text = 'strach'
11.9907 	EXP 	prawa_etykieta: height = np.float64(0.085)
11.9907 	EXP 	prawa_etykieta: height = np.float64(0.085)
11.9907 	EXP 	prawa_etykieta: height = np.float64(0.085)
11.9907 	EXP 	prawa_etykieta: text = 'złość'
11.9907 	EXP 	label_text: autoDraw = True
15.9928 	EXP 	label_text: autoDraw = False
16.1256 	EXP 	fiksacja2: autoDraw = True
16.3749 	EXP 	fiksacja2: autoDraw = False
16.5755 	EXP 	stim_image: autoDraw = True
17.7709 	EXP 	suwak_badanie: autoDraw = True
17.7709 	EXP 	lewa_etykieta: autoDraw = True
17.7709 	EXP 	prawa_etykieta: autoDraw = True
17.7709 	EXP 	pytanie: autoDraw = True
17.7874 	EXP 	stim_image: autoDraw = False
18.8022 	DATA 	Mouse: Left button down, pos=(1354,266)
18.8182 	EXP 	suwak_badanie: markerPos = np.float64(41.04166666666667)
18.8348 	EXP 	suwak_badanie: markerPos = np.float64(41.04166666666667)
18.8515 	EXP 	suwak_badanie: markerPos = np.float64(41.04166666666667)
18.8681 	EXP 	suwak_badanie: markerPos = np.float64(41.04166666666667)
18.8746 	DATA 	Mouse:  Left button up, pos=(1354,266)
18.8849 	EXP 	suwak_badanie: markerPos = np.float64(41.04166666666667)
18.9012 	EXP 	suwak_badanie: markerPos = np.float64(41.04166666666667)
18.9180 	EXP 	label_text: autoDraw = False
18.9180 	EXP 	stim_image: autoDraw = False
18.9180 	EXP 	suwak_badanie: autoDraw = False
18.9180 	EXP 	lewa_etykieta: autoDraw = False
18.9180 	EXP 	prawa_etykieta: autoDraw = False
18.9180 	EXP 	fiksacja2: autoDraw = False
18.9180 	EXP 	pytanie: autoDraw = False
18.9180 	EXP 	text: autoDraw = True
22.4100 	EXP 	New trial (rep=0, index=1): <Trial 1 (1 in rep 0) data={'image_path': 'C:\\Users\\julia\\OneDrive\\Pulpit\\percepcja_psychopy\\photos\\Twarze 80,20\\OZ 80,20\\1K OZ 8020.png', 'etykieta': 'Poprzedni badani wykryli w tej twarzy oczekiwanie.', 'left_label': 'zaskoczenie', 'right_label': 'oczekiwanie', 'show_label': 4, 'proporcja_zdjecia': '80/20 oczekiwanie', 'typ_etykiety': 'Kategorialna Ludzie', 'warunek': 'Zgodny', 'kierunek': 'Dominacja Prawo oczekiwanie', 'thisN': 1, 'thisTrialN': 1, 'thisRepN': 0}>
22.4820 	EXP 	text: autoDraw = False
22.4820 	EXP 	przerwa_text: autoDraw = False
22.4820 	EXP 	label_text: height = np.float64(0.05)
22.4820 	EXP 	label_text: height = np.float64(0.05)
22.4820 	EXP 	label_text: height = np.float64(0.05)
22.4820 	EXP 	label_text: text = 'Poprzedni badani wykryli w tej twarzy oczekiwanie.'
22.4820 	EXP 	label_text: height = np.float64(0.05)
22.4820 	EXP 	label_text: height = np.float64(0.05)
22.4820 	EXP 	label_text: height = np.float64(0.05)
22.4820 	EXP 	label_text: text = 'Poprzedni badani wykryli w tej twarzy oczekiwanie.'
22.4820 	EXP 	stim_image: image = 'C:\\Users\\julia\\OneDrive\\Pulpit\\percepcja_psychopy\\photos\\Twarze 80,20\\OZ 80,20\\1K OZ 8020.png'
22.4820 	EXP 	suwak_badanie: markerPos = None
22.4820 	EXP 	suwak_badanie: markerPos = 0
22.4820 	EXP 	lewa_etykieta: height = np.float64(0.085)
22.4820 	EXP 	lewa_etykieta: height = np.float64(0.085)
22.4820 	EXP 	lewa_etykieta: height = np.float64(0.085)
22.4820 	EXP 	lewa_etykieta: text = 'zaskoczenie'
22.4820 	EXP 	prawa_etykieta: height = np.float64(0.085)
22.4820 	EXP 	prawa_etykieta: height = np.float64(0.085)
22.4820 	EXP 	prawa_etykieta: height = np.float64(0.085)
22.4820 	EXP 	prawa_etykieta: text = 'oczekiwanie'
22.4820 	EXP 	label_text: autoDraw = True
26.4970 	EXP 	label_text: autoDraw = False
26.6138 	EXP 	fiksacja2: autoDraw = True
26.8629 	EXP 	fiksacja2: autoDraw = False
27.0631 	EXP 	stim_image: autoDraw = True
28.2592 	EXP 	suwak_badanie: autoDraw = True
28.2592 	EXP 	lewa_etykieta: autoDraw = True
28.2592 	EXP 	prawa_etykieta: autoDraw = True
28.2592 	EXP 	pytanie: autoDraw = True
28.2754 	EXP 	stim_image: autoDraw = False
29.4240 	DATA 	Mouse: Left button down, pos=(1319,270)
29.4392 	EXP 	suwak_badanie: markerPos = np.float64(37.39583333333334)
29.4559 	EXP 	suwak_badanie: markerPos = np.float64(37.39583333333334)
29.4726 	EXP 	suwak_badanie: markerPos = np.float64(37.39583333333334)
29.4889 	EXP 	suwak_badanie: markerPos = np.float64(37.39583333333334)
29.5056 	EXP 	suwak_badanie: markerPos = np.float64(37.39583333333334)
29.5222 	EXP 	suwak_badanie: markerPos = np.float64(37.39583333333334)
29.5388 	EXP 	suwak_badanie: markerPos = np.float64(37.39583333333334)
29.5399 	DATA 	Mouse:  Left button up, pos=(1319,270)
29.5557 	EXP 	suwak_badanie: markerPos = np.float64(37.39583333333334)
29.5720 	EXP 	label_text: autoDraw = False
29.5720 	EXP 	stim_image: autoDraw = False
29.5720 	EXP 	suwak_badanie: autoDraw = False
29.5720 	EXP 	lewa_etykieta: autoDraw = False
29.5720 	EXP 	prawa_etykieta: autoDraw = False
29.5720 	EXP 	fiksacja2: autoDraw = False
29.5720 	EXP 	pytanie: autoDraw = False
29.5720 	EXP 	text: autoDraw = True
33.0640 	EXP 	New trial (rep=0, index=2): <Trial 2 (2 in rep 0) data={'image_path': 'C:\\Users\\julia\\OneDrive\\Pulpit\\percepcja_psychopy\\photos\\Twarze 50,50\\RS 50,50\\1K RS 5050.png', 'etykieta': 'test', 'left_label': 'radość', 'right_label': 'smutek', 'show_label': 0, 'proporcja_zdjecia': '50/50', 'typ_etykiety': 'Kontrolna', 'warunek': 'kontrolny', 'kierunek': 'Brak', 'thisN': 2, 'thisTrialN': 2, 'thisRepN': 0}>
33.1666 	EXP 	text: autoDraw = False
33.1666 	EXP 	przerwa_text: autoDraw = False
33.1666 	EXP 	label_text: height = np.float64(0.05)
33.1666 	EXP 	label_text: height = np.float64(0.05)
33.1666 	EXP 	label_text: height = np.float64(0.05)
33.1666 	EXP 	label_text: text = ''
33.1666 	EXP 	label_text: height = np.float64(0.05)
33.1666 	EXP 	label_text: height = np.float64(0.05)
33.1666 	EXP 	label_text: height = np.float64(0.05)
33.1666 	EXP 	label_text: height = np.float64(0.05)
33.1666 	EXP 	label_text: height = np.float64(0.05)
33.1666 	EXP 	label_text: height = np.float64(0.05)
33.1666 	EXP 	label_text: text = 'test'
33.1666 	EXP 	stim_image: image = 'C:\\Users\\julia\\OneDrive\\Pulpit\\percepcja_psychopy\\photos\\Twarze 50,50\\RS 50,50\\1K RS 5050.png'
33.1666 	EXP 	suwak_badanie: markerPos = None
33.1666 	EXP 	suwak_badanie: markerPos = 0
33.1666 	EXP 	lewa_etykieta: height = np.float64(0.085)
33.1666 	EXP 	lewa_etykieta: height = np.float64(0.085)
33.1666 	EXP 	lewa_etykieta: height = np.float64(0.085)
33.1666 	EXP 	lewa_etykieta: text = 'radość'
33.1666 	EXP 	prawa_etykieta: height = np.float64(0.085)
33.1666 	EXP 	prawa_etykieta: height = np.float64(0.085)
33.1666 	EXP 	prawa_etykieta: height = np.float64(0.085)
33.1666 	EXP 	prawa_etykieta: text = 'smutek'
33.1666 	EXP 	label_text: autoDraw = True
33.1666 	EXP 	label_text: autoDraw = False
33.2788 	EXP 	fiksacja2: autoDraw = True
33.5283 	EXP 	fiksacja2: autoDraw = False
33.7285 	EXP 	stim_image: autoDraw = True
34.9241 	EXP 	suwak_badanie: autoDraw = True
34.9241 	EXP 	lewa_etykieta: autoDraw = True
34.9241 	EXP 	prawa_etykieta: autoDraw = True
34.9241 	EXP 	pytanie: autoDraw = True
34.9407 	EXP 	stim_image: autoDraw = False
36.1724 	DATA 	Mouse: Left button down, pos=(1320,263)
36.1871 	EXP 	suwak_badanie: markerPos = np.float64(37.5)
36.1879 	DATA 	Mouse:  Left button up, pos=(1320,263)
36.2042 	EXP 	suwak_badanie: markerPos = np.float64(37.5)
36.2208 	EXP 	label_text: autoDraw = False
36.2208 	EXP 	stim_image: autoDraw = False
36.2208 	EXP 	suwak_badanie: autoDraw = False
36.2208 	EXP 	lewa_etykieta: autoDraw = False
36.2208 	EXP 	prawa_etykieta: autoDraw = False
36.2208 	EXP 	fiksacja2: autoDraw = False
36.2208 	EXP 	pytanie: autoDraw = False
36.2208 	EXP 	text: autoDraw = True
39.4493 	DATA 	Keypress: escape
39.4623 	EXP 	Device response: <KeyPress from None: t=39.4464068999514, value=escape, duration=None>
39.6286 	EXP 	Device response: <KeyPress from None: t=39.4464068999514, value=escape, duration=0.17081090004649013>
39.6287 	EXP 	untitled_FINAL_NEWEST: status = STOPPED
39.6448 	EXP 	text: autoDraw = False
39.6449 	EXP 	untitled_FINAL_NEWEST: status = STOPPED
39.6597 	INFO 	saved data to 'C:\\Users\\julia\\OneDrive\\Pulpit\\percepcja_psychopy\\data\\757693_untitled_FINAL_NEWEST_2026-04-25_21h34.23.064.csv'
39.6633 	INFO 	saved data to C:\Users\julia\OneDrive\Pulpit\percepcja_psychopy\data\757693_untitled_FINAL_NEWEST_2026-04-25_21h34.23.064.psydat
40.5641 	WARNING 	Stopping key buffers but this could be dangerous ifother keyboards rely on the same.
