11.3298 	INFO 	Loaded monitor calibration from ['2026_03_18 20:30']
11.3667 	WARNING 	User requested fullscreen with size [1090  800], but screen is actually [1920, 1080]. Using actual size
12.4168 	INFO 	Using renderer 'Intel(R) UHD Graphics' for graphics
12.4168 	INFO 	OpenGL version supported by driver is 4..
13.5098 	EXP 	Created window1 = Window(allowGUI=False, allowStencil=True, autoLog=True, backendConf=UNKNOWN, backgroundFit=<method-wrapper '__getattribute__' of attributeSetter object at 0x000002D6C1286B90>, backgroundImage=<method-wrapper '__getattribute__' of attributeSetter object at 0x000002D6C1287D90>, bitsMode=UNKNOWN, blendMode='avg', bpc=(8, 8, 8), color=array([0.6549, 0.6549, 0.6549]), colorSpace='rgb', depthBits=8, fullscr=True, gamma=None, gammaErrorPolicy='raise', infoMsg=UNKNOWN, lms=UNKNOWN, monitor=<psychopy.monitors.calibTools.Monitor object at 0x000002D6C26DDC90>, multiSample=False, name='window1', numSamples=2, pos=[np.float64(0.0), np.float64(0.0)], screen=0, size=array([1920, 1080]), stencilBits=8, stereo=False, title='PsychoPy', units='height', useFBO=True, useRetina=False, viewOri=0.0, viewPos=None, viewScale=None, waitBlanking=True, winType='pyglet')
13.5099 	EXP 	window1: backgroundImage = ''
13.5099 	EXP 	window1: backgroundFit = 'none'
13.7361 	INFO 	keyboard.Keyboard is using ptb backend.
13.7362 	EXP 	untitled_FINAL_NEWEST: status = STARTED
13.8930 	EXP 	Created text_instr = TextStim(__class__=<class 'psychopy.visual.text.TextStim'>, alignHoriz=method-wrapper(...), alignText='center', alignVert=method-wrapper(...), anchorHoriz='center', anchorVert='center', antialias=True, autoDraw=False, autoLog=True, bold=False, color=array([-1., -1., -1.]), colorSpace='rgb', contrast=1.0, depth=-2.0, draggable=False, flipHoriz=False, flipVert=False, font='Arial', fontFiles=[], height=np.float64(0.03), italic=False, languageStyle='LTR', name='text_instr', opacity=1, ori=0.0, pos=array([0., 0.]), rgb=UNKNOWN, text=str(...), units='height', win=Window(...), wrapWidth=1.5)
13.9211 	EXP 	Created suwak_info = TextStim(__class__=<class 'psychopy.visual.text.TextStim'>, alignHoriz=method-wrapper(...), alignText='center', alignVert=method-wrapper(...), anchorHoriz='center', anchorVert='center', antialias=True, autoDraw=False, autoLog=True, bold=False, color=array([-1., -1., -1.]), colorSpace='rgb', contrast=1.0, depth=-1.0, draggable=False, flipHoriz=False, flipVert=False, font='Arial', fontFiles=[], height=np.float64(0.03), italic=False, languageStyle='LTR', name='suwak_info', opacity=1, ori=0.0, pos=array([0., 0.]), rgb=UNKNOWN, text=str(...), units='height', win=Window(...), wrapWidth=1.3)
13.9561 	EXP 	Created proba_testowa = TextStim(__class__=<class 'psychopy.visual.text.TextStim'>, alignHoriz=method-wrapper(...), alignText='center', alignVert=method-wrapper(...), anchorHoriz='center', anchorVert='center', antialias=True, autoDraw=False, autoLog=True, bold=False, color=array([-1., -1., -1.]), colorSpace='rgb', contrast=1.0, depth=-2.0, draggable=False, flipHoriz=False, flipVert=False, font='Arial', fontFiles=[], height=np.float64(0.04), italic=False, languageStyle='LTR', name='proba_testowa', opacity=1, ori=0.0, pos=array([0., 0.]), rgb=UNKNOWN, text=str(...), units='height', win=Window(...), wrapWidth=1.4)
13.9576 	EXP 	Created pilot_label_text = TextStim(__class__=<class 'psychopy.visual.text.TextStim'>, alignHoriz=method-wrapper(...), alignText='center', alignVert=method-wrapper(...), anchorHoriz='center', anchorVert='center', antialias=True, autoDraw=False, autoLog=True, bold=False, color=array([-1., -1., -1.]), colorSpace='rgb', contrast=1.0, depth=-1.0, draggable=False, flipHoriz=False, flipVert=False, font='Arial', fontFiles=[], height=0.05, italic=False, languageStyle='LTR', name='pilot_label_text', opacity=1, ori=0.0, pos=array([0., 0.]), rgb=UNKNOWN, text='', units='height', win=Window(...), wrapWidth=1.3)
13.9655 	EXP 	Created pilot_fiksacja1 = TextStim(__class__=<class 'psychopy.visual.text.TextStim'>, alignHoriz=method-wrapper(...), alignText='center', alignVert=method-wrapper(...), anchorHoriz='center', anchorVert='center', antialias=True, autoDraw=False, autoLog=True, bold=False, color=array([-1., -1., -1.]), colorSpace='rgb', contrast=1.0, depth=-2.0, draggable=False, flipHoriz=False, flipVert=False, font='Arial', fontFiles=[], height=np.float64(0.12), italic=False, languageStyle='LTR', name='pilot_fiksacja1', opacity=1, ori=0.0, pos=array([0., 0.]), rgb=UNKNOWN, text='+', units='height', win=Window(...), wrapWidth=1)
14.0050 	EXP 	Created pilot_suwak = Slider(__class__=<class 'psychopy.visual.slider.Slider'>, autoDraw=False, autoLog=True, borderColor=None, color=None, colorSpace='rgb', depth=-3, fillColor=None, flip=False, font='Noto Sans', granularity=0.0, labelColor=None, labelHeight=np.float64(0.05), labelWrapWidth=None, labels=None, lineColor=None, markerColor=None, name='pilot_suwak', opacity=None, ori=0.0, pos=array([ 0. , -0.5]), readOnly=False, self=UNKNOWN, size=array([1. , 0.1]), startValue=0, style='slider', styleTweaks=[], ticks=array([-50, -25,   0,  25,  50]), units='norm', win=Window(...))
14.0102 	EXP 	Created pilot_fiksacja2 = TextStim(__class__=<class 'psychopy.visual.text.TextStim'>, alignHoriz=method-wrapper(...), alignText='center', alignVert=method-wrapper(...), anchorHoriz='center', anchorVert='center', antialias=True, autoDraw=False, autoLog=True, bold=False, color=array([-1., -1., -1.]), colorSpace='rgb', contrast=1.0, depth=-4.0, draggable=False, flipHoriz=False, flipVert=False, font='Arial', fontFiles=[], height=np.float64(0.1), italic=False, languageStyle='LTR', name='pilot_fiksacja2', opacity=1, ori=0.0, pos=array([0., 0.]), rgb=UNKNOWN, text='+', units='height', win=Window(...), wrapWidth=1)
14.0248 	EXP 	Created pilot_pytanie = TextStim(__class__=<class 'psychopy.visual.text.TextStim'>, alignHoriz=method-wrapper(...), alignText='center', alignVert=method-wrapper(...), anchorHoriz='center', anchorVert='center', antialias=True, autoDraw=False, autoLog=True, bold=False, color=array([-1., -1., -1.]), colorSpace='rgb', contrast=1.0, depth=-5.0, draggable=False, flipHoriz=False, flipVert=False, font='Arial', fontFiles=[], height=np.float64(0.1), italic=False, languageStyle='LTR', name='pilot_pytanie', opacity=1, ori=0.0, pos=array([0., 0.]), rgb=UNKNOWN, text='Jaką emocję wyrażała ta twarz?', units='norm', win=Window(...), wrapWidth=1)
14.0259 	EXP 	Created pilot_lewa_etykieta = TextStim(__class__=<class 'psychopy.visual.text.TextStim'>, alignHoriz=method-wrapper(...), alignText='center', alignVert=method-wrapper(...), anchorHoriz='center', anchorVert='center', antialias=True, autoDraw=False, autoLog=True, bold=False, color=array([-1., -1., -1.]), colorSpace='rgb', contrast=1.0, depth=-6.0, draggable=False, flipHoriz=False, flipVert=False, font='Arial', fontFiles=[], height=0.085, italic=False, languageStyle='LTR', name='pilot_lewa_etykieta', opacity=1, ori=0.0, pos=array([-0.6, -0.5]), rgb=UNKNOWN, text='', units='norm', win=Window(...), wrapWidth=1)
14.0266 	EXP 	Created pilot_prawa_etykieta = TextStim(__class__=<class 'psychopy.visual.text.TextStim'>, alignHoriz=method-wrapper(...), alignText='center', alignVert=method-wrapper(...), anchorHoriz='center', anchorVert='center', antialias=True, autoDraw=False, autoLog=True, bold=False, color=array([-1., -1., -1.]), colorSpace='rgb', contrast=1.0, depth=-7.0, draggable=False, flipHoriz=False, flipVert=False, font='Arial', fontFiles=[], height=0.085, italic=False, languageStyle='LTR', name='pilot_prawa_etykieta', opacity=1, ori=0.0, pos=array([ 0.6, -0.5]), rgb=UNKNOWN, text='', units='norm', win=Window(...), wrapWidth=1)
14.0909 	EXP 	Created pilot_stim_image = ImageStim(__class__=<class 'psychopy.visual.image.ImageStim'>, anchor=('center', 'center'), autoLog=True, color=array([1., 1., 1.]), colorSpace='rgb', contrast=1.0, depth=-8.0, draggable=False, flipHoriz=np.False_, flipVert=np.False_, image='photos/twarz_testowa.jpg', interpolate=True, mask=None, maskParams=None, name='pilot_stim_image', opacity=1, ori=0.0, pos=array([0., 0.]), size=array([0.75, 0.75]), texRes=128.0, units='height', win=Window(...))
14.1258 	EXP 	Created start_badania = TextStim(__class__=<class 'psychopy.visual.text.TextStim'>, alignHoriz=method-wrapper(...), alignText='center', alignVert=method-wrapper(...), anchorHoriz='center', anchorVert='center', antialias=True, autoDraw=False, autoLog=True, bold=False, color=array([-1., -1., -1.]), colorSpace='rgb', contrast=1.0, depth=-2.0, draggable=False, flipHoriz=False, flipVert=False, font='Arial', fontFiles=[], height=np.float64(0.1), italic=False, languageStyle='LTR', name='start_badania', opacity=1, ori=0.0, pos=array([0., 0.]), rgb=UNKNOWN, text=str(...), units='norm', win=Window(...), wrapWidth=1.4)
14.1308 	EXP 	Created przerwa_text = TextStim(__class__=<class 'psychopy.visual.text.TextStim'>, alignHoriz=method-wrapper(...), alignText='center', alignVert=method-wrapper(...), anchorHoriz='center', anchorVert='center', antialias=True, autoDraw=False, autoLog=True, bold=False, color=array([-1., -1., -1.]), colorSpace='rgb', contrast=1.0, depth=0.0, draggable=False, flipHoriz=False, flipVert=False, font='Arial', fontFiles=[], height=np.float64(0.1), italic=False, languageStyle='LTR', name='przerwa_text', opacity=1, ori=0.0, pos=array([0., 0.]), rgb=UNKNOWN, text=str(...), units='norm', win=Window(...), wrapWidth=1)
14.1315 	EXP 	Created label_text = TextStim(__class__=<class 'psychopy.visual.text.TextStim'>, alignHoriz=method-wrapper(...), alignText='center', alignVert=method-wrapper(...), anchorHoriz='center', anchorVert='center', antialias=True, autoDraw=False, autoLog=True, bold=False, color=array([-1., -1., -1.]), colorSpace='rgb', contrast=1.0, depth=-2.0, draggable=False, flipHoriz=False, flipVert=False, font='Arial', fontFiles=[], height=0.05, italic=False, languageStyle='LTR', name='label_text', opacity=1, ori=0.0, pos=array([0., 0.]), rgb=UNKNOWN, text='', units='height', win=Window(...), wrapWidth=1.3)
14.1354 	EXP 	Created stim_image = ImageStim(__class__=<class 'psychopy.visual.image.ImageStim'>, anchor=('center', 'center'), autoLog=True, color=array([1., 1., 1.]), colorSpace='rgb', contrast=1.0, depth=-3.0, draggable=False, flipHoriz=np.False_, flipVert=np.False_, image='default.png', interpolate=True, mask=None, maskParams=None, name='stim_image', opacity=1, ori=0.0, pos=array([0., 0.]), size=array([0.75, 0.75]), texRes=128.0, units='height', win=Window(...))
14.1432 	EXP 	Created suwak_badanie = Slider(__class__=<class 'psychopy.visual.slider.Slider'>, autoDraw=False, autoLog=True, borderColor=None, color=None, colorSpace='rgb', depth=-4, fillColor=None, flip=False, font='Noto Sans', granularity=0.0, labelColor=None, labelHeight=np.float64(0.05), labelWrapWidth=None, labels=None, lineColor=None, markerColor=None, name='suwak_badanie', opacity=None, ori=0.0, pos=array([ 0. , -0.5]), readOnly=False, self=UNKNOWN, size=array([1. , 0.1]), startValue=0, style='slider', styleTweaks=[], ticks=array([-50, -25,   0,  25,  50]), units='norm', win=Window(...))
14.1438 	EXP 	Created lewa_etykieta = TextStim(__class__=<class 'psychopy.visual.text.TextStim'>, alignHoriz=method-wrapper(...), alignText='center', alignVert=method-wrapper(...), anchorHoriz='center', anchorVert='center', antialias=True, autoDraw=False, autoLog=True, bold=False, color=array([-1., -1., -1.]), colorSpace='rgb', contrast=1.0, depth=-5.0, draggable=False, flipHoriz=False, flipVert=False, font='Arial', fontFiles=[], height=0.085, italic=False, languageStyle='LTR', name='lewa_etykieta', opacity=1, ori=0.0, pos=array([-0.65, -0.5 ]), rgb=UNKNOWN, text='', units='norm', win=Window(...), wrapWidth=1)
14.1443 	EXP 	Created prawa_etykieta = TextStim(__class__=<class 'psychopy.visual.text.TextStim'>, alignHoriz=method-wrapper(...), alignText='center', alignVert=method-wrapper(...), anchorHoriz='center', anchorVert='center', antialias=True, autoDraw=False, autoLog=True, bold=False, color=array([-1., -1., -1.]), colorSpace='rgb', contrast=1.0, depth=-6.0, draggable=False, flipHoriz=False, flipVert=False, font='Arial', fontFiles=[], height=0.085, italic=False, languageStyle='LTR', name='prawa_etykieta', opacity=1, ori=0.0, pos=array([ 0.65, -0.5 ]), rgb=UNKNOWN, text='', units='norm', win=Window(...), wrapWidth=1)
14.1494 	EXP 	Created fiksacja2 = TextStim(__class__=<class 'psychopy.visual.text.TextStim'>, alignHoriz=method-wrapper(...), alignText='center', alignVert=method-wrapper(...), anchorHoriz='center', anchorVert='center', antialias=True, autoDraw=False, autoLog=True, bold=False, color=array([-1., -1., -1.]), colorSpace='rgb', contrast=1.0, depth=-7.0, draggable=False, flipHoriz=False, flipVert=False, font='Arial', fontFiles=[], height=np.float64(0.12), italic=False, languageStyle='LTR', name='fiksacja2', opacity=1, ori=0.0, pos=array([0., 0.]), rgb=UNKNOWN, text='+', units='height', win=Window(...), wrapWidth=1)
14.1528 	EXP 	Created pytanie = TextStim(__class__=<class 'psychopy.visual.text.TextStim'>, alignHoriz=method-wrapper(...), alignText='center', alignVert=method-wrapper(...), anchorHoriz='center', anchorVert='center', antialias=True, autoDraw=False, autoLog=True, bold=False, color=array([-1., -1., -1.]), colorSpace='rgb', contrast=1.0, depth=-8.0, draggable=False, flipHoriz=False, flipVert=False, font='Arial', fontFiles=[], height=np.float64(0.1), italic=False, languageStyle='LTR', name='pytanie', opacity=1, ori=0.0, pos=array([0., 0.]), rgb=UNKNOWN, text='Jaką emocję wyrażała ta twarz?', units='norm', win=Window(...), wrapWidth=1)
14.1540 	EXP 	Created text = TextStim(__class__=<class 'psychopy.visual.text.TextStim'>, alignHoriz=method-wrapper(...), alignText='center', alignVert=method-wrapper(...), anchorHoriz='center', anchorVert='center', antialias=True, autoDraw=False, autoLog=True, bold=False, color=array([1., 1., 1.]), colorSpace='rgb', contrast=1.0, depth=-1.0, draggable=False, flipHoriz=False, flipVert=False, font='Arial', fontFiles=[], height=np.float64(0.05), italic=False, languageStyle='LTR', name='text', opacity=1, ori=0.0, pos=array([0., 0.]), rgb=UNKNOWN, text='', units='height', win=Window(...), wrapWidth=1)
14.1661 	EXP 	Created podziekowania_text = TextStim(__class__=<class 'psychopy.visual.text.TextStim'>, alignHoriz=method-wrapper(...), alignText='center', alignVert=method-wrapper(...), anchorHoriz='center', anchorVert='center', antialias=True, autoDraw=False, autoLog=True, bold=False, color=array([1., 1., 1.]), colorSpace='rgb', contrast=1.0, depth=0.0, draggable=False, flipHoriz=False, flipVert=False, font='Arial', fontFiles=[], height=np.float64(0.05), italic=False, languageStyle='LTR', name='podziekowania_text', opacity=1, ori=0.0, pos=array([0., 0.]), rgb=UNKNOWN, text=str(...), units='height', win=Window(...), wrapWidth=1)
0.0257 	EXP 	pilot_suwak: autoLog = True
0.0257 	EXP 	pilot_suwak: styleTweaks = []
0.0257 	EXP 	pilot_suwak: styleTweaks = []
0.0257 	EXP 	pilot_suwak: styleTweaks = []
0.0257 	EXP 	pilot_suwak: styleTweaks = []
0.0257 	EXP 	pilot_suwak: contrast = 1.0
0.0257 	EXP 	pilot_suwak: markerPos = 0
0.0257 	EXP 	pilot_suwak: autoLog = True
0.0257 	EXP 	suwak_badanie: autoLog = True
0.0257 	EXP 	suwak_badanie: styleTweaks = []
0.0257 	EXP 	suwak_badanie: styleTweaks = []
0.0257 	EXP 	suwak_badanie: styleTweaks = []
0.0257 	EXP 	suwak_badanie: styleTweaks = []
0.0257 	EXP 	suwak_badanie: contrast = 1.0
0.0257 	EXP 	suwak_badanie: markerPos = 0
0.0257 	EXP 	suwak_badanie: autoLog = True
0.0371 	INFO 	Keyboard events cleared
0.0370 	EXP 	text_instr: autoDraw = True
0.9348 	EXP 	Device response: <KeyPress from None: t=0.9169358999934047, value=space, duration=None>
0.9366 	DATA 	Keypress: space
0.9456 	INFO 	Keyboard events cleared
0.9455 	EXP 	text_instr: autoDraw = False
0.9455 	EXP 	suwak_info: autoDraw = True
0.9625 	EXP 	Device response: <KeyPress from None: t=0.9169358999934047, value=space, duration=0.03995420003775507>
1.0625 	EXP 	Device response: <KeyPress from None: t=1.057021800079383, value=space, duration=None>
1.0657 	DATA 	Keypress: space
1.0789 	INFO 	Keyboard events cleared
1.0787 	EXP 	suwak_info: autoDraw = False
1.0787 	EXP 	proba_testowa: autoDraw = True
1.1290 	EXP 	Device response: <KeyPress from None: t=1.057021800079383, value=space, duration=0.0703175999224186>
1.2288 	EXP 	Device response: <KeyPress from None: t=1.2171704000793397, value=space, duration=None>
1.2492 	DATA 	Keypress: space
1.2519 	EXP 	proba_testowa: autoDraw = False
1.2519 	EXP 	pilot_label_text: height = np.float64(0.05)
1.2519 	EXP 	pilot_label_text: height = np.float64(0.05)
1.2519 	EXP 	pilot_label_text: height = np.float64(0.05)
1.2519 	EXP 	pilot_label_text: height = np.float64(0.05)
1.2519 	EXP 	pilot_label_text: height = np.float64(0.05)
1.2519 	EXP 	pilot_label_text: height = np.float64(0.05)
1.2519 	EXP 	pilot_label_text: text = 'Model AI wykrył w tej twarzy 80% smutku.\n\n'
1.2519 	EXP 	pilot_suwak: markerPos = None
1.2519 	EXP 	pilot_suwak: markerPos = 0
1.2519 	EXP 	pilot_lewa_etykieta: height = np.float64(0.085)
1.2519 	EXP 	pilot_lewa_etykieta: height = np.float64(0.085)
1.2519 	EXP 	pilot_lewa_etykieta: height = np.float64(0.085)
1.2519 	EXP 	pilot_lewa_etykieta: text = 'radość'
1.2519 	EXP 	pilot_prawa_etykieta: height = np.float64(0.085)
1.2519 	EXP 	pilot_prawa_etykieta: height = np.float64(0.085)
1.2519 	EXP 	pilot_prawa_etykieta: height = np.float64(0.085)
1.2519 	EXP 	pilot_prawa_etykieta: text = 'smutek'
1.2519 	EXP 	pilot_fiksacja1: autoDraw = True
1.2781 	EXP 	Device response: <KeyPress from None: t=1.2171704000793397, value=space, duration=0.059639599989168346>
1.7598 	EXP 	pilot_fiksacja1: autoDraw = False
1.9426 	EXP 	pilot_label_text: autoDraw = True
4.9512 	EXP 	pilot_label_text: autoDraw = False
5.1341 	EXP 	pilot_fiksacja2: autoDraw = True
5.6490 	EXP 	pilot_fiksacja2: autoDraw = False
5.8328 	EXP 	pilot_stim_image: autoDraw = True
7.1298 	EXP 	pilot_suwak: autoDraw = True
7.1298 	EXP 	pilot_pytanie: autoDraw = True
7.1298 	EXP 	pilot_lewa_etykieta: autoDraw = True
7.1298 	EXP 	pilot_prawa_etykieta: autoDraw = True
7.1451 	EXP 	pilot_stim_image: autoDraw = False
8.2098 	DATA 	Mouse: Left button down, pos=(1267,295)
8.2252 	EXP 	pilot_suwak: markerPos = np.float64(31.97916666666667)
8.2420 	EXP 	pilot_suwak: markerPos = np.float64(31.97916666666667)
8.2589 	EXP 	pilot_suwak: markerPos = np.float64(31.97916666666667)
8.2754 	EXP 	pilot_suwak: markerPos = np.float64(31.97916666666667)
8.2917 	EXP 	pilot_suwak: markerPos = np.float64(31.97916666666667)
8.2929 	DATA 	Mouse:  Left button up, pos=(1267,295)
8.3086 	EXP 	pilot_suwak: markerPos = np.float64(31.97916666666667)
8.3257 	INFO 	Keyboard events cleared
8.3255 	EXP 	pilot_label_text: autoDraw = False
8.3255 	EXP 	pilot_fiksacja1: autoDraw = False
8.3255 	EXP 	pilot_suwak: autoDraw = False
8.3255 	EXP 	pilot_fiksacja2: autoDraw = False
8.3255 	EXP 	pilot_pytanie: autoDraw = False
8.3255 	EXP 	pilot_lewa_etykieta: autoDraw = False
8.3255 	EXP 	pilot_prawa_etykieta: autoDraw = False
8.3255 	EXP 	pilot_stim_image: autoDraw = False
8.3255 	EXP 	start_badania: autoDraw = True
9.3733 	EXP 	Device response: <KeyPress from None: t=9.361382200033404, value=space, duration=None>
9.4121 	EXP 	Imported conditions.xlsx as conditions, 32 conditions, 9 params
9.4133 	EXP 	New trial (rep=0, index=0): <Trial 0 (0 in rep 0) data={'image_path': 'photos/1K_SZ_5050.png', 'etykieta': 'Model sztucznej inteligencji wykrył w tej twarzy 72% strachu .', 'left_label': 'strach', 'right_label': 'złość', 'show_label': 4, 'proporcja_zdjecia': '50/50', 'typ_etykiety': 'Procentowa AI', 'warunek': 'n/d', 'kierunek': 'Sugestia Lewo strach', 'thisN': 0, 'thisTrialN': 0, 'thisRepN': 0}>
9.4828 	EXP 	Device response: <KeyPress from None: t=9.361382200033404, value=space, duration=0.039667799952439964>
9.4837 	DATA 	Keypress: space
9.4864 	EXP 	start_badania: autoDraw = False
9.4864 	EXP 	przerwa_text: autoDraw = False
9.4864 	EXP 	label_text: height = np.float64(0.05)
9.4864 	EXP 	label_text: height = np.float64(0.05)
9.4864 	EXP 	label_text: height = np.float64(0.05)
9.4864 	EXP 	label_text: text = 'Model sztucznej inteligencji wykrył w tej twarzy 72% strachu .'
9.4864 	EXP 	label_text: height = np.float64(0.05)
9.4864 	EXP 	label_text: height = np.float64(0.05)
9.4864 	EXP 	label_text: height = np.float64(0.05)
9.4864 	EXP 	label_text: text = 'Model sztucznej inteligencji wykrył w tej twarzy 72% strachu .'
9.4864 	EXP 	stim_image: image = 'photos/1K_SZ_5050.png'
9.4864 	EXP 	suwak_badanie: markerPos = None
9.4864 	EXP 	suwak_badanie: markerPos = 0
9.4864 	EXP 	lewa_etykieta: height = np.float64(0.085)
9.4864 	EXP 	lewa_etykieta: height = np.float64(0.085)
9.4864 	EXP 	lewa_etykieta: height = np.float64(0.085)
9.4864 	EXP 	lewa_etykieta: text = 'strach'
9.4864 	EXP 	prawa_etykieta: height = np.float64(0.085)
9.4864 	EXP 	prawa_etykieta: height = np.float64(0.085)
9.4864 	EXP 	prawa_etykieta: height = np.float64(0.085)
9.4864 	EXP 	prawa_etykieta: text = 'złość'
9.4864 	EXP 	label_text: autoDraw = True
13.4941 	EXP 	label_text: autoDraw = False
13.6275 	EXP 	fiksacja2: autoDraw = True
13.8765 	EXP 	fiksacja2: autoDraw = False
14.0769 	EXP 	stim_image: autoDraw = True
15.3729 	EXP 	suwak_badanie: autoDraw = True
15.3729 	EXP 	lewa_etykieta: autoDraw = True
15.3729 	EXP 	prawa_etykieta: autoDraw = True
15.3729 	EXP 	pytanie: autoDraw = True
15.3891 	EXP 	stim_image: autoDraw = False
16.4378 	DATA 	Mouse: Left button down, pos=(1155,294)
16.4531 	EXP 	suwak_badanie: markerPos = np.float64(20.416666666666657)
16.4694 	EXP 	suwak_badanie: markerPos = np.float64(20.625)
16.4861 	EXP 	suwak_badanie: markerPos = np.float64(20.833333333333343)
16.5027 	EXP 	suwak_badanie: markerPos = np.float64(21.04166666666667)
16.5192 	EXP 	suwak_badanie: markerPos = np.float64(22.08333333333333)
16.5358 	EXP 	suwak_badanie: markerPos = np.float64(23.333333333333343)
16.5525 	EXP 	suwak_badanie: markerPos = np.float64(24.27083333333333)
16.5693 	EXP 	suwak_badanie: markerPos = np.float64(26.458333333333343)
16.5856 	EXP 	suwak_badanie: markerPos = np.float64(29.791666666666657)
16.6025 	EXP 	suwak_badanie: markerPos = np.float64(31.97916666666667)
16.6192 	EXP 	suwak_badanie: markerPos = np.float64(33.02083333333333)
16.6357 	EXP 	suwak_badanie: markerPos = np.float64(33.64583333333333)
16.6523 	EXP 	suwak_badanie: markerPos = np.float64(33.64583333333333)
16.6692 	EXP 	suwak_badanie: markerPos = np.float64(33.64583333333333)
16.6857 	EXP 	suwak_badanie: markerPos = np.float64(33.64583333333333)
16.7026 	EXP 	suwak_badanie: markerPos = np.float64(33.64583333333333)
16.7096 	DATA 	Mouse:  Left button up, pos=(1283,254)
16.7187 	EXP 	suwak_badanie: markerPos = np.float64(33.64583333333333)
16.7357 	EXP 	suwak_badanie: markerPos = np.float64(33.64583333333333)
16.7523 	EXP 	label_text: autoDraw = False
16.7523 	EXP 	stim_image: autoDraw = False
16.7523 	EXP 	suwak_badanie: autoDraw = False
16.7523 	EXP 	lewa_etykieta: autoDraw = False
16.7523 	EXP 	prawa_etykieta: autoDraw = False
16.7523 	EXP 	fiksacja2: autoDraw = False
16.7523 	EXP 	pytanie: autoDraw = False
16.7523 	EXP 	text: autoDraw = True
18.7483 	EXP 	New trial (rep=0, index=1): <Trial 1 (1 in rep 0) data={'image_path': 'photos/1K_OZ_8020.png', 'etykieta': 'Poprzedni badani wykryli w tej twarzy oczekiwanie.', 'left_label': 'zaskoczenie', 'right_label': 'oczekiwanie', 'show_label': 4, 'proporcja_zdjecia': '80/20 oczekiwanie', 'typ_etykiety': 'Kategorialna Ludzie', 'warunek': 'Zgodny', 'kierunek': 'Dominacja Prawo oczekiwanie', 'thisN': 1, 'thisTrialN': 1, 'thisRepN': 0}>
18.8057 	EXP 	text: autoDraw = False
18.8057 	EXP 	przerwa_text: autoDraw = False
18.8057 	EXP 	label_text: height = np.float64(0.05)
18.8057 	EXP 	label_text: height = np.float64(0.05)
18.8057 	EXP 	label_text: height = np.float64(0.05)
18.8057 	EXP 	label_text: text = 'Poprzedni badani wykryli w tej twarzy oczekiwanie.'
18.8057 	EXP 	label_text: height = np.float64(0.05)
18.8057 	EXP 	label_text: height = np.float64(0.05)
18.8057 	EXP 	label_text: height = np.float64(0.05)
18.8057 	EXP 	label_text: text = 'Poprzedni badani wykryli w tej twarzy oczekiwanie.'
18.8057 	EXP 	stim_image: image = 'photos/1K_OZ_8020.png'
18.8057 	EXP 	suwak_badanie: markerPos = None
18.8057 	EXP 	suwak_badanie: markerPos = 0
18.8057 	EXP 	lewa_etykieta: height = np.float64(0.085)
18.8057 	EXP 	lewa_etykieta: height = np.float64(0.085)
18.8057 	EXP 	lewa_etykieta: height = np.float64(0.085)
18.8057 	EXP 	lewa_etykieta: text = 'zaskoczenie'
18.8057 	EXP 	prawa_etykieta: height = np.float64(0.085)
18.8057 	EXP 	prawa_etykieta: height = np.float64(0.085)
18.8057 	EXP 	prawa_etykieta: height = np.float64(0.085)
18.8057 	EXP 	prawa_etykieta: text = 'oczekiwanie'
18.8057 	EXP 	label_text: autoDraw = True
22.8190 	EXP 	label_text: autoDraw = False
22.9516 	EXP 	fiksacja2: autoDraw = True
23.2013 	EXP 	fiksacja2: autoDraw = False
23.4016 	EXP 	stim_image: autoDraw = True
24.6975 	EXP 	suwak_badanie: autoDraw = True
24.6975 	EXP 	lewa_etykieta: autoDraw = True
24.6975 	EXP 	prawa_etykieta: autoDraw = True
24.6975 	EXP 	pytanie: autoDraw = True
24.7137 	EXP 	stim_image: autoDraw = False
25.4309 	DATA 	Mouse: Left button down, pos=(1132,287)
25.4451 	EXP 	suwak_badanie: markerPos = np.float64(17.91666666666667)
25.4617 	EXP 	suwak_badanie: markerPos = np.float64(18.229166666666657)
25.4788 	EXP 	suwak_badanie: markerPos = np.float64(18.33333333333333)
25.4949 	EXP 	suwak_badanie: markerPos = np.float64(18.33333333333333)
25.5114 	EXP 	suwak_badanie: markerPos = np.float64(18.75)
25.5285 	EXP 	suwak_badanie: markerPos = np.float64(19.16666666666667)
25.5448 	EXP 	suwak_badanie: markerPos = np.float64(19.16666666666667)
25.5613 	EXP 	suwak_badanie: markerPos = np.float64(21.875)
25.5626 	DATA 	Mouse:  Left button up, pos=(1174,281)
25.5780 	EXP 	suwak_badanie: markerPos = np.float64(21.875)
25.5946 	EXP 	label_text: autoDraw = False
25.5946 	EXP 	stim_image: autoDraw = False
25.5946 	EXP 	suwak_badanie: autoDraw = False
25.5946 	EXP 	lewa_etykieta: autoDraw = False
25.5946 	EXP 	prawa_etykieta: autoDraw = False
25.5946 	EXP 	fiksacja2: autoDraw = False
25.5946 	EXP 	pytanie: autoDraw = False
25.5946 	EXP 	text: autoDraw = True
27.5911 	EXP 	New trial (rep=0, index=2): <Trial 2 (2 in rep 0) data={'image_path': 'photos/1K_RS_5050.png', 'etykieta': 'test', 'left_label': 'radość', 'right_label': 'smutek', 'show_label': 0, 'proporcja_zdjecia': '50/50', 'typ_etykiety': 'Kontrolna', 'warunek': 'kontrolny', 'kierunek': 'Brak', 'thisN': 2, 'thisTrialN': 2, 'thisRepN': 0}>
27.6412 	EXP 	text: autoDraw = False
27.6412 	EXP 	przerwa_text: autoDraw = False
27.6412 	EXP 	label_text: height = np.float64(0.05)
27.6412 	EXP 	label_text: height = np.float64(0.05)
27.6412 	EXP 	label_text: height = np.float64(0.05)
27.6412 	EXP 	label_text: text = ''
27.6412 	EXP 	label_text: height = np.float64(0.05)
27.6412 	EXP 	label_text: height = np.float64(0.05)
27.6412 	EXP 	label_text: height = np.float64(0.05)
27.6412 	EXP 	label_text: height = np.float64(0.05)
27.6412 	EXP 	label_text: height = np.float64(0.05)
27.6412 	EXP 	label_text: height = np.float64(0.05)
27.6412 	EXP 	label_text: text = 'test'
27.6412 	EXP 	stim_image: image = 'photos/1K_RS_5050.png'
27.6412 	EXP 	suwak_badanie: markerPos = None
27.6412 	EXP 	suwak_badanie: markerPos = 0
27.6412 	EXP 	lewa_etykieta: height = np.float64(0.085)
27.6412 	EXP 	lewa_etykieta: height = np.float64(0.085)
27.6412 	EXP 	lewa_etykieta: height = np.float64(0.085)
27.6412 	EXP 	lewa_etykieta: text = 'radość'
27.6412 	EXP 	prawa_etykieta: height = np.float64(0.085)
27.6412 	EXP 	prawa_etykieta: height = np.float64(0.085)
27.6412 	EXP 	prawa_etykieta: height = np.float64(0.085)
27.6412 	EXP 	prawa_etykieta: text = 'smutek'
27.6412 	EXP 	label_text: autoDraw = True
27.6412 	EXP 	label_text: autoDraw = False
27.8053 	EXP 	fiksacja2: autoDraw = True
28.0548 	EXP 	fiksacja2: autoDraw = False
28.2553 	EXP 	stim_image: autoDraw = True
29.5505 	EXP 	suwak_badanie: autoDraw = True
29.5505 	EXP 	lewa_etykieta: autoDraw = True
29.5505 	EXP 	prawa_etykieta: autoDraw = True
29.5505 	EXP 	pytanie: autoDraw = True
29.5672 	EXP 	stim_image: autoDraw = False
33.3912 	DATA 	Mouse: Left button down, pos=(1291,303)
33.4788 	DATA 	Mouse:  Left button up, pos=(1291,303)
33.8570 	DATA 	Mouse: Left button down, pos=(1291,264)
33.8720 	EXP 	suwak_badanie: markerPos = np.float64(34.47916666666666)
33.8885 	EXP 	suwak_badanie: markerPos = np.float64(34.47916666666666)
33.8904 	DATA 	Mouse:  Left button up, pos=(1291,264)
33.9054 	EXP 	suwak_badanie: markerPos = np.float64(34.47916666666666)
33.9221 	EXP 	label_text: autoDraw = False
33.9221 	EXP 	stim_image: autoDraw = False
33.9221 	EXP 	suwak_badanie: autoDraw = False
33.9221 	EXP 	lewa_etykieta: autoDraw = False
33.9221 	EXP 	prawa_etykieta: autoDraw = False
33.9221 	EXP 	fiksacja2: autoDraw = False
33.9221 	EXP 	pytanie: autoDraw = False
33.9221 	EXP 	text: autoDraw = True
35.9182 	EXP 	New trial (rep=0, index=3): <Trial 3 (3 in rep 0) data={'image_path': 'photos/1K_ZW_8020.png', 'etykieta': 'Poprzedni badani wykryli w tej twarzy 20% zaufania.', 'left_label': 'zaufanie', 'right_label': 'wstręt', 'show_label': 4, 'proporcja_zdjecia': '80/20 zaufania', 'typ_etykiety': 'Procentowa Ludzie', 'warunek': 'Niezgodny', 'kierunek': 'Dominacja Lewo zaufanie', 'thisN': 3, 'thisTrialN': 3, 'thisRepN': 0}>
35.9789 	EXP 	text: autoDraw = False
35.9789 	EXP 	przerwa_text: autoDraw = False
35.9789 	EXP 	label_text: height = np.float64(0.05)
35.9789 	EXP 	label_text: height = np.float64(0.05)
35.9789 	EXP 	label_text: height = np.float64(0.05)
35.9789 	EXP 	label_text: text = 'Poprzedni badani wykryli w tej twarzy 20% zaufania.'
35.9789 	EXP 	label_text: height = np.float64(0.05)
35.9789 	EXP 	label_text: height = np.float64(0.05)
35.9789 	EXP 	label_text: height = np.float64(0.05)
35.9789 	EXP 	label_text: text = 'Poprzedni badani wykryli w tej twarzy 20% zaufania.'
35.9789 	EXP 	stim_image: image = 'photos/1K_ZW_8020.png'
35.9789 	EXP 	suwak_badanie: markerPos = None
35.9789 	EXP 	suwak_badanie: markerPos = 0
35.9789 	EXP 	lewa_etykieta: height = np.float64(0.085)
35.9789 	EXP 	lewa_etykieta: height = np.float64(0.085)
35.9789 	EXP 	lewa_etykieta: height = np.float64(0.085)
35.9789 	EXP 	lewa_etykieta: text = 'zaufanie'
35.9789 	EXP 	prawa_etykieta: height = np.float64(0.085)
35.9789 	EXP 	prawa_etykieta: height = np.float64(0.085)
35.9789 	EXP 	prawa_etykieta: height = np.float64(0.085)
35.9789 	EXP 	prawa_etykieta: text = 'wstręt'
35.9789 	EXP 	label_text: autoDraw = True
39.9888 	EXP 	label_text: autoDraw = False
40.1219 	EXP 	fiksacja2: autoDraw = True
40.3712 	EXP 	fiksacja2: autoDraw = False
40.5716 	EXP 	stim_image: autoDraw = True
41.8672 	EXP 	suwak_badanie: autoDraw = True
41.8672 	EXP 	lewa_etykieta: autoDraw = True
41.8672 	EXP 	prawa_etykieta: autoDraw = True
41.8672 	EXP 	pytanie: autoDraw = True
41.8838 	EXP 	stim_image: autoDraw = False
47.5730 	DATA 	Mouse: Left button down, pos=(1344,251)
47.6013 	EXP 	suwak_badanie: markerPos = np.float64(40.0)
47.6181 	EXP 	suwak_badanie: markerPos = np.float64(40.0)
47.6347 	EXP 	suwak_badanie: markerPos = np.float64(40.0)
47.6513 	EXP 	suwak_badanie: markerPos = np.float64(40.0)
47.6526 	DATA 	Mouse:  Left button up, pos=(1344,251)
47.6679 	EXP 	suwak_badanie: markerPos = np.float64(40.0)
47.6843 	EXP 	label_text: autoDraw = False
47.6843 	EXP 	stim_image: autoDraw = False
47.6843 	EXP 	suwak_badanie: autoDraw = False
47.6843 	EXP 	lewa_etykieta: autoDraw = False
47.6843 	EXP 	prawa_etykieta: autoDraw = False
47.6843 	EXP 	fiksacja2: autoDraw = False
47.6843 	EXP 	pytanie: autoDraw = False
47.6843 	EXP 	text: autoDraw = True
49.6804 	EXP 	New trial (rep=0, index=4): <Trial 4 (4 in rep 0) data={'image_path': 'photos/1K_ZO_5050.png', 'etykieta': 'Poprzedni badani wykryli w tej twarzy 75% oczekiwania.', 'left_label': 'zaskoczenie', 'right_label': 'oczekiwanie', 'show_label': 4, 'proporcja_zdjecia': '50/50 ', 'typ_etykiety': 'Procentowa Ludzie', 'warunek': 'n/d', 'kierunek': 'Sugestia Prawo oczekiwanie', 'thisN': 4, 'thisTrialN': 4, 'thisRepN': 0}>
49.7486 	EXP 	text: autoDraw = False
49.7486 	EXP 	przerwa_text: autoDraw = False
49.7486 	EXP 	label_text: height = np.float64(0.05)
49.7486 	EXP 	label_text: height = np.float64(0.05)
49.7486 	EXP 	label_text: height = np.float64(0.05)
49.7486 	EXP 	label_text: text = 'Poprzedni badani wykryli w tej twarzy 75% oczekiwania.'
49.7486 	EXP 	label_text: height = np.float64(0.05)
49.7486 	EXP 	label_text: height = np.float64(0.05)
49.7486 	EXP 	label_text: height = np.float64(0.05)
49.7486 	EXP 	label_text: text = 'Poprzedni badani wykryli w tej twarzy 75% oczekiwania.'
49.7486 	EXP 	stim_image: image = 'photos/1K_ZO_5050.png'
49.7486 	EXP 	suwak_badanie: markerPos = None
49.7486 	EXP 	suwak_badanie: markerPos = 0
49.7486 	EXP 	lewa_etykieta: height = np.float64(0.085)
49.7486 	EXP 	lewa_etykieta: height = np.float64(0.085)
49.7486 	EXP 	lewa_etykieta: height = np.float64(0.085)
49.7486 	EXP 	lewa_etykieta: text = 'zaskoczenie'
49.7486 	EXP 	prawa_etykieta: height = np.float64(0.085)
49.7486 	EXP 	prawa_etykieta: height = np.float64(0.085)
49.7486 	EXP 	prawa_etykieta: height = np.float64(0.085)
49.7486 	EXP 	prawa_etykieta: text = 'oczekiwanie'
49.7486 	EXP 	label_text: autoDraw = True
53.7512 	EXP 	label_text: autoDraw = False
53.8844 	EXP 	fiksacja2: autoDraw = True
54.1337 	EXP 	fiksacja2: autoDraw = False
54.3340 	EXP 	stim_image: autoDraw = True
55.6294 	EXP 	suwak_badanie: autoDraw = True
55.6294 	EXP 	lewa_etykieta: autoDraw = True
55.6294 	EXP 	prawa_etykieta: autoDraw = True
55.6294 	EXP 	pytanie: autoDraw = True
55.6460 	EXP 	stim_image: autoDraw = False
56.6480 	DATA 	Mouse: Left button down, pos=(1327,266)
56.6765 	EXP 	suwak_badanie: markerPos = np.float64(38.22916666666667)
56.6933 	EXP 	suwak_badanie: markerPos = np.float64(38.22916666666667)
56.7099 	EXP 	suwak_badanie: markerPos = np.float64(38.22916666666667)
56.7264 	EXP 	suwak_badanie: markerPos = np.float64(38.22916666666667)
56.7270 	DATA 	Mouse:  Left button up, pos=(1327,266)
56.7428 	EXP 	suwak_badanie: markerPos = np.float64(38.22916666666667)
56.7597 	EXP 	label_text: autoDraw = False
56.7597 	EXP 	stim_image: autoDraw = False
56.7597 	EXP 	suwak_badanie: autoDraw = False
56.7597 	EXP 	lewa_etykieta: autoDraw = False
56.7597 	EXP 	prawa_etykieta: autoDraw = False
56.7597 	EXP 	fiksacja2: autoDraw = False
56.7597 	EXP 	pytanie: autoDraw = False
56.7597 	EXP 	text: autoDraw = True
58.7560 	EXP 	New trial (rep=0, index=5): <Trial 5 (5 in rep 0) data={'image_path': 'photos/1K_ZS_8020.png', 'etykieta': 'test', 'left_label': 'strach', 'right_label': 'złość', 'show_label': 0, 'proporcja_zdjecia': '80/20 prawo (złość)', 'typ_etykiety': 'Kontrolna', 'warunek': 'kontrolny', 'kierunek': 'Brak', 'thisN': 5, 'thisTrialN': 5, 'thisRepN': 0}>
58.8356 	EXP 	text: autoDraw = False
58.8356 	EXP 	przerwa_text: autoDraw = False
58.8356 	EXP 	label_text: height = np.float64(0.05)
58.8356 	EXP 	label_text: height = np.float64(0.05)
58.8356 	EXP 	label_text: height = np.float64(0.05)
58.8356 	EXP 	label_text: text = ''
58.8356 	EXP 	label_text: height = np.float64(0.05)
58.8356 	EXP 	label_text: height = np.float64(0.05)
58.8356 	EXP 	label_text: height = np.float64(0.05)
58.8356 	EXP 	label_text: height = np.float64(0.05)
58.8356 	EXP 	label_text: height = np.float64(0.05)
58.8356 	EXP 	label_text: height = np.float64(0.05)
58.8356 	EXP 	label_text: text = 'test'
58.8356 	EXP 	stim_image: image = 'photos/1K_ZS_8020.png'
58.8356 	EXP 	suwak_badanie: markerPos = None
58.8356 	EXP 	suwak_badanie: markerPos = 0
58.8356 	EXP 	lewa_etykieta: height = np.float64(0.085)
58.8356 	EXP 	lewa_etykieta: height = np.float64(0.085)
58.8356 	EXP 	lewa_etykieta: height = np.float64(0.085)
58.8356 	EXP 	lewa_etykieta: text = 'strach'
58.8356 	EXP 	prawa_etykieta: height = np.float64(0.085)
58.8356 	EXP 	prawa_etykieta: height = np.float64(0.085)
58.8356 	EXP 	prawa_etykieta: height = np.float64(0.085)
58.8356 	EXP 	prawa_etykieta: text = 'złość'
58.8356 	EXP 	label_text: autoDraw = True
58.8356 	EXP 	label_text: autoDraw = False
58.9704 	EXP 	fiksacja2: autoDraw = True
59.2195 	EXP 	fiksacja2: autoDraw = False
59.4202 	EXP 	stim_image: autoDraw = True
60.7158 	EXP 	suwak_badanie: autoDraw = True
60.7158 	EXP 	lewa_etykieta: autoDraw = True
60.7158 	EXP 	prawa_etykieta: autoDraw = True
60.7158 	EXP 	pytanie: autoDraw = True
60.7323 	EXP 	stim_image: autoDraw = False
61.5813 	DATA 	Mouse: Left button down, pos=(1335,268)
61.5964 	EXP 	suwak_badanie: markerPos = np.float64(39.0625)
61.6128 	EXP 	suwak_badanie: markerPos = np.float64(39.0625)
61.6297 	EXP 	suwak_badanie: markerPos = np.float64(39.0625)
61.6463 	EXP 	suwak_badanie: markerPos = np.float64(39.0625)
61.6631 	EXP 	suwak_badanie: markerPos = np.float64(39.0625)
61.6706 	DATA 	Mouse:  Left button up, pos=(1335,268)
61.6796 	EXP 	suwak_badanie: markerPos = np.float64(39.0625)
61.6964 	EXP 	suwak_badanie: markerPos = np.float64(39.0625)
61.7126 	EXP 	label_text: autoDraw = False
61.7126 	EXP 	stim_image: autoDraw = False
61.7126 	EXP 	suwak_badanie: autoDraw = False
61.7126 	EXP 	lewa_etykieta: autoDraw = False
61.7126 	EXP 	prawa_etykieta: autoDraw = False
61.7126 	EXP 	fiksacja2: autoDraw = False
61.7126 	EXP 	pytanie: autoDraw = False
61.7126 	EXP 	text: autoDraw = True
63.7087 	EXP 	New trial (rep=0, index=6): <Trial 6 (6 in rep 0) data={'image_path': 'photos/1K_ZW_5050.png', 'etykieta': 'Poprzedni badani wykryli w tej twarzy wstręt.', 'left_label': 'zaufanie', 'right_label': 'wstręt', 'show_label': 4, 'proporcja_zdjecia': '50/50', 'typ_etykiety': 'Kategorialna Ludzie', 'warunek': 'n/d', 'kierunek': 'Sugestia Prawo wstręt', 'thisN': 6, 'thisTrialN': 6, 'thisRepN': 0}>
63.7843 	EXP 	text: autoDraw = False
63.7843 	EXP 	przerwa_text: autoDraw = False
63.7843 	EXP 	label_text: height = np.float64(0.05)
63.7843 	EXP 	label_text: height = np.float64(0.05)
63.7843 	EXP 	label_text: height = np.float64(0.05)
63.7843 	EXP 	label_text: text = 'Poprzedni badani wykryli w tej twarzy wstręt.'
63.7843 	EXP 	label_text: height = np.float64(0.05)
63.7843 	EXP 	label_text: height = np.float64(0.05)
63.7843 	EXP 	label_text: height = np.float64(0.05)
63.7843 	EXP 	label_text: text = 'Poprzedni badani wykryli w tej twarzy wstręt.'
63.7843 	EXP 	stim_image: image = 'photos/1K_ZW_5050.png'
63.7843 	EXP 	suwak_badanie: markerPos = None
63.7843 	EXP 	suwak_badanie: markerPos = 0
63.7843 	EXP 	lewa_etykieta: height = np.float64(0.085)
63.7843 	EXP 	lewa_etykieta: height = np.float64(0.085)
63.7843 	EXP 	lewa_etykieta: height = np.float64(0.085)
63.7843 	EXP 	lewa_etykieta: text = 'zaufanie'
63.7843 	EXP 	prawa_etykieta: height = np.float64(0.085)
63.7843 	EXP 	prawa_etykieta: height = np.float64(0.085)
63.7843 	EXP 	prawa_etykieta: height = np.float64(0.085)
63.7843 	EXP 	prawa_etykieta: text = 'wstręt'
63.7843 	EXP 	label_text: autoDraw = True
67.7960 	EXP 	label_text: autoDraw = False
67.9127 	EXP 	fiksacja2: autoDraw = True
68.1620 	EXP 	fiksacja2: autoDraw = False
68.3622 	EXP 	stim_image: autoDraw = True
69.6579 	EXP 	suwak_badanie: autoDraw = True
69.6579 	EXP 	lewa_etykieta: autoDraw = True
69.6579 	EXP 	prawa_etykieta: autoDraw = True
69.6579 	EXP 	pytanie: autoDraw = True
69.6743 	EXP 	stim_image: autoDraw = False
70.2277 	DATA 	Mouse: Left button down, pos=(1324,256)
70.2562 	EXP 	suwak_badanie: markerPos = np.float64(37.91666666666667)
70.2726 	EXP 	suwak_badanie: markerPos = np.float64(38.02083333333333)
70.2896 	EXP 	suwak_badanie: markerPos = np.float64(38.02083333333333)
70.3059 	EXP 	suwak_badanie: markerPos = np.float64(38.02083333333333)
70.3227 	EXP 	suwak_badanie: markerPos = np.float64(38.02083333333333)
70.3276 	DATA 	Mouse:  Left button up, pos=(1325,258)
70.3392 	EXP 	suwak_badanie: markerPos = np.float64(38.02083333333333)
70.3561 	EXP 	suwak_badanie: markerPos = np.float64(38.02083333333333)
70.3727 	EXP 	label_text: autoDraw = False
70.3727 	EXP 	stim_image: autoDraw = False
70.3727 	EXP 	suwak_badanie: autoDraw = False
70.3727 	EXP 	lewa_etykieta: autoDraw = False
70.3727 	EXP 	prawa_etykieta: autoDraw = False
70.3727 	EXP 	fiksacja2: autoDraw = False
70.3727 	EXP 	pytanie: autoDraw = False
70.3727 	EXP 	text: autoDraw = True
72.3689 	EXP 	New trial (rep=0, index=7): <Trial 7 (7 in rep 0) data={'image_path': 'photos/1K_RS_8020.png', 'etykieta': 'Model sztucznej inteligencji wykrył w tej twarzy smutek.', 'left_label': 'radość', 'right_label': 'smutek', 'show_label': 4, 'proporcja_zdjecia': '80/20 radość', 'typ_etykiety': 'Kategorialna AI', 'warunek': 'Niezgodny', 'kierunek': 'Dominacja Lewo radość', 'thisN': 7, 'thisTrialN': 7, 'thisRepN': 0}>
72.4273 	EXP 	text: autoDraw = False
72.4273 	EXP 	przerwa_text: autoDraw = False
72.4273 	EXP 	label_text: height = np.float64(0.05)
72.4273 	EXP 	label_text: height = np.float64(0.05)
72.4273 	EXP 	label_text: height = np.float64(0.05)
72.4273 	EXP 	label_text: text = 'Model sztucznej inteligencji wykrył w tej twarzy smutek.'
72.4273 	EXP 	label_text: height = np.float64(0.05)
72.4273 	EXP 	label_text: height = np.float64(0.05)
72.4273 	EXP 	label_text: height = np.float64(0.05)
72.4273 	EXP 	label_text: text = 'Model sztucznej inteligencji wykrył w tej twarzy smutek.'
72.4273 	EXP 	stim_image: image = 'photos/1K_RS_8020.png'
72.4273 	EXP 	suwak_badanie: markerPos = None
72.4273 	EXP 	suwak_badanie: markerPos = 0
72.4273 	EXP 	lewa_etykieta: height = np.float64(0.085)
72.4273 	EXP 	lewa_etykieta: height = np.float64(0.085)
72.4273 	EXP 	lewa_etykieta: height = np.float64(0.085)
72.4273 	EXP 	lewa_etykieta: text = 'radość'
72.4273 	EXP 	prawa_etykieta: height = np.float64(0.085)
72.4273 	EXP 	prawa_etykieta: height = np.float64(0.085)
72.4273 	EXP 	prawa_etykieta: height = np.float64(0.085)
72.4273 	EXP 	prawa_etykieta: text = 'smutek'
72.4273 	EXP 	label_text: autoDraw = True
76.4392 	EXP 	label_text: autoDraw = False
76.5723 	EXP 	fiksacja2: autoDraw = True
76.8218 	EXP 	fiksacja2: autoDraw = False
77.0219 	EXP 	stim_image: autoDraw = True
78.3178 	EXP 	suwak_badanie: autoDraw = True
78.3178 	EXP 	lewa_etykieta: autoDraw = True
78.3178 	EXP 	prawa_etykieta: autoDraw = True
78.3178 	EXP 	pytanie: autoDraw = True
78.3343 	EXP 	stim_image: autoDraw = False
79.0873 	DATA 	Mouse: Left button down, pos=(1345,270)
79.1155 	EXP 	suwak_badanie: markerPos = np.float64(40.10416666666666)
79.1321 	EXP 	suwak_badanie: markerPos = np.float64(40.10416666666666)
79.1488 	EXP 	suwak_badanie: markerPos = np.float64(40.10416666666666)
79.1653 	EXP 	suwak_badanie: markerPos = np.float64(40.10416666666666)
79.1673 	DATA 	Mouse:  Left button up, pos=(1345,269)
79.1816 	EXP 	suwak_badanie: markerPos = np.float64(40.10416666666666)
79.1985 	EXP 	label_text: autoDraw = False
79.1985 	EXP 	stim_image: autoDraw = False
79.1985 	EXP 	suwak_badanie: autoDraw = False
79.1985 	EXP 	lewa_etykieta: autoDraw = False
79.1985 	EXP 	prawa_etykieta: autoDraw = False
79.1985 	EXP 	fiksacja2: autoDraw = False
79.1985 	EXP 	pytanie: autoDraw = False
79.1985 	EXP 	text: autoDraw = True
81.1945 	EXP 	New trial (rep=0, index=8): <Trial 8 (8 in rep 0) data={'image_path': 'photos/1M_ZO_5050.png', 'etykieta': 'Model sztucznej inteligencji wykrył w tej twarzy zaskoczenie.', 'left_label': 'zaskoczenie', 'right_label': 'oczekiwanie', 'show_label': 4, 'proporcja_zdjecia': '50/50', 'typ_etykiety': 'Kategorialna AI', 'warunek': 'n/d', 'kierunek': 'Sugestia Lewo zaskoczenie', 'thisN': 8, 'thisTrialN': 8, 'thisRepN': 0}>
81.2097 	INFO 	Keyboard events cleared
81.2095 	EXP 	text: autoDraw = False
81.2095 	EXP 	przerwa_text: autoDraw = True
87.8606 	DATA 	Keypress: space
87.8754 	EXP 	Device response: <KeyPress from None: t=87.85817210003734, value=space, duration=None>
87.9437 	EXP 	przerwa_text: autoDraw = False
87.9437 	EXP 	label_text: height = np.float64(0.05)
87.9437 	EXP 	label_text: height = np.float64(0.05)
87.9437 	EXP 	label_text: height = np.float64(0.05)
87.9437 	EXP 	label_text: text = 'Model sztucznej inteligencji wykrył w tej twarzy zaskoczenie.'
87.9437 	EXP 	label_text: height = np.float64(0.05)
87.9437 	EXP 	label_text: height = np.float64(0.05)
87.9437 	EXP 	label_text: height = np.float64(0.05)
87.9437 	EXP 	label_text: text = 'Model sztucznej inteligencji wykrył w tej twarzy zaskoczenie.'
87.9437 	EXP 	stim_image: image = 'photos/1M_ZO_5050.png'
87.9437 	EXP 	suwak_badanie: markerPos = None
87.9437 	EXP 	suwak_badanie: markerPos = 0
87.9437 	EXP 	lewa_etykieta: height = np.float64(0.085)
87.9437 	EXP 	lewa_etykieta: height = np.float64(0.085)
87.9437 	EXP 	lewa_etykieta: height = np.float64(0.085)
87.9437 	EXP 	lewa_etykieta: text = 'zaskoczenie'
87.9437 	EXP 	prawa_etykieta: height = np.float64(0.085)
87.9437 	EXP 	prawa_etykieta: height = np.float64(0.085)
87.9437 	EXP 	prawa_etykieta: height = np.float64(0.085)
87.9437 	EXP 	prawa_etykieta: text = 'oczekiwanie'
87.9437 	EXP 	label_text: autoDraw = True
87.9587 	EXP 	Device response: <KeyPress from None: t=87.85817210003734, value=space, duration=0.0994720000308007>
91.9470 	EXP 	label_text: autoDraw = False
92.0799 	EXP 	fiksacja2: autoDraw = True
92.3296 	EXP 	fiksacja2: autoDraw = False
92.5296 	EXP 	stim_image: autoDraw = True
93.8255 	EXP 	suwak_badanie: autoDraw = True
93.8255 	EXP 	lewa_etykieta: autoDraw = True
93.8255 	EXP 	prawa_etykieta: autoDraw = True
93.8255 	EXP 	pytanie: autoDraw = True
93.8416 	EXP 	stim_image: autoDraw = False
103.5874 	DATA 	Mouse: Left button down, pos=(1145,266)
103.6153 	EXP 	suwak_badanie: markerPos = np.float64(19.270833333333343)
103.6316 	EXP 	suwak_badanie: markerPos = np.float64(19.270833333333343)
103.6482 	EXP 	suwak_badanie: markerPos = np.float64(19.270833333333343)
103.6652 	EXP 	suwak_badanie: markerPos = np.float64(19.270833333333343)
103.6815 	EXP 	suwak_badanie: markerPos = np.float64(19.270833333333343)
103.6982 	EXP 	suwak_badanie: markerPos = np.float64(19.270833333333343)
103.7150 	EXP 	suwak_badanie: markerPos = np.float64(19.270833333333343)
103.7312 	EXP 	suwak_badanie: markerPos = np.float64(19.270833333333343)
103.7321 	DATA 	Mouse:  Left button up, pos=(1145,266)
103.7482 	EXP 	suwak_badanie: markerPos = np.float64(19.270833333333343)
103.7645 	EXP 	label_text: autoDraw = False
103.7645 	EXP 	stim_image: autoDraw = False
103.7645 	EXP 	suwak_badanie: autoDraw = False
103.7645 	EXP 	lewa_etykieta: autoDraw = False
103.7645 	EXP 	prawa_etykieta: autoDraw = False
103.7645 	EXP 	fiksacja2: autoDraw = False
103.7645 	EXP 	pytanie: autoDraw = False
103.7645 	EXP 	text: autoDraw = True
105.7610 	EXP 	New trial (rep=0, index=9): <Trial 9 (9 in rep 0) data={'image_path': 'photos/1M_ZS_8020.png', 'etykieta': 'Model sztucznej inteligencji wykrył w tej twarzy 19% złości.', 'left_label': 'strach', 'right_label': 'złość', 'show_label': 4, 'proporcja_zdjecia': '80/20 złość', 'typ_etykiety': 'Procentowa AI', 'warunek': 'Niezgodny', 'kierunek': 'Dominacja Prawo złość', 'thisN': 9, 'thisTrialN': 9, 'thisRepN': 0}>
105.8222 	EXP 	text: autoDraw = False
105.8222 	EXP 	przerwa_text: autoDraw = False
105.8222 	EXP 	label_text: height = np.float64(0.05)
105.8222 	EXP 	label_text: height = np.float64(0.05)
105.8222 	EXP 	label_text: height = np.float64(0.05)
105.8222 	EXP 	label_text: text = 'Model sztucznej inteligencji wykrył w tej twarzy 19% złości.'
105.8222 	EXP 	label_text: height = np.float64(0.05)
105.8222 	EXP 	label_text: height = np.float64(0.05)
105.8222 	EXP 	label_text: height = np.float64(0.05)
105.8222 	EXP 	label_text: text = 'Model sztucznej inteligencji wykrył w tej twarzy 19% złości.'
105.8222 	EXP 	stim_image: image = 'photos/1M_ZS_8020.png'
105.8222 	EXP 	suwak_badanie: markerPos = None
105.8222 	EXP 	suwak_badanie: markerPos = 0
105.8222 	EXP 	lewa_etykieta: height = np.float64(0.085)
105.8222 	EXP 	lewa_etykieta: height = np.float64(0.085)
105.8222 	EXP 	lewa_etykieta: height = np.float64(0.085)
105.8222 	EXP 	lewa_etykieta: text = 'strach'
105.8222 	EXP 	prawa_etykieta: height = np.float64(0.085)
105.8222 	EXP 	prawa_etykieta: height = np.float64(0.085)
105.8222 	EXP 	prawa_etykieta: height = np.float64(0.085)
105.8222 	EXP 	prawa_etykieta: text = 'złość'
105.8222 	EXP 	label_text: autoDraw = True
109.8314 	EXP 	label_text: autoDraw = False
109.9647 	EXP 	fiksacja2: autoDraw = True
110.2307 	EXP 	fiksacja2: autoDraw = False
110.4148 	EXP 	stim_image: autoDraw = True
111.7097 	EXP 	suwak_badanie: autoDraw = True
111.7097 	EXP 	lewa_etykieta: autoDraw = True
111.7097 	EXP 	prawa_etykieta: autoDraw = True
111.7097 	EXP 	pytanie: autoDraw = True
111.7265 	EXP 	stim_image: autoDraw = False
117.8456 	DATA 	Mouse: Left button down, pos=(963,266)
117.8596 	EXP 	suwak_badanie: markerPos = np.float64(0.4166666666666643)
117.8765 	EXP 	suwak_badanie: markerPos = np.float64(0.4166666666666643)
117.8928 	EXP 	suwak_badanie: markerPos = np.float64(0.4166666666666643)
117.9093 	EXP 	suwak_badanie: markerPos = np.float64(0.4166666666666643)
117.9259 	EXP 	suwak_badanie: markerPos = np.float64(0.7291666666666714)
117.9429 	EXP 	suwak_badanie: markerPos = np.float64(1.4583333333333286)
117.9592 	EXP 	suwak_badanie: markerPos = np.float64(2.6041666666666643)
117.9758 	EXP 	suwak_badanie: markerPos = np.float64(4.791666666666671)
117.9926 	EXP 	suwak_badanie: markerPos = np.float64(6.875)
118.0092 	EXP 	suwak_badanie: markerPos = np.float64(10.729166666666664)
118.0256 	EXP 	suwak_badanie: markerPos = np.float64(12.5)
118.0424 	EXP 	suwak_badanie: markerPos = np.float64(14.0625)
118.0590 	EXP 	suwak_badanie: markerPos = np.float64(15.833333333333329)
118.0757 	EXP 	suwak_badanie: markerPos = np.float64(17.083333333333343)
118.0920 	EXP 	suwak_badanie: markerPos = np.float64(19.6875)
118.1088 	EXP 	suwak_badanie: markerPos = np.float64(22.1875)
118.1253 	EXP 	suwak_badanie: markerPos = np.float64(25.20833333333333)
118.1421 	EXP 	suwak_badanie: markerPos = np.float64(28.33333333333333)
118.1587 	EXP 	suwak_badanie: markerPos = np.float64(29.0625)
118.1753 	EXP 	suwak_badanie: markerPos = np.float64(29.89583333333333)
118.1919 	EXP 	suwak_badanie: markerPos = np.float64(30.41666666666667)
118.2089 	EXP 	suwak_badanie: markerPos = np.float64(31.145833333333343)
118.2254 	EXP 	suwak_badanie: markerPos = np.float64(32.29166666666667)
118.2417 	EXP 	suwak_badanie: markerPos = np.float64(33.22916666666667)
118.2583 	EXP 	suwak_badanie: markerPos = np.float64(33.4375)
118.2751 	EXP 	suwak_badanie: markerPos = np.float64(33.54166666666667)
118.2918 	EXP 	suwak_badanie: markerPos = np.float64(33.64583333333333)
118.3082 	EXP 	suwak_badanie: markerPos = np.float64(34.375)
118.3249 	EXP 	suwak_badanie: markerPos = np.float64(35.72916666666667)
118.3415 	EXP 	suwak_badanie: markerPos = np.float64(37.29166666666667)
118.3581 	EXP 	suwak_badanie: markerPos = np.float64(37.60416666666666)
118.3747 	EXP 	suwak_badanie: markerPos = np.float64(37.91666666666667)
118.3914 	EXP 	suwak_badanie: markerPos = np.float64(38.22916666666667)
118.4082 	EXP 	suwak_badanie: markerPos = np.float64(38.4375)
118.4247 	EXP 	suwak_badanie: markerPos = np.float64(38.54166666666667)
118.4415 	EXP 	suwak_badanie: markerPos = np.float64(38.64583333333333)
118.4581 	EXP 	suwak_badanie: markerPos = np.float64(38.75)
118.4745 	EXP 	suwak_badanie: markerPos = np.float64(38.85416666666667)
118.4911 	EXP 	suwak_badanie: markerPos = np.float64(38.85416666666667)
118.5079 	EXP 	suwak_badanie: markerPos = np.float64(38.85416666666667)
118.5247 	EXP 	suwak_badanie: markerPos = np.float64(38.85416666666667)
118.5310 	DATA 	Mouse:  Left button up, pos=(1333,301)
118.5411 	EXP 	suwak_badanie: markerPos = np.float64(38.85416666666667)
118.5578 	EXP 	suwak_badanie: markerPos = np.float64(38.85416666666667)
118.5743 	EXP 	label_text: autoDraw = False
118.5743 	EXP 	stim_image: autoDraw = False
118.5743 	EXP 	suwak_badanie: autoDraw = False
118.5743 	EXP 	lewa_etykieta: autoDraw = False
118.5743 	EXP 	prawa_etykieta: autoDraw = False
118.5743 	EXP 	fiksacja2: autoDraw = False
118.5743 	EXP 	pytanie: autoDraw = False
118.5743 	EXP 	text: autoDraw = True
120.5704 	EXP 	New trial (rep=0, index=10): <Trial 10 (10 in rep 0) data={'image_path': 'photos/1M_RS_5050.png', 'etykieta': 'Poprzedni badani wykryli w tej twarzy 78% smutku.', 'left_label': 'radość', 'right_label': 'smutek', 'show_label': 4, 'proporcja_zdjecia': '50/50', 'typ_etykiety': 'Procentowa Ludzie', 'warunek': 'n/d', 'kierunek': 'Sugestia Prawo smutek', 'thisN': 10, 'thisTrialN': 10, 'thisRepN': 0}>
120.6249 	EXP 	text: autoDraw = False
120.6249 	EXP 	przerwa_text: autoDraw = False
120.6249 	EXP 	label_text: height = np.float64(0.05)
120.6249 	EXP 	label_text: height = np.float64(0.05)
120.6249 	EXP 	label_text: height = np.float64(0.05)
120.6249 	EXP 	label_text: text = 'Poprzedni badani wykryli w tej twarzy 78% smutku.'
120.6249 	EXP 	label_text: height = np.float64(0.05)
120.6249 	EXP 	label_text: height = np.float64(0.05)
120.6249 	EXP 	label_text: height = np.float64(0.05)
120.6249 	EXP 	label_text: text = 'Poprzedni badani wykryli w tej twarzy 78% smutku.'
120.6249 	EXP 	stim_image: image = 'photos/1M_RS_5050.png'
120.6249 	EXP 	suwak_badanie: markerPos = None
120.6249 	EXP 	suwak_badanie: markerPos = 0
120.6249 	EXP 	lewa_etykieta: height = np.float64(0.085)
120.6249 	EXP 	lewa_etykieta: height = np.float64(0.085)
120.6249 	EXP 	lewa_etykieta: height = np.float64(0.085)
120.6249 	EXP 	lewa_etykieta: text = 'radość'
120.6249 	EXP 	prawa_etykieta: height = np.float64(0.085)
120.6249 	EXP 	prawa_etykieta: height = np.float64(0.085)
120.6249 	EXP 	prawa_etykieta: height = np.float64(0.085)
120.6249 	EXP 	prawa_etykieta: text = 'smutek'
120.6249 	EXP 	label_text: autoDraw = True
124.6243 	EXP 	label_text: autoDraw = False
124.7740 	EXP 	fiksacja2: autoDraw = True
125.0233 	EXP 	fiksacja2: autoDraw = False
125.2236 	EXP 	stim_image: autoDraw = True
126.5194 	EXP 	suwak_badanie: autoDraw = True
126.5194 	EXP 	lewa_etykieta: autoDraw = True
126.5194 	EXP 	prawa_etykieta: autoDraw = True
126.5194 	EXP 	pytanie: autoDraw = True
126.5357 	EXP 	stim_image: autoDraw = False
131.9081 	DATA 	Mouse: Left button down, pos=(960,261)
131.9216 	EXP 	suwak_badanie: markerPos = np.float64(0.0)
131.9378 	EXP 	suwak_badanie: markerPos = np.float64(-0.1041666666666643)
131.9543 	EXP 	suwak_badanie: markerPos = np.float64(-0.4166666666666643)
131.9710 	EXP 	suwak_badanie: markerPos = np.float64(-0.5208333333333286)
131.9877 	EXP 	suwak_badanie: markerPos = np.float64(-0.7291666666666643)
132.0045 	EXP 	suwak_badanie: markerPos = np.float64(-0.8333333333333357)
132.0208 	EXP 	suwak_badanie: markerPos = np.float64(-0.9375)
132.0375 	EXP 	suwak_badanie: markerPos = np.float64(-0.9375)
132.0540 	EXP 	suwak_badanie: markerPos = np.float64(-0.9375)
132.0706 	EXP 	suwak_badanie: markerPos = np.float64(-0.4166666666666643)
132.0873 	EXP 	suwak_badanie: markerPos = np.float64(2.0833333333333357)
132.1040 	EXP 	suwak_badanie: markerPos = np.float64(3.2291666666666714)
132.1206 	EXP 	suwak_badanie: markerPos = np.float64(4.479166666666664)
132.1371 	EXP 	suwak_badanie: markerPos = np.float64(5.104166666666664)
132.1541 	EXP 	suwak_badanie: markerPos = np.float64(5.208333333333336)
132.1705 	EXP 	suwak_badanie: markerPos = np.float64(5.3125)
132.1870 	EXP 	suwak_badanie: markerPos = np.float64(5.3125)
132.2038 	EXP 	suwak_badanie: markerPos = np.float64(5.416666666666671)
132.2206 	EXP 	suwak_badanie: markerPos = np.float64(5.416666666666671)
132.2369 	EXP 	suwak_badanie: markerPos = np.float64(5.520833333333329)
132.2533 	EXP 	suwak_badanie: markerPos = np.float64(5.520833333333329)
132.2704 	EXP 	suwak_badanie: markerPos = np.float64(5.833333333333336)
132.2867 	EXP 	suwak_badanie: markerPos = np.float64(6.145833333333329)
132.3033 	EXP 	suwak_badanie: markerPos = np.float64(6.354166666666657)
132.3199 	EXP 	suwak_badanie: markerPos = np.float64(6.562500000000007)
132.3365 	EXP 	suwak_badanie: markerPos = np.float64(6.875)
132.3531 	EXP 	suwak_badanie: markerPos = np.float64(7.604166666666664)
132.3698 	EXP 	suwak_badanie: markerPos = np.float64(7.708333333333343)
132.3866 	EXP 	suwak_badanie: markerPos = np.float64(7.8125)
132.4033 	EXP 	suwak_badanie: markerPos = np.float64(7.8125)
132.4195 	EXP 	suwak_badanie: markerPos = np.float64(7.8125)
132.4366 	EXP 	suwak_badanie: markerPos = np.float64(7.8125)
132.4531 	EXP 	suwak_badanie: markerPos = np.float64(7.8125)
132.4694 	EXP 	suwak_badanie: markerPos = np.float64(7.8125)
132.4866 	EXP 	suwak_badanie: markerPos = np.float64(7.8125)
132.5031 	EXP 	suwak_badanie: markerPos = np.float64(7.8125)
132.5194 	EXP 	suwak_badanie: markerPos = np.float64(7.8125)
132.5365 	EXP 	suwak_badanie: markerPos = np.float64(7.8125)
132.5528 	EXP 	suwak_badanie: markerPos = np.float64(7.8125)
132.5693 	EXP 	suwak_badanie: markerPos = np.float64(7.916666666666657)
132.5860 	EXP 	suwak_badanie: markerPos = np.float64(7.916666666666657)
132.6025 	EXP 	suwak_badanie: markerPos = np.float64(7.916666666666657)
132.6196 	EXP 	suwak_badanie: markerPos = np.float64(8.020833333333336)
132.6358 	EXP 	suwak_badanie: markerPos = np.float64(8.020833333333336)
132.6527 	EXP 	suwak_badanie: markerPos = np.float64(8.125000000000007)
132.6695 	EXP 	suwak_badanie: markerPos = np.float64(8.125000000000007)
132.6859 	EXP 	suwak_badanie: markerPos = np.float64(8.229166666666664)
132.7023 	EXP 	suwak_badanie: markerPos = np.float64(8.4375)
132.7189 	EXP 	suwak_badanie: markerPos = np.float64(8.541666666666671)
132.7358 	EXP 	suwak_badanie: markerPos = np.float64(8.854166666666664)
132.7522 	EXP 	suwak_badanie: markerPos = np.float64(9.166666666666664)
132.7689 	EXP 	suwak_badanie: markerPos = np.float64(9.270833333333343)
132.7854 	EXP 	suwak_badanie: markerPos = np.float64(9.479166666666657)
132.8023 	EXP 	suwak_badanie: markerPos = np.float64(9.479166666666657)
132.8187 	EXP 	suwak_badanie: markerPos = np.float64(9.479166666666657)
132.8351 	EXP 	suwak_badanie: markerPos = np.float64(9.479166666666657)
132.8519 	EXP 	suwak_badanie: markerPos = np.float64(9.479166666666657)
132.8685 	EXP 	suwak_badanie: markerPos = np.float64(9.479166666666657)
132.8851 	EXP 	suwak_badanie: markerPos = np.float64(9.479166666666657)
132.9020 	EXP 	suwak_badanie: markerPos = np.float64(9.479166666666657)
132.9042 	DATA 	Mouse:  Left button up, pos=(1051,274)
132.9185 	EXP 	suwak_badanie: markerPos = np.float64(9.479166666666657)
132.9349 	EXP 	label_text: autoDraw = False
132.9349 	EXP 	stim_image: autoDraw = False
132.9349 	EXP 	suwak_badanie: autoDraw = False
132.9349 	EXP 	lewa_etykieta: autoDraw = False
132.9349 	EXP 	prawa_etykieta: autoDraw = False
132.9349 	EXP 	fiksacja2: autoDraw = False
132.9349 	EXP 	pytanie: autoDraw = False
132.9349 	EXP 	text: autoDraw = True
134.9314 	EXP 	New trial (rep=0, index=11): <Trial 11 (11 in rep 0) data={'image_path': 'photos/1M_ZW_5050.png', 'etykieta': 'test', 'left_label': 'zaufanie', 'right_label': 'wstręt', 'show_label': 0, 'proporcja_zdjecia': '50/50', 'typ_etykiety': 'Kontrolna', 'warunek': 'kontrolny', 'kierunek': 'Brak', 'thisN': 11, 'thisTrialN': 11, 'thisRepN': 0}>
135.0105 	EXP 	text: autoDraw = False
135.0105 	EXP 	przerwa_text: autoDraw = False
135.0105 	EXP 	label_text: height = np.float64(0.05)
135.0105 	EXP 	label_text: height = np.float64(0.05)
135.0105 	EXP 	label_text: height = np.float64(0.05)
135.0105 	EXP 	label_text: text = ''
135.0105 	EXP 	label_text: height = np.float64(0.05)
135.0105 	EXP 	label_text: height = np.float64(0.05)
135.0105 	EXP 	label_text: height = np.float64(0.05)
135.0105 	EXP 	label_text: height = np.float64(0.05)
135.0105 	EXP 	label_text: height = np.float64(0.05)
135.0105 	EXP 	label_text: height = np.float64(0.05)
135.0105 	EXP 	label_text: text = 'test'
135.0105 	EXP 	stim_image: image = 'photos/1M_ZW_5050.png'
135.0105 	EXP 	suwak_badanie: markerPos = None
135.0105 	EXP 	suwak_badanie: markerPos = 0
135.0105 	EXP 	lewa_etykieta: height = np.float64(0.085)
135.0105 	EXP 	lewa_etykieta: height = np.float64(0.085)
135.0105 	EXP 	lewa_etykieta: height = np.float64(0.085)
135.0105 	EXP 	lewa_etykieta: text = 'zaufanie'
135.0105 	EXP 	prawa_etykieta: height = np.float64(0.085)
135.0105 	EXP 	prawa_etykieta: height = np.float64(0.085)
135.0105 	EXP 	prawa_etykieta: height = np.float64(0.085)
135.0105 	EXP 	prawa_etykieta: text = 'wstręt'
135.0105 	EXP 	label_text: autoDraw = True
135.0105 	EXP 	label_text: autoDraw = False
135.1456 	EXP 	fiksacja2: autoDraw = True
135.3951 	EXP 	fiksacja2: autoDraw = False
135.5957 	EXP 	stim_image: autoDraw = True
136.8909 	EXP 	suwak_badanie: autoDraw = True
136.8909 	EXP 	lewa_etykieta: autoDraw = True
136.8909 	EXP 	prawa_etykieta: autoDraw = True
136.8909 	EXP 	pytanie: autoDraw = True
136.9077 	EXP 	stim_image: autoDraw = False
138.6414 	DATA 	Keypress: escape
138.6534 	EXP 	Device response: <KeyPress from None: t=138.6375775000779, value=escape, duration=None>
138.8363 	EXP 	Device response: <KeyPress from None: t=138.6375775000779, value=escape, duration=0.18459659989457577>
138.8364 	EXP 	untitled_FINAL_NEWEST: status = STOPPED
138.8525 	EXP 	suwak_badanie: autoDraw = False
138.8525 	EXP 	lewa_etykieta: autoDraw = False
138.8525 	EXP 	prawa_etykieta: autoDraw = False
138.8525 	EXP 	pytanie: autoDraw = False
138.8527 	EXP 	untitled_FINAL_NEWEST: status = STOPPED
138.8839 	INFO 	saved data to 'C:\\Users\\julia\\OneDrive\\Pulpit\\percepcja_psychopy\\data\\773047_untitled_FINAL_NEWEST_2026-04-27_12h22.50.942.csv'
138.8877 	INFO 	saved data to C:\Users\julia\OneDrive\Pulpit\percepcja_psychopy\data\773047_untitled_FINAL_NEWEST_2026-04-27_12h22.50.942.psydat
140.1570 	WARNING 	Stopping key buffers but this could be dangerous ifother keyboards rely on the same.
