8.7163 	INFO 	Loaded monitor calibration from ['2026_03_18 20:30']
8.7669 	WARNING 	User requested fullscreen with size [1090  800], but screen is actually [1920, 1080]. Using actual size
10.3941 	INFO 	Using renderer 'Intel(R) UHD Graphics' for graphics
10.3941 	INFO 	OpenGL version supported by driver is 4..
11.6301 	EXP 	Created window1 = Window(allowGUI=False, allowStencil=False, autoLog=True, backendConf=UNKNOWN, backgroundFit=<method-wrapper '__getattribute__' of attributeSetter object at 0x000002390E5E4EB0>, backgroundImage=<method-wrapper '__getattribute__' of attributeSetter object at 0x000002390E5E4DC0>, bitsMode=UNKNOWN, blendMode='avg', bpc=(8, 8, 8), color=array([-1., -1., -1.]), colorSpace='rgb', depthBits=8, fullscr=True, gamma=None, gammaErrorPolicy='raise', infoMsg=UNKNOWN, lms=UNKNOWN, monitor=<psychopy.monitors.calibTools.Monitor object at 0x000002390E57DCF0>, multiSample=False, name='window1', numSamples=2, pos=[np.float64(0.0), np.float64(0.0)], screen=0, size=array([1920, 1080]), stencilBits=0, stereo=False, title='PsychoPy', units='height', useFBO=True, useRetina=False, viewOri=0.0, viewPos=None, viewScale=None, waitBlanking=True, winType='pyglet')
11.6302 	EXP 	window1: backgroundImage = ''
11.6302 	EXP 	window1: backgroundFit = 'none'
12.2026 	EXP 	window1: Attempting to measure frame rate of screen (0) ...
12.2027 	EXP 	window1: recordFrameIntervals = False
12.5312 	EXP 	window1: recordFrameIntervals = True
12.6674 	WARNING 	t of last frame was 20.51ms (=1/48)
12.9407 	WARNING 	t of last frame was 27.89ms (=1/35)
13.2195 	WARNING 	t of last frame was 40.97ms (=1/24)
13.5051 	WARNING 	t of last frame was 43.94ms (=1/22)
13.7819 	WARNING 	Multiple dropped frames have occurred - I'll stop bothering you about them!
14.1970 	EXP 	window1: recordFrameIntervals = False
14.1970 	EXP 	Screen (0) actual frame rate measured at 60.06Hz
14.4829 	INFO 	keyboard.Keyboard is using ptb backend.
14.4829 	EXP 	untitled_FINAL_NEWEST: status = STARTED
14.6539 	EXP 	Created text_instr = TextStim(__class__=<class 'psychopy.visual.text.TextStim'>, alignHoriz=method-wrapper(...), alignText='center', alignVert=method-wrapper(...), anchorHoriz='center', anchorVert='center', antialias=True, autoDraw=False, autoLog=True, bold=False, color=array([1., 1., 1.]), colorSpace='rgb', contrast=1.0, depth=-2.0, draggable=False, flipHoriz=False, flipVert=False, font='Arial', fontFiles=[], height=np.float64(0.03), italic=False, languageStyle='LTR', name='text_instr', opacity=1, ori=0.0, pos=array([0., 0.]), rgb=UNKNOWN, text=str(...), units='height', win=Window(...), wrapWidth=1.3)
14.6809 	EXP 	Created suwak_info = TextStim(__class__=<class 'psychopy.visual.text.TextStim'>, alignHoriz=method-wrapper(...), alignText='center', alignVert=method-wrapper(...), anchorHoriz='center', anchorVert='center', antialias=True, autoDraw=False, autoLog=True, bold=False, color=array([1., 1., 1.]), colorSpace='rgb', contrast=1.0, depth=-1.0, draggable=False, flipHoriz=False, flipVert=False, font='Arial', fontFiles=[], height=np.float64(0.03), italic=False, languageStyle='LTR', name='suwak_info', opacity=1, ori=0.0, pos=array([0., 0.]), rgb=UNKNOWN, text=str(...), units='height', win=Window(...), wrapWidth=1.3)
14.7558 	EXP 	Created proba_testowa = TextStim(__class__=<class 'psychopy.visual.text.TextStim'>, alignHoriz=method-wrapper(...), alignText='center', alignVert=method-wrapper(...), anchorHoriz='center', anchorVert='center', antialias=True, autoDraw=False, autoLog=True, bold=False, color=array([1., 1., 1.]), colorSpace='rgb', contrast=1.0, depth=-2.0, draggable=False, flipHoriz=False, flipVert=False, font='Arial', fontFiles=[], height=np.float64(0.04), italic=False, languageStyle='LTR', name='proba_testowa', opacity=1, ori=0.0, pos=array([0., 0.]), rgb=UNKNOWN, text=str(...), units='height', win=Window(...), wrapWidth=1.3)
14.7590 	EXP 	Created pilot_label_text = TextStim(__class__=<class 'psychopy.visual.text.TextStim'>, alignHoriz=method-wrapper(...), alignText='center', alignVert=method-wrapper(...), anchorHoriz='center', anchorVert='center', antialias=True, autoDraw=False, autoLog=True, bold=False, color=array([1., 1., 1.]), colorSpace='rgb', contrast=1.0, depth=-1.0, draggable=False, flipHoriz=False, flipVert=False, font='Arial', fontFiles=[], height=0.05, italic=False, languageStyle='LTR', name='pilot_label_text', opacity=1, ori=0.0, pos=array([0., 0.]), rgb=UNKNOWN, text='', units='height', win=Window(...), wrapWidth=1.3)
14.7746 	EXP 	Created pilot_fiksacja1 = TextStim(__class__=<class 'psychopy.visual.text.TextStim'>, alignHoriz=method-wrapper(...), alignText='center', alignVert=method-wrapper(...), anchorHoriz='center', anchorVert='center', antialias=True, autoDraw=False, autoLog=True, bold=False, color=array([1., 1., 1.]), colorSpace='rgb', contrast=1.0, depth=-2.0, draggable=False, flipHoriz=False, flipVert=False, font='Arial', fontFiles=[], height=np.float64(0.1), italic=False, languageStyle='LTR', name='pilot_fiksacja1', opacity=1, ori=0.0, pos=array([0., 0.]), rgb=UNKNOWN, text='+', units='height', win=Window(...), wrapWidth=1)
14.8420 	EXP 	Created pilot_suwak = Slider(__class__=<class 'psychopy.visual.slider.Slider'>, autoDraw=False, autoLog=True, borderColor=None, color=None, colorSpace='rgb', depth=-3, fillColor=None, flip=False, font='Noto Sans', granularity=0.0, labelColor=None, labelHeight=np.float64(0.05), labelWrapWidth=None, labels=None, lineColor=None, markerColor=None, name='pilot_suwak', opacity=None, ori=0.0, pos=array([ 0. , -0.5]), readOnly=False, self=UNKNOWN, size=array([1. , 0.1]), startValue=0, style='slider', styleTweaks=[], ticks=ndarray(...), units='norm', win=Window(...))
14.8485 	EXP 	Created pilot_fiksacja2 = TextStim(__class__=<class 'psychopy.visual.text.TextStim'>, alignHoriz=method-wrapper(...), alignText='center', alignVert=method-wrapper(...), anchorHoriz='center', anchorVert='center', antialias=True, autoDraw=False, autoLog=True, bold=False, color=array([1., 1., 1.]), colorSpace='rgb', contrast=1.0, depth=-4.0, draggable=False, flipHoriz=False, flipVert=False, font='Arial', fontFiles=[], height=np.float64(0.1), italic=False, languageStyle='LTR', name='pilot_fiksacja2', opacity=1, ori=0.0, pos=array([0., 0.]), rgb=UNKNOWN, text='+', units='height', win=Window(...), wrapWidth=1)
14.8928 	EXP 	Created pilot_pytanie = TextStim(__class__=<class 'psychopy.visual.text.TextStim'>, alignHoriz=method-wrapper(...), alignText='center', alignVert=method-wrapper(...), anchorHoriz='center', anchorVert='center', antialias=True, autoDraw=False, autoLog=True, bold=False, color=array([1., 1., 1.]), colorSpace='rgb', contrast=1.0, depth=-5.0, draggable=False, flipHoriz=False, flipVert=False, font='Arial', fontFiles=[], height=np.float64(0.05), italic=False, languageStyle='LTR', name='pilot_pytanie', opacity=1, ori=0.0, pos=array([0.  , 0.25]), rgb=UNKNOWN, text='Jaką emocję wyrażała ta twarz?', units='height', win=Window(...), wrapWidth=1)
14.8956 	EXP 	Created pilot_lewa_etykieta = TextStim(__class__=<class 'psychopy.visual.text.TextStim'>, alignHoriz=method-wrapper(...), alignText='center', alignVert=method-wrapper(...), anchorHoriz='center', anchorVert='center', antialias=True, autoDraw=False, autoLog=True, bold=False, color=array([1., 1., 1.]), colorSpace='rgb', contrast=1.0, depth=-6.0, draggable=False, flipHoriz=False, flipVert=False, font='Arial', fontFiles=[], height=0.05, italic=False, languageStyle='LTR', name='pilot_lewa_etykieta', opacity=1, ori=0.0, pos=array([-0.5, -0.5]), rgb=UNKNOWN, text='', units='height', win=Window(...), wrapWidth=1)
14.8980 	EXP 	Created pilot_prawa_etykieta = TextStim(__class__=<class 'psychopy.visual.text.TextStim'>, alignHoriz=method-wrapper(...), alignText='center', alignVert=method-wrapper(...), anchorHoriz='center', anchorVert='center', antialias=True, autoDraw=False, autoLog=True, bold=False, color=array([1., 1., 1.]), colorSpace='rgb', contrast=1.0, depth=-7.0, draggable=False, flipHoriz=False, flipVert=False, font='Arial', fontFiles=[], height=0.05, italic=False, languageStyle='LTR', name='pilot_prawa_etykieta', opacity=1, ori=0.0, pos=array([ 0.5, -0.5]), rgb=UNKNOWN, text='', units='height', win=Window(...), wrapWidth=1)
15.0602 	EXP 	Created pilot_stim_image = ImageStim(__class__=<class 'psychopy.visual.image.ImageStim'>, anchor=('center', 'center'), autoLog=True, color=array([1., 1., 1.]), colorSpace='rgb', contrast=1.0, depth=-8.0, draggable=False, flipHoriz=np.False_, flipVert=np.False_, image='C:/Users/julia/OneDrive/Obrazy/IMG_2397.JPEG', interpolate=True, mask=None, maskParams=None, name='pilot_stim_image', opacity=1, ori=0.0, pos=array([0., 0.]), size=array([0.75, 0.75]), texRes=128.0, units='height', win=Window(...))
15.0924 	EXP 	Created start_badania = TextStim(__class__=<class 'psychopy.visual.text.TextStim'>, alignHoriz=method-wrapper(...), alignText='center', alignVert=method-wrapper(...), anchorHoriz='center', anchorVert='center', antialias=True, autoDraw=False, autoLog=True, bold=False, color=array([1., 1., 1.]), colorSpace='rgb', contrast=1.0, depth=-2.0, draggable=False, flipHoriz=False, flipVert=False, font='Arial', fontFiles=[], height=np.float64(0.05), italic=False, languageStyle='LTR', name='start_badania', opacity=1, ori=0.0, pos=array([0., 0.]), rgb=UNKNOWN, text=str(...), units='height', win=Window(...), wrapWidth=1)
15.0931 	EXP 	Created label_text = TextStim(__class__=<class 'psychopy.visual.text.TextStim'>, alignHoriz=method-wrapper(...), alignText='center', alignVert=method-wrapper(...), anchorHoriz='center', anchorVert='center', antialias=True, autoDraw=False, autoLog=True, bold=False, color=array([1., 1., 1.]), colorSpace='rgb', contrast=1.0, depth=-2.0, draggable=False, flipHoriz=False, flipVert=False, font='Arial', fontFiles=[], height=0.05, italic=False, languageStyle='LTR', name='label_text', opacity=1, ori=0.0, pos=array([0., 0.]), rgb=UNKNOWN, text='', units='height', win=Window(...), wrapWidth=1.3)
15.0983 	EXP 	Created stim_image = ImageStim(__class__=<class 'psychopy.visual.image.ImageStim'>, anchor=('center', 'center'), autoLog=True, color=array([1., 1., 1.]), colorSpace='rgb', contrast=1.0, depth=-3.0, draggable=False, flipHoriz=np.False_, flipVert=np.False_, image='default.png', interpolate=True, mask=None, maskParams=None, name='stim_image', opacity=1, ori=0.0, pos=array([0., 0.]), size=array([0.75, 0.75]), texRes=128.0, units='height', win=Window(...))
15.1083 	EXP 	Created suwak_badanie = Slider(__class__=<class 'psychopy.visual.slider.Slider'>, autoDraw=False, autoLog=True, borderColor=None, color=None, colorSpace='rgb', depth=-4, fillColor=None, flip=False, font='Noto Sans', granularity=0.0, labelColor=None, labelHeight=np.float64(0.05), labelWrapWidth=None, labels=None, lineColor=None, markerColor=None, name='suwak_badanie', opacity=None, ori=0.0, pos=array([ 0. , -0.5]), readOnly=False, self=UNKNOWN, size=array([1. , 0.1]), startValue=0, style='slider', styleTweaks=[], ticks=ndarray(...), units='norm', win=Window(...))
15.1091 	EXP 	Created lewa_etykieta = TextStim(__class__=<class 'psychopy.visual.text.TextStim'>, alignHoriz=method-wrapper(...), alignText='center', alignVert=method-wrapper(...), anchorHoriz='center', anchorVert='center', antialias=True, autoDraw=False, autoLog=True, bold=False, color=array([1., 1., 1.]), colorSpace='rgb', contrast=1.0, depth=-5.0, draggable=False, flipHoriz=False, flipVert=False, font='Arial', fontFiles=[], height=0.05, italic=False, languageStyle='LTR', name='lewa_etykieta', opacity=1, ori=0.0, pos=array([-0.55, -0.08]), rgb=UNKNOWN, text='', units='height', win=Window(...), wrapWidth=1)
15.1098 	EXP 	Created prawa_etykieta = TextStim(__class__=<class 'psychopy.visual.text.TextStim'>, alignHoriz=method-wrapper(...), alignText='center', alignVert=method-wrapper(...), anchorHoriz='center', anchorVert='center', antialias=True, autoDraw=False, autoLog=True, bold=False, color=array([1., 1., 1.]), colorSpace='rgb', contrast=1.0, depth=-6.0, draggable=False, flipHoriz=False, flipVert=False, font='Arial', fontFiles=[], height=0.05, italic=False, languageStyle='LTR', name='prawa_etykieta', opacity=1, ori=0.0, pos=array([ 0.55, -0.08]), rgb=UNKNOWN, text='', units='height', win=Window(...), wrapWidth=1)
15.1127 	EXP 	Created fiksacja1 = TextStim(__class__=<class 'psychopy.visual.text.TextStim'>, alignHoriz=method-wrapper(...), alignText='center', alignVert=method-wrapper(...), anchorHoriz='center', anchorVert='center', antialias=True, autoDraw=False, autoLog=True, bold=False, color=array([1., 1., 1.]), colorSpace='rgb', contrast=1.0, depth=-7.0, draggable=False, flipHoriz=False, flipVert=False, font='Arial', fontFiles=[], height=np.float64(0.1), italic=False, languageStyle='LTR', name='fiksacja1', opacity=1, ori=0.0, pos=array([0., 0.]), rgb=UNKNOWN, text='+', units='height', win=Window(...), wrapWidth=1)
15.1158 	EXP 	Created fiksacja2 = TextStim(__class__=<class 'psychopy.visual.text.TextStim'>, alignHoriz=method-wrapper(...), alignText='center', alignVert=method-wrapper(...), anchorHoriz='center', anchorVert='center', antialias=True, autoDraw=False, autoLog=True, bold=False, color=array([1., 1., 1.]), colorSpace='rgb', contrast=1.0, depth=-8.0, draggable=False, flipHoriz=False, flipVert=False, font='Arial', fontFiles=[], height=np.float64(0.1), italic=False, languageStyle='LTR', name='fiksacja2', opacity=1, ori=0.0, pos=array([0., 0.]), rgb=UNKNOWN, text='+', units='height', win=Window(...), wrapWidth=1)
15.1256 	EXP 	Created pytanie = TextStim(__class__=<class 'psychopy.visual.text.TextStim'>, alignHoriz=method-wrapper(...), alignText='center', alignVert=method-wrapper(...), anchorHoriz='center', anchorVert='center', antialias=True, autoDraw=False, autoLog=True, bold=False, color=array([1., 1., 1.]), colorSpace='rgb', contrast=1.0, depth=-9.0, draggable=False, flipHoriz=False, flipVert=False, font='Arial', fontFiles=[], height=np.float64(0.04), italic=False, languageStyle='LTR', name='pytanie', opacity=1, ori=0.0, pos=array([0.  , 0.25]), rgb=UNKNOWN, text='Jaką emocję wyrażała ta twarz?', units='height', win=Window(...), wrapWidth=1)
0.0023 	EXP 	pilot_suwak: autoLog = True
0.0023 	EXP 	pilot_suwak: styleTweaks = []
0.0023 	EXP 	pilot_suwak: styleTweaks = []
0.0023 	EXP 	pilot_suwak: styleTweaks = []
0.0023 	EXP 	pilot_suwak: styleTweaks = []
0.0023 	EXP 	pilot_suwak: contrast = 1.0
0.0023 	EXP 	pilot_suwak: markerPos = 0
0.0023 	EXP 	pilot_suwak: autoLog = True
0.0023 	EXP 	suwak_badanie: autoLog = True
0.0023 	EXP 	suwak_badanie: styleTweaks = []
0.0023 	EXP 	suwak_badanie: styleTweaks = []
0.0023 	EXP 	suwak_badanie: styleTweaks = []
0.0023 	EXP 	suwak_badanie: styleTweaks = []
0.0023 	EXP 	suwak_badanie: contrast = 1.0
0.0023 	EXP 	suwak_badanie: markerPos = 0
0.0023 	EXP 	suwak_badanie: autoLog = True
0.0070 	INFO 	Keyboard events cleared
0.0069 	EXP 	text_instr: autoDraw = True
1.0149 	DATA 	Keypress: space
1.0405 	EXP 	Device response: <KeyPress from None: t=1.0129136000177823, value=space, duration=None>
1.0467 	INFO 	Keyboard events cleared
1.0465 	EXP 	text_instr: autoDraw = False
1.0465 	EXP 	suwak_info: autoDraw = True
1.0619 	EXP 	Device response: <KeyPress from None: t=1.0129136000177823, value=space, duration=0.044957300007808954>
1.2450 	EXP 	Device response: <KeyPress from None: t=1.2385806000092998, value=space, duration=None>
1.2490 	DATA 	Keypress: space
1.2612 	INFO 	Keyboard events cleared
1.2610 	EXP 	suwak_info: autoDraw = False
1.2610 	EXP 	proba_testowa: autoDraw = True
1.3115 	EXP 	Device response: <KeyPress from None: t=1.2385806000092998, value=space, duration=0.060284500010311604>
1.4804 	DATA 	Keypress: space
1.4945 	EXP 	Device response: <KeyPress from None: t=1.47809629997937, value=space, duration=None>
1.5236 	EXP 	proba_testowa: autoDraw = False
1.5236 	EXP 	pilot_label_text: height = np.float64(0.05)
1.5236 	EXP 	pilot_label_text: height = np.float64(0.05)
1.5236 	EXP 	pilot_label_text: height = np.float64(0.05)
1.5236 	EXP 	pilot_label_text: height = np.float64(0.05)
1.5236 	EXP 	pilot_label_text: height = np.float64(0.05)
1.5236 	EXP 	pilot_label_text: height = np.float64(0.05)
1.5236 	EXP 	pilot_label_text: text = 'Model AI wykrył w tej twarzy 80%\n'
1.5236 	EXP 	pilot_suwak: markerPos = None
1.5236 	EXP 	pilot_suwak: markerPos = 0
1.5236 	EXP 	pilot_lewa_etykieta: height = np.float64(0.05)
1.5236 	EXP 	pilot_lewa_etykieta: height = np.float64(0.05)
1.5236 	EXP 	pilot_lewa_etykieta: height = np.float64(0.05)
1.5236 	EXP 	pilot_lewa_etykieta: text = 'radość'
1.5236 	EXP 	pilot_prawa_etykieta: height = np.float64(0.05)
1.5236 	EXP 	pilot_prawa_etykieta: height = np.float64(0.05)
1.5236 	EXP 	pilot_prawa_etykieta: height = np.float64(0.05)
1.5236 	EXP 	pilot_prawa_etykieta: text = 'smutek'
1.5236 	EXP 	pilot_fiksacja1: autoDraw = True
1.5435 	EXP 	Device response: <KeyPress from None: t=1.47809629997937, value=space, duration=0.06015590002061799>
2.5240 	EXP 	pilot_fiksacja1: autoDraw = False
2.6074 	EXP 	pilot_label_text: autoDraw = True
5.1005 	EXP 	pilot_fiksacja2: autoDraw = True
5.6156 	EXP 	pilot_label_text: autoDraw = False
6.1027 	EXP 	pilot_stim_image: autoDraw = True
6.1155 	EXP 	pilot_fiksacja2: autoDraw = False
6.9963 	EXP 	pilot_suwak: autoDraw = True
6.9963 	EXP 	pilot_pytanie: autoDraw = True
6.9963 	EXP 	pilot_lewa_etykieta: autoDraw = True
6.9963 	EXP 	pilot_prawa_etykieta: autoDraw = True
7.0117 	EXP 	pilot_stim_image: autoDraw = False
36.7810 	EXP 	Device response: <KeyPress from None: t=36.77354840002954, value=escape, duration=None>
36.7815 	DATA 	Keypress: escape
36.8974 	EXP 	Device response: <KeyPress from None: t=36.77354840002954, value=escape, duration=0.12039830000139773>
36.8975 	EXP 	untitled_FINAL_NEWEST: status = STOPPED
36.9136 	EXP 	pilot_suwak: autoDraw = False
36.9136 	EXP 	pilot_pytanie: autoDraw = False
36.9136 	EXP 	pilot_lewa_etykieta: autoDraw = False
36.9136 	EXP 	pilot_prawa_etykieta: autoDraw = False
36.9138 	EXP 	untitled_FINAL_NEWEST: status = STOPPED
36.9216 	INFO 	saved data to 'C:\\Users\\julia\\OneDrive\\Pulpit\\percepcja_psychopy\\data\\792536_untitled_FINAL_NEWEST_2026-04-24_18h09.07.571.csv'
36.9227 	INFO 	saved data to C:\Users\julia\OneDrive\Pulpit\percepcja_psychopy\data\792536_untitled_FINAL_NEWEST_2026-04-24_18h09.07.571.psydat
38.5183 	WARNING 	Stopping key buffers but this could be dangerous ifother keyboards rely on the same.
