8.9390 	INFO 	Loaded monitor calibration from ['2026_03_18 20:30']
8.9789 	WARNING 	User requested fullscreen with size [1090  800], but screen is actually [1920, 1080]. Using actual size
9.8772 	INFO 	Using renderer 'Intel(R) UHD Graphics' for graphics
9.8772 	INFO 	OpenGL version supported by driver is 4..
10.7981 	EXP 	Created window1 = Window(allowGUI=False, allowStencil=False, autoLog=True, backendConf=UNKNOWN, backgroundFit=<method-wrapper '__getattribute__' of attributeSetter object at 0x0000018D2FB13220>, backgroundImage=<method-wrapper '__getattribute__' of attributeSetter object at 0x0000018D2FB13610>, bitsMode=UNKNOWN, blendMode='avg', bpc=(8, 8, 8), color=array([0, 0, 0]), colorSpace='rgb', depthBits=8, fullscr=True, gamma=None, gammaErrorPolicy='raise', infoMsg=UNKNOWN, lms=UNKNOWN, monitor=<psychopy.monitors.calibTools.Monitor object at 0x0000018D3714D7E0>, multiSample=False, name='window1', numSamples=2, pos=[np.float64(0.0), np.float64(0.0)], screen=0, size=array([1920, 1080]), stencilBits=0, stereo=False, title='PsychoPy', units='height', useFBO=True, useRetina=False, viewOri=0.0, viewPos=None, viewScale=None, waitBlanking=True, winType='pyglet')
10.7981 	EXP 	window1: backgroundImage = ''
10.7981 	EXP 	window1: backgroundFit = 'none'
11.2144 	EXP 	window1: Attempting to measure frame rate of screen (0) ...
11.2145 	EXP 	window1: recordFrameIntervals = False
11.3658 	EXP 	window1: recordFrameIntervals = True
13.0280 	EXP 	window1: recordFrameIntervals = False
13.0281 	EXP 	Screen (0) actual frame rate measured at 60.10Hz
13.1940 	INFO 	keyboard.Keyboard is using ptb backend.
13.1940 	EXP 	untitled: status = STARTED
13.2206 	EXP 	Created label_text = TextStim(__class__=<class 'psychopy.visual.text.TextStim'>, alignHoriz=method-wrapper(...), alignText='center', alignVert=method-wrapper(...), anchorHoriz='center', anchorVert='center', antialias=True, autoDraw=False, autoLog=True, bold=False, color=array([1., 1., 1.]), colorSpace='rgb', contrast=1.0, depth=-2.0, draggable=False, flipHoriz=False, flipVert=False, font='Arial', fontFiles=[], height=0.05, italic=False, languageStyle='LTR', name='label_text', opacity=1, ori=0.0, pos=array([0., 0.]), rgb=UNKNOWN, text='', units='height', win=Window(...), wrapWidth=1)
13.2635 	EXP 	Created stim_image = ImageStim(__class__=<class 'psychopy.visual.image.ImageStim'>, anchor=('center', 'center'), autoLog=True, color=array([1., 1., 1.]), colorSpace='rgb', contrast=1.0, depth=-3.0, draggable=False, flipHoriz=np.False_, flipVert=np.False_, image='default.png', interpolate=True, mask=None, maskParams=None, name='stim_image', opacity=1, ori=0.0, pos=array([0., 0.]), size=array([0.5, 0.5]), texRes=128.0, units='height', win=Window(...))
13.5901 	EXP 	Created slider_emotion1 = Slider(__class__=<class 'psychopy.visual.slider.Slider'>, autoDraw=False, autoLog=True, borderColor=None, color=None, colorSpace='rgb', depth=-4, fillColor=None, flip=False, font='Noto Sans', granularity=0.0, labelColor=None, labelHeight=np.float64(0.05), labelWrapWidth=None, labels=('smutek', ''), lineColor=None, markerColor=None, name='slider_emotion1', opacity=None, ori=0.0, pos=array([0. , 0.1]), readOnly=False, self=UNKNOWN, size=array([0.5, 0.1]), startValue=3, style='slider', styleTweaks=[], ticks=array([1, 2, 3, 4, 5]), units='norm', win=Window(...))
13.7481 	EXP 	Created slider_emotion2 = Slider(__class__=<class 'psychopy.visual.slider.Slider'>, autoDraw=False, autoLog=True, borderColor=None, color=None, colorSpace='rgb', depth=-5, fillColor=None, flip=False, font='Noto Sans', granularity=0.0, labelColor=None, labelHeight=np.float64(0.05), labelWrapWidth=None, labels=('', 'radość'), lineColor=None, markerColor=None, name='slider_emotion2', opacity=None, ori=0.0, pos=array([ 0. , -0.1]), readOnly=False, self=UNKNOWN, size=array([0.5, 0.1]), startValue=3, style='slider', styleTweaks=[], ticks=array([1, 2, 3, 4, 5]), units='norm', win=Window(...))
0.0078 	EXP 	slider_emotion1: autoLog = True
0.0078 	EXP 	slider_emotion1: styleTweaks = []
0.0078 	EXP 	slider_emotion1: styleTweaks = []
0.0078 	EXP 	slider_emotion1: styleTweaks = []
0.0078 	EXP 	slider_emotion1: styleTweaks = []
0.0078 	EXP 	slider_emotion1: contrast = 1.0
0.0078 	EXP 	slider_emotion1: markerPos = 3
0.0078 	EXP 	slider_emotion1: autoLog = True
0.0078 	EXP 	slider_emotion2: autoLog = True
0.0078 	EXP 	slider_emotion2: styleTweaks = []
0.0078 	EXP 	slider_emotion2: styleTweaks = []
0.0078 	EXP 	slider_emotion2: styleTweaks = []
0.0078 	EXP 	slider_emotion2: styleTweaks = []
0.0078 	EXP 	slider_emotion2: contrast = 1.0
0.0078 	EXP 	slider_emotion2: markerPos = 3
0.0078 	EXP 	slider_emotion2: autoLog = True
0.0161 	EXP 	Imported C:/Users/julia/OneDrive/Pulpit/percepcja_psychopy/conditions.xlsx as conditions, 12 conditions, 3 params
0.0164 	EXP 	New trial (rep=0, index=0): <Trial 0 (0 in rep 0) data={'image_path': 'C:\\Users\\julia\\OneDrive\\Pulpit\\percepcja_psychopy\\photos\\360_F_268212419_ZBJvlgVezhjziaP9aynnMGMLOvjUgNG5.jpg', 'label': 'Ten piesek jest smutny', 'show_label': 1, 'thisN': 0, 'thisTrialN': 0, 'thisRepN': 0}>
0.0892 	EXP 	label_text: height = np.float64(0.05)
0.0892 	EXP 	label_text: height = np.float64(0.05)
0.0892 	EXP 	label_text: height = np.float64(0.05)
0.0892 	EXP 	label_text: text = 'Ten piesek jest smutny'
0.0892 	EXP 	stim_image: image = 'C:\\Users\\julia\\OneDrive\\Pulpit\\percepcja_psychopy\\photos\\360_F_268212419_ZBJvlgVezhjziaP9aynnMGMLOvjUgNG5.jpg'
0.0892 	EXP 	slider_emotion1: markerPos = None
0.0892 	EXP 	slider_emotion1: markerPos = 3
0.0892 	EXP 	slider_emotion2: markerPos = None
0.0892 	EXP 	slider_emotion2: markerPos = 3
0.0892 	EXP 	slider_emotion2: markerPos = -2.0
0.0892 	EXP 	label_text: autoDraw = True
0.0926 	EXP 	slider_emotion2: markerPos = -2.0
0.0959 	EXP 	slider_emotion2: markerPos = -2.0
0.1107 	EXP 	slider_emotion2: markerPos = -2.0
0.1274 	EXP 	slider_emotion2: markerPos = -2.0
0.1441 	EXP 	slider_emotion2: markerPos = -2.0
0.1607 	EXP 	slider_emotion2: markerPos = -2.0
0.1775 	EXP 	slider_emotion2: markerPos = -2.0
0.1939 	EXP 	slider_emotion2: markerPos = -2.0
0.2107 	EXP 	slider_emotion2: markerPos = -2.0
0.2270 	EXP 	slider_emotion2: markerPos = -2.0
0.2435 	EXP 	slider_emotion2: markerPos = -2.0
0.2604 	EXP 	slider_emotion2: markerPos = -2.0
0.2772 	EXP 	slider_emotion2: markerPos = -2.0
0.2938 	EXP 	slider_emotion2: markerPos = -2.0
0.3105 	EXP 	slider_emotion2: markerPos = -2.0
0.3269 	EXP 	slider_emotion2: markerPos = -2.0
0.3436 	EXP 	slider_emotion2: markerPos = -2.0
0.3603 	EXP 	slider_emotion2: markerPos = -2.0
0.3769 	EXP 	slider_emotion2: markerPos = -2.0
0.3936 	EXP 	slider_emotion2: markerPos = -2.0
0.4101 	EXP 	slider_emotion2: markerPos = -2.0
0.4267 	EXP 	slider_emotion2: markerPos = -2.0
0.4431 	EXP 	slider_emotion2: markerPos = -2.0
0.4599 	EXP 	slider_emotion2: markerPos = -2.0
0.4764 	EXP 	slider_emotion2: markerPos = -2.0
0.4933 	EXP 	slider_emotion2: markerPos = -2.0
0.5098 	EXP 	slider_emotion2: markerPos = -2.0
0.5266 	EXP 	slider_emotion2: markerPos = -2.0
0.5430 	EXP 	slider_emotion2: markerPos = -2.0
0.5597 	EXP 	slider_emotion2: markerPos = -2.0
0.5764 	EXP 	slider_emotion2: markerPos = -2.0
0.5929 	EXP 	slider_emotion2: markerPos = -2.0
0.6096 	EXP 	slider_emotion2: markerPos = -2.0
0.6261 	EXP 	slider_emotion2: markerPos = -2.0
0.6429 	EXP 	slider_emotion2: markerPos = -2.0
0.6596 	EXP 	slider_emotion2: markerPos = -2.0
0.6761 	EXP 	slider_emotion2: markerPos = -2.0
0.6924 	EXP 	slider_emotion2: markerPos = -2.0
0.7090 	EXP 	slider_emotion2: markerPos = -2.0
0.7259 	EXP 	slider_emotion2: markerPos = -2.0
0.7425 	EXP 	slider_emotion2: markerPos = -2.0
0.7589 	EXP 	slider_emotion2: markerPos = -2.0
0.7758 	EXP 	slider_emotion2: markerPos = -2.0
0.7925 	EXP 	slider_emotion2: markerPos = -2.0
0.8090 	EXP 	slider_emotion2: markerPos = -2.0
0.8252 	EXP 	slider_emotion2: markerPos = -2.0
0.8419 	EXP 	slider_emotion2: markerPos = -2.0
0.8585 	EXP 	slider_emotion2: markerPos = -2.0
0.8754 	EXP 	slider_emotion2: markerPos = -2.0
0.8922 	EXP 	slider_emotion2: markerPos = -2.0
0.9088 	EXP 	slider_emotion2: markerPos = -2.0
0.9249 	EXP 	slider_emotion2: markerPos = -2.0
0.9417 	EXP 	slider_emotion2: markerPos = -2.0
0.9585 	EXP 	slider_emotion2: markerPos = -2.0
0.9753 	EXP 	slider_emotion2: markerPos = -2.0
0.9919 	EXP 	slider_emotion2: markerPos = -2.0
1.0089 	EXP 	slider_emotion2: markerPos = -2.0
1.0089 	EXP 	stim_image: autoDraw = True
1.0253 	EXP 	slider_emotion2: markerPos = -2.0
1.0421 	EXP 	slider_emotion2: markerPos = -2.0
1.0587 	EXP 	slider_emotion2: markerPos = -2.0
1.0748 	EXP 	slider_emotion2: markerPos = -2.0
1.0918 	EXP 	slider_emotion2: markerPos = -2.0
1.0918 	EXP 	label_text: autoDraw = False
1.1085 	EXP 	slider_emotion2: markerPos = -2.0
1.1250 	EXP 	slider_emotion2: markerPos = -2.0
1.1416 	EXP 	slider_emotion2: markerPos = -2.0
1.1582 	EXP 	slider_emotion2: markerPos = -2.0
1.1748 	EXP 	slider_emotion2: markerPos = -2.0
1.1918 	EXP 	slider_emotion2: markerPos = -2.0
1.2084 	EXP 	slider_emotion2: markerPos = -2.0
1.2249 	EXP 	slider_emotion2: markerPos = -2.0
1.2415 	EXP 	slider_emotion2: markerPos = -2.0
1.2582 	EXP 	slider_emotion2: markerPos = -2.0
1.2748 	EXP 	slider_emotion2: markerPos = -2.0
1.2913 	EXP 	slider_emotion2: markerPos = -2.0
1.3080 	EXP 	slider_emotion2: markerPos = -2.0
1.3248 	EXP 	slider_emotion2: markerPos = -2.0
1.3413 	EXP 	slider_emotion2: markerPos = -2.0
1.3579 	EXP 	slider_emotion2: markerPos = -2.0
1.3744 	EXP 	slider_emotion2: markerPos = -2.0
1.3910 	EXP 	slider_emotion2: markerPos = -2.0
1.4076 	EXP 	slider_emotion2: markerPos = -2.0
1.4243 	EXP 	slider_emotion2: markerPos = -2.0
1.4410 	EXP 	slider_emotion2: markerPos = -2.0
1.4574 	EXP 	slider_emotion2: markerPos = -2.0
1.4742 	EXP 	slider_emotion2: markerPos = -2.0
1.4909 	EXP 	slider_emotion2: markerPos = -2.0
1.5074 	EXP 	slider_emotion2: markerPos = -2.0
1.5241 	EXP 	slider_emotion2: markerPos = -2.0
1.5407 	EXP 	slider_emotion2: markerPos = -2.0
1.5573 	EXP 	slider_emotion2: markerPos = -2.0
1.5740 	EXP 	slider_emotion2: markerPos = -2.0
1.5907 	EXP 	slider_emotion2: markerPos = -2.0
1.6069 	EXP 	slider_emotion2: markerPos = -2.0
1.6240 	EXP 	slider_emotion2: markerPos = -2.0
1.6403 	EXP 	slider_emotion2: markerPos = -2.0
1.6570 	EXP 	slider_emotion2: markerPos = -2.0
1.6738 	EXP 	slider_emotion2: markerPos = -2.0
1.6903 	EXP 	slider_emotion2: markerPos = -2.0
1.7069 	EXP 	slider_emotion2: markerPos = -2.0
1.7235 	EXP 	slider_emotion2: markerPos = -2.0
1.7402 	EXP 	slider_emotion2: markerPos = -2.0
1.7569 	EXP 	slider_emotion2: markerPos = -2.0
1.7734 	EXP 	slider_emotion2: markerPos = -2.0
1.7901 	EXP 	slider_emotion2: markerPos = -2.0
1.8069 	EXP 	slider_emotion2: markerPos = -2.0
1.8230 	EXP 	slider_emotion2: markerPos = -2.0
1.8395 	EXP 	slider_emotion2: markerPos = -2.0
1.8567 	EXP 	slider_emotion2: markerPos = -2.0
1.8729 	EXP 	slider_emotion2: markerPos = -2.0
1.8894 	EXP 	slider_emotion2: markerPos = -2.0
1.9061 	EXP 	slider_emotion2: markerPos = -2.0
1.9227 	EXP 	slider_emotion2: markerPos = -2.0
1.9396 	EXP 	slider_emotion2: markerPos = -2.0
1.9563 	EXP 	slider_emotion2: markerPos = -2.0
1.9732 	EXP 	slider_emotion2: markerPos = -2.0
1.9894 	EXP 	slider_emotion2: markerPos = -2.0
2.0056 	EXP 	slider_emotion2: markerPos = -2.0
2.0056 	EXP 	slider_emotion1: autoDraw = True
2.0056 	EXP 	slider_emotion2: autoDraw = True
2.0223 	EXP 	slider_emotion2: markerPos = -2.0
2.0223 	EXP 	stim_image: autoDraw = False
2.0387 	EXP 	slider_emotion2: markerPos = -2.0
2.0554 	EXP 	slider_emotion2: markerPos = -2.0
2.0728 	EXP 	slider_emotion2: markerPos = -2.0
2.0884 	EXP 	slider_emotion2: markerPos = -2.0
2.1056 	EXP 	slider_emotion2: markerPos = -2.0
2.1218 	EXP 	slider_emotion2: markerPos = -2.0
2.1385 	EXP 	slider_emotion2: markerPos = -2.0
2.1552 	EXP 	slider_emotion2: markerPos = -2.0
2.1718 	EXP 	slider_emotion2: markerPos = -2.0
2.1885 	EXP 	slider_emotion2: markerPos = -2.0
2.2050 	EXP 	slider_emotion2: markerPos = -2.0
2.2215 	EXP 	slider_emotion2: markerPos = -2.0
2.2383 	EXP 	slider_emotion2: markerPos = -2.0
2.2552 	EXP 	slider_emotion2: markerPos = -2.0
2.2717 	EXP 	slider_emotion2: markerPos = -2.0
2.2882 	EXP 	slider_emotion2: markerPos = -2.0
2.3048 	EXP 	slider_emotion2: markerPos = -2.0
2.3206 	EXP 	slider_emotion2: markerPos = -2.0
2.3372 	EXP 	slider_emotion2: markerPos = -2.0
2.3543 	EXP 	slider_emotion2: markerPos = -2.0
2.3709 	EXP 	slider_emotion2: markerPos = -2.0
2.3872 	EXP 	slider_emotion2: markerPos = -2.0
2.4044 	EXP 	slider_emotion2: markerPos = -2.0
2.4208 	EXP 	slider_emotion2: markerPos = -2.0
2.4375 	EXP 	slider_emotion2: markerPos = -2.0
2.4540 	EXP 	slider_emotion2: markerPos = -2.0
2.4704 	EXP 	slider_emotion2: markerPos = -2.0
2.4871 	EXP 	slider_emotion2: markerPos = -2.0
2.5041 	EXP 	slider_emotion2: markerPos = -2.0
2.5209 	EXP 	slider_emotion2: markerPos = -2.0
2.5371 	EXP 	slider_emotion2: markerPos = -2.0
2.5535 	EXP 	slider_emotion2: markerPos = -2.0
2.5703 	EXP 	slider_emotion2: markerPos = -2.0
2.5870 	EXP 	slider_emotion2: markerPos = -2.0
2.6035 	EXP 	slider_emotion2: markerPos = -2.0
2.6202 	EXP 	slider_emotion2: markerPos = -2.0
2.6368 	EXP 	slider_emotion2: markerPos = -2.0
2.6534 	EXP 	slider_emotion2: markerPos = -2.0
2.6702 	EXP 	slider_emotion2: markerPos = -2.0
2.6866 	EXP 	slider_emotion2: markerPos = -2.0
2.7031 	EXP 	slider_emotion2: markerPos = -2.0
2.7199 	EXP 	slider_emotion2: markerPos = -2.0
2.7420 	EXP 	slider_emotion2: markerPos = -2.0
2.7643 	EXP 	slider_emotion2: markerPos = -2.0
2.7863 	EXP 	slider_emotion2: markerPos = -2.0
2.8079 	EXP 	slider_emotion2: markerPos = -2.0
2.8175 	EXP 	slider_emotion2: markerPos = -2.0
2.8275 	EXP 	slider_emotion2: markerPos = -2.0
2.8411 	EXP 	slider_emotion2: markerPos = -2.0
2.8545 	EXP 	slider_emotion2: markerPos = -2.0
2.8692 	EXP 	slider_emotion2: markerPos = -2.0
2.8863 	EXP 	slider_emotion2: markerPos = -2.0
2.9027 	EXP 	slider_emotion2: markerPos = -2.0
2.9192 	EXP 	slider_emotion2: markerPos = -2.0
2.9359 	EXP 	slider_emotion2: markerPos = -2.0
2.9528 	EXP 	slider_emotion2: markerPos = -2.0
2.9692 	EXP 	slider_emotion2: markerPos = -2.0
2.9860 	EXP 	slider_emotion2: markerPos = -2.0
3.0030 	EXP 	slider_emotion2: markerPos = -2.0
3.0191 	EXP 	slider_emotion2: markerPos = -2.0
3.0361 	EXP 	slider_emotion2: markerPos = -2.0
3.0520 	EXP 	slider_emotion2: markerPos = -2.0
3.0691 	EXP 	slider_emotion2: markerPos = -2.0
3.0877 	EXP 	slider_emotion2: markerPos = -2.0
3.1022 	EXP 	slider_emotion2: markerPos = -2.0
3.1190 	EXP 	slider_emotion2: markerPos = -2.0
3.1354 	EXP 	slider_emotion2: markerPos = -2.0
3.1524 	EXP 	slider_emotion2: markerPos = -2.0
3.1688 	EXP 	slider_emotion2: markerPos = -2.0
3.1857 	EXP 	slider_emotion2: markerPos = -2.0
3.2020 	EXP 	slider_emotion2: markerPos = -2.0
3.2185 	EXP 	slider_emotion2: markerPos = -2.0
3.2356 	EXP 	slider_emotion2: markerPos = -2.0
3.2519 	EXP 	slider_emotion2: markerPos = -2.0
3.2687 	EXP 	slider_emotion2: markerPos = -2.0
3.2701 	DATA 	Mouse: Left button down, pos=(961,591)
3.2847 	EXP 	slider_emotion2: markerPos = -2.0
3.2847 	EXP 	slider_emotion1: markerPos = np.float64(3.0083333333333333)
3.3018 	EXP 	slider_emotion2: markerPos = np.float64(-2.0083333333333333)
3.3018 	EXP 	slider_emotion1: markerPos = np.float64(3.0083333333333333)
3.3186 	EXP 	slider_emotion2: markerPos = np.float64(-2.0083333333333333)
3.3186 	EXP 	slider_emotion1: markerPos = np.float64(3.0083333333333333)
3.3350 	EXP 	slider_emotion2: markerPos = np.float64(-2.0083333333333333)
3.3350 	EXP 	slider_emotion1: markerPos = np.float64(3.0083333333333333)
3.3516 	EXP 	slider_emotion2: markerPos = np.float64(-2.0083333333333333)
3.3516 	EXP 	slider_emotion1: markerPos = np.float64(3.0083333333333333)
3.3682 	EXP 	slider_emotion2: markerPos = np.float64(-2.0083333333333333)
3.3682 	EXP 	slider_emotion1: markerPos = np.float64(3.0083333333333333)
3.3848 	EXP 	slider_emotion2: markerPos = np.float64(-2.0083333333333333)
3.3848 	EXP 	slider_emotion1: markerPos = np.float64(3.0083333333333333)
3.4014 	EXP 	slider_emotion2: markerPos = np.float64(-2.0083333333333333)
3.4014 	EXP 	slider_emotion1: markerPos = np.float64(3.0083333333333333)
3.4181 	EXP 	slider_emotion2: markerPos = np.float64(-2.0083333333333333)
3.4181 	EXP 	slider_emotion1: markerPos = np.float64(3.0083333333333333)
3.4347 	EXP 	slider_emotion2: markerPos = np.float64(-2.0083333333333333)
3.4347 	EXP 	slider_emotion1: markerPos = np.float64(3.0083333333333333)
3.4514 	EXP 	slider_emotion2: markerPos = np.float64(-2.0083333333333333)
3.4514 	EXP 	slider_emotion1: markerPos = np.float64(3.0166666666666666)
3.4682 	EXP 	slider_emotion2: markerPos = np.float64(-2.0166666666666666)
3.4682 	EXP 	slider_emotion1: markerPos = np.float64(3.025)
3.4848 	EXP 	slider_emotion2: markerPos = np.float64(-2.025)
3.4848 	EXP 	slider_emotion1: markerPos = np.float64(3.0416666666666665)
3.5012 	EXP 	slider_emotion2: markerPos = np.float64(-2.0416666666666665)
3.5012 	EXP 	slider_emotion1: markerPos = np.float64(3.058333333333333)
3.5177 	EXP 	slider_emotion2: markerPos = np.float64(-2.058333333333333)
3.5177 	EXP 	slider_emotion1: markerPos = np.float64(3.0833333333333335)
3.5345 	EXP 	slider_emotion2: markerPos = np.float64(-2.0833333333333335)
3.5345 	EXP 	slider_emotion1: markerPos = np.float64(3.1)
3.5509 	EXP 	slider_emotion2: markerPos = np.float64(-2.1)
3.5509 	EXP 	slider_emotion1: markerPos = np.float64(3.1083333333333334)
3.5677 	EXP 	slider_emotion2: markerPos = np.float64(-2.1083333333333334)
3.5677 	EXP 	slider_emotion1: markerPos = np.float64(3.125)
3.5842 	EXP 	slider_emotion2: markerPos = np.float64(-2.125)
3.5842 	EXP 	slider_emotion1: markerPos = np.float64(3.15)
3.6013 	EXP 	slider_emotion2: markerPos = np.float64(-2.15)
3.6013 	EXP 	slider_emotion1: markerPos = np.float64(3.2)
3.6174 	EXP 	slider_emotion2: markerPos = np.float64(-2.2)
3.6174 	EXP 	slider_emotion1: markerPos = np.float64(3.2083333333333335)
3.6341 	EXP 	slider_emotion2: markerPos = np.float64(-2.2083333333333335)
3.6341 	EXP 	slider_emotion1: markerPos = np.float64(3.2333333333333334)
3.6509 	EXP 	slider_emotion2: markerPos = np.float64(-2.2333333333333334)
3.6509 	EXP 	slider_emotion1: markerPos = np.float64(3.2416666666666667)
3.6678 	EXP 	slider_emotion2: markerPos = np.float64(-2.2416666666666667)
3.6678 	EXP 	slider_emotion1: markerPos = np.float64(3.2666666666666666)
3.6844 	EXP 	slider_emotion2: markerPos = np.float64(-2.2666666666666666)
3.6844 	EXP 	slider_emotion1: markerPos = np.float64(3.2666666666666666)
3.7004 	EXP 	slider_emotion2: markerPos = np.float64(-2.2666666666666666)
3.7004 	EXP 	slider_emotion1: markerPos = np.float64(3.283333333333333)
3.7175 	EXP 	slider_emotion2: markerPos = np.float64(-2.283333333333333)
3.7175 	EXP 	slider_emotion1: markerPos = np.float64(3.3)
3.7347 	EXP 	slider_emotion2: markerPos = np.float64(-2.3)
3.7347 	EXP 	slider_emotion1: markerPos = np.float64(3.325)
3.7510 	EXP 	slider_emotion2: markerPos = np.float64(-2.325)
3.7510 	EXP 	slider_emotion1: markerPos = np.float64(3.35)
3.7671 	EXP 	slider_emotion2: markerPos = np.float64(-2.35)
3.7671 	EXP 	slider_emotion1: markerPos = np.float64(3.408333333333333)
3.7837 	EXP 	slider_emotion2: markerPos = np.float64(-2.408333333333333)
3.7837 	EXP 	slider_emotion1: markerPos = np.float64(3.4416666666666664)
3.8002 	EXP 	slider_emotion2: markerPos = np.float64(-2.4416666666666664)
3.8002 	EXP 	slider_emotion1: markerPos = np.float64(3.475)
3.8172 	EXP 	slider_emotion2: markerPos = np.float64(-2.475)
3.8172 	EXP 	slider_emotion1: markerPos = np.float64(3.525)
3.8340 	EXP 	slider_emotion2: markerPos = np.float64(-2.525)
3.8340 	EXP 	slider_emotion1: markerPos = np.float64(3.5583333333333336)
3.8503 	EXP 	slider_emotion2: markerPos = np.float64(-2.5583333333333336)
3.8503 	EXP 	slider_emotion1: markerPos = np.float64(3.5666666666666664)
3.8669 	EXP 	slider_emotion2: markerPos = np.float64(-2.5666666666666664)
3.8669 	EXP 	slider_emotion1: markerPos = np.float64(3.6083333333333334)
3.8833 	EXP 	slider_emotion2: markerPos = np.float64(-2.6083333333333334)
3.8833 	EXP 	slider_emotion1: markerPos = np.float64(3.6416666666666666)
3.9010 	EXP 	slider_emotion2: markerPos = np.float64(-2.6416666666666666)
3.9010 	EXP 	slider_emotion1: markerPos = np.float64(3.7416666666666667)
3.9169 	EXP 	slider_emotion2: markerPos = np.float64(-2.7416666666666667)
3.9169 	EXP 	slider_emotion1: markerPos = np.float64(3.7916666666666665)
3.9332 	EXP 	slider_emotion2: markerPos = np.float64(-2.7916666666666665)
3.9332 	EXP 	slider_emotion1: markerPos = np.float64(3.8166666666666664)
3.9502 	EXP 	slider_emotion2: markerPos = np.float64(-2.8166666666666664)
3.9502 	EXP 	slider_emotion1: markerPos = np.float64(3.85)
3.9670 	EXP 	slider_emotion2: markerPos = np.float64(-2.85)
3.9670 	EXP 	slider_emotion1: markerPos = np.float64(3.8916666666666666)
3.9836 	EXP 	slider_emotion2: markerPos = np.float64(-2.8916666666666666)
3.9836 	EXP 	slider_emotion1: markerPos = np.float64(3.908333333333333)
3.9998 	EXP 	slider_emotion2: markerPos = np.float64(-2.908333333333333)
3.9998 	EXP 	slider_emotion1: markerPos = np.float64(3.925)
4.0165 	EXP 	slider_emotion2: markerPos = np.float64(-2.925)
4.0165 	EXP 	slider_emotion1: markerPos = np.float64(3.966666666666667)
4.0333 	EXP 	slider_emotion2: markerPos = np.float64(-2.966666666666667)
4.0333 	EXP 	slider_emotion1: markerPos = np.float64(3.966666666666667)
4.0504 	EXP 	slider_emotion2: markerPos = np.float64(-2.966666666666667)
4.0504 	EXP 	slider_emotion1: markerPos = np.float64(4.008333333333333)
4.0668 	EXP 	slider_emotion2: markerPos = np.float64(-3.008333333333333)
4.0668 	EXP 	slider_emotion1: markerPos = np.float64(4.025)
4.0831 	EXP 	slider_emotion2: markerPos = np.float64(-3.0250000000000004)
4.0831 	EXP 	slider_emotion1: markerPos = np.float64(4.033333333333333)
4.0996 	EXP 	slider_emotion2: markerPos = np.float64(-3.033333333333333)
4.0996 	EXP 	slider_emotion1: markerPos = np.float64(4.033333333333333)
4.1163 	EXP 	slider_emotion2: markerPos = np.float64(-3.033333333333333)
4.1163 	EXP 	slider_emotion1: markerPos = np.float64(4.058333333333334)
4.1329 	EXP 	slider_emotion2: markerPos = np.float64(-3.0583333333333336)
4.1329 	EXP 	slider_emotion1: markerPos = np.float64(4.083333333333333)
4.1494 	EXP 	slider_emotion2: markerPos = np.float64(-3.083333333333333)
4.1494 	EXP 	slider_emotion1: markerPos = np.float64(4.1)
4.1662 	EXP 	slider_emotion2: markerPos = np.float64(-3.0999999999999996)
4.1662 	EXP 	slider_emotion1: markerPos = np.float64(4.116666666666667)
4.1829 	EXP 	slider_emotion2: markerPos = np.float64(-3.116666666666667)
4.1829 	EXP 	slider_emotion1: markerPos = np.float64(4.116666666666667)
4.1996 	EXP 	slider_emotion2: markerPos = np.float64(-3.116666666666667)
4.1996 	EXP 	slider_emotion1: markerPos = np.float64(4.141666666666667)
4.2163 	EXP 	slider_emotion2: markerPos = np.float64(-3.1416666666666666)
4.2163 	EXP 	slider_emotion1: markerPos = np.float64(4.158333333333333)
4.2329 	EXP 	slider_emotion2: markerPos = np.float64(-3.158333333333333)
4.2329 	EXP 	slider_emotion1: markerPos = np.float64(4.166666666666667)
4.2494 	EXP 	slider_emotion2: markerPos = np.float64(-3.166666666666667)
4.2494 	EXP 	slider_emotion1: markerPos = np.float64(4.166666666666667)
4.2655 	EXP 	slider_emotion2: markerPos = np.float64(-3.166666666666667)
4.2655 	EXP 	slider_emotion1: markerPos = np.float64(4.175)
4.2826 	EXP 	slider_emotion2: markerPos = np.float64(-3.175)
4.2826 	EXP 	slider_emotion1: markerPos = np.float64(4.191666666666666)
4.2992 	EXP 	slider_emotion2: markerPos = np.float64(-3.1916666666666664)
4.2992 	EXP 	slider_emotion1: markerPos = np.float64(4.208333333333334)
4.3159 	EXP 	slider_emotion2: markerPos = np.float64(-3.208333333333334)
4.3159 	EXP 	slider_emotion1: markerPos = np.float64(4.225)
4.3326 	EXP 	slider_emotion2: markerPos = np.float64(-3.2249999999999996)
4.3326 	EXP 	slider_emotion1: markerPos = np.float64(4.225)
4.3492 	EXP 	slider_emotion2: markerPos = np.float64(-3.2249999999999996)
4.3492 	EXP 	slider_emotion1: markerPos = np.float64(4.241666666666667)
4.3655 	EXP 	slider_emotion2: markerPos = np.float64(-3.241666666666667)
4.3655 	EXP 	slider_emotion1: markerPos = np.float64(4.25)
4.3824 	EXP 	slider_emotion2: markerPos = np.float64(-3.25)
4.3824 	EXP 	slider_emotion1: markerPos = np.float64(4.266666666666667)
4.3991 	EXP 	slider_emotion2: markerPos = np.float64(-3.2666666666666666)
4.3991 	EXP 	slider_emotion1: markerPos = np.float64(4.283333333333333)
4.4158 	EXP 	slider_emotion2: markerPos = np.float64(-3.283333333333333)
4.4158 	EXP 	slider_emotion1: markerPos = np.float64(4.283333333333333)
4.4324 	EXP 	slider_emotion2: markerPos = np.float64(-3.283333333333333)
4.4324 	EXP 	slider_emotion1: markerPos = np.float64(4.316666666666666)
4.4490 	EXP 	slider_emotion2: markerPos = np.float64(-3.3166666666666664)
4.4490 	EXP 	slider_emotion1: markerPos = np.float64(4.333333333333333)
4.4656 	EXP 	slider_emotion2: markerPos = np.float64(-3.333333333333333)
4.4656 	EXP 	slider_emotion1: markerPos = np.float64(4.35)
4.4820 	EXP 	slider_emotion2: markerPos = np.float64(-3.3499999999999996)
4.4820 	EXP 	slider_emotion1: markerPos = np.float64(4.366666666666667)
4.4986 	EXP 	slider_emotion2: markerPos = np.float64(-3.366666666666667)
4.4986 	EXP 	slider_emotion1: markerPos = np.float64(4.375)
4.5157 	EXP 	slider_emotion2: markerPos = np.float64(-3.375)
4.5157 	EXP 	slider_emotion1: markerPos = np.float64(4.391666666666667)
4.5322 	EXP 	slider_emotion2: markerPos = np.float64(-3.3916666666666666)
4.5322 	EXP 	slider_emotion1: markerPos = np.float64(4.4)
4.5485 	EXP 	slider_emotion2: markerPos = np.float64(-3.4000000000000004)
4.5485 	EXP 	slider_emotion1: markerPos = np.float64(4.416666666666667)
4.5653 	EXP 	slider_emotion2: markerPos = np.float64(-3.416666666666667)
4.5653 	EXP 	slider_emotion1: markerPos = np.float64(4.416666666666667)
4.5818 	EXP 	slider_emotion2: markerPos = np.float64(-3.416666666666667)
4.5818 	EXP 	slider_emotion1: markerPos = np.float64(4.425)
4.5989 	EXP 	slider_emotion2: markerPos = np.float64(-3.425)
4.5989 	EXP 	slider_emotion1: markerPos = np.float64(4.433333333333334)
4.6151 	EXP 	slider_emotion2: markerPos = np.float64(-3.4333333333333336)
4.6151 	EXP 	slider_emotion1: markerPos = np.float64(4.441666666666666)
4.6317 	EXP 	slider_emotion2: markerPos = np.float64(-3.4416666666666664)
4.6317 	EXP 	slider_emotion1: markerPos = np.float64(4.441666666666666)
4.6486 	EXP 	slider_emotion2: markerPos = np.float64(-3.4416666666666664)
4.6486 	EXP 	slider_emotion1: markerPos = np.float64(4.458333333333333)
4.6652 	EXP 	slider_emotion2: markerPos = np.float64(-3.458333333333333)
4.6652 	EXP 	slider_emotion1: markerPos = np.float64(4.483333333333333)
4.6816 	EXP 	slider_emotion2: markerPos = np.float64(-3.4833333333333334)
4.6816 	EXP 	slider_emotion1: markerPos = np.float64(4.491666666666667)
4.6984 	EXP 	slider_emotion2: markerPos = np.float64(-3.491666666666667)
4.6984 	EXP 	slider_emotion1: markerPos = np.float64(4.508333333333333)
4.7148 	EXP 	slider_emotion2: markerPos = np.float64(-3.508333333333333)
4.7148 	EXP 	slider_emotion1: markerPos = np.float64(4.508333333333333)
4.7316 	EXP 	slider_emotion2: markerPos = np.float64(-3.508333333333333)
4.7316 	EXP 	slider_emotion1: markerPos = np.float64(4.525)
4.7482 	EXP 	slider_emotion2: markerPos = np.float64(-3.5250000000000004)
4.7482 	EXP 	slider_emotion1: markerPos = np.float64(4.533333333333333)
4.7645 	EXP 	slider_emotion2: markerPos = np.float64(-3.533333333333333)
4.7645 	EXP 	slider_emotion1: markerPos = np.float64(4.55)
4.7814 	EXP 	slider_emotion2: markerPos = np.float64(-3.55)
4.7814 	EXP 	slider_emotion1: markerPos = np.float64(4.55)
4.7979 	EXP 	slider_emotion2: markerPos = np.float64(-3.55)
4.7979 	EXP 	slider_emotion1: markerPos = np.float64(4.566666666666666)
4.8142 	EXP 	slider_emotion2: markerPos = np.float64(-3.5666666666666664)
4.8142 	EXP 	slider_emotion1: markerPos = np.float64(4.575)
4.8312 	EXP 	slider_emotion2: markerPos = np.float64(-3.575)
4.8312 	EXP 	slider_emotion1: markerPos = np.float64(4.583333333333333)
4.8474 	EXP 	slider_emotion2: markerPos = np.float64(-3.583333333333333)
4.8474 	EXP 	slider_emotion1: markerPos = np.float64(4.583333333333333)
4.8645 	EXP 	slider_emotion2: markerPos = np.float64(-3.583333333333333)
4.8645 	EXP 	slider_emotion1: markerPos = np.float64(4.583333333333333)
4.8811 	EXP 	slider_emotion2: markerPos = np.float64(-3.583333333333333)
4.8811 	EXP 	slider_emotion1: markerPos = np.float64(4.591666666666667)
4.8976 	EXP 	slider_emotion2: markerPos = np.float64(-3.591666666666667)
4.8976 	EXP 	slider_emotion1: markerPos = np.float64(4.6)
4.9143 	EXP 	slider_emotion2: markerPos = np.float64(-3.5999999999999996)
4.9143 	EXP 	slider_emotion1: markerPos = np.float64(4.608333333333333)
4.9309 	EXP 	slider_emotion2: markerPos = np.float64(-3.6083333333333334)
4.9309 	EXP 	slider_emotion1: markerPos = np.float64(4.608333333333333)
4.9477 	EXP 	slider_emotion2: markerPos = np.float64(-3.6083333333333334)
4.9477 	EXP 	slider_emotion1: markerPos = np.float64(4.616666666666667)
4.9640 	EXP 	slider_emotion2: markerPos = np.float64(-3.616666666666667)
4.9640 	EXP 	slider_emotion1: markerPos = np.float64(4.616666666666667)
4.9805 	EXP 	slider_emotion2: markerPos = np.float64(-3.616666666666667)
4.9805 	EXP 	slider_emotion1: markerPos = np.float64(4.616666666666667)
4.9974 	EXP 	slider_emotion2: markerPos = np.float64(-3.616666666666667)
4.9974 	EXP 	slider_emotion1: markerPos = np.float64(4.616666666666667)
5.0140 	EXP 	slider_emotion2: markerPos = np.float64(-3.616666666666667)
5.0140 	EXP 	slider_emotion1: markerPos = np.float64(4.616666666666667)
5.0307 	EXP 	slider_emotion2: markerPos = np.float64(-3.616666666666667)
5.0307 	EXP 	slider_emotion1: markerPos = np.float64(4.625)
5.0473 	EXP 	slider_emotion2: markerPos = np.float64(-3.625)
5.0473 	EXP 	slider_emotion1: markerPos = np.float64(4.625)
5.0640 	EXP 	slider_emotion2: markerPos = np.float64(-3.625)
5.0640 	EXP 	slider_emotion1: markerPos = np.float64(4.625)
5.0802 	EXP 	slider_emotion2: markerPos = np.float64(-3.625)
5.0802 	EXP 	slider_emotion1: markerPos = np.float64(4.641666666666667)
5.0972 	EXP 	slider_emotion2: markerPos = np.float64(-3.6416666666666666)
5.0972 	EXP 	slider_emotion1: markerPos = np.float64(4.641666666666667)
5.1138 	EXP 	slider_emotion2: markerPos = np.float64(-3.6416666666666666)
5.1138 	EXP 	slider_emotion1: markerPos = np.float64(4.641666666666667)
5.1303 	EXP 	slider_emotion2: markerPos = np.float64(-3.6416666666666666)
5.1303 	EXP 	slider_emotion1: markerPos = np.float64(4.641666666666667)
5.1470 	EXP 	slider_emotion2: markerPos = np.float64(-3.6416666666666666)
5.1470 	EXP 	slider_emotion1: markerPos = np.float64(4.641666666666667)
5.1636 	EXP 	slider_emotion2: markerPos = np.float64(-3.6416666666666666)
5.1636 	EXP 	slider_emotion1: markerPos = np.float64(4.641666666666667)
5.1803 	EXP 	slider_emotion2: markerPos = np.float64(-3.6416666666666666)
5.1803 	EXP 	slider_emotion1: markerPos = np.float64(4.641666666666667)
5.2028 	EXP 	slider_emotion2: markerPos = np.float64(-3.6416666666666666)
5.2028 	EXP 	slider_emotion1: markerPos = np.float64(4.65)
5.2168 	EXP 	slider_emotion2: markerPos = np.float64(-3.6500000000000004)
5.2168 	EXP 	slider_emotion1: markerPos = np.float64(4.65)
5.2300 	EXP 	slider_emotion2: markerPos = np.float64(-3.6500000000000004)
5.2300 	EXP 	slider_emotion1: markerPos = np.float64(4.65)
5.2464 	EXP 	slider_emotion2: markerPos = np.float64(-3.6500000000000004)
5.2464 	EXP 	slider_emotion1: markerPos = np.float64(4.658333333333333)
5.2634 	EXP 	slider_emotion2: markerPos = np.float64(-3.658333333333333)
5.2634 	EXP 	slider_emotion1: markerPos = np.float64(4.666666666666667)
5.2799 	EXP 	slider_emotion2: markerPos = np.float64(-3.666666666666667)
5.2799 	EXP 	slider_emotion1: markerPos = np.float64(4.675)
5.2965 	EXP 	slider_emotion2: markerPos = np.float64(-3.675)
5.2965 	EXP 	slider_emotion1: markerPos = np.float64(4.675)
5.3134 	EXP 	slider_emotion2: markerPos = np.float64(-3.675)
5.3134 	EXP 	slider_emotion1: markerPos = np.float64(4.675)
5.3297 	EXP 	slider_emotion2: markerPos = np.float64(-3.675)
5.3297 	EXP 	slider_emotion1: markerPos = np.float64(4.683333333333334)
5.3460 	EXP 	slider_emotion2: markerPos = np.float64(-3.6833333333333336)
5.3460 	EXP 	slider_emotion1: markerPos = np.float64(4.683333333333334)
5.3630 	EXP 	slider_emotion2: markerPos = np.float64(-3.6833333333333336)
5.3630 	EXP 	slider_emotion1: markerPos = np.float64(4.691666666666666)
5.3796 	EXP 	slider_emotion2: markerPos = np.float64(-3.6916666666666664)
5.3796 	EXP 	slider_emotion1: markerPos = np.float64(4.691666666666666)
5.3961 	EXP 	slider_emotion2: markerPos = np.float64(-3.6916666666666664)
5.3961 	EXP 	slider_emotion1: markerPos = np.float64(4.691666666666666)
5.4129 	EXP 	slider_emotion2: markerPos = np.float64(-3.6916666666666664)
5.4129 	EXP 	slider_emotion1: markerPos = np.float64(4.7)
5.4297 	EXP 	slider_emotion2: markerPos = np.float64(-3.7)
5.4297 	EXP 	slider_emotion1: markerPos = np.float64(4.7)
5.4464 	EXP 	slider_emotion2: markerPos = np.float64(-3.7)
5.4464 	EXP 	slider_emotion1: markerPos = np.float64(4.7)
5.4624 	EXP 	slider_emotion2: markerPos = np.float64(-3.7)
5.4624 	EXP 	slider_emotion1: markerPos = np.float64(4.7)
5.4795 	EXP 	slider_emotion2: markerPos = np.float64(-3.7)
5.4795 	EXP 	slider_emotion1: markerPos = np.float64(4.7)
5.4961 	EXP 	slider_emotion2: markerPos = np.float64(-3.7)
5.4961 	EXP 	slider_emotion1: markerPos = np.float64(4.7)
5.5126 	EXP 	slider_emotion2: markerPos = np.float64(-3.7)
5.5126 	EXP 	slider_emotion1: markerPos = np.float64(4.7)
5.5294 	EXP 	slider_emotion2: markerPos = np.float64(-3.7)
5.5294 	EXP 	slider_emotion1: markerPos = np.float64(4.7)
5.5458 	EXP 	slider_emotion2: markerPos = np.float64(-3.7)
5.5458 	EXP 	slider_emotion1: markerPos = np.float64(4.7)
5.5625 	EXP 	slider_emotion2: markerPos = np.float64(-3.7)
5.5625 	EXP 	slider_emotion1: markerPos = np.float64(4.7)
5.5792 	EXP 	slider_emotion2: markerPos = np.float64(-3.7)
5.5792 	EXP 	slider_emotion1: markerPos = np.float64(4.7)
5.5957 	EXP 	slider_emotion2: markerPos = np.float64(-3.7)
5.5957 	EXP 	slider_emotion1: markerPos = np.float64(4.7)
5.6121 	EXP 	slider_emotion2: markerPos = np.float64(-3.7)
5.6121 	EXP 	slider_emotion1: markerPos = np.float64(4.7)
5.6289 	EXP 	slider_emotion2: markerPos = np.float64(-3.7)
5.6289 	EXP 	slider_emotion1: markerPos = np.float64(4.7)
5.6515 	EXP 	slider_emotion2: markerPos = np.float64(-3.7)
5.6515 	EXP 	slider_emotion1: markerPos = np.float64(4.7)
5.6664 	EXP 	slider_emotion2: markerPos = np.float64(-3.7)
5.6664 	EXP 	slider_emotion1: markerPos = np.float64(4.7)
5.6790 	EXP 	slider_emotion2: markerPos = np.float64(-3.7)
5.6790 	EXP 	slider_emotion1: markerPos = np.float64(4.7)
5.6953 	EXP 	slider_emotion2: markerPos = np.float64(-3.7)
5.6953 	EXP 	slider_emotion1: markerPos = np.float64(4.7)
5.7122 	EXP 	slider_emotion2: markerPos = np.float64(-3.7)
5.7122 	EXP 	slider_emotion1: markerPos = np.float64(4.7)
5.7287 	EXP 	slider_emotion2: markerPos = np.float64(-3.7)
5.7287 	EXP 	slider_emotion1: markerPos = np.float64(4.7)
5.7454 	EXP 	slider_emotion2: markerPos = np.float64(-3.7)
5.7454 	EXP 	slider_emotion1: markerPos = np.float64(4.7)
5.7620 	EXP 	slider_emotion2: markerPos = np.float64(-3.7)
5.7620 	EXP 	slider_emotion1: markerPos = np.float64(4.7)
5.7783 	EXP 	slider_emotion2: markerPos = np.float64(-3.7)
5.7783 	EXP 	slider_emotion1: markerPos = np.float64(4.7)
5.7953 	EXP 	slider_emotion2: markerPos = np.float64(-3.7)
5.7953 	EXP 	slider_emotion1: markerPos = np.float64(4.7)
5.8118 	EXP 	slider_emotion2: markerPos = np.float64(-3.7)
5.8118 	EXP 	slider_emotion1: markerPos = np.float64(4.7)
5.8284 	EXP 	slider_emotion2: markerPos = np.float64(-3.7)
5.8284 	EXP 	slider_emotion1: markerPos = np.float64(4.7)
5.8451 	EXP 	slider_emotion2: markerPos = np.float64(-3.7)
5.8451 	EXP 	slider_emotion1: markerPos = np.float64(4.7)
5.8616 	EXP 	slider_emotion2: markerPos = np.float64(-3.7)
5.8616 	EXP 	slider_emotion1: markerPos = np.float64(4.7)
5.8784 	EXP 	slider_emotion2: markerPos = np.float64(-3.7)
5.8784 	EXP 	slider_emotion1: markerPos = np.float64(4.7)
5.8949 	EXP 	slider_emotion2: markerPos = np.float64(-3.7)
5.8949 	EXP 	slider_emotion1: markerPos = np.float64(4.7)
5.9116 	EXP 	slider_emotion2: markerPos = np.float64(-3.7)
5.9116 	EXP 	slider_emotion1: markerPos = np.float64(4.7)
5.9283 	EXP 	slider_emotion2: markerPos = np.float64(-3.7)
5.9283 	EXP 	slider_emotion1: markerPos = np.float64(4.7)
5.9449 	EXP 	slider_emotion2: markerPos = np.float64(-3.7)
5.9449 	EXP 	slider_emotion1: markerPos = np.float64(4.7)
5.9610 	EXP 	slider_emotion2: markerPos = np.float64(-3.7)
5.9610 	EXP 	slider_emotion1: markerPos = np.float64(4.7)
5.9783 	EXP 	slider_emotion2: markerPos = np.float64(-3.7)
5.9783 	EXP 	slider_emotion1: markerPos = np.float64(4.7)
5.9952 	EXP 	slider_emotion2: markerPos = np.float64(-3.7)
5.9952 	EXP 	slider_emotion1: markerPos = np.float64(4.7)
6.0114 	EXP 	slider_emotion2: markerPos = np.float64(-3.7)
6.0114 	EXP 	slider_emotion1: markerPos = np.float64(4.7)
6.0277 	EXP 	slider_emotion2: markerPos = np.float64(-3.7)
6.0277 	EXP 	slider_emotion1: markerPos = np.float64(4.7)
6.0446 	EXP 	slider_emotion2: markerPos = np.float64(-3.7)
6.0446 	EXP 	slider_emotion1: markerPos = np.float64(4.7)
6.0612 	EXP 	slider_emotion2: markerPos = np.float64(-3.7)
6.0612 	EXP 	slider_emotion1: markerPos = np.float64(4.7)
6.0779 	EXP 	slider_emotion2: markerPos = np.float64(-3.7)
6.0779 	EXP 	slider_emotion1: markerPos = np.float64(4.7)
6.0943 	EXP 	slider_emotion2: markerPos = np.float64(-3.7)
6.0943 	EXP 	slider_emotion1: markerPos = np.float64(4.7)
6.1018 	DATA 	Mouse:  Left button up, pos=(1164,588)
6.1106 	EXP 	slider_emotion2: markerPos = np.float64(-3.7)
6.1106 	EXP 	slider_emotion1: markerPos = np.float64(4.7)
6.1273 	EXP 	slider_emotion2: markerPos = np.float64(-3.7)
6.1273 	EXP 	slider_emotion1: markerPos = np.float64(4.7)
6.1288 	EXP 	New trial (rep=0, index=1): <Trial 1 (1 in rep 0) data={'image_path': 'C:\\Users\\julia\\OneDrive\\Pulpit\\percepcja_psychopy\\photos\\dachshund-8910099_640.jpg', 'label': 'Ten piesek jest wesoły', 'show_label': 0, 'thisN': 1, 'thisTrialN': 1, 'thisRepN': 0}>
6.1498 	EXP 	slider_emotion2: markerPos = np.float64(-3.7)
6.1498 	EXP 	label_text: autoDraw = False
6.1498 	EXP 	stim_image: autoDraw = False
6.1498 	EXP 	slider_emotion1: autoDraw = False
6.1498 	EXP 	slider_emotion2: autoDraw = False
6.1498 	EXP 	label_text: height = np.float64(0.05)
6.1498 	EXP 	label_text: height = np.float64(0.05)
6.1498 	EXP 	label_text: height = np.float64(0.05)
6.1498 	EXP 	label_text: text = 'Ten piesek jest wesoły'
6.1498 	EXP 	stim_image: image = 'C:\\Users\\julia\\OneDrive\\Pulpit\\percepcja_psychopy\\photos\\dachshund-8910099_640.jpg'
6.1498 	EXP 	slider_emotion1: markerPos = None
6.1498 	EXP 	slider_emotion1: markerPos = 3
6.1498 	EXP 	slider_emotion2: markerPos = None
6.1498 	EXP 	slider_emotion2: markerPos = 3
6.1498 	EXP 	slider_emotion2: markerPos = -2.0
6.1498 	EXP 	label_text: autoDraw = True
6.1607 	EXP 	slider_emotion2: markerPos = -2.0
6.1776 	EXP 	slider_emotion2: markerPos = -2.0
6.1944 	EXP 	slider_emotion2: markerPos = -2.0
6.2109 	EXP 	slider_emotion2: markerPos = -2.0
6.2277 	EXP 	slider_emotion2: markerPos = -2.0
6.2440 	EXP 	slider_emotion2: markerPos = -2.0
6.2606 	EXP 	slider_emotion2: markerPos = -2.0
6.2773 	EXP 	slider_emotion2: markerPos = -2.0
6.2939 	EXP 	slider_emotion2: markerPos = -2.0
6.3104 	EXP 	slider_emotion2: markerPos = -2.0
6.3272 	EXP 	slider_emotion2: markerPos = -2.0
6.3435 	EXP 	slider_emotion2: markerPos = -2.0
6.3604 	EXP 	slider_emotion2: markerPos = -2.0
6.3771 	EXP 	slider_emotion2: markerPos = -2.0
6.3937 	EXP 	slider_emotion2: markerPos = -2.0
6.4103 	EXP 	slider_emotion2: markerPos = -2.0
6.4269 	EXP 	slider_emotion2: markerPos = -2.0
6.4434 	EXP 	slider_emotion2: markerPos = -2.0
6.4601 	EXP 	slider_emotion2: markerPos = -2.0
6.4768 	EXP 	slider_emotion2: markerPos = -2.0
6.4936 	EXP 	slider_emotion2: markerPos = -2.0
6.5101 	EXP 	slider_emotion2: markerPos = -2.0
6.5267 	EXP 	slider_emotion2: markerPos = -2.0
6.5435 	EXP 	slider_emotion2: markerPos = -2.0
6.5599 	EXP 	slider_emotion2: markerPos = -2.0
6.5766 	EXP 	slider_emotion2: markerPos = -2.0
6.5933 	EXP 	slider_emotion2: markerPos = -2.0
6.6099 	EXP 	slider_emotion2: markerPos = -2.0
6.6266 	EXP 	slider_emotion2: markerPos = -2.0
6.6431 	EXP 	slider_emotion2: markerPos = -2.0
6.6598 	EXP 	slider_emotion2: markerPos = -2.0
6.6761 	EXP 	slider_emotion2: markerPos = -2.0
6.6927 	EXP 	slider_emotion2: markerPos = -2.0
6.7093 	EXP 	slider_emotion2: markerPos = -2.0
6.7263 	EXP 	slider_emotion2: markerPos = -2.0
6.7428 	EXP 	slider_emotion2: markerPos = -2.0
6.7596 	EXP 	slider_emotion2: markerPos = -2.0
6.7761 	EXP 	slider_emotion2: markerPos = -2.0
6.7927 	EXP 	slider_emotion2: markerPos = -2.0
6.8094 	EXP 	slider_emotion2: markerPos = -2.0
6.8259 	EXP 	slider_emotion2: markerPos = -2.0
6.8426 	EXP 	slider_emotion2: markerPos = -2.0
6.8591 	EXP 	slider_emotion2: markerPos = -2.0
6.8758 	EXP 	slider_emotion2: markerPos = -2.0
6.8925 	EXP 	slider_emotion2: markerPos = -2.0
6.9090 	EXP 	slider_emotion2: markerPos = -2.0
6.9258 	EXP 	slider_emotion2: markerPos = -2.0
6.9425 	EXP 	slider_emotion2: markerPos = -2.0
6.9585 	EXP 	slider_emotion2: markerPos = -2.0
6.9755 	EXP 	slider_emotion2: markerPos = -2.0
6.9922 	EXP 	slider_emotion2: markerPos = -2.0
7.0088 	EXP 	slider_emotion2: markerPos = -2.0
7.0255 	EXP 	slider_emotion2: markerPos = -2.0
7.0419 	EXP 	slider_emotion2: markerPos = -2.0
7.0586 	EXP 	slider_emotion2: markerPos = -2.0
7.0749 	EXP 	slider_emotion2: markerPos = -2.0
7.0918 	EXP 	slider_emotion2: markerPos = -2.0
7.1084 	EXP 	slider_emotion2: markerPos = -2.0
7.1248 	EXP 	slider_emotion2: markerPos = -2.0
7.1422 	EXP 	slider_emotion2: markerPos = -2.0
7.1422 	EXP 	stim_image: autoDraw = True
7.1585 	EXP 	slider_emotion2: markerPos = -2.0
7.1585 	EXP 	label_text: autoDraw = False
7.1751 	EXP 	slider_emotion2: markerPos = -2.0
7.1920 	EXP 	slider_emotion2: markerPos = -2.0
7.2084 	EXP 	slider_emotion2: markerPos = -2.0
7.2252 	EXP 	slider_emotion2: markerPos = -2.0
7.2419 	EXP 	slider_emotion2: markerPos = -2.0
7.2584 	EXP 	slider_emotion2: markerPos = -2.0
7.2750 	EXP 	slider_emotion2: markerPos = -2.0
7.2918 	EXP 	slider_emotion2: markerPos = -2.0
7.3083 	EXP 	slider_emotion2: markerPos = -2.0
7.3249 	EXP 	slider_emotion2: markerPos = -2.0
7.3415 	EXP 	slider_emotion2: markerPos = -2.0
7.3582 	EXP 	slider_emotion2: markerPos = -2.0
7.3749 	EXP 	slider_emotion2: markerPos = -2.0
7.3914 	EXP 	slider_emotion2: markerPos = -2.0
7.4078 	EXP 	slider_emotion2: markerPos = -2.0
7.4243 	EXP 	slider_emotion2: markerPos = -2.0
7.4413 	EXP 	slider_emotion2: markerPos = -2.0
7.4579 	EXP 	slider_emotion2: markerPos = -2.0
7.4746 	EXP 	slider_emotion2: markerPos = -2.0
7.4912 	EXP 	slider_emotion2: markerPos = -2.0
7.5079 	EXP 	slider_emotion2: markerPos = -2.0
7.5244 	EXP 	slider_emotion2: markerPos = -2.0
7.5410 	EXP 	slider_emotion2: markerPos = -2.0
7.5577 	EXP 	slider_emotion2: markerPos = -2.0
7.5743 	EXP 	slider_emotion2: markerPos = -2.0
7.5910 	EXP 	slider_emotion2: markerPos = -2.0
7.6077 	EXP 	slider_emotion2: markerPos = -2.0
7.6240 	EXP 	slider_emotion2: markerPos = -2.0
7.6406 	EXP 	slider_emotion2: markerPos = -2.0
7.6572 	EXP 	slider_emotion2: markerPos = -2.0
7.6737 	EXP 	slider_emotion2: markerPos = -2.0
7.6906 	EXP 	slider_emotion2: markerPos = -2.0
7.7072 	EXP 	slider_emotion2: markerPos = -2.0
7.7239 	EXP 	slider_emotion2: markerPos = -2.0
7.7404 	EXP 	slider_emotion2: markerPos = -2.0
7.7571 	EXP 	slider_emotion2: markerPos = -2.0
7.7738 	EXP 	slider_emotion2: markerPos = -2.0
7.7903 	EXP 	slider_emotion2: markerPos = -2.0
7.8070 	EXP 	slider_emotion2: markerPos = -2.0
7.8236 	EXP 	slider_emotion2: markerPos = -2.0
7.8402 	EXP 	slider_emotion2: markerPos = -2.0
7.8571 	EXP 	slider_emotion2: markerPos = -2.0
7.8731 	EXP 	slider_emotion2: markerPos = -2.0
7.8899 	EXP 	slider_emotion2: markerPos = -2.0
7.9066 	EXP 	slider_emotion2: markerPos = -2.0
7.9233 	EXP 	slider_emotion2: markerPos = -2.0
7.9397 	EXP 	slider_emotion2: markerPos = -2.0
7.9566 	EXP 	slider_emotion2: markerPos = -2.0
7.9730 	EXP 	slider_emotion2: markerPos = -2.0
7.9895 	EXP 	slider_emotion2: markerPos = -2.0
8.0064 	EXP 	slider_emotion2: markerPos = -2.0
8.0230 	EXP 	slider_emotion2: markerPos = -2.0
8.0398 	EXP 	slider_emotion2: markerPos = -2.0
8.0564 	EXP 	slider_emotion2: markerPos = -2.0
8.0730 	EXP 	slider_emotion2: markerPos = -2.0
8.0895 	EXP 	slider_emotion2: markerPos = -2.0
8.1060 	EXP 	slider_emotion2: markerPos = -2.0
8.1227 	EXP 	slider_emotion2: markerPos = -2.0
8.1459 	EXP 	slider_emotion2: markerPos = -2.0
8.1459 	EXP 	slider_emotion1: autoDraw = True
8.1459 	EXP 	slider_emotion2: autoDraw = True
8.1564 	EXP 	slider_emotion2: markerPos = -2.0
8.1564 	EXP 	stim_image: autoDraw = False
8.1721 	EXP 	slider_emotion2: markerPos = -2.0
8.1888 	EXP 	slider_emotion2: markerPos = -2.0
8.2054 	EXP 	slider_emotion2: markerPos = -2.0
8.2219 	EXP 	slider_emotion2: markerPos = -2.0
8.2386 	EXP 	slider_emotion2: markerPos = -2.0
8.2553 	EXP 	slider_emotion2: markerPos = -2.0
8.2714 	EXP 	slider_emotion2: markerPos = -2.0
8.2885 	EXP 	slider_emotion2: markerPos = -2.0
8.3050 	EXP 	slider_emotion2: markerPos = -2.0
8.3216 	EXP 	slider_emotion2: markerPos = -2.0
8.3383 	EXP 	slider_emotion2: markerPos = -2.0
8.3551 	EXP 	slider_emotion2: markerPos = -2.0
8.3712 	EXP 	slider_emotion2: markerPos = -2.0
8.3885 	EXP 	slider_emotion2: markerPos = -2.0
8.4044 	EXP 	slider_emotion2: markerPos = -2.0
8.4213 	EXP 	slider_emotion2: markerPos = -2.0
8.4383 	EXP 	slider_emotion2: markerPos = -2.0
8.4543 	EXP 	slider_emotion2: markerPos = -2.0
8.4709 	EXP 	slider_emotion2: markerPos = -2.0
8.4876 	EXP 	slider_emotion2: markerPos = -2.0
8.5044 	EXP 	slider_emotion2: markerPos = -2.0
8.5209 	EXP 	slider_emotion2: markerPos = -2.0
8.5376 	EXP 	slider_emotion2: markerPos = -2.0
8.5542 	EXP 	slider_emotion2: markerPos = -2.0
8.5709 	EXP 	slider_emotion2: markerPos = -2.0
8.5876 	EXP 	slider_emotion2: markerPos = -2.0
8.6044 	EXP 	slider_emotion2: markerPos = -2.0
8.6207 	EXP 	slider_emotion2: markerPos = -2.0
8.6376 	EXP 	slider_emotion2: markerPos = -2.0
8.6540 	EXP 	slider_emotion2: markerPos = -2.0
8.6706 	EXP 	slider_emotion2: markerPos = -2.0
8.6872 	EXP 	slider_emotion2: markerPos = -2.0
8.7039 	EXP 	slider_emotion2: markerPos = -2.0
8.7205 	EXP 	slider_emotion2: markerPos = -2.0
8.7374 	EXP 	slider_emotion2: markerPos = -2.0
8.7539 	EXP 	slider_emotion2: markerPos = -2.0
8.7704 	EXP 	slider_emotion2: markerPos = -2.0
8.7872 	EXP 	slider_emotion2: markerPos = -2.0
8.8038 	EXP 	slider_emotion2: markerPos = -2.0
8.8202 	EXP 	slider_emotion2: markerPos = -2.0
8.8372 	EXP 	slider_emotion2: markerPos = -2.0
8.8539 	EXP 	slider_emotion2: markerPos = -2.0
8.8702 	EXP 	slider_emotion2: markerPos = -2.0
8.8867 	EXP 	slider_emotion2: markerPos = -2.0
8.9032 	EXP 	slider_emotion2: markerPos = -2.0
8.9201 	EXP 	slider_emotion2: markerPos = -2.0
8.9366 	EXP 	slider_emotion2: markerPos = -2.0
8.9529 	EXP 	slider_emotion2: markerPos = -2.0
8.9701 	EXP 	slider_emotion2: markerPos = -2.0
8.9865 	EXP 	slider_emotion2: markerPos = -2.0
9.0032 	EXP 	slider_emotion2: markerPos = -2.0
9.0199 	EXP 	slider_emotion2: markerPos = -2.0
9.0363 	EXP 	slider_emotion2: markerPos = -2.0
9.0533 	EXP 	slider_emotion2: markerPos = -2.0
9.0699 	EXP 	slider_emotion2: markerPos = -2.0
9.0862 	EXP 	slider_emotion2: markerPos = -2.0
9.1029 	EXP 	slider_emotion2: markerPos = -2.0
9.1196 	EXP 	slider_emotion2: markerPos = -2.0
9.1362 	EXP 	slider_emotion2: markerPos = -2.0
9.1528 	EXP 	slider_emotion2: markerPos = -2.0
9.1694 	EXP 	slider_emotion2: markerPos = -2.0
9.1861 	EXP 	slider_emotion2: markerPos = -2.0
9.2026 	EXP 	slider_emotion2: markerPos = -2.0
9.2193 	EXP 	slider_emotion2: markerPos = -2.0
9.2356 	EXP 	slider_emotion2: markerPos = -2.0
9.2525 	EXP 	slider_emotion2: markerPos = -2.0
9.2694 	EXP 	slider_emotion2: markerPos = -2.0
9.2853 	EXP 	slider_emotion2: markerPos = -2.0
9.3020 	EXP 	slider_emotion2: markerPos = -2.0
9.3189 	EXP 	slider_emotion2: markerPos = -2.0
9.3355 	EXP 	slider_emotion2: markerPos = -2.0
9.3522 	EXP 	slider_emotion2: markerPos = -2.0
9.3687 	EXP 	slider_emotion2: markerPos = -2.0
9.3855 	EXP 	slider_emotion2: markerPos = -2.0
9.4021 	EXP 	slider_emotion2: markerPos = -2.0
9.4183 	EXP 	slider_emotion2: markerPos = -2.0
9.4354 	EXP 	slider_emotion2: markerPos = -2.0
9.4519 	EXP 	slider_emotion2: markerPos = -2.0
9.4685 	EXP 	slider_emotion2: markerPos = -2.0
9.4852 	EXP 	slider_emotion2: markerPos = -2.0
9.5018 	EXP 	slider_emotion2: markerPos = -2.0
9.5205 	EXP 	slider_emotion2: markerPos = -2.0
9.5350 	EXP 	slider_emotion2: markerPos = -2.0
9.5515 	EXP 	slider_emotion2: markerPos = -2.0
9.5683 	EXP 	slider_emotion2: markerPos = -2.0
9.5848 	EXP 	slider_emotion2: markerPos = -2.0
9.6014 	EXP 	slider_emotion2: markerPos = -2.0
9.6181 	EXP 	slider_emotion2: markerPos = -2.0
9.6346 	EXP 	slider_emotion2: markerPos = -2.0
9.6513 	EXP 	slider_emotion2: markerPos = -2.0
9.6679 	EXP 	slider_emotion2: markerPos = -2.0
9.6847 	EXP 	slider_emotion2: markerPos = -2.0
9.7012 	EXP 	slider_emotion2: markerPos = -2.0
9.7181 	EXP 	slider_emotion2: markerPos = -2.0
9.7344 	EXP 	slider_emotion2: markerPos = -2.0
9.7510 	EXP 	slider_emotion2: markerPos = -2.0
9.7705 	EXP 	slider_emotion2: markerPos = -2.0
9.7842 	EXP 	slider_emotion2: markerPos = -2.0
9.8008 	EXP 	slider_emotion2: markerPos = -2.0
9.8175 	EXP 	slider_emotion2: markerPos = -2.0
9.8344 	EXP 	slider_emotion2: markerPos = -2.0
9.8507 	EXP 	slider_emotion2: markerPos = -2.0
9.8674 	EXP 	slider_emotion2: markerPos = -2.0
9.8843 	EXP 	slider_emotion2: markerPos = -2.0
9.9006 	EXP 	slider_emotion2: markerPos = -2.0
9.9173 	EXP 	slider_emotion2: markerPos = -2.0
9.9339 	EXP 	slider_emotion2: markerPos = -2.0
9.9505 	EXP 	slider_emotion2: markerPos = -2.0
9.9673 	EXP 	slider_emotion2: markerPos = -2.0
9.9845 	EXP 	slider_emotion2: markerPos = -2.0
10.0004 	EXP 	slider_emotion2: markerPos = -2.0
10.0172 	EXP 	slider_emotion2: markerPos = -2.0
10.0340 	EXP 	slider_emotion2: markerPos = -2.0
10.0503 	EXP 	slider_emotion2: markerPos = -2.0
10.0710 	EXP 	slider_emotion2: markerPos = -2.0
10.0834 	EXP 	slider_emotion2: markerPos = -2.0
10.1003 	EXP 	slider_emotion2: markerPos = -2.0
10.1167 	EXP 	slider_emotion2: markerPos = -2.0
10.1331 	EXP 	slider_emotion2: markerPos = -2.0
10.1390 	EXP 	Device response: <KeyPress from None: t=10.128935500004445, value=escape, duration=None>
10.1392 	DATA 	Keypress: escape
10.1499 	EXP 	slider_emotion2: markerPos = -2.0
10.1665 	EXP 	slider_emotion2: markerPos = -2.0
10.1833 	EXP 	slider_emotion2: markerPos = -2.0
10.1996 	EXP 	slider_emotion2: markerPos = -2.0
10.2165 	EXP 	slider_emotion2: markerPos = -2.0
10.2329 	EXP 	slider_emotion2: markerPos = -2.0
10.2494 	EXP 	slider_emotion2: markerPos = -2.0
10.2665 	EXP 	slider_emotion2: markerPos = -2.0
10.2829 	EXP 	slider_emotion2: markerPos = -2.0
10.2838 	EXP 	Device response: <KeyPress from None: t=10.128935500004445, value=escape, duration=0.14020489998802077>
10.2839 	EXP 	untitled: status = STOPPED
10.2996 	EXP 	slider_emotion2: markerPos = -2.0
10.2996 	EXP 	slider_emotion1: autoDraw = False
10.2996 	EXP 	slider_emotion2: autoDraw = False
10.2998 	EXP 	untitled: status = STOPPED
10.3146 	INFO 	saved data to 'C:\\Users\\julia\\OneDrive\\Pulpit\\percepcja_psychopy\\data\\794026_untitled_2026-04-19_22h13.56.327.csv'
10.3160 	INFO 	saved data to C:\Users\julia\OneDrive\Pulpit\percepcja_psychopy\data\794026_untitled_2026-04-19_22h13.56.327.psydat
11.5845 	WARNING 	Stopping key buffers but this could be dangerous ifother keyboards rely on the same.
