7.7903 	INFO 	Loaded monitor calibration from ['2026_03_18 20:30']
7.8244 	WARNING 	User requested fullscreen with size [1090  800], but screen is actually [1920, 1080]. Using actual size
8.5279 	INFO 	Using renderer 'Intel(R) UHD Graphics' for graphics
8.5279 	INFO 	OpenGL version supported by driver is 4..
9.4826 	EXP 	Created window1 = Window(allowGUI=False, allowStencil=False, autoLog=True, backendConf=UNKNOWN, backgroundFit=<method-wrapper '__getattribute__' of attributeSetter object at 0x0000027CC6FACE80>, backgroundImage=<method-wrapper '__getattribute__' of attributeSetter object at 0x0000027CC6FAD0F0>, bitsMode=UNKNOWN, blendMode='avg', bpc=(8, 8, 8), color=array([0, 0, 0]), colorSpace='rgb', depthBits=8, fullscr=True, gamma=None, gammaErrorPolicy='raise', infoMsg=UNKNOWN, lms=UNKNOWN, monitor=<psychopy.monitors.calibTools.Monitor object at 0x0000027CC7756EC0>, multiSample=False, name='window1', numSamples=2, pos=[np.float64(0.0), np.float64(0.0)], screen=0, size=array([1920, 1080]), stencilBits=0, stereo=False, title='PsychoPy', units='height', useFBO=True, useRetina=False, viewOri=0.0, viewPos=None, viewScale=None, waitBlanking=True, winType='pyglet')
9.4826 	EXP 	window1: backgroundImage = ''
9.4827 	EXP 	window1: backgroundFit = 'none'
9.9142 	EXP 	window1: Attempting to measure frame rate of screen (0) ...
9.9143 	EXP 	window1: recordFrameIntervals = False
10.0622 	EXP 	window1: recordFrameIntervals = True
11.7246 	EXP 	window1: recordFrameIntervals = False
11.7247 	EXP 	Screen (0) actual frame rate measured at 60.26Hz
11.8899 	INFO 	keyboard.Keyboard is using ptb backend.
11.8900 	EXP 	untitled_FINAL_NEWEST: status = STARTED
11.9184 	EXP 	Created label_text = TextStim(__class__=<class 'psychopy.visual.text.TextStim'>, alignHoriz=method-wrapper(...), alignText='center', alignVert=method-wrapper(...), anchorHoriz='center', anchorVert='center', antialias=True, autoDraw=False, autoLog=True, bold=False, color=array([1., 1., 1.]), colorSpace='rgb', contrast=1.0, depth=-3.0, draggable=False, flipHoriz=False, flipVert=False, font='Arial', fontFiles=[], height=0.05, italic=False, languageStyle='LTR', name='label_text', opacity=1, ori=0.0, pos=array([0., 0.]), rgb=UNKNOWN, text='', units='height', win=Window(...), wrapWidth=1)
11.9573 	EXP 	Created stim_image = ImageStim(__class__=<class 'psychopy.visual.image.ImageStim'>, anchor=('center', 'center'), autoLog=True, color=array([1., 1., 1.]), colorSpace='rgb', contrast=1.0, depth=-4.0, draggable=False, flipHoriz=np.False_, flipVert=np.False_, image='default.png', interpolate=True, mask=None, maskParams=None, name='stim_image', opacity=1, ori=0.0, pos=array([0., 0.]), size=array([0.5, 0.5]), texRes=128.0, units='height', win=Window(...))
11.9846 	EXP 	Created slider = Slider(__class__=<class 'psychopy.visual.slider.Slider'>, autoDraw=False, autoLog=True, borderColor=None, color=None, colorSpace='rgb', depth=-5, fillColor=None, flip=False, font='Noto Sans', granularity=0.0, labelColor=None, labelHeight=np.float64(0.05), labelWrapWidth=None, labels=None, lineColor=None, markerColor=None, name='slider', opacity=None, ori=0.0, pos=array([0. , 0.1]), readOnly=False, self=UNKNOWN, size=array([0.5, 0.1]), startValue=3, style='slider', styleTweaks=[], ticks=array([1, 2, 3, 4, 5]), units='norm', win=Window(...))
0.0028 	EXP 	slider: autoLog = True
0.0028 	EXP 	slider: styleTweaks = []
0.0028 	EXP 	slider: styleTweaks = []
0.0028 	EXP 	slider: styleTweaks = []
0.0028 	EXP 	slider: styleTweaks = []
0.0028 	EXP 	slider: contrast = 1.0
0.0028 	EXP 	slider: markerPos = 3
0.0028 	EXP 	slider: autoLog = True
0.0138 	EXP 	Imported C:/Users/julia/OneDrive/Pulpit/percepcja_psychopy/conditions.xlsx as conditions, 32 conditions, 5 params
0.0142 	EXP 	New trial (rep=0, index=0): <Trial 0 (0 in rep 0) data={'image_path': 'C:\\Users\\julia\\OneDrive\\Pulpit\\percepcja_psychopy\\photos\\ee7bd76502e1d9aea7c74fc5bea75be9.jpg', 'label_text': 'test', 'left_label': 'radość', 'right_label': 'smutek', 'show_label': 1, 'thisN': 0, 'thisTrialN': 0, 'thisRepN': 0}>
0.2451 	EXP 	label_text: height = np.float64(0.05)
0.2451 	EXP 	label_text: height = np.float64(0.05)
0.2451 	EXP 	label_text: height = np.float64(0.05)
0.2451 	EXP 	label_text: text = <psychopy.visual.text.TextStim object at 0x0000027CCE0E73A0>
0.2451 	EXP 	stim_image: image = 'C:\\Users\\julia\\OneDrive\\Pulpit\\percepcja_psychopy\\photos\\ee7bd76502e1d9aea7c74fc5bea75be9.jpg'
0.2451 	EXP 	slider: markerPos = None
0.2451 	EXP 	slider: markerPos = 3
0.2451 	EXP 	label_text: autoDraw = True
1.0033 	EXP 	stim_image: autoDraw = True
1.2522 	EXP 	label_text: autoDraw = False
1.9998 	EXP 	slider: autoDraw = True
2.0168 	EXP 	stim_image: autoDraw = False
4.6771 	DATA 	Mouse: Left button down, pos=(959,597)
4.6924 	EXP 	slider: markerPos = np.float64(2.9916666666666667)
4.7091 	EXP 	slider: markerPos = np.float64(2.9916666666666667)
4.7255 	EXP 	slider: markerPos = np.float64(2.9916666666666667)
4.7423 	EXP 	slider: markerPos = np.float64(3.0)
4.7587 	EXP 	slider: markerPos = np.float64(3.0166666666666666)
4.7753 	EXP 	slider: markerPos = np.float64(3.05)
4.7919 	EXP 	slider: markerPos = np.float64(3.1)
4.8086 	EXP 	slider: markerPos = np.float64(3.2)
4.8256 	EXP 	slider: markerPos = np.float64(3.2916666666666665)
4.8420 	EXP 	slider: markerPos = np.float64(3.6)
4.8585 	EXP 	slider: markerPos = np.float64(3.925)
4.8751 	EXP 	slider: markerPos = np.float64(4.2)
4.8917 	EXP 	slider: markerPos = np.float64(4.425)
4.9085 	EXP 	slider: markerPos = np.float64(4.508333333333333)
4.9248 	EXP 	slider: markerPos = np.float64(4.533333333333333)
4.9416 	EXP 	slider: markerPos = np.float64(4.55)
4.9582 	EXP 	slider: markerPos = np.float64(4.566666666666666)
4.9750 	EXP 	slider: markerPos = np.float64(4.608333333333333)
4.9917 	EXP 	slider: markerPos = np.float64(4.65)
5.0080 	EXP 	slider: markerPos = np.float64(4.691666666666666)
5.0249 	EXP 	slider: markerPos = np.float64(4.716666666666667)
5.0413 	EXP 	slider: markerPos = np.float64(4.725)
5.0580 	EXP 	slider: markerPos = np.float64(4.725)
5.0594 	DATA 	Mouse:  Left button up, pos=(1167,604)
5.0747 	EXP 	slider: markerPos = np.float64(4.725)
5.0767 	EXP 	New trial (rep=0, index=1): <Trial 1 (1 in rep 0) data={'image_path': 'C:\\Users\\julia\\OneDrive\\Pulpit\\percepcja_psychopy\\photos\\ee7bd76502e1d9aea7c74fc5bea75be9.jpg', 'label_text': 'test', 'left_label': 'strach', 'right_label': 'złość', 'show_label': 1, 'thisN': 1, 'thisTrialN': 1, 'thisRepN': 0}>
5.1210 	EXP 	label_text: autoDraw = False
5.1210 	EXP 	stim_image: autoDraw = False
5.1210 	EXP 	slider: autoDraw = False
5.1210 	EXP 	label_text: height = np.float64(0.05)
5.1210 	EXP 	label_text: height = np.float64(0.05)
5.1210 	EXP 	label_text: height = np.float64(0.05)
5.1210 	EXP 	label_text: text = <psychopy.visual.text.TextStim object at 0x0000027CCE0E73A0>
5.1210 	EXP 	stim_image: image = 'C:\\Users\\julia\\OneDrive\\Pulpit\\percepcja_psychopy\\photos\\ee7bd76502e1d9aea7c74fc5bea75be9.jpg'
5.1210 	EXP 	slider: markerPos = None
5.1210 	EXP 	slider: markerPos = 3
5.1210 	EXP 	label_text: autoDraw = True
6.0896 	EXP 	stim_image: autoDraw = True
6.1224 	EXP 	label_text: autoDraw = False
7.0862 	EXP 	slider: autoDraw = True
7.1027 	EXP 	stim_image: autoDraw = False
8.4028 	DATA 	Keypress: escape
8.4750 	EXP 	Device response: <KeyPress from None: t=8.400328500021715, value=escape, duration=None>
8.4802 	EXP 	Device response: <KeyPress from None: t=8.400328500021715, value=escape, duration=0.05446509999455884>
8.4802 	EXP 	untitled_FINAL_NEWEST: status = STOPPED
8.4837 	EXP 	slider: autoDraw = False
8.4839 	EXP 	untitled_FINAL_NEWEST: status = STOPPED
8.4897 	INFO 	saved data to 'C:\\Users\\julia\\OneDrive\\Pulpit\\percepcja_psychopy\\data\\798639_untitled_FINAL_NEWEST_2026-04-20_14h12.56.386.csv'
8.4926 	INFO 	saved data to C:\Users\julia\OneDrive\Pulpit\percepcja_psychopy\data\798639_untitled_FINAL_NEWEST_2026-04-20_14h12.56.386.psydat
9.9251 	WARNING 	Stopping key buffers but this could be dangerous ifother keyboards rely on the same.
