9.7269 	INFO 	Loaded monitor calibration from ['2026_03_18 20:30']
9.7718 	WARNING 	User requested fullscreen with size [1090  800], but screen is actually [1920, 1080]. Using actual size
11.0545 	INFO 	Using renderer 'Intel(R) UHD Graphics' for graphics
11.0546 	INFO 	OpenGL version supported by driver is 4..
12.1335 	EXP 	Created window1 = Window(allowGUI=False, allowStencil=False, autoLog=True, backendConf=UNKNOWN, backgroundFit=<method-wrapper '__getattribute__' of attributeSetter object at 0x0000015202CC7AF0>, backgroundImage=<method-wrapper '__getattribute__' of attributeSetter object at 0x0000015202CC7A90>, bitsMode=UNKNOWN, blendMode='avg', bpc=(8, 8, 8), color=array([0.6549, 0.6549, 0.6549]), colorSpace='rgb', depthBits=8, fullscr=True, gamma=None, gammaErrorPolicy='raise', infoMsg=UNKNOWN, lms=UNKNOWN, monitor=<psychopy.monitors.calibTools.Monitor object at 0x0000015202C82650>, multiSample=False, name='window1', numSamples=2, pos=[np.float64(0.0), np.float64(0.0)], screen=0, size=array([1920, 1080]), stencilBits=0, stereo=False, title='PsychoPy', units='height', useFBO=True, useRetina=False, viewOri=0.0, viewPos=None, viewScale=None, waitBlanking=True, winType='pyglet')
12.1336 	EXP 	window1: backgroundImage = ''
12.1336 	EXP 	window1: backgroundFit = 'none'
12.4898 	INFO 	keyboard.Keyboard is using ptb backend.
12.4899 	EXP 	untitled_FINAL_NEWEST: status = STARTED
12.6767 	EXP 	Created text_instr = TextStim(__class__=<class 'psychopy.visual.text.TextStim'>, alignHoriz=method-wrapper(...), alignText='center', alignVert=method-wrapper(...), anchorHoriz='center', anchorVert='center', antialias=True, autoDraw=False, autoLog=True, bold=False, color=array([-1., -1., -1.]), colorSpace='rgb', contrast=1.0, depth=-2.0, draggable=False, flipHoriz=False, flipVert=False, font='Arial', fontFiles=[], height=np.float64(0.03), italic=False, languageStyle='LTR', name='text_instr', opacity=1, ori=0.0, pos=array([0., 0.]), rgb=UNKNOWN, text=str(...), units='height', win=Window(...), wrapWidth=1.5)
12.7170 	EXP 	Created suwak_info = TextStim(__class__=<class 'psychopy.visual.text.TextStim'>, alignHoriz=method-wrapper(...), alignText='center', alignVert=method-wrapper(...), anchorHoriz='center', anchorVert='center', antialias=True, autoDraw=False, autoLog=True, bold=False, color=array([-1., -1., -1.]), colorSpace='rgb', contrast=1.0, depth=-1.0, draggable=False, flipHoriz=False, flipVert=False, font='Arial', fontFiles=[], height=np.float64(0.03), italic=False, languageStyle='LTR', name='suwak_info', opacity=1, ori=0.0, pos=array([0., 0.]), rgb=UNKNOWN, text=str(...), units='height', win=Window(...), wrapWidth=1.3)
12.7651 	EXP 	Created proba_testowa = TextStim(__class__=<class 'psychopy.visual.text.TextStim'>, alignHoriz=method-wrapper(...), alignText='center', alignVert=method-wrapper(...), anchorHoriz='center', anchorVert='center', antialias=True, autoDraw=False, autoLog=True, bold=False, color=array([-1., -1., -1.]), colorSpace='rgb', contrast=1.0, depth=-2.0, draggable=False, flipHoriz=False, flipVert=False, font='Arial', fontFiles=[], height=np.float64(0.04), italic=False, languageStyle='LTR', name='proba_testowa', opacity=1, ori=0.0, pos=array([0., 0.]), rgb=UNKNOWN, text=str(...), units='height', win=Window(...), wrapWidth=1.4)
12.7678 	EXP 	Created pilot_label_text = TextStim(__class__=<class 'psychopy.visual.text.TextStim'>, alignHoriz=method-wrapper(...), alignText='center', alignVert=method-wrapper(...), anchorHoriz='center', anchorVert='center', antialias=True, autoDraw=False, autoLog=True, bold=False, color=array([-1., -1., -1.]), colorSpace='rgb', contrast=1.0, depth=-1.0, draggable=False, flipHoriz=False, flipVert=False, font='Arial', fontFiles=[], height=0.05, italic=False, languageStyle='LTR', name='pilot_label_text', opacity=1, ori=0.0, pos=array([0., 0.]), rgb=UNKNOWN, text='', units='height', win=Window(...), wrapWidth=1.3)
12.7777 	EXP 	Created pilot_fiksacja1 = TextStim(__class__=<class 'psychopy.visual.text.TextStim'>, alignHoriz=method-wrapper(...), alignText='center', alignVert=method-wrapper(...), anchorHoriz='center', anchorVert='center', antialias=True, autoDraw=False, autoLog=True, bold=False, color=array([-1., -1., -1.]), colorSpace='rgb', contrast=1.0, depth=-2.0, draggable=False, flipHoriz=False, flipVert=False, font='Arial', fontFiles=[], height=np.float64(0.1), italic=False, languageStyle='LTR', name='pilot_fiksacja1', opacity=1, ori=0.0, pos=array([0., 0.]), rgb=UNKNOWN, text='+', units='height', win=Window(...), wrapWidth=1)
12.8214 	EXP 	Created pilot_suwak = Slider(__class__=<class 'psychopy.visual.slider.Slider'>, autoDraw=False, autoLog=True, borderColor=None, color=None, colorSpace='rgb', depth=-3, fillColor=None, flip=False, font='Noto Sans', granularity=0.0, labelColor=None, labelHeight=np.float64(0.05), labelWrapWidth=None, labels=None, lineColor=None, markerColor=None, name='pilot_suwak', opacity=None, ori=0.0, pos=array([ 0. , -0.5]), readOnly=False, self=UNKNOWN, size=array([1. , 0.1]), startValue=0, style='slider', styleTweaks=[], ticks=ndarray(...), units='norm', win=Window(...))
12.8239 	EXP 	Created pilot_fiksacja2 = TextStim(__class__=<class 'psychopy.visual.text.TextStim'>, alignHoriz=method-wrapper(...), alignText='center', alignVert=method-wrapper(...), anchorHoriz='center', anchorVert='center', antialias=True, autoDraw=False, autoLog=True, bold=False, color=array([-1., -1., -1.]), colorSpace='rgb', contrast=1.0, depth=-4.0, draggable=False, flipHoriz=False, flipVert=False, font='Arial', fontFiles=[], height=np.float64(0.1), italic=False, languageStyle='LTR', name='pilot_fiksacja2', opacity=1, ori=0.0, pos=array([0., 0.]), rgb=UNKNOWN, text='+', units='height', win=Window(...), wrapWidth=1)
12.8424 	EXP 	Created pilot_pytanie = TextStim(__class__=<class 'psychopy.visual.text.TextStim'>, alignHoriz=method-wrapper(...), alignText='center', alignVert=method-wrapper(...), anchorHoriz='center', anchorVert='center', antialias=True, autoDraw=False, autoLog=True, bold=False, color=array([-1., -1., -1.]), colorSpace='rgb', contrast=1.0, depth=-5.0, draggable=False, flipHoriz=False, flipVert=False, font='Arial', fontFiles=[], height=np.float64(0.1), italic=False, languageStyle='LTR', name='pilot_pytanie', opacity=1, ori=0.0, pos=array([0., 0.]), rgb=UNKNOWN, text='Jaką emocję wyrażała ta twarz?', units='norm', win=Window(...), wrapWidth=1)
12.8444 	EXP 	Created pilot_lewa_etykieta = TextStim(__class__=<class 'psychopy.visual.text.TextStim'>, alignHoriz=method-wrapper(...), alignText='center', alignVert=method-wrapper(...), anchorHoriz='center', anchorVert='center', antialias=True, autoDraw=False, autoLog=True, bold=False, color=array([-1., -1., -1.]), colorSpace='rgb', contrast=1.0, depth=-6.0, draggable=False, flipHoriz=False, flipVert=False, font='Arial', fontFiles=[], height=0.085, italic=False, languageStyle='LTR', name='pilot_lewa_etykieta', opacity=1, ori=0.0, pos=array([-0.6, -0.5]), rgb=UNKNOWN, text='', units='norm', win=Window(...), wrapWidth=1)
12.8461 	EXP 	Created pilot_prawa_etykieta = TextStim(__class__=<class 'psychopy.visual.text.TextStim'>, alignHoriz=method-wrapper(...), alignText='center', alignVert=method-wrapper(...), anchorHoriz='center', anchorVert='center', antialias=True, autoDraw=False, autoLog=True, bold=False, color=array([-1., -1., -1.]), colorSpace='rgb', contrast=1.0, depth=-7.0, draggable=False, flipHoriz=False, flipVert=False, font='Arial', fontFiles=[], height=0.085, italic=False, languageStyle='LTR', name='pilot_prawa_etykieta', opacity=1, ori=0.0, pos=array([ 0.6, -0.5]), rgb=UNKNOWN, text='', units='norm', win=Window(...), wrapWidth=1)
13.0150 	EXP 	Created pilot_stim_image = ImageStim(__class__=<class 'psychopy.visual.image.ImageStim'>, anchor=('center', 'center'), autoLog=True, color=array([1., 1., 1.]), colorSpace='rgb', contrast=1.0, depth=-8.0, draggable=False, flipHoriz=np.False_, flipVert=np.False_, image='C:/Users/julia/OneDrive/Obrazy/IMG_2397.JPEG', interpolate=True, mask=None, maskParams=None, name='pilot_stim_image', opacity=1, ori=0.0, pos=array([0., 0.]), size=array([0.75, 0.75]), texRes=128.0, units='height', win=Window(...))
13.0619 	EXP 	Created start_badania = TextStim(__class__=<class 'psychopy.visual.text.TextStim'>, alignHoriz=method-wrapper(...), alignText='center', alignVert=method-wrapper(...), anchorHoriz='center', anchorVert='center', antialias=True, autoDraw=False, autoLog=True, bold=False, color=array([-1., -1., -1.]), colorSpace='rgb', contrast=1.0, depth=-2.0, draggable=False, flipHoriz=False, flipVert=False, font='Arial', fontFiles=[], height=np.float64(0.1), italic=False, languageStyle='LTR', name='start_badania', opacity=1, ori=0.0, pos=array([0., 0.]), rgb=UNKNOWN, text=str(...), units='norm', win=Window(...), wrapWidth=1.4)
13.0699 	EXP 	Created przerwa_text = TextStim(__class__=<class 'psychopy.visual.text.TextStim'>, alignHoriz=method-wrapper(...), alignText='center', alignVert=method-wrapper(...), anchorHoriz='center', anchorVert='center', antialias=True, autoDraw=False, autoLog=True, bold=False, color=array([-1., -1., -1.]), colorSpace='rgb', contrast=1.0, depth=0.0, draggable=False, flipHoriz=False, flipVert=False, font='Arial', fontFiles=[], height=np.float64(0.1), italic=False, languageStyle='LTR', name='przerwa_text', opacity=1, ori=0.0, pos=array([0., 0.]), rgb=UNKNOWN, text=str(...), units='norm', win=Window(...), wrapWidth=1)
13.0708 	EXP 	Created label_text = TextStim(__class__=<class 'psychopy.visual.text.TextStim'>, alignHoriz=method-wrapper(...), alignText='center', alignVert=method-wrapper(...), anchorHoriz='center', anchorVert='center', antialias=True, autoDraw=False, autoLog=True, bold=False, color=array([-1., -1., -1.]), colorSpace='rgb', contrast=1.0, depth=-2.0, draggable=False, flipHoriz=False, flipVert=False, font='Arial', fontFiles=[], height=0.05, italic=False, languageStyle='LTR', name='label_text', opacity=1, ori=0.0, pos=array([0., 0.]), rgb=UNKNOWN, text='', units='height', win=Window(...), wrapWidth=1.3)
13.0759 	EXP 	Created stim_image = ImageStim(__class__=<class 'psychopy.visual.image.ImageStim'>, anchor=('center', 'center'), autoLog=True, color=array([1., 1., 1.]), colorSpace='rgb', contrast=1.0, depth=-3.0, draggable=False, flipHoriz=np.False_, flipVert=np.False_, image='default.png', interpolate=True, mask=None, maskParams=None, name='stim_image', opacity=1, ori=0.0, pos=array([0., 0.]), size=array([0.75, 0.75]), texRes=128.0, units='height', win=Window(...))
13.0892 	EXP 	Created suwak_badanie = Slider(__class__=<class 'psychopy.visual.slider.Slider'>, autoDraw=False, autoLog=True, borderColor=None, color=None, colorSpace='rgb', depth=-4, fillColor=None, flip=False, font='Noto Sans', granularity=0.0, labelColor=None, labelHeight=np.float64(0.05), labelWrapWidth=None, labels=None, lineColor=None, markerColor=None, name='suwak_badanie', opacity=None, ori=0.0, pos=array([ 0. , -0.5]), readOnly=False, self=UNKNOWN, size=array([1. , 0.1]), startValue=0, style='slider', styleTweaks=[], ticks=ndarray(...), units='norm', win=Window(...))
13.0902 	EXP 	Created lewa_etykieta = TextStim(__class__=<class 'psychopy.visual.text.TextStim'>, alignHoriz=method-wrapper(...), alignText='center', alignVert=method-wrapper(...), anchorHoriz='center', anchorVert='center', antialias=True, autoDraw=False, autoLog=True, bold=False, color=array([-1., -1., -1.]), colorSpace='rgb', contrast=1.0, depth=-5.0, draggable=False, flipHoriz=False, flipVert=False, font='Arial', fontFiles=[], height=0.085, italic=False, languageStyle='LTR', name='lewa_etykieta', opacity=1, ori=0.0, pos=array([-0.65, -0.5 ]), rgb=UNKNOWN, text='', units='norm', win=Window(...), wrapWidth=1)
13.0911 	EXP 	Created prawa_etykieta = TextStim(__class__=<class 'psychopy.visual.text.TextStim'>, alignHoriz=method-wrapper(...), alignText='center', alignVert=method-wrapper(...), anchorHoriz='center', anchorVert='center', antialias=True, autoDraw=False, autoLog=True, bold=False, color=array([-1., -1., -1.]), colorSpace='rgb', contrast=1.0, depth=-6.0, draggable=False, flipHoriz=False, flipVert=False, font='Arial', fontFiles=[], height=0.085, italic=False, languageStyle='LTR', name='prawa_etykieta', opacity=1, ori=0.0, pos=array([ 0.65, -0.5 ]), rgb=UNKNOWN, text='', units='norm', win=Window(...), wrapWidth=1)
13.0938 	EXP 	Created fiksacja1 = TextStim(__class__=<class 'psychopy.visual.text.TextStim'>, alignHoriz=method-wrapper(...), alignText='center', alignVert=method-wrapper(...), anchorHoriz='center', anchorVert='center', antialias=True, autoDraw=False, autoLog=True, bold=False, color=array([-1., -1., -1.]), colorSpace='rgb', contrast=1.0, depth=-7.0, draggable=False, flipHoriz=False, flipVert=False, font='Arial', fontFiles=[], height=np.float64(0.1), italic=False, languageStyle='LTR', name='fiksacja1', opacity=1, ori=0.0, pos=array([0., 0.]), rgb=UNKNOWN, text='+', units='height', win=Window(...), wrapWidth=1)
13.0977 	EXP 	Created fiksacja2 = TextStim(__class__=<class 'psychopy.visual.text.TextStim'>, alignHoriz=method-wrapper(...), alignText='center', alignVert=method-wrapper(...), anchorHoriz='center', anchorVert='center', antialias=True, autoDraw=False, autoLog=True, bold=False, color=array([-1., -1., -1.]), colorSpace='rgb', contrast=1.0, depth=-8.0, draggable=False, flipHoriz=False, flipVert=False, font='Arial', fontFiles=[], height=np.float64(0.1), italic=False, languageStyle='LTR', name='fiksacja2', opacity=1, ori=0.0, pos=array([0., 0.]), rgb=UNKNOWN, text='+', units='height', win=Window(...), wrapWidth=1)
13.1018 	EXP 	Created pytanie = TextStim(__class__=<class 'psychopy.visual.text.TextStim'>, alignHoriz=method-wrapper(...), alignText='center', alignVert=method-wrapper(...), anchorHoriz='center', anchorVert='center', antialias=True, autoDraw=False, autoLog=True, bold=False, color=array([-1., -1., -1.]), colorSpace='rgb', contrast=1.0, depth=-9.0, draggable=False, flipHoriz=False, flipVert=False, font='Arial', fontFiles=[], height=np.float64(0.1), italic=False, languageStyle='LTR', name='pytanie', opacity=1, ori=0.0, pos=array([0., 0.]), rgb=UNKNOWN, text='Jaką emocję wyrażała ta twarz?', units='norm', win=Window(...), wrapWidth=1)
13.1053 	EXP 	Created text = TextStim(__class__=<class 'psychopy.visual.text.TextStim'>, alignHoriz=method-wrapper(...), alignText='center', alignVert=method-wrapper(...), anchorHoriz='center', anchorVert='center', antialias=True, autoDraw=False, autoLog=True, bold=False, color=array([1., 1., 1.]), colorSpace='rgb', contrast=1.0, depth=0.0, draggable=False, flipHoriz=False, flipVert=False, font='Arial', fontFiles=[], height=np.float64(0.05), italic=False, languageStyle='LTR', name='text', opacity=1, ori=0.0, pos=array([0., 0.]), rgb=UNKNOWN, text='dzieki', units='height', win=Window(...), wrapWidth=1)
0.0301 	EXP 	pilot_suwak: autoLog = True
0.0301 	EXP 	pilot_suwak: styleTweaks = []
0.0301 	EXP 	pilot_suwak: styleTweaks = []
0.0301 	EXP 	pilot_suwak: styleTweaks = []
0.0301 	EXP 	pilot_suwak: styleTweaks = []
0.0301 	EXP 	pilot_suwak: contrast = 1.0
0.0301 	EXP 	pilot_suwak: markerPos = 0
0.0301 	EXP 	pilot_suwak: autoLog = True
0.0301 	EXP 	suwak_badanie: autoLog = True
0.0301 	EXP 	suwak_badanie: styleTweaks = []
0.0301 	EXP 	suwak_badanie: styleTweaks = []
0.0301 	EXP 	suwak_badanie: styleTweaks = []
0.0301 	EXP 	suwak_badanie: styleTweaks = []
0.0301 	EXP 	suwak_badanie: contrast = 1.0
0.0301 	EXP 	suwak_badanie: markerPos = 0
0.0301 	EXP 	suwak_badanie: autoLog = True
0.0437 	INFO 	Keyboard events cleared
0.0436 	EXP 	text_instr: autoDraw = True
4.7031 	DATA 	Keypress: space
4.7287 	EXP 	Device response: <KeyPress from None: t=4.700670999998692, value=space, duration=None>
4.7343 	INFO 	Keyboard events cleared
4.7341 	EXP 	text_instr: autoDraw = False
4.7341 	EXP 	suwak_info: autoDraw = True
4.9011 	EXP 	Device response: <KeyPress from None: t=4.700670999998692, value=space, duration=0.19939520000480115>
9.3050 	EXP 	Device response: <KeyPress from None: t=9.299215400009416, value=space, duration=None>
9.3071 	DATA 	Keypress: space
9.3215 	INFO 	Keyboard events cleared
9.3213 	EXP 	suwak_info: autoDraw = False
9.3213 	EXP 	proba_testowa: autoDraw = True
9.4882 	EXP 	Device response: <KeyPress from None: t=9.299215400009416, value=space, duration=0.18520599999465048>
13.4109 	EXP 	Device response: <KeyPress from None: t=13.399028099956922, value=space, duration=None>
13.4482 	DATA 	Keypress: space
13.4507 	EXP 	proba_testowa: autoDraw = False
13.4507 	EXP 	pilot_label_text: height = np.float64(0.05)
13.4507 	EXP 	pilot_label_text: height = np.float64(0.05)
13.4507 	EXP 	pilot_label_text: height = np.float64(0.05)
13.4507 	EXP 	pilot_label_text: height = np.float64(0.05)
13.4507 	EXP 	pilot_label_text: height = np.float64(0.05)
13.4507 	EXP 	pilot_label_text: height = np.float64(0.05)
13.4507 	EXP 	pilot_label_text: text = 'Model AI wykrył w tej twarzy 80% smutku.\n\n'
13.4507 	EXP 	pilot_suwak: markerPos = None
13.4507 	EXP 	pilot_suwak: markerPos = 0
13.4507 	EXP 	pilot_lewa_etykieta: height = np.float64(0.085)
13.4507 	EXP 	pilot_lewa_etykieta: height = np.float64(0.085)
13.4507 	EXP 	pilot_lewa_etykieta: height = np.float64(0.085)
13.4507 	EXP 	pilot_lewa_etykieta: text = 'radość'
13.4507 	EXP 	pilot_prawa_etykieta: height = np.float64(0.085)
13.4507 	EXP 	pilot_prawa_etykieta: height = np.float64(0.085)
13.4507 	EXP 	pilot_prawa_etykieta: height = np.float64(0.085)
13.4507 	EXP 	pilot_prawa_etykieta: text = 'smutek'
13.4507 	EXP 	pilot_fiksacja1: autoDraw = True
13.5936 	EXP 	Device response: <KeyPress from None: t=13.399028099956922, value=space, duration=0.18036550004035234>
13.9587 	EXP 	pilot_fiksacja1: autoDraw = False
14.1252 	EXP 	pilot_label_text: autoDraw = True
17.1335 	EXP 	pilot_label_text: autoDraw = False
17.3163 	EXP 	pilot_fiksacja2: autoDraw = True
17.8317 	EXP 	pilot_fiksacja2: autoDraw = False
18.0154 	EXP 	pilot_stim_image: autoDraw = True
18.9130 	EXP 	pilot_suwak: autoDraw = True
18.9130 	EXP 	pilot_pytanie: autoDraw = True
18.9130 	EXP 	pilot_lewa_etykieta: autoDraw = True
18.9130 	EXP 	pilot_prawa_etykieta: autoDraw = True
18.9282 	EXP 	pilot_stim_image: autoDraw = False
21.8382 	DATA 	Mouse: Left button down, pos=(962,271)
21.8539 	EXP 	pilot_suwak: markerPos = np.float64(0.2083333333333357)
21.8705 	EXP 	pilot_suwak: markerPos = np.float64(0.2083333333333357)
21.8870 	EXP 	pilot_suwak: markerPos = np.float64(0.2083333333333357)
21.9036 	EXP 	pilot_suwak: markerPos = np.float64(0.4166666666666643)
21.9204 	EXP 	pilot_suwak: markerPos = np.float64(0.5208333333333357)
21.9371 	EXP 	pilot_suwak: markerPos = np.float64(0.5208333333333357)
21.9535 	EXP 	pilot_suwak: markerPos = np.float64(0.9375)
21.9700 	EXP 	pilot_suwak: markerPos = np.float64(1.1458333333333357)
21.9866 	EXP 	pilot_suwak: markerPos = np.float64(1.1458333333333357)
22.0033 	EXP 	pilot_suwak: markerPos = np.float64(1.4583333333333286)
22.0199 	EXP 	pilot_suwak: markerPos = np.float64(1.7708333333333357)
22.0364 	EXP 	pilot_suwak: markerPos = np.float64(2.0833333333333357)
22.0531 	EXP 	pilot_suwak: markerPos = np.float64(2.1875)
22.0698 	EXP 	pilot_suwak: markerPos = np.float64(2.7083333333333357)
22.0866 	EXP 	pilot_suwak: markerPos = np.float64(3.0208333333333286)
22.1029 	EXP 	pilot_suwak: markerPos = np.float64(4.166666666666664)
22.1196 	EXP 	pilot_suwak: markerPos = np.float64(5.208333333333336)
22.1361 	EXP 	pilot_suwak: markerPos = np.float64(5.833333333333336)
22.1530 	EXP 	pilot_suwak: markerPos = np.float64(6.458333333333336)
22.1697 	EXP 	pilot_suwak: markerPos = np.float64(7.395833333333336)
22.1865 	EXP 	pilot_suwak: markerPos = np.float64(8.541666666666671)
22.2027 	EXP 	pilot_suwak: markerPos = np.float64(8.854166666666664)
22.2194 	EXP 	pilot_suwak: markerPos = np.float64(9.166666666666664)
22.2362 	EXP 	pilot_suwak: markerPos = np.float64(9.791666666666664)
22.2526 	EXP 	pilot_suwak: markerPos = np.float64(10.9375)
22.2691 	EXP 	pilot_suwak: markerPos = np.float64(13.020833333333336)
22.2858 	EXP 	pilot_suwak: markerPos = np.float64(13.854166666666664)
22.3025 	EXP 	pilot_suwak: markerPos = np.float64(14.583333333333343)
22.3194 	EXP 	pilot_suwak: markerPos = np.float64(15.208333333333329)
22.3360 	EXP 	pilot_suwak: markerPos = np.float64(15.625)
22.3524 	EXP 	pilot_suwak: markerPos = np.float64(15.729166666666657)
22.3689 	EXP 	pilot_suwak: markerPos = np.float64(16.04166666666667)
22.3856 	EXP 	pilot_suwak: markerPos = np.float64(16.35416666666667)
22.4024 	EXP 	pilot_suwak: markerPos = np.float64(16.77083333333333)
22.4193 	EXP 	pilot_suwak: markerPos = np.float64(17.39583333333333)
22.4360 	EXP 	pilot_suwak: markerPos = np.float64(17.8125)
22.4522 	EXP 	pilot_suwak: markerPos = np.float64(17.91666666666667)
22.4689 	EXP 	pilot_suwak: markerPos = np.float64(18.02083333333333)
22.4851 	EXP 	pilot_suwak: markerPos = np.float64(18.02083333333333)
22.5019 	EXP 	pilot_suwak: markerPos = np.float64(18.54166666666667)
22.5185 	EXP 	pilot_suwak: markerPos = np.float64(19.270833333333343)
22.5352 	EXP 	pilot_suwak: markerPos = np.float64(19.6875)
22.5520 	EXP 	pilot_suwak: markerPos = np.float64(20.0)
22.5687 	EXP 	pilot_suwak: markerPos = np.float64(20.208333333333343)
22.5853 	EXP 	pilot_suwak: markerPos = np.float64(20.3125)
22.6018 	EXP 	pilot_suwak: markerPos = np.float64(20.416666666666657)
22.6185 	EXP 	pilot_suwak: markerPos = np.float64(20.416666666666657)
22.6352 	EXP 	pilot_suwak: markerPos = np.float64(20.416666666666657)
22.6515 	EXP 	pilot_suwak: markerPos = np.float64(20.625)
22.6684 	EXP 	pilot_suwak: markerPos = np.float64(20.833333333333343)
22.6848 	EXP 	pilot_suwak: markerPos = np.float64(20.833333333333343)
22.7014 	EXP 	pilot_suwak: markerPos = np.float64(20.833333333333343)
22.7179 	EXP 	pilot_suwak: markerPos = np.float64(20.833333333333343)
22.7346 	EXP 	pilot_suwak: markerPos = np.float64(20.833333333333343)
22.7513 	EXP 	pilot_suwak: markerPos = np.float64(20.833333333333343)
22.7681 	EXP 	pilot_suwak: markerPos = np.float64(20.833333333333343)
22.7847 	EXP 	pilot_suwak: markerPos = np.float64(20.833333333333343)
22.8016 	EXP 	pilot_suwak: markerPos = np.float64(20.833333333333343)
22.8179 	EXP 	pilot_suwak: markerPos = np.float64(20.833333333333343)
22.8345 	EXP 	pilot_suwak: markerPos = np.float64(20.833333333333343)
22.8508 	EXP 	pilot_suwak: markerPos = np.float64(20.833333333333343)
22.8674 	EXP 	pilot_suwak: markerPos = np.float64(20.833333333333343)
22.8841 	EXP 	pilot_suwak: markerPos = np.float64(20.833333333333343)
22.8851 	DATA 	Mouse:  Left button up, pos=(1160,259)
22.9013 	EXP 	pilot_suwak: markerPos = np.float64(20.833333333333343)
22.9180 	INFO 	Keyboard events cleared
22.9178 	EXP 	pilot_label_text: autoDraw = False
22.9178 	EXP 	pilot_fiksacja1: autoDraw = False
22.9178 	EXP 	pilot_suwak: autoDraw = False
22.9178 	EXP 	pilot_fiksacja2: autoDraw = False
22.9178 	EXP 	pilot_pytanie: autoDraw = False
22.9178 	EXP 	pilot_lewa_etykieta: autoDraw = False
22.9178 	EXP 	pilot_prawa_etykieta: autoDraw = False
22.9178 	EXP 	pilot_stim_image: autoDraw = False
22.9178 	EXP 	start_badania: autoDraw = True
26.7248 	EXP 	Device response: <KeyPress from None: t=26.716722699988168, value=space, duration=None>
26.7632 	EXP 	Imported conditions.xlsx as conditions, 32 conditions, 9 params
26.7638 	EXP 	New trial (rep=0, index=0): <Trial 0 (0 in rep 0) data={'image_path': 'C:\\Users\\julia\\OneDrive\\Pulpit\\percepcja_psychopy\\photos\\Twarze 50,50\\SZ 50,50\\1K SZ 5050.png', 'etykieta': 'Model sztucznej inteligencji wykrył w tej twarzy 72% strachu .', 'left_label': 'strach', 'right_label': 'złość', 'show_label': 1, 'proporcja_zdjecia': '50/50', 'typ_etykiety': 'Procentowa AI', 'warunek': 'n/d', 'kierunek': 'Sugestia Lewo strach', 'thisN': 0, 'thisTrialN': 0, 'thisRepN': 0}>
26.8393 	DATA 	Keypress: space
26.8416 	EXP 	start_badania: autoDraw = False
26.8416 	EXP 	przerwa_text: autoDraw = False
26.8416 	EXP 	label_text: height = np.float64(0.05)
26.8416 	EXP 	label_text: height = np.float64(0.05)
26.8416 	EXP 	label_text: height = np.float64(0.05)
26.8416 	EXP 	label_text: text = 'Model sztucznej inteligencji wykrył w tej twarzy 72% strachu .'
26.8416 	EXP 	label_text: height = np.float64(0.05)
26.8416 	EXP 	label_text: height = np.float64(0.05)
26.8416 	EXP 	label_text: height = np.float64(0.05)
26.8416 	EXP 	label_text: text = 'Model sztucznej inteligencji wykrył w tej twarzy 72% strachu .'
26.8416 	EXP 	stim_image: image = 'C:\\Users\\julia\\OneDrive\\Pulpit\\percepcja_psychopy\\photos\\Twarze 50,50\\SZ 50,50\\1K SZ 5050.png'
26.8416 	EXP 	suwak_badanie: markerPos = None
26.8416 	EXP 	suwak_badanie: markerPos = 0
26.8416 	EXP 	lewa_etykieta: height = np.float64(0.085)
26.8416 	EXP 	lewa_etykieta: height = np.float64(0.085)
26.8416 	EXP 	lewa_etykieta: height = np.float64(0.085)
26.8416 	EXP 	lewa_etykieta: text = 'strach'
26.8416 	EXP 	prawa_etykieta: height = np.float64(0.085)
26.8416 	EXP 	prawa_etykieta: height = np.float64(0.085)
26.8416 	EXP 	prawa_etykieta: height = np.float64(0.085)
26.8416 	EXP 	prawa_etykieta: text = 'złość'
26.8416 	EXP 	fiksacja1: autoDraw = True
26.8419 	EXP 	Device response: <KeyPress from None: t=26.716722699988168, value=space, duration=0.12371519999578595>
27.3557 	EXP 	fiksacja1: autoDraw = False
27.4721 	EXP 	label_text: autoDraw = True
30.1813 	EXP 	label_text: autoDraw = False
30.3639 	EXP 	fiksacja2: autoDraw = True
30.8792 	EXP 	fiksacja2: autoDraw = False
31.0794 	EXP 	stim_image: autoDraw = True
32.2755 	EXP 	suwak_badanie: autoDraw = True
32.2755 	EXP 	lewa_etykieta: autoDraw = True
32.2755 	EXP 	prawa_etykieta: autoDraw = True
32.2755 	EXP 	pytanie: autoDraw = True
32.2919 	EXP 	stim_image: autoDraw = False
34.0386 	DATA 	Mouse: Left button down, pos=(956,273)
34.0540 	EXP 	suwak_badanie: markerPos = np.float64(-0.4166666666666643)
34.0706 	EXP 	suwak_badanie: markerPos = np.float64(-0.4166666666666643)
34.0873 	EXP 	suwak_badanie: markerPos = np.float64(-0.4166666666666643)
34.1038 	EXP 	suwak_badanie: markerPos = np.float64(-0.7291666666666643)
34.1202 	EXP 	suwak_badanie: markerPos = np.float64(-1.0416666666666714)
34.1369 	EXP 	suwak_badanie: markerPos = np.float64(-1.7708333333333357)
34.1537 	EXP 	suwak_badanie: markerPos = np.float64(-2.8125)
34.1702 	EXP 	suwak_badanie: markerPos = np.float64(-4.270833333333336)
34.1867 	EXP 	suwak_badanie: markerPos = np.float64(-6.5625)
34.2033 	EXP 	suwak_badanie: markerPos = np.float64(-7.916666666666664)
34.2198 	EXP 	suwak_badanie: markerPos = np.float64(-9.895833333333329)
34.2928 	EXP 	suwak_badanie: markerPos = np.float64(-10.729166666666664)
34.2999 	EXP 	suwak_badanie: markerPos = np.float64(-15.3125)
34.3064 	EXP 	suwak_badanie: markerPos = np.float64(-16.45833333333333)
34.3199 	EXP 	suwak_badanie: markerPos = np.float64(-16.979166666666664)
34.3364 	EXP 	suwak_badanie: markerPos = np.float64(-17.395833333333336)
34.3529 	EXP 	suwak_badanie: markerPos = np.float64(-18.541666666666668)
34.3700 	EXP 	suwak_badanie: markerPos = np.float64(-19.479166666666664)
34.3862 	EXP 	suwak_badanie: markerPos = np.float64(-19.895833333333336)
34.4029 	EXP 	suwak_badanie: markerPos = np.float64(-20.3125)
34.4193 	EXP 	suwak_badanie: markerPos = np.float64(-20.729166666666664)
34.4360 	EXP 	suwak_badanie: markerPos = np.float64(-21.04166666666667)
34.4525 	EXP 	suwak_badanie: markerPos = np.float64(-21.14583333333333)
34.4692 	EXP 	suwak_badanie: markerPos = np.float64(-21.666666666666668)
34.4861 	EXP 	suwak_badanie: markerPos = np.float64(-22.083333333333332)
34.5023 	EXP 	suwak_badanie: markerPos = np.float64(-23.020833333333336)
34.5191 	EXP 	suwak_badanie: markerPos = np.float64(-24.16666666666667)
34.5358 	EXP 	suwak_badanie: markerPos = np.float64(-24.791666666666668)
34.5523 	EXP 	suwak_badanie: markerPos = np.float64(-25.624999999999996)
34.5694 	EXP 	suwak_badanie: markerPos = np.float64(-26.979166666666664)
34.5855 	EXP 	suwak_badanie: markerPos = np.float64(-28.4375)
34.6022 	EXP 	suwak_badanie: markerPos = np.float64(-29.166666666666668)
34.6193 	EXP 	suwak_badanie: markerPos = np.float64(-29.895833333333332)
34.6356 	EXP 	suwak_badanie: markerPos = np.float64(-31.041666666666668)
34.6521 	EXP 	suwak_badanie: markerPos = np.float64(-32.1875)
34.6688 	EXP 	suwak_badanie: markerPos = np.float64(-32.5)
34.6856 	EXP 	suwak_badanie: markerPos = np.float64(-32.70833333333333)
34.7022 	EXP 	suwak_badanie: markerPos = np.float64(-32.8125)
34.7189 	EXP 	suwak_badanie: markerPos = np.float64(-32.8125)
34.7355 	EXP 	suwak_badanie: markerPos = np.float64(-32.8125)
34.7522 	EXP 	suwak_badanie: markerPos = np.float64(-32.8125)
34.7687 	EXP 	suwak_badanie: markerPos = np.float64(-32.8125)
34.7853 	EXP 	suwak_badanie: markerPos = np.float64(-32.8125)
34.8016 	EXP 	suwak_badanie: markerPos = np.float64(-32.8125)
34.8082 	DATA 	Mouse:  Left button up, pos=(645,255)
34.8185 	EXP 	suwak_badanie: markerPos = np.float64(-32.8125)
34.8352 	EXP 	suwak_badanie: markerPos = np.float64(-32.8125)
34.8372 	EXP 	New trial (rep=0, index=1): <Trial 1 (1 in rep 0) data={'image_path': 'C:\\Users\\julia\\OneDrive\\Pulpit\\percepcja_psychopy\\photos\\Twarze 80,20\\OZ 80,20\\1K OZ 8020.png', 'etykieta': 'Poprzedni badani wykryli w tej twarzy oczekiwanie.', 'left_label': 'zaskoczenie', 'right_label': 'oczekiwanie', 'show_label': 1, 'proporcja_zdjecia': '80/20 oczekiwanie', 'typ_etykiety': 'Kategorialna Ludzie', 'warunek': 'Zgodny', 'kierunek': 'Dominacja Prawo oczekiwanie', 'thisN': 1, 'thisTrialN': 1, 'thisRepN': 0}>
34.8928 	EXP 	label_text: autoDraw = False
34.8928 	EXP 	stim_image: autoDraw = False
34.8928 	EXP 	suwak_badanie: autoDraw = False
34.8928 	EXP 	lewa_etykieta: autoDraw = False
34.8928 	EXP 	prawa_etykieta: autoDraw = False
34.8928 	EXP 	fiksacja1: autoDraw = False
34.8928 	EXP 	fiksacja2: autoDraw = False
34.8928 	EXP 	pytanie: autoDraw = False
34.8928 	EXP 	przerwa_text: autoDraw = False
34.8928 	EXP 	label_text: height = np.float64(0.05)
34.8928 	EXP 	label_text: height = np.float64(0.05)
34.8928 	EXP 	label_text: height = np.float64(0.05)
34.8928 	EXP 	label_text: text = 'Poprzedni badani wykryli w tej twarzy oczekiwanie.'
34.8928 	EXP 	label_text: height = np.float64(0.05)
34.8928 	EXP 	label_text: height = np.float64(0.05)
34.8928 	EXP 	label_text: height = np.float64(0.05)
34.8928 	EXP 	label_text: text = 'Poprzedni badani wykryli w tej twarzy oczekiwanie.'
34.8928 	EXP 	stim_image: image = 'C:\\Users\\julia\\OneDrive\\Pulpit\\percepcja_psychopy\\photos\\Twarze 80,20\\OZ 80,20\\1K OZ 8020.png'
34.8928 	EXP 	suwak_badanie: markerPos = None
34.8928 	EXP 	suwak_badanie: markerPos = 0
34.8928 	EXP 	lewa_etykieta: height = np.float64(0.085)
34.8928 	EXP 	lewa_etykieta: height = np.float64(0.085)
34.8928 	EXP 	lewa_etykieta: height = np.float64(0.085)
34.8928 	EXP 	lewa_etykieta: text = 'zaskoczenie'
34.8928 	EXP 	prawa_etykieta: height = np.float64(0.085)
34.8928 	EXP 	prawa_etykieta: height = np.float64(0.085)
34.8928 	EXP 	prawa_etykieta: height = np.float64(0.085)
34.8928 	EXP 	prawa_etykieta: text = 'oczekiwanie'
34.8928 	EXP 	fiksacja1: autoDraw = True
35.4003 	EXP 	fiksacja1: autoDraw = False
35.5501 	EXP 	label_text: autoDraw = True
38.2589 	EXP 	label_text: autoDraw = False
38.4420 	EXP 	fiksacja2: autoDraw = True
38.9569 	EXP 	fiksacja2: autoDraw = False
39.1408 	EXP 	stim_image: autoDraw = True
40.3370 	EXP 	suwak_badanie: autoDraw = True
40.3370 	EXP 	lewa_etykieta: autoDraw = True
40.3370 	EXP 	prawa_etykieta: autoDraw = True
40.3370 	EXP 	pytanie: autoDraw = True
40.3535 	EXP 	stim_image: autoDraw = False
41.6351 	DATA 	Mouse: Left button down, pos=(966,274)
41.6500 	EXP 	suwak_badanie: markerPos = np.float64(0.625)
41.6665 	EXP 	suwak_badanie: markerPos = np.float64(0.625)
41.6831 	EXP 	suwak_badanie: markerPos = np.float64(0.625)
41.6993 	EXP 	suwak_badanie: markerPos = np.float64(0.625)
41.7159 	EXP 	suwak_badanie: markerPos = np.float64(0.7291666666666714)
41.7327 	EXP 	suwak_badanie: markerPos = np.float64(0.9375)
41.7494 	EXP 	suwak_badanie: markerPos = np.float64(1.5625)
41.7661 	EXP 	suwak_badanie: markerPos = np.float64(2.7083333333333357)
41.7829 	EXP 	suwak_badanie: markerPos = np.float64(4.479166666666664)
41.7995 	EXP 	suwak_badanie: markerPos = np.float64(7.916666666666657)
41.8154 	EXP 	suwak_badanie: markerPos = np.float64(10.0)
41.8325 	EXP 	suwak_badanie: markerPos = np.float64(12.708333333333336)
41.8493 	EXP 	suwak_badanie: markerPos = np.float64(15.3125)
41.8662 	EXP 	suwak_badanie: markerPos = np.float64(17.291666666666657)
41.8825 	EXP 	suwak_badanie: markerPos = np.float64(20.72916666666667)
41.8989 	EXP 	suwak_badanie: markerPos = np.float64(22.70833333333333)
41.9156 	EXP 	suwak_badanie: markerPos = np.float64(24.479166666666657)
41.9322 	EXP 	suwak_badanie: markerPos = np.float64(26.35416666666667)
41.9488 	EXP 	suwak_badanie: markerPos = np.float64(28.54166666666667)
41.9654 	EXP 	suwak_badanie: markerPos = np.float64(30.3125)
41.9822 	EXP 	suwak_badanie: markerPos = np.float64(32.08333333333333)
41.9990 	EXP 	suwak_badanie: markerPos = np.float64(33.85416666666667)
42.0153 	EXP 	suwak_badanie: markerPos = np.float64(35.52083333333333)
42.0318 	EXP 	suwak_badanie: markerPos = np.float64(36.5625)
42.0483 	EXP 	suwak_badanie: markerPos = np.float64(37.60416666666666)
42.0651 	EXP 	suwak_badanie: markerPos = np.float64(38.22916666666667)
42.0822 	EXP 	suwak_badanie: markerPos = np.float64(38.54166666666667)
42.0986 	EXP 	suwak_badanie: markerPos = np.float64(38.54166666666667)
42.1153 	EXP 	suwak_badanie: markerPos = np.float64(38.64583333333333)
42.1320 	EXP 	suwak_badanie: markerPos = np.float64(38.64583333333333)
42.1486 	EXP 	suwak_badanie: markerPos = np.float64(38.64583333333333)
42.1649 	EXP 	suwak_badanie: markerPos = np.float64(38.64583333333333)
42.1817 	EXP 	suwak_badanie: markerPos = np.float64(38.64583333333333)
42.1984 	EXP 	suwak_badanie: markerPos = np.float64(38.64583333333333)
42.2148 	EXP 	suwak_badanie: markerPos = np.float64(38.64583333333333)
42.2313 	EXP 	suwak_badanie: markerPos = np.float64(38.64583333333333)
42.2481 	EXP 	suwak_badanie: markerPos = np.float64(38.64583333333333)
42.2649 	EXP 	suwak_badanie: markerPos = np.float64(38.64583333333333)
42.2815 	EXP 	suwak_badanie: markerPos = np.float64(38.64583333333333)
42.2978 	EXP 	suwak_badanie: markerPos = np.float64(38.64583333333333)
42.2990 	DATA 	Mouse:  Left button up, pos=(1331,261)
42.3144 	EXP 	suwak_badanie: markerPos = np.float64(38.64583333333333)
42.3163 	EXP 	New trial (rep=0, index=2): <Trial 2 (2 in rep 0) data={'image_path': 'C:\\Users\\julia\\OneDrive\\Pulpit\\percepcja_psychopy\\photos\\Twarze 50,50\\RS 50,50\\1K RS 5050.png', 'etykieta': 'test', 'left_label': 'radość', 'right_label': 'smutek', 'show_label': 0, 'proporcja_zdjecia': '50/50', 'typ_etykiety': 'Kontrolna', 'warunek': 'kontrolny', 'kierunek': 'Brak', 'thisN': 2, 'thisTrialN': 2, 'thisRepN': 0}>
42.3645 	EXP 	label_text: autoDraw = False
42.3645 	EXP 	stim_image: autoDraw = False
42.3645 	EXP 	suwak_badanie: autoDraw = False
42.3645 	EXP 	lewa_etykieta: autoDraw = False
42.3645 	EXP 	prawa_etykieta: autoDraw = False
42.3645 	EXP 	fiksacja1: autoDraw = False
42.3645 	EXP 	fiksacja2: autoDraw = False
42.3645 	EXP 	pytanie: autoDraw = False
42.3645 	EXP 	przerwa_text: autoDraw = False
42.3645 	EXP 	label_text: height = np.float64(0.05)
42.3645 	EXP 	label_text: height = np.float64(0.05)
42.3645 	EXP 	label_text: height = np.float64(0.05)
42.3645 	EXP 	label_text: text = ''
42.3645 	EXP 	label_text: height = np.float64(0.05)
42.3645 	EXP 	label_text: height = np.float64(0.05)
42.3645 	EXP 	label_text: height = np.float64(0.05)
42.3645 	EXP 	label_text: height = np.float64(0.05)
42.3645 	EXP 	label_text: height = np.float64(0.05)
42.3645 	EXP 	label_text: height = np.float64(0.05)
42.3645 	EXP 	label_text: text = 'test'
42.3645 	EXP 	stim_image: image = 'C:\\Users\\julia\\OneDrive\\Pulpit\\percepcja_psychopy\\photos\\Twarze 50,50\\RS 50,50\\1K RS 5050.png'
42.3645 	EXP 	suwak_badanie: markerPos = None
42.3645 	EXP 	suwak_badanie: markerPos = 0
42.3645 	EXP 	lewa_etykieta: height = np.float64(0.085)
42.3645 	EXP 	lewa_etykieta: height = np.float64(0.085)
42.3645 	EXP 	lewa_etykieta: height = np.float64(0.085)
42.3645 	EXP 	lewa_etykieta: text = 'radość'
42.3645 	EXP 	prawa_etykieta: height = np.float64(0.085)
42.3645 	EXP 	prawa_etykieta: height = np.float64(0.085)
42.3645 	EXP 	prawa_etykieta: height = np.float64(0.085)
42.3645 	EXP 	prawa_etykieta: text = 'smutek'
42.3645 	EXP 	fiksacja1: autoDraw = True
42.8800 	EXP 	fiksacja1: autoDraw = False
43.0293 	EXP 	label_text: autoDraw = True
45.7387 	EXP 	label_text: autoDraw = False
45.9217 	EXP 	fiksacja2: autoDraw = True
46.4368 	EXP 	fiksacja2: autoDraw = False
46.6204 	EXP 	stim_image: autoDraw = True
47.8165 	EXP 	suwak_badanie: autoDraw = True
47.8165 	EXP 	lewa_etykieta: autoDraw = True
47.8165 	EXP 	prawa_etykieta: autoDraw = True
47.8165 	EXP 	pytanie: autoDraw = True
47.8330 	EXP 	stim_image: autoDraw = False
49.5633 	DATA 	Mouse: Left button down, pos=(953,272)
49.5782 	EXP 	suwak_badanie: markerPos = np.float64(-0.7291666666666643)
49.5950 	EXP 	suwak_badanie: markerPos = np.float64(-0.7291666666666643)
49.6113 	EXP 	suwak_badanie: markerPos = np.float64(-0.7291666666666643)
49.6281 	EXP 	suwak_badanie: markerPos = np.float64(-0.625)
49.6445 	EXP 	suwak_badanie: markerPos = np.float64(0.4166666666666643)
49.6611 	EXP 	suwak_badanie: markerPos = np.float64(1.0416666666666643)
49.6778 	EXP 	suwak_badanie: markerPos = np.float64(3.5416666666666643)
49.6946 	EXP 	suwak_badanie: markerPos = np.float64(5.625)
49.7115 	EXP 	suwak_badanie: markerPos = np.float64(9.270833333333343)
49.7278 	EXP 	suwak_badanie: markerPos = np.float64(12.812500000000007)
49.7442 	EXP 	suwak_badanie: markerPos = np.float64(15.3125)
49.7610 	EXP 	suwak_badanie: markerPos = np.float64(15.729166666666657)
49.7774 	EXP 	suwak_badanie: markerPos = np.float64(17.291666666666657)
49.7940 	EXP 	suwak_badanie: markerPos = np.float64(18.854166666666657)
49.8107 	EXP 	suwak_badanie: markerPos = np.float64(19.16666666666667)
49.8274 	EXP 	suwak_badanie: markerPos = np.float64(19.375)
49.8444 	EXP 	suwak_badanie: markerPos = np.float64(19.47916666666667)
49.8610 	EXP 	suwak_badanie: markerPos = np.float64(19.6875)
49.8773 	EXP 	suwak_badanie: markerPos = np.float64(20.10416666666667)
49.8939 	EXP 	suwak_badanie: markerPos = np.float64(20.3125)
49.9107 	EXP 	suwak_badanie: markerPos = np.float64(20.52083333333333)
49.9273 	EXP 	suwak_badanie: markerPos = np.float64(20.625)
49.9440 	EXP 	suwak_badanie: markerPos = np.float64(20.625)
49.9604 	EXP 	suwak_badanie: markerPos = np.float64(20.625)
49.9770 	EXP 	suwak_badanie: markerPos = np.float64(20.625)
49.9784 	DATA 	Mouse:  Left button up, pos=(1158,277)
49.9935 	EXP 	suwak_badanie: markerPos = np.float64(20.625)
49.9954 	EXP 	New trial (rep=0, index=3): <Trial 3 (3 in rep 0) data={'image_path': 'C:\\Users\\julia\\OneDrive\\Pulpit\\percepcja_psychopy\\photos\\Twarze 80,20\\ZW 80,20\\1K ZW 8020.png', 'etykieta': 'Poprzedni badani wykryli w tej twarzy 20% zaufania.', 'left_label': 'zaufanie', 'right_label': 'wstręt', 'show_label': 1, 'proporcja_zdjecia': '80/20 zaufania', 'typ_etykiety': 'Procentowa Ludzie', 'warunek': 'Niezgodny', 'kierunek': 'Dominacja Lewo zaufanie', 'thisN': 3, 'thisTrialN': 3, 'thisRepN': 0}>
50.0528 	EXP 	label_text: autoDraw = False
50.0528 	EXP 	stim_image: autoDraw = False
50.0528 	EXP 	suwak_badanie: autoDraw = False
50.0528 	EXP 	lewa_etykieta: autoDraw = False
50.0528 	EXP 	prawa_etykieta: autoDraw = False
50.0528 	EXP 	fiksacja1: autoDraw = False
50.0528 	EXP 	fiksacja2: autoDraw = False
50.0528 	EXP 	pytanie: autoDraw = False
50.0528 	EXP 	przerwa_text: autoDraw = False
50.0528 	EXP 	label_text: height = np.float64(0.05)
50.0528 	EXP 	label_text: height = np.float64(0.05)
50.0528 	EXP 	label_text: height = np.float64(0.05)
50.0528 	EXP 	label_text: text = 'Poprzedni badani wykryli w tej twarzy 20% zaufania.'
50.0528 	EXP 	label_text: height = np.float64(0.05)
50.0528 	EXP 	label_text: height = np.float64(0.05)
50.0528 	EXP 	label_text: height = np.float64(0.05)
50.0528 	EXP 	label_text: text = 'Poprzedni badani wykryli w tej twarzy 20% zaufania.'
50.0528 	EXP 	stim_image: image = 'C:\\Users\\julia\\OneDrive\\Pulpit\\percepcja_psychopy\\photos\\Twarze 80,20\\ZW 80,20\\1K ZW 8020.png'
50.0528 	EXP 	suwak_badanie: markerPos = None
50.0528 	EXP 	suwak_badanie: markerPos = 0
50.0528 	EXP 	lewa_etykieta: height = np.float64(0.085)
50.0528 	EXP 	lewa_etykieta: height = np.float64(0.085)
50.0528 	EXP 	lewa_etykieta: height = np.float64(0.085)
50.0528 	EXP 	lewa_etykieta: text = 'zaufanie'
50.0528 	EXP 	prawa_etykieta: height = np.float64(0.085)
50.0528 	EXP 	prawa_etykieta: height = np.float64(0.085)
50.0528 	EXP 	prawa_etykieta: height = np.float64(0.085)
50.0528 	EXP 	prawa_etykieta: text = 'wstręt'
50.0528 	EXP 	fiksacja1: autoDraw = True
50.5589 	EXP 	fiksacja1: autoDraw = False
50.7082 	EXP 	label_text: autoDraw = True
53.4174 	EXP 	label_text: autoDraw = False
53.6006 	EXP 	fiksacja2: autoDraw = True
54.1159 	EXP 	fiksacja2: autoDraw = False
54.2996 	EXP 	stim_image: autoDraw = True
55.4957 	EXP 	suwak_badanie: autoDraw = True
55.4957 	EXP 	lewa_etykieta: autoDraw = True
55.4957 	EXP 	prawa_etykieta: autoDraw = True
55.4957 	EXP 	pytanie: autoDraw = True
55.5123 	EXP 	stim_image: autoDraw = False
56.4277 	DATA 	Mouse: Left button down, pos=(964,278)
56.4426 	EXP 	suwak_badanie: markerPos = np.float64(0.4166666666666643)
56.4595 	EXP 	suwak_badanie: markerPos = np.float64(0.3125000000000071)
56.4763 	EXP 	suwak_badanie: markerPos = np.float64(-0.7291666666666643)
56.4926 	EXP 	suwak_badanie: markerPos = np.float64(-1.6666666666666643)
56.5091 	EXP 	suwak_badanie: markerPos = np.float64(-2.7083333333333357)
56.5260 	EXP 	suwak_badanie: markerPos = np.float64(-3.8541666666666714)
56.5423 	EXP 	suwak_badanie: markerPos = np.float64(-5.3125)
56.5589 	EXP 	suwak_badanie: markerPos = np.float64(-8.229166666666664)
56.5756 	EXP 	suwak_badanie: markerPos = np.float64(-10.104166666666671)
56.5925 	EXP 	suwak_badanie: markerPos = np.float64(-11.875)
56.6093 	EXP 	suwak_badanie: markerPos = np.float64(-12.916666666666664)
56.6257 	EXP 	suwak_badanie: markerPos = np.float64(-14.791666666666671)
56.6421 	EXP 	suwak_badanie: markerPos = np.float64(-16.770833333333336)
56.6586 	EXP 	suwak_badanie: markerPos = np.float64(-18.229166666666664)
56.6753 	EXP 	suwak_badanie: markerPos = np.float64(-19.687500000000004)
56.6922 	EXP 	suwak_badanie: markerPos = np.float64(-20.833333333333336)
56.7089 	EXP 	suwak_badanie: markerPos = np.float64(-22.1875)
56.7252 	EXP 	suwak_badanie: markerPos = np.float64(-22.916666666666664)
56.7418 	EXP 	suwak_badanie: markerPos = np.float64(-23.4375)
56.7583 	EXP 	suwak_badanie: markerPos = np.float64(-23.958333333333336)
56.7752 	EXP 	suwak_badanie: markerPos = np.float64(-24.375000000000004)
56.7916 	EXP 	suwak_badanie: markerPos = np.float64(-24.895833333333332)
56.8082 	EXP 	suwak_badanie: markerPos = np.float64(-25.520833333333332)
56.8251 	EXP 	suwak_badanie: markerPos = np.float64(-26.25)
56.8415 	EXP 	suwak_badanie: markerPos = np.float64(-27.083333333333332)
56.8584 	EXP 	suwak_badanie: markerPos = np.float64(-27.916666666666668)
56.8748 	EXP 	suwak_badanie: markerPos = np.float64(-28.854166666666664)
56.8913 	EXP 	suwak_badanie: markerPos = np.float64(-29.479166666666668)
56.9081 	EXP 	suwak_badanie: markerPos = np.float64(-29.791666666666668)
56.9249 	EXP 	suwak_badanie: markerPos = np.float64(-30.104166666666664)
56.9416 	EXP 	suwak_badanie: markerPos = np.float64(-30.208333333333336)
56.9436 	DATA 	Mouse:  Left button up, pos=(670,268)
56.9582 	EXP 	suwak_badanie: markerPos = np.float64(-30.208333333333336)
56.9597 	EXP 	New trial (rep=0, index=4): <Trial 4 (4 in rep 0) data={'image_path': 'C:\\Users\\julia\\OneDrive\\Pulpit\\percepcja_psychopy\\photos\\Twarze 50,50\\ZO 50,50\\1K ZO 5050.png', 'etykieta': 'Poprzedni badani wykryli w tej twarzy 75% oczekiwania.', 'left_label': 'zaskoczenie', 'right_label': 'oczekiwanie', 'show_label': 1, 'proporcja_zdjecia': '50/50 ', 'typ_etykiety': 'Procentowa Ludzie', 'warunek': 'n/d', 'kierunek': 'Sugestia Prawo oczekiwanie', 'thisN': 4, 'thisTrialN': 4, 'thisRepN': 0}>
57.0148 	EXP 	label_text: autoDraw = False
57.0148 	EXP 	stim_image: autoDraw = False
57.0148 	EXP 	suwak_badanie: autoDraw = False
57.0148 	EXP 	lewa_etykieta: autoDraw = False
57.0148 	EXP 	prawa_etykieta: autoDraw = False
57.0148 	EXP 	fiksacja1: autoDraw = False
57.0148 	EXP 	fiksacja2: autoDraw = False
57.0148 	EXP 	pytanie: autoDraw = False
57.0148 	EXP 	przerwa_text: autoDraw = False
57.0148 	EXP 	label_text: height = np.float64(0.05)
57.0148 	EXP 	label_text: height = np.float64(0.05)
57.0148 	EXP 	label_text: height = np.float64(0.05)
57.0148 	EXP 	label_text: text = 'Poprzedni badani wykryli w tej twarzy 75% oczekiwania.'
57.0148 	EXP 	label_text: height = np.float64(0.05)
57.0148 	EXP 	label_text: height = np.float64(0.05)
57.0148 	EXP 	label_text: height = np.float64(0.05)
57.0148 	EXP 	label_text: text = 'Poprzedni badani wykryli w tej twarzy 75% oczekiwania.'
57.0148 	EXP 	stim_image: image = 'C:\\Users\\julia\\OneDrive\\Pulpit\\percepcja_psychopy\\photos\\Twarze 50,50\\ZO 50,50\\1K ZO 5050.png'
57.0148 	EXP 	suwak_badanie: markerPos = None
57.0148 	EXP 	suwak_badanie: markerPos = 0
57.0148 	EXP 	lewa_etykieta: height = np.float64(0.085)
57.0148 	EXP 	lewa_etykieta: height = np.float64(0.085)
57.0148 	EXP 	lewa_etykieta: height = np.float64(0.085)
57.0148 	EXP 	lewa_etykieta: text = 'zaskoczenie'
57.0148 	EXP 	prawa_etykieta: height = np.float64(0.085)
57.0148 	EXP 	prawa_etykieta: height = np.float64(0.085)
57.0148 	EXP 	prawa_etykieta: height = np.float64(0.085)
57.0148 	EXP 	prawa_etykieta: text = 'oczekiwanie'
57.0148 	EXP 	fiksacja1: autoDraw = True
57.5233 	EXP 	fiksacja1: autoDraw = False
57.6730 	EXP 	label_text: autoDraw = True
60.3822 	EXP 	label_text: autoDraw = False
60.5650 	EXP 	fiksacja2: autoDraw = True
61.0803 	EXP 	fiksacja2: autoDraw = False
61.2640 	EXP 	stim_image: autoDraw = True
62.4599 	EXP 	suwak_badanie: autoDraw = True
62.4599 	EXP 	lewa_etykieta: autoDraw = True
62.4599 	EXP 	prawa_etykieta: autoDraw = True
62.4599 	EXP 	pytanie: autoDraw = True
62.4765 	EXP 	stim_image: autoDraw = False
64.0774 	DATA 	Mouse: Left button down, pos=(1245,262)
64.1051 	EXP 	suwak_badanie: markerPos = np.float64(29.6875)
64.1218 	EXP 	suwak_badanie: markerPos = np.float64(29.6875)
64.1385 	EXP 	suwak_badanie: markerPos = np.float64(29.6875)
64.1549 	EXP 	suwak_badanie: markerPos = np.float64(29.6875)
64.1717 	EXP 	suwak_badanie: markerPos = np.float64(29.6875)
64.1740 	DATA 	Mouse:  Left button up, pos=(1245,263)
64.1883 	EXP 	suwak_badanie: markerPos = np.float64(29.6875)
64.1898 	EXP 	New trial (rep=0, index=5): <Trial 5 (5 in rep 0) data={'image_path': 'C:\\Users\\julia\\OneDrive\\Pulpit\\percepcja_psychopy\\photos\\Twarze 80,20\\ZS 80,20\\1K ZS 8020.png', 'etykieta': 'test', 'left_label': 'strach', 'right_label': 'złość', 'show_label': 0, 'proporcja_zdjecia': '80/20 prawo (złość)', 'typ_etykiety': 'Kontrolna', 'warunek': 'kontrolny', 'kierunek': 'Brak', 'thisN': 5, 'thisTrialN': 5, 'thisRepN': 0}>
64.2495 	EXP 	label_text: autoDraw = False
64.2495 	EXP 	stim_image: autoDraw = False
64.2495 	EXP 	suwak_badanie: autoDraw = False
64.2495 	EXP 	lewa_etykieta: autoDraw = False
64.2495 	EXP 	prawa_etykieta: autoDraw = False
64.2495 	EXP 	fiksacja1: autoDraw = False
64.2495 	EXP 	fiksacja2: autoDraw = False
64.2495 	EXP 	pytanie: autoDraw = False
64.2495 	EXP 	przerwa_text: autoDraw = False
64.2495 	EXP 	label_text: height = np.float64(0.05)
64.2495 	EXP 	label_text: height = np.float64(0.05)
64.2495 	EXP 	label_text: height = np.float64(0.05)
64.2495 	EXP 	label_text: text = ''
64.2495 	EXP 	label_text: height = np.float64(0.05)
64.2495 	EXP 	label_text: height = np.float64(0.05)
64.2495 	EXP 	label_text: height = np.float64(0.05)
64.2495 	EXP 	label_text: height = np.float64(0.05)
64.2495 	EXP 	label_text: height = np.float64(0.05)
64.2495 	EXP 	label_text: height = np.float64(0.05)
64.2495 	EXP 	label_text: text = 'test'
64.2495 	EXP 	stim_image: image = 'C:\\Users\\julia\\OneDrive\\Pulpit\\percepcja_psychopy\\photos\\Twarze 80,20\\ZS 80,20\\1K ZS 8020.png'
64.2495 	EXP 	suwak_badanie: markerPos = None
64.2495 	EXP 	suwak_badanie: markerPos = 0
64.2495 	EXP 	lewa_etykieta: height = np.float64(0.085)
64.2495 	EXP 	lewa_etykieta: height = np.float64(0.085)
64.2495 	EXP 	lewa_etykieta: height = np.float64(0.085)
64.2495 	EXP 	lewa_etykieta: text = 'strach'
64.2495 	EXP 	prawa_etykieta: height = np.float64(0.085)
64.2495 	EXP 	prawa_etykieta: height = np.float64(0.085)
64.2495 	EXP 	prawa_etykieta: height = np.float64(0.085)
64.2495 	EXP 	prawa_etykieta: text = 'złość'
64.2495 	EXP 	fiksacja1: autoDraw = True
64.7535 	EXP 	fiksacja1: autoDraw = False
64.9033 	EXP 	label_text: autoDraw = True
67.6124 	EXP 	label_text: autoDraw = False
67.7953 	EXP 	fiksacja2: autoDraw = True
68.3105 	EXP 	fiksacja2: autoDraw = False
68.4944 	EXP 	stim_image: autoDraw = True
69.6904 	EXP 	suwak_badanie: autoDraw = True
69.6904 	EXP 	lewa_etykieta: autoDraw = True
69.6904 	EXP 	prawa_etykieta: autoDraw = True
69.6904 	EXP 	pytanie: autoDraw = True
69.7067 	EXP 	stim_image: autoDraw = False
70.7758 	DATA 	Mouse: Left button down, pos=(953,269)
70.8036 	EXP 	suwak_badanie: markerPos = np.float64(-0.7291666666666643)
70.8201 	EXP 	suwak_badanie: markerPos = np.float64(-0.7291666666666643)
70.8368 	EXP 	suwak_badanie: markerPos = np.float64(-0.7291666666666643)
70.8536 	EXP 	suwak_badanie: markerPos = np.float64(-1.25)
70.8698 	EXP 	suwak_badanie: markerPos = np.float64(-2.0833333333333286)
70.8865 	EXP 	suwak_badanie: markerPos = np.float64(-3.4375)
70.9032 	EXP 	suwak_badanie: markerPos = np.float64(-4.895833333333336)
70.9198 	EXP 	suwak_badanie: markerPos = np.float64(-6.458333333333336)
70.9364 	EXP 	suwak_badanie: markerPos = np.float64(-8.958333333333336)
70.9530 	EXP 	suwak_badanie: markerPos = np.float64(-10.104166666666671)
70.9697 	EXP 	suwak_badanie: markerPos = np.float64(-11.875)
70.9865 	EXP 	suwak_badanie: markerPos = np.float64(-13.854166666666664)
71.0032 	EXP 	suwak_badanie: markerPos = np.float64(-15.625)
71.0195 	EXP 	suwak_badanie: markerPos = np.float64(-17.5)
71.0361 	EXP 	suwak_badanie: markerPos = np.float64(-18.229166666666664)
71.0527 	EXP 	suwak_badanie: markerPos = np.float64(-19.58333333333333)
71.0696 	EXP 	suwak_badanie: markerPos = np.float64(-20.937499999999996)
71.0864 	EXP 	suwak_badanie: markerPos = np.float64(-20.937499999999996)
71.1029 	EXP 	suwak_badanie: markerPos = np.float64(-23.645833333333332)
71.1193 	EXP 	suwak_badanie: markerPos = np.float64(-23.854166666666664)
71.1361 	EXP 	suwak_badanie: markerPos = np.float64(-24.16666666666667)
71.1525 	EXP 	suwak_badanie: markerPos = np.float64(-25.937500000000004)
71.1690 	EXP 	suwak_badanie: markerPos = np.float64(-26.770833333333332)
71.1856 	EXP 	suwak_badanie: markerPos = np.float64(-27.604166666666668)
71.2023 	EXP 	suwak_badanie: markerPos = np.float64(-28.749999999999996)
71.2190 	EXP 	suwak_badanie: markerPos = np.float64(-28.749999999999996)
71.2360 	EXP 	suwak_badanie: markerPos = np.float64(-29.6875)
71.2522 	EXP 	suwak_badanie: markerPos = np.float64(-31.35416666666667)
71.2691 	EXP 	suwak_badanie: markerPos = np.float64(-31.666666666666664)
71.2858 	EXP 	suwak_badanie: markerPos = np.float64(-31.666666666666664)
71.3023 	EXP 	suwak_badanie: markerPos = np.float64(-31.874999999999996)
71.3188 	EXP 	suwak_badanie: markerPos = np.float64(-32.1875)
71.3352 	EXP 	suwak_badanie: markerPos = np.float64(-32.5)
71.3519 	EXP 	suwak_badanie: markerPos = np.float64(-32.5)
71.3687 	EXP 	suwak_badanie: markerPos = np.float64(-32.5)
71.3852 	EXP 	suwak_badanie: markerPos = np.float64(-32.5)
71.4018 	EXP 	suwak_badanie: markerPos = np.float64(-32.5)
71.4181 	EXP 	suwak_badanie: markerPos = np.float64(-32.5)
71.4350 	EXP 	suwak_badanie: markerPos = np.float64(-32.5)
71.4520 	EXP 	suwak_badanie: markerPos = np.float64(-32.5)
71.4682 	EXP 	suwak_badanie: markerPos = np.float64(-32.5)
71.4855 	EXP 	suwak_badanie: markerPos = np.float64(-32.5)
71.5018 	EXP 	suwak_badanie: markerPos = np.float64(-32.5)
71.5183 	EXP 	suwak_badanie: markerPos = np.float64(-32.5)
71.5199 	DATA 	Mouse:  Left button up, pos=(648,267)
71.5346 	EXP 	suwak_badanie: markerPos = np.float64(-32.5)
71.5361 	EXP 	New trial (rep=0, index=6): <Trial 6 (6 in rep 0) data={'image_path': 'C:\\Users\\julia\\OneDrive\\Pulpit\\percepcja_psychopy\\photos\\Twarze 50,50\\ZW 50,50\\1K ZW 5050.png', 'etykieta': 'Poprzedni badani wykryli w tej twarzy wstręt.', 'left_label': 'zaufanie', 'right_label': 'wstręt', 'show_label': 1, 'proporcja_zdjecia': '50/50', 'typ_etykiety': 'Kategorialna Ludzie', 'warunek': 'n/d', 'kierunek': 'Sugestia Prawo wstręt', 'thisN': 6, 'thisTrialN': 6, 'thisRepN': 0}>
71.5963 	EXP 	label_text: autoDraw = False
71.5963 	EXP 	stim_image: autoDraw = False
71.5963 	EXP 	suwak_badanie: autoDraw = False
71.5963 	EXP 	lewa_etykieta: autoDraw = False
71.5963 	EXP 	prawa_etykieta: autoDraw = False
71.5963 	EXP 	fiksacja1: autoDraw = False
71.5963 	EXP 	fiksacja2: autoDraw = False
71.5963 	EXP 	pytanie: autoDraw = False
71.5963 	EXP 	przerwa_text: autoDraw = False
71.5963 	EXP 	label_text: height = np.float64(0.05)
71.5963 	EXP 	label_text: height = np.float64(0.05)
71.5963 	EXP 	label_text: height = np.float64(0.05)
71.5963 	EXP 	label_text: text = 'Poprzedni badani wykryli w tej twarzy wstręt.'
71.5963 	EXP 	label_text: height = np.float64(0.05)
71.5963 	EXP 	label_text: height = np.float64(0.05)
71.5963 	EXP 	label_text: height = np.float64(0.05)
71.5963 	EXP 	label_text: text = 'Poprzedni badani wykryli w tej twarzy wstręt.'
71.5963 	EXP 	stim_image: image = 'C:\\Users\\julia\\OneDrive\\Pulpit\\percepcja_psychopy\\photos\\Twarze 50,50\\ZW 50,50\\1K ZW 5050.png'
71.5963 	EXP 	suwak_badanie: markerPos = None
71.5963 	EXP 	suwak_badanie: markerPos = 0
71.5963 	EXP 	lewa_etykieta: height = np.float64(0.085)
71.5963 	EXP 	lewa_etykieta: height = np.float64(0.085)
71.5963 	EXP 	lewa_etykieta: height = np.float64(0.085)
71.5963 	EXP 	lewa_etykieta: text = 'zaufanie'
71.5963 	EXP 	prawa_etykieta: height = np.float64(0.085)
71.5963 	EXP 	prawa_etykieta: height = np.float64(0.085)
71.5963 	EXP 	prawa_etykieta: height = np.float64(0.085)
71.5963 	EXP 	prawa_etykieta: text = 'wstręt'
71.5963 	EXP 	fiksacja1: autoDraw = True
72.1002 	EXP 	fiksacja1: autoDraw = False
72.2496 	EXP 	label_text: autoDraw = True
74.9592 	EXP 	label_text: autoDraw = False
75.1418 	EXP 	fiksacja2: autoDraw = True
75.6572 	EXP 	fiksacja2: autoDraw = False
75.8410 	EXP 	stim_image: autoDraw = True
77.0367 	EXP 	suwak_badanie: autoDraw = True
77.0367 	EXP 	lewa_etykieta: autoDraw = True
77.0367 	EXP 	prawa_etykieta: autoDraw = True
77.0367 	EXP 	pytanie: autoDraw = True
77.0533 	EXP 	stim_image: autoDraw = False
77.9062 	DATA 	Mouse: Left button down, pos=(952,284)
77.9340 	EXP 	suwak_badanie: markerPos = np.float64(-0.8333333333333357)
77.9506 	EXP 	suwak_badanie: markerPos = np.float64(-0.8333333333333357)
77.9675 	EXP 	suwak_badanie: markerPos = np.float64(-0.625)
77.9843 	EXP 	suwak_badanie: markerPos = np.float64(-0.625)
78.0007 	EXP 	suwak_badanie: markerPos = np.float64(-0.2083333333333357)
78.0170 	EXP 	suwak_badanie: markerPos = np.float64(1.0416666666666643)
78.0336 	EXP 	suwak_badanie: markerPos = np.float64(2.5)
78.0504 	EXP 	suwak_badanie: markerPos = np.float64(4.583333333333329)
78.0673 	EXP 	suwak_badanie: markerPos = np.float64(6.770833333333336)
78.0839 	EXP 	suwak_badanie: markerPos = np.float64(9.791666666666664)
78.1003 	EXP 	suwak_badanie: markerPos = np.float64(11.145833333333336)
78.1168 	EXP 	suwak_badanie: markerPos = np.float64(12.708333333333336)
78.1336 	EXP 	suwak_badanie: markerPos = np.float64(14.583333333333343)
78.1502 	EXP 	suwak_badanie: markerPos = np.float64(15.9375)
78.1666 	EXP 	suwak_badanie: markerPos = np.float64(18.4375)
78.1832 	EXP 	suwak_badanie: markerPos = np.float64(20.208333333333343)
78.2001 	EXP 	suwak_badanie: markerPos = np.float64(22.70833333333333)
78.2168 	EXP 	suwak_badanie: markerPos = np.float64(24.0625)
78.2333 	EXP 	suwak_badanie: markerPos = np.float64(26.25)
78.2498 	EXP 	suwak_badanie: markerPos = np.float64(27.39583333333333)
78.2663 	EXP 	suwak_badanie: markerPos = np.float64(28.229166666666657)
78.2831 	EXP 	suwak_badanie: markerPos = np.float64(28.75)
78.2997 	EXP 	suwak_badanie: markerPos = np.float64(28.85416666666667)
78.3166 	EXP 	suwak_badanie: markerPos = np.float64(28.85416666666667)
78.3333 	EXP 	suwak_badanie: markerPos = np.float64(28.95833333333333)
78.3497 	EXP 	suwak_badanie: markerPos = np.float64(28.95833333333333)
78.3662 	EXP 	suwak_badanie: markerPos = np.float64(28.95833333333333)
78.3830 	EXP 	suwak_badanie: markerPos = np.float64(28.95833333333333)
78.3995 	EXP 	suwak_badanie: markerPos = np.float64(28.95833333333333)
78.4159 	EXP 	suwak_badanie: markerPos = np.float64(29.0625)
78.4328 	EXP 	suwak_badanie: markerPos = np.float64(29.16666666666667)
78.4492 	EXP 	suwak_badanie: markerPos = np.float64(29.47916666666667)
78.4660 	EXP 	suwak_badanie: markerPos = np.float64(29.791666666666657)
78.4827 	EXP 	suwak_badanie: markerPos = np.float64(29.791666666666657)
78.4991 	EXP 	suwak_badanie: markerPos = np.float64(29.791666666666657)
78.5160 	EXP 	suwak_badanie: markerPos = np.float64(29.791666666666657)
78.5327 	EXP 	suwak_badanie: markerPos = np.float64(29.791666666666657)
78.5493 	EXP 	suwak_badanie: markerPos = np.float64(29.791666666666657)
78.5657 	EXP 	suwak_badanie: markerPos = np.float64(29.791666666666657)
78.5663 	DATA 	Mouse:  Left button up, pos=(1246,261)
78.5824 	EXP 	suwak_badanie: markerPos = np.float64(29.791666666666657)
78.5839 	EXP 	New trial (rep=0, index=7): <Trial 7 (7 in rep 0) data={'image_path': 'C:\\Users\\julia\\OneDrive\\Pulpit\\percepcja_psychopy\\photos\\Twarze 80,20\\RS 80,20\\1K RS 8020.png', 'etykieta': 'Model sztucznej inteligencji wykrył w tej twarzy smutek.', 'left_label': 'radość', 'right_label': 'smutek', 'show_label': 1, 'proporcja_zdjecia': '80/20 radość', 'typ_etykiety': 'Kategorialna AI', 'warunek': 'Niezgodny', 'kierunek': 'Dominacja Lewo radość', 'thisN': 7, 'thisTrialN': 7, 'thisRepN': 0}>
78.6375 	EXP 	label_text: autoDraw = False
78.6375 	EXP 	stim_image: autoDraw = False
78.6375 	EXP 	suwak_badanie: autoDraw = False
78.6375 	EXP 	lewa_etykieta: autoDraw = False
78.6375 	EXP 	prawa_etykieta: autoDraw = False
78.6375 	EXP 	fiksacja1: autoDraw = False
78.6375 	EXP 	fiksacja2: autoDraw = False
78.6375 	EXP 	pytanie: autoDraw = False
78.6375 	EXP 	przerwa_text: autoDraw = False
78.6375 	EXP 	label_text: height = np.float64(0.05)
78.6375 	EXP 	label_text: height = np.float64(0.05)
78.6375 	EXP 	label_text: height = np.float64(0.05)
78.6375 	EXP 	label_text: text = 'Model sztucznej inteligencji wykrył w tej twarzy smutek.'
78.6375 	EXP 	label_text: height = np.float64(0.05)
78.6375 	EXP 	label_text: height = np.float64(0.05)
78.6375 	EXP 	label_text: height = np.float64(0.05)
78.6375 	EXP 	label_text: text = 'Model sztucznej inteligencji wykrył w tej twarzy smutek.'
78.6375 	EXP 	stim_image: image = 'C:\\Users\\julia\\OneDrive\\Pulpit\\percepcja_psychopy\\photos\\Twarze 80,20\\RS 80,20\\1K RS 8020.png'
78.6375 	EXP 	suwak_badanie: markerPos = None
78.6375 	EXP 	suwak_badanie: markerPos = 0
78.6375 	EXP 	lewa_etykieta: height = np.float64(0.085)
78.6375 	EXP 	lewa_etykieta: height = np.float64(0.085)
78.6375 	EXP 	lewa_etykieta: height = np.float64(0.085)
78.6375 	EXP 	lewa_etykieta: text = 'radość'
78.6375 	EXP 	prawa_etykieta: height = np.float64(0.085)
78.6375 	EXP 	prawa_etykieta: height = np.float64(0.085)
78.6375 	EXP 	prawa_etykieta: height = np.float64(0.085)
78.6375 	EXP 	prawa_etykieta: text = 'smutek'
78.6375 	EXP 	fiksacja1: autoDraw = True
79.1473 	EXP 	fiksacja1: autoDraw = False
79.2973 	EXP 	label_text: autoDraw = True
82.0065 	EXP 	label_text: autoDraw = False
82.1893 	EXP 	fiksacja2: autoDraw = True
82.7046 	EXP 	fiksacja2: autoDraw = False
82.8882 	EXP 	stim_image: autoDraw = True
84.0843 	EXP 	suwak_badanie: autoDraw = True
84.0843 	EXP 	lewa_etykieta: autoDraw = True
84.0843 	EXP 	prawa_etykieta: autoDraw = True
84.0843 	EXP 	pytanie: autoDraw = True
84.1006 	EXP 	stim_image: autoDraw = False
85.0830 	DATA 	Mouse: Left button down, pos=(974,264)
85.0981 	EXP 	suwak_badanie: markerPos = np.float64(1.4583333333333286)
85.1147 	EXP 	suwak_badanie: markerPos = np.float64(1.4583333333333286)
85.1313 	EXP 	suwak_badanie: markerPos = np.float64(1.4583333333333286)
85.1478 	EXP 	suwak_badanie: markerPos = np.float64(1.4583333333333286)
85.1645 	EXP 	suwak_badanie: markerPos = np.float64(2.7083333333333357)
85.1808 	EXP 	suwak_badanie: markerPos = np.float64(3.75)
85.1974 	EXP 	suwak_badanie: markerPos = np.float64(8.333333333333336)
85.2143 	EXP 	suwak_badanie: markerPos = np.float64(10.624999999999993)
85.2307 	EXP 	suwak_badanie: markerPos = np.float64(17.5)
85.2477 	EXP 	suwak_badanie: markerPos = np.float64(20.208333333333343)
85.2639 	EXP 	suwak_badanie: markerPos = np.float64(23.85416666666667)
85.2804 	EXP 	suwak_badanie: markerPos = np.float64(27.29166666666667)
85.2974 	EXP 	suwak_badanie: markerPos = np.float64(28.75)
85.3138 	EXP 	suwak_badanie: markerPos = np.float64(33.02083333333333)
85.3304 	EXP 	suwak_badanie: markerPos = np.float64(34.47916666666666)
85.3471 	EXP 	suwak_badanie: markerPos = np.float64(35.52083333333333)
85.3640 	EXP 	suwak_badanie: markerPos = np.float64(35.83333333333334)
85.3805 	EXP 	suwak_badanie: markerPos = np.float64(35.9375)
85.3973 	EXP 	suwak_badanie: markerPos = np.float64(35.9375)
85.4138 	EXP 	suwak_badanie: markerPos = np.float64(35.9375)
85.4304 	EXP 	suwak_badanie: markerPos = np.float64(35.9375)
85.4466 	EXP 	suwak_badanie: markerPos = np.float64(35.9375)
85.4476 	DATA 	Mouse:  Left button up, pos=(1305,261)
85.4634 	EXP 	suwak_badanie: markerPos = np.float64(35.9375)
85.4651 	EXP 	New trial (rep=0, index=8): <Trial 8 (8 in rep 0) data={'image_path': 'C:\\Users\\julia\\OneDrive\\Pulpit\\percepcja_psychopy\\photos\\Twarze 50,50\\ZO 50,50\\1M ZO 5050.png', 'etykieta': 'Model sztucznej inteligencji wykrył w tej twarzy zaskoczenie.', 'left_label': 'zaskoczenie', 'right_label': 'oczekiwanie', 'show_label': 1, 'proporcja_zdjecia': '50/50', 'typ_etykiety': 'Kategorialna AI', 'warunek': 'n/d', 'kierunek': 'Sugestia Lewo zaskoczenie', 'thisN': 8, 'thisTrialN': 8, 'thisRepN': 0}>
85.4803 	INFO 	Keyboard events cleared
85.4801 	EXP 	label_text: autoDraw = False
85.4801 	EXP 	stim_image: autoDraw = False
85.4801 	EXP 	suwak_badanie: autoDraw = False
85.4801 	EXP 	lewa_etykieta: autoDraw = False
85.4801 	EXP 	prawa_etykieta: autoDraw = False
85.4801 	EXP 	fiksacja1: autoDraw = False
85.4801 	EXP 	fiksacja2: autoDraw = False
85.4801 	EXP 	pytanie: autoDraw = False
85.4801 	EXP 	przerwa_text: autoDraw = True
689.6986 	EXP 	Device response: <KeyPress from None: t=689.6921907999786, value=space, duration=None>
689.7683 	DATA 	Keypress: space
689.7715 	EXP 	przerwa_text: autoDraw = False
689.7715 	EXP 	label_text: height = np.float64(0.05)
689.7715 	EXP 	label_text: height = np.float64(0.05)
689.7715 	EXP 	label_text: height = np.float64(0.05)
689.7715 	EXP 	label_text: text = 'Model sztucznej inteligencji wykrył w tej twarzy zaskoczenie.'
689.7715 	EXP 	label_text: height = np.float64(0.05)
689.7715 	EXP 	label_text: height = np.float64(0.05)
689.7715 	EXP 	label_text: height = np.float64(0.05)
689.7715 	EXP 	label_text: text = 'Model sztucznej inteligencji wykrył w tej twarzy zaskoczenie.'
689.7715 	EXP 	stim_image: image = 'C:\\Users\\julia\\OneDrive\\Pulpit\\percepcja_psychopy\\photos\\Twarze 50,50\\ZO 50,50\\1M ZO 5050.png'
689.7715 	EXP 	suwak_badanie: markerPos = None
689.7715 	EXP 	suwak_badanie: markerPos = 0
689.7715 	EXP 	lewa_etykieta: height = np.float64(0.085)
689.7715 	EXP 	lewa_etykieta: height = np.float64(0.085)
689.7715 	EXP 	lewa_etykieta: height = np.float64(0.085)
689.7715 	EXP 	lewa_etykieta: text = 'zaskoczenie'
689.7715 	EXP 	prawa_etykieta: height = np.float64(0.085)
689.7715 	EXP 	prawa_etykieta: height = np.float64(0.085)
689.7715 	EXP 	prawa_etykieta: height = np.float64(0.085)
689.7715 	EXP 	prawa_etykieta: text = 'oczekiwanie'
689.7715 	EXP 	fiksacja1: autoDraw = True
689.8150 	EXP 	Device response: <KeyPress from None: t=689.6921907999786, value=space, duration=0.11435839999467134>
690.2799 	EXP 	fiksacja1: autoDraw = False
690.4127 	EXP 	label_text: autoDraw = True
693.1222 	EXP 	label_text: autoDraw = False
693.3051 	EXP 	fiksacja2: autoDraw = True
693.6210 	EXP 	Device response: <KeyPress from None: t=693.6100671999739, value=escape, duration=None>
693.6220 	DATA 	Keypress: escape
693.7707 	EXP 	Device response: <KeyPress from None: t=693.6100671999739, value=escape, duration=0.1450609000166878>
693.7708 	EXP 	untitled_FINAL_NEWEST: status = STOPPED
693.7867 	EXP 	fiksacja2: autoDraw = False
693.7869 	EXP 	untitled_FINAL_NEWEST: status = STOPPED
693.8172 	INFO 	saved data to 'C:\\Users\\julia\\OneDrive\\Pulpit\\percepcja_psychopy\\data\\803208_untitled_FINAL_NEWEST_2026-04-24_19h44.41.831.csv'
693.8205 	INFO 	saved data to C:\Users\julia\OneDrive\Pulpit\percepcja_psychopy\data\803208_untitled_FINAL_NEWEST_2026-04-24_19h44.41.831.psydat
694.8825 	WARNING 	Stopping key buffers but this could be dangerous ifother keyboards rely on the same.
