7.8464 	INFO 	Loaded monitor calibration from ['2026_03_18 20:30']
7.8785 	WARNING 	User requested fullscreen with size [1090  800], but screen is actually [1920, 1080]. Using actual size
8.7348 	INFO 	Using renderer 'Intel(R) UHD Graphics' for graphics
8.7349 	INFO 	OpenGL version supported by driver is 4..
9.7233 	EXP 	Created window1 = Window(allowGUI=False, allowStencil=False, autoLog=True, backendConf=UNKNOWN, backgroundFit=<method-wrapper '__getattribute__' of attributeSetter object at 0x000001D564DAC1F0>, backgroundImage=<method-wrapper '__getattribute__' of attributeSetter object at 0x000001D564DAC190>, bitsMode=UNKNOWN, blendMode='avg', bpc=(8, 8, 8), color=array([-1., -1., -1.]), colorSpace='rgb', depthBits=8, fullscr=True, gamma=None, gammaErrorPolicy='raise', infoMsg=UNKNOWN, lms=UNKNOWN, monitor=<psychopy.monitors.calibTools.Monitor object at 0x000001D55EAD2A10>, multiSample=False, name='window1', numSamples=2, pos=[np.float64(0.0), np.float64(0.0)], screen=0, size=array([1920, 1080]), stencilBits=0, stereo=False, title='PsychoPy', units='height', useFBO=True, useRetina=False, viewOri=0.0, viewPos=None, viewScale=None, waitBlanking=True, winType='pyglet')
9.7234 	EXP 	window1: backgroundImage = ''
9.7234 	EXP 	window1: backgroundFit = 'none'
10.1522 	EXP 	window1: Attempting to measure frame rate of screen (0) ...
10.1522 	EXP 	window1: recordFrameIntervals = False
10.2921 	EXP 	window1: recordFrameIntervals = True
11.9546 	EXP 	window1: recordFrameIntervals = False
11.9546 	EXP 	Screen (0) actual frame rate measured at 60.17Hz
12.1279 	INFO 	keyboard.Keyboard is using ptb backend.
12.1279 	EXP 	untitled_FINAL_NEWEST: status = STARTED
12.3188 	EXP 	Created text_instr = TextStim(__class__=<class 'psychopy.visual.text.TextStim'>, alignHoriz=method-wrapper(...), alignText='center', alignVert=method-wrapper(...), anchorHoriz='center', anchorVert='center', antialias=True, autoDraw=False, autoLog=True, bold=False, color=array([1., 1., 1.]), colorSpace='rgb', contrast=1.0, depth=-1.0, draggable=False, flipHoriz=False, flipVert=False, font='Arial', fontFiles=[], height=np.float64(0.03), italic=False, languageStyle='LTR', name='text_instr', opacity=1, ori=0.0, pos=array([0., 0.]), rgb=UNKNOWN, text=str(...), units='height', win=Window(...), wrapWidth=1.2)
12.3548 	EXP 	Created suwak_info = TextStim(__class__=<class 'psychopy.visual.text.TextStim'>, alignHoriz=method-wrapper(...), alignText='center', alignVert=method-wrapper(...), anchorHoriz='center', anchorVert='center', antialias=True, autoDraw=False, autoLog=True, bold=False, color=array([1., 1., 1.]), colorSpace='rgb', contrast=1.0, depth=0.0, draggable=False, flipHoriz=False, flipVert=False, font='Arial', fontFiles=[], height=np.float64(0.05), italic=False, languageStyle='LTR', name='suwak_info', opacity=1, ori=0.0, pos=array([0., 0.]), rgb=UNKNOWN, text=str(...), units='height', win=Window(...), wrapWidth=1)
12.3823 	EXP 	Created proba_testowa = TextStim(__class__=<class 'psychopy.visual.text.TextStim'>, alignHoriz=method-wrapper(...), alignText='center', alignVert=method-wrapper(...), anchorHoriz='center', anchorVert='center', antialias=True, autoDraw=False, autoLog=True, bold=False, color=array([1., 1., 1.]), colorSpace='rgb', contrast=1.0, depth=-1.0, draggable=False, flipHoriz=False, flipVert=False, font='Arial', fontFiles=[], height=np.float64(0.05), italic=False, languageStyle='LTR', name='proba_testowa', opacity=1, ori=0.0, pos=array([0., 0.]), rgb=UNKNOWN, text=str(...), units='height', win=Window(...), wrapWidth=1)
12.3992 	EXP 	Created start_badania = TextStim(__class__=<class 'psychopy.visual.text.TextStim'>, alignHoriz=method-wrapper(...), alignText='center', alignVert=method-wrapper(...), anchorHoriz='center', anchorVert='center', antialias=True, autoDraw=False, autoLog=True, bold=False, color=array([1., 1., 1.]), colorSpace='rgb', contrast=1.0, depth=-1.0, draggable=False, flipHoriz=False, flipVert=False, font='Arial', fontFiles=[], height=np.float64(0.05), italic=False, languageStyle='LTR', name='start_badania', opacity=1, ori=0.0, pos=array([0., 0.]), rgb=UNKNOWN, text=str(...), units='height', win=Window(...), wrapWidth=1)
12.3999 	EXP 	Created label_text = TextStim(__class__=<class 'psychopy.visual.text.TextStim'>, alignHoriz=method-wrapper(...), alignText='center', alignVert=method-wrapper(...), anchorHoriz='center', anchorVert='center', antialias=True, autoDraw=False, autoLog=True, bold=False, color=array([1., 1., 1.]), colorSpace='rgb', contrast=1.0, depth=-2.0, draggable=False, flipHoriz=False, flipVert=False, font='Arial', fontFiles=[], height=0.05, italic=False, languageStyle='LTR', name='label_text', opacity=1, ori=0.0, pos=array([0., 0.]), rgb=UNKNOWN, text='', units='height', win=Window(...), wrapWidth=1)
12.4405 	EXP 	Created stim_image = ImageStim(__class__=<class 'psychopy.visual.image.ImageStim'>, anchor=('center', 'center'), autoLog=True, color=array([1., 1., 1.]), colorSpace='rgb', contrast=1.0, depth=-3.0, draggable=False, flipHoriz=np.False_, flipVert=np.False_, image='default.png', interpolate=True, mask=None, maskParams=None, name='stim_image', opacity=1, ori=0.0, pos=array([0., 0.]), size=array([0.75, 0.75]), texRes=128.0, units='height', win=Window(...))
12.4683 	EXP 	Created suwak_badanie = Slider(__class__=<class 'psychopy.visual.slider.Slider'>, autoDraw=False, autoLog=True, borderColor=None, color=None, colorSpace='rgb', depth=-4, fillColor=None, flip=False, font='Noto Sans', granularity=0.0, labelColor=None, labelHeight=np.float64(0.05), labelWrapWidth=None, labels=None, lineColor=None, markerColor=None, name='suwak_badanie', opacity=None, ori=0.0, pos=array([ 0. , -0.5]), readOnly=False, self=UNKNOWN, size=array([1. , 0.1]), startValue=0, style='slider', styleTweaks=[], ticks=ndarray(...), units='norm', win=Window(...))
12.4690 	EXP 	Created lewa_etykieta = TextStim(__class__=<class 'psychopy.visual.text.TextStim'>, alignHoriz=method-wrapper(...), alignText='center', alignVert=method-wrapper(...), anchorHoriz='center', anchorVert='center', antialias=True, autoDraw=False, autoLog=True, bold=False, color=array([1., 1., 1.]), colorSpace='rgb', contrast=1.0, depth=-5.0, draggable=False, flipHoriz=False, flipVert=False, font='Arial', fontFiles=[], height=0.05, italic=False, languageStyle='RTL', name='lewa_etykieta', opacity=1, ori=0.0, pos=array([-1.1, -0.5]), rgb=UNKNOWN, text='', units='height', win=Window(...), wrapWidth=1)
12.4697 	EXP 	Created prawa_etykieta = TextStim(__class__=<class 'psychopy.visual.text.TextStim'>, alignHoriz=method-wrapper(...), alignText='center', alignVert=method-wrapper(...), anchorHoriz='center', anchorVert='center', antialias=True, autoDraw=False, autoLog=True, bold=False, color=array([1., 1., 1.]), colorSpace='rgb', contrast=1.0, depth=-6.0, draggable=False, flipHoriz=False, flipVert=False, font='Arial', fontFiles=[], height=0.05, italic=False, languageStyle='LTR', name='prawa_etykieta', opacity=1, ori=0.0, pos=array([ 1.05, -0.5 ]), rgb=UNKNOWN, text='', units='height', win=Window(...), wrapWidth=1)
12.4778 	EXP 	Created fiksacja1 = TextStim(__class__=<class 'psychopy.visual.text.TextStim'>, alignHoriz=method-wrapper(...), alignText='center', alignVert=method-wrapper(...), anchorHoriz='center', anchorVert='center', antialias=True, autoDraw=False, autoLog=True, bold=False, color=array([1., 1., 1.]), colorSpace='rgb', contrast=1.0, depth=-7.0, draggable=False, flipHoriz=False, flipVert=False, font='Arial', fontFiles=[], height=np.float64(0.1), italic=False, languageStyle='LTR', name='fiksacja1', opacity=1, ori=0.0, pos=array([0., 0.]), rgb=UNKNOWN, text='+', units='height', win=Window(...), wrapWidth=1)
12.4796 	EXP 	Created fiksacja2 = TextStim(__class__=<class 'psychopy.visual.text.TextStim'>, alignHoriz=method-wrapper(...), alignText='center', alignVert=method-wrapper(...), anchorHoriz='center', anchorVert='center', antialias=True, autoDraw=False, autoLog=True, bold=False, color=array([1., 1., 1.]), colorSpace='rgb', contrast=1.0, depth=-8.0, draggable=False, flipHoriz=False, flipVert=False, font='Arial', fontFiles=[], height=np.float64(0.1), italic=False, languageStyle='LTR', name='fiksacja2', opacity=1, ori=0.0, pos=array([0., 0.]), rgb=UNKNOWN, text='+', units='height', win=Window(...), wrapWidth=1)
12.4956 	EXP 	Created pytanie = TextStim(__class__=<class 'psychopy.visual.text.TextStim'>, alignHoriz=method-wrapper(...), alignText='center', alignVert=method-wrapper(...), anchorHoriz='center', anchorVert='center', antialias=True, autoDraw=False, autoLog=True, bold=False, color=array([1., 1., 1.]), colorSpace='rgb', contrast=1.0, depth=-9.0, draggable=False, flipHoriz=False, flipVert=False, font='Arial', fontFiles=[], height=np.float64(0.04), italic=False, languageStyle='LTR', name='pytanie', opacity=1, ori=0.0, pos=array([0.  , 0.25]), rgb=UNKNOWN, text='Jaką emocję wyrażała ta twarz?', units='height', win=Window(...), wrapWidth=1)
0.0024 	EXP 	suwak_badanie: autoLog = True
0.0024 	EXP 	suwak_badanie: styleTweaks = []
0.0024 	EXP 	suwak_badanie: styleTweaks = []
0.0024 	EXP 	suwak_badanie: styleTweaks = []
0.0024 	EXP 	suwak_badanie: styleTweaks = []
0.0024 	EXP 	suwak_badanie: contrast = 1.0
0.0024 	EXP 	suwak_badanie: markerPos = 0
0.0024 	EXP 	suwak_badanie: autoLog = True
0.0070 	INFO 	Keyboard events cleared
0.0070 	EXP 	text_instr: autoDraw = True
4.6676 	EXP 	Device response: <KeyPress from None: t=4.66099010000471, value=space, duration=None>
4.6694 	DATA 	Keypress: space
4.6784 	INFO 	Keyboard events cleared
4.6783 	EXP 	text_instr: autoDraw = False
4.6783 	EXP 	suwak_info: autoDraw = True
4.7783 	EXP 	Device response: <KeyPress from None: t=4.66099010000471, value=space, duration=0.10063960001571104>
5.1276 	EXP 	Device response: <KeyPress from None: t=5.11753350001527, value=space, duration=None>
5.1312 	DATA 	Keypress: space
5.1442 	INFO 	Keyboard events cleared
5.1441 	EXP 	suwak_info: autoDraw = False
5.1441 	EXP 	proba_testowa: autoDraw = True
5.2106 	EXP 	Device response: <KeyPress from None: t=5.11753350001527, value=space, duration=0.09130279999226332>
5.4294 	DATA 	Keypress: space
5.4436 	EXP 	Device response: <KeyPress from None: t=5.427278000046499, value=space, duration=None>
5.4594 	INFO 	Keyboard events cleared
5.4593 	EXP 	proba_testowa: autoDraw = False
5.4593 	EXP 	start_badania: autoDraw = True
5.5263 	EXP 	Device response: <KeyPress from None: t=5.427278000046499, value=space, duration=0.0850551999756135>
5.8921 	EXP 	Device response: <KeyPress from None: t=5.883037600026, value=space, duration=None>
5.9204 	EXP 	Imported conditions.xlsx as conditions, 32 conditions, 9 params
5.9216 	EXP 	New trial (rep=0, index=0): <Trial 0 (0 in rep 0) data={'image_path': 'C:\\Users\\julia\\OneDrive\\Pulpit\\percepcja_psychopy\\photos\\Twarze 50,50\\SZ 50,50\\1K SZ 5050.png', 'etykieta': 'Model sztucznej inteligencji wykrył w tej twarzy 72% strachu .', 'left_label': 'strach', 'right_label': 'złość', 'show_label': 1, 'proporcja_zdjecia': '50/50', 'typ_etykiety': 'Procentowa AI', 'warunek': 'n/d', 'kierunek': 'Sugestia Lewo strach', 'thisN': 0, 'thisTrialN': 0, 'thisRepN': 0}>
5.9895 	EXP 	Device response: <KeyPress from None: t=5.883037600026, value=space, duration=0.07481530000222847>
5.9912 	DATA 	Keypress: space
5.9944 	EXP 	start_badania: autoDraw = False
5.9944 	EXP 	label_text: height = np.float64(0.05)
5.9944 	EXP 	label_text: height = np.float64(0.05)
5.9944 	EXP 	label_text: height = np.float64(0.05)
5.9944 	EXP 	label_text: height = np.float64(0.05)
5.9944 	EXP 	label_text: height = np.float64(0.05)
5.9944 	EXP 	label_text: height = np.float64(0.05)
5.9944 	EXP 	label_text: text = 'Model sztucznej inteligencji wykrył w tej twarzy 72% strachu .'
5.9944 	EXP 	stim_image: image = 'C:\\Users\\julia\\OneDrive\\Pulpit\\percepcja_psychopy\\photos\\Twarze 50,50\\SZ 50,50\\1K SZ 5050.png'
5.9944 	EXP 	suwak_badanie: markerPos = None
5.9944 	EXP 	suwak_badanie: markerPos = 0
5.9944 	EXP 	lewa_etykieta: height = np.float64(0.05)
5.9944 	EXP 	lewa_etykieta: height = np.float64(0.05)
5.9944 	EXP 	lewa_etykieta: height = np.float64(0.05)
5.9944 	EXP 	lewa_etykieta: text = 'strach'
5.9944 	EXP 	prawa_etykieta: height = np.float64(0.05)
5.9944 	EXP 	prawa_etykieta: height = np.float64(0.05)
5.9944 	EXP 	prawa_etykieta: height = np.float64(0.05)
5.9944 	EXP 	prawa_etykieta: text = 'złość'
5.9944 	EXP 	fiksacja1: autoDraw = True
6.4735 	EXP 	Device response: <KeyPress from None: t=6.46792840003036, value=space, duration=None>
6.4745 	DATA 	Keypress: space
6.5563 	EXP 	Device response: <KeyPress from None: t=6.46792840003036, value=space, duration=0.0755873000016436>
7.0050 	EXP 	label_text: autoDraw = True
7.0050 	EXP 	fiksacja1: autoDraw = False
9.4979 	EXP 	fiksacja2: autoDraw = True
9.5148 	EXP 	label_text: autoDraw = False
10.4962 	EXP 	stim_image: autoDraw = True
10.5153 	EXP 	fiksacja2: autoDraw = False
11.3939 	EXP 	suwak_badanie: autoDraw = True
11.3939 	EXP 	lewa_etykieta: autoDraw = True
11.3939 	EXP 	prawa_etykieta: autoDraw = True
11.3939 	EXP 	pytanie: autoDraw = True
11.4096 	EXP 	stim_image: autoDraw = False
13.0720 	EXP 	Device response: <KeyPress from None: t=13.059976799995638, value=escape, duration=None>
13.0725 	DATA 	Keypress: escape
13.1883 	EXP 	Device response: <KeyPress from None: t=13.059976799995638, value=escape, duration=0.12090830004308373>
13.1884 	EXP 	untitled_FINAL_NEWEST: status = STOPPED
13.2046 	EXP 	suwak_badanie: autoDraw = False
13.2046 	EXP 	lewa_etykieta: autoDraw = False
13.2046 	EXP 	prawa_etykieta: autoDraw = False
13.2046 	EXP 	pytanie: autoDraw = False
13.2048 	EXP 	untitled_FINAL_NEWEST: status = STOPPED
13.2129 	INFO 	saved data to 'C:\\Users\\julia\\OneDrive\\Pulpit\\percepcja_psychopy\\data\\835456_untitled_FINAL_NEWEST_2026-04-24_17h35.53.115.csv'
13.2162 	INFO 	saved data to C:\Users\julia\OneDrive\Pulpit\percepcja_psychopy\data\835456_untitled_FINAL_NEWEST_2026-04-24_17h35.53.115.psydat
14.6052 	WARNING 	Stopping key buffers but this could be dangerous ifother keyboards rely on the same.
