8.9091 	INFO 	Loaded monitor calibration from ['2026_03_18 20:30']
8.9550 	WARNING 	User requested fullscreen with size [1090  800], but screen is actually [1920, 1080]. Using actual size
10.1400 	INFO 	Using renderer 'Intel(R) UHD Graphics' for graphics
10.1401 	INFO 	OpenGL version supported by driver is 4..
11.3283 	EXP 	Created window1 = Window(allowGUI=False, allowStencil=False, autoLog=True, backendConf=UNKNOWN, backgroundFit=<method-wrapper '__getattribute__' of attributeSetter object at 0x00000245C80C3910>, backgroundImage=<method-wrapper '__getattribute__' of attributeSetter object at 0x00000245C80C38B0>, bitsMode=UNKNOWN, blendMode='avg', bpc=(8, 8, 8), color=array([-1., -1., -1.]), colorSpace='rgb', depthBits=8, fullscr=True, gamma=None, gammaErrorPolicy='raise', infoMsg=UNKNOWN, lms=UNKNOWN, monitor=<psychopy.monitors.calibTools.Monitor object at 0x00000245C18C3D90>, multiSample=False, name='window1', numSamples=2, pos=[np.float64(0.0), np.float64(0.0)], screen=0, size=array([1920, 1080]), stencilBits=0, stereo=False, title='PsychoPy', units='height', useFBO=True, useRetina=False, viewOri=0.0, viewPos=None, viewScale=None, waitBlanking=True, winType='pyglet')
11.3284 	EXP 	window1: backgroundImage = ''
11.3284 	EXP 	window1: backgroundFit = 'none'
11.8309 	EXP 	window1: Attempting to measure frame rate of screen (0) ...
11.8309 	EXP 	window1: recordFrameIntervals = False
11.9698 	EXP 	window1: recordFrameIntervals = True
13.6325 	EXP 	window1: recordFrameIntervals = False
13.6326 	EXP 	Screen (0) actual frame rate measured at 60.15Hz
13.8076 	INFO 	keyboard.Keyboard is using ptb backend.
13.8076 	EXP 	untitled_FINAL_NEWEST: status = STARTED
13.9464 	EXP 	Created text_instr = TextStim(__class__=<class 'psychopy.visual.text.TextStim'>, alignHoriz=method-wrapper(...), alignText='center', alignVert=method-wrapper(...), anchorHoriz='center', anchorVert='center', antialias=True, autoDraw=False, autoLog=True, bold=False, color=array([1., 1., 1.]), colorSpace='rgb', contrast=1.0, depth=-2.0, draggable=False, flipHoriz=False, flipVert=False, font='Arial', fontFiles=[], height=np.float64(0.03), italic=False, languageStyle='LTR', name='text_instr', opacity=1, ori=0.0, pos=array([0., 0.]), rgb=UNKNOWN, text=str(...), units='height', win=Window(...), wrapWidth=1.3)
13.9702 	EXP 	Created suwak_info = TextStim(__class__=<class 'psychopy.visual.text.TextStim'>, alignHoriz=method-wrapper(...), alignText='center', alignVert=method-wrapper(...), anchorHoriz='center', anchorVert='center', antialias=True, autoDraw=False, autoLog=True, bold=False, color=array([1., 1., 1.]), colorSpace='rgb', contrast=1.0, depth=-1.0, draggable=False, flipHoriz=False, flipVert=False, font='Arial', fontFiles=[], height=np.float64(0.03), italic=False, languageStyle='LTR', name='suwak_info', opacity=1, ori=0.0, pos=array([0., 0.]), rgb=UNKNOWN, text=str(...), units='height', win=Window(...), wrapWidth=1.3)
14.0219 	EXP 	Created proba_testowa = TextStim(__class__=<class 'psychopy.visual.text.TextStim'>, alignHoriz=method-wrapper(...), alignText='center', alignVert=method-wrapper(...), anchorHoriz='center', anchorVert='center', antialias=True, autoDraw=False, autoLog=True, bold=False, color=array([1., 1., 1.]), colorSpace='rgb', contrast=1.0, depth=-2.0, draggable=False, flipHoriz=False, flipVert=False, font='Arial', fontFiles=[], height=np.float64(0.04), italic=False, languageStyle='LTR', name='proba_testowa', opacity=1, ori=0.0, pos=array([0., 0.]), rgb=UNKNOWN, text=str(...), units='height', win=Window(...), wrapWidth=1.3)
14.0235 	EXP 	Created pilot_label_text = TextStim(__class__=<class 'psychopy.visual.text.TextStim'>, alignHoriz=method-wrapper(...), alignText='center', alignVert=method-wrapper(...), anchorHoriz='center', anchorVert='center', antialias=True, autoDraw=False, autoLog=True, bold=False, color=array([1., 1., 1.]), colorSpace='rgb', contrast=1.0, depth=-1.0, draggable=False, flipHoriz=False, flipVert=False, font='Arial', fontFiles=[], height=0.05, italic=False, languageStyle='LTR', name='pilot_label_text', opacity=1, ori=0.0, pos=array([0., 0.]), rgb=UNKNOWN, text='', units='height', win=Window(...), wrapWidth=1.3)
14.0312 	EXP 	Created pilot_fiksacja1 = TextStim(__class__=<class 'psychopy.visual.text.TextStim'>, alignHoriz=method-wrapper(...), alignText='center', alignVert=method-wrapper(...), anchorHoriz='center', anchorVert='center', antialias=True, autoDraw=False, autoLog=True, bold=False, color=array([1., 1., 1.]), colorSpace='rgb', contrast=1.0, depth=-2.0, draggable=False, flipHoriz=False, flipVert=False, font='Arial', fontFiles=[], height=np.float64(0.1), italic=False, languageStyle='LTR', name='pilot_fiksacja1', opacity=1, ori=0.0, pos=array([0., 0.]), rgb=UNKNOWN, text='+', units='height', win=Window(...), wrapWidth=1)
14.0603 	EXP 	Created pilot_suwak = Slider(__class__=<class 'psychopy.visual.slider.Slider'>, autoDraw=False, autoLog=True, borderColor=None, color=None, colorSpace='rgb', depth=-3, fillColor=None, flip=False, font='Noto Sans', granularity=0.0, labelColor=None, labelHeight=np.float64(0.05), labelWrapWidth=None, labels=None, lineColor=None, markerColor=None, name='pilot_suwak', opacity=None, ori=0.0, pos=array([ 0. , -0.5]), readOnly=False, self=UNKNOWN, size=array([1. , 0.1]), startValue=0, style='slider', styleTweaks=[], ticks=ndarray(...), units='norm', win=Window(...))
14.0625 	EXP 	Created pilot_fiksacja2 = TextStim(__class__=<class 'psychopy.visual.text.TextStim'>, alignHoriz=method-wrapper(...), alignText='center', alignVert=method-wrapper(...), anchorHoriz='center', anchorVert='center', antialias=True, autoDraw=False, autoLog=True, bold=False, color=array([1., 1., 1.]), colorSpace='rgb', contrast=1.0, depth=-4.0, draggable=False, flipHoriz=False, flipVert=False, font='Arial', fontFiles=[], height=np.float64(0.1), italic=False, languageStyle='LTR', name='pilot_fiksacja2', opacity=1, ori=0.0, pos=array([0., 0.]), rgb=UNKNOWN, text='+', units='height', win=Window(...), wrapWidth=1)
14.0779 	EXP 	Created pilot_pytanie = TextStim(__class__=<class 'psychopy.visual.text.TextStim'>, alignHoriz=method-wrapper(...), alignText='center', alignVert=method-wrapper(...), anchorHoriz='center', anchorVert='center', antialias=True, autoDraw=False, autoLog=True, bold=False, color=array([1., 1., 1.]), colorSpace='rgb', contrast=1.0, depth=-5.0, draggable=False, flipHoriz=False, flipVert=False, font='Arial', fontFiles=[], height=np.float64(0.05), italic=False, languageStyle='LTR', name='pilot_pytanie', opacity=1, ori=0.0, pos=array([0.  , 0.25]), rgb=UNKNOWN, text='Jaką emocję wyrażała ta twarz?', units='height', win=Window(...), wrapWidth=1)
14.0787 	EXP 	Created pilot_lewa_etykieta = TextStim(__class__=<class 'psychopy.visual.text.TextStim'>, alignHoriz=method-wrapper(...), alignText='center', alignVert=method-wrapper(...), anchorHoriz='center', anchorVert='center', antialias=True, autoDraw=False, autoLog=True, bold=False, color=array([1., 1., 1.]), colorSpace='rgb', contrast=1.0, depth=-6.0, draggable=False, flipHoriz=False, flipVert=False, font='Arial', fontFiles=[], height=0.05, italic=False, languageStyle='LTR', name='pilot_lewa_etykieta', opacity=1, ori=0.0, pos=array([-1.1, -0.5]), rgb=UNKNOWN, text='', units='height', win=Window(...), wrapWidth=1)
14.0794 	EXP 	Created pilot_prawa_etykieta = TextStim(__class__=<class 'psychopy.visual.text.TextStim'>, alignHoriz=method-wrapper(...), alignText='center', alignVert=method-wrapper(...), anchorHoriz='center', anchorVert='center', antialias=True, autoDraw=False, autoLog=True, bold=False, color=array([1., 1., 1.]), colorSpace='rgb', contrast=1.0, depth=-7.0, draggable=False, flipHoriz=False, flipVert=False, font='Arial', fontFiles=[], height=0.05, italic=False, languageStyle='LTR', name='pilot_prawa_etykieta', opacity=1, ori=0.0, pos=array([ 1.05, -0.5 ]), rgb=UNKNOWN, text='', units='height', win=Window(...), wrapWidth=1)
14.1816 	EXP 	Created pilot_stim_image = ImageStim(__class__=<class 'psychopy.visual.image.ImageStim'>, anchor=('center', 'center'), autoLog=True, color=array([1., 1., 1.]), colorSpace='rgb', contrast=1.0, depth=-8.0, draggable=False, flipHoriz=np.False_, flipVert=np.False_, image='C:/Users/julia/OneDrive/Obrazy/IMG_2397.JPEG', interpolate=True, mask=None, maskParams=None, name='pilot_stim_image', opacity=1, ori=0.0, pos=array([0., 0.]), size=array([0.75, 0.75]), texRes=128.0, units='height', win=Window(...))
14.2120 	EXP 	Created start_badania = TextStim(__class__=<class 'psychopy.visual.text.TextStim'>, alignHoriz=method-wrapper(...), alignText='center', alignVert=method-wrapper(...), anchorHoriz='center', anchorVert='center', antialias=True, autoDraw=False, autoLog=True, bold=False, color=array([1., 1., 1.]), colorSpace='rgb', contrast=1.0, depth=-2.0, draggable=False, flipHoriz=False, flipVert=False, font='Arial', fontFiles=[], height=np.float64(0.05), italic=False, languageStyle='LTR', name='start_badania', opacity=1, ori=0.0, pos=array([0., 0.]), rgb=UNKNOWN, text=str(...), units='height', win=Window(...), wrapWidth=1)
14.2127 	EXP 	Created label_text = TextStim(__class__=<class 'psychopy.visual.text.TextStim'>, alignHoriz=method-wrapper(...), alignText='center', alignVert=method-wrapper(...), anchorHoriz='center', anchorVert='center', antialias=True, autoDraw=False, autoLog=True, bold=False, color=array([1., 1., 1.]), colorSpace='rgb', contrast=1.0, depth=-2.0, draggable=False, flipHoriz=False, flipVert=False, font='Arial', fontFiles=[], height=0.05, italic=False, languageStyle='LTR', name='label_text', opacity=1, ori=0.0, pos=array([0., 0.]), rgb=UNKNOWN, text='', units='height', win=Window(...), wrapWidth=1.3)
14.2173 	EXP 	Created stim_image = ImageStim(__class__=<class 'psychopy.visual.image.ImageStim'>, anchor=('center', 'center'), autoLog=True, color=array([1., 1., 1.]), colorSpace='rgb', contrast=1.0, depth=-3.0, draggable=False, flipHoriz=np.False_, flipVert=np.False_, image='default.png', interpolate=True, mask=None, maskParams=None, name='stim_image', opacity=1, ori=0.0, pos=array([0., 0.]), size=array([0.75, 0.75]), texRes=128.0, units='height', win=Window(...))
14.2259 	EXP 	Created suwak_badanie = Slider(__class__=<class 'psychopy.visual.slider.Slider'>, autoDraw=False, autoLog=True, borderColor=None, color=None, colorSpace='rgb', depth=-4, fillColor=None, flip=False, font='Noto Sans', granularity=0.0, labelColor=None, labelHeight=np.float64(0.05), labelWrapWidth=None, labels=None, lineColor=None, markerColor=None, name='suwak_badanie', opacity=None, ori=0.0, pos=array([ 0. , -0.5]), readOnly=False, self=UNKNOWN, size=array([1. , 0.1]), startValue=0, style='slider', styleTweaks=[], ticks=ndarray(...), units='norm', win=Window(...))
14.2265 	EXP 	Created lewa_etykieta = TextStim(__class__=<class 'psychopy.visual.text.TextStim'>, alignHoriz=method-wrapper(...), alignText='center', alignVert=method-wrapper(...), anchorHoriz='center', anchorVert='center', antialias=True, autoDraw=False, autoLog=True, bold=False, color=array([1., 1., 1.]), colorSpace='rgb', contrast=1.0, depth=-5.0, draggable=False, flipHoriz=False, flipVert=False, font='Arial', fontFiles=[], height=0.05, italic=False, languageStyle='LTR', name='lewa_etykieta', opacity=1, ori=0.0, pos=array([-1.1, -0.5]), rgb=UNKNOWN, text='', units='height', win=Window(...), wrapWidth=1)
14.2271 	EXP 	Created prawa_etykieta = TextStim(__class__=<class 'psychopy.visual.text.TextStim'>, alignHoriz=method-wrapper(...), alignText='center', alignVert=method-wrapper(...), anchorHoriz='center', anchorVert='center', antialias=True, autoDraw=False, autoLog=True, bold=False, color=array([1., 1., 1.]), colorSpace='rgb', contrast=1.0, depth=-6.0, draggable=False, flipHoriz=False, flipVert=False, font='Arial', fontFiles=[], height=0.05, italic=False, languageStyle='LTR', name='prawa_etykieta', opacity=1, ori=0.0, pos=array([ 1.05, -0.5 ]), rgb=UNKNOWN, text='', units='height', win=Window(...), wrapWidth=1)
14.2292 	EXP 	Created fiksacja1 = TextStim(__class__=<class 'psychopy.visual.text.TextStim'>, alignHoriz=method-wrapper(...), alignText='center', alignVert=method-wrapper(...), anchorHoriz='center', anchorVert='center', antialias=True, autoDraw=False, autoLog=True, bold=False, color=array([1., 1., 1.]), colorSpace='rgb', contrast=1.0, depth=-7.0, draggable=False, flipHoriz=False, flipVert=False, font='Arial', fontFiles=[], height=np.float64(0.1), italic=False, languageStyle='LTR', name='fiksacja1', opacity=1, ori=0.0, pos=array([0., 0.]), rgb=UNKNOWN, text='+', units='height', win=Window(...), wrapWidth=1)
14.2312 	EXP 	Created fiksacja2 = TextStim(__class__=<class 'psychopy.visual.text.TextStim'>, alignHoriz=method-wrapper(...), alignText='center', alignVert=method-wrapper(...), anchorHoriz='center', anchorVert='center', antialias=True, autoDraw=False, autoLog=True, bold=False, color=array([1., 1., 1.]), colorSpace='rgb', contrast=1.0, depth=-8.0, draggable=False, flipHoriz=False, flipVert=False, font='Arial', fontFiles=[], height=np.float64(0.1), italic=False, languageStyle='LTR', name='fiksacja2', opacity=1, ori=0.0, pos=array([0., 0.]), rgb=UNKNOWN, text='+', units='height', win=Window(...), wrapWidth=1)
14.2397 	EXP 	Created pytanie = TextStim(__class__=<class 'psychopy.visual.text.TextStim'>, alignHoriz=method-wrapper(...), alignText='center', alignVert=method-wrapper(...), anchorHoriz='center', anchorVert='center', antialias=True, autoDraw=False, autoLog=True, bold=False, color=array([1., 1., 1.]), colorSpace='rgb', contrast=1.0, depth=-9.0, draggable=False, flipHoriz=False, flipVert=False, font='Arial', fontFiles=[], height=np.float64(0.04), italic=False, languageStyle='LTR', name='pytanie', opacity=1, ori=0.0, pos=array([0.  , 0.25]), rgb=UNKNOWN, text='Jaką emocję wyrażała ta twarz?', units='height', win=Window(...), wrapWidth=1)
0.0038 	EXP 	pilot_suwak: autoLog = True
0.0038 	EXP 	pilot_suwak: styleTweaks = []
0.0038 	EXP 	pilot_suwak: styleTweaks = []
0.0038 	EXP 	pilot_suwak: styleTweaks = []
0.0038 	EXP 	pilot_suwak: styleTweaks = []
0.0038 	EXP 	pilot_suwak: contrast = 1.0
0.0038 	EXP 	pilot_suwak: markerPos = 0
0.0038 	EXP 	pilot_suwak: autoLog = True
0.0038 	EXP 	suwak_badanie: autoLog = True
0.0038 	EXP 	suwak_badanie: styleTweaks = []
0.0038 	EXP 	suwak_badanie: styleTweaks = []
0.0038 	EXP 	suwak_badanie: styleTweaks = []
0.0038 	EXP 	suwak_badanie: styleTweaks = []
0.0038 	EXP 	suwak_badanie: contrast = 1.0
0.0038 	EXP 	suwak_badanie: markerPos = 0
0.0038 	EXP 	suwak_badanie: autoLog = True
0.0092 	INFO 	Keyboard events cleared
0.0091 	EXP 	text_instr: autoDraw = True
1.3333 	EXP 	Device response: <KeyPress from None: t=1.31086550001055, value=space, duration=None>
1.3373 	DATA 	Keypress: space
1.3409 	INFO 	Keyboard events cleared
1.3408 	EXP 	text_instr: autoDraw = False
1.3408 	EXP 	suwak_info: autoDraw = True
1.4541 	EXP 	Device response: <KeyPress from None: t=1.31086550001055, value=space, duration=0.14247880002949387>
2.3714 	DATA 	Keypress: space
2.3848 	EXP 	Device response: <KeyPress from None: t=2.369375800015405, value=space, duration=None>
2.4017 	INFO 	Keyboard events cleared
2.4015 	EXP 	suwak_info: autoDraw = False
2.4015 	EXP 	proba_testowa: autoDraw = True
2.5010 	EXP 	Device response: <KeyPress from None: t=2.369375800015405, value=space, duration=0.11997050000354648>
3.5651 	EXP 	Device response: <KeyPress from None: t=3.5502827000455, value=space, duration=None>
3.5919 	DATA 	Keypress: space
3.5944 	EXP 	proba_testowa: autoDraw = False
3.5944 	EXP 	pilot_label_text: height = np.float64(0.05)
3.5944 	EXP 	pilot_label_text: height = np.float64(0.05)
3.5944 	EXP 	pilot_label_text: height = np.float64(0.05)
3.5944 	EXP 	pilot_label_text: height = np.float64(0.05)
3.5944 	EXP 	pilot_label_text: height = np.float64(0.05)
3.5944 	EXP 	pilot_label_text: height = np.float64(0.05)
3.5944 	EXP 	pilot_label_text: text = 'Model AI wykrył w tej twarzy 80%\n'
3.5944 	EXP 	pilot_suwak: markerPos = None
3.5944 	EXP 	pilot_suwak: markerPos = 0
3.5944 	EXP 	pilot_lewa_etykieta: height = np.float64(0.05)
3.5944 	EXP 	pilot_lewa_etykieta: height = np.float64(0.05)
3.5944 	EXP 	pilot_lewa_etykieta: height = np.float64(0.05)
3.5944 	EXP 	pilot_lewa_etykieta: text = 'radość'
3.5944 	EXP 	pilot_prawa_etykieta: height = np.float64(0.05)
3.5944 	EXP 	pilot_prawa_etykieta: height = np.float64(0.05)
3.5944 	EXP 	pilot_prawa_etykieta: height = np.float64(0.05)
3.5944 	EXP 	pilot_prawa_etykieta: text = 'smutek'
3.5944 	EXP 	pilot_fiksacja1: autoDraw = True
3.6978 	EXP 	Device response: <KeyPress from None: t=3.5502827000455, value=space, duration=0.14114129997324198>
4.5949 	EXP 	pilot_fiksacja1: autoDraw = False
4.6780 	EXP 	pilot_label_text: autoDraw = True
7.1711 	EXP 	pilot_fiksacja2: autoDraw = True
7.6865 	EXP 	pilot_label_text: autoDraw = False
8.1713 	EXP 	pilot_stim_image: autoDraw = True
8.1858 	EXP 	pilot_fiksacja2: autoDraw = False
9.0671 	EXP 	pilot_suwak: autoDraw = True
9.0671 	EXP 	pilot_pytanie: autoDraw = True
9.0671 	EXP 	pilot_lewa_etykieta: autoDraw = True
9.0671 	EXP 	pilot_prawa_etykieta: autoDraw = True
9.0826 	EXP 	pilot_stim_image: autoDraw = False
11.3273 	DATA 	Mouse: Left button down, pos=(941,253)
11.3427 	EXP 	pilot_suwak: markerPos = np.float64(-1.9791666666666643)
11.3597 	EXP 	pilot_suwak: markerPos = np.float64(-1.875)
11.3763 	EXP 	pilot_suwak: markerPos = np.float64(-1.7708333333333357)
11.3926 	EXP 	pilot_suwak: markerPos = np.float64(-1.5625)
11.4091 	EXP 	pilot_suwak: markerPos = np.float64(-1.25)
11.4258 	EXP 	pilot_suwak: markerPos = np.float64(-0.9375)
11.4423 	EXP 	pilot_suwak: markerPos = np.float64(0.0)
11.4590 	EXP 	pilot_suwak: markerPos = np.float64(1.5625)
11.4758 	EXP 	pilot_suwak: markerPos = np.float64(4.0625)
11.4925 	EXP 	pilot_suwak: markerPos = np.float64(6.666666666666664)
11.5090 	EXP 	pilot_suwak: markerPos = np.float64(9.791666666666664)
11.5257 	EXP 	pilot_suwak: markerPos = np.float64(12.916666666666664)
11.5423 	EXP 	pilot_suwak: markerPos = np.float64(19.0625)
11.5586 	EXP 	pilot_suwak: markerPos = np.float64(22.395833333333343)
11.5754 	EXP 	pilot_suwak: markerPos = np.float64(25.625)
11.5919 	EXP 	pilot_suwak: markerPos = np.float64(26.35416666666667)
11.6089 	EXP 	pilot_suwak: markerPos = np.float64(26.77083333333333)
11.6255 	EXP 	pilot_suwak: markerPos = np.float64(26.77083333333333)
11.6422 	EXP 	pilot_suwak: markerPos = np.float64(26.77083333333333)
11.6587 	EXP 	pilot_suwak: markerPos = np.float64(26.77083333333333)
11.6756 	EXP 	pilot_suwak: markerPos = np.float64(26.77083333333333)
11.6918 	EXP 	pilot_suwak: markerPos = np.float64(26.77083333333333)
11.7083 	EXP 	pilot_suwak: markerPos = np.float64(26.77083333333333)
11.7250 	EXP 	pilot_suwak: markerPos = np.float64(26.77083333333333)
11.7419 	EXP 	pilot_suwak: markerPos = np.float64(26.77083333333333)
11.7472 	DATA 	Mouse:  Left button up, pos=(1217,252)
11.7587 	EXP 	pilot_suwak: markerPos = np.float64(26.77083333333333)
11.7748 	EXP 	pilot_suwak: markerPos = np.float64(26.77083333333333)
11.7917 	INFO 	Keyboard events cleared
11.7916 	EXP 	pilot_label_text: autoDraw = False
11.7916 	EXP 	pilot_fiksacja1: autoDraw = False
11.7916 	EXP 	pilot_suwak: autoDraw = False
11.7916 	EXP 	pilot_fiksacja2: autoDraw = False
11.7916 	EXP 	pilot_pytanie: autoDraw = False
11.7916 	EXP 	pilot_lewa_etykieta: autoDraw = False
11.7916 	EXP 	pilot_prawa_etykieta: autoDraw = False
11.7916 	EXP 	pilot_stim_image: autoDraw = False
11.7916 	EXP 	start_badania: autoDraw = True
16.3470 	EXP 	Device response: <KeyPress from None: t=16.333412900043186, value=space, duration=None>
16.3886 	EXP 	Imported conditions.xlsx as conditions, 32 conditions, 9 params
16.3899 	EXP 	New trial (rep=0, index=0): <Trial 0 (0 in rep 0) data={'image_path': 'C:\\Users\\julia\\OneDrive\\Pulpit\\percepcja_psychopy\\photos\\Twarze 50,50\\SZ 50,50\\1K SZ 5050.png', 'etykieta': 'Model sztucznej inteligencji wykrył w tej twarzy 72% strachu .', 'left_label': 'strach', 'right_label': 'złość', 'show_label': 1, 'proporcja_zdjecia': '50/50', 'typ_etykiety': 'Procentowa AI', 'warunek': 'n/d', 'kierunek': 'Sugestia Lewo strach', 'thisN': 0, 'thisTrialN': 0, 'thisRepN': 0}>
16.4491 	EXP 	Device response: <KeyPress from None: t=16.333412900043186, value=space, duration=0.10941319999983534>
16.4517 	DATA 	Keypress: space
16.4560 	EXP 	start_badania: autoDraw = False
16.4560 	EXP 	label_text: height = np.float64(0.05)
16.4560 	EXP 	label_text: height = np.float64(0.05)
16.4560 	EXP 	label_text: height = np.float64(0.05)
16.4560 	EXP 	label_text: height = np.float64(0.05)
16.4560 	EXP 	label_text: height = np.float64(0.05)
16.4560 	EXP 	label_text: height = np.float64(0.05)
16.4560 	EXP 	label_text: text = 'Model sztucznej inteligencji wykrył w tej twarzy 72% strachu .'
16.4560 	EXP 	stim_image: image = 'C:\\Users\\julia\\OneDrive\\Pulpit\\percepcja_psychopy\\photos\\Twarze 50,50\\SZ 50,50\\1K SZ 5050.png'
16.4560 	EXP 	suwak_badanie: markerPos = None
16.4560 	EXP 	suwak_badanie: markerPos = 0
16.4560 	EXP 	lewa_etykieta: height = np.float64(0.05)
16.4560 	EXP 	lewa_etykieta: height = np.float64(0.05)
16.4560 	EXP 	lewa_etykieta: height = np.float64(0.05)
16.4560 	EXP 	lewa_etykieta: text = 'strach'
16.4560 	EXP 	prawa_etykieta: height = np.float64(0.05)
16.4560 	EXP 	prawa_etykieta: height = np.float64(0.05)
16.4560 	EXP 	prawa_etykieta: height = np.float64(0.05)
16.4560 	EXP 	prawa_etykieta: text = 'złość'
16.4560 	EXP 	fiksacja1: autoDraw = True
17.4593 	EXP 	label_text: autoDraw = True
17.4593 	EXP 	fiksacja1: autoDraw = False
19.9531 	EXP 	fiksacja2: autoDraw = True
19.9697 	EXP 	label_text: autoDraw = False
20.9509 	EXP 	stim_image: autoDraw = True
20.9675 	EXP 	fiksacja2: autoDraw = False
21.8477 	EXP 	suwak_badanie: autoDraw = True
21.8477 	EXP 	lewa_etykieta: autoDraw = True
21.8477 	EXP 	prawa_etykieta: autoDraw = True
21.8477 	EXP 	pytanie: autoDraw = True
21.8639 	EXP 	stim_image: autoDraw = False
23.1838 	DATA 	Keypress: space
23.1943 	EXP 	Device response: <KeyPress from None: t=23.181416500010528, value=space, duration=None>
23.3106 	EXP 	Device response: <KeyPress from None: t=23.181416500010528, value=space, duration=0.11938680004095659>
25.2714 	EXP 	Device response: <KeyPress from None: t=25.26221750001423, value=escape, duration=None>
25.2717 	DATA 	Keypress: escape
25.4379 	EXP 	Device response: <KeyPress from None: t=25.26221750001423, value=escape, duration=0.1646142000099644>
25.4379 	EXP 	untitled_FINAL_NEWEST: status = STOPPED
25.4543 	EXP 	suwak_badanie: autoDraw = False
25.4543 	EXP 	lewa_etykieta: autoDraw = False
25.4543 	EXP 	prawa_etykieta: autoDraw = False
25.4543 	EXP 	pytanie: autoDraw = False
25.4544 	EXP 	untitled_FINAL_NEWEST: status = STOPPED
25.4595 	INFO 	saved data to 'C:\\Users\\julia\\OneDrive\\Pulpit\\percepcja_psychopy\\data\\837879_untitled_FINAL_NEWEST_2026-04-24_17h54.46.854.csv'
25.4620 	INFO 	saved data to C:\Users\julia\OneDrive\Pulpit\percepcja_psychopy\data\837879_untitled_FINAL_NEWEST_2026-04-24_17h54.46.854.psydat
26.2244 	WARNING 	Stopping key buffers but this could be dangerous ifother keyboards rely on the same.
