79.4334 	INFO 	Loaded monitor calibration from ['2026_03_18 20:30']
79.4870 	WARNING 	User requested fullscreen with size [1090  800], but screen is actually [1920, 1080]. Using actual size
80.7237 	INFO 	Using renderer 'Intel(R) UHD Graphics' for graphics
80.7237 	INFO 	OpenGL version supported by driver is 4..
81.7438 	EXP 	Created window1 = Window(allowGUI=False, allowStencil=True, autoLog=True, backendConf=UNKNOWN, backgroundFit=<method-wrapper '__getattribute__' of attributeSetter object at 0x0000020F52413B50>, backgroundImage=<method-wrapper '__getattribute__' of attributeSetter object at 0x0000020F52413CD0>, bitsMode=UNKNOWN, blendMode='avg', bpc=(8, 8, 8), color=array([0.6549, 0.6549, 0.6549]), colorSpace='rgb', depthBits=8, fullscr=True, gamma=None, gammaErrorPolicy='raise', infoMsg=UNKNOWN, lms=UNKNOWN, monitor=<psychopy.monitors.calibTools.Monitor object at 0x0000020F5201BE20>, multiSample=False, name='window1', numSamples=2, pos=[np.float64(0.0), np.float64(0.0)], screen=0, size=array([1920, 1080]), stencilBits=8, stereo=False, title='PsychoPy', units='height', useFBO=True, useRetina=False, viewOri=0.0, viewPos=None, viewScale=None, waitBlanking=True, winType='pyglet')
81.7439 	EXP 	window1: backgroundImage = ''
81.7439 	EXP 	window1: backgroundFit = 'none'
81.9428 	INFO 	keyboard.Keyboard is using ptb backend.
81.9428 	EXP 	untitled_FINAL_NEWEST: status = STARTED
82.2914 	EXP 	Created suwaki_interpretacja = ImageStim(__class__=<class 'psychopy.visual.image.ImageStim'>, anchor=('center', 'center'), autoLog=True, color=array([1., 1., 1.]), colorSpace='rgb', contrast=1.0, depth=-3.0, draggable=False, flipHoriz=np.False_, flipVert=np.False_, image='photos/suwaki_instrukcja.png', interpolate=True, mask=None, maskParams=None, name='suwaki_interpretacja', opacity=1, ori=0.0, pos=array([ 0. , -0.2]), size=array([1.  , 0.75]), texRes=128.0, units='norm', win=Window(...))
82.4571 	EXP 	Created proba_testowa = TextStim(__class__=<class 'psychopy.visual.text.TextStim'>, alignHoriz=method-wrapper(...), alignText='center', alignVert=method-wrapper(...), anchorHoriz='center', anchorVert='center', antialias=True, autoDraw=False, autoLog=True, bold=False, color=array([-1., -1., -1.]), colorSpace='rgb', contrast=1.0, depth=-2.0, draggable=False, flipHoriz=False, flipVert=False, font='Arial', fontFiles=[], height=np.float64(0.04), italic=False, languageStyle='LTR', name='proba_testowa', opacity=1, ori=0.0, pos=array([0., 0.]), rgb=UNKNOWN, text=str(...), units='height', win=Window(...), wrapWidth=1.4)
82.4589 	EXP 	Created pilot_label_text = TextStim(__class__=<class 'psychopy.visual.text.TextStim'>, alignHoriz=method-wrapper(...), alignText='center', alignVert=method-wrapper(...), anchorHoriz='center', anchorVert='center', antialias=True, autoDraw=False, autoLog=True, bold=False, color=array([-1., -1., -1.]), colorSpace='rgb', contrast=1.0, depth=-1.0, draggable=False, flipHoriz=False, flipVert=False, font='Arial', fontFiles=[], height=0.05, italic=False, languageStyle='LTR', name='pilot_label_text', opacity=1, ori=0.0, pos=array([0., 0.]), rgb=UNKNOWN, text='', units='height', win=Window(...), wrapWidth=2.0)
82.4703 	EXP 	Created pilot_fiksacja1 = TextStim(__class__=<class 'psychopy.visual.text.TextStim'>, alignHoriz=method-wrapper(...), alignText='center', alignVert=method-wrapper(...), anchorHoriz='center', anchorVert='center', antialias=True, autoDraw=False, autoLog=True, bold=False, color=array([-1., -1., -1.]), colorSpace='rgb', contrast=1.0, depth=-2.0, draggable=False, flipHoriz=False, flipVert=False, font='Courier New', fontFiles=[], height=np.float64(0.12), italic=False, languageStyle='LTR', name='pilot_fiksacja1', opacity=1, ori=0.0, pos=array([0., 0.]), rgb=UNKNOWN, text='+', units='height', win=Window(...), wrapWidth=1)
82.5098 	EXP 	Created pilot_suwak = Slider(__class__=<class 'psychopy.visual.slider.Slider'>, autoDraw=False, autoLog=True, borderColor=None, color=None, colorSpace='rgb', depth=-3, fillColor=None, flip=False, font='Noto Sans', granularity=0.0, labelColor=None, labelHeight=np.float64(0.05), labelWrapWidth=None, labels=None, lineColor=None, markerColor=None, name='pilot_suwak', opacity=None, ori=0.0, pos=array([ 0. , -0.5]), readOnly=False, self=UNKNOWN, size=array([1. , 0.1]), startValue=0, style='slider', styleTweaks=[], ticks=array([-50, -25,   0,  25,  50]), units='norm', win=Window(...))
82.5163 	EXP 	Created pilot_fiksacja2 = TextStim(__class__=<class 'psychopy.visual.text.TextStim'>, alignHoriz=method-wrapper(...), alignText='center', alignVert=method-wrapper(...), anchorHoriz='center', anchorVert='center', antialias=True, autoDraw=False, autoLog=True, bold=False, color=array([-1., -1., -1.]), colorSpace='rgb', contrast=1.0, depth=-4.0, draggable=False, flipHoriz=False, flipVert=False, font='Courier New', fontFiles=[], height=np.float64(0.12), italic=False, languageStyle='LTR', name='pilot_fiksacja2', opacity=1, ori=0.0, pos=array([0., 0.]), rgb=UNKNOWN, text='+', units='height', win=Window(...), wrapWidth=1)
82.5408 	EXP 	Created pilot_pytanie = TextStim(__class__=<class 'psychopy.visual.text.TextStim'>, alignHoriz=method-wrapper(...), alignText='center', alignVert=method-wrapper(...), anchorHoriz='center', anchorVert='center', antialias=True, autoDraw=False, autoLog=True, bold=False, color=array([-1., -1., -1.]), colorSpace='rgb', contrast=1.0, depth=-5.0, draggable=False, flipHoriz=False, flipVert=False, font='Arial', fontFiles=[], height=np.float64(0.1), italic=False, languageStyle='LTR', name='pilot_pytanie', opacity=1, ori=0.0, pos=array([0., 0.]), rgb=UNKNOWN, text='Jaką emocję wyrażała ta twarz?', units='norm', win=Window(...), wrapWidth=1)
82.5434 	EXP 	Created pilot_lewa_etykieta = TextStim(__class__=<class 'psychopy.visual.text.TextStim'>, alignHoriz=method-wrapper(...), alignText='center', alignVert=method-wrapper(...), anchorHoriz='center', anchorVert='center', antialias=True, autoDraw=False, autoLog=True, bold=False, color=array([-1., -1., -1.]), colorSpace='rgb', contrast=1.0, depth=-6.0, draggable=False, flipHoriz=False, flipVert=False, font='Arial', fontFiles=[], height=0.085, italic=False, languageStyle='LTR', name='pilot_lewa_etykieta', opacity=1, ori=0.0, pos=array([-0.6, -0.5]), rgb=UNKNOWN, text='', units='norm', win=Window(...), wrapWidth=1)
82.5456 	EXP 	Created pilot_prawa_etykieta = TextStim(__class__=<class 'psychopy.visual.text.TextStim'>, alignHoriz=method-wrapper(...), alignText='center', alignVert=method-wrapper(...), anchorHoriz='center', anchorVert='center', antialias=True, autoDraw=False, autoLog=True, bold=False, color=array([-1., -1., -1.]), colorSpace='rgb', contrast=1.0, depth=-7.0, draggable=False, flipHoriz=False, flipVert=False, font='Arial', fontFiles=[], height=0.085, italic=False, languageStyle='LTR', name='pilot_prawa_etykieta', opacity=1, ori=0.0, pos=array([ 0.6, -0.5]), rgb=UNKNOWN, text='', units='norm', win=Window(...), wrapWidth=1)
82.5790 	EXP 	Created pilot_stim_image = ImageStim(__class__=<class 'psychopy.visual.image.ImageStim'>, anchor=('center', 'center'), autoLog=True, color=array([1., 1., 1.]), colorSpace='rgb', contrast=1.0, depth=-8.0, draggable=False, flipHoriz=np.False_, flipVert=np.False_, image='photos/twarz_testowa.jpg', interpolate=True, mask=None, maskParams=None, name='pilot_stim_image', opacity=1, ori=0.0, pos=array([0., 0.]), size=array([0.75, 0.75]), texRes=128.0, units='height', win=Window(...))
82.6201 	EXP 	Created start_badania = TextStim(__class__=<class 'psychopy.visual.text.TextStim'>, alignHoriz=method-wrapper(...), alignText='center', alignVert=method-wrapper(...), anchorHoriz='center', anchorVert='center', antialias=True, autoDraw=False, autoLog=True, bold=False, color=array([-1., -1., -1.]), colorSpace='rgb', contrast=1.0, depth=-2.0, draggable=False, flipHoriz=False, flipVert=False, font='Arial', fontFiles=[], height=np.float64(0.1), italic=False, languageStyle='LTR', name='start_badania', opacity=1, ori=0.0, pos=array([0., 0.]), rgb=UNKNOWN, text=str(...), units='norm', win=Window(...), wrapWidth=1.4)
82.6268 	EXP 	Created przerwa_text = TextStim(__class__=<class 'psychopy.visual.text.TextStim'>, alignHoriz=method-wrapper(...), alignText='center', alignVert=method-wrapper(...), anchorHoriz='center', anchorVert='center', antialias=True, autoDraw=False, autoLog=True, bold=False, color=array([-1., -1., -1.]), colorSpace='rgb', contrast=1.0, depth=0.0, draggable=False, flipHoriz=False, flipVert=False, font='Arial', fontFiles=[], height=np.float64(0.1), italic=False, languageStyle='LTR', name='przerwa_text', opacity=1, ori=0.0, pos=array([0., 0.]), rgb=UNKNOWN, text=str(...), units='norm', win=Window(...), wrapWidth=1)
82.6276 	EXP 	Created label_text = TextStim(__class__=<class 'psychopy.visual.text.TextStim'>, alignHoriz=method-wrapper(...), alignText='center', alignVert=method-wrapper(...), anchorHoriz='center', anchorVert='center', antialias=True, autoDraw=False, autoLog=True, bold=False, color=array([-1., -1., -1.]), colorSpace='rgb', contrast=1.0, depth=-2.0, draggable=False, flipHoriz=False, flipVert=False, font='Arial', fontFiles=[], height=0.05, italic=False, languageStyle='LTR', name='label_text', opacity=1, ori=0.0, pos=array([0., 0.]), rgb=UNKNOWN, text='', units='height', win=Window(...), wrapWidth=1.3)
82.6343 	EXP 	Created stim_image = ImageStim(__class__=<class 'psychopy.visual.image.ImageStim'>, anchor=('center', 'center'), autoLog=True, color=array([1., 1., 1.]), colorSpace='rgb', contrast=1.0, depth=-3.0, draggable=False, flipHoriz=np.False_, flipVert=np.False_, image='default.png', interpolate=True, mask=None, maskParams=None, name='stim_image', opacity=1, ori=0.0, pos=array([0., 0.]), size=array([0.75, 0.75]), texRes=128.0, units='height', win=Window(...))
82.6499 	EXP 	Created suwak_badanie = Slider(__class__=<class 'psychopy.visual.slider.Slider'>, autoDraw=False, autoLog=True, borderColor=None, color=None, colorSpace='rgb', depth=-4, fillColor=None, flip=False, font='Noto Sans', granularity=0.0, labelColor=None, labelHeight=np.float64(0.05), labelWrapWidth=None, labels=None, lineColor=None, markerColor=None, name='suwak_badanie', opacity=None, ori=0.0, pos=array([ 0. , -0.5]), readOnly=False, self=UNKNOWN, size=array([1. , 0.1]), startValue=0, style='slider', styleTweaks=[], ticks=array([-50, -25,   0,  25,  50]), units='norm', win=Window(...))
82.6522 	EXP 	Created lewa_etykieta = TextStim(__class__=<class 'psychopy.visual.text.TextStim'>, alignHoriz=method-wrapper(...), alignText='center', alignVert=method-wrapper(...), anchorHoriz='center', anchorVert='center', antialias=True, autoDraw=False, autoLog=True, bold=False, color=array([-1., -1., -1.]), colorSpace='rgb', contrast=1.0, depth=-5.0, draggable=False, flipHoriz=False, flipVert=False, font='Arial', fontFiles=[], height=0.085, italic=False, languageStyle='LTR', name='lewa_etykieta', opacity=1, ori=0.0, pos=array([-0.65, -0.5 ]), rgb=UNKNOWN, text='', units='norm', win=Window(...), wrapWidth=1)
82.6540 	EXP 	Created prawa_etykieta = TextStim(__class__=<class 'psychopy.visual.text.TextStim'>, alignHoriz=method-wrapper(...), alignText='center', alignVert=method-wrapper(...), anchorHoriz='center', anchorVert='center', antialias=True, autoDraw=False, autoLog=True, bold=False, color=array([-1., -1., -1.]), colorSpace='rgb', contrast=1.0, depth=-6.0, draggable=False, flipHoriz=False, flipVert=False, font='Arial', fontFiles=[], height=0.085, italic=False, languageStyle='LTR', name='prawa_etykieta', opacity=1, ori=0.0, pos=array([ 0.65, -0.5 ]), rgb=UNKNOWN, text='', units='norm', win=Window(...), wrapWidth=1)
82.6572 	EXP 	Created fiksacja2 = TextStim(__class__=<class 'psychopy.visual.text.TextStim'>, alignHoriz=method-wrapper(...), alignText='center', alignVert=method-wrapper(...), anchorHoriz='center', anchorVert='center', antialias=True, autoDraw=False, autoLog=True, bold=False, color=array([-1., -1., -1.]), colorSpace='rgb', contrast=1.0, depth=-7.0, draggable=False, flipHoriz=False, flipVert=False, font='Courier New', fontFiles=[], height=np.float64(0.12), italic=False, languageStyle='LTR', name='fiksacja2', opacity=1, ori=0.0, pos=array([0., 0.]), rgb=UNKNOWN, text='+', units='height', win=Window(...), wrapWidth=1)
82.6630 	EXP 	Created pytanie = TextStim(__class__=<class 'psychopy.visual.text.TextStim'>, alignHoriz=method-wrapper(...), alignText='center', alignVert=method-wrapper(...), anchorHoriz='center', anchorVert='center', antialias=True, autoDraw=False, autoLog=True, bold=False, color=array([-1., -1., -1.]), colorSpace='rgb', contrast=1.0, depth=-8.0, draggable=False, flipHoriz=False, flipVert=False, font='Arial', fontFiles=[], height=np.float64(0.1), italic=False, languageStyle='LTR', name='pytanie', opacity=1, ori=0.0, pos=array([0., 0.]), rgb=UNKNOWN, text='Jaką emocję wyrażała ta twarz?', units='norm', win=Window(...), wrapWidth=1)
82.6653 	EXP 	Created text = TextStim(__class__=<class 'psychopy.visual.text.TextStim'>, alignHoriz=method-wrapper(...), alignText='center', alignVert=method-wrapper(...), anchorHoriz='center', anchorVert='center', antialias=True, autoDraw=False, autoLog=True, bold=False, color=array([1., 1., 1.]), colorSpace='rgb', contrast=1.0, depth=-1.0, draggable=False, flipHoriz=False, flipVert=False, font='Arial', fontFiles=[], height=np.float64(0.05), italic=False, languageStyle='LTR', name='text', opacity=1, ori=0.0, pos=array([0., 0.]), rgb=UNKNOWN, text='', units='height', win=Window(...), wrapWidth=1)
82.6837 	EXP 	Created podziekowania_text = TextStim(__class__=<class 'psychopy.visual.text.TextStim'>, alignHoriz=method-wrapper(...), alignText='center', alignVert=method-wrapper(...), anchorHoriz='center', anchorVert='center', antialias=True, autoDraw=False, autoLog=True, bold=False, color=array([1., 1., 1.]), colorSpace='rgb', contrast=1.0, depth=0.0, draggable=False, flipHoriz=False, flipVert=False, font='Arial', fontFiles=[], height=np.float64(0.05), italic=False, languageStyle='LTR', name='podziekowania_text', opacity=1, ori=0.0, pos=array([0., 0.]), rgb=UNKNOWN, text=str(...), units='height', win=Window(...), wrapWidth=1)
0.0980 	EXP 	textbox_2: autoLog = True
0.0980 	EXP 	textbox_3: autoLog = True
0.0980 	EXP 	pilot_suwak: autoLog = True
0.0980 	EXP 	pilot_suwak: styleTweaks = []
0.0980 	EXP 	pilot_suwak: styleTweaks = []
0.0980 	EXP 	pilot_suwak: styleTweaks = []
0.0980 	EXP 	pilot_suwak: styleTweaks = []
0.0980 	EXP 	pilot_suwak: contrast = 1.0
0.0980 	EXP 	pilot_suwak: markerPos = 0
0.0980 	EXP 	pilot_suwak: autoLog = True
0.0980 	EXP 	suwak_badanie: autoLog = True
0.0980 	EXP 	suwak_badanie: styleTweaks = []
0.0980 	EXP 	suwak_badanie: styleTweaks = []
0.0980 	EXP 	suwak_badanie: styleTweaks = []
0.0980 	EXP 	suwak_badanie: styleTweaks = []
0.0980 	EXP 	suwak_badanie: contrast = 1.0
0.0980 	EXP 	suwak_badanie: markerPos = 0
0.0980 	EXP 	suwak_badanie: autoLog = True
0.1378 	INFO 	Keyboard events cleared
0.1376 	EXP 	textbox_2: autoDraw = True
6.5093 	EXP 	Device response: <KeyPress from None: t=6.496492499951273, value=space, duration=None>
6.5165 	DATA 	Keypress: space
6.5214 	INFO 	Keyboard events cleared
6.5212 	EXP 	textbox_2: autoDraw = False
6.5212 	EXP 	textbox_3: autoDraw = True
6.5212 	EXP 	suwaki_interpretacja: autoDraw = True
6.6029 	EXP 	Device response: <KeyPress from None: t=6.496492499951273, value=space, duration=0.08940379996784031>
10.0602 	EXP 	Device response: <KeyPress from None: t=10.054725499940105, value=space, duration=None>
10.0626 	DATA 	Keypress: space
10.0763 	INFO 	Keyboard events cleared
10.0761 	EXP 	textbox_3: autoDraw = False
10.0761 	EXP 	suwaki_interpretacja: autoDraw = False
10.0761 	EXP 	proba_testowa: autoDraw = True
10.1431 	EXP 	Device response: <KeyPress from None: t=10.054725499940105, value=space, duration=0.08016949996817857>
11.1731 	EXP 	Device response: <KeyPress from None: t=11.170464899973013, value=space, duration=None>
11.1943 	DATA 	Keypress: space
11.1970 	EXP 	proba_testowa: autoDraw = False
11.1970 	EXP 	pilot_label_text: height = np.float64(0.05)
11.1970 	EXP 	pilot_label_text: height = np.float64(0.05)
11.1970 	EXP 	pilot_label_text: height = np.float64(0.05)
11.1970 	EXP 	pilot_label_text: height = np.float64(0.05)
11.1970 	EXP 	pilot_label_text: height = np.float64(0.05)
11.1970 	EXP 	pilot_label_text: height = np.float64(0.05)
11.1970 	EXP 	pilot_label_text: text = 'Model AI wykrył w tej twarzy 80% smutku.\n\n'
11.1970 	EXP 	pilot_suwak: markerPos = None
11.1970 	EXP 	pilot_suwak: markerPos = 0
11.1970 	EXP 	pilot_lewa_etykieta: height = np.float64(0.085)
11.1970 	EXP 	pilot_lewa_etykieta: height = np.float64(0.085)
11.1970 	EXP 	pilot_lewa_etykieta: height = np.float64(0.085)
11.1970 	EXP 	pilot_lewa_etykieta: text = 'radość'
11.1970 	EXP 	pilot_prawa_etykieta: height = np.float64(0.085)
11.1970 	EXP 	pilot_prawa_etykieta: height = np.float64(0.085)
11.1970 	EXP 	pilot_prawa_etykieta: height = np.float64(0.085)
11.1970 	EXP 	pilot_prawa_etykieta: text = 'smutek'
11.1970 	EXP 	pilot_fiksacja1: autoDraw = True
11.2720 	EXP 	Device response: <KeyPress from None: t=11.170464899973013, value=space, duration=0.09493459993973374>
11.9535 	EXP 	pilot_fiksacja1: autoDraw = False
12.1365 	EXP 	pilot_label_text: autoDraw = True
15.1451 	EXP 	pilot_label_text: autoDraw = False
15.3278 	EXP 	pilot_fiksacja2: autoDraw = True
16.0928 	EXP 	pilot_fiksacja2: autoDraw = False
16.2765 	EXP 	pilot_stim_image: autoDraw = True
17.5885 	EXP 	pilot_stim_image: autoDraw = False
17.6881 	EXP 	pilot_suwak: autoDraw = True
17.6881 	EXP 	pilot_pytanie: autoDraw = True
17.6881 	EXP 	pilot_lewa_etykieta: autoDraw = True
17.6881 	EXP 	pilot_prawa_etykieta: autoDraw = True
19.6504 	DATA 	Mouse: Left button down, pos=(1283,258)
19.6662 	EXP 	pilot_suwak: markerPos = np.float64(33.75)
19.6829 	EXP 	pilot_suwak: markerPos = np.float64(33.75)
19.6993 	EXP 	pilot_suwak: markerPos = np.float64(33.75)
19.7155 	EXP 	pilot_suwak: markerPos = np.float64(33.75)
19.7162 	DATA 	Mouse:  Left button up, pos=(1284,258)
19.7321 	EXP 	pilot_suwak: markerPos = np.float64(33.75)
19.7497 	INFO 	Keyboard events cleared
19.7496 	EXP 	pilot_label_text: autoDraw = False
19.7496 	EXP 	pilot_fiksacja1: autoDraw = False
19.7496 	EXP 	pilot_suwak: autoDraw = False
19.7496 	EXP 	pilot_fiksacja2: autoDraw = False
19.7496 	EXP 	pilot_pytanie: autoDraw = False
19.7496 	EXP 	pilot_lewa_etykieta: autoDraw = False
19.7496 	EXP 	pilot_prawa_etykieta: autoDraw = False
19.7496 	EXP 	pilot_stim_image: autoDraw = False
19.7496 	EXP 	start_badania: autoDraw = True
20.9298 	EXP 	Device response: <KeyPress from None: t=20.923380099935457, value=space, duration=None>
20.9503 	EXP 	Imported conditions.xlsx as conditions, 32 conditions, 9 params
20.9508 	EXP 	New trial (rep=0, index=0): <Trial 0 (0 in rep 0) data={'image_path': 'photos/1K_SZ_5050.png', 'etykieta': 'Model sztucznej inteligencji wykrył w tej twarzy 72% strachu .', 'left_label': 'strach', 'right_label': 'złość', 'show_label': 4, 'proporcja_zdjecia': '50/50', 'typ_etykiety': 'Procentowa AI', 'warunek': 'n/d', 'kierunek': 'Sugestia Lewo strach', 'thisN': 0, 'thisTrialN': 0, 'thisRepN': 0}>
21.0727 	EXP 	Device response: <KeyPress from None: t=20.923380099935457, value=space, duration=0.09027490008156747>
21.0742 	DATA 	Keypress: space
21.0772 	EXP 	start_badania: autoDraw = False
21.0772 	EXP 	przerwa_text: autoDraw = False
21.0772 	EXP 	label_text: height = np.float64(0.05)
21.0772 	EXP 	label_text: height = np.float64(0.05)
21.0772 	EXP 	label_text: height = np.float64(0.05)
21.0772 	EXP 	label_text: text = 'Model sztucznej inteligencji wykrył w tej twarzy 72% strachu .'
21.0772 	EXP 	label_text: height = np.float64(0.05)
21.0772 	EXP 	label_text: height = np.float64(0.05)
21.0772 	EXP 	label_text: height = np.float64(0.05)
21.0772 	EXP 	label_text: text = 'Model sztucznej inteligencji wykrył w tej twarzy 72% strachu .'
21.0772 	EXP 	stim_image: image = 'photos/1K_SZ_5050.png'
21.0772 	EXP 	suwak_badanie: markerPos = None
21.0772 	EXP 	suwak_badanie: markerPos = 0
21.0772 	EXP 	lewa_etykieta: height = np.float64(0.085)
21.0772 	EXP 	lewa_etykieta: height = np.float64(0.085)
21.0772 	EXP 	lewa_etykieta: height = np.float64(0.085)
21.0772 	EXP 	lewa_etykieta: text = 'strach'
21.0772 	EXP 	prawa_etykieta: height = np.float64(0.085)
21.0772 	EXP 	prawa_etykieta: height = np.float64(0.085)
21.0772 	EXP 	prawa_etykieta: height = np.float64(0.085)
21.0772 	EXP 	prawa_etykieta: text = 'złość'
21.0772 	EXP 	label_text: autoDraw = True
25.0841 	EXP 	label_text: autoDraw = False
25.1511 	EXP 	fiksacja2: autoDraw = True
25.9158 	EXP 	fiksacja2: autoDraw = False
26.1160 	EXP 	stim_image: autoDraw = True
27.4281 	EXP 	stim_image: autoDraw = False
27.6110 	EXP 	suwak_badanie: autoDraw = True
27.6110 	EXP 	lewa_etykieta: autoDraw = True
27.6110 	EXP 	prawa_etykieta: autoDraw = True
27.6110 	EXP 	pytanie: autoDraw = True
29.1283 	DATA 	Mouse: Left button down, pos=(1348,272)
29.1568 	EXP 	suwak_badanie: markerPos = np.float64(40.41666666666667)
29.1739 	EXP 	suwak_badanie: markerPos = np.float64(40.41666666666667)
29.1746 	DATA 	Mouse:  Left button up, pos=(1348,272)
29.1899 	EXP 	suwak_badanie: markerPos = np.float64(40.41666666666667)
29.2067 	EXP 	label_text: autoDraw = False
29.2067 	EXP 	stim_image: autoDraw = False
29.2067 	EXP 	suwak_badanie: autoDraw = False
29.2067 	EXP 	lewa_etykieta: autoDraw = False
29.2067 	EXP 	prawa_etykieta: autoDraw = False
29.2067 	EXP 	fiksacja2: autoDraw = False
29.2067 	EXP 	pytanie: autoDraw = False
29.2067 	EXP 	text: autoDraw = True
31.2017 	EXP 	New trial (rep=0, index=1): <Trial 1 (1 in rep 0) data={'image_path': 'photos/1K_OZ_8020.png', 'etykieta': 'Poprzedni badani wykryli w tej twarzy oczekiwanie.', 'left_label': 'zaskoczenie', 'right_label': 'oczekiwanie', 'show_label': 4, 'proporcja_zdjecia': '80/20 oczekiwanie', 'typ_etykiety': 'Kategorialna Ludzie', 'warunek': 'Zgodny', 'kierunek': 'Dominacja Prawo oczekiwanie', 'thisN': 1, 'thisTrialN': 1, 'thisRepN': 0}>
31.2596 	EXP 	text: autoDraw = False
31.2596 	EXP 	przerwa_text: autoDraw = False
31.2596 	EXP 	label_text: height = np.float64(0.05)
31.2596 	EXP 	label_text: height = np.float64(0.05)
31.2596 	EXP 	label_text: height = np.float64(0.05)
31.2596 	EXP 	label_text: text = 'Poprzedni badani wykryli w tej twarzy oczekiwanie.'
31.2596 	EXP 	label_text: height = np.float64(0.05)
31.2596 	EXP 	label_text: height = np.float64(0.05)
31.2596 	EXP 	label_text: height = np.float64(0.05)
31.2596 	EXP 	label_text: text = 'Poprzedni badani wykryli w tej twarzy oczekiwanie.'
31.2596 	EXP 	stim_image: image = 'photos/1K_OZ_8020.png'
31.2596 	EXP 	suwak_badanie: markerPos = None
31.2596 	EXP 	suwak_badanie: markerPos = 0
31.2596 	EXP 	lewa_etykieta: height = np.float64(0.085)
31.2596 	EXP 	lewa_etykieta: height = np.float64(0.085)
31.2596 	EXP 	lewa_etykieta: height = np.float64(0.085)
31.2596 	EXP 	lewa_etykieta: text = 'zaskoczenie'
31.2596 	EXP 	prawa_etykieta: height = np.float64(0.085)
31.2596 	EXP 	prawa_etykieta: height = np.float64(0.085)
31.2596 	EXP 	prawa_etykieta: height = np.float64(0.085)
31.2596 	EXP 	prawa_etykieta: text = 'oczekiwanie'
31.2596 	EXP 	label_text: autoDraw = True
35.2733 	EXP 	label_text: autoDraw = False
35.4061 	EXP 	fiksacja2: autoDraw = True
36.1712 	EXP 	fiksacja2: autoDraw = False
36.3544 	EXP 	stim_image: autoDraw = True
37.6666 	EXP 	stim_image: autoDraw = False
37.8660 	EXP 	suwak_badanie: autoDraw = True
37.8660 	EXP 	lewa_etykieta: autoDraw = True
37.8660 	EXP 	prawa_etykieta: autoDraw = True
37.8660 	EXP 	pytanie: autoDraw = True
38.5811 	EXP 	Device response: <KeyPress from None: t=38.57256589992903, value=escape, duration=None>
38.5814 	DATA 	Keypress: escape
38.7307 	EXP 	Device response: <KeyPress from None: t=38.57256589992903, value=escape, duration=0.14565550000406802>
38.7308 	EXP 	untitled_FINAL_NEWEST: status = STOPPED
38.7475 	EXP 	suwak_badanie: autoDraw = False
38.7475 	EXP 	lewa_etykieta: autoDraw = False
38.7475 	EXP 	prawa_etykieta: autoDraw = False
38.7475 	EXP 	pytanie: autoDraw = False
38.7477 	EXP 	untitled_FINAL_NEWEST: status = STOPPED
38.7529 	INFO 	saved data to 'C:\\Users\\julia\\OneDrive\\Pulpit\\percepcja_psychopy\\data\\853365_untitled_FINAL_NEWEST_2026-04-27_17h57.11.596.csv'
38.7544 	INFO 	saved data to C:\Users\julia\OneDrive\Pulpit\percepcja_psychopy\data\853365_untitled_FINAL_NEWEST_2026-04-27_17h57.11.596.psydat
40.1599 	WARNING 	Stopping key buffers but this could be dangerous ifother keyboards rely on the same.
