7.7275 	INFO 	Loaded monitor calibration from ['2026_03_18 20:30']
7.7522 	WARNING 	User requested fullscreen with size [1090  800], but screen is actually [1920, 1080]. Using actual size
8.5874 	INFO 	Using renderer 'Intel(R) UHD Graphics' for graphics
8.5875 	INFO 	OpenGL version supported by driver is 4..
9.6173 	EXP 	Created window1 = Window(allowGUI=False, allowStencil=True, autoLog=True, backendConf=UNKNOWN, backgroundFit=<method-wrapper '__getattribute__' of attributeSetter object at 0x0000029E3E1E8AF0>, backgroundImage=<method-wrapper '__getattribute__' of attributeSetter object at 0x0000029E3F70C6D0>, bitsMode=UNKNOWN, blendMode='avg', bpc=(8, 8, 8), color=array([0.6549, 0.6549, 0.6549]), colorSpace='rgb', depthBits=8, fullscr=True, gamma=None, gammaErrorPolicy='raise', infoMsg=UNKNOWN, lms=UNKNOWN, monitor=<psychopy.monitors.calibTools.Monitor object at 0x0000029E3F6BFCA0>, multiSample=False, name='window1', numSamples=2, pos=[np.float64(0.0), np.float64(0.0)], screen=0, size=array([1920, 1080]), stencilBits=8, stereo=False, title='PsychoPy', units='height', useFBO=True, useRetina=False, viewOri=0.0, viewPos=None, viewScale=None, waitBlanking=True, winType='pyglet')
9.6173 	EXP 	window1: backgroundImage = ''
9.6173 	EXP 	window1: backgroundFit = 'none'
9.7719 	INFO 	keyboard.Keyboard is using ptb backend.
9.7720 	EXP 	untitled_FINAL_NEWEST: status = STARTED
9.9565 	EXP 	Created text_instr = TextStim(__class__=<class 'psychopy.visual.text.TextStim'>, alignHoriz=method-wrapper(...), alignText='center', alignVert=method-wrapper(...), anchorHoriz='center', anchorVert='center', antialias=True, autoDraw=False, autoLog=True, bold=False, color=array([-1., -1., -1.]), colorSpace='rgb', contrast=1.0, depth=-2.0, draggable=False, flipHoriz=False, flipVert=False, font='Arial', fontFiles=[], height=np.float64(0.03), italic=False, languageStyle='LTR', name='text_instr', opacity=1, ori=0.0, pos=array([0., 0.]), rgb=UNKNOWN, text=str(...), units='height', win=Window(...), wrapWidth=1.5)
9.9825 	EXP 	Created suwak_info = TextStim(__class__=<class 'psychopy.visual.text.TextStim'>, alignHoriz=method-wrapper(...), alignText='center', alignVert=method-wrapper(...), anchorHoriz='center', anchorVert='center', antialias=True, autoDraw=False, autoLog=True, bold=False, color=array([-1., -1., -1.]), colorSpace='rgb', contrast=1.0, depth=-1.0, draggable=False, flipHoriz=False, flipVert=False, font='Arial', fontFiles=[], height=np.float64(0.03), italic=False, languageStyle='LTR', name='suwak_info', opacity=1, ori=0.0, pos=array([0., 0.]), rgb=UNKNOWN, text=str(...), units='height', win=Window(...), wrapWidth=1.3)
10.0145 	EXP 	Created proba_testowa = TextStim(__class__=<class 'psychopy.visual.text.TextStim'>, alignHoriz=method-wrapper(...), alignText='center', alignVert=method-wrapper(...), anchorHoriz='center', anchorVert='center', antialias=True, autoDraw=False, autoLog=True, bold=False, color=array([-1., -1., -1.]), colorSpace='rgb', contrast=1.0, depth=-2.0, draggable=False, flipHoriz=False, flipVert=False, font='Arial', fontFiles=[], height=np.float64(0.04), italic=False, languageStyle='LTR', name='proba_testowa', opacity=1, ori=0.0, pos=array([0., 0.]), rgb=UNKNOWN, text=str(...), units='height', win=Window(...), wrapWidth=1.4)
10.0163 	EXP 	Created pilot_label_text = TextStim(__class__=<class 'psychopy.visual.text.TextStim'>, alignHoriz=method-wrapper(...), alignText='center', alignVert=method-wrapper(...), anchorHoriz='center', anchorVert='center', antialias=True, autoDraw=False, autoLog=True, bold=False, color=array([-1., -1., -1.]), colorSpace='rgb', contrast=1.0, depth=-1.0, draggable=False, flipHoriz=False, flipVert=False, font='Arial', fontFiles=[], height=0.05, italic=False, languageStyle='LTR', name='pilot_label_text', opacity=1, ori=0.0, pos=array([0., 0.]), rgb=UNKNOWN, text='', units='norm', win=Window(...), wrapWidth=1.3)
10.0244 	EXP 	Created pilot_fiksacja1 = TextStim(__class__=<class 'psychopy.visual.text.TextStim'>, alignHoriz=method-wrapper(...), alignText='center', alignVert=method-wrapper(...), anchorHoriz='center', anchorVert='center', antialias=True, autoDraw=False, autoLog=True, bold=False, color=array([-1., -1., -1.]), colorSpace='rgb', contrast=1.0, depth=-2.0, draggable=False, flipHoriz=False, flipVert=False, font='Arial', fontFiles=[], height=np.float64(0.12), italic=False, languageStyle='LTR', name='pilot_fiksacja1', opacity=1, ori=0.0, pos=array([0., 0.]), rgb=UNKNOWN, text='+', units='height', win=Window(...), wrapWidth=1)
10.0659 	EXP 	Created pilot_suwak = Slider(__class__=<class 'psychopy.visual.slider.Slider'>, autoDraw=False, autoLog=True, borderColor=None, color=None, colorSpace='rgb', depth=-3, fillColor=None, flip=False, font='Noto Sans', granularity=0.0, labelColor=None, labelHeight=np.float64(0.05), labelWrapWidth=None, labels=None, lineColor=None, markerColor=None, name='pilot_suwak', opacity=None, ori=0.0, pos=array([ 0. , -0.5]), readOnly=False, self=UNKNOWN, size=array([1. , 0.1]), startValue=0, style='slider', styleTweaks=[], ticks=array([-50, -25,   0,  25,  50]), units='norm', win=Window(...))
10.0708 	EXP 	Created pilot_fiksacja2 = TextStim(__class__=<class 'psychopy.visual.text.TextStim'>, alignHoriz=method-wrapper(...), alignText='center', alignVert=method-wrapper(...), anchorHoriz='center', anchorVert='center', antialias=True, autoDraw=False, autoLog=True, bold=False, color=array([-1., -1., -1.]), colorSpace='rgb', contrast=1.0, depth=-4.0, draggable=False, flipHoriz=False, flipVert=False, font='Arial', fontFiles=[], height=np.float64(0.1), italic=False, languageStyle='LTR', name='pilot_fiksacja2', opacity=1, ori=0.0, pos=array([0., 0.]), rgb=UNKNOWN, text='+', units='height', win=Window(...), wrapWidth=1)
10.1006 	EXP 	Created pilot_pytanie = TextStim(__class__=<class 'psychopy.visual.text.TextStim'>, alignHoriz=method-wrapper(...), alignText='center', alignVert=method-wrapper(...), anchorHoriz='center', anchorVert='center', antialias=True, autoDraw=False, autoLog=True, bold=False, color=array([-1., -1., -1.]), colorSpace='rgb', contrast=1.0, depth=-5.0, draggable=False, flipHoriz=False, flipVert=False, font='Arial', fontFiles=[], height=np.float64(0.1), italic=False, languageStyle='LTR', name='pilot_pytanie', opacity=1, ori=0.0, pos=array([0., 0.]), rgb=UNKNOWN, text='Jaką emocję wyrażała ta twarz?', units='height', win=Window(...), wrapWidth=1)
10.1016 	EXP 	Created pilot_lewa_etykieta = TextStim(__class__=<class 'psychopy.visual.text.TextStim'>, alignHoriz=method-wrapper(...), alignText='center', alignVert=method-wrapper(...), anchorHoriz='center', anchorVert='center', antialias=True, autoDraw=False, autoLog=True, bold=False, color=array([-1., -1., -1.]), colorSpace='rgb', contrast=1.0, depth=-6.0, draggable=False, flipHoriz=False, flipVert=False, font='Arial', fontFiles=[], height=0.085, italic=False, languageStyle='LTR', name='pilot_lewa_etykieta', opacity=1, ori=0.0, pos=array([-0.6, -0.5]), rgb=UNKNOWN, text='', units='norm', win=Window(...), wrapWidth=1)
10.1021 	EXP 	Created pilot_prawa_etykieta = TextStim(__class__=<class 'psychopy.visual.text.TextStim'>, alignHoriz=method-wrapper(...), alignText='center', alignVert=method-wrapper(...), anchorHoriz='center', anchorVert='center', antialias=True, autoDraw=False, autoLog=True, bold=False, color=array([-1., -1., -1.]), colorSpace='rgb', contrast=1.0, depth=-7.0, draggable=False, flipHoriz=False, flipVert=False, font='Arial', fontFiles=[], height=0.085, italic=False, languageStyle='LTR', name='pilot_prawa_etykieta', opacity=1, ori=0.0, pos=array([ 0.6, -0.5]), rgb=UNKNOWN, text='', units='norm', win=Window(...), wrapWidth=1)
10.1646 	EXP 	Created pilot_stim_image = ImageStim(__class__=<class 'psychopy.visual.image.ImageStim'>, anchor=('center', 'center'), autoLog=True, color=array([1., 1., 1.]), colorSpace='rgb', contrast=1.0, depth=-8.0, draggable=False, flipHoriz=np.False_, flipVert=np.False_, image='photos/twarz_testowa.jpg', interpolate=True, mask=None, maskParams=None, name='pilot_stim_image', opacity=1, ori=0.0, pos=array([0., 0.]), size=array([0.8, 0.8]), texRes=128.0, units='height', win=Window(...))
10.2075 	EXP 	Created start_badania = TextStim(__class__=<class 'psychopy.visual.text.TextStim'>, alignHoriz=method-wrapper(...), alignText='center', alignVert=method-wrapper(...), anchorHoriz='center', anchorVert='center', antialias=True, autoDraw=False, autoLog=True, bold=False, color=array([-1., -1., -1.]), colorSpace='rgb', contrast=1.0, depth=-2.0, draggable=False, flipHoriz=False, flipVert=False, font='Arial', fontFiles=[], height=np.float64(0.1), italic=False, languageStyle='LTR', name='start_badania', opacity=1, ori=0.0, pos=array([0., 0.]), rgb=UNKNOWN, text=str(...), units='norm', win=Window(...), wrapWidth=1.4)
10.2129 	EXP 	Created przerwa_text = TextStim(__class__=<class 'psychopy.visual.text.TextStim'>, alignHoriz=method-wrapper(...), alignText='center', alignVert=method-wrapper(...), anchorHoriz='center', anchorVert='center', antialias=True, autoDraw=False, autoLog=True, bold=False, color=array([-1., -1., -1.]), colorSpace='rgb', contrast=1.0, depth=0.0, draggable=False, flipHoriz=False, flipVert=False, font='Arial', fontFiles=[], height=np.float64(0.1), italic=False, languageStyle='LTR', name='przerwa_text', opacity=1, ori=0.0, pos=array([0., 0.]), rgb=UNKNOWN, text=str(...), units='norm', win=Window(...), wrapWidth=1)
10.2134 	EXP 	Created label_text = TextStim(__class__=<class 'psychopy.visual.text.TextStim'>, alignHoriz=method-wrapper(...), alignText='center', alignVert=method-wrapper(...), anchorHoriz='center', anchorVert='center', antialias=True, autoDraw=False, autoLog=True, bold=False, color=array([-1., -1., -1.]), colorSpace='rgb', contrast=1.0, depth=-2.0, draggable=False, flipHoriz=False, flipVert=False, font='Arial', fontFiles=[], height=0.05, italic=False, languageStyle='LTR', name='label_text', opacity=1, ori=0.0, pos=array([0., 0.]), rgb=UNKNOWN, text='', units='height', win=Window(...), wrapWidth=1.3)
10.2204 	EXP 	Created stim_image = ImageStim(__class__=<class 'psychopy.visual.image.ImageStim'>, anchor=('center', 'center'), autoLog=True, color=array([1., 1., 1.]), colorSpace='rgb', contrast=1.0, depth=-3.0, draggable=False, flipHoriz=np.False_, flipVert=np.False_, image='default.png', interpolate=True, mask=None, maskParams=None, name='stim_image', opacity=1, ori=0.0, pos=array([0., 0.]), size=array([0.8, 0.8]), texRes=128.0, units='height', win=Window(...))
10.2290 	EXP 	Created suwak_badanie = Slider(__class__=<class 'psychopy.visual.slider.Slider'>, autoDraw=False, autoLog=True, borderColor=None, color=None, colorSpace='rgb', depth=-4, fillColor=None, flip=False, font='Noto Sans', granularity=0.0, labelColor=None, labelHeight=np.float64(0.05), labelWrapWidth=None, labels=None, lineColor=None, markerColor=None, name='suwak_badanie', opacity=None, ori=0.0, pos=array([ 0. , -0.5]), readOnly=False, self=UNKNOWN, size=array([1. , 0.1]), startValue=0, style='slider', styleTweaks=[], ticks=array([-50, -25,   0,  25,  50]), units='norm', win=Window(...))
10.2296 	EXP 	Created lewa_etykieta = TextStim(__class__=<class 'psychopy.visual.text.TextStim'>, alignHoriz=method-wrapper(...), alignText='center', alignVert=method-wrapper(...), anchorHoriz='center', anchorVert='center', antialias=True, autoDraw=False, autoLog=True, bold=False, color=array([-1., -1., -1.]), colorSpace='rgb', contrast=1.0, depth=-5.0, draggable=False, flipHoriz=False, flipVert=False, font='Arial', fontFiles=[], height=0.085, italic=False, languageStyle='LTR', name='lewa_etykieta', opacity=1, ori=0.0, pos=array([-0.65, -0.5 ]), rgb=UNKNOWN, text='', units='norm', win=Window(...), wrapWidth=1)
10.2302 	EXP 	Created prawa_etykieta = TextStim(__class__=<class 'psychopy.visual.text.TextStim'>, alignHoriz=method-wrapper(...), alignText='center', alignVert=method-wrapper(...), anchorHoriz='center', anchorVert='center', antialias=True, autoDraw=False, autoLog=True, bold=False, color=array([-1., -1., -1.]), colorSpace='rgb', contrast=1.0, depth=-6.0, draggable=False, flipHoriz=False, flipVert=False, font='Arial', fontFiles=[], height=0.085, italic=False, languageStyle='LTR', name='prawa_etykieta', opacity=1, ori=0.0, pos=array([ 0.65, -0.5 ]), rgb=UNKNOWN, text='', units='norm', win=Window(...), wrapWidth=1)
10.2355 	EXP 	Created fiksacja2 = TextStim(__class__=<class 'psychopy.visual.text.TextStim'>, alignHoriz=method-wrapper(...), alignText='center', alignVert=method-wrapper(...), anchorHoriz='center', anchorVert='center', antialias=True, autoDraw=False, autoLog=True, bold=False, color=array([-1., -1., -1.]), colorSpace='rgb', contrast=1.0, depth=-7.0, draggable=False, flipHoriz=False, flipVert=False, font='Arial', fontFiles=[], height=np.float64(0.12), italic=False, languageStyle='LTR', name='fiksacja2', opacity=1, ori=0.0, pos=array([0., 0.]), rgb=UNKNOWN, text='+', units='height', win=Window(...), wrapWidth=1)
10.2408 	EXP 	Created pytanie = TextStim(__class__=<class 'psychopy.visual.text.TextStim'>, alignHoriz=method-wrapper(...), alignText='center', alignVert=method-wrapper(...), anchorHoriz='center', anchorVert='center', antialias=True, autoDraw=False, autoLog=True, bold=False, color=array([-1., -1., -1.]), colorSpace='rgb', contrast=1.0, depth=-8.0, draggable=False, flipHoriz=False, flipVert=False, font='Arial', fontFiles=[], height=np.float64(0.1), italic=False, languageStyle='LTR', name='pytanie', opacity=1, ori=0.0, pos=array([0., 0.]), rgb=UNKNOWN, text='Jaką emocję wyrażała ta twarz?', units='norm', win=Window(...), wrapWidth=1)
10.2418 	EXP 	Created text = TextStim(__class__=<class 'psychopy.visual.text.TextStim'>, alignHoriz=method-wrapper(...), alignText='center', alignVert=method-wrapper(...), anchorHoriz='center', anchorVert='center', antialias=True, autoDraw=False, autoLog=True, bold=False, color=array([1., 1., 1.]), colorSpace='rgb', contrast=1.0, depth=-1.0, draggable=False, flipHoriz=False, flipVert=False, font='Arial', fontFiles=[], height=np.float64(0.05), italic=False, languageStyle='LTR', name='text', opacity=1, ori=0.0, pos=array([0., 0.]), rgb=UNKNOWN, text='', units='height', win=Window(...), wrapWidth=1)
10.2581 	EXP 	Created podziekowania_text = TextStim(__class__=<class 'psychopy.visual.text.TextStim'>, alignHoriz=method-wrapper(...), alignText='center', alignVert=method-wrapper(...), anchorHoriz='center', anchorVert='center', antialias=True, autoDraw=False, autoLog=True, bold=False, color=array([1., 1., 1.]), colorSpace='rgb', contrast=1.0, depth=0.0, draggable=False, flipHoriz=False, flipVert=False, font='Arial', fontFiles=[], height=np.float64(0.05), italic=False, languageStyle='LTR', name='podziekowania_text', opacity=1, ori=0.0, pos=array([0., 0.]), rgb=UNKNOWN, text=str(...), units='height', win=Window(...), wrapWidth=1)
0.0230 	EXP 	pilot_suwak: autoLog = True
0.0230 	EXP 	pilot_suwak: styleTweaks = []
0.0230 	EXP 	pilot_suwak: styleTweaks = []
0.0230 	EXP 	pilot_suwak: styleTweaks = []
0.0230 	EXP 	pilot_suwak: styleTweaks = []
0.0230 	EXP 	pilot_suwak: contrast = 1.0
0.0230 	EXP 	pilot_suwak: markerPos = 0
0.0230 	EXP 	pilot_suwak: autoLog = True
0.0230 	EXP 	suwak_badanie: autoLog = True
0.0230 	EXP 	suwak_badanie: styleTweaks = []
0.0230 	EXP 	suwak_badanie: styleTweaks = []
0.0230 	EXP 	suwak_badanie: styleTweaks = []
0.0230 	EXP 	suwak_badanie: styleTweaks = []
0.0230 	EXP 	suwak_badanie: contrast = 1.0
0.0230 	EXP 	suwak_badanie: markerPos = 0
0.0230 	EXP 	suwak_badanie: autoLog = True
0.0338 	INFO 	Keyboard events cleared
0.0337 	EXP 	text_instr: autoDraw = True
1.1726 	EXP 	Device response: <KeyPress from None: t=1.1515518999658525, value=space, duration=None>
1.1761 	DATA 	Keypress: space
1.1795 	INFO 	Keyboard events cleared
1.1794 	EXP 	text_instr: autoDraw = False
1.1794 	EXP 	suwak_info: autoDraw = True
1.2273 	EXP 	Device response: <KeyPress from None: t=1.1515518999658525, value=space, duration=0.06522500002756715>
1.3102 	EXP 	Device response: <KeyPress from None: t=1.3073207999113947, value=space, duration=None>
1.3140 	DATA 	Keypress: space
1.3267 	INFO 	Keyboard events cleared
1.3266 	EXP 	suwak_info: autoDraw = False
1.3266 	EXP 	proba_testowa: autoDraw = True
1.3770 	EXP 	Device response: <KeyPress from None: t=1.3073207999113947, value=space, duration=0.05977090005762875>
1.4463 	DATA 	Keypress: space
1.4601 	EXP 	Device response: <KeyPress from None: t=1.4421288999728858, value=space, duration=None>
1.4985 	EXP 	proba_testowa: autoDraw = False
1.4985 	EXP 	pilot_label_text: height = np.float64(0.05)
1.4985 	EXP 	pilot_label_text: height = np.float64(0.05)
1.4985 	EXP 	pilot_label_text: height = np.float64(0.05)
1.4985 	EXP 	pilot_label_text: height = np.float64(0.05)
1.4985 	EXP 	pilot_label_text: height = np.float64(0.05)
1.4985 	EXP 	pilot_label_text: height = np.float64(0.05)
1.4985 	EXP 	pilot_label_text: text = 'Model AI wykrył w tej twarzy 80% smutku.\n\n'
1.4985 	EXP 	pilot_suwak: markerPos = None
1.4985 	EXP 	pilot_suwak: markerPos = 0
1.4985 	EXP 	pilot_lewa_etykieta: height = np.float64(0.085)
1.4985 	EXP 	pilot_lewa_etykieta: height = np.float64(0.085)
1.4985 	EXP 	pilot_lewa_etykieta: height = np.float64(0.085)
1.4985 	EXP 	pilot_lewa_etykieta: text = 'radość'
1.4985 	EXP 	pilot_prawa_etykieta: height = np.float64(0.085)
1.4985 	EXP 	pilot_prawa_etykieta: height = np.float64(0.085)
1.4985 	EXP 	pilot_prawa_etykieta: height = np.float64(0.085)
1.4985 	EXP 	pilot_prawa_etykieta: text = 'smutek'
1.4985 	EXP 	pilot_fiksacja1: autoDraw = True
1.5088 	EXP 	Device response: <KeyPress from None: t=1.4421288999728858, value=space, duration=0.05983419995754957>
2.0077 	EXP 	pilot_fiksacja1: autoDraw = False
2.1738 	EXP 	pilot_label_text: autoDraw = True
5.1825 	EXP 	pilot_label_text: autoDraw = False
5.3651 	EXP 	pilot_fiksacja2: autoDraw = True
5.8803 	EXP 	pilot_fiksacja2: autoDraw = False
6.0644 	EXP 	pilot_stim_image: autoDraw = True
7.3608 	EXP 	pilot_suwak: autoDraw = True
7.3608 	EXP 	pilot_pytanie: autoDraw = True
7.3608 	EXP 	pilot_lewa_etykieta: autoDraw = True
7.3608 	EXP 	pilot_prawa_etykieta: autoDraw = True
7.3766 	EXP 	pilot_stim_image: autoDraw = False
13.6609 	DATA 	Mouse: Left button down, pos=(1320,275)
13.6759 	EXP 	pilot_suwak: markerPos = np.float64(37.5)
13.6927 	EXP 	pilot_suwak: markerPos = np.float64(37.5)
13.7090 	EXP 	pilot_suwak: markerPos = np.float64(37.5)
13.7254 	EXP 	pilot_suwak: markerPos = np.float64(37.5)
13.7425 	EXP 	pilot_suwak: markerPos = np.float64(37.5)
13.7594 	EXP 	pilot_suwak: markerPos = np.float64(37.5)
13.7757 	EXP 	pilot_suwak: markerPos = np.float64(37.5)
13.7922 	EXP 	pilot_suwak: markerPos = np.float64(37.5)
13.7933 	DATA 	Mouse:  Left button up, pos=(1320,275)
13.8092 	EXP 	pilot_suwak: markerPos = np.float64(37.5)
13.8259 	INFO 	Keyboard events cleared
13.8258 	EXP 	pilot_label_text: autoDraw = False
13.8258 	EXP 	pilot_fiksacja1: autoDraw = False
13.8258 	EXP 	pilot_suwak: autoDraw = False
13.8258 	EXP 	pilot_fiksacja2: autoDraw = False
13.8258 	EXP 	pilot_pytanie: autoDraw = False
13.8258 	EXP 	pilot_lewa_etykieta: autoDraw = False
13.8258 	EXP 	pilot_prawa_etykieta: autoDraw = False
13.8258 	EXP 	pilot_stim_image: autoDraw = False
13.8258 	EXP 	start_badania: autoDraw = True
15.2058 	EXP 	Device response: <KeyPress from None: t=15.19543129997328, value=space, duration=None>
15.2262 	EXP 	Imported conditions.xlsx as conditions, 32 conditions, 9 params
15.2271 	EXP 	New trial (rep=0, index=0): <Trial 0 (0 in rep 0) data={'image_path': 'photos/1K_SZ_5050.png', 'etykieta': 'Model sztucznej inteligencji wykrył w tej twarzy 72% strachu .', 'left_label': 'strach', 'right_label': 'złość', 'show_label': 4, 'proporcja_zdjecia': '50/50', 'typ_etykiety': 'Procentowa AI', 'warunek': 'n/d', 'kierunek': 'Sugestia Lewo strach', 'thisN': 0, 'thisTrialN': 0, 'thisRepN': 0}>
15.2974 	EXP 	Device response: <KeyPress from None: t=15.19543129997328, value=space, duration=0.03436849999707192>
15.2984 	DATA 	Keypress: space
15.3017 	EXP 	start_badania: autoDraw = False
15.3017 	EXP 	przerwa_text: autoDraw = False
15.3017 	EXP 	label_text: height = np.float64(0.05)
15.3017 	EXP 	label_text: height = np.float64(0.05)
15.3017 	EXP 	label_text: height = np.float64(0.05)
15.3017 	EXP 	label_text: text = 'Model sztucznej inteligencji wykrył w tej twarzy 72% strachu .'
15.3017 	EXP 	label_text: height = np.float64(0.05)
15.3017 	EXP 	label_text: height = np.float64(0.05)
15.3017 	EXP 	label_text: height = np.float64(0.05)
15.3017 	EXP 	label_text: text = 'Model sztucznej inteligencji wykrył w tej twarzy 72% strachu .'
15.3017 	EXP 	stim_image: image = 'photos/1K_SZ_5050.png'
15.3017 	EXP 	suwak_badanie: markerPos = None
15.3017 	EXP 	suwak_badanie: markerPos = 0
15.3017 	EXP 	lewa_etykieta: height = np.float64(0.085)
15.3017 	EXP 	lewa_etykieta: height = np.float64(0.085)
15.3017 	EXP 	lewa_etykieta: height = np.float64(0.085)
15.3017 	EXP 	lewa_etykieta: text = 'strach'
15.3017 	EXP 	prawa_etykieta: height = np.float64(0.085)
15.3017 	EXP 	prawa_etykieta: height = np.float64(0.085)
15.3017 	EXP 	prawa_etykieta: height = np.float64(0.085)
15.3017 	EXP 	prawa_etykieta: text = 'złość'
15.3017 	EXP 	label_text: autoDraw = True
19.3105 	EXP 	label_text: autoDraw = False
19.4266 	EXP 	fiksacja2: autoDraw = True
19.6759 	EXP 	fiksacja2: autoDraw = False
19.8934 	EXP 	stim_image: autoDraw = True
21.1888 	EXP 	suwak_badanie: autoDraw = True
21.1888 	EXP 	lewa_etykieta: autoDraw = True
21.1888 	EXP 	prawa_etykieta: autoDraw = True
21.1888 	EXP 	pytanie: autoDraw = True
21.2053 	EXP 	stim_image: autoDraw = False
35.0196 	DATA 	Mouse: Left button down, pos=(1327,271)
35.0341 	EXP 	suwak_badanie: markerPos = np.float64(38.22916666666667)
35.0509 	EXP 	suwak_badanie: markerPos = np.float64(38.22916666666667)
35.0676 	EXP 	suwak_badanie: markerPos = np.float64(38.22916666666667)
35.0840 	EXP 	suwak_badanie: markerPos = np.float64(38.22916666666667)
35.1004 	EXP 	suwak_badanie: markerPos = np.float64(38.22916666666667)
35.1009 	DATA 	Mouse:  Left button up, pos=(1327,271)
35.1174 	EXP 	suwak_badanie: markerPos = np.float64(38.22916666666667)
35.1339 	EXP 	label_text: autoDraw = False
35.1339 	EXP 	stim_image: autoDraw = False
35.1339 	EXP 	suwak_badanie: autoDraw = False
35.1339 	EXP 	lewa_etykieta: autoDraw = False
35.1339 	EXP 	prawa_etykieta: autoDraw = False
35.1339 	EXP 	fiksacja2: autoDraw = False
35.1339 	EXP 	pytanie: autoDraw = False
35.1339 	EXP 	text: autoDraw = True
38.6259 	EXP 	New trial (rep=0, index=1): <Trial 1 (1 in rep 0) data={'image_path': 'photos/1K_OZ_8020.png', 'etykieta': 'Poprzedni badani wykryli w tej twarzy oczekiwanie.', 'left_label': 'zaskoczenie', 'right_label': 'oczekiwanie', 'show_label': 4, 'proporcja_zdjecia': '80/20 oczekiwanie', 'typ_etykiety': 'Kategorialna Ludzie', 'warunek': 'Zgodny', 'kierunek': 'Dominacja Prawo oczekiwanie', 'thisN': 1, 'thisTrialN': 1, 'thisRepN': 0}>
38.6948 	EXP 	text: autoDraw = False
38.6948 	EXP 	przerwa_text: autoDraw = False
38.6948 	EXP 	label_text: height = np.float64(0.05)
38.6948 	EXP 	label_text: height = np.float64(0.05)
38.6948 	EXP 	label_text: height = np.float64(0.05)
38.6948 	EXP 	label_text: text = 'Poprzedni badani wykryli w tej twarzy oczekiwanie.'
38.6948 	EXP 	label_text: height = np.float64(0.05)
38.6948 	EXP 	label_text: height = np.float64(0.05)
38.6948 	EXP 	label_text: height = np.float64(0.05)
38.6948 	EXP 	label_text: text = 'Poprzedni badani wykryli w tej twarzy oczekiwanie.'
38.6948 	EXP 	stim_image: image = 'photos/1K_OZ_8020.png'
38.6948 	EXP 	suwak_badanie: markerPos = None
38.6948 	EXP 	suwak_badanie: markerPos = 0
38.6948 	EXP 	lewa_etykieta: height = np.float64(0.085)
38.6948 	EXP 	lewa_etykieta: height = np.float64(0.085)
38.6948 	EXP 	lewa_etykieta: height = np.float64(0.085)
38.6948 	EXP 	lewa_etykieta: text = 'zaskoczenie'
38.6948 	EXP 	prawa_etykieta: height = np.float64(0.085)
38.6948 	EXP 	prawa_etykieta: height = np.float64(0.085)
38.6948 	EXP 	prawa_etykieta: height = np.float64(0.085)
38.6948 	EXP 	prawa_etykieta: text = 'oczekiwanie'
38.6948 	EXP 	label_text: autoDraw = True
42.6971 	EXP 	label_text: autoDraw = False
42.8298 	EXP 	fiksacja2: autoDraw = True
43.0789 	EXP 	fiksacja2: autoDraw = False
43.2796 	EXP 	stim_image: autoDraw = True
44.5751 	EXP 	suwak_badanie: autoDraw = True
44.5751 	EXP 	lewa_etykieta: autoDraw = True
44.5751 	EXP 	prawa_etykieta: autoDraw = True
44.5751 	EXP 	pytanie: autoDraw = True
44.5916 	EXP 	stim_image: autoDraw = False
54.0509 	DATA 	Mouse: Left button down, pos=(1375,267)
54.0654 	EXP 	suwak_badanie: markerPos = np.float64(43.22916666666667)
54.0822 	EXP 	suwak_badanie: markerPos = np.float64(43.22916666666667)
54.0985 	EXP 	suwak_badanie: markerPos = np.float64(43.22916666666667)
54.1155 	EXP 	suwak_badanie: markerPos = np.float64(43.22916666666667)
54.1319 	EXP 	suwak_badanie: markerPos = np.float64(43.22916666666667)
54.1487 	EXP 	suwak_badanie: markerPos = np.float64(43.22916666666667)
54.1498 	DATA 	Mouse:  Left button up, pos=(1375,267)
54.1652 	EXP 	suwak_badanie: markerPos = np.float64(43.22916666666667)
54.1818 	EXP 	label_text: autoDraw = False
54.1818 	EXP 	stim_image: autoDraw = False
54.1818 	EXP 	suwak_badanie: autoDraw = False
54.1818 	EXP 	lewa_etykieta: autoDraw = False
54.1818 	EXP 	prawa_etykieta: autoDraw = False
54.1818 	EXP 	fiksacja2: autoDraw = False
54.1818 	EXP 	pytanie: autoDraw = False
54.1818 	EXP 	text: autoDraw = True
55.0634 	EXP 	Device response: <KeyPress from None: t=55.05801519996021, value=escape, duration=None>
55.0645 	DATA 	Keypress: escape
55.2293 	EXP 	Device response: <KeyPress from None: t=55.05801519996021, value=escape, duration=0.16528830002062023>
55.2294 	EXP 	untitled_FINAL_NEWEST: status = STOPPED
55.2456 	EXP 	text: autoDraw = False
55.2458 	EXP 	untitled_FINAL_NEWEST: status = STOPPED
55.2578 	INFO 	saved data to 'C:\\Users\\julia\\OneDrive\\Pulpit\\percepcja_psychopy\\data\\860555_untitled_FINAL_NEWEST_2026-04-27_12h13.02.553.csv'
55.2608 	INFO 	saved data to C:\Users\julia\OneDrive\Pulpit\percepcja_psychopy\data\860555_untitled_FINAL_NEWEST_2026-04-27_12h13.02.553.psydat
56.3255 	WARNING 	Stopping key buffers but this could be dangerous ifother keyboards rely on the same.
