8.4514 	INFO 	Loaded monitor calibration from ['2026_03_18 20:30']
8.4693 	WARNING 	User requested fullscreen with size [1024  768], but screen is actually [1920, 1080]. Using actual size
9.0189 	INFO 	Using renderer 'Intel(R) UHD Graphics' for graphics
9.0189 	INFO 	OpenGL version supported by driver is 4..
9.8902 	EXP 	Created window1 = Window(allowGUI=False, allowStencil=False, autoLog=True, backendConf=UNKNOWN, backgroundFit=<method-wrapper '__getattribute__' of attributeSetter object at 0x000001D0CA6D99C0>, backgroundImage=<method-wrapper '__getattribute__' of attributeSetter object at 0x000001D0CA6D88B0>, bitsMode=UNKNOWN, blendMode='avg', bpc=(8, 8, 8), color=array([0, 0, 0]), colorSpace='rgb', depthBits=8, fullscr=True, gamma=None, gammaErrorPolicy='raise', infoMsg=UNKNOWN, lms=UNKNOWN, monitor=<psychopy.monitors.calibTools.Monitor object at 0x000001D0CAD247F0>, multiSample=False, name='window1', numSamples=2, pos=[np.float64(0.0), np.float64(0.0)], screen=0, size=array([1920, 1080]), stencilBits=0, stereo=False, title='PsychoPy', units='height', useFBO=True, useRetina=False, viewOri=0.0, viewPos=None, viewScale=None, waitBlanking=True, winType='pyglet')
9.8903 	EXP 	window1: backgroundImage = ''
9.8903 	EXP 	window1: backgroundFit = 'none'
10.3256 	EXP 	window1: Attempting to measure frame rate of screen (0) ...
10.3257 	EXP 	window1: recordFrameIntervals = False
10.4600 	EXP 	window1: recordFrameIntervals = True
12.1232 	EXP 	window1: recordFrameIntervals = False
12.1233 	EXP 	Screen (0) actual frame rate measured at 59.88Hz
12.2716 	INFO 	keyboard.Keyboard is using ptb backend.
12.2717 	EXP 	untitled: status = STARTED
12.3031 	EXP 	Created label_text = TextStim(__class__=<class 'psychopy.visual.text.TextStim'>, alignHoriz=method-wrapper(...), alignText='center', alignVert=method-wrapper(...), anchorHoriz='center', anchorVert='center', antialias=True, autoDraw=False, autoLog=True, bold=False, color=array([1., 1., 1.]), colorSpace='rgb', contrast=1.0, depth=-1.0, draggable=False, flipHoriz=False, flipVert=False, font='Arial', fontFiles=[], height=0.05, italic=False, languageStyle='LTR', name='label_text', opacity=1, ori=0.0, pos=array([0., 0.]), rgb=UNKNOWN, text='', units='height', win=Window(...), wrapWidth=1)
12.3420 	EXP 	Created stim_image = ImageStim(__class__=<class 'psychopy.visual.image.ImageStim'>, anchor=('center', 'center'), autoLog=True, color=array([1., 1., 1.]), colorSpace='rgb', contrast=1.0, depth=-2.0, draggable=False, flipHoriz=np.False_, flipVert=np.False_, image='default.png', interpolate=True, mask=None, maskParams=None, name='stim_image', opacity=1, ori=0.0, pos=array([0., 0.]), size=array([0.5, 0.5]), texRes=128.0, units='height', win=Window(...))
12.7208 	EXP 	Created emotion_rating = Slider(__class__=<class 'psychopy.visual.slider.Slider'>, autoDraw=False, autoLog=True, borderColor=None, color=None, colorSpace='rgb', depth=-3, fillColor=None, flip=False, font='Noto Sans', granularity=0.0, labelColor=None, labelHeight=np.float64(0.05), labelWrapWidth=None, labels=('smutek', 'radość'), lineColor=None, markerColor=None, name='emotion_rating', opacity=None, ori=0.0, pos=array([0., 0.]), readOnly=False, self=UNKNOWN, size=array([0.5, 0.1]), startValue=None, style='slider', styleTweaks=[], ticks=array([1, 2, 3, 4, 5]), units='norm', win=Window(...))
0.0081 	EXP 	emotion_rating: autoLog = True
0.0081 	EXP 	emotion_rating: styleTweaks = []
0.0081 	EXP 	emotion_rating: styleTweaks = []
0.0081 	EXP 	emotion_rating: styleTweaks = []
0.0081 	EXP 	emotion_rating: styleTweaks = []
0.0081 	EXP 	emotion_rating: contrast = 1.0
0.0081 	EXP 	emotion_rating: markerPos = None
0.0081 	EXP 	emotion_rating: autoLog = True
0.0167 	EXP 	Imported C:/Users/julia/OneDrive/Pulpit/percepcja_psychopy/conditions.xlsx as conditions, 12 conditions, 3 params
0.0170 	EXP 	New trial (rep=0, index=0): <Trial 0 (0 in rep 0) data={'image_path': 'C:\\Users\\julia\\OneDrive\\Pulpit\\percepcja_psychopy\\photos\\360_F_268212419_ZBJvlgVezhjziaP9aynnMGMLOvjUgNG5.jpg', 'label': 'Ten piesek jest smutny', 'show_label': 1, 'thisN': 0, 'thisTrialN': 0, 'thisRepN': 0}>
0.0881 	EXP 	label_text: height = np.float64(0.05)
0.0881 	EXP 	label_text: height = np.float64(0.05)
0.0881 	EXP 	label_text: height = np.float64(0.05)
0.0881 	EXP 	label_text: text = 'Ten piesek jest smutny'
0.0881 	EXP 	stim_image: image = 'C:\\Users\\julia\\OneDrive\\Pulpit\\percepcja_psychopy\\photos\\360_F_268212419_ZBJvlgVezhjziaP9aynnMGMLOvjUgNG5.jpg'
0.0881 	EXP 	emotion_rating: markerPos = None
0.0881 	EXP 	emotion_rating: markerPos = None
0.0881 	EXP 	label_text: autoDraw = True
1.0180 	EXP 	stim_image: autoDraw = True
1.0973 	EXP 	label_text: autoDraw = False
2.0114 	EXP 	emotion_rating: autoDraw = True
2.0273 	EXP 	stim_image: autoDraw = False
5.1030 	DATA 	Mouse: Left button down, pos=(974,559)
5.1190 	EXP 	emotion_rating: markerPos = np.float64(3.1166666666666667)
5.1354 	EXP 	emotion_rating: markerPos = np.float64(3.1166666666666667)
5.1524 	EXP 	emotion_rating: markerPos = np.float64(3.1166666666666667)
5.1686 	EXP 	emotion_rating: markerPos = np.float64(3.1166666666666667)
5.1856 	EXP 	emotion_rating: markerPos = np.float64(3.1166666666666667)
5.2025 	EXP 	emotion_rating: markerPos = np.float64(3.1083333333333334)
5.2193 	EXP 	emotion_rating: markerPos = np.float64(3.058333333333333)
5.2353 	EXP 	emotion_rating: markerPos = np.float64(2.958333333333333)
5.2521 	EXP 	emotion_rating: markerPos = np.float64(2.7416666666666667)
5.2689 	EXP 	emotion_rating: markerPos = np.float64(2.583333333333333)
5.2859 	EXP 	emotion_rating: markerPos = np.float64(2.4583333333333335)
5.3019 	EXP 	emotion_rating: markerPos = np.float64(2.3583333333333334)
5.3186 	EXP 	emotion_rating: markerPos = np.float64(2.3083333333333336)
5.3349 	EXP 	emotion_rating: markerPos = np.float64(2.275)
5.3517 	EXP 	emotion_rating: markerPos = np.float64(2.2583333333333333)
5.3686 	EXP 	emotion_rating: markerPos = np.float64(2.216666666666667)
5.3849 	EXP 	emotion_rating: markerPos = np.float64(2.1833333333333336)
5.4015 	EXP 	emotion_rating: markerPos = np.float64(2.1166666666666667)
5.4183 	EXP 	emotion_rating: markerPos = np.float64(2.0666666666666664)
5.4355 	EXP 	emotion_rating: markerPos = np.float64(2.0)
5.4516 	EXP 	emotion_rating: markerPos = np.float64(1.9916666666666667)
5.4681 	EXP 	emotion_rating: markerPos = np.float64(1.95)
5.4846 	EXP 	emotion_rating: markerPos = np.float64(1.925)
5.5015 	EXP 	emotion_rating: markerPos = np.float64(1.875)
5.5179 	EXP 	emotion_rating: markerPos = np.float64(1.8583333333333334)
5.5343 	EXP 	emotion_rating: markerPos = np.float64(1.85)
5.5510 	EXP 	emotion_rating: markerPos = np.float64(1.8416666666666666)
5.5679 	EXP 	emotion_rating: markerPos = np.float64(1.8166666666666667)
5.5848 	EXP 	emotion_rating: markerPos = np.float64(1.7916666666666665)
5.6011 	EXP 	emotion_rating: markerPos = np.float64(1.725)
5.6179 	EXP 	emotion_rating: markerPos = np.float64(1.6833333333333333)
5.6342 	EXP 	emotion_rating: markerPos = np.float64(1.625)
5.6511 	EXP 	emotion_rating: markerPos = np.float64(1.5916666666666666)
5.6677 	EXP 	emotion_rating: markerPos = np.float64(1.5666666666666667)
5.6844 	EXP 	emotion_rating: markerPos = np.float64(1.55)
5.7006 	EXP 	emotion_rating: markerPos = np.float64(1.55)
5.7173 	EXP 	emotion_rating: markerPos = np.float64(1.5416666666666667)
5.7341 	EXP 	emotion_rating: markerPos = np.float64(1.5416666666666667)
5.7507 	EXP 	emotion_rating: markerPos = np.float64(1.5416666666666667)
5.7669 	EXP 	emotion_rating: markerPos = np.float64(1.5333333333333334)
5.7839 	EXP 	emotion_rating: markerPos = np.float64(1.5166666666666666)
5.8006 	EXP 	emotion_rating: markerPos = np.float64(1.5083333333333333)
5.8173 	EXP 	emotion_rating: markerPos = np.float64(1.4916666666666667)
5.8338 	EXP 	emotion_rating: markerPos = np.float64(1.4916666666666667)
5.8508 	EXP 	emotion_rating: markerPos = np.float64(1.4916666666666667)
5.8671 	EXP 	emotion_rating: markerPos = np.float64(1.4916666666666667)
5.8837 	EXP 	emotion_rating: markerPos = np.float64(1.4916666666666667)
5.9006 	EXP 	emotion_rating: markerPos = np.float64(1.4916666666666667)
5.9170 	EXP 	emotion_rating: markerPos = np.float64(1.4916666666666667)
5.9336 	EXP 	emotion_rating: markerPos = np.float64(1.4916666666666667)
5.9503 	EXP 	emotion_rating: markerPos = np.float64(1.4916666666666667)
5.9577 	DATA 	Mouse:  Left button up, pos=(779,541)
5.9668 	EXP 	emotion_rating: markerPos = np.float64(1.4916666666666667)
5.9831 	EXP 	emotion_rating: markerPos = np.float64(1.4916666666666667)
5.9839 	EXP 	New trial (rep=0, index=1): <Trial 1 (1 in rep 0) data={'image_path': 'C:\\Users\\julia\\OneDrive\\Pulpit\\percepcja_psychopy\\photos\\dachshund-8910099_640.jpg', 'label': 'Ten piesek jest wesoły', 'show_label': 0, 'thisN': 1, 'thisTrialN': 1, 'thisRepN': 0}>
6.0013 	EXP 	label_text: autoDraw = False
6.0013 	EXP 	stim_image: autoDraw = False
6.0013 	EXP 	emotion_rating: autoDraw = False
6.0013 	EXP 	label_text: height = np.float64(0.05)
6.0013 	EXP 	label_text: height = np.float64(0.05)
6.0013 	EXP 	label_text: height = np.float64(0.05)
6.0013 	EXP 	label_text: text = 'Ten piesek jest wesoły'
6.0013 	EXP 	stim_image: image = 'C:\\Users\\julia\\OneDrive\\Pulpit\\percepcja_psychopy\\photos\\dachshund-8910099_640.jpg'
6.0013 	EXP 	emotion_rating: markerPos = None
6.0013 	EXP 	emotion_rating: markerPos = None
6.0013 	EXP 	label_text: autoDraw = True
6.9979 	EXP 	stim_image: autoDraw = True
7.0144 	EXP 	label_text: autoDraw = False
7.9945 	EXP 	emotion_rating: autoDraw = True
8.0110 	EXP 	stim_image: autoDraw = False
8.4945 	DATA 	Mouse: Left button down, pos=(945,530)
8.5097 	EXP 	emotion_rating: markerPos = np.float64(2.875)
8.5265 	EXP 	emotion_rating: markerPos = np.float64(2.875)
8.5430 	EXP 	emotion_rating: markerPos = np.float64(2.875)
8.5593 	EXP 	emotion_rating: markerPos = np.float64(2.8833333333333333)
8.5766 	EXP 	emotion_rating: markerPos = np.float64(2.916666666666667)
8.5930 	EXP 	emotion_rating: markerPos = np.float64(2.9916666666666667)
8.6095 	EXP 	emotion_rating: markerPos = np.float64(3.1416666666666666)
8.6260 	EXP 	emotion_rating: markerPos = np.float64(3.191666666666667)
8.6426 	EXP 	emotion_rating: markerPos = np.float64(3.275)
8.6595 	EXP 	emotion_rating: markerPos = np.float64(3.3833333333333333)
8.6759 	EXP 	emotion_rating: markerPos = np.float64(3.6)
8.6925 	EXP 	emotion_rating: markerPos = np.float64(3.7583333333333333)
8.7090 	EXP 	emotion_rating: markerPos = np.float64(3.8666666666666667)
8.7259 	EXP 	emotion_rating: markerPos = np.float64(3.95)
8.7429 	EXP 	emotion_rating: markerPos = np.float64(4.008333333333333)
8.7596 	EXP 	emotion_rating: markerPos = np.float64(4.05)
8.7755 	EXP 	emotion_rating: markerPos = np.float64(4.075)
8.7925 	EXP 	emotion_rating: markerPos = np.float64(4.1)
8.8091 	EXP 	emotion_rating: markerPos = np.float64(4.133333333333333)
8.8259 	EXP 	emotion_rating: markerPos = np.float64(4.166666666666667)
8.8424 	EXP 	emotion_rating: markerPos = np.float64(4.208333333333334)
8.8587 	EXP 	emotion_rating: markerPos = np.float64(4.233333333333333)
8.8756 	EXP 	emotion_rating: markerPos = np.float64(4.241666666666667)
8.8918 	EXP 	emotion_rating: markerPos = np.float64(4.266666666666667)
8.9089 	EXP 	emotion_rating: markerPos = np.float64(4.291666666666667)
8.9254 	EXP 	emotion_rating: markerPos = np.float64(4.308333333333334)
8.9423 	EXP 	emotion_rating: markerPos = np.float64(4.316666666666666)
8.9587 	EXP 	emotion_rating: markerPos = np.float64(4.316666666666666)
8.9751 	EXP 	emotion_rating: markerPos = np.float64(4.325)
8.9920 	EXP 	emotion_rating: markerPos = np.float64(4.341666666666667)
9.0083 	EXP 	emotion_rating: markerPos = np.float64(4.35)
9.0250 	EXP 	emotion_rating: markerPos = np.float64(4.358333333333333)
9.0415 	EXP 	emotion_rating: markerPos = np.float64(4.366666666666667)
9.0584 	EXP 	emotion_rating: markerPos = np.float64(4.383333333333333)
9.0746 	EXP 	emotion_rating: markerPos = np.float64(4.383333333333333)
9.0914 	EXP 	emotion_rating: markerPos = np.float64(4.4)
9.1083 	EXP 	emotion_rating: markerPos = np.float64(4.416666666666667)
9.1251 	EXP 	emotion_rating: markerPos = np.float64(4.45)
9.1417 	EXP 	emotion_rating: markerPos = np.float64(4.483333333333333)
9.1581 	EXP 	emotion_rating: markerPos = np.float64(4.491666666666667)
9.1749 	EXP 	emotion_rating: markerPos = np.float64(4.5)
9.1914 	EXP 	emotion_rating: markerPos = np.float64(4.508333333333333)
9.2082 	EXP 	emotion_rating: markerPos = np.float64(4.508333333333333)
9.2247 	EXP 	emotion_rating: markerPos = np.float64(4.508333333333333)
9.2413 	EXP 	emotion_rating: markerPos = np.float64(4.508333333333333)
9.2469 	DATA 	Mouse:  Left button up, pos=(1141,519)
9.2577 	EXP 	emotion_rating: markerPos = np.float64(4.508333333333333)
9.2745 	EXP 	emotion_rating: markerPos = np.float64(4.508333333333333)
9.2759 	EXP 	New trial (rep=0, index=2): <Trial 2 (2 in rep 0) data={'image_path': 'C:\\Users\\julia\\OneDrive\\Pulpit\\percepcja_psychopy\\photos\\ee7bd76502e1d9aea7c74fc5bea75be9.jpg', 'label': 'Ten piesek jest smutny', 'show_label': 0, 'thisN': 2, 'thisTrialN': 2, 'thisRepN': 0}>
9.2919 	EXP 	label_text: autoDraw = False
9.2919 	EXP 	stim_image: autoDraw = False
9.2919 	EXP 	emotion_rating: autoDraw = False
9.2919 	EXP 	label_text: height = np.float64(0.05)
9.2919 	EXP 	label_text: height = np.float64(0.05)
9.2919 	EXP 	label_text: height = np.float64(0.05)
9.2919 	EXP 	label_text: text = 'Ten piesek jest smutny'
9.2919 	EXP 	stim_image: image = 'C:\\Users\\julia\\OneDrive\\Pulpit\\percepcja_psychopy\\photos\\ee7bd76502e1d9aea7c74fc5bea75be9.jpg'
9.2919 	EXP 	emotion_rating: markerPos = None
9.2919 	EXP 	emotion_rating: markerPos = None
9.2919 	EXP 	label_text: autoDraw = True
10.2889 	EXP 	stim_image: autoDraw = True
10.3056 	EXP 	label_text: autoDraw = False
11.2857 	EXP 	emotion_rating: autoDraw = True
11.3020 	EXP 	stim_image: autoDraw = False
11.7520 	DATA 	Mouse: Left button down, pos=(998,530)
11.7676 	EXP 	emotion_rating: markerPos = np.float64(3.3166666666666664)
11.7842 	EXP 	emotion_rating: markerPos = np.float64(3.3083333333333336)
11.8008 	EXP 	emotion_rating: markerPos = np.float64(3.2916666666666665)
11.8179 	EXP 	emotion_rating: markerPos = np.float64(3.2666666666666666)
11.8342 	EXP 	emotion_rating: markerPos = np.float64(3.15)
11.8506 	EXP 	emotion_rating: markerPos = np.float64(3.025)
11.8673 	EXP 	emotion_rating: markerPos = np.float64(2.833333333333333)
11.8839 	EXP 	emotion_rating: markerPos = np.float64(2.625)
11.9004 	EXP 	emotion_rating: markerPos = np.float64(2.5166666666666666)
11.9170 	EXP 	emotion_rating: markerPos = np.float64(2.3833333333333333)
11.9339 	EXP 	emotion_rating: markerPos = np.float64(2.2666666666666666)
11.9504 	EXP 	emotion_rating: markerPos = np.float64(2.216666666666667)
11.9676 	EXP 	emotion_rating: markerPos = np.float64(2.1916666666666664)
11.9843 	EXP 	emotion_rating: markerPos = np.float64(2.175)
12.0001 	EXP 	emotion_rating: markerPos = np.float64(2.158333333333333)
12.0170 	EXP 	emotion_rating: markerPos = np.float64(2.1166666666666667)
12.0336 	EXP 	emotion_rating: markerPos = np.float64(2.0833333333333335)
12.0504 	EXP 	emotion_rating: markerPos = np.float64(2.025)
12.0669 	EXP 	emotion_rating: markerPos = np.float64(2.0166666666666666)
12.0835 	EXP 	emotion_rating: markerPos = np.float64(2.0166666666666666)
12.0999 	EXP 	emotion_rating: markerPos = np.float64(2.0166666666666666)
12.1167 	EXP 	emotion_rating: markerPos = np.float64(2.0166666666666666)
12.1334 	EXP 	emotion_rating: markerPos = np.float64(2.0166666666666666)
12.1503 	EXP 	emotion_rating: markerPos = np.float64(2.0083333333333333)
12.1664 	EXP 	emotion_rating: markerPos = np.float64(2.0)
12.1831 	EXP 	emotion_rating: markerPos = np.float64(1.9916666666666667)
12.1999 	EXP 	emotion_rating: markerPos = np.float64(1.975)
12.2166 	EXP 	emotion_rating: markerPos = np.float64(1.9416666666666667)
12.2327 	EXP 	emotion_rating: markerPos = np.float64(1.8583333333333334)
12.2495 	EXP 	emotion_rating: markerPos = np.float64(1.7833333333333334)
12.2667 	EXP 	emotion_rating: markerPos = np.float64(1.725)
12.2833 	EXP 	emotion_rating: markerPos = np.float64(1.675)
12.2994 	EXP 	emotion_rating: markerPos = np.float64(1.65)
12.3161 	EXP 	emotion_rating: markerPos = np.float64(1.625)
12.3328 	EXP 	emotion_rating: markerPos = np.float64(1.5916666666666666)
12.3494 	EXP 	emotion_rating: markerPos = np.float64(1.5583333333333333)
12.3660 	EXP 	emotion_rating: markerPos = np.float64(1.5083333333333333)
12.3828 	EXP 	emotion_rating: markerPos = np.float64(1.5083333333333333)
12.3995 	EXP 	emotion_rating: markerPos = np.float64(1.5083333333333333)
12.4158 	EXP 	emotion_rating: markerPos = np.float64(1.5083333333333333)
12.4327 	EXP 	emotion_rating: markerPos = np.float64(1.5083333333333333)
12.4490 	EXP 	emotion_rating: markerPos = np.float64(1.5083333333333333)
12.4657 	EXP 	emotion_rating: markerPos = np.float64(1.5083333333333333)
12.4823 	EXP 	emotion_rating: markerPos = np.float64(1.5083333333333333)
12.4988 	EXP 	emotion_rating: markerPos = np.float64(1.5083333333333333)
12.5058 	DATA 	Mouse:  Left button up, pos=(781,530)
12.5156 	EXP 	emotion_rating: markerPos = np.float64(1.5083333333333333)
12.5319 	EXP 	emotion_rating: markerPos = np.float64(1.5083333333333333)
12.5328 	EXP 	New trial (rep=0, index=3): <Trial 3 (3 in rep 0) data={'image_path': 'C:\\Users\\julia\\OneDrive\\Pulpit\\percepcja_psychopy\\photos\\images (1).jpg', 'label': 'Ten piesek jest smutny', 'show_label': 1, 'thisN': 3, 'thisTrialN': 3, 'thisRepN': 0}>
12.5497 	EXP 	label_text: autoDraw = False
12.5497 	EXP 	stim_image: autoDraw = False
12.5497 	EXP 	emotion_rating: autoDraw = False
12.5497 	EXP 	label_text: text = 'Ten piesek jest smutny'
12.5497 	EXP 	stim_image: image = 'C:\\Users\\julia\\OneDrive\\Pulpit\\percepcja_psychopy\\photos\\images (1).jpg'
12.5497 	EXP 	emotion_rating: markerPos = None
12.5497 	EXP 	emotion_rating: markerPos = None
12.5497 	EXP 	label_text: autoDraw = True
13.5469 	EXP 	stim_image: autoDraw = True
13.5633 	EXP 	label_text: autoDraw = False
14.5434 	EXP 	emotion_rating: autoDraw = True
14.5599 	EXP 	stim_image: autoDraw = False
15.0600 	DATA 	Mouse: Left button down, pos=(977,534)
15.0751 	EXP 	emotion_rating: markerPos = np.float64(3.1416666666666666)
15.0918 	EXP 	emotion_rating: markerPos = np.float64(3.1666666666666665)
15.1087 	EXP 	emotion_rating: markerPos = np.float64(3.183333333333333)
15.1255 	EXP 	emotion_rating: markerPos = np.float64(3.283333333333333)
15.1416 	EXP 	emotion_rating: markerPos = np.float64(3.4)
15.1582 	EXP 	emotion_rating: markerPos = np.float64(3.4916666666666667)
15.1749 	EXP 	emotion_rating: markerPos = np.float64(3.65)
15.1917 	EXP 	emotion_rating: markerPos = np.float64(3.8)
15.2087 	EXP 	emotion_rating: markerPos = np.float64(3.95)
15.2252 	EXP 	emotion_rating: markerPos = np.float64(3.966666666666667)
15.2412 	EXP 	emotion_rating: markerPos = np.float64(3.9916666666666667)
15.2578 	EXP 	emotion_rating: markerPos = np.float64(4.008333333333333)
15.2747 	EXP 	emotion_rating: markerPos = np.float64(4.041666666666667)
15.2911 	EXP 	emotion_rating: markerPos = np.float64(4.1)
15.3080 	EXP 	emotion_rating: markerPos = np.float64(4.15)
15.3243 	EXP 	emotion_rating: markerPos = np.float64(4.216666666666667)
15.3412 	EXP 	emotion_rating: markerPos = np.float64(4.275)
15.3578 	EXP 	emotion_rating: markerPos = np.float64(4.341666666666667)
15.3744 	EXP 	emotion_rating: markerPos = np.float64(4.366666666666667)
15.3908 	EXP 	emotion_rating: markerPos = np.float64(4.4)
15.4081 	EXP 	emotion_rating: markerPos = np.float64(4.425)
15.4242 	EXP 	emotion_rating: markerPos = np.float64(4.433333333333334)
15.4408 	EXP 	emotion_rating: markerPos = np.float64(4.475)
15.4575 	EXP 	emotion_rating: markerPos = np.float64(4.5)
15.4741 	EXP 	emotion_rating: markerPos = np.float64(4.575)
15.4909 	EXP 	emotion_rating: markerPos = np.float64(4.641666666666667)
15.5074 	EXP 	emotion_rating: markerPos = np.float64(4.675)
15.5238 	EXP 	emotion_rating: markerPos = np.float64(4.716666666666667)
15.5404 	EXP 	emotion_rating: markerPos = np.float64(4.725)
15.5575 	EXP 	emotion_rating: markerPos = np.float64(4.725)
15.5741 	EXP 	emotion_rating: markerPos = np.float64(4.725)
15.5906 	EXP 	emotion_rating: markerPos = np.float64(4.725)
15.6070 	EXP 	emotion_rating: markerPos = np.float64(4.725)
15.6237 	EXP 	emotion_rating: markerPos = np.float64(4.725)
15.6403 	EXP 	emotion_rating: markerPos = np.float64(4.725)
15.6574 	EXP 	emotion_rating: markerPos = np.float64(4.725)
15.6737 	EXP 	emotion_rating: markerPos = np.float64(4.725)
15.6908 	EXP 	emotion_rating: markerPos = np.float64(4.725)
15.7069 	EXP 	emotion_rating: markerPos = np.float64(4.725)
15.7238 	EXP 	emotion_rating: markerPos = np.float64(4.725)
15.7400 	EXP 	emotion_rating: markerPos = np.float64(4.725)
15.7567 	EXP 	emotion_rating: markerPos = np.float64(4.725)
15.7735 	EXP 	emotion_rating: markerPos = np.float64(4.725)
15.7820 	DATA 	Mouse:  Left button up, pos=(1167,533)
15.7900 	EXP 	emotion_rating: markerPos = np.float64(4.725)
15.8063 	EXP 	emotion_rating: markerPos = np.float64(4.725)
15.8072 	EXP 	New trial (rep=0, index=4): <Trial 4 (4 in rep 0) data={'image_path': 'C:\\Users\\julia\\OneDrive\\Pulpit\\percepcja_psychopy\\photos\\images (2).jpg', 'label': 'Ten piesek jest wesoły', 'show_label': 1, 'thisN': 4, 'thisTrialN': 4, 'thisRepN': 0}>
15.8236 	EXP 	label_text: autoDraw = False
15.8236 	EXP 	stim_image: autoDraw = False
15.8236 	EXP 	emotion_rating: autoDraw = False
15.8236 	EXP 	label_text: height = np.float64(0.05)
15.8236 	EXP 	label_text: height = np.float64(0.05)
15.8236 	EXP 	label_text: height = np.float64(0.05)
15.8236 	EXP 	label_text: text = 'Ten piesek jest wesoły'
15.8236 	EXP 	stim_image: image = 'C:\\Users\\julia\\OneDrive\\Pulpit\\percepcja_psychopy\\photos\\images (2).jpg'
15.8236 	EXP 	emotion_rating: markerPos = None
15.8236 	EXP 	emotion_rating: markerPos = None
15.8236 	EXP 	label_text: autoDraw = True
16.8212 	EXP 	stim_image: autoDraw = True
16.8377 	EXP 	label_text: autoDraw = False
17.7786 	EXP 	Device response: <KeyPress from None: t=17.763819599998897, value=escape, duration=None>
17.7797 	DATA 	Keypress: escape
17.8181 	EXP 	emotion_rating: autoDraw = True
17.8342 	EXP 	stim_image: autoDraw = False
17.8848 	EXP 	Device response: <KeyPress from None: t=17.763819599998897, value=escape, duration=0.10446750000119209>
17.8849 	EXP 	untitled: status = STOPPED
17.9014 	EXP 	emotion_rating: autoDraw = False
17.9015 	EXP 	untitled: status = STOPPED
17.9117 	INFO 	saved data to 'C:\\Users\\julia\\OneDrive\\Pulpit\\percepcja_psychopy\\data\\865118_untitled_2026-04-18_23h11.56.032.csv'
17.9130 	INFO 	saved data to C:\Users\julia\OneDrive\Pulpit\percepcja_psychopy\data\865118_untitled_2026-04-18_23h11.56.032.psydat
18.7979 	WARNING 	Stopping key buffers but this could be dangerous ifother keyboards rely on the same.
