8.0215 	INFO 	Loaded monitor calibration from ['2026_03_18 20:30']
8.0519 	WARNING 	User requested fullscreen with size [1090  800], but screen is actually [1920, 1080]. Using actual size
8.8623 	INFO 	Using renderer 'Intel(R) UHD Graphics' for graphics
8.8623 	INFO 	OpenGL version supported by driver is 4..
9.8863 	EXP 	Created window1 = Window(allowGUI=False, allowStencil=True, autoLog=True, backendConf=UNKNOWN, backgroundFit=<method-wrapper '__getattribute__' of attributeSetter object at 0x000001675C4E0640>, backgroundImage=<method-wrapper '__getattribute__' of attributeSetter object at 0x000001675C4E1570>, bitsMode=UNKNOWN, blendMode='avg', bpc=(8, 8, 8), color=array([0.6549, 0.6549, 0.6549]), colorSpace='rgb', depthBits=8, fullscr=True, gamma=None, gammaErrorPolicy='raise', infoMsg=UNKNOWN, lms=UNKNOWN, monitor=<psychopy.monitors.calibTools.Monitor object at 0x000001676443BC40>, multiSample=False, name='window1', numSamples=2, pos=[np.float64(0.0), np.float64(0.0)], screen=0, size=array([1920, 1080]), stencilBits=8, stereo=False, title='PsychoPy', units='height', useFBO=True, useRetina=False, viewOri=0.0, viewPos=None, viewScale=None, waitBlanking=True, winType='pyglet')
9.8864 	EXP 	window1: backgroundImage = ''
9.8864 	EXP 	window1: backgroundFit = 'none'
10.0344 	INFO 	keyboard.Keyboard is using ptb backend.
10.0345 	EXP 	untitled_FINAL_NEWEST: status = STARTED
10.1851 	EXP 	Created text_instr = TextStim(__class__=<class 'psychopy.visual.text.TextStim'>, alignHoriz=method-wrapper(...), alignText='center', alignVert=method-wrapper(...), anchorHoriz='center', anchorVert='center', antialias=True, autoDraw=False, autoLog=True, bold=False, color=array([-1., -1., -1.]), colorSpace='rgb', contrast=1.0, depth=-2.0, draggable=False, flipHoriz=False, flipVert=False, font='Arial', fontFiles=[], height=np.float64(0.03), italic=False, languageStyle='LTR', name='text_instr', opacity=1, ori=0.0, pos=array([0., 0.]), rgb=UNKNOWN, text=str(...), units='height', win=Window(...), wrapWidth=1.5)
10.2113 	EXP 	Created suwak_info = TextStim(__class__=<class 'psychopy.visual.text.TextStim'>, alignHoriz=method-wrapper(...), alignText='center', alignVert=method-wrapper(...), anchorHoriz='center', anchorVert='center', antialias=True, autoDraw=False, autoLog=True, bold=False, color=array([-1., -1., -1.]), colorSpace='rgb', contrast=1.0, depth=-1.0, draggable=False, flipHoriz=False, flipVert=False, font='Arial', fontFiles=[], height=np.float64(0.03), italic=False, languageStyle='LTR', name='suwak_info', opacity=1, ori=0.0, pos=array([0., 0.]), rgb=UNKNOWN, text=str(...), units='height', win=Window(...), wrapWidth=1.3)
10.2461 	EXP 	Created proba_testowa = TextStim(__class__=<class 'psychopy.visual.text.TextStim'>, alignHoriz=method-wrapper(...), alignText='center', alignVert=method-wrapper(...), anchorHoriz='center', anchorVert='center', antialias=True, autoDraw=False, autoLog=True, bold=False, color=array([-1., -1., -1.]), colorSpace='rgb', contrast=1.0, depth=-2.0, draggable=False, flipHoriz=False, flipVert=False, font='Arial', fontFiles=[], height=np.float64(0.04), italic=False, languageStyle='LTR', name='proba_testowa', opacity=1, ori=0.0, pos=array([0., 0.]), rgb=UNKNOWN, text=str(...), units='height', win=Window(...), wrapWidth=1.4)
10.2475 	EXP 	Created pilot_label_text = TextStim(__class__=<class 'psychopy.visual.text.TextStim'>, alignHoriz=method-wrapper(...), alignText='center', alignVert=method-wrapper(...), anchorHoriz='center', anchorVert='center', antialias=True, autoDraw=False, autoLog=True, bold=False, color=array([-1., -1., -1.]), colorSpace='rgb', contrast=1.0, depth=-1.0, draggable=False, flipHoriz=False, flipVert=False, font='Arial', fontFiles=[], height=0.05, italic=False, languageStyle='LTR', name='pilot_label_text', opacity=1, ori=0.0, pos=array([0., 0.]), rgb=UNKNOWN, text='', units='height', win=Window(...), wrapWidth=1.3)
10.2554 	EXP 	Created pilot_fiksacja1 = TextStim(__class__=<class 'psychopy.visual.text.TextStim'>, alignHoriz=method-wrapper(...), alignText='center', alignVert=method-wrapper(...), anchorHoriz='center', anchorVert='center', antialias=True, autoDraw=False, autoLog=True, bold=False, color=array([-1., -1., -1.]), colorSpace='rgb', contrast=1.0, depth=-2.0, draggable=False, flipHoriz=False, flipVert=False, font='Arial', fontFiles=[], height=np.float64(0.12), italic=False, languageStyle='LTR', name='pilot_fiksacja1', opacity=1, ori=0.0, pos=array([0., 0.]), rgb=UNKNOWN, text='+', units='height', win=Window(...), wrapWidth=1)
10.2924 	EXP 	Created pilot_suwak = Slider(__class__=<class 'psychopy.visual.slider.Slider'>, autoDraw=False, autoLog=True, borderColor=None, color=None, colorSpace='rgb', depth=-3, fillColor=None, flip=False, font='Noto Sans', granularity=0.0, labelColor=None, labelHeight=np.float64(0.05), labelWrapWidth=None, labels=None, lineColor=None, markerColor=None, name='pilot_suwak', opacity=None, ori=0.0, pos=array([ 0. , -0.5]), readOnly=False, self=UNKNOWN, size=array([1. , 0.1]), startValue=0, style='slider', styleTweaks=[], ticks=array([-50, -25,   0,  25,  50]), units='norm', win=Window(...))
10.2975 	EXP 	Created pilot_fiksacja2 = TextStim(__class__=<class 'psychopy.visual.text.TextStim'>, alignHoriz=method-wrapper(...), alignText='center', alignVert=method-wrapper(...), anchorHoriz='center', anchorVert='center', antialias=True, autoDraw=False, autoLog=True, bold=False, color=array([-1., -1., -1.]), colorSpace='rgb', contrast=1.0, depth=-4.0, draggable=False, flipHoriz=False, flipVert=False, font='Arial', fontFiles=[], height=np.float64(0.1), italic=False, languageStyle='LTR', name='pilot_fiksacja2', opacity=1, ori=0.0, pos=array([0., 0.]), rgb=UNKNOWN, text='+', units='height', win=Window(...), wrapWidth=1)
10.3122 	EXP 	Created pilot_pytanie = TextStim(__class__=<class 'psychopy.visual.text.TextStim'>, alignHoriz=method-wrapper(...), alignText='center', alignVert=method-wrapper(...), anchorHoriz='center', anchorVert='center', antialias=True, autoDraw=False, autoLog=True, bold=False, color=array([-1., -1., -1.]), colorSpace='rgb', contrast=1.0, depth=-5.0, draggable=False, flipHoriz=False, flipVert=False, font='Arial', fontFiles=[], height=np.float64(0.1), italic=False, languageStyle='LTR', name='pilot_pytanie', opacity=1, ori=0.0, pos=array([0., 0.]), rgb=UNKNOWN, text='Jaką emocję wyrażała ta twarz?', units='norm', win=Window(...), wrapWidth=1)
10.3130 	EXP 	Created pilot_lewa_etykieta = TextStim(__class__=<class 'psychopy.visual.text.TextStim'>, alignHoriz=method-wrapper(...), alignText='center', alignVert=method-wrapper(...), anchorHoriz='center', anchorVert='center', antialias=True, autoDraw=False, autoLog=True, bold=False, color=array([-1., -1., -1.]), colorSpace='rgb', contrast=1.0, depth=-6.0, draggable=False, flipHoriz=False, flipVert=False, font='Arial', fontFiles=[], height=0.085, italic=False, languageStyle='LTR', name='pilot_lewa_etykieta', opacity=1, ori=0.0, pos=array([-0.6, -0.5]), rgb=UNKNOWN, text='', units='norm', win=Window(...), wrapWidth=1)
10.3138 	EXP 	Created pilot_prawa_etykieta = TextStim(__class__=<class 'psychopy.visual.text.TextStim'>, alignHoriz=method-wrapper(...), alignText='center', alignVert=method-wrapper(...), anchorHoriz='center', anchorVert='center', antialias=True, autoDraw=False, autoLog=True, bold=False, color=array([-1., -1., -1.]), colorSpace='rgb', contrast=1.0, depth=-7.0, draggable=False, flipHoriz=False, flipVert=False, font='Arial', fontFiles=[], height=0.085, italic=False, languageStyle='LTR', name='pilot_prawa_etykieta', opacity=1, ori=0.0, pos=array([ 0.6, -0.5]), rgb=UNKNOWN, text='', units='norm', win=Window(...), wrapWidth=1)
10.3717 	EXP 	Created pilot_stim_image = ImageStim(__class__=<class 'psychopy.visual.image.ImageStim'>, anchor=('center', 'center'), autoLog=True, color=array([1., 1., 1.]), colorSpace='rgb', contrast=1.0, depth=-8.0, draggable=False, flipHoriz=np.False_, flipVert=np.False_, image='photos/twarz_testowa.jpg', interpolate=True, mask=None, maskParams=None, name='pilot_stim_image', opacity=1, ori=0.0, pos=array([0., 0.]), size=array([0.9, 0.9]), texRes=128.0, units='height', win=Window(...))
10.4090 	EXP 	Created start_badania = TextStim(__class__=<class 'psychopy.visual.text.TextStim'>, alignHoriz=method-wrapper(...), alignText='center', alignVert=method-wrapper(...), anchorHoriz='center', anchorVert='center', antialias=True, autoDraw=False, autoLog=True, bold=False, color=array([-1., -1., -1.]), colorSpace='rgb', contrast=1.0, depth=-2.0, draggable=False, flipHoriz=False, flipVert=False, font='Arial', fontFiles=[], height=np.float64(0.1), italic=False, languageStyle='LTR', name='start_badania', opacity=1, ori=0.0, pos=array([0., 0.]), rgb=UNKNOWN, text=str(...), units='norm', win=Window(...), wrapWidth=1.4)
10.4140 	EXP 	Created przerwa_text = TextStim(__class__=<class 'psychopy.visual.text.TextStim'>, alignHoriz=method-wrapper(...), alignText='center', alignVert=method-wrapper(...), anchorHoriz='center', anchorVert='center', antialias=True, autoDraw=False, autoLog=True, bold=False, color=array([-1., -1., -1.]), colorSpace='rgb', contrast=1.0, depth=0.0, draggable=False, flipHoriz=False, flipVert=False, font='Arial', fontFiles=[], height=np.float64(0.1), italic=False, languageStyle='LTR', name='przerwa_text', opacity=1, ori=0.0, pos=array([0., 0.]), rgb=UNKNOWN, text=str(...), units='norm', win=Window(...), wrapWidth=1)
10.4145 	EXP 	Created label_text = TextStim(__class__=<class 'psychopy.visual.text.TextStim'>, alignHoriz=method-wrapper(...), alignText='center', alignVert=method-wrapper(...), anchorHoriz='center', anchorVert='center', antialias=True, autoDraw=False, autoLog=True, bold=False, color=array([-1., -1., -1.]), colorSpace='rgb', contrast=1.0, depth=-2.0, draggable=False, flipHoriz=False, flipVert=False, font='Arial', fontFiles=[], height=0.05, italic=False, languageStyle='LTR', name='label_text', opacity=1, ori=0.0, pos=array([0., 0.]), rgb=UNKNOWN, text='', units='height', win=Window(...), wrapWidth=1.3)
10.4197 	EXP 	Created stim_image = ImageStim(__class__=<class 'psychopy.visual.image.ImageStim'>, anchor=('center', 'center'), autoLog=True, color=array([1., 1., 1.]), colorSpace='rgb', contrast=1.0, depth=-3.0, draggable=False, flipHoriz=np.False_, flipVert=np.False_, image='default.png', interpolate=True, mask=None, maskParams=None, name='stim_image', opacity=1, ori=0.0, pos=array([0., 0.]), size=array([0.9, 0.9]), texRes=128.0, units='height', win=Window(...))
10.4292 	EXP 	Created suwak_badanie = Slider(__class__=<class 'psychopy.visual.slider.Slider'>, autoDraw=False, autoLog=True, borderColor=None, color=None, colorSpace='rgb', depth=-4, fillColor=None, flip=False, font='Noto Sans', granularity=0.0, labelColor=None, labelHeight=np.float64(0.05), labelWrapWidth=None, labels=None, lineColor=None, markerColor=None, name='suwak_badanie', opacity=None, ori=0.0, pos=array([ 0. , -0.5]), readOnly=False, self=UNKNOWN, size=array([1. , 0.1]), startValue=0, style='slider', styleTweaks=[], ticks=array([-50, -25,   0,  25,  50]), units='norm', win=Window(...))
10.4298 	EXP 	Created lewa_etykieta = TextStim(__class__=<class 'psychopy.visual.text.TextStim'>, alignHoriz=method-wrapper(...), alignText='center', alignVert=method-wrapper(...), anchorHoriz='center', anchorVert='center', antialias=True, autoDraw=False, autoLog=True, bold=False, color=array([-1., -1., -1.]), colorSpace='rgb', contrast=1.0, depth=-5.0, draggable=False, flipHoriz=False, flipVert=False, font='Arial', fontFiles=[], height=0.085, italic=False, languageStyle='LTR', name='lewa_etykieta', opacity=1, ori=0.0, pos=array([-0.65, -0.5 ]), rgb=UNKNOWN, text='', units='norm', win=Window(...), wrapWidth=1)
10.4303 	EXP 	Created prawa_etykieta = TextStim(__class__=<class 'psychopy.visual.text.TextStim'>, alignHoriz=method-wrapper(...), alignText='center', alignVert=method-wrapper(...), anchorHoriz='center', anchorVert='center', antialias=True, autoDraw=False, autoLog=True, bold=False, color=array([-1., -1., -1.]), colorSpace='rgb', contrast=1.0, depth=-6.0, draggable=False, flipHoriz=False, flipVert=False, font='Arial', fontFiles=[], height=0.085, italic=False, languageStyle='LTR', name='prawa_etykieta', opacity=1, ori=0.0, pos=array([ 0.65, -0.5 ]), rgb=UNKNOWN, text='', units='norm', win=Window(...), wrapWidth=1)
10.4356 	EXP 	Created fiksacja2 = TextStim(__class__=<class 'psychopy.visual.text.TextStim'>, alignHoriz=method-wrapper(...), alignText='center', alignVert=method-wrapper(...), anchorHoriz='center', anchorVert='center', antialias=True, autoDraw=False, autoLog=True, bold=False, color=array([-1., -1., -1.]), colorSpace='rgb', contrast=1.0, depth=-7.0, draggable=False, flipHoriz=False, flipVert=False, font='Arial', fontFiles=[], height=np.float64(0.12), italic=False, languageStyle='LTR', name='fiksacja2', opacity=1, ori=0.0, pos=array([0., 0.]), rgb=UNKNOWN, text='+', units='height', win=Window(...), wrapWidth=1)
10.4405 	EXP 	Created pytanie = TextStim(__class__=<class 'psychopy.visual.text.TextStim'>, alignHoriz=method-wrapper(...), alignText='center', alignVert=method-wrapper(...), anchorHoriz='center', anchorVert='center', antialias=True, autoDraw=False, autoLog=True, bold=False, color=array([-1., -1., -1.]), colorSpace='rgb', contrast=1.0, depth=-8.0, draggable=False, flipHoriz=False, flipVert=False, font='Arial', fontFiles=[], height=np.float64(0.1), italic=False, languageStyle='LTR', name='pytanie', opacity=1, ori=0.0, pos=array([0., 0.]), rgb=UNKNOWN, text='Jaką emocję wyrażała ta twarz?', units='norm', win=Window(...), wrapWidth=1)
10.4420 	EXP 	Created text = TextStim(__class__=<class 'psychopy.visual.text.TextStim'>, alignHoriz=method-wrapper(...), alignText='center', alignVert=method-wrapper(...), anchorHoriz='center', anchorVert='center', antialias=True, autoDraw=False, autoLog=True, bold=False, color=array([1., 1., 1.]), colorSpace='rgb', contrast=1.0, depth=-1.0, draggable=False, flipHoriz=False, flipVert=False, font='Arial', fontFiles=[], height=np.float64(0.05), italic=False, languageStyle='LTR', name='text', opacity=1, ori=0.0, pos=array([0., 0.]), rgb=UNKNOWN, text='', units='height', win=Window(...), wrapWidth=1)
10.4544 	EXP 	Created podziekowania_text = TextStim(__class__=<class 'psychopy.visual.text.TextStim'>, alignHoriz=method-wrapper(...), alignText='center', alignVert=method-wrapper(...), anchorHoriz='center', anchorVert='center', antialias=True, autoDraw=False, autoLog=True, bold=False, color=array([1., 1., 1.]), colorSpace='rgb', contrast=1.0, depth=0.0, draggable=False, flipHoriz=False, flipVert=False, font='Arial', fontFiles=[], height=np.float64(0.05), italic=False, languageStyle='LTR', name='podziekowania_text', opacity=1, ori=0.0, pos=array([0., 0.]), rgb=UNKNOWN, text=str(...), units='height', win=Window(...), wrapWidth=1)
0.0240 	EXP 	pilot_suwak: autoLog = True
0.0240 	EXP 	pilot_suwak: styleTweaks = []
0.0240 	EXP 	pilot_suwak: styleTweaks = []
0.0240 	EXP 	pilot_suwak: styleTweaks = []
0.0240 	EXP 	pilot_suwak: styleTweaks = []
0.0240 	EXP 	pilot_suwak: contrast = 1.0
0.0240 	EXP 	pilot_suwak: markerPos = 0
0.0240 	EXP 	pilot_suwak: autoLog = True
0.0240 	EXP 	suwak_badanie: autoLog = True
0.0240 	EXP 	suwak_badanie: styleTweaks = []
0.0240 	EXP 	suwak_badanie: styleTweaks = []
0.0240 	EXP 	suwak_badanie: styleTweaks = []
0.0240 	EXP 	suwak_badanie: styleTweaks = []
0.0240 	EXP 	suwak_badanie: contrast = 1.0
0.0240 	EXP 	suwak_badanie: markerPos = 0
0.0240 	EXP 	suwak_badanie: autoLog = True
0.0352 	INFO 	Keyboard events cleared
0.0352 	EXP 	text_instr: autoDraw = True
0.7152 	EXP 	Device response: <KeyPress from None: t=0.6970457000425085, value=space, duration=None>
0.7184 	DATA 	Keypress: space
0.7236 	INFO 	Keyboard events cleared
0.7234 	EXP 	text_instr: autoDraw = False
0.7234 	EXP 	suwak_info: autoDraw = True
0.7736 	EXP 	Device response: <KeyPress from None: t=0.6970457000425085, value=space, duration=0.06012589996680617>
0.9731 	EXP 	Device response: <KeyPress from None: t=0.9634940000250936, value=space, duration=None>
0.9769 	DATA 	Keypress: space
0.9900 	INFO 	Keyboard events cleared
0.9899 	EXP 	suwak_info: autoDraw = False
0.9899 	EXP 	proba_testowa: autoDraw = True
1.0400 	EXP 	Device response: <KeyPress from None: t=0.9634940000250936, value=space, duration=0.07501419994514436>
2.2533 	EXP 	Device response: <KeyPress from None: t=2.23891229997389, value=space, duration=None>
2.2769 	DATA 	Keypress: space
2.2793 	EXP 	proba_testowa: autoDraw = False
2.2793 	EXP 	pilot_label_text: height = np.float64(0.05)
2.2793 	EXP 	pilot_label_text: height = np.float64(0.05)
2.2793 	EXP 	pilot_label_text: height = np.float64(0.05)
2.2793 	EXP 	pilot_label_text: height = np.float64(0.05)
2.2793 	EXP 	pilot_label_text: height = np.float64(0.05)
2.2793 	EXP 	pilot_label_text: height = np.float64(0.05)
2.2793 	EXP 	pilot_label_text: text = 'Model AI wykrył w tej twarzy 80% smutku.\n\n'
2.2793 	EXP 	pilot_suwak: markerPos = None
2.2793 	EXP 	pilot_suwak: markerPos = 0
2.2793 	EXP 	pilot_lewa_etykieta: height = np.float64(0.085)
2.2793 	EXP 	pilot_lewa_etykieta: height = np.float64(0.085)
2.2793 	EXP 	pilot_lewa_etykieta: height = np.float64(0.085)
2.2793 	EXP 	pilot_lewa_etykieta: text = 'radość'
2.2793 	EXP 	pilot_prawa_etykieta: height = np.float64(0.085)
2.2793 	EXP 	pilot_prawa_etykieta: height = np.float64(0.085)
2.2793 	EXP 	pilot_prawa_etykieta: height = np.float64(0.085)
2.2793 	EXP 	pilot_prawa_etykieta: text = 'smutek'
2.2793 	EXP 	pilot_fiksacja1: autoDraw = True
2.3359 	EXP 	Device response: <KeyPress from None: t=2.23891229997389, value=space, duration=0.07983260008040816>
2.7839 	EXP 	pilot_fiksacja1: autoDraw = False
2.9668 	EXP 	pilot_label_text: autoDraw = True
5.9753 	EXP 	pilot_label_text: autoDraw = False
6.1583 	EXP 	pilot_fiksacja2: autoDraw = True
6.6736 	EXP 	pilot_fiksacja2: autoDraw = False
6.8581 	EXP 	pilot_stim_image: autoDraw = True
8.1541 	EXP 	pilot_suwak: autoDraw = True
8.1541 	EXP 	pilot_pytanie: autoDraw = True
8.1541 	EXP 	pilot_lewa_etykieta: autoDraw = True
8.1541 	EXP 	pilot_prawa_etykieta: autoDraw = True
8.1695 	EXP 	pilot_stim_image: autoDraw = False
17.4458 	DATA 	Mouse: Left button down, pos=(1341,262)
17.4605 	EXP 	pilot_suwak: markerPos = np.float64(39.6875)
17.4775 	EXP 	pilot_suwak: markerPos = np.float64(39.6875)
17.4942 	EXP 	pilot_suwak: markerPos = np.float64(39.6875)
17.5105 	EXP 	pilot_suwak: markerPos = np.float64(39.6875)
17.5273 	EXP 	pilot_suwak: markerPos = np.float64(39.6875)
17.5437 	EXP 	pilot_suwak: markerPos = np.float64(39.6875)
17.5606 	EXP 	pilot_suwak: markerPos = np.float64(39.6875)
17.5612 	DATA 	Mouse:  Left button up, pos=(1341,262)
17.5769 	EXP 	pilot_suwak: markerPos = np.float64(39.6875)
17.5938 	INFO 	Keyboard events cleared
17.5937 	EXP 	pilot_label_text: autoDraw = False
17.5937 	EXP 	pilot_fiksacja1: autoDraw = False
17.5937 	EXP 	pilot_suwak: autoDraw = False
17.5937 	EXP 	pilot_fiksacja2: autoDraw = False
17.5937 	EXP 	pilot_pytanie: autoDraw = False
17.5937 	EXP 	pilot_lewa_etykieta: autoDraw = False
17.5937 	EXP 	pilot_prawa_etykieta: autoDraw = False
17.5937 	EXP 	pilot_stim_image: autoDraw = False
17.5937 	EXP 	start_badania: autoDraw = True
21.0014 	EXP 	Device response: <KeyPress from None: t=20.99692279996816, value=escape, duration=None>
21.0023 	DATA 	Keypress: escape
21.1511 	EXP 	Device response: <KeyPress from None: t=20.99692279996816, value=escape, duration=0.1492615999886766>
21.1511 	EXP 	untitled_FINAL_NEWEST: status = STOPPED
21.1675 	EXP 	start_badania: autoDraw = False
21.1676 	EXP 	untitled_FINAL_NEWEST: status = STOPPED
21.1717 	INFO 	saved data to 'C:\\Users\\julia\\OneDrive\\Pulpit\\percepcja_psychopy\\data\\895935_untitled_FINAL_NEWEST_2026-04-27_12h11.10.253.csv'
21.1727 	INFO 	saved data to C:\Users\julia\OneDrive\Pulpit\percepcja_psychopy\data\895935_untitled_FINAL_NEWEST_2026-04-27_12h11.10.253.psydat
22.3280 	WARNING 	Stopping key buffers but this could be dangerous ifother keyboards rely on the same.
