8.4739 	INFO 	Loaded monitor calibration from ['2026_03_18 20:30']
8.5029 	WARNING 	User requested fullscreen with size [1090  800], but screen is actually [1920, 1080]. Using actual size
9.4843 	INFO 	Using renderer 'Intel(R) UHD Graphics' for graphics
9.4843 	INFO 	OpenGL version supported by driver is 4..
10.4672 	EXP 	Created window1 = Window(allowGUI=False, allowStencil=False, autoLog=True, backendConf=UNKNOWN, backgroundFit=<method-wrapper '__getattribute__' of attributeSetter object at 0x000002531794BAC0>, backgroundImage=<method-wrapper '__getattribute__' of attributeSetter object at 0x000002531794BA60>, bitsMode=UNKNOWN, blendMode='avg', bpc=(8, 8, 8), color=array([-1., -1., -1.]), colorSpace='rgb', depthBits=8, fullscr=True, gamma=None, gammaErrorPolicy='raise', infoMsg=UNKNOWN, lms=UNKNOWN, monitor=<psychopy.monitors.calibTools.Monitor object at 0x00000253102C6950>, multiSample=False, name='window1', numSamples=2, pos=[np.float64(0.0), np.float64(0.0)], screen=0, size=array([1920, 1080]), stencilBits=0, stereo=False, title='PsychoPy', units='height', useFBO=True, useRetina=False, viewOri=0.0, viewPos=None, viewScale=None, waitBlanking=True, winType='pyglet')
10.4672 	EXP 	window1: backgroundImage = ''
10.4673 	EXP 	window1: backgroundFit = 'none'
10.8943 	EXP 	window1: Attempting to measure frame rate of screen (0) ...
10.8944 	EXP 	window1: recordFrameIntervals = False
11.0337 	EXP 	window1: recordFrameIntervals = True
12.6955 	EXP 	window1: recordFrameIntervals = False
12.6955 	EXP 	Screen (0) actual frame rate measured at 60.28Hz
12.8666 	INFO 	keyboard.Keyboard is using ptb backend.
12.8666 	EXP 	untitled_FINAL_NEWEST: status = STARTED
13.4305 	EXP 	Created text_instr = TextStim(__class__=<class 'psychopy.visual.text.TextStim'>, alignHoriz=method-wrapper(...), alignText='center', alignVert=method-wrapper(...), anchorHoriz='center', anchorVert='center', antialias=True, autoDraw=False, autoLog=True, bold=False, color=array([1., 1., 1.]), colorSpace='rgb', contrast=1.0, depth=-2.0, draggable=False, flipHoriz=False, flipVert=False, font='Arial', fontFiles=[], height=np.float64(0.03), italic=False, languageStyle='LTR', name='text_instr', opacity=1, ori=0.0, pos=array([0., 0.]), rgb=UNKNOWN, text=str(...), units='height', win=Window(...), wrapWidth=1.3)
13.4546 	EXP 	Created suwak_info = TextStim(__class__=<class 'psychopy.visual.text.TextStim'>, alignHoriz=method-wrapper(...), alignText='center', alignVert=method-wrapper(...), anchorHoriz='center', anchorVert='center', antialias=True, autoDraw=False, autoLog=True, bold=False, color=array([1., 1., 1.]), colorSpace='rgb', contrast=1.0, depth=-1.0, draggable=False, flipHoriz=False, flipVert=False, font='Arial', fontFiles=[], height=np.float64(0.03), italic=False, languageStyle='LTR', name='suwak_info', opacity=1, ori=0.0, pos=array([0., 0.]), rgb=UNKNOWN, text=str(...), units='height', win=Window(...), wrapWidth=1.3)
13.4846 	EXP 	Created proba_testowa = TextStim(__class__=<class 'psychopy.visual.text.TextStim'>, alignHoriz=method-wrapper(...), alignText='center', alignVert=method-wrapper(...), anchorHoriz='center', anchorVert='center', antialias=True, autoDraw=False, autoLog=True, bold=False, color=array([1., 1., 1.]), colorSpace='rgb', contrast=1.0, depth=-2.0, draggable=False, flipHoriz=False, flipVert=False, font='Arial', fontFiles=[], height=np.float64(0.04), italic=False, languageStyle='LTR', name='proba_testowa', opacity=1, ori=0.0, pos=array([0., 0.]), rgb=UNKNOWN, text=str(...), units='height', win=Window(...), wrapWidth=1.3)
13.4935 	EXP 	Created pilot_label_text = TextStim(__class__=<class 'psychopy.visual.text.TextStim'>, alignHoriz=method-wrapper(...), alignText='center', alignVert=method-wrapper(...), anchorHoriz='center', anchorVert='center', antialias=True, autoDraw=False, autoLog=True, bold=False, color=array([1., 1., 1.]), colorSpace='rgb', contrast=1.0, depth=-1.0, draggable=False, flipHoriz=False, flipVert=False, font='Arial', fontFiles=[], height=0.05, italic=False, languageStyle='LTR', name='pilot_label_text', opacity=1, ori=0.0, pos=array([0., 0.]), rgb=UNKNOWN, text='', units='height', win=Window(...), wrapWidth=1.3)
13.5270 	EXP 	Created pilot_fiksacja1 = TextStim(__class__=<class 'psychopy.visual.text.TextStim'>, alignHoriz=method-wrapper(...), alignText='center', alignVert=method-wrapper(...), anchorHoriz='center', anchorVert='center', antialias=True, autoDraw=False, autoLog=True, bold=False, color=array([1., 1., 1.]), colorSpace='rgb', contrast=1.0, depth=-2.0, draggable=False, flipHoriz=False, flipVert=False, font='Arial', fontFiles=[], height=np.float64(0.1), italic=False, languageStyle='LTR', name='pilot_fiksacja1', opacity=1, ori=0.0, pos=array([0., 0.]), rgb=UNKNOWN, text='+', units='height', win=Window(...), wrapWidth=1)
13.7366 	EXP 	Created pilot_suwak = Slider(__class__=<class 'psychopy.visual.slider.Slider'>, autoDraw=False, autoLog=True, borderColor=None, color=None, colorSpace='rgb', depth=-3, fillColor=None, flip=False, font='Noto Sans', granularity=0.0, labelColor=None, labelHeight=np.float64(0.05), labelWrapWidth=None, labels=None, lineColor=None, markerColor=None, name='pilot_suwak', opacity=None, ori=0.0, pos=array([ 0. , -0.5]), readOnly=False, self=UNKNOWN, size=array([1. , 0.1]), startValue=0, style='slider', styleTweaks=[], ticks=ndarray(...), units='norm', win=Window(...))
13.7385 	EXP 	Created pilot_fiksacja2 = TextStim(__class__=<class 'psychopy.visual.text.TextStim'>, alignHoriz=method-wrapper(...), alignText='center', alignVert=method-wrapper(...), anchorHoriz='center', anchorVert='center', antialias=True, autoDraw=False, autoLog=True, bold=False, color=array([1., 1., 1.]), colorSpace='rgb', contrast=1.0, depth=-4.0, draggable=False, flipHoriz=False, flipVert=False, font='Arial', fontFiles=[], height=np.float64(0.1), italic=False, languageStyle='LTR', name='pilot_fiksacja2', opacity=1, ori=0.0, pos=array([0., 0.]), rgb=UNKNOWN, text='+', units='height', win=Window(...), wrapWidth=1)
13.7694 	EXP 	Created pilot_pytanie = TextStim(__class__=<class 'psychopy.visual.text.TextStim'>, alignHoriz=method-wrapper(...), alignText='center', alignVert=method-wrapper(...), anchorHoriz='center', anchorVert='center', antialias=True, autoDraw=False, autoLog=True, bold=False, color=array([1., 1., 1.]), colorSpace='rgb', contrast=1.0, depth=-5.0, draggable=False, flipHoriz=False, flipVert=False, font='Arial', fontFiles=[], height=np.float64(0.05), italic=False, languageStyle='LTR', name='pilot_pytanie', opacity=1, ori=0.0, pos=array([0., 0.]), rgb=UNKNOWN, text='Jaką emocję wyrażała ta twarz?', units='norm', win=Window(...), wrapWidth=1)
13.7706 	EXP 	Created pilot_lewa_etykieta = TextStim(__class__=<class 'psychopy.visual.text.TextStim'>, alignHoriz=method-wrapper(...), alignText='center', alignVert=method-wrapper(...), anchorHoriz='center', anchorVert='center', antialias=True, autoDraw=False, autoLog=True, bold=False, color=array([1., 1., 1.]), colorSpace='rgb', contrast=1.0, depth=-6.0, draggable=False, flipHoriz=False, flipVert=False, font='Arial', fontFiles=[], height=0.07, italic=False, languageStyle='LTR', name='pilot_lewa_etykieta', opacity=1, ori=0.0, pos=array([-0.6, -0.5]), rgb=UNKNOWN, text='', units='norm', win=Window(...), wrapWidth=1)
13.7713 	EXP 	Created pilot_prawa_etykieta = TextStim(__class__=<class 'psychopy.visual.text.TextStim'>, alignHoriz=method-wrapper(...), alignText='center', alignVert=method-wrapper(...), anchorHoriz='center', anchorVert='center', antialias=True, autoDraw=False, autoLog=True, bold=False, color=array([1., 1., 1.]), colorSpace='rgb', contrast=1.0, depth=-7.0, draggable=False, flipHoriz=False, flipVert=False, font='Arial', fontFiles=[], height=0.07, italic=False, languageStyle='LTR', name='pilot_prawa_etykieta', opacity=1, ori=0.0, pos=array([ 0.6, -0.5]), rgb=UNKNOWN, text='', units='norm', win=Window(...), wrapWidth=1)
14.3514 	EXP 	Created pilot_stim_image = ImageStim(__class__=<class 'psychopy.visual.image.ImageStim'>, anchor=('center', 'center'), autoLog=True, color=array([1., 1., 1.]), colorSpace='rgb', contrast=1.0, depth=-8.0, draggable=False, flipHoriz=np.False_, flipVert=np.False_, image='C:/Users/julia/OneDrive/Obrazy/IMG_2397.JPEG', interpolate=True, mask=None, maskParams=None, name='pilot_stim_image', opacity=1, ori=0.0, pos=array([0., 0.]), size=array([0.75, 0.75]), texRes=128.0, units='height', win=Window(...))
14.4109 	EXP 	Created start_badania = TextStim(__class__=<class 'psychopy.visual.text.TextStim'>, alignHoriz=method-wrapper(...), alignText='center', alignVert=method-wrapper(...), anchorHoriz='center', anchorVert='center', antialias=True, autoDraw=False, autoLog=True, bold=False, color=array([1., 1., 1.]), colorSpace='rgb', contrast=1.0, depth=-2.0, draggable=False, flipHoriz=False, flipVert=False, font='Arial', fontFiles=[], height=np.float64(0.05), italic=False, languageStyle='LTR', name='start_badania', opacity=1, ori=0.0, pos=array([0., 0.]), rgb=UNKNOWN, text=str(...), units='height', win=Window(...), wrapWidth=1)
14.4118 	EXP 	Created label_text = TextStim(__class__=<class 'psychopy.visual.text.TextStim'>, alignHoriz=method-wrapper(...), alignText='center', alignVert=method-wrapper(...), anchorHoriz='center', anchorVert='center', antialias=True, autoDraw=False, autoLog=True, bold=False, color=array([1., 1., 1.]), colorSpace='rgb', contrast=1.0, depth=-2.0, draggable=False, flipHoriz=False, flipVert=False, font='Arial', fontFiles=[], height=0.05, italic=False, languageStyle='LTR', name='label_text', opacity=1, ori=0.0, pos=array([0., 0.]), rgb=UNKNOWN, text='', units='height', win=Window(...), wrapWidth=1.3)
14.4270 	EXP 	Created stim_image = ImageStim(__class__=<class 'psychopy.visual.image.ImageStim'>, anchor=('center', 'center'), autoLog=True, color=array([1., 1., 1.]), colorSpace='rgb', contrast=1.0, depth=-3.0, draggable=False, flipHoriz=np.False_, flipVert=np.False_, image='default.png', interpolate=True, mask=None, maskParams=None, name='stim_image', opacity=1, ori=0.0, pos=array([0., 0.]), size=array([0.75, 0.75]), texRes=128.0, units='height', win=Window(...))
14.4380 	EXP 	Created suwak_badanie = Slider(__class__=<class 'psychopy.visual.slider.Slider'>, autoDraw=False, autoLog=True, borderColor=None, color=None, colorSpace='rgb', depth=-4, fillColor=None, flip=False, font='Noto Sans', granularity=0.0, labelColor=None, labelHeight=np.float64(0.05), labelWrapWidth=None, labels=None, lineColor=None, markerColor=None, name='suwak_badanie', opacity=None, ori=0.0, pos=array([ 0. , -0.5]), readOnly=False, self=UNKNOWN, size=array([1. , 0.1]), startValue=0, style='slider', styleTweaks=[], ticks=ndarray(...), units='norm', win=Window(...))
14.4388 	EXP 	Created lewa_etykieta = TextStim(__class__=<class 'psychopy.visual.text.TextStim'>, alignHoriz=method-wrapper(...), alignText='center', alignVert=method-wrapper(...), anchorHoriz='center', anchorVert='center', antialias=True, autoDraw=False, autoLog=True, bold=False, color=array([1., 1., 1.]), colorSpace='rgb', contrast=1.0, depth=-5.0, draggable=False, flipHoriz=False, flipVert=False, font='Arial', fontFiles=[], height=0.05, italic=False, languageStyle='LTR', name='lewa_etykieta', opacity=1, ori=0.0, pos=array([-0.55, -0.08]), rgb=UNKNOWN, text='', units='height', win=Window(...), wrapWidth=1)
14.4395 	EXP 	Created prawa_etykieta = TextStim(__class__=<class 'psychopy.visual.text.TextStim'>, alignHoriz=method-wrapper(...), alignText='center', alignVert=method-wrapper(...), anchorHoriz='center', anchorVert='center', antialias=True, autoDraw=False, autoLog=True, bold=False, color=array([1., 1., 1.]), colorSpace='rgb', contrast=1.0, depth=-6.0, draggable=False, flipHoriz=False, flipVert=False, font='Arial', fontFiles=[], height=0.05, italic=False, languageStyle='LTR', name='prawa_etykieta', opacity=1, ori=0.0, pos=array([ 0.55, -0.08]), rgb=UNKNOWN, text='', units='height', win=Window(...), wrapWidth=1)
14.4448 	EXP 	Created fiksacja1 = TextStim(__class__=<class 'psychopy.visual.text.TextStim'>, alignHoriz=method-wrapper(...), alignText='center', alignVert=method-wrapper(...), anchorHoriz='center', anchorVert='center', antialias=True, autoDraw=False, autoLog=True, bold=False, color=array([1., 1., 1.]), colorSpace='rgb', contrast=1.0, depth=-7.0, draggable=False, flipHoriz=False, flipVert=False, font='Arial', fontFiles=[], height=np.float64(0.1), italic=False, languageStyle='LTR', name='fiksacja1', opacity=1, ori=0.0, pos=array([0., 0.]), rgb=UNKNOWN, text='+', units='height', win=Window(...), wrapWidth=1)
14.4468 	EXP 	Created fiksacja2 = TextStim(__class__=<class 'psychopy.visual.text.TextStim'>, alignHoriz=method-wrapper(...), alignText='center', alignVert=method-wrapper(...), anchorHoriz='center', anchorVert='center', antialias=True, autoDraw=False, autoLog=True, bold=False, color=array([1., 1., 1.]), colorSpace='rgb', contrast=1.0, depth=-8.0, draggable=False, flipHoriz=False, flipVert=False, font='Arial', fontFiles=[], height=np.float64(0.1), italic=False, languageStyle='LTR', name='fiksacja2', opacity=1, ori=0.0, pos=array([0., 0.]), rgb=UNKNOWN, text='+', units='height', win=Window(...), wrapWidth=1)
14.4559 	EXP 	Created pytanie = TextStim(__class__=<class 'psychopy.visual.text.TextStim'>, alignHoriz=method-wrapper(...), alignText='center', alignVert=method-wrapper(...), anchorHoriz='center', anchorVert='center', antialias=True, autoDraw=False, autoLog=True, bold=False, color=array([1., 1., 1.]), colorSpace='rgb', contrast=1.0, depth=-9.0, draggable=False, flipHoriz=False, flipVert=False, font='Arial', fontFiles=[], height=np.float64(0.04), italic=False, languageStyle='LTR', name='pytanie', opacity=1, ori=0.0, pos=array([0.  , 0.25]), rgb=UNKNOWN, text='Jaką emocję wyrażała ta twarz?', units='height', win=Window(...), wrapWidth=1)
0.0029 	EXP 	pilot_suwak: autoLog = True
0.0029 	EXP 	pilot_suwak: styleTweaks = []
0.0029 	EXP 	pilot_suwak: styleTweaks = []
0.0029 	EXP 	pilot_suwak: styleTweaks = []
0.0029 	EXP 	pilot_suwak: styleTweaks = []
0.0029 	EXP 	pilot_suwak: contrast = 1.0
0.0029 	EXP 	pilot_suwak: markerPos = 0
0.0029 	EXP 	pilot_suwak: autoLog = True
0.0029 	EXP 	suwak_badanie: autoLog = True
0.0029 	EXP 	suwak_badanie: styleTweaks = []
0.0029 	EXP 	suwak_badanie: styleTweaks = []
0.0029 	EXP 	suwak_badanie: styleTweaks = []
0.0029 	EXP 	suwak_badanie: styleTweaks = []
0.0029 	EXP 	suwak_badanie: contrast = 1.0
0.0029 	EXP 	suwak_badanie: markerPos = 0
0.0029 	EXP 	suwak_badanie: autoLog = True
0.0267 	INFO 	Keyboard events cleared
0.0266 	EXP 	text_instr: autoDraw = True
1.1838 	EXP 	Device response: <KeyPress from None: t=1.1610148000181653, value=space, duration=None>
1.1875 	DATA 	Keypress: space
1.1904 	INFO 	Keyboard events cleared
1.1902 	EXP 	text_instr: autoDraw = False
1.1902 	EXP 	suwak_info: autoDraw = True
1.2321 	EXP 	Device response: <KeyPress from None: t=1.1610148000181653, value=space, duration=0.05526400002418086>
1.5481 	EXP 	Device response: <KeyPress from None: t=1.5355102000175975, value=space, duration=None>
1.5552 	DATA 	Keypress: space
1.5646 	INFO 	Keyboard events cleared
1.5644 	EXP 	suwak_info: autoDraw = False
1.5644 	EXP 	proba_testowa: autoDraw = True
1.6144 	EXP 	Device response: <KeyPress from None: t=1.5355102000175975, value=space, duration=0.07503369997721165>
1.8970 	EXP 	Device response: <KeyPress from None: t=1.8911510999896564, value=space, duration=None>
1.9426 	DATA 	Keypress: space
1.9457 	EXP 	proba_testowa: autoDraw = False
1.9457 	EXP 	pilot_label_text: height = np.float64(0.05)
1.9457 	EXP 	pilot_label_text: height = np.float64(0.05)
1.9457 	EXP 	pilot_label_text: height = np.float64(0.05)
1.9457 	EXP 	pilot_label_text: height = np.float64(0.05)
1.9457 	EXP 	pilot_label_text: height = np.float64(0.05)
1.9457 	EXP 	pilot_label_text: height = np.float64(0.05)
1.9457 	EXP 	pilot_label_text: text = 'Model AI wykrył w tej twarzy 80%\n'
1.9457 	EXP 	pilot_suwak: markerPos = None
1.9457 	EXP 	pilot_suwak: markerPos = 0
1.9457 	EXP 	pilot_lewa_etykieta: height = np.float64(0.07)
1.9457 	EXP 	pilot_lewa_etykieta: height = np.float64(0.07)
1.9457 	EXP 	pilot_lewa_etykieta: height = np.float64(0.07)
1.9457 	EXP 	pilot_lewa_etykieta: text = 'radość'
1.9457 	EXP 	pilot_prawa_etykieta: height = np.float64(0.07)
1.9457 	EXP 	pilot_prawa_etykieta: height = np.float64(0.07)
1.9457 	EXP 	pilot_prawa_etykieta: height = np.float64(0.07)
1.9457 	EXP 	pilot_prawa_etykieta: text = 'smutek'
1.9457 	EXP 	pilot_fiksacja1: autoDraw = True
1.9798 	EXP 	Device response: <KeyPress from None: t=1.8911510999896564, value=space, duration=0.07938010001089424>
2.9601 	EXP 	pilot_fiksacja1: autoDraw = False
3.0099 	EXP 	pilot_label_text: autoDraw = True
5.5033 	EXP 	pilot_fiksacja2: autoDraw = True
6.0185 	EXP 	pilot_label_text: autoDraw = False
6.5034 	EXP 	pilot_stim_image: autoDraw = True
6.5180 	EXP 	pilot_fiksacja2: autoDraw = False
7.4054 	EXP 	pilot_suwak: autoDraw = True
7.4054 	EXP 	pilot_pytanie: autoDraw = True
7.4054 	EXP 	pilot_lewa_etykieta: autoDraw = True
7.4054 	EXP 	pilot_prawa_etykieta: autoDraw = True
7.4146 	EXP 	pilot_stim_image: autoDraw = False
21.6261 	EXP 	Device response: <KeyPress from None: t=21.615754100028425, value=escape, duration=None>
21.6266 	DATA 	Keypress: escape
21.7426 	EXP 	Device response: <KeyPress from None: t=21.615754100028425, value=escape, duration=0.11525539995636791>
21.7427 	EXP 	untitled_FINAL_NEWEST: status = STOPPED
21.7589 	EXP 	pilot_suwak: autoDraw = False
21.7589 	EXP 	pilot_pytanie: autoDraw = False
21.7589 	EXP 	pilot_lewa_etykieta: autoDraw = False
21.7589 	EXP 	pilot_prawa_etykieta: autoDraw = False
21.7591 	EXP 	untitled_FINAL_NEWEST: status = STOPPED
21.7670 	INFO 	saved data to 'C:\\Users\\julia\\OneDrive\\Pulpit\\percepcja_psychopy\\data\\899694_untitled_FINAL_NEWEST_2026-04-24_18h17.25.400.csv'
21.7693 	INFO 	saved data to C:\Users\julia\OneDrive\Pulpit\percepcja_psychopy\data\899694_untitled_FINAL_NEWEST_2026-04-24_18h17.25.400.psydat
22.4895 	WARNING 	Stopping key buffers but this could be dangerous ifother keyboards rely on the same.
