11.7583 	INFO 	Loaded monitor calibration from ['2026_03_18 20:30']
11.7939 	WARNING 	User requested fullscreen with size [1090  800], but screen is actually [1920, 1080]. Using actual size
12.6734 	INFO 	Using renderer 'Intel(R) UHD Graphics' for graphics
12.6734 	INFO 	OpenGL version supported by driver is 4..
13.8810 	EXP 	Created window1 = Window(allowGUI=False, allowStencil=True, autoLog=True, backendConf=UNKNOWN, backgroundFit=<method-wrapper '__getattribute__' of attributeSetter object at 0x0000024D2F6BE470>, backgroundImage=<method-wrapper '__getattribute__' of attributeSetter object at 0x0000024D2F6BE4D0>, bitsMode=UNKNOWN, blendMode='avg', bpc=(8, 8, 8), color=array([0.6549, 0.6549, 0.6549]), colorSpace='rgb', depthBits=8, fullscr=True, gamma=None, gammaErrorPolicy='raise', infoMsg=UNKNOWN, lms=UNKNOWN, monitor=<psychopy.monitors.calibTools.Monitor object at 0x0000024D29746E60>, multiSample=False, name='window1', numSamples=2, pos=[np.float64(0.0), np.float64(0.0)], screen=0, size=array([1920, 1080]), stencilBits=8, stereo=False, title='PsychoPy', units='height', useFBO=True, useRetina=False, viewOri=0.0, viewPos=None, viewScale=None, waitBlanking=True, winType='pyglet')
13.8811 	EXP 	window1: backgroundImage = ''
13.8811 	EXP 	window1: backgroundFit = 'none'
14.0598 	INFO 	keyboard.Keyboard is using ptb backend.
14.0600 	EXP 	percepcja_wersja_finalna: status = STARTED
14.3526 	EXP 	Created suwaki_interpretacja = ImageStim(__class__=<class 'psychopy.visual.image.ImageStim'>, anchor=('center', 'center'), autoLog=True, color=array([1., 1., 1.]), colorSpace='rgb', contrast=1.0, depth=-3.0, draggable=False, flipHoriz=np.False_, flipVert=np.False_, image='photos/suwaki_instrukcja.png', interpolate=True, mask=None, maskParams=None, name='suwaki_interpretacja', opacity=1, ori=0.0, pos=array([ 0. , -0.2]), size=array([1.  , 0.75]), texRes=128.0, units='norm', win=Window(...))
14.5335 	EXP 	Created proba_testowa = TextStim(__class__=<class 'psychopy.visual.text.TextStim'>, alignHoriz=method-wrapper(...), alignText='center', alignVert=method-wrapper(...), anchorHoriz='center', anchorVert='center', antialias=True, autoDraw=False, autoLog=True, bold=False, color=array([-1., -1., -1.]), colorSpace='rgb', contrast=1.0, depth=-2.0, draggable=False, flipHoriz=False, flipVert=False, font='Arial', fontFiles=[], height=np.float64(0.04), italic=False, languageStyle='LTR', name='proba_testowa', opacity=1, ori=0.0, pos=array([0., 0.]), rgb=UNKNOWN, text=str(...), units='height', win=Window(...), wrapWidth=1.4)
14.5348 	EXP 	Created pilot_label_text = TextStim(__class__=<class 'psychopy.visual.text.TextStim'>, alignHoriz=method-wrapper(...), alignText='center', alignVert=method-wrapper(...), anchorHoriz='center', anchorVert='center', antialias=True, autoDraw=False, autoLog=True, bold=False, color=array([-1., -1., -1.]), colorSpace='rgb', contrast=1.0, depth=-1.0, draggable=False, flipHoriz=False, flipVert=False, font='Arial', fontFiles=[], height=0.05, italic=False, languageStyle='LTR', name='pilot_label_text', opacity=1, ori=0.0, pos=array([0., 0.]), rgb=UNKNOWN, text='', units='height', win=Window(...), wrapWidth=1)
14.5426 	EXP 	Created pilot_fiksacja1 = TextStim(__class__=<class 'psychopy.visual.text.TextStim'>, alignHoriz=method-wrapper(...), alignText='center', alignVert=method-wrapper(...), anchorHoriz='center', anchorVert='center', antialias=True, autoDraw=False, autoLog=True, bold=False, color=array([-1., -1., -1.]), colorSpace='rgb', contrast=1.0, depth=-2.0, draggable=False, flipHoriz=False, flipVert=False, font='Courier New', fontFiles=[], height=np.float64(0.1), italic=False, languageStyle='LTR', name='pilot_fiksacja1', opacity=1, ori=0.0, pos=array([0., 0.]), rgb=UNKNOWN, text='+', units='height', win=Window(...), wrapWidth=1)
14.5752 	EXP 	Created pilot_suwak = Slider(__class__=<class 'psychopy.visual.slider.Slider'>, autoDraw=False, autoLog=True, borderColor=None, color=None, colorSpace='rgb', depth=-3, fillColor=None, flip=False, font='Noto Sans', granularity=0.0, labelColor=None, labelHeight=np.float64(0.05), labelWrapWidth=None, labels=None, lineColor=None, markerColor=None, name='pilot_suwak', opacity=None, ori=0.0, pos=array([ 0. , -0.5]), readOnly=False, self=UNKNOWN, size=array([1. , 0.1]), startValue=0, style='slider', styleTweaks=[], ticks=array([-50, -25,   0,  25,  50]), units='norm', win=Window(...))
14.5799 	EXP 	Created pilot_fiksacja2 = TextStim(__class__=<class 'psychopy.visual.text.TextStim'>, alignHoriz=method-wrapper(...), alignText='center', alignVert=method-wrapper(...), anchorHoriz='center', anchorVert='center', antialias=True, autoDraw=False, autoLog=True, bold=False, color=array([-1., -1., -1.]), colorSpace='rgb', contrast=1.0, depth=-4.0, draggable=False, flipHoriz=False, flipVert=False, font='Courier New', fontFiles=[], height=np.float64(0.1), italic=False, languageStyle='LTR', name='pilot_fiksacja2', opacity=1, ori=0.0, pos=array([0., 0.]), rgb=UNKNOWN, text='+', units='height', win=Window(...), wrapWidth=1)
14.5984 	EXP 	Created pilot_pytanie = TextStim(__class__=<class 'psychopy.visual.text.TextStim'>, alignHoriz=method-wrapper(...), alignText='center', alignVert=method-wrapper(...), anchorHoriz='center', anchorVert='center', antialias=True, autoDraw=False, autoLog=True, bold=False, color=array([-1., -1., -1.]), colorSpace='rgb', contrast=1.0, depth=-5.0, draggable=False, flipHoriz=False, flipVert=False, font='Arial', fontFiles=[], height=np.float64(0.05), italic=False, languageStyle='LTR', name='pilot_pytanie', opacity=1, ori=0.0, pos=array([0., 0.]), rgb=UNKNOWN, text='Jaką emocję wyrażała ta twarz?', units='height', win=Window(...), wrapWidth=1)
14.5994 	EXP 	Created pilot_lewa_etykieta = TextStim(__class__=<class 'psychopy.visual.text.TextStim'>, alignHoriz=method-wrapper(...), alignText='center', alignVert=method-wrapper(...), anchorHoriz='center', anchorVert='center', antialias=True, autoDraw=False, autoLog=True, bold=False, color=array([-1., -1., -1.]), colorSpace='rgb', contrast=1.0, depth=-6.0, draggable=False, flipHoriz=False, flipVert=False, font='Arial', fontFiles=[], height=0.085, italic=False, languageStyle='LTR', name='pilot_lewa_etykieta', opacity=1, ori=0.0, pos=array([-0.6, -0.5]), rgb=UNKNOWN, text='', units='norm', win=Window(...), wrapWidth=1)
14.5999 	EXP 	Created pilot_prawa_etykieta = TextStim(__class__=<class 'psychopy.visual.text.TextStim'>, alignHoriz=method-wrapper(...), alignText='center', alignVert=method-wrapper(...), anchorHoriz='center', anchorVert='center', antialias=True, autoDraw=False, autoLog=True, bold=False, color=array([-1., -1., -1.]), colorSpace='rgb', contrast=1.0, depth=-7.0, draggable=False, flipHoriz=False, flipVert=False, font='Arial', fontFiles=[], height=0.085, italic=False, languageStyle='LTR', name='pilot_prawa_etykieta', opacity=1, ori=0.0, pos=array([ 0.6, -0.5]), rgb=UNKNOWN, text='', units='norm', win=Window(...), wrapWidth=1)
14.6367 	EXP 	Created pilot_stim_image = ImageStim(__class__=<class 'psychopy.visual.image.ImageStim'>, anchor=('center', 'center'), autoLog=True, color=array([1., 1., 1.]), colorSpace='rgb', contrast=1.0, depth=-8.0, draggable=False, flipHoriz=np.False_, flipVert=np.False_, image='photos/twarz_testowa.jpg', interpolate=True, mask=None, maskParams=None, name='pilot_stim_image', opacity=1, ori=0.0, pos=array([0., 0.]), size=array([0.75, 0.75]), texRes=128.0, units='height', win=Window(...))
14.6738 	EXP 	Created start_badania = TextStim(__class__=<class 'psychopy.visual.text.TextStim'>, alignHoriz=method-wrapper(...), alignText='center', alignVert=method-wrapper(...), anchorHoriz='center', anchorVert='center', antialias=True, autoDraw=False, autoLog=True, bold=False, color=array([-1., -1., -1.]), colorSpace='rgb', contrast=1.0, depth=-2.0, draggable=False, flipHoriz=False, flipVert=False, font='Arial', fontFiles=[], height=np.float64(0.1), italic=False, languageStyle='LTR', name='start_badania', opacity=1, ori=0.0, pos=array([0., 0.]), rgb=UNKNOWN, text=str(...), units='norm', win=Window(...), wrapWidth=1.4)
14.6806 	EXP 	Created przerwa_text = TextStim(__class__=<class 'psychopy.visual.text.TextStim'>, alignHoriz=method-wrapper(...), alignText='center', alignVert=method-wrapper(...), anchorHoriz='center', anchorVert='center', antialias=True, autoDraw=False, autoLog=True, bold=False, color=array([-1., -1., -1.]), colorSpace='rgb', contrast=1.0, depth=0.0, draggable=False, flipHoriz=False, flipVert=False, font='Arial', fontFiles=[], height=np.float64(0.1), italic=False, languageStyle='LTR', name='przerwa_text', opacity=1, ori=0.0, pos=array([0., 0.]), rgb=UNKNOWN, text=str(...), units='norm', win=Window(...), wrapWidth=1)
14.6812 	EXP 	Created label_text = TextStim(__class__=<class 'psychopy.visual.text.TextStim'>, alignHoriz=method-wrapper(...), alignText='center', alignVert=method-wrapper(...), anchorHoriz='center', anchorVert='center', antialias=True, autoDraw=False, autoLog=True, bold=False, color=array([-1., -1., -1.]), colorSpace='rgb', contrast=1.0, depth=-2.0, draggable=False, flipHoriz=False, flipVert=False, font='Arial', fontFiles=[], height=0.05, italic=False, languageStyle='LTR', name='label_text', opacity=1, ori=0.0, pos=array([0., 0.]), rgb=UNKNOWN, text='', units='height', win=Window(...), wrapWidth=1.3)
14.6874 	EXP 	Created stim_image = ImageStim(__class__=<class 'psychopy.visual.image.ImageStim'>, anchor=('center', 'center'), autoLog=True, color=array([1., 1., 1.]), colorSpace='rgb', contrast=1.0, depth=-3.0, draggable=False, flipHoriz=np.False_, flipVert=np.False_, image='default.png', interpolate=True, mask=None, maskParams=None, name='stim_image', opacity=1, ori=0.0, pos=array([0., 0.]), size=array([0.75, 0.75]), texRes=128.0, units='height', win=Window(...))
14.6971 	EXP 	Created suwak_badanie = Slider(__class__=<class 'psychopy.visual.slider.Slider'>, autoDraw=False, autoLog=True, borderColor=None, color=None, colorSpace='rgb', depth=-4, fillColor=None, flip=False, font='Noto Sans', granularity=0.0, labelColor=None, labelHeight=np.float64(0.05), labelWrapWidth=None, labels=None, lineColor=None, markerColor=None, name='suwak_badanie', opacity=None, ori=0.0, pos=array([ 0. , -0.5]), readOnly=False, self=UNKNOWN, size=array([1. , 0.1]), startValue=0, style='slider', styleTweaks=[], ticks=array([-50, -25,   0,  25,  50]), units='norm', win=Window(...))
14.6981 	EXP 	Created lewa_etykieta = TextStim(__class__=<class 'psychopy.visual.text.TextStim'>, alignHoriz=method-wrapper(...), alignText='center', alignVert=method-wrapper(...), anchorHoriz='center', anchorVert='center', antialias=True, autoDraw=False, autoLog=True, bold=False, color=array([-1., -1., -1.]), colorSpace='rgb', contrast=1.0, depth=-5.0, draggable=False, flipHoriz=False, flipVert=False, font='Arial', fontFiles=[], height=0.085, italic=False, languageStyle='LTR', name='lewa_etykieta', opacity=1, ori=0.0, pos=array([-0.65, -0.5 ]), rgb=UNKNOWN, text='', units='norm', win=Window(...), wrapWidth=1)
14.6988 	EXP 	Created prawa_etykieta = TextStim(__class__=<class 'psychopy.visual.text.TextStim'>, alignHoriz=method-wrapper(...), alignText='center', alignVert=method-wrapper(...), anchorHoriz='center', anchorVert='center', antialias=True, autoDraw=False, autoLog=True, bold=False, color=array([-1., -1., -1.]), colorSpace='rgb', contrast=1.0, depth=-6.0, draggable=False, flipHoriz=False, flipVert=False, font='Arial', fontFiles=[], height=0.085, italic=False, languageStyle='LTR', name='prawa_etykieta', opacity=1, ori=0.0, pos=array([ 0.65, -0.5 ]), rgb=UNKNOWN, text='', units='norm', win=Window(...), wrapWidth=1)
14.7013 	EXP 	Created fiksacja2 = TextStim(__class__=<class 'psychopy.visual.text.TextStim'>, alignHoriz=method-wrapper(...), alignText='center', alignVert=method-wrapper(...), anchorHoriz='center', anchorVert='center', antialias=True, autoDraw=False, autoLog=True, bold=False, color=array([-1., -1., -1.]), colorSpace='rgb', contrast=1.0, depth=-7.0, draggable=False, flipHoriz=False, flipVert=False, font='Courier New', fontFiles=[], height=np.float64(0.1), italic=False, languageStyle='LTR', name='fiksacja2', opacity=1, ori=0.0, pos=array([0., 0.]), rgb=UNKNOWN, text='+', units='height', win=Window(...), wrapWidth=1)
14.7050 	EXP 	Created pytanie = TextStim(__class__=<class 'psychopy.visual.text.TextStim'>, alignHoriz=method-wrapper(...), alignText='center', alignVert=method-wrapper(...), anchorHoriz='center', anchorVert='center', antialias=True, autoDraw=False, autoLog=True, bold=False, color=array([-1., -1., -1.]), colorSpace='rgb', contrast=1.0, depth=-8.0, draggable=False, flipHoriz=False, flipVert=False, font='Arial', fontFiles=[], height=np.float64(0.1), italic=False, languageStyle='LTR', name='pytanie', opacity=1, ori=0.0, pos=array([0., 0.]), rgb=UNKNOWN, text='Jaką emocję wyrażała ta twarz?', units='norm', win=Window(...), wrapWidth=1)
14.7065 	EXP 	Created text = TextStim(__class__=<class 'psychopy.visual.text.TextStim'>, alignHoriz=method-wrapper(...), alignText='center', alignVert=method-wrapper(...), anchorHoriz='center', anchorVert='center', antialias=True, autoDraw=False, autoLog=True, bold=False, color=array([1., 1., 1.]), colorSpace='rgb', contrast=1.0, depth=-1.0, draggable=False, flipHoriz=False, flipVert=False, font='Arial', fontFiles=[], height=np.float64(0.05), italic=False, languageStyle='LTR', name='text', opacity=1, ori=0.0, pos=array([0., 0.]), rgb=UNKNOWN, text='', units='height', win=Window(...), wrapWidth=1)
14.7221 	EXP 	Created podziekowania_text = TextStim(__class__=<class 'psychopy.visual.text.TextStim'>, alignHoriz=method-wrapper(...), alignText='center', alignVert=method-wrapper(...), anchorHoriz='center', anchorVert='center', antialias=True, autoDraw=False, autoLog=True, bold=False, color=array([-1., -1., -1.]), colorSpace='rgb', contrast=1.0, depth=0.0, draggable=False, flipHoriz=False, flipVert=False, font='Arial', fontFiles=[], height=np.float64(0.05), italic=False, languageStyle='LTR', name='podziekowania_text', opacity=1, ori=0.0, pos=array([0., 0.]), rgb=UNKNOWN, text=str(...), units='height', win=Window(...), wrapWidth=1)
0.0305 	EXP 	textbox_2: autoLog = True
0.0305 	EXP 	textbox_3: autoLog = True
0.0305 	EXP 	pilot_suwak: autoLog = True
0.0305 	EXP 	pilot_suwak: styleTweaks = []
0.0305 	EXP 	pilot_suwak: styleTweaks = []
0.0305 	EXP 	pilot_suwak: styleTweaks = []
0.0305 	EXP 	pilot_suwak: styleTweaks = []
0.0305 	EXP 	pilot_suwak: contrast = 1.0
0.0305 	EXP 	pilot_suwak: markerPos = 0
0.0305 	EXP 	pilot_suwak: autoLog = True
0.0305 	EXP 	suwak_badanie: autoLog = True
0.0305 	EXP 	suwak_badanie: styleTweaks = []
0.0305 	EXP 	suwak_badanie: styleTweaks = []
0.0305 	EXP 	suwak_badanie: styleTweaks = []
0.0305 	EXP 	suwak_badanie: styleTweaks = []
0.0305 	EXP 	suwak_badanie: contrast = 1.0
0.0305 	EXP 	suwak_badanie: markerPos = 0
0.0305 	EXP 	suwak_badanie: autoLog = True
0.0624 	INFO 	Keyboard events cleared
0.0623 	EXP 	textbox_2: autoDraw = True
42.2417 	EXP 	Device response: <KeyPress from None: t=42.212582600070164, value=space, duration=None>
42.2501 	DATA 	Keypress: space
42.2707 	INFO 	Keyboard events cleared
42.2706 	EXP 	textbox_2: autoDraw = False
42.2706 	EXP 	textbox_3: autoDraw = True
42.2706 	EXP 	suwaki_interpretacja: autoDraw = True
42.3070 	EXP 	Device response: <KeyPress from None: t=42.212582600070164, value=space, duration=0.0898804001044482>
58.0318 	EXP 	Device response: <KeyPress from None: t=58.02273490000516, value=space, duration=None>
58.0371 	DATA 	Keypress: space
58.0476 	INFO 	Keyboard events cleared
58.0475 	EXP 	textbox_3: autoDraw = False
58.0475 	EXP 	suwaki_interpretacja: autoDraw = False
58.0475 	EXP 	proba_testowa: autoDraw = True
58.0814 	EXP 	Device response: <KeyPress from None: t=58.02273490000516, value=space, duration=0.05078759999014437>
72.7412 	EXP 	Device response: <KeyPress from None: t=72.73168940003961, value=space, duration=None>
72.7925 	EXP 	Device response: <KeyPress from None: t=72.73168940003961, value=space, duration=0.050136799924075603>
72.8017 	DATA 	Keypress: space
72.8050 	EXP 	proba_testowa: autoDraw = False
72.8050 	EXP 	pilot_label_text: height = np.float64(0.05)
72.8050 	EXP 	pilot_label_text: height = np.float64(0.05)
72.8050 	EXP 	pilot_label_text: height = np.float64(0.05)
72.8050 	EXP 	pilot_label_text: height = np.float64(0.05)
72.8050 	EXP 	pilot_label_text: height = np.float64(0.05)
72.8050 	EXP 	pilot_label_text: height = np.float64(0.05)
72.8050 	EXP 	pilot_label_text: text = 'Model sztucznej inteligencji wykrył w tej twarzy 80% radości.\n\n'
72.8050 	EXP 	pilot_suwak: markerPos = None
72.8050 	EXP 	pilot_suwak: markerPos = 0
72.8050 	EXP 	pilot_lewa_etykieta: height = np.float64(0.085)
72.8050 	EXP 	pilot_lewa_etykieta: height = np.float64(0.085)
72.8050 	EXP 	pilot_lewa_etykieta: height = np.float64(0.085)
72.8050 	EXP 	pilot_lewa_etykieta: text = 'radość'
72.8050 	EXP 	pilot_prawa_etykieta: height = np.float64(0.085)
72.8050 	EXP 	pilot_prawa_etykieta: height = np.float64(0.085)
72.8050 	EXP 	pilot_prawa_etykieta: height = np.float64(0.085)
72.8050 	EXP 	pilot_prawa_etykieta: text = 'smutek'
72.8050 	EXP 	pilot_fiksacja1: autoDraw = True
73.5541 	EXP 	pilot_fiksacja1: autoDraw = False
73.7045 	EXP 	pilot_label_text: autoDraw = True
76.7122 	EXP 	pilot_label_text: autoDraw = False
76.8954 	EXP 	pilot_fiksacja2: autoDraw = True
77.6601 	EXP 	pilot_fiksacja2: autoDraw = False
77.8443 	EXP 	pilot_stim_image: autoDraw = True
79.1556 	EXP 	pilot_stim_image: autoDraw = False
79.2552 	EXP 	pilot_suwak: autoDraw = True
79.2552 	EXP 	pilot_pytanie: autoDraw = True
79.2552 	EXP 	pilot_lewa_etykieta: autoDraw = True
79.2552 	EXP 	pilot_prawa_etykieta: autoDraw = True
81.0516 	DATA 	Mouse: Left button down, pos=(967,268)
81.1116 	EXP 	pilot_suwak: markerPos = np.float64(0.7291666666666714)
81.1184 	EXP 	pilot_suwak: markerPos = np.float64(0.7291666666666714)
81.1253 	EXP 	pilot_suwak: markerPos = np.float64(0.7291666666666714)
81.1340 	EXP 	pilot_suwak: markerPos = np.float64(0.2083333333333357)
81.1507 	EXP 	pilot_suwak: markerPos = np.float64(-0.2083333333333357)
81.1680 	EXP 	pilot_suwak: markerPos = np.float64(-4.0625)
81.1837 	EXP 	pilot_suwak: markerPos = np.float64(-6.979166666666671)
81.2006 	EXP 	pilot_suwak: markerPos = np.float64(-9.791666666666664)
81.2174 	EXP 	pilot_suwak: markerPos = np.float64(-12.8125)
81.2341 	EXP 	pilot_suwak: markerPos = np.float64(-13.4375)
81.2504 	EXP 	pilot_suwak: markerPos = np.float64(-13.75)
81.2666 	EXP 	pilot_suwak: markerPos = np.float64(-13.854166666666664)
81.2835 	EXP 	pilot_suwak: markerPos = np.float64(-13.854166666666664)
81.3004 	EXP 	pilot_suwak: markerPos = np.float64(-14.270833333333336)
81.3168 	EXP 	pilot_suwak: markerPos = np.float64(-15.0)
81.3338 	EXP 	pilot_suwak: markerPos = np.float64(-15.416666666666664)
81.3500 	EXP 	pilot_suwak: markerPos = np.float64(-15.9375)
81.3669 	EXP 	pilot_suwak: markerPos = np.float64(-16.041666666666664)
81.3837 	EXP 	pilot_suwak: markerPos = np.float64(-16.25)
81.3999 	EXP 	pilot_suwak: markerPos = np.float64(-16.45833333333333)
81.4167 	EXP 	pilot_suwak: markerPos = np.float64(-16.45833333333333)
81.4332 	EXP 	pilot_suwak: markerPos = np.float64(-16.666666666666664)
81.4494 	EXP 	pilot_suwak: markerPos = np.float64(-16.770833333333336)
81.4661 	EXP 	pilot_suwak: markerPos = np.float64(-17.083333333333336)
81.4827 	EXP 	pilot_suwak: markerPos = np.float64(-17.604166666666664)
81.4996 	EXP 	pilot_suwak: markerPos = np.float64(-18.541666666666668)
81.5158 	EXP 	pilot_suwak: markerPos = np.float64(-18.854166666666668)
81.5332 	EXP 	pilot_suwak: markerPos = np.float64(-19.166666666666664)
81.5494 	EXP 	pilot_suwak: markerPos = np.float64(-19.374999999999996)
81.5663 	EXP 	pilot_suwak: markerPos = np.float64(-19.687500000000004)
81.5827 	EXP 	pilot_suwak: markerPos = np.float64(-19.791666666666664)
81.5995 	EXP 	pilot_suwak: markerPos = np.float64(-20.0)
81.6156 	EXP 	pilot_suwak: markerPos = np.float64(-20.104166666666668)
81.6327 	EXP 	pilot_suwak: markerPos = np.float64(-20.416666666666668)
81.6494 	EXP 	pilot_suwak: markerPos = np.float64(-20.416666666666668)
81.6658 	EXP 	pilot_suwak: markerPos = np.float64(-20.520833333333332)
81.6827 	EXP 	pilot_suwak: markerPos = np.float64(-20.520833333333332)
81.6996 	EXP 	pilot_suwak: markerPos = np.float64(-20.520833333333332)
81.7160 	EXP 	pilot_suwak: markerPos = np.float64(-20.520833333333332)
81.7323 	EXP 	pilot_suwak: markerPos = np.float64(-20.520833333333332)
81.7489 	EXP 	pilot_suwak: markerPos = np.float64(-20.625)
81.7654 	EXP 	pilot_suwak: markerPos = np.float64(-20.729166666666664)
81.7822 	EXP 	pilot_suwak: markerPos = np.float64(-20.729166666666664)
81.7983 	EXP 	pilot_suwak: markerPos = np.float64(-20.937499999999996)
81.8150 	EXP 	pilot_suwak: markerPos = np.float64(-20.937499999999996)
81.8317 	EXP 	pilot_suwak: markerPos = np.float64(-21.5625)
81.8487 	EXP 	pilot_suwak: markerPos = np.float64(-21.875)
81.8649 	EXP 	pilot_suwak: markerPos = np.float64(-22.083333333333332)
81.8819 	EXP 	pilot_suwak: markerPos = np.float64(-22.083333333333332)
81.8986 	EXP 	pilot_suwak: markerPos = np.float64(-22.499999999999996)
81.9153 	EXP 	pilot_suwak: markerPos = np.float64(-22.708333333333336)
81.9321 	EXP 	pilot_suwak: markerPos = np.float64(-22.708333333333336)
81.9483 	EXP 	pilot_suwak: markerPos = np.float64(-22.708333333333336)
81.9646 	EXP 	pilot_suwak: markerPos = np.float64(-22.708333333333336)
81.9813 	EXP 	pilot_suwak: markerPos = np.float64(-22.708333333333336)
81.9979 	EXP 	pilot_suwak: markerPos = np.float64(-23.020833333333336)
82.0146 	EXP 	pilot_suwak: markerPos = np.float64(-23.020833333333336)
82.0316 	EXP 	pilot_suwak: markerPos = np.float64(-23.125)
82.0481 	EXP 	pilot_suwak: markerPos = np.float64(-23.229166666666668)
82.0648 	EXP 	pilot_suwak: markerPos = np.float64(-23.75)
82.0813 	EXP 	pilot_suwak: markerPos = np.float64(-23.75)
82.0981 	EXP 	pilot_suwak: markerPos = np.float64(-25.624999999999996)
82.1148 	EXP 	pilot_suwak: markerPos = np.float64(-25.937500000000004)
82.1314 	EXP 	pilot_suwak: markerPos = np.float64(-26.041666666666668)
82.1483 	EXP 	pilot_suwak: markerPos = np.float64(-26.041666666666668)
82.1645 	EXP 	pilot_suwak: markerPos = np.float64(-26.458333333333332)
82.1813 	EXP 	pilot_suwak: markerPos = np.float64(-26.979166666666664)
82.1980 	EXP 	pilot_suwak: markerPos = np.float64(-27.187499999999996)
82.2144 	EXP 	pilot_suwak: markerPos = np.float64(-27.708333333333336)
82.2310 	EXP 	pilot_suwak: markerPos = np.float64(-28.125)
82.2476 	EXP 	pilot_suwak: markerPos = np.float64(-28.333333333333332)
82.2637 	EXP 	pilot_suwak: markerPos = np.float64(-28.4375)
82.2803 	EXP 	pilot_suwak: markerPos = np.float64(-28.645833333333332)
82.2971 	EXP 	pilot_suwak: markerPos = np.float64(-28.958333333333336)
82.3141 	EXP 	pilot_suwak: markerPos = np.float64(-29.062500000000004)
82.3307 	EXP 	pilot_suwak: markerPos = np.float64(-29.375)
82.3469 	EXP 	pilot_suwak: markerPos = np.float64(-29.375)
82.3635 	EXP 	pilot_suwak: markerPos = np.float64(-29.375)
82.3801 	EXP 	pilot_suwak: markerPos = np.float64(-29.375)
82.3967 	EXP 	pilot_suwak: markerPos = np.float64(-29.375)
82.4138 	EXP 	pilot_suwak: markerPos = np.float64(-29.375)
82.4305 	EXP 	pilot_suwak: markerPos = np.float64(-29.375)
82.4470 	EXP 	pilot_suwak: markerPos = np.float64(-29.375)
82.4637 	EXP 	pilot_suwak: markerPos = np.float64(-29.375)
82.4800 	EXP 	pilot_suwak: markerPos = np.float64(-29.375)
82.4971 	EXP 	pilot_suwak: markerPos = np.float64(-29.375)
82.5136 	EXP 	pilot_suwak: markerPos = np.float64(-29.375)
82.5303 	EXP 	pilot_suwak: markerPos = np.float64(-29.375)
82.5462 	EXP 	pilot_suwak: markerPos = np.float64(-29.375)
82.5636 	EXP 	pilot_suwak: markerPos = np.float64(-29.375)
82.5797 	EXP 	pilot_suwak: markerPos = np.float64(-29.375)
82.5967 	EXP 	pilot_suwak: markerPos = np.float64(-29.375)
82.6135 	EXP 	pilot_suwak: markerPos = np.float64(-29.375)
82.6144 	DATA 	Mouse:  Left button up, pos=(678,254)
82.6300 	EXP 	pilot_suwak: markerPos = np.float64(-29.375)
82.6472 	INFO 	Keyboard events cleared
82.6471 	EXP 	pilot_label_text: autoDraw = False
82.6471 	EXP 	pilot_fiksacja1: autoDraw = False
82.6471 	EXP 	pilot_suwak: autoDraw = False
82.6471 	EXP 	pilot_fiksacja2: autoDraw = False
82.6471 	EXP 	pilot_pytanie: autoDraw = False
82.6471 	EXP 	pilot_lewa_etykieta: autoDraw = False
82.6471 	EXP 	pilot_prawa_etykieta: autoDraw = False
82.6471 	EXP 	pilot_stim_image: autoDraw = False
82.6471 	EXP 	start_badania: autoDraw = True
91.5897 	EXP 	Device response: <KeyPress from None: t=91.5891883999575, value=space, duration=None>
91.6201 	EXP 	Imported conditions.xlsx as conditions, 32 conditions, 9 params
91.6213 	EXP 	New trial (rep=0, index=0): <Trial 0 (0 in rep 0) data={'image_path': 'photos/1K_SZ_5050.png', 'etykieta': 'Model sztucznej inteligencji wykrył w tej twarzy 72% strachu.', 'left_label': 'strach', 'right_label': 'złość', 'show_label': 4, 'proporcja_zdjecia': '50/50', 'typ_etykiety': 'Procentowa AI', 'warunek': 'n/d', 'kierunek': 'Sugestia Lewo strach', 'thisN': 0, 'thisTrialN': 0, 'thisRepN': 0}>
91.7312 	EXP 	Device response: <KeyPress from None: t=91.5891883999575, value=space, duration=0.08470080001279712>
91.7340 	DATA 	Keypress: space
91.7372 	EXP 	start_badania: autoDraw = False
91.7372 	EXP 	przerwa_text: autoDraw = False
91.7372 	EXP 	label_text: height = np.float64(0.05)
91.7372 	EXP 	label_text: height = np.float64(0.05)
91.7372 	EXP 	label_text: height = np.float64(0.05)
91.7372 	EXP 	label_text: text = 'Model sztucznej inteligencji wykrył w tej twarzy 72% strachu.'
91.7372 	EXP 	label_text: height = np.float64(0.05)
91.7372 	EXP 	label_text: height = np.float64(0.05)
91.7372 	EXP 	label_text: height = np.float64(0.05)
91.7372 	EXP 	label_text: text = 'Model sztucznej inteligencji wykrył w tej twarzy 72% strachu.'
91.7372 	EXP 	stim_image: image = 'photos/1K_SZ_5050.png'
91.7372 	EXP 	suwak_badanie: markerPos = None
91.7372 	EXP 	suwak_badanie: markerPos = 0
91.7372 	EXP 	lewa_etykieta: height = np.float64(0.085)
91.7372 	EXP 	lewa_etykieta: height = np.float64(0.085)
91.7372 	EXP 	lewa_etykieta: height = np.float64(0.085)
91.7372 	EXP 	lewa_etykieta: text = 'strach'
91.7372 	EXP 	prawa_etykieta: height = np.float64(0.085)
91.7372 	EXP 	prawa_etykieta: height = np.float64(0.085)
91.7372 	EXP 	prawa_etykieta: height = np.float64(0.085)
91.7372 	EXP 	prawa_etykieta: text = 'złość'
91.7372 	EXP 	label_text: autoDraw = True
95.7437 	EXP 	label_text: autoDraw = False
95.8270 	EXP 	fiksacja2: autoDraw = True
96.5916 	EXP 	fiksacja2: autoDraw = False
96.7761 	EXP 	stim_image: autoDraw = True
98.0881 	EXP 	stim_image: autoDraw = False
98.2869 	EXP 	suwak_badanie: autoDraw = True
98.2869 	EXP 	lewa_etykieta: autoDraw = True
98.2869 	EXP 	prawa_etykieta: autoDraw = True
98.2869 	EXP 	pytanie: autoDraw = True
99.2353 	DATA 	Mouse: Left button down, pos=(951,254)
99.2511 	EXP 	suwak_badanie: markerPos = np.float64(-0.9375)
99.2676 	EXP 	suwak_badanie: markerPos = np.float64(-0.9375)
99.2840 	EXP 	suwak_badanie: markerPos = np.float64(-0.9375)
99.3012 	EXP 	suwak_badanie: markerPos = np.float64(-0.9375)
99.3174 	EXP 	suwak_badanie: markerPos = np.float64(-0.9375)
99.3345 	EXP 	suwak_badanie: markerPos = np.float64(-0.9375)
99.3510 	EXP 	suwak_badanie: markerPos = np.float64(-1.25)
99.3680 	EXP 	suwak_badanie: markerPos = np.float64(-1.7708333333333357)
99.3843 	EXP 	suwak_badanie: markerPos = np.float64(-3.2291666666666643)
99.4006 	EXP 	suwak_badanie: markerPos = np.float64(-4.270833333333336)
99.4173 	EXP 	suwak_badanie: markerPos = np.float64(-5.625)
99.4338 	EXP 	suwak_badanie: markerPos = np.float64(-6.979166666666671)
99.4506 	EXP 	suwak_badanie: markerPos = np.float64(-8.229166666666664)
99.4668 	EXP 	suwak_badanie: markerPos = np.float64(-9.791666666666664)
99.4834 	EXP 	suwak_badanie: markerPos = np.float64(-10.729166666666664)
99.5001 	EXP 	suwak_badanie: markerPos = np.float64(-11.770833333333329)
99.5167 	EXP 	suwak_badanie: markerPos = np.float64(-12.708333333333336)
99.5335 	EXP 	suwak_badanie: markerPos = np.float64(-13.75)
99.5500 	EXP 	suwak_badanie: markerPos = np.float64(-15.729166666666664)
99.5665 	EXP 	suwak_badanie: markerPos = np.float64(-16.35416666666667)
99.5833 	EXP 	suwak_badanie: markerPos = np.float64(-16.979166666666664)
99.6002 	EXP 	suwak_badanie: markerPos = np.float64(-17.1875)
99.6165 	EXP 	suwak_badanie: markerPos = np.float64(-17.708333333333336)
99.6330 	EXP 	suwak_badanie: markerPos = np.float64(-18.02083333333333)
99.6497 	EXP 	suwak_badanie: markerPos = np.float64(-18.333333333333336)
99.6664 	EXP 	suwak_badanie: markerPos = np.float64(-18.541666666666668)
99.6835 	EXP 	suwak_badanie: markerPos = np.float64(-18.541666666666668)
99.7000 	EXP 	suwak_badanie: markerPos = np.float64(-19.0625)
99.7163 	EXP 	suwak_badanie: markerPos = np.float64(-19.270833333333336)
99.7328 	EXP 	suwak_badanie: markerPos = np.float64(-19.374999999999996)
99.7495 	EXP 	suwak_badanie: markerPos = np.float64(-19.374999999999996)
99.7662 	EXP 	suwak_badanie: markerPos = np.float64(-19.374999999999996)
99.7830 	EXP 	suwak_badanie: markerPos = np.float64(-19.374999999999996)
99.7993 	EXP 	suwak_badanie: markerPos = np.float64(-19.374999999999996)
99.8163 	EXP 	suwak_badanie: markerPos = np.float64(-19.374999999999996)
99.8330 	EXP 	suwak_badanie: markerPos = np.float64(-19.374999999999996)
99.8341 	DATA 	Mouse:  Left button up, pos=(774,249)
99.8498 	EXP 	suwak_badanie: markerPos = np.float64(-19.374999999999996)
99.8663 	EXP 	label_text: autoDraw = False
99.8663 	EXP 	stim_image: autoDraw = False
99.8663 	EXP 	suwak_badanie: autoDraw = False
99.8663 	EXP 	lewa_etykieta: autoDraw = False
99.8663 	EXP 	prawa_etykieta: autoDraw = False
99.8663 	EXP 	fiksacja2: autoDraw = False
99.8663 	EXP 	pytanie: autoDraw = False
99.8663 	EXP 	text: autoDraw = True
101.8622 	EXP 	New trial (rep=0, index=1): <Trial 1 (1 in rep 0) data={'image_path': 'photos/1K_OZ_8020.png', 'etykieta': 'Poprzedni badani wykryli w tej twarzy oczekiwanie.', 'left_label': 'zaskoczenie', 'right_label': 'oczekiwanie', 'show_label': 4, 'proporcja_zdjecia': '80/20 oczekiwanie', 'typ_etykiety': 'Kategorialna Ludzie', 'warunek': 'Zgodny', 'kierunek': 'Dominacja Prawo oczekiwanie', 'thisN': 1, 'thisTrialN': 1, 'thisRepN': 0}>
101.9383 	EXP 	text: autoDraw = False
101.9383 	EXP 	przerwa_text: autoDraw = False
101.9383 	EXP 	label_text: height = np.float64(0.05)
101.9383 	EXP 	label_text: height = np.float64(0.05)
101.9383 	EXP 	label_text: height = np.float64(0.05)
101.9383 	EXP 	label_text: text = 'Poprzedni badani wykryli w tej twarzy oczekiwanie.'
101.9383 	EXP 	label_text: height = np.float64(0.05)
101.9383 	EXP 	label_text: height = np.float64(0.05)
101.9383 	EXP 	label_text: height = np.float64(0.05)
101.9383 	EXP 	label_text: text = 'Poprzedni badani wykryli w tej twarzy oczekiwanie.'
101.9383 	EXP 	stim_image: image = 'photos/1K_OZ_8020.png'
101.9383 	EXP 	suwak_badanie: markerPos = None
101.9383 	EXP 	suwak_badanie: markerPos = 0
101.9383 	EXP 	lewa_etykieta: height = np.float64(0.085)
101.9383 	EXP 	lewa_etykieta: height = np.float64(0.085)
101.9383 	EXP 	lewa_etykieta: height = np.float64(0.085)
101.9383 	EXP 	lewa_etykieta: text = 'zaskoczenie'
101.9383 	EXP 	prawa_etykieta: height = np.float64(0.085)
101.9383 	EXP 	prawa_etykieta: height = np.float64(0.085)
101.9383 	EXP 	prawa_etykieta: height = np.float64(0.085)
101.9383 	EXP 	prawa_etykieta: text = 'oczekiwanie'
101.9383 	EXP 	label_text: autoDraw = True
105.9492 	EXP 	label_text: autoDraw = False
106.0658 	EXP 	fiksacja2: autoDraw = True
106.8308 	EXP 	fiksacja2: autoDraw = False
107.0139 	EXP 	stim_image: autoDraw = True
108.3264 	EXP 	stim_image: autoDraw = False
108.5257 	EXP 	suwak_badanie: autoDraw = True
108.5257 	EXP 	lewa_etykieta: autoDraw = True
108.5257 	EXP 	prawa_etykieta: autoDraw = True
108.5257 	EXP 	pytanie: autoDraw = True
109.2269 	DATA 	Mouse: Left button down, pos=(961,274)
109.2568 	EXP 	suwak_badanie: markerPos = np.float64(0.1041666666666714)
109.2734 	EXP 	suwak_badanie: markerPos = np.float64(0.1041666666666714)
109.2900 	EXP 	suwak_badanie: markerPos = np.float64(0.1041666666666714)
109.3071 	EXP 	suwak_badanie: markerPos = np.float64(0.1041666666666714)
109.3236 	EXP 	suwak_badanie: markerPos = np.float64(0.1041666666666714)
109.3406 	EXP 	suwak_badanie: markerPos = np.float64(0.1041666666666714)
109.3568 	EXP 	suwak_badanie: markerPos = np.float64(0.1041666666666714)
109.3735 	EXP 	suwak_badanie: markerPos = np.float64(1.0416666666666643)
109.3901 	EXP 	suwak_badanie: markerPos = np.float64(3.0208333333333286)
109.4066 	EXP 	suwak_badanie: markerPos = np.float64(4.0625)
109.4235 	EXP 	suwak_badanie: markerPos = np.float64(5.729166666666664)
109.4401 	EXP 	suwak_badanie: markerPos = np.float64(7.1875)
109.4568 	EXP 	suwak_badanie: markerPos = np.float64(9.687500000000007)
109.4735 	EXP 	suwak_badanie: markerPos = np.float64(10.833333333333343)
109.4745 	DATA 	Mouse:  Left button up, pos=(1074,271)
109.4900 	EXP 	suwak_badanie: markerPos = np.float64(10.833333333333343)
109.5066 	EXP 	label_text: autoDraw = False
109.5066 	EXP 	stim_image: autoDraw = False
109.5066 	EXP 	suwak_badanie: autoDraw = False
109.5066 	EXP 	lewa_etykieta: autoDraw = False
109.5066 	EXP 	prawa_etykieta: autoDraw = False
109.5066 	EXP 	fiksacja2: autoDraw = False
109.5066 	EXP 	pytanie: autoDraw = False
109.5066 	EXP 	text: autoDraw = True
111.5017 	EXP 	New trial (rep=0, index=2): <Trial 2 (2 in rep 0) data={'image_path': 'photos/1K_RS_5050.png', 'etykieta': 'test', 'left_label': 'radość', 'right_label': 'smutek', 'show_label': 0, 'proporcja_zdjecia': '50/50', 'typ_etykiety': 'Kontrolna', 'warunek': 'kontrolny', 'kierunek': 'Brak', 'thisN': 2, 'thisTrialN': 2, 'thisRepN': 0}>
111.6298 	EXP 	text: autoDraw = False
111.6298 	EXP 	przerwa_text: autoDraw = False
111.6298 	EXP 	label_text: height = np.float64(0.05)
111.6298 	EXP 	label_text: height = np.float64(0.05)
111.6298 	EXP 	label_text: height = np.float64(0.05)
111.6298 	EXP 	label_text: text = ''
111.6298 	EXP 	label_text: height = np.float64(0.05)
111.6298 	EXP 	label_text: height = np.float64(0.05)
111.6298 	EXP 	label_text: height = np.float64(0.05)
111.6298 	EXP 	label_text: height = np.float64(0.05)
111.6298 	EXP 	label_text: height = np.float64(0.05)
111.6298 	EXP 	label_text: height = np.float64(0.05)
111.6298 	EXP 	label_text: text = 'test'
111.6298 	EXP 	stim_image: image = 'photos/1K_RS_5050.png'
111.6298 	EXP 	suwak_badanie: markerPos = None
111.6298 	EXP 	suwak_badanie: markerPos = 0
111.6298 	EXP 	lewa_etykieta: height = np.float64(0.085)
111.6298 	EXP 	lewa_etykieta: height = np.float64(0.085)
111.6298 	EXP 	lewa_etykieta: height = np.float64(0.085)
111.6298 	EXP 	lewa_etykieta: text = 'radość'
111.6298 	EXP 	prawa_etykieta: height = np.float64(0.085)
111.6298 	EXP 	prawa_etykieta: height = np.float64(0.085)
111.6298 	EXP 	prawa_etykieta: height = np.float64(0.085)
111.6298 	EXP 	prawa_etykieta: text = 'smutek'
111.6298 	EXP 	label_text: autoDraw = True
111.6298 	EXP 	label_text: autoDraw = False
111.7167 	EXP 	fiksacja2: autoDraw = True
112.4814 	EXP 	fiksacja2: autoDraw = False
112.6663 	EXP 	stim_image: autoDraw = True
113.9772 	EXP 	stim_image: autoDraw = False
114.1608 	EXP 	suwak_badanie: autoDraw = True
114.1608 	EXP 	lewa_etykieta: autoDraw = True
114.1608 	EXP 	prawa_etykieta: autoDraw = True
114.1608 	EXP 	pytanie: autoDraw = True
115.2774 	DATA 	Mouse: Left button down, pos=(934,264)
115.3072 	EXP 	suwak_badanie: markerPos = np.float64(-3.2291666666666643)
115.3240 	EXP 	suwak_badanie: markerPos = np.float64(-3.5416666666666643)
115.3408 	EXP 	suwak_badanie: markerPos = np.float64(-4.0625)
115.3574 	EXP 	suwak_badanie: markerPos = np.float64(-4.375)
115.3743 	EXP 	suwak_badanie: markerPos = np.float64(-4.583333333333336)
115.3903 	EXP 	suwak_badanie: markerPos = np.float64(-5.104166666666664)
115.4068 	EXP 	suwak_badanie: markerPos = np.float64(-5.416666666666671)
115.4238 	EXP 	suwak_badanie: markerPos = np.float64(-5.833333333333336)
115.4400 	EXP 	suwak_badanie: markerPos = np.float64(-6.458333333333336)
115.4565 	EXP 	suwak_badanie: markerPos = np.float64(-7.5)
115.4734 	EXP 	suwak_badanie: markerPos = np.float64(-9.375)
115.4899 	EXP 	suwak_badanie: markerPos = np.float64(-10.3125)
115.5067 	EXP 	suwak_badanie: markerPos = np.float64(-11.041666666666664)
115.5230 	EXP 	suwak_badanie: markerPos = np.float64(-11.770833333333329)
115.5397 	EXP 	suwak_badanie: markerPos = np.float64(-12.395833333333336)
115.5564 	EXP 	suwak_badanie: markerPos = np.float64(-12.5)
115.5730 	EXP 	suwak_badanie: markerPos = np.float64(-13.020833333333336)
115.5896 	EXP 	suwak_badanie: markerPos = np.float64(-13.333333333333329)
115.6062 	EXP 	suwak_badanie: markerPos = np.float64(-13.854166666666664)
115.6230 	EXP 	suwak_badanie: markerPos = np.float64(-14.791666666666671)
115.6398 	EXP 	suwak_badanie: markerPos = np.float64(-15.520833333333336)
115.6560 	EXP 	suwak_badanie: markerPos = np.float64(-16.25)
115.6731 	EXP 	suwak_badanie: markerPos = np.float64(-17.083333333333336)
115.6898 	EXP 	suwak_badanie: markerPos = np.float64(-18.541666666666668)
115.7064 	EXP 	suwak_badanie: markerPos = np.float64(-19.166666666666664)
115.7231 	EXP 	suwak_badanie: markerPos = np.float64(-19.374999999999996)
115.7397 	EXP 	suwak_badanie: markerPos = np.float64(-19.687500000000004)
115.7561 	EXP 	suwak_badanie: markerPos = np.float64(-19.791666666666664)
115.7728 	EXP 	suwak_badanie: markerPos = np.float64(-20.0)
115.7892 	EXP 	suwak_badanie: markerPos = np.float64(-20.0)
115.8061 	EXP 	suwak_badanie: markerPos = np.float64(-20.0)
115.8228 	EXP 	suwak_badanie: markerPos = np.float64(-20.0)
115.8289 	DATA 	Mouse:  Left button up, pos=(768,252)
115.8389 	EXP 	suwak_badanie: markerPos = np.float64(-20.0)
115.8554 	EXP 	suwak_badanie: markerPos = np.float64(-20.0)
115.8721 	EXP 	label_text: autoDraw = False
115.8721 	EXP 	stim_image: autoDraw = False
115.8721 	EXP 	suwak_badanie: autoDraw = False
115.8721 	EXP 	lewa_etykieta: autoDraw = False
115.8721 	EXP 	prawa_etykieta: autoDraw = False
115.8721 	EXP 	fiksacja2: autoDraw = False
115.8721 	EXP 	pytanie: autoDraw = False
115.8721 	EXP 	text: autoDraw = True
117.8683 	EXP 	New trial (rep=0, index=3): <Trial 3 (3 in rep 0) data={'image_path': 'photos/1K_ZW_8020.png', 'etykieta': 'Poprzedni badani wykryli w tej twarzy 20% zaufania.', 'left_label': 'zaufanie', 'right_label': 'wstręt', 'show_label': 4, 'proporcja_zdjecia': '80/20 zaufania', 'typ_etykiety': 'Procentowa Ludzie', 'warunek': 'Niezgodny', 'kierunek': 'Dominacja Lewo zaufanie', 'thisN': 3, 'thisTrialN': 3, 'thisRepN': 0}>
117.9624 	EXP 	text: autoDraw = False
117.9624 	EXP 	przerwa_text: autoDraw = False
117.9624 	EXP 	label_text: height = np.float64(0.05)
117.9624 	EXP 	label_text: height = np.float64(0.05)
117.9624 	EXP 	label_text: height = np.float64(0.05)
117.9624 	EXP 	label_text: text = 'Poprzedni badani wykryli w tej twarzy 20% zaufania.'
117.9624 	EXP 	label_text: height = np.float64(0.05)
117.9624 	EXP 	label_text: height = np.float64(0.05)
117.9624 	EXP 	label_text: height = np.float64(0.05)
117.9624 	EXP 	label_text: text = 'Poprzedni badani wykryli w tej twarzy 20% zaufania.'
117.9624 	EXP 	stim_image: image = 'photos/1K_ZW_8020.png'
117.9624 	EXP 	suwak_badanie: markerPos = None
117.9624 	EXP 	suwak_badanie: markerPos = 0
117.9624 	EXP 	lewa_etykieta: height = np.float64(0.085)
117.9624 	EXP 	lewa_etykieta: height = np.float64(0.085)
117.9624 	EXP 	lewa_etykieta: height = np.float64(0.085)
117.9624 	EXP 	lewa_etykieta: text = 'zaufanie'
117.9624 	EXP 	prawa_etykieta: height = np.float64(0.085)
117.9624 	EXP 	prawa_etykieta: height = np.float64(0.085)
117.9624 	EXP 	prawa_etykieta: height = np.float64(0.085)
117.9624 	EXP 	prawa_etykieta: text = 'wstręt'
117.9624 	EXP 	label_text: autoDraw = True
121.9726 	EXP 	label_text: autoDraw = False
122.0724 	EXP 	fiksacja2: autoDraw = True
122.8368 	EXP 	fiksacja2: autoDraw = False
123.0211 	EXP 	stim_image: autoDraw = True
124.3323 	EXP 	stim_image: autoDraw = False
124.5322 	EXP 	suwak_badanie: autoDraw = True
124.5322 	EXP 	lewa_etykieta: autoDraw = True
124.5322 	EXP 	prawa_etykieta: autoDraw = True
124.5322 	EXP 	pytanie: autoDraw = True
125.0984 	DATA 	Mouse: Left button down, pos=(978,275)
125.1144 	EXP 	suwak_badanie: markerPos = np.float64(1.875000000000007)
125.1312 	EXP 	suwak_badanie: markerPos = np.float64(1.875000000000007)
125.1476 	EXP 	suwak_badanie: markerPos = np.float64(1.875000000000007)
125.1639 	EXP 	suwak_badanie: markerPos = np.float64(1.7708333333333357)
125.1803 	EXP 	suwak_badanie: markerPos = np.float64(1.1458333333333357)
125.1970 	EXP 	suwak_badanie: markerPos = np.float64(0.5208333333333357)
125.2138 	EXP 	suwak_badanie: markerPos = np.float64(-0.625)
125.2304 	EXP 	suwak_badanie: markerPos = np.float64(-2.2916666666666643)
125.2472 	EXP 	suwak_badanie: markerPos = np.float64(-3.2291666666666643)
125.2636 	EXP 	suwak_badanie: markerPos = np.float64(-3.9583333333333286)
125.2805 	EXP 	suwak_badanie: markerPos = np.float64(-4.479166666666664)
125.2971 	EXP 	suwak_badanie: markerPos = np.float64(-5.625)
125.3134 	EXP 	suwak_badanie: markerPos = np.float64(-6.666666666666664)
125.3301 	EXP 	suwak_badanie: markerPos = np.float64(-7.916666666666664)
125.3469 	EXP 	suwak_badanie: markerPos = np.float64(-8.541666666666671)
125.3631 	EXP 	suwak_badanie: markerPos = np.float64(-9.0625)
125.3804 	EXP 	suwak_badanie: markerPos = np.float64(-9.583333333333336)
125.3967 	EXP 	suwak_badanie: markerPos = np.float64(-10.0)
125.4131 	EXP 	suwak_badanie: markerPos = np.float64(-10.208333333333329)
125.4296 	EXP 	suwak_badanie: markerPos = np.float64(-10.520833333333336)
125.4465 	EXP 	suwak_badanie: markerPos = np.float64(-10.833333333333336)
125.4633 	EXP 	suwak_badanie: markerPos = np.float64(-11.041666666666664)
125.4792 	EXP 	suwak_badanie: markerPos = np.float64(-11.145833333333336)
125.4959 	EXP 	suwak_badanie: markerPos = np.float64(-11.145833333333336)
125.5006 	DATA 	Mouse:  Left button up, pos=(853,241)
125.5128 	EXP 	suwak_badanie: markerPos = np.float64(-11.145833333333336)
125.5293 	EXP 	suwak_badanie: markerPos = np.float64(-11.145833333333336)
125.5465 	EXP 	label_text: autoDraw = False
125.5465 	EXP 	stim_image: autoDraw = False
125.5465 	EXP 	suwak_badanie: autoDraw = False
125.5465 	EXP 	lewa_etykieta: autoDraw = False
125.5465 	EXP 	prawa_etykieta: autoDraw = False
125.5465 	EXP 	fiksacja2: autoDraw = False
125.5465 	EXP 	pytanie: autoDraw = False
125.5465 	EXP 	text: autoDraw = True
127.5418 	EXP 	New trial (rep=0, index=4): <Trial 4 (4 in rep 0) data={'image_path': 'photos/1K_ZO_5050.png', 'etykieta': 'Poprzedni badani wykryli w tej twarzy 75% oczekiwania.', 'left_label': 'zaskoczenie', 'right_label': 'oczekiwanie', 'show_label': 4, 'proporcja_zdjecia': '50/50 ', 'typ_etykiety': 'Procentowa Ludzie', 'warunek': 'n/d', 'kierunek': 'Sugestia Prawo oczekiwanie', 'thisN': 4, 'thisTrialN': 4, 'thisRepN': 0}>
127.6763 	EXP 	text: autoDraw = False
127.6763 	EXP 	przerwa_text: autoDraw = False
127.6763 	EXP 	label_text: height = np.float64(0.05)
127.6763 	EXP 	label_text: height = np.float64(0.05)
127.6763 	EXP 	label_text: height = np.float64(0.05)
127.6763 	EXP 	label_text: text = 'Poprzedni badani wykryli w tej twarzy 75% oczekiwania.'
127.6763 	EXP 	label_text: height = np.float64(0.05)
127.6763 	EXP 	label_text: height = np.float64(0.05)
127.6763 	EXP 	label_text: height = np.float64(0.05)
127.6763 	EXP 	label_text: text = 'Poprzedni badani wykryli w tej twarzy 75% oczekiwania.'
127.6763 	EXP 	stim_image: image = 'photos/1K_ZO_5050.png'
127.6763 	EXP 	suwak_badanie: markerPos = None
127.6763 	EXP 	suwak_badanie: markerPos = 0
127.6763 	EXP 	lewa_etykieta: height = np.float64(0.085)
127.6763 	EXP 	lewa_etykieta: height = np.float64(0.085)
127.6763 	EXP 	lewa_etykieta: height = np.float64(0.085)
127.6763 	EXP 	lewa_etykieta: text = 'zaskoczenie'
127.6763 	EXP 	prawa_etykieta: height = np.float64(0.085)
127.6763 	EXP 	prawa_etykieta: height = np.float64(0.085)
127.6763 	EXP 	prawa_etykieta: height = np.float64(0.085)
127.6763 	EXP 	prawa_etykieta: text = 'oczekiwanie'
127.6763 	EXP 	label_text: autoDraw = True
131.6793 	EXP 	label_text: autoDraw = False
131.7459 	EXP 	fiksacja2: autoDraw = True
132.5102 	EXP 	fiksacja2: autoDraw = False
132.6941 	EXP 	stim_image: autoDraw = True
134.0067 	EXP 	stim_image: autoDraw = False
134.2064 	EXP 	suwak_badanie: autoDraw = True
134.2064 	EXP 	lewa_etykieta: autoDraw = True
134.2064 	EXP 	prawa_etykieta: autoDraw = True
134.2064 	EXP 	pytanie: autoDraw = True
134.9254 	DATA 	Keypress: escape
134.9374 	EXP 	Device response: <KeyPress from None: t=134.92396709998138, value=escape, duration=None>
135.1199 	EXP 	Device response: <KeyPress from None: t=134.92396709998138, value=escape, duration=0.18656830000691116>
135.1199 	EXP 	percepcja_wersja_finalna: status = STOPPED
135.1368 	EXP 	suwak_badanie: autoDraw = False
135.1368 	EXP 	lewa_etykieta: autoDraw = False
135.1368 	EXP 	prawa_etykieta: autoDraw = False
135.1368 	EXP 	pytanie: autoDraw = False
135.1369 	EXP 	percepcja_wersja_finalna: status = STOPPED
135.1469 	INFO 	saved data to 'C:\\Users\\julia\\OneDrive\\Pulpit\\percepcja_psychopy\\data\\918269_percepcja_wersja_finalna_2026-05-04_10h19.31.323.csv'
135.1493 	INFO 	saved data to C:\Users\julia\OneDrive\Pulpit\percepcja_psychopy\data\918269_percepcja_wersja_finalna_2026-05-04_10h19.31.323.psydat
136.2803 	WARNING 	Stopping key buffers but this could be dangerous ifother keyboards rely on the same.
