7.7753 	INFO 	Loaded monitor calibration from ['2026_03_18 20:30']
7.7938 	WARNING 	User requested fullscreen with size [1090  800], but screen is actually [1920, 1080]. Using actual size
8.3938 	INFO 	Using renderer 'Intel(R) UHD Graphics' for graphics
8.3938 	INFO 	OpenGL version supported by driver is 4..
9.2263 	EXP 	Created window1 = Window(allowGUI=False, allowStencil=False, autoLog=True, backendConf=UNKNOWN, backgroundFit=<method-wrapper '__getattribute__' of attributeSetter object at 0x000001F8F71B29B0>, backgroundImage=<method-wrapper '__getattribute__' of attributeSetter object at 0x000001F8F71B2A10>, bitsMode=UNKNOWN, blendMode='avg', bpc=(8, 8, 8), color=array([0, 0, 0]), colorSpace='rgb', depthBits=8, fullscr=True, gamma=None, gammaErrorPolicy='raise', infoMsg=UNKNOWN, lms=UNKNOWN, monitor=<psychopy.monitors.calibTools.Monitor object at 0x000001F8F57B9A80>, multiSample=False, name='window1', numSamples=2, pos=[np.float64(0.0), np.float64(0.0)], screen=0, size=array([1920, 1080]), stencilBits=0, stereo=False, title='PsychoPy', units='height', useFBO=True, useRetina=False, viewOri=0.0, viewPos=None, viewScale=None, waitBlanking=True, winType='pyglet')
9.2264 	EXP 	window1: backgroundImage = ''
9.2264 	EXP 	window1: backgroundFit = 'none'
9.6494 	EXP 	window1: Attempting to measure frame rate of screen (0) ...
9.6495 	EXP 	window1: recordFrameIntervals = False
9.7888 	EXP 	window1: recordFrameIntervals = True
11.4510 	EXP 	window1: recordFrameIntervals = False
11.4511 	EXP 	Screen (0) actual frame rate measured at 60.11Hz
11.6137 	INFO 	keyboard.Keyboard is using ptb backend.
11.6137 	EXP 	untitled: status = STARTED
11.6427 	EXP 	Created label_text = TextStim(__class__=<class 'psychopy.visual.text.TextStim'>, alignHoriz=method-wrapper(...), alignText='center', alignVert=method-wrapper(...), anchorHoriz='center', anchorVert='center', antialias=True, autoDraw=False, autoLog=True, bold=False, color=array([1., 1., 1.]), colorSpace='rgb', contrast=1.0, depth=-1.0, draggable=False, flipHoriz=False, flipVert=False, font='Arial', fontFiles=[], height=0.05, italic=False, languageStyle='LTR', name='label_text', opacity=1, ori=0.0, pos=array([0., 0.]), rgb=UNKNOWN, text='', units='height', win=Window(...), wrapWidth=1)
11.6820 	EXP 	Created stim_image = ImageStim(__class__=<class 'psychopy.visual.image.ImageStim'>, anchor=('center', 'center'), autoLog=True, color=array([1., 1., 1.]), colorSpace='rgb', contrast=1.0, depth=-2.0, draggable=False, flipHoriz=np.False_, flipVert=np.False_, image='default.png', interpolate=True, mask=None, maskParams=None, name='stim_image', opacity=1, ori=0.0, pos=array([0., 0.]), size=array([0.5, 0.5]), texRes=128.0, units='height', win=Window(...))
12.0615 	EXP 	Created emotion_rating = Slider(__class__=<class 'psychopy.visual.slider.Slider'>, autoDraw=False, autoLog=True, borderColor=None, color=None, colorSpace='rgb', depth=-3, fillColor=None, flip=False, font='Noto Sans', granularity=0.0, labelColor=None, labelHeight=np.float64(0.05), labelWrapWidth=None, labels=('smutek', 'radość'), lineColor=None, markerColor=None, name='emotion_rating', opacity=None, ori=0.0, pos=array([0., 0.]), readOnly=False, self=UNKNOWN, size=array([0.5, 0.1]), startValue=None, style='slider', styleTweaks=[], ticks=array([1, 2, 3, 4, 5]), units='norm', win=Window(...))
0.0077 	EXP 	emotion_rating: autoLog = True
0.0077 	EXP 	emotion_rating: styleTweaks = []
0.0077 	EXP 	emotion_rating: styleTweaks = []
0.0077 	EXP 	emotion_rating: styleTweaks = []
0.0077 	EXP 	emotion_rating: styleTweaks = []
0.0077 	EXP 	emotion_rating: contrast = 1.0
0.0077 	EXP 	emotion_rating: markerPos = None
0.0077 	EXP 	emotion_rating: autoLog = True
0.0165 	EXP 	Imported C:/Users/julia/OneDrive/Pulpit/percepcja_psychopy/conditions.xlsx as conditions, 12 conditions, 3 params
0.0168 	EXP 	New trial (rep=0, index=0): <Trial 0 (0 in rep 0) data={'image_path': 'C:\\Users\\julia\\OneDrive\\Pulpit\\percepcja_psychopy\\photos\\360_F_268212419_ZBJvlgVezhjziaP9aynnMGMLOvjUgNG5.jpg', 'label': 'Ten piesek jest smutny', 'show_label': 1, 'thisN': 0, 'thisTrialN': 0, 'thisRepN': 0}>
0.0917 	EXP 	label_text: height = np.float64(0.05)
0.0917 	EXP 	label_text: height = np.float64(0.05)
0.0917 	EXP 	label_text: height = np.float64(0.05)
0.0917 	EXP 	label_text: text = 'Ten piesek jest smutny'
0.0917 	EXP 	stim_image: image = 'C:\\Users\\julia\\OneDrive\\Pulpit\\percepcja_psychopy\\photos\\360_F_268212419_ZBJvlgVezhjziaP9aynnMGMLOvjUgNG5.jpg'
0.0917 	EXP 	emotion_rating: markerPos = None
0.0917 	EXP 	emotion_rating: markerPos = None
0.0917 	EXP 	label_text: autoDraw = True
1.0044 	EXP 	stim_image: autoDraw = True
1.1011 	EXP 	label_text: autoDraw = False
2.0153 	EXP 	stim_image: autoDraw = False
2.0153 	EXP 	emotion_rating: autoDraw = True
2.9053 	DATA 	Mouse: Left button down, pos=(1031,534)
2.9299 	EXP 	emotion_rating: markerPos = np.float64(3.5416666666666665)
2.9465 	EXP 	emotion_rating: markerPos = np.float64(3.5166666666666666)
2.9629 	EXP 	emotion_rating: markerPos = np.float64(3.4333333333333336)
2.9791 	EXP 	emotion_rating: markerPos = np.float64(3.3833333333333333)
2.9957 	EXP 	emotion_rating: markerPos = np.float64(3.2416666666666667)
3.0128 	EXP 	emotion_rating: markerPos = np.float64(3.158333333333333)
3.0289 	EXP 	emotion_rating: markerPos = np.float64(3.066666666666667)
3.0457 	EXP 	emotion_rating: markerPos = np.float64(2.908333333333333)
3.0625 	EXP 	emotion_rating: markerPos = np.float64(2.85)
3.0791 	EXP 	emotion_rating: markerPos = np.float64(2.6833333333333336)
3.0957 	EXP 	emotion_rating: markerPos = np.float64(2.575)
3.1117 	EXP 	emotion_rating: markerPos = np.float64(2.5166666666666666)
3.1288 	EXP 	emotion_rating: markerPos = np.float64(2.408333333333333)
3.1454 	EXP 	emotion_rating: markerPos = np.float64(2.375)
3.1618 	EXP 	emotion_rating: markerPos = np.float64(2.2916666666666665)
3.1790 	EXP 	emotion_rating: markerPos = np.float64(2.2)
3.1952 	EXP 	emotion_rating: markerPos = np.float64(2.1166666666666667)
3.2120 	EXP 	emotion_rating: markerPos = np.float64(2.033333333333333)
3.2286 	EXP 	emotion_rating: markerPos = np.float64(1.9916666666666667)
3.2454 	EXP 	emotion_rating: markerPos = np.float64(1.9583333333333333)
3.2615 	EXP 	emotion_rating: markerPos = np.float64(1.95)
3.2778 	EXP 	emotion_rating: markerPos = np.float64(1.9333333333333333)
3.2952 	EXP 	emotion_rating: markerPos = np.float64(1.9166666666666667)
3.3115 	EXP 	emotion_rating: markerPos = np.float64(1.875)
3.3281 	EXP 	emotion_rating: markerPos = np.float64(1.8583333333333334)
3.3448 	EXP 	emotion_rating: markerPos = np.float64(1.825)
3.3615 	EXP 	emotion_rating: markerPos = np.float64(1.8083333333333333)
3.3784 	EXP 	emotion_rating: markerPos = np.float64(1.8083333333333333)
3.3947 	EXP 	emotion_rating: markerPos = np.float64(1.775)
3.4111 	EXP 	emotion_rating: markerPos = np.float64(1.75)
3.4280 	EXP 	emotion_rating: markerPos = np.float64(1.7416666666666667)
3.4443 	EXP 	emotion_rating: markerPos = np.float64(1.725)
3.4610 	EXP 	emotion_rating: markerPos = np.float64(1.7083333333333333)
3.4775 	EXP 	emotion_rating: markerPos = np.float64(1.575)
3.4942 	EXP 	emotion_rating: markerPos = np.float64(1.5166666666666666)
3.5112 	EXP 	emotion_rating: markerPos = np.float64(1.4583333333333333)
3.5274 	EXP 	emotion_rating: markerPos = np.float64(1.425)
3.5442 	EXP 	emotion_rating: markerPos = np.float64(1.3916666666666666)
3.5609 	EXP 	emotion_rating: markerPos = np.float64(1.3916666666666666)
3.5774 	EXP 	emotion_rating: markerPos = np.float64(1.3916666666666666)
3.5943 	EXP 	emotion_rating: markerPos = np.float64(1.3916666666666666)
3.6107 	EXP 	emotion_rating: markerPos = np.float64(1.3916666666666666)
3.6274 	EXP 	emotion_rating: markerPos = np.float64(1.3916666666666666)
3.6439 	EXP 	emotion_rating: markerPos = np.float64(1.3916666666666666)
3.6606 	EXP 	emotion_rating: markerPos = np.float64(1.3916666666666666)
3.6776 	EXP 	emotion_rating: markerPos = np.float64(1.3916666666666666)
3.6781 	DATA 	Mouse:  Left button up, pos=(767,518)
3.6941 	EXP 	emotion_rating: markerPos = np.float64(1.3916666666666666)
3.6953 	EXP 	New trial (rep=0, index=1): <Trial 1 (1 in rep 0) data={'image_path': 'C:\\Users\\julia\\OneDrive\\Pulpit\\percepcja_psychopy\\photos\\dachshund-8910099_640.jpg', 'label': 'Ten piesek jest wesoły', 'show_label': 0, 'thisN': 1, 'thisTrialN': 1, 'thisRepN': 0}>
3.7132 	EXP 	label_text: autoDraw = False
3.7132 	EXP 	stim_image: autoDraw = False
3.7132 	EXP 	emotion_rating: autoDraw = False
3.7132 	EXP 	label_text: height = np.float64(0.05)
3.7132 	EXP 	label_text: height = np.float64(0.05)
3.7132 	EXP 	label_text: height = np.float64(0.05)
3.7132 	EXP 	label_text: text = 'Ten piesek jest wesoły'
3.7132 	EXP 	stim_image: image = 'C:\\Users\\julia\\OneDrive\\Pulpit\\percepcja_psychopy\\photos\\dachshund-8910099_640.jpg'
3.7132 	EXP 	emotion_rating: markerPos = None
3.7132 	EXP 	emotion_rating: markerPos = None
3.7132 	EXP 	label_text: autoDraw = True
4.7083 	EXP 	stim_image: autoDraw = True
4.7249 	EXP 	label_text: autoDraw = False
5.7050 	EXP 	emotion_rating: autoDraw = True
5.7215 	EXP 	stim_image: autoDraw = False
6.5535 	DATA 	Mouse: Left button down, pos=(964,528)
6.5691 	EXP 	emotion_rating: markerPos = np.float64(3.033333333333333)
6.5859 	EXP 	emotion_rating: markerPos = np.float64(3.033333333333333)
6.6029 	EXP 	emotion_rating: markerPos = np.float64(3.033333333333333)
6.6192 	EXP 	emotion_rating: markerPos = np.float64(3.091666666666667)
6.6356 	EXP 	emotion_rating: markerPos = np.float64(3.1416666666666666)
6.6524 	EXP 	emotion_rating: markerPos = np.float64(3.216666666666667)
6.6689 	EXP 	emotion_rating: markerPos = np.float64(3.2916666666666665)
6.6859 	EXP 	emotion_rating: markerPos = np.float64(3.408333333333333)
6.7021 	EXP 	emotion_rating: markerPos = np.float64(3.6166666666666667)
6.7187 	EXP 	emotion_rating: markerPos = np.float64(3.875)
6.7355 	EXP 	emotion_rating: markerPos = np.float64(4.075)
6.7521 	EXP 	emotion_rating: markerPos = np.float64(4.158333333333333)
6.7688 	EXP 	emotion_rating: markerPos = np.float64(4.308333333333334)
6.7858 	EXP 	emotion_rating: markerPos = np.float64(4.325)
6.8018 	EXP 	emotion_rating: markerPos = np.float64(4.341666666666667)
6.8186 	EXP 	emotion_rating: markerPos = np.float64(4.341666666666667)
6.8353 	EXP 	emotion_rating: markerPos = np.float64(4.35)
6.8519 	EXP 	emotion_rating: markerPos = np.float64(4.366666666666667)
6.8684 	EXP 	emotion_rating: markerPos = np.float64(4.366666666666667)
6.8849 	EXP 	emotion_rating: markerPos = np.float64(4.366666666666667)
6.9017 	EXP 	emotion_rating: markerPos = np.float64(4.383333333333333)
6.9185 	EXP 	emotion_rating: markerPos = np.float64(4.4)
6.9349 	EXP 	emotion_rating: markerPos = np.float64(4.416666666666667)
6.9515 	EXP 	emotion_rating: markerPos = np.float64(4.416666666666667)
6.9684 	EXP 	emotion_rating: markerPos = np.float64(4.433333333333334)
6.9848 	EXP 	emotion_rating: markerPos = np.float64(4.433333333333334)
7.0017 	EXP 	emotion_rating: markerPos = np.float64(4.433333333333334)
7.0181 	EXP 	emotion_rating: markerPos = np.float64(4.433333333333334)
7.0350 	EXP 	emotion_rating: markerPos = np.float64(4.441666666666666)
7.0514 	EXP 	emotion_rating: markerPos = np.float64(4.441666666666666)
7.0679 	EXP 	emotion_rating: markerPos = np.float64(4.441666666666666)
7.0846 	EXP 	emotion_rating: markerPos = np.float64(4.441666666666666)
7.1012 	EXP 	emotion_rating: markerPos = np.float64(4.441666666666666)
7.1176 	EXP 	emotion_rating: markerPos = np.float64(4.441666666666666)
7.1342 	EXP 	emotion_rating: markerPos = np.float64(4.441666666666666)
7.1508 	EXP 	emotion_rating: markerPos = np.float64(4.441666666666666)
7.1513 	DATA 	Mouse:  Left button up, pos=(1133,527)
7.1677 	EXP 	emotion_rating: markerPos = np.float64(4.441666666666666)
7.1687 	EXP 	New trial (rep=0, index=2): <Trial 2 (2 in rep 0) data={'image_path': 'C:\\Users\\julia\\OneDrive\\Pulpit\\percepcja_psychopy\\photos\\ee7bd76502e1d9aea7c74fc5bea75be9.jpg', 'label': 'Ten piesek jest smutny', 'show_label': 0, 'thisN': 2, 'thisTrialN': 2, 'thisRepN': 0}>
7.1852 	EXP 	label_text: autoDraw = False
7.1852 	EXP 	stim_image: autoDraw = False
7.1852 	EXP 	emotion_rating: autoDraw = False
7.1852 	EXP 	label_text: height = np.float64(0.05)
7.1852 	EXP 	label_text: height = np.float64(0.05)
7.1852 	EXP 	label_text: height = np.float64(0.05)
7.1852 	EXP 	label_text: text = 'Ten piesek jest smutny'
7.1852 	EXP 	stim_image: image = 'C:\\Users\\julia\\OneDrive\\Pulpit\\percepcja_psychopy\\photos\\ee7bd76502e1d9aea7c74fc5bea75be9.jpg'
7.1852 	EXP 	emotion_rating: markerPos = None
7.1852 	EXP 	emotion_rating: markerPos = None
7.1852 	EXP 	label_text: autoDraw = True
8.1822 	EXP 	stim_image: autoDraw = True
8.1988 	EXP 	label_text: autoDraw = False
9.1793 	EXP 	emotion_rating: autoDraw = True
9.1950 	EXP 	stim_image: autoDraw = False
10.0273 	DATA 	Mouse: Left button down, pos=(999,533)
10.0433 	EXP 	emotion_rating: markerPos = np.float64(3.325)
10.0599 	EXP 	emotion_rating: markerPos = np.float64(3.325)
10.0769 	EXP 	emotion_rating: markerPos = np.float64(3.325)
10.0930 	EXP 	emotion_rating: markerPos = np.float64(3.325)
10.1098 	EXP 	emotion_rating: markerPos = np.float64(3.325)
10.1261 	EXP 	emotion_rating: markerPos = np.float64(3.3)
10.1433 	EXP 	emotion_rating: markerPos = np.float64(3.2583333333333333)
10.1596 	EXP 	emotion_rating: markerPos = np.float64(3.1666666666666665)
10.1760 	EXP 	emotion_rating: markerPos = np.float64(3.0833333333333335)
10.1928 	EXP 	emotion_rating: markerPos = np.float64(2.975)
10.2095 	EXP 	emotion_rating: markerPos = np.float64(2.8916666666666666)
10.2264 	EXP 	emotion_rating: markerPos = np.float64(2.6166666666666667)
10.2424 	EXP 	emotion_rating: markerPos = np.float64(2.4916666666666667)
10.2592 	EXP 	emotion_rating: markerPos = np.float64(2.325)
10.2758 	EXP 	emotion_rating: markerPos = np.float64(2.1916666666666664)
10.2932 	EXP 	emotion_rating: markerPos = np.float64(2.125)
10.3092 	EXP 	emotion_rating: markerPos = np.float64(2.0166666666666666)
10.3254 	EXP 	emotion_rating: markerPos = np.float64(1.8666666666666667)
10.3426 	EXP 	emotion_rating: markerPos = np.float64(1.7666666666666666)
10.3590 	EXP 	emotion_rating: markerPos = np.float64(1.6916666666666667)
10.3759 	EXP 	emotion_rating: markerPos = np.float64(1.625)
10.3922 	EXP 	emotion_rating: markerPos = np.float64(1.5416666666666667)
10.4087 	EXP 	emotion_rating: markerPos = np.float64(1.4333333333333333)
10.4252 	EXP 	emotion_rating: markerPos = np.float64(1.3916666666666666)
10.4423 	EXP 	emotion_rating: markerPos = np.float64(1.375)
10.4588 	EXP 	emotion_rating: markerPos = np.float64(1.3666666666666667)
10.4753 	EXP 	emotion_rating: markerPos = np.float64(1.3666666666666667)
10.4922 	EXP 	emotion_rating: markerPos = np.float64(1.3666666666666667)
10.5087 	EXP 	emotion_rating: markerPos = np.float64(1.3666666666666667)
10.5252 	EXP 	emotion_rating: markerPos = np.float64(1.3666666666666667)
10.5418 	EXP 	emotion_rating: markerPos = np.float64(1.3666666666666667)
10.5587 	EXP 	emotion_rating: markerPos = np.float64(1.3666666666666667)
10.5750 	EXP 	emotion_rating: markerPos = np.float64(1.3666666666666667)
10.5915 	EXP 	emotion_rating: markerPos = np.float64(1.3666666666666667)
10.6083 	EXP 	emotion_rating: markerPos = np.float64(1.3666666666666667)
10.6247 	EXP 	emotion_rating: markerPos = np.float64(1.3666666666666667)
10.6414 	EXP 	emotion_rating: markerPos = np.float64(1.3666666666666667)
10.6582 	EXP 	emotion_rating: markerPos = np.float64(1.3666666666666667)
10.6748 	EXP 	emotion_rating: markerPos = np.float64(1.3666666666666667)
10.6759 	DATA 	Mouse:  Left button up, pos=(764,521)
10.6910 	EXP 	emotion_rating: markerPos = np.float64(1.3666666666666667)
10.6920 	EXP 	New trial (rep=0, index=3): <Trial 3 (3 in rep 0) data={'image_path': 'C:\\Users\\julia\\OneDrive\\Pulpit\\percepcja_psychopy\\photos\\images (1).jpg', 'label': 'Ten piesek jest smutny', 'show_label': 1, 'thisN': 3, 'thisTrialN': 3, 'thisRepN': 0}>
10.7089 	EXP 	label_text: autoDraw = False
10.7089 	EXP 	stim_image: autoDraw = False
10.7089 	EXP 	emotion_rating: autoDraw = False
10.7089 	EXP 	label_text: text = 'Ten piesek jest smutny'
10.7089 	EXP 	stim_image: image = 'C:\\Users\\julia\\OneDrive\\Pulpit\\percepcja_psychopy\\photos\\images (1).jpg'
10.7089 	EXP 	emotion_rating: markerPos = None
10.7089 	EXP 	emotion_rating: markerPos = None
10.7089 	EXP 	label_text: autoDraw = True
11.7060 	EXP 	stim_image: autoDraw = True
11.7223 	EXP 	label_text: autoDraw = False
12.7026 	EXP 	emotion_rating: autoDraw = True
12.7193 	EXP 	stim_image: autoDraw = False
13.4079 	DATA 	Mouse: Left button down, pos=(944,547)
13.4339 	EXP 	emotion_rating: markerPos = np.float64(2.8666666666666667)
13.4509 	EXP 	emotion_rating: markerPos = np.float64(2.8666666666666667)
13.4670 	EXP 	emotion_rating: markerPos = np.float64(2.8666666666666667)
13.4837 	EXP 	emotion_rating: markerPos = np.float64(2.8666666666666667)
13.5002 	EXP 	emotion_rating: markerPos = np.float64(2.8583333333333334)
13.5167 	EXP 	emotion_rating: markerPos = np.float64(2.8583333333333334)
13.5339 	EXP 	emotion_rating: markerPos = np.float64(2.791666666666667)
13.5507 	EXP 	emotion_rating: markerPos = np.float64(2.725)
13.5668 	EXP 	emotion_rating: markerPos = np.float64(2.6916666666666664)
13.5836 	EXP 	emotion_rating: markerPos = np.float64(2.591666666666667)
13.6002 	EXP 	emotion_rating: markerPos = np.float64(2.466666666666667)
13.6166 	EXP 	emotion_rating: markerPos = np.float64(2.2916666666666665)
13.6332 	EXP 	emotion_rating: markerPos = np.float64(2.2083333333333335)
13.6498 	EXP 	emotion_rating: markerPos = np.float64(2.1416666666666666)
13.6665 	EXP 	emotion_rating: markerPos = np.float64(2.0833333333333335)
13.6835 	EXP 	emotion_rating: markerPos = np.float64(2.025)
13.6996 	EXP 	emotion_rating: markerPos = np.float64(1.9166666666666667)
13.7165 	EXP 	emotion_rating: markerPos = np.float64(1.8666666666666667)
13.7333 	EXP 	emotion_rating: markerPos = np.float64(1.8083333333333333)
13.7498 	EXP 	emotion_rating: markerPos = np.float64(1.75)
13.7665 	EXP 	emotion_rating: markerPos = np.float64(1.6666666666666667)
13.7832 	EXP 	emotion_rating: markerPos = np.float64(1.65)
13.7992 	EXP 	emotion_rating: markerPos = np.float64(1.5916666666666666)
13.8164 	EXP 	emotion_rating: markerPos = np.float64(1.5666666666666667)
13.8330 	EXP 	emotion_rating: markerPos = np.float64(1.55)
13.8496 	EXP 	emotion_rating: markerPos = np.float64(1.55)
13.8662 	EXP 	emotion_rating: markerPos = np.float64(1.55)
13.8828 	EXP 	emotion_rating: markerPos = np.float64(1.55)
13.8994 	EXP 	emotion_rating: markerPos = np.float64(1.55)
13.9160 	EXP 	emotion_rating: markerPos = np.float64(1.55)
13.9327 	EXP 	emotion_rating: markerPos = np.float64(1.55)
13.9492 	EXP 	emotion_rating: markerPos = np.float64(1.55)
13.9655 	EXP 	emotion_rating: markerPos = np.float64(1.55)
13.9820 	EXP 	emotion_rating: markerPos = np.float64(1.55)
13.9881 	DATA 	Mouse:  Left button up, pos=(786,530)
13.9990 	EXP 	emotion_rating: markerPos = np.float64(1.55)
14.0156 	EXP 	emotion_rating: markerPos = np.float64(1.55)
14.0166 	EXP 	New trial (rep=0, index=4): <Trial 4 (4 in rep 0) data={'image_path': 'C:\\Users\\julia\\OneDrive\\Pulpit\\percepcja_psychopy\\photos\\images (2).jpg', 'label': 'Ten piesek jest wesoły', 'show_label': 1, 'thisN': 4, 'thisTrialN': 4, 'thisRepN': 0}>
14.0327 	EXP 	label_text: autoDraw = False
14.0327 	EXP 	stim_image: autoDraw = False
14.0327 	EXP 	emotion_rating: autoDraw = False
14.0327 	EXP 	label_text: height = np.float64(0.05)
14.0327 	EXP 	label_text: height = np.float64(0.05)
14.0327 	EXP 	label_text: height = np.float64(0.05)
14.0327 	EXP 	label_text: text = 'Ten piesek jest wesoły'
14.0327 	EXP 	stim_image: image = 'C:\\Users\\julia\\OneDrive\\Pulpit\\percepcja_psychopy\\photos\\images (2).jpg'
14.0327 	EXP 	emotion_rating: markerPos = None
14.0327 	EXP 	emotion_rating: markerPos = None
14.0327 	EXP 	label_text: autoDraw = True
15.0302 	EXP 	stim_image: autoDraw = True
15.0468 	EXP 	label_text: autoDraw = False
16.0267 	EXP 	emotion_rating: autoDraw = True
16.0432 	EXP 	stim_image: autoDraw = False
16.7767 	DATA 	Mouse: Left button down, pos=(912,531)
16.7911 	EXP 	emotion_rating: markerPos = np.float64(2.6)
16.8082 	EXP 	emotion_rating: markerPos = np.float64(2.6)
16.8248 	EXP 	emotion_rating: markerPos = np.float64(2.6)
16.8412 	EXP 	emotion_rating: markerPos = np.float64(2.6)
16.8578 	EXP 	emotion_rating: markerPos = np.float64(2.6083333333333334)
16.8745 	EXP 	emotion_rating: markerPos = np.float64(2.6166666666666667)
16.8911 	EXP 	emotion_rating: markerPos = np.float64(2.6333333333333333)
16.9083 	EXP 	emotion_rating: markerPos = np.float64(2.666666666666667)
16.9248 	EXP 	emotion_rating: markerPos = np.float64(2.7416666666666667)
16.9409 	EXP 	emotion_rating: markerPos = np.float64(2.8166666666666664)
16.9574 	EXP 	emotion_rating: markerPos = np.float64(2.916666666666667)
16.9741 	EXP 	emotion_rating: markerPos = np.float64(3.025)
16.9906 	EXP 	emotion_rating: markerPos = np.float64(3.15)
17.0073 	EXP 	emotion_rating: markerPos = np.float64(3.3916666666666666)
17.0239 	EXP 	emotion_rating: markerPos = np.float64(3.475)
17.0404 	EXP 	emotion_rating: markerPos = np.float64(3.6)
17.0571 	EXP 	emotion_rating: markerPos = np.float64(3.7)
17.0745 	EXP 	emotion_rating: markerPos = np.float64(3.7416666666666667)
17.0903 	EXP 	emotion_rating: markerPos = np.float64(3.783333333333333)
17.1071 	EXP 	emotion_rating: markerPos = np.float64(3.7916666666666665)
17.1239 	EXP 	emotion_rating: markerPos = np.float64(3.8083333333333336)
17.1406 	EXP 	emotion_rating: markerPos = np.float64(3.8333333333333335)
17.1572 	EXP 	emotion_rating: markerPos = np.float64(3.85)
17.1738 	EXP 	emotion_rating: markerPos = np.float64(3.8916666666666666)
17.1903 	EXP 	emotion_rating: markerPos = np.float64(3.9)
17.2068 	EXP 	emotion_rating: markerPos = np.float64(3.95)
17.2241 	EXP 	emotion_rating: markerPos = np.float64(3.9833333333333334)
17.2404 	EXP 	emotion_rating: markerPos = np.float64(4.025)
17.2572 	EXP 	emotion_rating: markerPos = np.float64(4.05)
17.2736 	EXP 	emotion_rating: markerPos = np.float64(4.075)
17.2901 	EXP 	emotion_rating: markerPos = np.float64(4.108333333333333)
17.3068 	EXP 	emotion_rating: markerPos = np.float64(4.125)
17.3233 	EXP 	emotion_rating: markerPos = np.float64(4.15)
17.3403 	EXP 	emotion_rating: markerPos = np.float64(4.158333333333333)
17.3569 	EXP 	emotion_rating: markerPos = np.float64(4.175)
17.3738 	EXP 	emotion_rating: markerPos = np.float64(4.208333333333334)
17.3895 	EXP 	emotion_rating: markerPos = np.float64(4.233333333333333)
17.4064 	EXP 	emotion_rating: markerPos = np.float64(4.3)
17.4185 	DATA 	Mouse:  Left button up, pos=(1123,518)
17.4229 	EXP 	emotion_rating: markerPos = np.float64(4.341666666666667)
17.4398 	EXP 	emotion_rating: markerPos = np.float64(4.341666666666667)
17.4409 	EXP 	New trial (rep=0, index=5): <Trial 5 (5 in rep 0) data={'image_path': 'C:\\Users\\julia\\OneDrive\\Pulpit\\percepcja_psychopy\\photos\\images (3).jpg', 'label': 'Ten piesek jest smutny', 'show_label': 1, 'thisN': 5, 'thisTrialN': 5, 'thisRepN': 0}>
17.4568 	EXP 	label_text: autoDraw = False
17.4568 	EXP 	stim_image: autoDraw = False
17.4568 	EXP 	emotion_rating: autoDraw = False
17.4568 	EXP 	label_text: height = np.float64(0.05)
17.4568 	EXP 	label_text: height = np.float64(0.05)
17.4568 	EXP 	label_text: height = np.float64(0.05)
17.4568 	EXP 	label_text: text = 'Ten piesek jest smutny'
17.4568 	EXP 	stim_image: image = 'C:\\Users\\julia\\OneDrive\\Pulpit\\percepcja_psychopy\\photos\\images (3).jpg'
17.4568 	EXP 	emotion_rating: markerPos = None
17.4568 	EXP 	emotion_rating: markerPos = None
17.4568 	EXP 	label_text: autoDraw = True
17.5249 	DATA 	Mouse: Left button down, pos=(1136,519)
17.6744 	DATA 	Mouse:  Left button up, pos=(1137,519)
18.4542 	EXP 	stim_image: autoDraw = True
18.4708 	EXP 	label_text: autoDraw = False
19.4510 	EXP 	emotion_rating: autoDraw = True
19.4674 	EXP 	stim_image: autoDraw = False
20.0095 	DATA 	Mouse: Left button down, pos=(940,537)
20.0325 	EXP 	emotion_rating: markerPos = np.float64(2.825)
20.0494 	EXP 	emotion_rating: markerPos = np.float64(2.8083333333333336)
20.0661 	EXP 	emotion_rating: markerPos = np.float64(2.8)
20.0825 	EXP 	emotion_rating: markerPos = np.float64(2.775)
20.0988 	EXP 	emotion_rating: markerPos = np.float64(2.75)
20.1154 	EXP 	emotion_rating: markerPos = np.float64(2.716666666666667)
20.1325 	EXP 	emotion_rating: markerPos = np.float64(2.658333333333333)
20.1490 	EXP 	emotion_rating: markerPos = np.float64(2.575)
20.1653 	EXP 	emotion_rating: markerPos = np.float64(2.4833333333333334)
20.1822 	EXP 	emotion_rating: markerPos = np.float64(2.25)
20.1991 	EXP 	emotion_rating: markerPos = np.float64(2.158333333333333)
20.2158 	EXP 	emotion_rating: markerPos = np.float64(2.025)
20.2319 	EXP 	emotion_rating: markerPos = np.float64(1.9166666666666667)
20.2486 	EXP 	emotion_rating: markerPos = np.float64(1.8666666666666667)
20.2658 	EXP 	emotion_rating: markerPos = np.float64(1.8)
20.2820 	EXP 	emotion_rating: markerPos = np.float64(1.7666666666666666)
20.2983 	EXP 	emotion_rating: markerPos = np.float64(1.7333333333333334)
20.3150 	EXP 	emotion_rating: markerPos = np.float64(1.7166666666666666)
20.3317 	EXP 	emotion_rating: markerPos = np.float64(1.7083333333333333)
20.3484 	EXP 	emotion_rating: markerPos = np.float64(1.6833333333333333)
20.3651 	EXP 	emotion_rating: markerPos = np.float64(1.6666666666666667)
20.3820 	EXP 	emotion_rating: markerPos = np.float64(1.6)
20.3983 	EXP 	emotion_rating: markerPos = np.float64(1.5333333333333334)
20.4150 	EXP 	emotion_rating: markerPos = np.float64(1.5166666666666666)
20.4317 	EXP 	emotion_rating: markerPos = np.float64(1.5)
20.4481 	EXP 	emotion_rating: markerPos = np.float64(1.5)
20.4647 	EXP 	emotion_rating: markerPos = np.float64(1.5)
20.4814 	EXP 	emotion_rating: markerPos = np.float64(1.5)
20.4984 	EXP 	emotion_rating: markerPos = np.float64(1.5)
20.5155 	EXP 	emotion_rating: markerPos = np.float64(1.5)
20.5309 	EXP 	emotion_rating: markerPos = np.float64(1.5)
20.5479 	EXP 	emotion_rating: markerPos = np.float64(1.5)
20.5646 	EXP 	emotion_rating: markerPos = np.float64(1.5)
20.5777 	DATA 	Mouse:  Left button up, pos=(780,522)
20.5812 	EXP 	emotion_rating: markerPos = np.float64(1.5)
20.5977 	EXP 	emotion_rating: markerPos = np.float64(1.5)
20.5985 	EXP 	New trial (rep=0, index=6): <Trial 6 (6 in rep 0) data={'image_path': 'C:\\Users\\julia\\OneDrive\\Pulpit\\percepcja_psychopy\\photos\\images (4).jpg', 'label': 'Ten piesek jest smutny', 'show_label': 0, 'thisN': 6, 'thisTrialN': 6, 'thisRepN': 0}>
20.6147 	EXP 	label_text: autoDraw = False
20.6147 	EXP 	stim_image: autoDraw = False
20.6147 	EXP 	emotion_rating: autoDraw = False
20.6147 	EXP 	label_text: text = 'Ten piesek jest smutny'
20.6147 	EXP 	stim_image: image = 'C:\\Users\\julia\\OneDrive\\Pulpit\\percepcja_psychopy\\photos\\images (4).jpg'
20.6147 	EXP 	emotion_rating: markerPos = None
20.6147 	EXP 	emotion_rating: markerPos = None
20.6147 	EXP 	label_text: autoDraw = True
21.6123 	EXP 	stim_image: autoDraw = True
21.6289 	EXP 	label_text: autoDraw = False
22.6088 	EXP 	emotion_rating: autoDraw = True
22.6254 	EXP 	stim_image: autoDraw = False
23.3240 	DATA 	Mouse: Left button down, pos=(970,538)
23.3403 	EXP 	emotion_rating: markerPos = np.float64(3.0833333333333335)
23.3568 	EXP 	emotion_rating: markerPos = np.float64(3.0833333333333335)
23.3739 	EXP 	emotion_rating: markerPos = np.float64(3.1)
23.3897 	EXP 	emotion_rating: markerPos = np.float64(3.125)
23.4065 	EXP 	emotion_rating: markerPos = np.float64(3.15)
23.4235 	EXP 	emotion_rating: markerPos = np.float64(3.2)
23.4399 	EXP 	emotion_rating: markerPos = np.float64(3.3166666666666664)
23.4563 	EXP 	emotion_rating: markerPos = np.float64(3.4916666666666667)
23.4729 	EXP 	emotion_rating: markerPos = np.float64(3.7416666666666667)
23.4903 	EXP 	emotion_rating: markerPos = np.float64(3.8916666666666666)
23.5066 	EXP 	emotion_rating: markerPos = np.float64(4.15)
23.5230 	EXP 	emotion_rating: markerPos = np.float64(4.333333333333333)
23.5398 	EXP 	emotion_rating: markerPos = np.float64(4.391666666666667)
23.5559 	EXP 	emotion_rating: markerPos = np.float64(4.433333333333334)
23.5727 	EXP 	emotion_rating: markerPos = np.float64(4.475)
23.5896 	EXP 	emotion_rating: markerPos = np.float64(4.491666666666667)
23.6059 	EXP 	emotion_rating: markerPos = np.float64(4.525)
23.6229 	EXP 	emotion_rating: markerPos = np.float64(4.566666666666666)
23.6396 	EXP 	emotion_rating: markerPos = np.float64(4.575)
23.6557 	EXP 	emotion_rating: markerPos = np.float64(4.641666666666667)
23.6727 	EXP 	emotion_rating: markerPos = np.float64(4.675)
23.6893 	EXP 	emotion_rating: markerPos = np.float64(4.716666666666667)
23.7057 	EXP 	emotion_rating: markerPos = np.float64(4.725)
23.7227 	EXP 	emotion_rating: markerPos = np.float64(4.733333333333333)
23.7391 	EXP 	emotion_rating: markerPos = np.float64(4.733333333333333)
23.7566 	EXP 	emotion_rating: markerPos = np.float64(4.733333333333333)
23.7720 	EXP 	emotion_rating: markerPos = np.float64(4.75)
23.7893 	EXP 	emotion_rating: markerPos = np.float64(4.758333333333333)
23.8057 	EXP 	emotion_rating: markerPos = np.float64(4.758333333333333)
23.8224 	EXP 	emotion_rating: markerPos = np.float64(4.758333333333333)
23.8392 	EXP 	emotion_rating: markerPos = np.float64(4.758333333333333)
23.8556 	EXP 	emotion_rating: markerPos = np.float64(4.758333333333333)
23.8719 	EXP 	emotion_rating: markerPos = np.float64(4.775)
23.8885 	EXP 	emotion_rating: markerPos = np.float64(4.775)
23.9051 	EXP 	emotion_rating: markerPos = np.float64(4.791666666666667)
23.9220 	EXP 	emotion_rating: markerPos = np.float64(4.8)
23.9383 	EXP 	emotion_rating: markerPos = np.float64(4.825)
23.9555 	EXP 	emotion_rating: markerPos = np.float64(4.841666666666667)
23.9719 	EXP 	emotion_rating: markerPos = np.float64(4.866666666666667)
23.9887 	EXP 	emotion_rating: markerPos = np.float64(4.891666666666667)
24.0048 	EXP 	emotion_rating: markerPos = np.float64(4.916666666666667)
24.0215 	EXP 	emotion_rating: markerPos = np.float64(4.95)
24.0381 	EXP 	emotion_rating: markerPos = np.float64(4.966666666666667)
24.0548 	EXP 	emotion_rating: markerPos = np.float64(4.983333333333333)
24.0714 	EXP 	emotion_rating: markerPos = np.float64(4.991666666666667)
24.0883 	EXP 	emotion_rating: markerPos = np.float64(5.008333333333333)
24.1048 	EXP 	emotion_rating: markerPos = np.float64(5.016666666666667)
24.1212 	EXP 	emotion_rating: markerPos = np.float64(5.025)
24.1378 	EXP 	emotion_rating: markerPos = np.float64(5.033333333333333)
24.1545 	EXP 	emotion_rating: markerPos = np.float64(5.041666666666666)
24.1716 	EXP 	emotion_rating: markerPos = np.float64(5.05)
24.1885 	EXP 	emotion_rating: markerPos = np.float64(5.058333333333334)
24.2046 	EXP 	emotion_rating: markerPos = np.float64(5.058333333333334)
24.2209 	EXP 	emotion_rating: markerPos = np.float64(5.058333333333334)
24.2379 	EXP 	emotion_rating: markerPos = np.float64(5.058333333333334)
24.2544 	EXP 	emotion_rating: markerPos = np.float64(5.058333333333334)
24.2710 	EXP 	emotion_rating: markerPos = np.float64(5.058333333333334)
24.2877 	EXP 	emotion_rating: markerPos = np.float64(5.058333333333334)
24.3043 	EXP 	emotion_rating: markerPos = np.float64(5.058333333333334)
24.3211 	EXP 	emotion_rating: markerPos = np.float64(5.058333333333334)
24.3374 	EXP 	emotion_rating: markerPos = np.float64(5.058333333333334)
24.3386 	DATA 	Mouse:  Left button up, pos=(1207,533)
24.3538 	EXP 	emotion_rating: markerPos = np.int64(5)
24.3547 	EXP 	New trial (rep=0, index=7): <Trial 7 (7 in rep 0) data={'image_path': 'C:\\Users\\julia\\OneDrive\\Pulpit\\percepcja_psychopy\\photos\\images (5).jpg', 'label': 'Ten piesek jest wesoły', 'show_label': 1, 'thisN': 7, 'thisTrialN': 7, 'thisRepN': 0}>
24.3710 	EXP 	label_text: autoDraw = False
24.3710 	EXP 	stim_image: autoDraw = False
24.3710 	EXP 	emotion_rating: autoDraw = False
24.3710 	EXP 	label_text: height = np.float64(0.05)
24.3710 	EXP 	label_text: height = np.float64(0.05)
24.3710 	EXP 	label_text: height = np.float64(0.05)
24.3710 	EXP 	label_text: text = 'Ten piesek jest wesoły'
24.3710 	EXP 	stim_image: image = 'C:\\Users\\julia\\OneDrive\\Pulpit\\percepcja_psychopy\\photos\\images (5).jpg'
24.3710 	EXP 	emotion_rating: markerPos = None
24.3710 	EXP 	emotion_rating: markerPos = None
24.3710 	EXP 	label_text: autoDraw = True
25.3687 	EXP 	stim_image: autoDraw = True
25.3853 	EXP 	label_text: autoDraw = False
26.3656 	EXP 	emotion_rating: autoDraw = True
26.3816 	EXP 	stim_image: autoDraw = False
30.7431 	DATA 	Keypress: escape
30.7605 	EXP 	Device response: <KeyPress from None: t=30.74075399999856, value=escape, duration=None>
30.8865 	EXP 	Device response: <KeyPress from None: t=30.74075399999856, value=escape, duration=0.1407577999998466>
30.8866 	EXP 	untitled: status = STOPPED
30.9030 	EXP 	emotion_rating: autoDraw = False
30.9032 	EXP 	untitled: status = STOPPED
30.9160 	INFO 	saved data to 'C:\\Users\\julia\\OneDrive\\Pulpit\\percepcja_psychopy\\data\\919660_untitled_2026-04-18_23h45.36.463.csv'
30.9196 	INFO 	saved data to C:\Users\julia\OneDrive\Pulpit\percepcja_psychopy\data\919660_untitled_2026-04-18_23h45.36.463.psydat
31.7507 	WARNING 	Stopping key buffers but this could be dangerous ifother keyboards rely on the same.
