109.8716 	INFO 	Loaded monitor calibration from ['2026_03_18 20:30']
109.8948 	WARNING 	User requested fullscreen with size [1090  800], but screen is actually [1920, 1080]. Using actual size
110.6896 	INFO 	Using renderer 'Intel(R) UHD Graphics' for graphics
110.6896 	INFO 	OpenGL version supported by driver is 4..
111.5553 	EXP 	Created window1 = Window(allowGUI=False, allowStencil=True, autoLog=True, backendConf=UNKNOWN, backgroundFit=<method-wrapper '__getattribute__' of attributeSetter object at 0x000002C7B0426B30>, backgroundImage=<method-wrapper '__getattribute__' of attributeSetter object at 0x000002C7B0426AD0>, bitsMode=UNKNOWN, blendMode='avg', bpc=(8, 8, 8), color=array([0.6549, 0.6549, 0.6549]), colorSpace='rgb', depthBits=8, fullscr=True, gamma=None, gammaErrorPolicy='raise', infoMsg=UNKNOWN, lms=UNKNOWN, monitor=<psychopy.monitors.calibTools.Monitor object at 0x000002C7AF128DF0>, multiSample=False, name='window1', numSamples=2, pos=[np.float64(0.0), np.float64(0.0)], screen=0, size=array([1920, 1080]), stencilBits=8, stereo=False, title='PsychoPy', units='height', useFBO=True, useRetina=False, viewOri=0.0, viewPos=None, viewScale=None, waitBlanking=True, winType='pyglet')
111.5554 	EXP 	window1: backgroundImage = ''
111.5555 	EXP 	window1: backgroundFit = 'none'
111.7066 	INFO 	keyboard.Keyboard is using ptb backend.
111.7067 	EXP 	percepcja_wersja_finalna: status = STARTED
111.9324 	EXP 	Created suwaki_interpretacja = ImageStim(__class__=<class 'psychopy.visual.image.ImageStim'>, anchor=('center', 'center'), autoLog=True, color=array([1., 1., 1.]), colorSpace='rgb', contrast=1.0, depth=-3.0, draggable=False, flipHoriz=np.False_, flipVert=np.False_, image='photos/suwaki_instrukcja.png', interpolate=True, mask=None, maskParams=None, name='suwaki_interpretacja', opacity=1, ori=0.0, pos=array([ 0. , -0.2]), size=array([1.  , 0.75]), texRes=128.0, units='norm', win=Window(...))
112.0614 	EXP 	Created proba_testowa = TextStim(__class__=<class 'psychopy.visual.text.TextStim'>, alignHoriz=method-wrapper(...), alignText='center', alignVert=method-wrapper(...), anchorHoriz='center', anchorVert='center', antialias=True, autoDraw=False, autoLog=True, bold=False, color=array([-1., -1., -1.]), colorSpace='rgb', contrast=1.0, depth=-2.0, draggable=False, flipHoriz=False, flipVert=False, font='Arial', fontFiles=[], height=np.float64(0.04), italic=False, languageStyle='LTR', name='proba_testowa', opacity=1, ori=0.0, pos=array([0., 0.]), rgb=UNKNOWN, text=str(...), units='height', win=Window(...), wrapWidth=1.4)
112.0642 	EXP 	Created pilot_label_text = TextStim(__class__=<class 'psychopy.visual.text.TextStim'>, alignHoriz=method-wrapper(...), alignText='center', alignVert=method-wrapper(...), anchorHoriz='center', anchorVert='center', antialias=True, autoDraw=False, autoLog=True, bold=False, color=array([-1., -1., -1.]), colorSpace='rgb', contrast=1.0, depth=-1.0, draggable=False, flipHoriz=False, flipVert=False, font='Arial', fontFiles=[], height=0.05, italic=False, languageStyle='LTR', name='pilot_label_text', opacity=1, ori=0.0, pos=array([0., 0.]), rgb=UNKNOWN, text='', units='height', win=Window(...), wrapWidth=1)
112.0697 	EXP 	Created pilot_fiksacja1 = TextStim(__class__=<class 'psychopy.visual.text.TextStim'>, alignHoriz=method-wrapper(...), alignText='center', alignVert=method-wrapper(...), anchorHoriz='center', anchorVert='center', antialias=True, autoDraw=False, autoLog=True, bold=False, color=array([-1., -1., -1.]), colorSpace='rgb', contrast=1.0, depth=-2.0, draggable=False, flipHoriz=False, flipVert=False, font='Courier New', fontFiles=[], height=np.float64(0.1), italic=False, languageStyle='LTR', name='pilot_fiksacja1', opacity=1, ori=0.0, pos=array([0., 0.]), rgb=UNKNOWN, text='+', units='height', win=Window(...), wrapWidth=1)
112.0955 	EXP 	Created pilot_suwak = Slider(__class__=<class 'psychopy.visual.slider.Slider'>, autoDraw=False, autoLog=True, borderColor=None, color=None, colorSpace='rgb', depth=-3, fillColor=None, flip=False, font='Noto Sans', granularity=0.0, labelColor=None, labelHeight=np.float64(0.05), labelWrapWidth=None, labels=None, lineColor=None, markerColor=None, name='pilot_suwak', opacity=None, ori=0.0, pos=array([ 0. , -0.5]), readOnly=False, self=UNKNOWN, size=array([1. , 0.1]), startValue=0, style='slider', styleTweaks=[], ticks=array([-50, -25,   0,  25,  50]), units='norm', win=Window(...))
112.1007 	EXP 	Created pilot_fiksacja2 = TextStim(__class__=<class 'psychopy.visual.text.TextStim'>, alignHoriz=method-wrapper(...), alignText='center', alignVert=method-wrapper(...), anchorHoriz='center', anchorVert='center', antialias=True, autoDraw=False, autoLog=True, bold=False, color=array([-1., -1., -1.]), colorSpace='rgb', contrast=1.0, depth=-4.0, draggable=False, flipHoriz=False, flipVert=False, font='Courier New', fontFiles=[], height=np.float64(0.1), italic=False, languageStyle='LTR', name='pilot_fiksacja2', opacity=1, ori=0.0, pos=array([0., 0.]), rgb=UNKNOWN, text='+', units='height', win=Window(...), wrapWidth=1)
112.1159 	EXP 	Created pilot_pytanie = TextStim(__class__=<class 'psychopy.visual.text.TextStim'>, alignHoriz=method-wrapper(...), alignText='center', alignVert=method-wrapper(...), anchorHoriz='center', anchorVert='center', antialias=True, autoDraw=False, autoLog=True, bold=False, color=array([-1., -1., -1.]), colorSpace='rgb', contrast=1.0, depth=-5.0, draggable=False, flipHoriz=False, flipVert=False, font='Arial', fontFiles=[], height=np.float64(0.05), italic=False, languageStyle='LTR', name='pilot_pytanie', opacity=1, ori=0.0, pos=array([0., 0.]), rgb=UNKNOWN, text='Jaką emocję wyrażała ta twarz?', units='height', win=Window(...), wrapWidth=1)
112.1169 	EXP 	Created pilot_lewa_etykieta = TextStim(__class__=<class 'psychopy.visual.text.TextStim'>, alignHoriz=method-wrapper(...), alignText='center', alignVert=method-wrapper(...), anchorHoriz='center', anchorVert='center', antialias=True, autoDraw=False, autoLog=True, bold=False, color=array([-1., -1., -1.]), colorSpace='rgb', contrast=1.0, depth=-6.0, draggable=False, flipHoriz=False, flipVert=False, font='Arial', fontFiles=[], height=0.085, italic=False, languageStyle='LTR', name='pilot_lewa_etykieta', opacity=1, ori=0.0, pos=array([-0.6, -0.5]), rgb=UNKNOWN, text='', units='norm', win=Window(...), wrapWidth=1)
112.1174 	EXP 	Created pilot_prawa_etykieta = TextStim(__class__=<class 'psychopy.visual.text.TextStim'>, alignHoriz=method-wrapper(...), alignText='center', alignVert=method-wrapper(...), anchorHoriz='center', anchorVert='center', antialias=True, autoDraw=False, autoLog=True, bold=False, color=array([-1., -1., -1.]), colorSpace='rgb', contrast=1.0, depth=-7.0, draggable=False, flipHoriz=False, flipVert=False, font='Arial', fontFiles=[], height=0.085, italic=False, languageStyle='LTR', name='pilot_prawa_etykieta', opacity=1, ori=0.0, pos=array([ 0.6, -0.5]), rgb=UNKNOWN, text='', units='norm', win=Window(...), wrapWidth=1)
112.1517 	EXP 	Created pilot_stim_image = ImageStim(__class__=<class 'psychopy.visual.image.ImageStim'>, anchor=('center', 'center'), autoLog=True, color=array([1., 1., 1.]), colorSpace='rgb', contrast=1.0, depth=-8.0, draggable=False, flipHoriz=np.False_, flipVert=np.False_, image='photos/twarz_testowa.jpg', interpolate=True, mask=None, maskParams=None, name='pilot_stim_image', opacity=1, ori=0.0, pos=array([0., 0.]), size=array([0.75, 0.75]), texRes=128.0, units='height', win=Window(...))
112.1826 	EXP 	Created start_badania = TextStim(__class__=<class 'psychopy.visual.text.TextStim'>, alignHoriz=method-wrapper(...), alignText='center', alignVert=method-wrapper(...), anchorHoriz='center', anchorVert='center', antialias=True, autoDraw=False, autoLog=True, bold=False, color=array([-1., -1., -1.]), colorSpace='rgb', contrast=1.0, depth=-2.0, draggable=False, flipHoriz=False, flipVert=False, font='Arial', fontFiles=[], height=np.float64(0.1), italic=False, languageStyle='LTR', name='start_badania', opacity=1, ori=0.0, pos=array([0., 0.]), rgb=UNKNOWN, text=str(...), units='norm', win=Window(...), wrapWidth=1.4)
112.1878 	EXP 	Created przerwa_text = TextStim(__class__=<class 'psychopy.visual.text.TextStim'>, alignHoriz=method-wrapper(...), alignText='center', alignVert=method-wrapper(...), anchorHoriz='center', anchorVert='center', antialias=True, autoDraw=False, autoLog=True, bold=False, color=array([-1., -1., -1.]), colorSpace='rgb', contrast=1.0, depth=0.0, draggable=False, flipHoriz=False, flipVert=False, font='Arial', fontFiles=[], height=np.float64(0.1), italic=False, languageStyle='LTR', name='przerwa_text', opacity=1, ori=0.0, pos=array([0., 0.]), rgb=UNKNOWN, text=str(...), units='norm', win=Window(...), wrapWidth=1)
112.1889 	EXP 	Created label_text = TextStim(__class__=<class 'psychopy.visual.text.TextStim'>, alignHoriz=method-wrapper(...), alignText='center', alignVert=method-wrapper(...), anchorHoriz='center', anchorVert='center', antialias=True, autoDraw=False, autoLog=True, bold=False, color=array([-1., -1., -1.]), colorSpace='rgb', contrast=1.0, depth=-2.0, draggable=False, flipHoriz=False, flipVert=False, font='Arial', fontFiles=[], height=0.05, italic=False, languageStyle='LTR', name='label_text', opacity=1, ori=0.0, pos=array([0., 0.]), rgb=UNKNOWN, text='', units='height', win=Window(...), wrapWidth=1.3)
112.1932 	EXP 	Created stim_image = ImageStim(__class__=<class 'psychopy.visual.image.ImageStim'>, anchor=('center', 'center'), autoLog=True, color=array([1., 1., 1.]), colorSpace='rgb', contrast=1.0, depth=-3.0, draggable=False, flipHoriz=np.False_, flipVert=np.False_, image='default.png', interpolate=True, mask=None, maskParams=None, name='stim_image', opacity=1, ori=0.0, pos=array([0., 0.]), size=array([0.75, 0.75]), texRes=128.0, units='height', win=Window(...))
112.2013 	EXP 	Created suwak_badanie = Slider(__class__=<class 'psychopy.visual.slider.Slider'>, autoDraw=False, autoLog=True, borderColor=None, color=None, colorSpace='rgb', depth=-4, fillColor=None, flip=False, font='Noto Sans', granularity=0.0, labelColor=None, labelHeight=np.float64(0.05), labelWrapWidth=None, labels=None, lineColor=None, markerColor=None, name='suwak_badanie', opacity=None, ori=0.0, pos=array([ 0. , -0.5]), readOnly=False, self=UNKNOWN, size=array([1. , 0.1]), startValue=0, style='slider', styleTweaks=[], ticks=array([-50, -25,   0,  25,  50]), units='norm', win=Window(...))
112.2019 	EXP 	Created lewa_etykieta = TextStim(__class__=<class 'psychopy.visual.text.TextStim'>, alignHoriz=method-wrapper(...), alignText='center', alignVert=method-wrapper(...), anchorHoriz='center', anchorVert='center', antialias=True, autoDraw=False, autoLog=True, bold=False, color=array([-1., -1., -1.]), colorSpace='rgb', contrast=1.0, depth=-5.0, draggable=False, flipHoriz=False, flipVert=False, font='Arial', fontFiles=[], height=0.085, italic=False, languageStyle='LTR', name='lewa_etykieta', opacity=1, ori=0.0, pos=array([-0.65, -0.5 ]), rgb=UNKNOWN, text='', units='norm', win=Window(...), wrapWidth=1)
112.2023 	EXP 	Created prawa_etykieta = TextStim(__class__=<class 'psychopy.visual.text.TextStim'>, alignHoriz=method-wrapper(...), alignText='center', alignVert=method-wrapper(...), anchorHoriz='center', anchorVert='center', antialias=True, autoDraw=False, autoLog=True, bold=False, color=array([-1., -1., -1.]), colorSpace='rgb', contrast=1.0, depth=-6.0, draggable=False, flipHoriz=False, flipVert=False, font='Arial', fontFiles=[], height=0.085, italic=False, languageStyle='LTR', name='prawa_etykieta', opacity=1, ori=0.0, pos=array([ 0.65, -0.5 ]), rgb=UNKNOWN, text='', units='norm', win=Window(...), wrapWidth=1)
112.2052 	EXP 	Created fiksacja2 = TextStim(__class__=<class 'psychopy.visual.text.TextStim'>, alignHoriz=method-wrapper(...), alignText='center', alignVert=method-wrapper(...), anchorHoriz='center', anchorVert='center', antialias=True, autoDraw=False, autoLog=True, bold=False, color=array([-1., -1., -1.]), colorSpace='rgb', contrast=1.0, depth=-7.0, draggable=False, flipHoriz=False, flipVert=False, font='Courier New', fontFiles=[], height=np.float64(0.1), italic=False, languageStyle='LTR', name='fiksacja2', opacity=1, ori=0.0, pos=array([0., 0.]), rgb=UNKNOWN, text='+', units='height', win=Window(...), wrapWidth=1)
112.2081 	EXP 	Created pytanie = TextStim(__class__=<class 'psychopy.visual.text.TextStim'>, alignHoriz=method-wrapper(...), alignText='center', alignVert=method-wrapper(...), anchorHoriz='center', anchorVert='center', antialias=True, autoDraw=False, autoLog=True, bold=False, color=array([-1., -1., -1.]), colorSpace='rgb', contrast=1.0, depth=-8.0, draggable=False, flipHoriz=False, flipVert=False, font='Arial', fontFiles=[], height=np.float64(0.1), italic=False, languageStyle='LTR', name='pytanie', opacity=1, ori=0.0, pos=array([0., 0.]), rgb=UNKNOWN, text='Jaką emocję wyrażała ta twarz?', units='norm', win=Window(...), wrapWidth=1)
112.2091 	EXP 	Created text = TextStim(__class__=<class 'psychopy.visual.text.TextStim'>, alignHoriz=method-wrapper(...), alignText='center', alignVert=method-wrapper(...), anchorHoriz='center', anchorVert='center', antialias=True, autoDraw=False, autoLog=True, bold=False, color=array([1., 1., 1.]), colorSpace='rgb', contrast=1.0, depth=-1.0, draggable=False, flipHoriz=False, flipVert=False, font='Arial', fontFiles=[], height=np.float64(0.05), italic=False, languageStyle='LTR', name='text', opacity=1, ori=0.0, pos=array([0., 0.]), rgb=UNKNOWN, text='', units='height', win=Window(...), wrapWidth=1)
112.2211 	EXP 	Created podziekowania_text = TextStim(__class__=<class 'psychopy.visual.text.TextStim'>, alignHoriz=method-wrapper(...), alignText='center', alignVert=method-wrapper(...), anchorHoriz='center', anchorVert='center', antialias=True, autoDraw=False, autoLog=True, bold=False, color=array([-1., -1., -1.]), colorSpace='rgb', contrast=1.0, depth=0.0, draggable=False, flipHoriz=False, flipVert=False, font='Arial', fontFiles=[], height=np.float64(0.05), italic=False, languageStyle='LTR', name='podziekowania_text', opacity=1, ori=0.0, pos=array([0., 0.]), rgb=UNKNOWN, text=str(...), units='height', win=Window(...), wrapWidth=1)
0.0207 	EXP 	textbox_2: autoLog = True
0.0207 	EXP 	textbox_3: autoLog = True
0.0207 	EXP 	pilot_suwak: autoLog = True
0.0207 	EXP 	pilot_suwak: styleTweaks = []
0.0207 	EXP 	pilot_suwak: styleTweaks = []
0.0207 	EXP 	pilot_suwak: styleTweaks = []
0.0207 	EXP 	pilot_suwak: styleTweaks = []
0.0207 	EXP 	pilot_suwak: contrast = 1.0
0.0207 	EXP 	pilot_suwak: markerPos = 0
0.0207 	EXP 	pilot_suwak: autoLog = True
0.0207 	EXP 	suwak_badanie: autoLog = True
0.0207 	EXP 	suwak_badanie: styleTweaks = []
0.0207 	EXP 	suwak_badanie: styleTweaks = []
0.0207 	EXP 	suwak_badanie: styleTweaks = []
0.0207 	EXP 	suwak_badanie: styleTweaks = []
0.0207 	EXP 	suwak_badanie: contrast = 1.0
0.0207 	EXP 	suwak_badanie: markerPos = 0
0.0207 	EXP 	suwak_badanie: autoLog = True
0.0528 	INFO 	Keyboard events cleared
0.0527 	EXP 	textbox_2: autoDraw = True
1.0396 	EXP 	Device response: <KeyPress from None: t=1.0304282999131829, value=space, duration=None>
1.0465 	DATA 	Keypress: space
1.0510 	INFO 	Keyboard events cleared
1.0509 	EXP 	textbox_2: autoDraw = False
1.0509 	EXP 	textbox_3: autoDraw = True
1.0509 	EXP 	suwaki_interpretacja: autoDraw = True
1.1016 	EXP 	Device response: <KeyPress from None: t=1.0304282999131829, value=space, duration=0.06521770008839667>
1.3676 	EXP 	Device response: <KeyPress from None: t=1.3665071999421343, value=space, duration=None>
1.3699 	DATA 	Keypress: space
1.3837 	INFO 	Keyboard events cleared
1.3835 	EXP 	textbox_3: autoDraw = False
1.3835 	EXP 	suwaki_interpretacja: autoDraw = False
1.3835 	EXP 	proba_testowa: autoDraw = True
1.4500 	EXP 	Device response: <KeyPress from None: t=1.3665071999421343, value=space, duration=0.06990120001137257>
1.6661 	EXP 	Device response: <KeyPress from None: t=1.6574262999929488, value=space, duration=None>
1.6907 	DATA 	Keypress: space
1.6934 	EXP 	proba_testowa: autoDraw = False
1.6934 	EXP 	pilot_label_text: height = np.float64(0.05)
1.6934 	EXP 	pilot_label_text: height = np.float64(0.05)
1.6934 	EXP 	pilot_label_text: height = np.float64(0.05)
1.6934 	EXP 	pilot_label_text: height = np.float64(0.05)
1.6934 	EXP 	pilot_label_text: height = np.float64(0.05)
1.6934 	EXP 	pilot_label_text: height = np.float64(0.05)
1.6934 	EXP 	pilot_label_text: text = 'Model AI wykrył w tej twarzy 80% smutku.\n\n'
1.6934 	EXP 	pilot_suwak: markerPos = None
1.6934 	EXP 	pilot_suwak: markerPos = 0
1.6934 	EXP 	pilot_lewa_etykieta: height = np.float64(0.085)
1.6934 	EXP 	pilot_lewa_etykieta: height = np.float64(0.085)
1.6934 	EXP 	pilot_lewa_etykieta: height = np.float64(0.085)
1.6934 	EXP 	pilot_lewa_etykieta: text = 'radość'
1.6934 	EXP 	pilot_prawa_etykieta: height = np.float64(0.085)
1.6934 	EXP 	pilot_prawa_etykieta: height = np.float64(0.085)
1.6934 	EXP 	pilot_prawa_etykieta: height = np.float64(0.085)
1.6934 	EXP 	pilot_prawa_etykieta: text = 'smutek'
1.6934 	EXP 	pilot_fiksacja1: autoDraw = True
1.7486 	EXP 	Device response: <KeyPress from None: t=1.6574262999929488, value=space, duration=0.07881659991107881>
2.4465 	EXP 	pilot_fiksacja1: autoDraw = False
2.6295 	EXP 	pilot_label_text: autoDraw = True
5.6381 	EXP 	pilot_label_text: autoDraw = False
5.8207 	EXP 	pilot_fiksacja2: autoDraw = True
6.5854 	EXP 	pilot_fiksacja2: autoDraw = False
6.7692 	EXP 	pilot_stim_image: autoDraw = True
8.0813 	EXP 	pilot_stim_image: autoDraw = False
8.1807 	EXP 	pilot_suwak: autoDraw = True
8.1807 	EXP 	pilot_pytanie: autoDraw = True
8.1807 	EXP 	pilot_lewa_etykieta: autoDraw = True
8.1807 	EXP 	pilot_prawa_etykieta: autoDraw = True
8.7804 	DATA 	Mouse: Left button down, pos=(1282,276)
8.7961 	EXP 	pilot_suwak: markerPos = np.float64(33.54166666666667)
8.8126 	EXP 	pilot_suwak: markerPos = np.float64(33.64583333333333)
8.8292 	EXP 	pilot_suwak: markerPos = np.float64(33.64583333333333)
8.8460 	EXP 	pilot_suwak: markerPos = np.float64(33.64583333333333)
8.8625 	EXP 	pilot_suwak: markerPos = np.float64(33.64583333333333)
8.8789 	EXP 	pilot_suwak: markerPos = np.float64(33.64583333333333)
8.8794 	DATA 	Mouse:  Left button up, pos=(1283,276)
8.8957 	EXP 	pilot_suwak: markerPos = np.float64(33.64583333333333)
8.9130 	INFO 	Keyboard events cleared
8.9129 	EXP 	pilot_label_text: autoDraw = False
8.9129 	EXP 	pilot_fiksacja1: autoDraw = False
8.9129 	EXP 	pilot_suwak: autoDraw = False
8.9129 	EXP 	pilot_fiksacja2: autoDraw = False
8.9129 	EXP 	pilot_pytanie: autoDraw = False
8.9129 	EXP 	pilot_lewa_etykieta: autoDraw = False
8.9129 	EXP 	pilot_prawa_etykieta: autoDraw = False
8.9129 	EXP 	pilot_stim_image: autoDraw = False
8.9129 	EXP 	start_badania: autoDraw = True
9.7108 	EXP 	Device response: <KeyPress from None: t=9.705538399983197, value=space, duration=None>
9.7424 	EXP 	Imported conditions.xlsx as conditions, 32 conditions, 9 params
9.7429 	EXP 	New trial (rep=0, index=0): <Trial 0 (0 in rep 0) data={'image_path': 'photos/1K_SZ_5050.png', 'etykieta': 'Model sztucznej inteligencji wykrył w tej twarzy 72% strachu.', 'left_label': 'strach', 'right_label': 'złość', 'show_label': 4, 'proporcja_zdjecia': '50/50', 'typ_etykiety': 'Procentowa AI', 'warunek': 'n/d', 'kierunek': 'Sugestia Lewo strach', 'thisN': 0, 'thisTrialN': 0, 'thisRepN': 0}>
9.8084 	DATA 	Keypress: space
9.8113 	EXP 	start_badania: autoDraw = False
9.8113 	EXP 	przerwa_text: autoDraw = False
9.8113 	EXP 	label_text: height = np.float64(0.05)
9.8113 	EXP 	label_text: height = np.float64(0.05)
9.8113 	EXP 	label_text: height = np.float64(0.05)
9.8113 	EXP 	label_text: text = 'Model sztucznej inteligencji wykrył w tej twarzy 72% strachu.'
9.8113 	EXP 	label_text: height = np.float64(0.05)
9.8113 	EXP 	label_text: height = np.float64(0.05)
9.8113 	EXP 	label_text: height = np.float64(0.05)
9.8113 	EXP 	label_text: text = 'Model sztucznej inteligencji wykrył w tej twarzy 72% strachu.'
9.8113 	EXP 	stim_image: image = 'photos/1K_SZ_5050.png'
9.8113 	EXP 	suwak_badanie: markerPos = None
9.8113 	EXP 	suwak_badanie: markerPos = 0
9.8113 	EXP 	lewa_etykieta: height = np.float64(0.085)
9.8113 	EXP 	lewa_etykieta: height = np.float64(0.085)
9.8113 	EXP 	lewa_etykieta: height = np.float64(0.085)
9.8113 	EXP 	lewa_etykieta: text = 'strach'
9.8113 	EXP 	prawa_etykieta: height = np.float64(0.085)
9.8113 	EXP 	prawa_etykieta: height = np.float64(0.085)
9.8113 	EXP 	prawa_etykieta: height = np.float64(0.085)
9.8113 	EXP 	prawa_etykieta: text = 'złość'
9.8113 	EXP 	label_text: autoDraw = True
9.8265 	EXP 	Device response: <KeyPress from None: t=9.705538399983197, value=space, duration=0.11389209993649274>
13.8155 	EXP 	label_text: autoDraw = False
13.9486 	EXP 	fiksacja2: autoDraw = True
14.7133 	EXP 	fiksacja2: autoDraw = False
14.8970 	EXP 	stim_image: autoDraw = True
16.2092 	EXP 	stim_image: autoDraw = False
16.4086 	EXP 	suwak_badanie: autoDraw = True
16.4086 	EXP 	lewa_etykieta: autoDraw = True
16.4086 	EXP 	prawa_etykieta: autoDraw = True
16.4086 	EXP 	pytanie: autoDraw = True
17.0747 	DATA 	Mouse: Left button down, pos=(1346,261)
17.0902 	EXP 	suwak_badanie: markerPos = np.float64(40.20833333333333)
17.1066 	EXP 	suwak_badanie: markerPos = np.float64(40.20833333333333)
17.1231 	EXP 	suwak_badanie: markerPos = np.float64(40.20833333333333)
17.1396 	EXP 	suwak_badanie: markerPos = np.float64(40.20833333333333)
17.1453 	DATA 	Mouse:  Left button up, pos=(1346,261)
17.1564 	EXP 	suwak_badanie: markerPos = np.float64(40.20833333333333)
17.1727 	EXP 	suwak_badanie: markerPos = np.float64(40.20833333333333)
17.1895 	EXP 	label_text: autoDraw = False
17.1895 	EXP 	stim_image: autoDraw = False
17.1895 	EXP 	suwak_badanie: autoDraw = False
17.1895 	EXP 	lewa_etykieta: autoDraw = False
17.1895 	EXP 	prawa_etykieta: autoDraw = False
17.1895 	EXP 	fiksacja2: autoDraw = False
17.1895 	EXP 	pytanie: autoDraw = False
17.1895 	EXP 	text: autoDraw = True
19.1858 	EXP 	New trial (rep=0, index=1): <Trial 1 (1 in rep 0) data={'image_path': 'photos/1K_OZ_8020.png', 'etykieta': 'Poprzedni badani wykryli w tej twarzy oczekiwanie.', 'left_label': 'zaskoczenie', 'right_label': 'oczekiwanie', 'show_label': 4, 'proporcja_zdjecia': '80/20 oczekiwanie', 'typ_etykiety': 'Kategorialna Ludzie', 'warunek': 'Zgodny', 'kierunek': 'Dominacja Prawo oczekiwanie', 'thisN': 1, 'thisTrialN': 1, 'thisRepN': 0}>
19.2558 	EXP 	text: autoDraw = False
19.2558 	EXP 	przerwa_text: autoDraw = False
19.2558 	EXP 	label_text: height = np.float64(0.05)
19.2558 	EXP 	label_text: height = np.float64(0.05)
19.2558 	EXP 	label_text: height = np.float64(0.05)
19.2558 	EXP 	label_text: text = 'Poprzedni badani wykryli w tej twarzy oczekiwanie.'
19.2558 	EXP 	label_text: height = np.float64(0.05)
19.2558 	EXP 	label_text: height = np.float64(0.05)
19.2558 	EXP 	label_text: height = np.float64(0.05)
19.2558 	EXP 	label_text: text = 'Poprzedni badani wykryli w tej twarzy oczekiwanie.'
19.2558 	EXP 	stim_image: image = 'photos/1K_OZ_8020.png'
19.2558 	EXP 	suwak_badanie: markerPos = None
19.2558 	EXP 	suwak_badanie: markerPos = 0
19.2558 	EXP 	lewa_etykieta: height = np.float64(0.085)
19.2558 	EXP 	lewa_etykieta: height = np.float64(0.085)
19.2558 	EXP 	lewa_etykieta: height = np.float64(0.085)
19.2558 	EXP 	lewa_etykieta: text = 'zaskoczenie'
19.2558 	EXP 	prawa_etykieta: height = np.float64(0.085)
19.2558 	EXP 	prawa_etykieta: height = np.float64(0.085)
19.2558 	EXP 	prawa_etykieta: height = np.float64(0.085)
19.2558 	EXP 	prawa_etykieta: text = 'oczekiwanie'
19.2558 	EXP 	label_text: autoDraw = True
23.2566 	EXP 	label_text: autoDraw = False
23.3898 	EXP 	fiksacja2: autoDraw = True
24.1542 	EXP 	fiksacja2: autoDraw = False
24.3377 	EXP 	stim_image: autoDraw = True
25.6501 	EXP 	stim_image: autoDraw = False
25.8495 	EXP 	suwak_badanie: autoDraw = True
25.8495 	EXP 	lewa_etykieta: autoDraw = True
25.8495 	EXP 	prawa_etykieta: autoDraw = True
25.8495 	EXP 	pytanie: autoDraw = True
52.6787 	DATA 	Mouse: Left button down, pos=(1347,259)
52.6926 	EXP 	suwak_badanie: markerPos = np.float64(40.3125)
52.7096 	EXP 	suwak_badanie: markerPos = np.float64(40.3125)
52.7258 	EXP 	suwak_badanie: markerPos = np.float64(40.3125)
52.7266 	DATA 	Mouse:  Left button up, pos=(1347,259)
52.7427 	EXP 	suwak_badanie: markerPos = np.float64(40.3125)
52.7593 	EXP 	label_text: autoDraw = False
52.7593 	EXP 	stim_image: autoDraw = False
52.7593 	EXP 	suwak_badanie: autoDraw = False
52.7593 	EXP 	lewa_etykieta: autoDraw = False
52.7593 	EXP 	prawa_etykieta: autoDraw = False
52.7593 	EXP 	fiksacja2: autoDraw = False
52.7593 	EXP 	pytanie: autoDraw = False
52.7593 	EXP 	text: autoDraw = True
54.7554 	EXP 	New trial (rep=0, index=2): <Trial 2 (2 in rep 0) data={'image_path': 'photos/1K_RS_5050.png', 'etykieta': 'test', 'left_label': 'radość', 'right_label': 'smutek', 'show_label': 0, 'proporcja_zdjecia': '50/50', 'typ_etykiety': 'Kontrolna', 'warunek': 'kontrolny', 'kierunek': 'Brak', 'thisN': 2, 'thisTrialN': 2, 'thisRepN': 0}>
54.8261 	EXP 	text: autoDraw = False
54.8261 	EXP 	przerwa_text: autoDraw = False
54.8261 	EXP 	label_text: height = np.float64(0.05)
54.8261 	EXP 	label_text: height = np.float64(0.05)
54.8261 	EXP 	label_text: height = np.float64(0.05)
54.8261 	EXP 	label_text: text = ''
54.8261 	EXP 	label_text: height = np.float64(0.05)
54.8261 	EXP 	label_text: height = np.float64(0.05)
54.8261 	EXP 	label_text: height = np.float64(0.05)
54.8261 	EXP 	label_text: height = np.float64(0.05)
54.8261 	EXP 	label_text: height = np.float64(0.05)
54.8261 	EXP 	label_text: height = np.float64(0.05)
54.8261 	EXP 	label_text: text = 'test'
54.8261 	EXP 	stim_image: image = 'photos/1K_RS_5050.png'
54.8261 	EXP 	suwak_badanie: markerPos = None
54.8261 	EXP 	suwak_badanie: markerPos = 0
54.8261 	EXP 	lewa_etykieta: height = np.float64(0.085)
54.8261 	EXP 	lewa_etykieta: height = np.float64(0.085)
54.8261 	EXP 	lewa_etykieta: height = np.float64(0.085)
54.8261 	EXP 	lewa_etykieta: text = 'radość'
54.8261 	EXP 	prawa_etykieta: height = np.float64(0.085)
54.8261 	EXP 	prawa_etykieta: height = np.float64(0.085)
54.8261 	EXP 	prawa_etykieta: height = np.float64(0.085)
54.8261 	EXP 	prawa_etykieta: text = 'smutek'
54.8261 	EXP 	label_text: autoDraw = True
54.8261 	EXP 	label_text: autoDraw = False
54.9700 	EXP 	fiksacja2: autoDraw = True
55.7347 	EXP 	fiksacja2: autoDraw = False
55.9183 	EXP 	stim_image: autoDraw = True
57.2308 	EXP 	stim_image: autoDraw = False
57.4134 	EXP 	suwak_badanie: autoDraw = True
57.4134 	EXP 	lewa_etykieta: autoDraw = True
57.4134 	EXP 	prawa_etykieta: autoDraw = True
57.4134 	EXP 	pytanie: autoDraw = True
61.0887 	DATA 	Mouse: Left button down, pos=(1347,259)
61.1033 	EXP 	suwak_badanie: markerPos = np.float64(40.3125)
61.1199 	EXP 	suwak_badanie: markerPos = np.float64(40.3125)
61.1365 	EXP 	suwak_badanie: markerPos = np.float64(40.3125)
61.1412 	DATA 	Mouse:  Left button up, pos=(1347,259)
61.1528 	EXP 	suwak_badanie: markerPos = np.float64(40.3125)
61.1694 	EXP 	suwak_badanie: markerPos = np.float64(40.3125)
61.1860 	EXP 	label_text: autoDraw = False
61.1860 	EXP 	stim_image: autoDraw = False
61.1860 	EXP 	suwak_badanie: autoDraw = False
61.1860 	EXP 	lewa_etykieta: autoDraw = False
61.1860 	EXP 	prawa_etykieta: autoDraw = False
61.1860 	EXP 	fiksacja2: autoDraw = False
61.1860 	EXP 	pytanie: autoDraw = False
61.1860 	EXP 	text: autoDraw = True
63.1829 	EXP 	New trial (rep=0, index=3): <Trial 3 (3 in rep 0) data={'image_path': 'photos/1K_ZW_8020.png', 'etykieta': 'Poprzedni badani wykryli w tej twarzy 20% zaufania.', 'left_label': 'zaufanie', 'right_label': 'wstręt', 'show_label': 4, 'proporcja_zdjecia': '80/20 zaufania', 'typ_etykiety': 'Procentowa Ludzie', 'warunek': 'Niezgodny', 'kierunek': 'Dominacja Lewo zaufanie', 'thisN': 3, 'thisTrialN': 3, 'thisRepN': 0}>
63.2624 	EXP 	text: autoDraw = False
63.2624 	EXP 	przerwa_text: autoDraw = False
63.2624 	EXP 	label_text: height = np.float64(0.05)
63.2624 	EXP 	label_text: height = np.float64(0.05)
63.2624 	EXP 	label_text: height = np.float64(0.05)
63.2624 	EXP 	label_text: text = 'Poprzedni badani wykryli w tej twarzy 20% zaufania.'
63.2624 	EXP 	label_text: height = np.float64(0.05)
63.2624 	EXP 	label_text: height = np.float64(0.05)
63.2624 	EXP 	label_text: height = np.float64(0.05)
63.2624 	EXP 	label_text: text = 'Poprzedni badani wykryli w tej twarzy 20% zaufania.'
63.2624 	EXP 	stim_image: image = 'photos/1K_ZW_8020.png'
63.2624 	EXP 	suwak_badanie: markerPos = None
63.2624 	EXP 	suwak_badanie: markerPos = 0
63.2624 	EXP 	lewa_etykieta: height = np.float64(0.085)
63.2624 	EXP 	lewa_etykieta: height = np.float64(0.085)
63.2624 	EXP 	lewa_etykieta: height = np.float64(0.085)
63.2624 	EXP 	lewa_etykieta: text = 'zaufanie'
63.2624 	EXP 	prawa_etykieta: height = np.float64(0.085)
63.2624 	EXP 	prawa_etykieta: height = np.float64(0.085)
63.2624 	EXP 	prawa_etykieta: height = np.float64(0.085)
63.2624 	EXP 	prawa_etykieta: text = 'wstręt'
63.2624 	EXP 	label_text: autoDraw = True
67.2698 	EXP 	label_text: autoDraw = False
67.3863 	EXP 	fiksacja2: autoDraw = True
68.1507 	EXP 	fiksacja2: autoDraw = False
68.3345 	EXP 	stim_image: autoDraw = True
69.6467 	EXP 	stim_image: autoDraw = False
69.8461 	EXP 	suwak_badanie: autoDraw = True
69.8461 	EXP 	lewa_etykieta: autoDraw = True
69.8461 	EXP 	prawa_etykieta: autoDraw = True
69.8461 	EXP 	pytanie: autoDraw = True
70.1794 	DATA 	Mouse: Left button down, pos=(1324,276)
70.1952 	EXP 	suwak_badanie: markerPos = np.float64(37.91666666666667)
70.2115 	EXP 	suwak_badanie: markerPos = np.float64(37.91666666666667)
70.2281 	EXP 	suwak_badanie: markerPos = np.float64(37.91666666666667)
70.2449 	EXP 	suwak_badanie: markerPos = np.float64(37.91666666666667)
70.2615 	EXP 	suwak_badanie: markerPos = np.float64(37.91666666666667)
70.2782 	EXP 	suwak_badanie: markerPos = np.float64(37.91666666666667)
70.2796 	DATA 	Mouse:  Left button up, pos=(1324,276)
70.2948 	EXP 	suwak_badanie: markerPos = np.float64(37.91666666666667)
70.3113 	EXP 	label_text: autoDraw = False
70.3113 	EXP 	stim_image: autoDraw = False
70.3113 	EXP 	suwak_badanie: autoDraw = False
70.3113 	EXP 	lewa_etykieta: autoDraw = False
70.3113 	EXP 	prawa_etykieta: autoDraw = False
70.3113 	EXP 	fiksacja2: autoDraw = False
70.3113 	EXP 	pytanie: autoDraw = False
70.3113 	EXP 	text: autoDraw = True
72.3072 	EXP 	New trial (rep=0, index=4): <Trial 4 (4 in rep 0) data={'image_path': 'photos/1K_ZO_5050.png', 'etykieta': 'Poprzedni badani wykryli w tej twarzy 75% oczekiwania.', 'left_label': 'zaskoczenie', 'right_label': 'oczekiwanie', 'show_label': 4, 'proporcja_zdjecia': '50/50 ', 'typ_etykiety': 'Procentowa Ludzie', 'warunek': 'n/d', 'kierunek': 'Sugestia Prawo oczekiwanie', 'thisN': 4, 'thisTrialN': 4, 'thisRepN': 0}>
72.3664 	EXP 	text: autoDraw = False
72.3664 	EXP 	przerwa_text: autoDraw = False
72.3664 	EXP 	label_text: height = np.float64(0.05)
72.3664 	EXP 	label_text: height = np.float64(0.05)
72.3664 	EXP 	label_text: height = np.float64(0.05)
72.3664 	EXP 	label_text: text = 'Poprzedni badani wykryli w tej twarzy 75% oczekiwania.'
72.3664 	EXP 	label_text: height = np.float64(0.05)
72.3664 	EXP 	label_text: height = np.float64(0.05)
72.3664 	EXP 	label_text: height = np.float64(0.05)
72.3664 	EXP 	label_text: text = 'Poprzedni badani wykryli w tej twarzy 75% oczekiwania.'
72.3664 	EXP 	stim_image: image = 'photos/1K_ZO_5050.png'
72.3664 	EXP 	suwak_badanie: markerPos = None
72.3664 	EXP 	suwak_badanie: markerPos = 0
72.3664 	EXP 	lewa_etykieta: height = np.float64(0.085)
72.3664 	EXP 	lewa_etykieta: height = np.float64(0.085)
72.3664 	EXP 	lewa_etykieta: height = np.float64(0.085)
72.3664 	EXP 	lewa_etykieta: text = 'zaskoczenie'
72.3664 	EXP 	prawa_etykieta: height = np.float64(0.085)
72.3664 	EXP 	prawa_etykieta: height = np.float64(0.085)
72.3664 	EXP 	prawa_etykieta: height = np.float64(0.085)
72.3664 	EXP 	prawa_etykieta: text = 'oczekiwanie'
72.3664 	EXP 	label_text: autoDraw = True
76.3783 	EXP 	label_text: autoDraw = False
76.5112 	EXP 	fiksacja2: autoDraw = True
77.2759 	EXP 	fiksacja2: autoDraw = False
77.4596 	EXP 	stim_image: autoDraw = True
78.7716 	EXP 	stim_image: autoDraw = False
78.9715 	EXP 	suwak_badanie: autoDraw = True
78.9715 	EXP 	lewa_etykieta: autoDraw = True
78.9715 	EXP 	prawa_etykieta: autoDraw = True
78.9715 	EXP 	pytanie: autoDraw = True
79.3383 	DATA 	Mouse: Left button down, pos=(1321,251)
79.3535 	EXP 	suwak_badanie: markerPos = np.float64(37.60416666666666)
79.3702 	EXP 	suwak_badanie: markerPos = np.float64(37.60416666666666)
79.3867 	EXP 	suwak_badanie: markerPos = np.float64(37.60416666666666)
79.4036 	EXP 	suwak_badanie: markerPos = np.float64(37.60416666666666)
79.4198 	EXP 	suwak_badanie: markerPos = np.float64(37.60416666666666)
79.4363 	EXP 	suwak_badanie: markerPos = np.float64(37.60416666666666)
79.4529 	EXP 	suwak_badanie: markerPos = np.float64(37.60416666666666)
79.4539 	DATA 	Mouse:  Left button up, pos=(1321,251)
79.4699 	EXP 	suwak_badanie: markerPos = np.float64(37.60416666666666)
79.4864 	EXP 	label_text: autoDraw = False
79.4864 	EXP 	stim_image: autoDraw = False
79.4864 	EXP 	suwak_badanie: autoDraw = False
79.4864 	EXP 	lewa_etykieta: autoDraw = False
79.4864 	EXP 	prawa_etykieta: autoDraw = False
79.4864 	EXP 	fiksacja2: autoDraw = False
79.4864 	EXP 	pytanie: autoDraw = False
79.4864 	EXP 	text: autoDraw = True
81.4829 	EXP 	New trial (rep=0, index=5): <Trial 5 (5 in rep 0) data={'image_path': 'photos/1K_ZS_8020.png', 'etykieta': 'test', 'left_label': 'strach', 'right_label': 'złość', 'show_label': 0, 'proporcja_zdjecia': '80/20 prawo (złość)', 'typ_etykiety': 'Kontrolna', 'warunek': 'kontrolny', 'kierunek': 'Brak', 'thisN': 5, 'thisTrialN': 5, 'thisRepN': 0}>
81.5665 	EXP 	text: autoDraw = False
81.5665 	EXP 	przerwa_text: autoDraw = False
81.5665 	EXP 	label_text: height = np.float64(0.05)
81.5665 	EXP 	label_text: height = np.float64(0.05)
81.5665 	EXP 	label_text: height = np.float64(0.05)
81.5665 	EXP 	label_text: text = ''
81.5665 	EXP 	label_text: height = np.float64(0.05)
81.5665 	EXP 	label_text: height = np.float64(0.05)
81.5665 	EXP 	label_text: height = np.float64(0.05)
81.5665 	EXP 	label_text: height = np.float64(0.05)
81.5665 	EXP 	label_text: height = np.float64(0.05)
81.5665 	EXP 	label_text: height = np.float64(0.05)
81.5665 	EXP 	label_text: text = 'test'
81.5665 	EXP 	stim_image: image = 'photos/1K_ZS_8020.png'
81.5665 	EXP 	suwak_badanie: markerPos = None
81.5665 	EXP 	suwak_badanie: markerPos = 0
81.5665 	EXP 	lewa_etykieta: height = np.float64(0.085)
81.5665 	EXP 	lewa_etykieta: height = np.float64(0.085)
81.5665 	EXP 	lewa_etykieta: height = np.float64(0.085)
81.5665 	EXP 	lewa_etykieta: text = 'strach'
81.5665 	EXP 	prawa_etykieta: height = np.float64(0.085)
81.5665 	EXP 	prawa_etykieta: height = np.float64(0.085)
81.5665 	EXP 	prawa_etykieta: height = np.float64(0.085)
81.5665 	EXP 	prawa_etykieta: text = 'złość'
81.5665 	EXP 	label_text: autoDraw = True
81.5665 	EXP 	label_text: autoDraw = False
81.6970 	EXP 	fiksacja2: autoDraw = True
82.4615 	EXP 	fiksacja2: autoDraw = False
82.6457 	EXP 	stim_image: autoDraw = True
83.9575 	EXP 	stim_image: autoDraw = False
84.1400 	EXP 	suwak_badanie: autoDraw = True
84.1400 	EXP 	lewa_etykieta: autoDraw = True
84.1400 	EXP 	prawa_etykieta: autoDraw = True
84.1400 	EXP 	pytanie: autoDraw = True
84.7942 	DATA 	Mouse: Left button down, pos=(1324,258)
84.8220 	EXP 	suwak_badanie: markerPos = np.float64(37.91666666666667)
84.8384 	EXP 	suwak_badanie: markerPos = np.float64(37.91666666666667)
84.8550 	EXP 	suwak_badanie: markerPos = np.float64(37.91666666666667)
84.8714 	EXP 	suwak_badanie: markerPos = np.float64(37.91666666666667)
84.8882 	EXP 	suwak_badanie: markerPos = np.float64(37.91666666666667)
84.8932 	DATA 	Mouse:  Left button up, pos=(1324,258)
84.9046 	EXP 	suwak_badanie: markerPos = np.float64(37.91666666666667)
84.9214 	EXP 	suwak_badanie: markerPos = np.float64(37.91666666666667)
84.9383 	EXP 	label_text: autoDraw = False
84.9383 	EXP 	stim_image: autoDraw = False
84.9383 	EXP 	suwak_badanie: autoDraw = False
84.9383 	EXP 	lewa_etykieta: autoDraw = False
84.9383 	EXP 	prawa_etykieta: autoDraw = False
84.9383 	EXP 	fiksacja2: autoDraw = False
84.9383 	EXP 	pytanie: autoDraw = False
84.9383 	EXP 	text: autoDraw = True
86.9342 	EXP 	New trial (rep=0, index=6): <Trial 6 (6 in rep 0) data={'image_path': 'photos/1K_ZW_5050.png', 'etykieta': 'Poprzedni badani wykryli w tej twarzy wstręt.', 'left_label': 'zaufanie', 'right_label': 'wstręt', 'show_label': 4, 'proporcja_zdjecia': '50/50', 'typ_etykiety': 'Kategorialna Ludzie', 'warunek': 'n/d', 'kierunek': 'Sugestia Prawo wstręt', 'thisN': 6, 'thisTrialN': 6, 'thisRepN': 0}>
87.0158 	EXP 	text: autoDraw = False
87.0158 	EXP 	przerwa_text: autoDraw = False
87.0158 	EXP 	label_text: height = np.float64(0.05)
87.0158 	EXP 	label_text: height = np.float64(0.05)
87.0158 	EXP 	label_text: height = np.float64(0.05)
87.0158 	EXP 	label_text: text = 'Poprzedni badani wykryli w tej twarzy wstręt.'
87.0158 	EXP 	label_text: height = np.float64(0.05)
87.0158 	EXP 	label_text: height = np.float64(0.05)
87.0158 	EXP 	label_text: height = np.float64(0.05)
87.0158 	EXP 	label_text: text = 'Poprzedni badani wykryli w tej twarzy wstręt.'
87.0158 	EXP 	stim_image: image = 'photos/1K_ZW_5050.png'
87.0158 	EXP 	suwak_badanie: markerPos = None
87.0158 	EXP 	suwak_badanie: markerPos = 0
87.0158 	EXP 	lewa_etykieta: height = np.float64(0.085)
87.0158 	EXP 	lewa_etykieta: height = np.float64(0.085)
87.0158 	EXP 	lewa_etykieta: height = np.float64(0.085)
87.0158 	EXP 	lewa_etykieta: text = 'zaufanie'
87.0158 	EXP 	prawa_etykieta: height = np.float64(0.085)
87.0158 	EXP 	prawa_etykieta: height = np.float64(0.085)
87.0158 	EXP 	prawa_etykieta: height = np.float64(0.085)
87.0158 	EXP 	prawa_etykieta: text = 'wstręt'
87.0158 	EXP 	label_text: autoDraw = True
91.0216 	EXP 	label_text: autoDraw = False
91.1381 	EXP 	fiksacja2: autoDraw = True
91.9027 	EXP 	fiksacja2: autoDraw = False
92.0863 	EXP 	stim_image: autoDraw = True
93.3984 	EXP 	stim_image: autoDraw = False
93.5977 	EXP 	suwak_badanie: autoDraw = True
93.5977 	EXP 	lewa_etykieta: autoDraw = True
93.5977 	EXP 	prawa_etykieta: autoDraw = True
93.5977 	EXP 	pytanie: autoDraw = True
94.3974 	DATA 	Mouse: Left button down, pos=(1322,249)
94.4032 	DATA 	Mouse:  Left button up, pos=(1322,249)
94.4122 	EXP 	suwak_badanie: markerPos = np.float64(37.70833333333333)
94.4290 	EXP 	suwak_badanie: markerPos = np.float64(37.70833333333333)
94.4456 	EXP 	label_text: autoDraw = False
94.4456 	EXP 	stim_image: autoDraw = False
94.4456 	EXP 	suwak_badanie: autoDraw = False
94.4456 	EXP 	lewa_etykieta: autoDraw = False
94.4456 	EXP 	prawa_etykieta: autoDraw = False
94.4456 	EXP 	fiksacja2: autoDraw = False
94.4456 	EXP 	pytanie: autoDraw = False
94.4456 	EXP 	text: autoDraw = True
96.4418 	EXP 	New trial (rep=0, index=7): <Trial 7 (7 in rep 0) data={'image_path': 'photos/1K_RS_8020.png', 'etykieta': 'Model sztucznej inteligencji wykrył w tej twarzy smutek.', 'left_label': 'radość', 'right_label': 'smutek', 'show_label': 4, 'proporcja_zdjecia': '80/20 radość', 'typ_etykiety': 'Kategorialna AI', 'warunek': 'Niezgodny', 'kierunek': 'Dominacja Lewo radość', 'thisN': 7, 'thisTrialN': 7, 'thisRepN': 0}>
96.5046 	EXP 	text: autoDraw = False
96.5046 	EXP 	przerwa_text: autoDraw = False
96.5046 	EXP 	label_text: height = np.float64(0.05)
96.5046 	EXP 	label_text: height = np.float64(0.05)
96.5046 	EXP 	label_text: height = np.float64(0.05)
96.5046 	EXP 	label_text: text = 'Model sztucznej inteligencji wykrył w tej twarzy smutek.'
96.5046 	EXP 	label_text: height = np.float64(0.05)
96.5046 	EXP 	label_text: height = np.float64(0.05)
96.5046 	EXP 	label_text: height = np.float64(0.05)
96.5046 	EXP 	label_text: text = 'Model sztucznej inteligencji wykrył w tej twarzy smutek.'
96.5046 	EXP 	stim_image: image = 'photos/1K_RS_8020.png'
96.5046 	EXP 	suwak_badanie: markerPos = None
96.5046 	EXP 	suwak_badanie: markerPos = 0
96.5046 	EXP 	lewa_etykieta: height = np.float64(0.085)
96.5046 	EXP 	lewa_etykieta: height = np.float64(0.085)
96.5046 	EXP 	lewa_etykieta: height = np.float64(0.085)
96.5046 	EXP 	lewa_etykieta: text = 'radość'
96.5046 	EXP 	prawa_etykieta: height = np.float64(0.085)
96.5046 	EXP 	prawa_etykieta: height = np.float64(0.085)
96.5046 	EXP 	prawa_etykieta: height = np.float64(0.085)
96.5046 	EXP 	prawa_etykieta: text = 'smutek'
96.5046 	EXP 	label_text: autoDraw = True
100.5121 	EXP 	label_text: autoDraw = False
100.6454 	EXP 	fiksacja2: autoDraw = True
101.4095 	EXP 	fiksacja2: autoDraw = False
101.5937 	EXP 	stim_image: autoDraw = True
102.9059 	EXP 	stim_image: autoDraw = False
103.1053 	EXP 	suwak_badanie: autoDraw = True
103.1053 	EXP 	lewa_etykieta: autoDraw = True
103.1053 	EXP 	prawa_etykieta: autoDraw = True
103.1053 	EXP 	pytanie: autoDraw = True
103.4559 	DATA 	Mouse: Left button down, pos=(1322,249)
103.4709 	EXP 	suwak_badanie: markerPos = np.float64(37.70833333333333)
103.4873 	EXP 	suwak_badanie: markerPos = np.float64(37.70833333333333)
103.5043 	EXP 	suwak_badanie: markerPos = np.float64(37.70833333333333)
103.5209 	EXP 	suwak_badanie: markerPos = np.float64(37.70833333333333)
103.5223 	DATA 	Mouse:  Left button up, pos=(1322,249)
103.5374 	EXP 	suwak_badanie: markerPos = np.float64(37.70833333333333)
103.5542 	EXP 	label_text: autoDraw = False
103.5542 	EXP 	stim_image: autoDraw = False
103.5542 	EXP 	suwak_badanie: autoDraw = False
103.5542 	EXP 	lewa_etykieta: autoDraw = False
103.5542 	EXP 	prawa_etykieta: autoDraw = False
103.5542 	EXP 	fiksacja2: autoDraw = False
103.5542 	EXP 	pytanie: autoDraw = False
103.5542 	EXP 	text: autoDraw = True
105.5500 	EXP 	New trial (rep=0, index=8): <Trial 8 (8 in rep 0) data={'image_path': 'photos/1M_ZO_5050.png', 'etykieta': 'Model sztucznej inteligencji wykrył w tej twarzy zaskoczenie.', 'left_label': 'zaskoczenie', 'right_label': 'oczekiwanie', 'show_label': 4, 'proporcja_zdjecia': '50/50', 'typ_etykiety': 'Kategorialna AI', 'warunek': 'n/d', 'kierunek': 'Sugestia Lewo zaskoczenie', 'thisN': 8, 'thisTrialN': 8, 'thisRepN': 0}>
105.5654 	INFO 	Keyboard events cleared
105.5653 	EXP 	text: autoDraw = False
105.5653 	EXP 	przerwa_text: autoDraw = True
110.2863 	EXP 	Device response: <KeyPress from None: t=110.28123459999915, value=space, duration=None>
110.3512 	DATA 	Keypress: space
110.3551 	EXP 	przerwa_text: autoDraw = False
110.3551 	EXP 	label_text: height = np.float64(0.05)
110.3551 	EXP 	label_text: height = np.float64(0.05)
110.3551 	EXP 	label_text: height = np.float64(0.05)
110.3551 	EXP 	label_text: text = 'Model sztucznej inteligencji wykrył w tej twarzy zaskoczenie.'
110.3551 	EXP 	label_text: height = np.float64(0.05)
110.3551 	EXP 	label_text: height = np.float64(0.05)
110.3551 	EXP 	label_text: height = np.float64(0.05)
110.3551 	EXP 	label_text: text = 'Model sztucznej inteligencji wykrył w tej twarzy zaskoczenie.'
110.3551 	EXP 	stim_image: image = 'photos/1M_ZO_5050.png'
110.3551 	EXP 	suwak_badanie: markerPos = None
110.3551 	EXP 	suwak_badanie: markerPos = 0
110.3551 	EXP 	lewa_etykieta: height = np.float64(0.085)
110.3551 	EXP 	lewa_etykieta: height = np.float64(0.085)
110.3551 	EXP 	lewa_etykieta: height = np.float64(0.085)
110.3551 	EXP 	lewa_etykieta: text = 'zaskoczenie'
110.3551 	EXP 	prawa_etykieta: height = np.float64(0.085)
110.3551 	EXP 	prawa_etykieta: height = np.float64(0.085)
110.3551 	EXP 	prawa_etykieta: height = np.float64(0.085)
110.3551 	EXP 	prawa_etykieta: text = 'oczekiwanie'
110.3551 	EXP 	label_text: autoDraw = True
110.3687 	EXP 	Device response: <KeyPress from None: t=110.28123459999915, value=space, duration=0.08429589995648712>
114.3576 	EXP 	label_text: autoDraw = False
114.4910 	EXP 	fiksacja2: autoDraw = True
115.2554 	EXP 	fiksacja2: autoDraw = False
115.4392 	EXP 	stim_image: autoDraw = True
116.7514 	EXP 	stim_image: autoDraw = False
116.9510 	EXP 	suwak_badanie: autoDraw = True
116.9510 	EXP 	lewa_etykieta: autoDraw = True
116.9510 	EXP 	prawa_etykieta: autoDraw = True
116.9510 	EXP 	pytanie: autoDraw = True
118.5683 	DATA 	Mouse: Left button down, pos=(1334,286)
118.5964 	EXP 	suwak_badanie: markerPos = np.float64(38.95833333333333)
118.6131 	EXP 	suwak_badanie: markerPos = np.float64(38.95833333333333)
118.6296 	EXP 	suwak_badanie: markerPos = np.float64(38.95833333333333)
118.6463 	EXP 	suwak_badanie: markerPos = np.float64(38.95833333333333)
118.6630 	EXP 	suwak_badanie: markerPos = np.float64(38.95833333333333)
118.6794 	EXP 	suwak_badanie: markerPos = np.float64(38.95833333333333)
118.6957 	EXP 	suwak_badanie: markerPos = np.float64(38.95833333333333)
118.6968 	DATA 	Mouse:  Left button up, pos=(1334,287)
118.7127 	EXP 	suwak_badanie: markerPos = np.float64(38.95833333333333)
118.7291 	EXP 	label_text: autoDraw = False
118.7291 	EXP 	stim_image: autoDraw = False
118.7291 	EXP 	suwak_badanie: autoDraw = False
118.7291 	EXP 	lewa_etykieta: autoDraw = False
118.7291 	EXP 	prawa_etykieta: autoDraw = False
118.7291 	EXP 	fiksacja2: autoDraw = False
118.7291 	EXP 	pytanie: autoDraw = False
118.7291 	EXP 	text: autoDraw = True
120.7256 	EXP 	New trial (rep=0, index=9): <Trial 9 (9 in rep 0) data={'image_path': 'photos/1M_ZS_8020.png', 'etykieta': 'Model sztucznej inteligencji wykrył w tej twarzy 19% złości.', 'left_label': 'strach', 'right_label': 'złość', 'show_label': 4, 'proporcja_zdjecia': '80/20 złość', 'typ_etykiety': 'Procentowa AI', 'warunek': 'Niezgodny', 'kierunek': 'Dominacja Prawo złość', 'thisN': 9, 'thisTrialN': 9, 'thisRepN': 0}>
120.7799 	EXP 	text: autoDraw = False
120.7799 	EXP 	przerwa_text: autoDraw = False
120.7799 	EXP 	label_text: height = np.float64(0.05)
120.7799 	EXP 	label_text: height = np.float64(0.05)
120.7799 	EXP 	label_text: height = np.float64(0.05)
120.7799 	EXP 	label_text: text = 'Model sztucznej inteligencji wykrył w tej twarzy 19% złości.'
120.7799 	EXP 	label_text: height = np.float64(0.05)
120.7799 	EXP 	label_text: height = np.float64(0.05)
120.7799 	EXP 	label_text: height = np.float64(0.05)
120.7799 	EXP 	label_text: text = 'Model sztucznej inteligencji wykrył w tej twarzy 19% złości.'
120.7799 	EXP 	stim_image: image = 'photos/1M_ZS_8020.png'
120.7799 	EXP 	suwak_badanie: markerPos = None
120.7799 	EXP 	suwak_badanie: markerPos = 0
120.7799 	EXP 	lewa_etykieta: height = np.float64(0.085)
120.7799 	EXP 	lewa_etykieta: height = np.float64(0.085)
120.7799 	EXP 	lewa_etykieta: height = np.float64(0.085)
120.7799 	EXP 	lewa_etykieta: text = 'strach'
120.7799 	EXP 	prawa_etykieta: height = np.float64(0.085)
120.7799 	EXP 	prawa_etykieta: height = np.float64(0.085)
120.7799 	EXP 	prawa_etykieta: height = np.float64(0.085)
120.7799 	EXP 	prawa_etykieta: text = 'złość'
120.7799 	EXP 	label_text: autoDraw = True
121.3906 	DATA 	Keypress: escape
121.4059 	EXP 	Device response: <KeyPress from None: t=121.38789649994578, value=escape, duration=None>
121.5388 	EXP 	Device response: <KeyPress from None: t=121.38789649994578, value=escape, duration=0.14427789999172091>
121.5389 	EXP 	percepcja_wersja_finalna: status = STOPPED
121.5551 	EXP 	label_text: autoDraw = False
121.5553 	EXP 	percepcja_wersja_finalna: status = STOPPED
121.5807 	INFO 	saved data to 'C:\\Users\\julia\\OneDrive\\Pulpit\\percepcja_psychopy\\data\\933986_percepcja_wersja_finalna_2026-04-27_18h34.13.815.csv'
121.5841 	INFO 	saved data to C:\Users\julia\OneDrive\Pulpit\percepcja_psychopy\data\933986_percepcja_wersja_finalna_2026-04-27_18h34.13.815.psydat
122.1321 	WARNING 	Stopping key buffers but this could be dangerous ifother keyboards rely on the same.
