9.0103 	INFO 	Loaded monitor calibration from ['2026_03_18 20:30']
9.0448 	WARNING 	User requested fullscreen with size [1090  800], but screen is actually [1920, 1080]. Using actual size
10.2146 	INFO 	Using renderer 'Intel(R) UHD Graphics' for graphics
10.2146 	INFO 	OpenGL version supported by driver is 4..
11.3811 	EXP 	Created window1 = Window(allowGUI=False, allowStencil=False, autoLog=True, backendConf=UNKNOWN, backgroundFit=<method-wrapper '__getattribute__' of attributeSetter object at 0x00000281B3C995D0>, backgroundImage=<method-wrapper '__getattribute__' of attributeSetter object at 0x00000281B3C99570>, bitsMode=UNKNOWN, blendMode='avg', bpc=(8, 8, 8), color=array([-1., -1., -1.]), colorSpace='rgb', depthBits=8, fullscr=True, gamma=None, gammaErrorPolicy='raise', infoMsg=UNKNOWN, lms=UNKNOWN, monitor=<psychopy.monitors.calibTools.Monitor object at 0x00000281B3C90FD0>, multiSample=False, name='window1', numSamples=2, pos=[np.float64(0.0), np.float64(0.0)], screen=0, size=array([1920, 1080]), stencilBits=0, stereo=False, title='PsychoPy', units='height', useFBO=True, useRetina=False, viewOri=0.0, viewPos=None, viewScale=None, waitBlanking=True, winType='pyglet')
11.3812 	EXP 	window1: backgroundImage = ''
11.3812 	EXP 	window1: backgroundFit = 'none'
11.8157 	EXP 	window1: Attempting to measure frame rate of screen (0) ...
11.8157 	EXP 	window1: recordFrameIntervals = False
11.9591 	EXP 	window1: recordFrameIntervals = True
13.6218 	EXP 	window1: recordFrameIntervals = False
13.6218 	EXP 	Screen (0) actual frame rate measured at 60.23Hz
13.7872 	INFO 	keyboard.Keyboard is using ptb backend.
13.7873 	EXP 	untitled_FINAL_NEWEST: status = STARTED
13.9343 	EXP 	Created text_instr = TextStim(__class__=<class 'psychopy.visual.text.TextStim'>, alignHoriz=method-wrapper(...), alignText='center', alignVert=method-wrapper(...), anchorHoriz='center', anchorVert='center', antialias=True, autoDraw=False, autoLog=True, bold=False, color=array([1., 1., 1.]), colorSpace='rgb', contrast=1.0, depth=-1.0, draggable=False, flipHoriz=False, flipVert=False, font='Arial', fontFiles=[], height=np.float64(0.03), italic=False, languageStyle='LTR', name='text_instr', opacity=1, ori=0.0, pos=array([0., 0.]), rgb=UNKNOWN, text=str(...), units='height', win=Window(...), wrapWidth=1.3)
13.9587 	EXP 	Created suwak_info = TextStim(__class__=<class 'psychopy.visual.text.TextStim'>, alignHoriz=method-wrapper(...), alignText='center', alignVert=method-wrapper(...), anchorHoriz='center', anchorVert='center', antialias=True, autoDraw=False, autoLog=True, bold=False, color=array([1., 1., 1.]), colorSpace='rgb', contrast=1.0, depth=0.0, draggable=False, flipHoriz=False, flipVert=False, font='Arial', fontFiles=[], height=np.float64(0.03), italic=False, languageStyle='LTR', name='suwak_info', opacity=1, ori=0.0, pos=array([0., 0.]), rgb=UNKNOWN, text=str(...), units='height', win=Window(...), wrapWidth=1.3)
13.9968 	EXP 	Created proba_testowa = TextStim(__class__=<class 'psychopy.visual.text.TextStim'>, alignHoriz=method-wrapper(...), alignText='center', alignVert=method-wrapper(...), anchorHoriz='center', anchorVert='center', antialias=True, autoDraw=False, autoLog=True, bold=False, color=array([1., 1., 1.]), colorSpace='rgb', contrast=1.0, depth=-1.0, draggable=False, flipHoriz=False, flipVert=False, font='Arial', fontFiles=[], height=np.float64(0.05), italic=False, languageStyle='LTR', name='proba_testowa', opacity=1, ori=0.0, pos=array([0., 0.]), rgb=UNKNOWN, text=str(...), units='height', win=Window(...), wrapWidth=1)
13.9975 	EXP 	Created pilot_label_text = TextStim(__class__=<class 'psychopy.visual.text.TextStim'>, alignHoriz=method-wrapper(...), alignText='center', alignVert=method-wrapper(...), anchorHoriz='center', anchorVert='center', antialias=True, autoDraw=False, autoLog=True, bold=False, color=array([1., 1., 1.]), colorSpace='rgb', contrast=1.0, depth=0.0, draggable=False, flipHoriz=False, flipVert=False, font='Arial', fontFiles=[], height=0.05, italic=False, languageStyle='LTR', name='pilot_label_text', opacity=1, ori=0.0, pos=array([0., 0.]), rgb=UNKNOWN, text='', units='height', win=Window(...), wrapWidth=1.3)
14.0058 	EXP 	Created pilot_fiksacja1 = TextStim(__class__=<class 'psychopy.visual.text.TextStim'>, alignHoriz=method-wrapper(...), alignText='center', alignVert=method-wrapper(...), anchorHoriz='center', anchorVert='center', antialias=True, autoDraw=False, autoLog=True, bold=False, color=array([1., 1., 1.]), colorSpace='rgb', contrast=1.0, depth=-1.0, draggable=False, flipHoriz=False, flipVert=False, font='Arial', fontFiles=[], height=np.float64(0.1), italic=False, languageStyle='LTR', name='pilot_fiksacja1', opacity=1, ori=0.0, pos=array([0., 0.]), rgb=UNKNOWN, text='+', units='height', win=Window(...), wrapWidth=1)
14.0322 	EXP 	Created pilot_suwak = Slider(__class__=<class 'psychopy.visual.slider.Slider'>, autoDraw=False, autoLog=True, borderColor=None, color=None, colorSpace='rgb', depth=-2, fillColor=None, flip=False, font='Noto Sans', granularity=0.0, labelColor=None, labelHeight=np.float64(0.05), labelWrapWidth=None, labels=None, lineColor=None, markerColor=None, name='pilot_suwak', opacity=None, ori=0.0, pos=array([ 0. , -0.5]), readOnly=False, self=UNKNOWN, size=array([1. , 0.1]), startValue=0, style='slider', styleTweaks=[], ticks=ndarray(...), units='norm', win=Window(...))
14.0341 	EXP 	Created pilot_fiksacja2 = TextStim(__class__=<class 'psychopy.visual.text.TextStim'>, alignHoriz=method-wrapper(...), alignText='center', alignVert=method-wrapper(...), anchorHoriz='center', anchorVert='center', antialias=True, autoDraw=False, autoLog=True, bold=False, color=array([1., 1., 1.]), colorSpace='rgb', contrast=1.0, depth=-3.0, draggable=False, flipHoriz=False, flipVert=False, font='Arial', fontFiles=[], height=np.float64(0.1), italic=False, languageStyle='LTR', name='pilot_fiksacja2', opacity=1, ori=0.0, pos=array([0., 0.]), rgb=UNKNOWN, text='+', units='height', win=Window(...), wrapWidth=1)
14.0481 	EXP 	Created pilot_pytanie = TextStim(__class__=<class 'psychopy.visual.text.TextStim'>, alignHoriz=method-wrapper(...), alignText='center', alignVert=method-wrapper(...), anchorHoriz='center', anchorVert='center', antialias=True, autoDraw=False, autoLog=True, bold=False, color=array([1., 1., 1.]), colorSpace='rgb', contrast=1.0, depth=-4.0, draggable=False, flipHoriz=False, flipVert=False, font='Arial', fontFiles=[], height=np.float64(0.04), italic=False, languageStyle='LTR', name='pilot_pytanie', opacity=1, ori=0.0, pos=array([0.  , 0.25]), rgb=UNKNOWN, text='Jaką emocję wyrażała ta twarz?', units='height', win=Window(...), wrapWidth=1)
14.0490 	EXP 	Created pilot_lewa_etykieta = TextStim(__class__=<class 'psychopy.visual.text.TextStim'>, alignHoriz=method-wrapper(...), alignText='center', alignVert=method-wrapper(...), anchorHoriz='center', anchorVert='center', antialias=True, autoDraw=False, autoLog=True, bold=False, color=array([1., 1., 1.]), colorSpace='rgb', contrast=1.0, depth=-5.0, draggable=False, flipHoriz=False, flipVert=False, font='Arial', fontFiles=[], height=0.05, italic=False, languageStyle='LTR', name='pilot_lewa_etykieta', opacity=1, ori=0.0, pos=array([-1.1, -0.5]), rgb=UNKNOWN, text='', units='height', win=Window(...), wrapWidth=1)
14.0497 	EXP 	Created pilot_prawa_etykieta = TextStim(__class__=<class 'psychopy.visual.text.TextStim'>, alignHoriz=method-wrapper(...), alignText='center', alignVert=method-wrapper(...), anchorHoriz='center', anchorVert='center', antialias=True, autoDraw=False, autoLog=True, bold=False, color=array([1., 1., 1.]), colorSpace='rgb', contrast=1.0, depth=-6.0, draggable=False, flipHoriz=False, flipVert=False, font='Arial', fontFiles=[], height=0.05, italic=False, languageStyle='LTR', name='pilot_prawa_etykieta', opacity=1, ori=0.0, pos=array([ 1.05, -0.5 ]), rgb=UNKNOWN, text='', units='height', win=Window(...), wrapWidth=1)
14.1537 	EXP 	Created pilot_stim_image = ImageStim(__class__=<class 'psychopy.visual.image.ImageStim'>, anchor=('center', 'center'), autoLog=True, color=array([1., 1., 1.]), colorSpace='rgb', contrast=1.0, depth=-7.0, draggable=False, flipHoriz=np.False_, flipVert=np.False_, image='C:/Users/julia/OneDrive/Obrazy/IMG_2397.JPEG', interpolate=True, mask=None, maskParams=None, name='pilot_stim_image', opacity=1, ori=0.0, pos=array([0., 0.]), size=array([0.75, 0.75]), texRes=128.0, units='height', win=Window(...))
14.1911 	EXP 	Created start_badania = TextStim(__class__=<class 'psychopy.visual.text.TextStim'>, alignHoriz=method-wrapper(...), alignText='center', alignVert=method-wrapper(...), anchorHoriz='center', anchorVert='center', antialias=True, autoDraw=False, autoLog=True, bold=False, color=array([1., 1., 1.]), colorSpace='rgb', contrast=1.0, depth=-1.0, draggable=False, flipHoriz=False, flipVert=False, font='Arial', fontFiles=[], height=np.float64(0.05), italic=False, languageStyle='LTR', name='start_badania', opacity=1, ori=0.0, pos=array([0., 0.]), rgb=UNKNOWN, text=str(...), units='height', win=Window(...), wrapWidth=1)
14.1918 	EXP 	Created label_text = TextStim(__class__=<class 'psychopy.visual.text.TextStim'>, alignHoriz=method-wrapper(...), alignText='center', alignVert=method-wrapper(...), anchorHoriz='center', anchorVert='center', antialias=True, autoDraw=False, autoLog=True, bold=False, color=array([1., 1., 1.]), colorSpace='rgb', contrast=1.0, depth=-2.0, draggable=False, flipHoriz=False, flipVert=False, font='Arial', fontFiles=[], height=0.05, italic=False, languageStyle='LTR', name='label_text', opacity=1, ori=0.0, pos=array([0., 0.]), rgb=UNKNOWN, text='', units='height', win=Window(...), wrapWidth=1.3)
14.1983 	EXP 	Created stim_image = ImageStim(__class__=<class 'psychopy.visual.image.ImageStim'>, anchor=('center', 'center'), autoLog=True, color=array([1., 1., 1.]), colorSpace='rgb', contrast=1.0, depth=-3.0, draggable=False, flipHoriz=np.False_, flipVert=np.False_, image='default.png', interpolate=True, mask=None, maskParams=None, name='stim_image', opacity=1, ori=0.0, pos=array([0., 0.]), size=array([0.75, 0.75]), texRes=128.0, units='height', win=Window(...))
14.2119 	EXP 	Created suwak_badanie = Slider(__class__=<class 'psychopy.visual.slider.Slider'>, autoDraw=False, autoLog=True, borderColor=None, color=None, colorSpace='rgb', depth=-4, fillColor=None, flip=False, font='Noto Sans', granularity=0.0, labelColor=None, labelHeight=np.float64(0.05), labelWrapWidth=None, labels=None, lineColor=None, markerColor=None, name='suwak_badanie', opacity=None, ori=0.0, pos=array([ 0. , -0.5]), readOnly=False, self=UNKNOWN, size=array([1. , 0.1]), startValue=0, style='slider', styleTweaks=[], ticks=ndarray(...), units='norm', win=Window(...))
14.2127 	EXP 	Created lewa_etykieta = TextStim(__class__=<class 'psychopy.visual.text.TextStim'>, alignHoriz=method-wrapper(...), alignText='center', alignVert=method-wrapper(...), anchorHoriz='center', anchorVert='center', antialias=True, autoDraw=False, autoLog=True, bold=False, color=array([1., 1., 1.]), colorSpace='rgb', contrast=1.0, depth=-5.0, draggable=False, flipHoriz=False, flipVert=False, font='Arial', fontFiles=[], height=0.05, italic=False, languageStyle='LTR', name='lewa_etykieta', opacity=1, ori=0.0, pos=array([-1.1, -0.5]), rgb=UNKNOWN, text='', units='height', win=Window(...), wrapWidth=1)
14.2134 	EXP 	Created prawa_etykieta = TextStim(__class__=<class 'psychopy.visual.text.TextStim'>, alignHoriz=method-wrapper(...), alignText='center', alignVert=method-wrapper(...), anchorHoriz='center', anchorVert='center', antialias=True, autoDraw=False, autoLog=True, bold=False, color=array([1., 1., 1.]), colorSpace='rgb', contrast=1.0, depth=-6.0, draggable=False, flipHoriz=False, flipVert=False, font='Arial', fontFiles=[], height=0.05, italic=False, languageStyle='LTR', name='prawa_etykieta', opacity=1, ori=0.0, pos=array([ 1.05, -0.5 ]), rgb=UNKNOWN, text='', units='height', win=Window(...), wrapWidth=1)
14.2194 	EXP 	Created fiksacja1 = TextStim(__class__=<class 'psychopy.visual.text.TextStim'>, alignHoriz=method-wrapper(...), alignText='center', alignVert=method-wrapper(...), anchorHoriz='center', anchorVert='center', antialias=True, autoDraw=False, autoLog=True, bold=False, color=array([1., 1., 1.]), colorSpace='rgb', contrast=1.0, depth=-7.0, draggable=False, flipHoriz=False, flipVert=False, font='Arial', fontFiles=[], height=np.float64(0.1), italic=False, languageStyle='LTR', name='fiksacja1', opacity=1, ori=0.0, pos=array([0., 0.]), rgb=UNKNOWN, text='+', units='height', win=Window(...), wrapWidth=1)
14.2215 	EXP 	Created fiksacja2 = TextStim(__class__=<class 'psychopy.visual.text.TextStim'>, alignHoriz=method-wrapper(...), alignText='center', alignVert=method-wrapper(...), anchorHoriz='center', anchorVert='center', antialias=True, autoDraw=False, autoLog=True, bold=False, color=array([1., 1., 1.]), colorSpace='rgb', contrast=1.0, depth=-8.0, draggable=False, flipHoriz=False, flipVert=False, font='Arial', fontFiles=[], height=np.float64(0.1), italic=False, languageStyle='LTR', name='fiksacja2', opacity=1, ori=0.0, pos=array([0., 0.]), rgb=UNKNOWN, text='+', units='height', win=Window(...), wrapWidth=1)
14.2281 	EXP 	Created pytanie = TextStim(__class__=<class 'psychopy.visual.text.TextStim'>, alignHoriz=method-wrapper(...), alignText='center', alignVert=method-wrapper(...), anchorHoriz='center', anchorVert='center', antialias=True, autoDraw=False, autoLog=True, bold=False, color=array([1., 1., 1.]), colorSpace='rgb', contrast=1.0, depth=-9.0, draggable=False, flipHoriz=False, flipVert=False, font='Arial', fontFiles=[], height=np.float64(0.04), italic=False, languageStyle='LTR', name='pytanie', opacity=1, ori=0.0, pos=array([0.  , 0.25]), rgb=UNKNOWN, text='Jaką emocję wyrażała ta twarz?', units='height', win=Window(...), wrapWidth=1)
0.0026 	EXP 	pilot_suwak: autoLog = True
0.0026 	EXP 	pilot_suwak: styleTweaks = []
0.0026 	EXP 	pilot_suwak: styleTweaks = []
0.0026 	EXP 	pilot_suwak: styleTweaks = []
0.0026 	EXP 	pilot_suwak: styleTweaks = []
0.0026 	EXP 	pilot_suwak: contrast = 1.0
0.0026 	EXP 	pilot_suwak: markerPos = 0
0.0026 	EXP 	pilot_suwak: autoLog = True
0.0026 	EXP 	suwak_badanie: autoLog = True
0.0026 	EXP 	suwak_badanie: styleTweaks = []
0.0026 	EXP 	suwak_badanie: styleTweaks = []
0.0026 	EXP 	suwak_badanie: styleTweaks = []
0.0026 	EXP 	suwak_badanie: styleTweaks = []
0.0026 	EXP 	suwak_badanie: contrast = 1.0
0.0026 	EXP 	suwak_badanie: markerPos = 0
0.0026 	EXP 	suwak_badanie: autoLog = True
0.0073 	INFO 	Keyboard events cleared
0.0072 	EXP 	text_instr: autoDraw = True
1.1911 	DATA 	Keypress: space
1.2173 	EXP 	Device response: <KeyPress from None: t=1.1894954000017606, value=space, duration=None>
1.2229 	INFO 	Keyboard events cleared
1.2227 	EXP 	text_instr: autoDraw = False
1.2227 	EXP 	suwak_info: autoDraw = True
1.2719 	EXP 	Device response: <KeyPress from None: t=1.1894954000017606, value=space, duration=0.07497360004344955>
2.1864 	EXP 	Device response: <KeyPress from None: t=2.1753752999939024, value=space, duration=None>
2.1900 	DATA 	Keypress: space
2.2029 	INFO 	Keyboard events cleared
2.2027 	EXP 	suwak_info: autoDraw = False
2.2027 	EXP 	proba_testowa: autoDraw = True
2.3026 	EXP 	Device response: <KeyPress from None: t=2.1753752999939024, value=space, duration=0.11518070002784953>
2.8850 	EXP 	Device response: <KeyPress from None: t=2.8763793000252917, value=space, duration=None>
2.9151 	DATA 	Keypress: space
2.9179 	EXP 	proba_testowa: autoDraw = False
2.9179 	EXP 	pilot_label_text: height = np.float64(0.05)
2.9179 	EXP 	pilot_label_text: height = np.float64(0.05)
2.9179 	EXP 	pilot_label_text: height = np.float64(0.05)
2.9179 	EXP 	pilot_label_text: height = np.float64(0.05)
2.9179 	EXP 	pilot_label_text: height = np.float64(0.05)
2.9179 	EXP 	pilot_label_text: height = np.float64(0.05)
2.9179 	EXP 	pilot_label_text: text = 'Model AI wykrył w tej twarzy 80%\n'
2.9179 	EXP 	pilot_suwak: markerPos = None
2.9179 	EXP 	pilot_suwak: markerPos = 0
2.9179 	EXP 	pilot_lewa_etykieta: height = np.float64(0.05)
2.9179 	EXP 	pilot_lewa_etykieta: height = np.float64(0.05)
2.9179 	EXP 	pilot_lewa_etykieta: height = np.float64(0.05)
2.9179 	EXP 	pilot_lewa_etykieta: text = 'radość'
2.9179 	EXP 	pilot_prawa_etykieta: height = np.float64(0.05)
2.9179 	EXP 	pilot_prawa_etykieta: height = np.float64(0.05)
2.9179 	EXP 	pilot_prawa_etykieta: height = np.float64(0.05)
2.9179 	EXP 	pilot_prawa_etykieta: text = 'smutek'
2.9179 	EXP 	pilot_fiksacja1: autoDraw = True
3.0172 	EXP 	Device response: <KeyPress from None: t=2.8763793000252917, value=space, duration=0.13008510001236573>
3.9306 	EXP 	pilot_fiksacja1: autoDraw = False
3.9972 	EXP 	pilot_label_text: autoDraw = True
6.4906 	EXP 	pilot_fiksacja2: autoDraw = True
7.0059 	EXP 	pilot_label_text: autoDraw = False
7.5293 	EXP 	pilot_stim_image: autoDraw = True
7.5336 	EXP 	pilot_fiksacja2: autoDraw = False
8.3882 	EXP 	pilot_suwak: autoDraw = True
8.3882 	EXP 	pilot_pytanie: autoDraw = True
8.3882 	EXP 	pilot_lewa_etykieta: autoDraw = True
8.3882 	EXP 	pilot_prawa_etykieta: autoDraw = True
8.4352 	EXP 	pilot_stim_image: autoDraw = False
11.2637 	DATA 	Keypress: space
11.2776 	EXP 	Device response: <KeyPress from None: t=11.260327600000892, value=space, duration=None>
11.3944 	EXP 	Device response: <KeyPress from None: t=11.260327600000892, value=space, duration=0.12462800001958385>
15.2056 	DATA 	Mouse: Left button down, pos=(1611,358)
15.3233 	DATA 	Mouse:  Left button up, pos=(1611,358)
16.3821 	DATA 	Keypress: escape
16.3970 	EXP 	Device response: <KeyPress from None: t=16.379985200008377, value=escape, duration=None>
16.5136 	EXP 	Device response: <KeyPress from None: t=16.379985200008377, value=escape, duration=0.11932619998697191>
16.5139 	EXP 	untitled_FINAL_NEWEST: status = STOPPED
16.5299 	EXP 	pilot_suwak: autoDraw = False
16.5299 	EXP 	pilot_pytanie: autoDraw = False
16.5299 	EXP 	pilot_lewa_etykieta: autoDraw = False
16.5299 	EXP 	pilot_prawa_etykieta: autoDraw = False
16.5300 	EXP 	untitled_FINAL_NEWEST: status = STOPPED
16.5346 	INFO 	saved data to 'C:\\Users\\julia\\OneDrive\\Pulpit\\percepcja_psychopy\\data\\943534_untitled_FINAL_NEWEST_2026-04-24_17h51.47.006.csv'
16.5354 	INFO 	saved data to C:\Users\julia\OneDrive\Pulpit\percepcja_psychopy\data\943534_untitled_FINAL_NEWEST_2026-04-24_17h51.47.006.psydat
17.9364 	WARNING 	Stopping key buffers but this could be dangerous ifother keyboards rely on the same.
