7.9707 	INFO 	Loaded monitor calibration from ['2026_03_18 20:30']
8.0048 	WARNING 	User requested fullscreen with size [1090  800], but screen is actually [1920, 1080]. Using actual size
9.0036 	INFO 	Using renderer 'Intel(R) UHD Graphics' for graphics
9.0036 	INFO 	OpenGL version supported by driver is 4..
9.9341 	EXP 	Created window1 = Window(allowGUI=False, allowStencil=False, autoLog=True, backendConf=UNKNOWN, backgroundFit=<method-wrapper '__getattribute__' of attributeSetter object at 0x000002676E12CB80>, backgroundImage=<method-wrapper '__getattribute__' of attributeSetter object at 0x000002676E12DA80>, bitsMode=UNKNOWN, blendMode='avg', bpc=(8, 8, 8), color=array([0.6549, 0.6549, 0.6549]), colorSpace='rgb', depthBits=8, fullscr=True, gamma=None, gammaErrorPolicy='raise', infoMsg=UNKNOWN, lms=UNKNOWN, monitor=<psychopy.monitors.calibTools.Monitor object at 0x0000026773CBAC50>, multiSample=False, name='window1', numSamples=2, pos=[np.float64(0.0), np.float64(0.0)], screen=0, size=array([1920, 1080]), stencilBits=0, stereo=False, title='PsychoPy', units='height', useFBO=True, useRetina=False, viewOri=0.0, viewPos=None, viewScale=None, waitBlanking=True, winType='pyglet')
9.9342 	EXP 	window1: backgroundImage = ''
9.9342 	EXP 	window1: backgroundFit = 'none'
10.0813 	INFO 	keyboard.Keyboard is using ptb backend.
10.0814 	EXP 	untitled_FINAL_NEWEST: status = STARTED
10.2223 	EXP 	Created text_instr = TextStim(__class__=<class 'psychopy.visual.text.TextStim'>, alignHoriz=method-wrapper(...), alignText='center', alignVert=method-wrapper(...), anchorHoriz='center', anchorVert='center', antialias=True, autoDraw=False, autoLog=True, bold=False, color=array([1., 1., 1.]), colorSpace='rgb', contrast=1.0, depth=-2.0, draggable=False, flipHoriz=False, flipVert=False, font='Arial', fontFiles=[], height=np.float64(0.03), italic=False, languageStyle='LTR', name='text_instr', opacity=1, ori=0.0, pos=array([0., 0.]), rgb=UNKNOWN, text=str(...), units='height', win=Window(...), wrapWidth=1.4)
10.2464 	EXP 	Created suwak_info = TextStim(__class__=<class 'psychopy.visual.text.TextStim'>, alignHoriz=method-wrapper(...), alignText='center', alignVert=method-wrapper(...), anchorHoriz='center', anchorVert='center', antialias=True, autoDraw=False, autoLog=True, bold=False, color=array([1., 1., 1.]), colorSpace='rgb', contrast=1.0, depth=-1.0, draggable=False, flipHoriz=False, flipVert=False, font='Arial', fontFiles=[], height=np.float64(0.03), italic=False, languageStyle='LTR', name='suwak_info', opacity=1, ori=0.0, pos=array([0., 0.]), rgb=UNKNOWN, text=str(...), units='height', win=Window(...), wrapWidth=1.3)
10.2845 	EXP 	Created proba_testowa = TextStim(__class__=<class 'psychopy.visual.text.TextStim'>, alignHoriz=method-wrapper(...), alignText='center', alignVert=method-wrapper(...), anchorHoriz='center', anchorVert='center', antialias=True, autoDraw=False, autoLog=True, bold=False, color=array([1., 1., 1.]), colorSpace='rgb', contrast=1.0, depth=-2.0, draggable=False, flipHoriz=False, flipVert=False, font='Arial', fontFiles=[], height=np.float64(0.04), italic=False, languageStyle='LTR', name='proba_testowa', opacity=1, ori=0.0, pos=array([0., 0.]), rgb=UNKNOWN, text=str(...), units='height', win=Window(...), wrapWidth=1.4)
10.2859 	EXP 	Created pilot_label_text = TextStim(__class__=<class 'psychopy.visual.text.TextStim'>, alignHoriz=method-wrapper(...), alignText='center', alignVert=method-wrapper(...), anchorHoriz='center', anchorVert='center', antialias=True, autoDraw=False, autoLog=True, bold=False, color=array([1., 1., 1.]), colorSpace='rgb', contrast=1.0, depth=-1.0, draggable=False, flipHoriz=False, flipVert=False, font='Arial', fontFiles=[], height=0.05, italic=False, languageStyle='LTR', name='pilot_label_text', opacity=1, ori=0.0, pos=array([0., 0.]), rgb=UNKNOWN, text='', units='height', win=Window(...), wrapWidth=1.3)
10.2921 	EXP 	Created pilot_fiksacja1 = TextStim(__class__=<class 'psychopy.visual.text.TextStim'>, alignHoriz=method-wrapper(...), alignText='center', alignVert=method-wrapper(...), anchorHoriz='center', anchorVert='center', antialias=True, autoDraw=False, autoLog=True, bold=False, color=array([1., 1., 1.]), colorSpace='rgb', contrast=1.0, depth=-2.0, draggable=False, flipHoriz=False, flipVert=False, font='Arial', fontFiles=[], height=np.float64(0.1), italic=False, languageStyle='LTR', name='pilot_fiksacja1', opacity=1, ori=0.0, pos=array([0., 0.]), rgb=UNKNOWN, text='+', units='height', win=Window(...), wrapWidth=1)
10.3279 	EXP 	Created pilot_suwak = Slider(__class__=<class 'psychopy.visual.slider.Slider'>, autoDraw=False, autoLog=True, borderColor=None, color=None, colorSpace='rgb', depth=-3, fillColor=None, flip=False, font='Noto Sans', granularity=0.0, labelColor=None, labelHeight=np.float64(0.05), labelWrapWidth=None, labels=None, lineColor=None, markerColor=None, name='pilot_suwak', opacity=None, ori=0.0, pos=array([ 0. , -0.5]), readOnly=False, self=UNKNOWN, size=array([1. , 0.1]), startValue=0, style='slider', styleTweaks=[], ticks=ndarray(...), units='norm', win=Window(...))
10.3304 	EXP 	Created pilot_fiksacja2 = TextStim(__class__=<class 'psychopy.visual.text.TextStim'>, alignHoriz=method-wrapper(...), alignText='center', alignVert=method-wrapper(...), anchorHoriz='center', anchorVert='center', antialias=True, autoDraw=False, autoLog=True, bold=False, color=array([1., 1., 1.]), colorSpace='rgb', contrast=1.0, depth=-4.0, draggable=False, flipHoriz=False, flipVert=False, font='Arial', fontFiles=[], height=np.float64(0.1), italic=False, languageStyle='LTR', name='pilot_fiksacja2', opacity=1, ori=0.0, pos=array([0., 0.]), rgb=UNKNOWN, text='+', units='height', win=Window(...), wrapWidth=1)
10.3464 	EXP 	Created pilot_pytanie = TextStim(__class__=<class 'psychopy.visual.text.TextStim'>, alignHoriz=method-wrapper(...), alignText='center', alignVert=method-wrapper(...), anchorHoriz='center', anchorVert='center', antialias=True, autoDraw=False, autoLog=True, bold=False, color=array([1., 1., 1.]), colorSpace='rgb', contrast=1.0, depth=-5.0, draggable=False, flipHoriz=False, flipVert=False, font='Arial', fontFiles=[], height=np.float64(0.1), italic=False, languageStyle='LTR', name='pilot_pytanie', opacity=1, ori=0.0, pos=array([0., 0.]), rgb=UNKNOWN, text='Jaką emocję wyrażała ta twarz?', units='norm', win=Window(...), wrapWidth=1)
10.3476 	EXP 	Created pilot_lewa_etykieta = TextStim(__class__=<class 'psychopy.visual.text.TextStim'>, alignHoriz=method-wrapper(...), alignText='center', alignVert=method-wrapper(...), anchorHoriz='center', anchorVert='center', antialias=True, autoDraw=False, autoLog=True, bold=False, color=array([1., 1., 1.]), colorSpace='rgb', contrast=1.0, depth=-6.0, draggable=False, flipHoriz=False, flipVert=False, font='Arial', fontFiles=[], height=0.085, italic=False, languageStyle='LTR', name='pilot_lewa_etykieta', opacity=1, ori=0.0, pos=array([-0.6, -0.5]), rgb=UNKNOWN, text='', units='norm', win=Window(...), wrapWidth=1)
10.3484 	EXP 	Created pilot_prawa_etykieta = TextStim(__class__=<class 'psychopy.visual.text.TextStim'>, alignHoriz=method-wrapper(...), alignText='center', alignVert=method-wrapper(...), anchorHoriz='center', anchorVert='center', antialias=True, autoDraw=False, autoLog=True, bold=False, color=array([1., 1., 1.]), colorSpace='rgb', contrast=1.0, depth=-7.0, draggable=False, flipHoriz=False, flipVert=False, font='Arial', fontFiles=[], height=0.085, italic=False, languageStyle='LTR', name='pilot_prawa_etykieta', opacity=1, ori=0.0, pos=array([ 0.6, -0.5]), rgb=UNKNOWN, text='', units='norm', win=Window(...), wrapWidth=1)
10.4741 	EXP 	Created pilot_stim_image = ImageStim(__class__=<class 'psychopy.visual.image.ImageStim'>, anchor=('center', 'center'), autoLog=True, color=array([1., 1., 1.]), colorSpace='rgb', contrast=1.0, depth=-8.0, draggable=False, flipHoriz=np.False_, flipVert=np.False_, image='C:/Users/julia/OneDrive/Obrazy/IMG_2397.JPEG', interpolate=True, mask=None, maskParams=None, name='pilot_stim_image', opacity=1, ori=0.0, pos=array([0., 0.]), size=array([0.75, 0.75]), texRes=128.0, units='height', win=Window(...))
10.5341 	EXP 	Created start_badania = TextStim(__class__=<class 'psychopy.visual.text.TextStim'>, alignHoriz=method-wrapper(...), alignText='center', alignVert=method-wrapper(...), anchorHoriz='center', anchorVert='center', antialias=True, autoDraw=False, autoLog=True, bold=False, color=array([1., 1., 1.]), colorSpace='rgb', contrast=1.0, depth=-2.0, draggable=False, flipHoriz=False, flipVert=False, font='Arial', fontFiles=[], height=np.float64(0.05), italic=False, languageStyle='LTR', name='start_badania', opacity=1, ori=0.0, pos=array([0., 0.]), rgb=UNKNOWN, text=str(...), units='norm', win=Window(...), wrapWidth=1.4)
10.5356 	EXP 	Created label_text = TextStim(__class__=<class 'psychopy.visual.text.TextStim'>, alignHoriz=method-wrapper(...), alignText='center', alignVert=method-wrapper(...), anchorHoriz='center', anchorVert='center', antialias=True, autoDraw=False, autoLog=True, bold=False, color=array([1., 1., 1.]), colorSpace='rgb', contrast=1.0, depth=-2.0, draggable=False, flipHoriz=False, flipVert=False, font='Arial', fontFiles=[], height=0.05, italic=False, languageStyle='LTR', name='label_text', opacity=1, ori=0.0, pos=array([0., 0.]), rgb=UNKNOWN, text='', units='height', win=Window(...), wrapWidth=1.3)
10.5401 	EXP 	Created stim_image = ImageStim(__class__=<class 'psychopy.visual.image.ImageStim'>, anchor=('center', 'center'), autoLog=True, color=array([1., 1., 1.]), colorSpace='rgb', contrast=1.0, depth=-3.0, draggable=False, flipHoriz=np.False_, flipVert=np.False_, image='default.png', interpolate=True, mask=None, maskParams=None, name='stim_image', opacity=1, ori=0.0, pos=array([0., 0.]), size=array([0.75, 0.75]), texRes=128.0, units='height', win=Window(...))
10.5526 	EXP 	Created suwak_badanie = Slider(__class__=<class 'psychopy.visual.slider.Slider'>, autoDraw=False, autoLog=True, borderColor=None, color=None, colorSpace='rgb', depth=-4, fillColor=None, flip=False, font='Noto Sans', granularity=0.0, labelColor=None, labelHeight=np.float64(0.05), labelWrapWidth=None, labels=None, lineColor=None, markerColor=None, name='suwak_badanie', opacity=None, ori=0.0, pos=array([ 0. , -0.5]), readOnly=False, self=UNKNOWN, size=array([1. , 0.1]), startValue=0, style='slider', styleTweaks=[], ticks=ndarray(...), units='norm', win=Window(...))
10.5539 	EXP 	Created lewa_etykieta = TextStim(__class__=<class 'psychopy.visual.text.TextStim'>, alignHoriz=method-wrapper(...), alignText='center', alignVert=method-wrapper(...), anchorHoriz='center', anchorVert='center', antialias=True, autoDraw=False, autoLog=True, bold=False, color=array([1., 1., 1.]), colorSpace='rgb', contrast=1.0, depth=-5.0, draggable=False, flipHoriz=False, flipVert=False, font='Arial', fontFiles=[], height=0.085, italic=False, languageStyle='LTR', name='lewa_etykieta', opacity=1, ori=0.0, pos=array([-0.7, -0.5]), rgb=UNKNOWN, text='', units='norm', win=Window(...), wrapWidth=1)
10.5553 	EXP 	Created prawa_etykieta = TextStim(__class__=<class 'psychopy.visual.text.TextStim'>, alignHoriz=method-wrapper(...), alignText='center', alignVert=method-wrapper(...), anchorHoriz='center', anchorVert='center', antialias=True, autoDraw=False, autoLog=True, bold=False, color=array([1., 1., 1.]), colorSpace='rgb', contrast=1.0, depth=-6.0, draggable=False, flipHoriz=False, flipVert=False, font='Arial', fontFiles=[], height=0.085, italic=False, languageStyle='LTR', name='prawa_etykieta', opacity=1, ori=0.0, pos=array([ 0.7, -0.5]), rgb=UNKNOWN, text='', units='norm', win=Window(...), wrapWidth=1)
10.5611 	EXP 	Created fiksacja1 = TextStim(__class__=<class 'psychopy.visual.text.TextStim'>, alignHoriz=method-wrapper(...), alignText='center', alignVert=method-wrapper(...), anchorHoriz='center', anchorVert='center', antialias=True, autoDraw=False, autoLog=True, bold=False, color=array([1., 1., 1.]), colorSpace='rgb', contrast=1.0, depth=-7.0, draggable=False, flipHoriz=False, flipVert=False, font='Arial', fontFiles=[], height=np.float64(0.1), italic=False, languageStyle='LTR', name='fiksacja1', opacity=1, ori=0.0, pos=array([0., 0.]), rgb=UNKNOWN, text='+', units='height', win=Window(...), wrapWidth=1)
10.5636 	EXP 	Created fiksacja2 = TextStim(__class__=<class 'psychopy.visual.text.TextStim'>, alignHoriz=method-wrapper(...), alignText='center', alignVert=method-wrapper(...), anchorHoriz='center', anchorVert='center', antialias=True, autoDraw=False, autoLog=True, bold=False, color=array([1., 1., 1.]), colorSpace='rgb', contrast=1.0, depth=-8.0, draggable=False, flipHoriz=False, flipVert=False, font='Arial', fontFiles=[], height=np.float64(0.1), italic=False, languageStyle='LTR', name='fiksacja2', opacity=1, ori=0.0, pos=array([0., 0.]), rgb=UNKNOWN, text='+', units='height', win=Window(...), wrapWidth=1)
10.5752 	EXP 	Created pytanie = TextStim(__class__=<class 'psychopy.visual.text.TextStim'>, alignHoriz=method-wrapper(...), alignText='center', alignVert=method-wrapper(...), anchorHoriz='center', anchorVert='center', antialias=True, autoDraw=False, autoLog=True, bold=False, color=array([1., 1., 1.]), colorSpace='rgb', contrast=1.0, depth=-9.0, draggable=False, flipHoriz=False, flipVert=False, font='Arial', fontFiles=[], height=np.float64(0.1), italic=False, languageStyle='LTR', name='pytanie', opacity=1, ori=0.0, pos=array([0., 0.]), rgb=UNKNOWN, text='Jaką emocję wyrażała ta twarz?', units='norm', win=Window(...), wrapWidth=1)
0.0241 	EXP 	pilot_suwak: autoLog = True
0.0241 	EXP 	pilot_suwak: styleTweaks = []
0.0241 	EXP 	pilot_suwak: styleTweaks = []
0.0241 	EXP 	pilot_suwak: styleTweaks = []
0.0241 	EXP 	pilot_suwak: styleTweaks = []
0.0241 	EXP 	pilot_suwak: contrast = 1.0
0.0241 	EXP 	pilot_suwak: markerPos = 0
0.0241 	EXP 	pilot_suwak: autoLog = True
0.0241 	EXP 	suwak_badanie: autoLog = True
0.0241 	EXP 	suwak_badanie: styleTweaks = []
0.0241 	EXP 	suwak_badanie: styleTweaks = []
0.0241 	EXP 	suwak_badanie: styleTweaks = []
0.0241 	EXP 	suwak_badanie: styleTweaks = []
0.0241 	EXP 	suwak_badanie: contrast = 1.0
0.0241 	EXP 	suwak_badanie: markerPos = 0
0.0241 	EXP 	suwak_badanie: autoLog = True
0.0376 	INFO 	Keyboard events cleared
0.0376 	EXP 	text_instr: autoDraw = True
7.1902 	EXP 	Device response: <KeyPress from None: t=7.163520900008734, value=space, duration=None>
7.1938 	DATA 	Keypress: space
7.1971 	INFO 	Keyboard events cleared
7.1969 	EXP 	text_instr: autoDraw = False
7.1969 	EXP 	suwak_info: autoDraw = True
7.3249 	EXP 	Device response: <KeyPress from None: t=7.163520900008734, value=space, duration=0.14507219998631626>
8.7565 	DATA 	Keypress: space
8.7712 	EXP 	Device response: <KeyPress from None: t=8.754929399990942, value=space, duration=None>
8.7875 	INFO 	Keyboard events cleared
8.7874 	EXP 	suwak_info: autoDraw = False
8.7874 	EXP 	proba_testowa: autoDraw = True
8.9038 	EXP 	Device response: <KeyPress from None: t=8.754929399990942, value=space, duration=0.14542379998601973>
10.1838 	EXP 	Device response: <KeyPress from None: t=10.18210179999005, value=space, duration=None>
10.2171 	DATA 	Keypress: space
10.2201 	EXP 	proba_testowa: autoDraw = False
10.2201 	EXP 	pilot_label_text: height = np.float64(0.05)
10.2201 	EXP 	pilot_label_text: height = np.float64(0.05)
10.2201 	EXP 	pilot_label_text: height = np.float64(0.05)
10.2201 	EXP 	pilot_label_text: height = np.float64(0.05)
10.2201 	EXP 	pilot_label_text: height = np.float64(0.05)
10.2201 	EXP 	pilot_label_text: height = np.float64(0.05)
10.2201 	EXP 	pilot_label_text: text = 'Model AI wykrył w tej twarzy 80%\n'
10.2201 	EXP 	pilot_suwak: markerPos = None
10.2201 	EXP 	pilot_suwak: markerPos = 0
10.2201 	EXP 	pilot_lewa_etykieta: height = np.float64(0.085)
10.2201 	EXP 	pilot_lewa_etykieta: height = np.float64(0.085)
10.2201 	EXP 	pilot_lewa_etykieta: height = np.float64(0.085)
10.2201 	EXP 	pilot_lewa_etykieta: text = 'radość'
10.2201 	EXP 	pilot_prawa_etykieta: height = np.float64(0.085)
10.2201 	EXP 	pilot_prawa_etykieta: height = np.float64(0.085)
10.2201 	EXP 	pilot_prawa_etykieta: height = np.float64(0.085)
10.2201 	EXP 	pilot_prawa_etykieta: text = 'smutek'
10.2201 	EXP 	pilot_fiksacja1: autoDraw = True
10.3496 	EXP 	Device response: <KeyPress from None: t=10.18210179999005, value=space, duration=0.15972619998501614>
11.2305 	EXP 	pilot_fiksacja1: autoDraw = False
11.2966 	EXP 	pilot_label_text: autoDraw = True
13.7902 	EXP 	pilot_fiksacja2: autoDraw = True
14.3051 	EXP 	pilot_label_text: autoDraw = False
14.7880 	EXP 	pilot_stim_image: autoDraw = True
14.8050 	EXP 	pilot_fiksacja2: autoDraw = False
15.6873 	EXP 	pilot_suwak: autoDraw = True
15.6873 	EXP 	pilot_pytanie: autoDraw = True
15.6873 	EXP 	pilot_lewa_etykieta: autoDraw = True
15.6873 	EXP 	pilot_prawa_etykieta: autoDraw = True
15.7014 	EXP 	pilot_stim_image: autoDraw = False
17.2975 	EXP 	Device response: <KeyPress from None: t=17.289640599978156, value=space, duration=None>
17.2980 	DATA 	Keypress: space
17.4303 	EXP 	Device response: <KeyPress from None: t=17.289640599978156, value=space, duration=0.13450240000383928>
18.9935 	DATA 	Mouse: Left button down, pos=(1288,274)
19.0088 	EXP 	pilot_suwak: markerPos = np.float64(34.16666666666667)
19.0256 	EXP 	pilot_suwak: markerPos = np.float64(34.16666666666667)
19.0423 	EXP 	pilot_suwak: markerPos = np.float64(34.16666666666667)
19.0590 	EXP 	pilot_suwak: markerPos = np.float64(34.16666666666667)
19.0752 	EXP 	pilot_suwak: markerPos = np.float64(34.16666666666667)
19.0775 	DATA 	Mouse:  Left button up, pos=(1288,274)
19.0921 	EXP 	pilot_suwak: markerPos = np.float64(34.16666666666667)
19.1087 	INFO 	Keyboard events cleared
19.1086 	EXP 	pilot_label_text: autoDraw = False
19.1086 	EXP 	pilot_fiksacja1: autoDraw = False
19.1086 	EXP 	pilot_suwak: autoDraw = False
19.1086 	EXP 	pilot_fiksacja2: autoDraw = False
19.1086 	EXP 	pilot_pytanie: autoDraw = False
19.1086 	EXP 	pilot_lewa_etykieta: autoDraw = False
19.1086 	EXP 	pilot_prawa_etykieta: autoDraw = False
19.1086 	EXP 	pilot_stim_image: autoDraw = False
19.1086 	EXP 	start_badania: autoDraw = True
21.9847 	EXP 	Device response: <KeyPress from None: t=21.979046799999196, value=space, duration=None>
22.0225 	EXP 	Imported conditions.xlsx as conditions, 32 conditions, 9 params
22.0239 	EXP 	New trial (rep=0, index=0): <Trial 0 (0 in rep 0) data={'image_path': 'C:\\Users\\julia\\OneDrive\\Pulpit\\percepcja_psychopy\\photos\\Twarze 50,50\\SZ 50,50\\1K SZ 5050.png', 'etykieta': 'Model sztucznej inteligencji wykrył w tej twarzy 72% strachu .', 'left_label': 'strach', 'right_label': 'złość', 'show_label': 1, 'proporcja_zdjecia': '50/50', 'typ_etykiety': 'Procentowa AI', 'warunek': 'n/d', 'kierunek': 'Sugestia Lewo strach', 'thisN': 0, 'thisTrialN': 0, 'thisRepN': 0}>
22.0897 	EXP 	Device response: <KeyPress from None: t=21.979046799999196, value=space, duration=0.06454940000548959>
22.0908 	DATA 	Keypress: space
22.0942 	EXP 	start_badania: autoDraw = False
22.0942 	EXP 	label_text: height = np.float64(0.05)
22.0942 	EXP 	label_text: height = np.float64(0.05)
22.0942 	EXP 	label_text: height = np.float64(0.05)
22.0942 	EXP 	label_text: height = np.float64(0.05)
22.0942 	EXP 	label_text: height = np.float64(0.05)
22.0942 	EXP 	label_text: height = np.float64(0.05)
22.0942 	EXP 	label_text: text = 'Model sztucznej inteligencji wykrył w tej twarzy 72% strachu .'
22.0942 	EXP 	stim_image: image = 'C:\\Users\\julia\\OneDrive\\Pulpit\\percepcja_psychopy\\photos\\Twarze 50,50\\SZ 50,50\\1K SZ 5050.png'
22.0942 	EXP 	suwak_badanie: markerPos = None
22.0942 	EXP 	suwak_badanie: markerPos = 0
22.0942 	EXP 	lewa_etykieta: height = np.float64(0.085)
22.0942 	EXP 	lewa_etykieta: height = np.float64(0.085)
22.0942 	EXP 	lewa_etykieta: height = np.float64(0.085)
22.0942 	EXP 	lewa_etykieta: text = 'strach'
22.0942 	EXP 	prawa_etykieta: height = np.float64(0.085)
22.0942 	EXP 	prawa_etykieta: height = np.float64(0.085)
22.0942 	EXP 	prawa_etykieta: height = np.float64(0.085)
22.0942 	EXP 	prawa_etykieta: text = 'złość'
22.0942 	EXP 	fiksacja1: autoDraw = True
23.0981 	EXP 	label_text: autoDraw = True
23.0981 	EXP 	fiksacja1: autoDraw = False
25.5913 	EXP 	fiksacja2: autoDraw = True
25.6077 	EXP 	label_text: autoDraw = False
26.5894 	EXP 	stim_image: autoDraw = True
26.6057 	EXP 	fiksacja2: autoDraw = False
27.4858 	EXP 	suwak_badanie: autoDraw = True
27.4858 	EXP 	lewa_etykieta: autoDraw = True
27.4858 	EXP 	prawa_etykieta: autoDraw = True
27.4858 	EXP 	pytanie: autoDraw = True
27.5027 	EXP 	stim_image: autoDraw = False
30.7447 	DATA 	Mouse: Left button down, pos=(1277,276)
30.7603 	EXP 	suwak_badanie: markerPos = np.float64(33.02083333333333)
30.7770 	EXP 	suwak_badanie: markerPos = np.float64(33.02083333333333)
30.7936 	EXP 	suwak_badanie: markerPos = np.float64(33.02083333333333)
30.8098 	EXP 	suwak_badanie: markerPos = np.float64(33.02083333333333)
30.8111 	DATA 	Mouse:  Left button up, pos=(1277,276)
30.8268 	EXP 	suwak_badanie: markerPos = np.float64(33.02083333333333)
30.8282 	EXP 	New trial (rep=0, index=1): <Trial 1 (1 in rep 0) data={'image_path': 'C:\\Users\\julia\\OneDrive\\Pulpit\\percepcja_psychopy\\photos\\Twarze 80,20\\OZ 80,20\\1K OZ 8020.png', 'etykieta': 'Poprzedni badani wykryli w tej twarzy oczekiwanie.', 'left_label': 'zaskoczenie', 'right_label': 'oczekiwanie', 'show_label': 1, 'proporcja_zdjecia': '80/20 oczekiwanie', 'typ_etykiety': 'Kategorialna Ludzie', 'warunek': 'Zgodny', 'kierunek': 'Dominacja Prawo oczekiwanie', 'thisN': 1, 'thisTrialN': 1, 'thisRepN': 0}>
30.8852 	EXP 	label_text: autoDraw = False
30.8852 	EXP 	stim_image: autoDraw = False
30.8852 	EXP 	suwak_badanie: autoDraw = False
30.8852 	EXP 	lewa_etykieta: autoDraw = False
30.8852 	EXP 	prawa_etykieta: autoDraw = False
30.8852 	EXP 	fiksacja1: autoDraw = False
30.8852 	EXP 	fiksacja2: autoDraw = False
30.8852 	EXP 	pytanie: autoDraw = False
30.8852 	EXP 	label_text: height = np.float64(0.05)
30.8852 	EXP 	label_text: height = np.float64(0.05)
30.8852 	EXP 	label_text: height = np.float64(0.05)
30.8852 	EXP 	label_text: height = np.float64(0.05)
30.8852 	EXP 	label_text: height = np.float64(0.05)
30.8852 	EXP 	label_text: height = np.float64(0.05)
30.8852 	EXP 	label_text: text = 'Poprzedni badani wykryli w tej twarzy oczekiwanie.'
30.8852 	EXP 	stim_image: image = 'C:\\Users\\julia\\OneDrive\\Pulpit\\percepcja_psychopy\\photos\\Twarze 80,20\\OZ 80,20\\1K OZ 8020.png'
30.8852 	EXP 	suwak_badanie: markerPos = None
30.8852 	EXP 	suwak_badanie: markerPos = 0
30.8852 	EXP 	lewa_etykieta: height = np.float64(0.085)
30.8852 	EXP 	lewa_etykieta: height = np.float64(0.085)
30.8852 	EXP 	lewa_etykieta: height = np.float64(0.085)
30.8852 	EXP 	lewa_etykieta: text = 'zaskoczenie'
30.8852 	EXP 	prawa_etykieta: height = np.float64(0.085)
30.8852 	EXP 	prawa_etykieta: height = np.float64(0.085)
30.8852 	EXP 	prawa_etykieta: height = np.float64(0.085)
30.8852 	EXP 	prawa_etykieta: text = 'oczekiwanie'
30.8852 	EXP 	fiksacja1: autoDraw = True
31.8906 	EXP 	fiksacja1: autoDraw = False
31.9405 	EXP 	label_text: autoDraw = True
34.4338 	EXP 	fiksacja2: autoDraw = True
34.4503 	EXP 	label_text: autoDraw = False
35.4316 	EXP 	stim_image: autoDraw = True
35.4484 	EXP 	fiksacja2: autoDraw = False
36.3287 	EXP 	suwak_badanie: autoDraw = True
36.3287 	EXP 	lewa_etykieta: autoDraw = True
36.3287 	EXP 	prawa_etykieta: autoDraw = True
36.3287 	EXP 	pytanie: autoDraw = True
36.3451 	EXP 	stim_image: autoDraw = False
39.8554 	DATA 	Keypress: escape
39.8693 	EXP 	Device response: <KeyPress from None: t=39.852263399981894, value=escape, duration=None>
40.0189 	EXP 	Device response: <KeyPress from None: t=39.852263399981894, value=escape, duration=0.15023930004099384>
40.0190 	EXP 	untitled_FINAL_NEWEST: status = STOPPED
40.0351 	EXP 	suwak_badanie: autoDraw = False
40.0351 	EXP 	lewa_etykieta: autoDraw = False
40.0351 	EXP 	prawa_etykieta: autoDraw = False
40.0351 	EXP 	pytanie: autoDraw = False
40.0353 	EXP 	untitled_FINAL_NEWEST: status = STOPPED
40.0469 	INFO 	saved data to 'C:\\Users\\julia\\OneDrive\\Pulpit\\percepcja_psychopy\\data\\971446_untitled_FINAL_NEWEST_2026-04-24_18h29.00.783.csv'
40.0502 	INFO 	saved data to C:\Users\julia\OneDrive\Pulpit\percepcja_psychopy\data\971446_untitled_FINAL_NEWEST_2026-04-24_18h29.00.783.psydat
41.1559 	WARNING 	Stopping key buffers but this could be dangerous ifother keyboards rely on the same.
