10.6019 	INFO 	Loaded monitor calibration from ['2026_03_18 20:30']
10.6348 	WARNING 	User requested fullscreen with size [1090  800], but screen is actually [1920, 1080]. Using actual size
11.7191 	INFO 	Using renderer 'Intel(R) UHD Graphics' for graphics
11.7191 	INFO 	OpenGL version supported by driver is 4..
12.6866 	EXP 	Created window1 = Window(allowGUI=False, allowStencil=False, autoLog=True, backendConf=UNKNOWN, backgroundFit=<method-wrapper '__getattribute__' of attributeSetter object at 0x000001C0F5E9ED40>, backgroundImage=<method-wrapper '__getattribute__' of attributeSetter object at 0x000001C0F5E9EC50>, bitsMode=UNKNOWN, blendMode='avg', bpc=(8, 8, 8), color=array([0.6549, 0.6549, 0.6549]), colorSpace='rgb', depthBits=8, fullscr=True, gamma=None, gammaErrorPolicy='raise', infoMsg=UNKNOWN, lms=UNKNOWN, monitor=<psychopy.monitors.calibTools.Monitor object at 0x000001C0F4463A30>, multiSample=False, name='window1', numSamples=2, pos=[np.float64(0.0), np.float64(0.0)], screen=0, size=array([1920, 1080]), stencilBits=0, stereo=False, title='PsychoPy', units='height', useFBO=True, useRetina=False, viewOri=0.0, viewPos=None, viewScale=None, waitBlanking=True, winType='pyglet')
12.6867 	EXP 	window1: backgroundImage = ''
12.6867 	EXP 	window1: backgroundFit = 'none'
12.8345 	INFO 	keyboard.Keyboard is using ptb backend.
12.8346 	EXP 	untitled_FINAL_NEWEST: status = STARTED
12.9770 	EXP 	Created text_instr = TextStim(__class__=<class 'psychopy.visual.text.TextStim'>, alignHoriz=method-wrapper(...), alignText='center', alignVert=method-wrapper(...), anchorHoriz='center', anchorVert='center', antialias=True, autoDraw=False, autoLog=True, bold=False, color=array([-1., -1., -1.]), colorSpace='rgb', contrast=1.0, depth=-2.0, draggable=False, flipHoriz=False, flipVert=False, font='Arial', fontFiles=[], height=np.float64(0.03), italic=False, languageStyle='LTR', name='text_instr', opacity=1, ori=0.0, pos=array([0., 0.]), rgb=UNKNOWN, text=str(...), units='height', win=Window(...), wrapWidth=1.4)
12.9993 	EXP 	Created suwak_info = TextStim(__class__=<class 'psychopy.visual.text.TextStim'>, alignHoriz=method-wrapper(...), alignText='center', alignVert=method-wrapper(...), anchorHoriz='center', anchorVert='center', antialias=True, autoDraw=False, autoLog=True, bold=False, color=array([-1., -1., -1.]), colorSpace='rgb', contrast=1.0, depth=-1.0, draggable=False, flipHoriz=False, flipVert=False, font='Arial', fontFiles=[], height=np.float64(0.03), italic=False, languageStyle='LTR', name='suwak_info', opacity=1, ori=0.0, pos=array([0., 0.]), rgb=UNKNOWN, text=str(...), units='height', win=Window(...), wrapWidth=1.3)
13.0291 	EXP 	Created proba_testowa = TextStim(__class__=<class 'psychopy.visual.text.TextStim'>, alignHoriz=method-wrapper(...), alignText='center', alignVert=method-wrapper(...), anchorHoriz='center', anchorVert='center', antialias=True, autoDraw=False, autoLog=True, bold=False, color=array([-1., -1., -1.]), colorSpace='rgb', contrast=1.0, depth=-2.0, draggable=False, flipHoriz=False, flipVert=False, font='Arial', fontFiles=[], height=np.float64(0.04), italic=False, languageStyle='LTR', name='proba_testowa', opacity=1, ori=0.0, pos=array([0., 0.]), rgb=UNKNOWN, text=str(...), units='height', win=Window(...), wrapWidth=1.4)
13.0300 	EXP 	Created pilot_label_text = TextStim(__class__=<class 'psychopy.visual.text.TextStim'>, alignHoriz=method-wrapper(...), alignText='center', alignVert=method-wrapper(...), anchorHoriz='center', anchorVert='center', antialias=True, autoDraw=False, autoLog=True, bold=False, color=array([-1., -1., -1.]), colorSpace='rgb', contrast=1.0, depth=-1.0, draggable=False, flipHoriz=False, flipVert=False, font='Arial', fontFiles=[], height=0.05, italic=False, languageStyle='LTR', name='pilot_label_text', opacity=1, ori=0.0, pos=array([0., 0.]), rgb=UNKNOWN, text='', units='height', win=Window(...), wrapWidth=1.3)
13.0366 	EXP 	Created pilot_fiksacja1 = TextStim(__class__=<class 'psychopy.visual.text.TextStim'>, alignHoriz=method-wrapper(...), alignText='center', alignVert=method-wrapper(...), anchorHoriz='center', anchorVert='center', antialias=True, autoDraw=False, autoLog=True, bold=False, color=array([1., 1., 1.]), colorSpace='rgb', contrast=1.0, depth=-2.0, draggable=False, flipHoriz=False, flipVert=False, font='Arial', fontFiles=[], height=np.float64(0.1), italic=False, languageStyle='LTR', name='pilot_fiksacja1', opacity=1, ori=0.0, pos=array([0., 0.]), rgb=UNKNOWN, text='+', units='height', win=Window(...), wrapWidth=1)
13.0706 	EXP 	Created pilot_suwak = Slider(__class__=<class 'psychopy.visual.slider.Slider'>, autoDraw=False, autoLog=True, borderColor=None, color=None, colorSpace='rgb', depth=-3, fillColor=None, flip=False, font='Noto Sans', granularity=0.0, labelColor=None, labelHeight=np.float64(0.05), labelWrapWidth=None, labels=None, lineColor=None, markerColor=None, name='pilot_suwak', opacity=None, ori=0.0, pos=array([ 0. , -0.5]), readOnly=False, self=UNKNOWN, size=array([1. , 0.1]), startValue=0, style='slider', styleTweaks=[], ticks=ndarray(...), units='norm', win=Window(...))
13.0724 	EXP 	Created pilot_fiksacja2 = TextStim(__class__=<class 'psychopy.visual.text.TextStim'>, alignHoriz=method-wrapper(...), alignText='center', alignVert=method-wrapper(...), anchorHoriz='center', anchorVert='center', antialias=True, autoDraw=False, autoLog=True, bold=False, color=array([-1., -1., -1.]), colorSpace='rgb', contrast=1.0, depth=-4.0, draggable=False, flipHoriz=False, flipVert=False, font='Arial', fontFiles=[], height=np.float64(0.1), italic=False, languageStyle='LTR', name='pilot_fiksacja2', opacity=1, ori=0.0, pos=array([0., 0.]), rgb=UNKNOWN, text='+', units='height', win=Window(...), wrapWidth=1)
13.0860 	EXP 	Created pilot_pytanie = TextStim(__class__=<class 'psychopy.visual.text.TextStim'>, alignHoriz=method-wrapper(...), alignText='center', alignVert=method-wrapper(...), anchorHoriz='center', anchorVert='center', antialias=True, autoDraw=False, autoLog=True, bold=False, color=array([1., 1., 1.]), colorSpace='rgb', contrast=1.0, depth=-5.0, draggable=False, flipHoriz=False, flipVert=False, font='Arial', fontFiles=[], height=np.float64(0.1), italic=False, languageStyle='LTR', name='pilot_pytanie', opacity=1, ori=0.0, pos=array([0., 0.]), rgb=UNKNOWN, text='Jaką emocję wyrażała ta twarz?', units='norm', win=Window(...), wrapWidth=1)
13.0872 	EXP 	Created pilot_lewa_etykieta = TextStim(__class__=<class 'psychopy.visual.text.TextStim'>, alignHoriz=method-wrapper(...), alignText='center', alignVert=method-wrapper(...), anchorHoriz='center', anchorVert='center', antialias=True, autoDraw=False, autoLog=True, bold=False, color=array([-1., -1., -1.]), colorSpace='rgb', contrast=1.0, depth=-6.0, draggable=False, flipHoriz=False, flipVert=False, font='Arial', fontFiles=[], height=0.085, italic=False, languageStyle='LTR', name='pilot_lewa_etykieta', opacity=1, ori=0.0, pos=array([-0.6, -0.5]), rgb=UNKNOWN, text='', units='norm', win=Window(...), wrapWidth=1)
13.0877 	EXP 	Created pilot_prawa_etykieta = TextStim(__class__=<class 'psychopy.visual.text.TextStim'>, alignHoriz=method-wrapper(...), alignText='center', alignVert=method-wrapper(...), anchorHoriz='center', anchorVert='center', antialias=True, autoDraw=False, autoLog=True, bold=False, color=array([-1., -1., -1.]), colorSpace='rgb', contrast=1.0, depth=-7.0, draggable=False, flipHoriz=False, flipVert=False, font='Arial', fontFiles=[], height=0.085, italic=False, languageStyle='LTR', name='pilot_prawa_etykieta', opacity=1, ori=0.0, pos=array([ 0.6, -0.5]), rgb=UNKNOWN, text='', units='norm', win=Window(...), wrapWidth=1)
13.1974 	EXP 	Created pilot_stim_image = ImageStim(__class__=<class 'psychopy.visual.image.ImageStim'>, anchor=('center', 'center'), autoLog=True, color=array([1., 1., 1.]), colorSpace='rgb', contrast=1.0, depth=-8.0, draggable=False, flipHoriz=np.False_, flipVert=np.False_, image='C:/Users/julia/OneDrive/Obrazy/IMG_2397.JPEG', interpolate=True, mask=None, maskParams=None, name='pilot_stim_image', opacity=1, ori=0.0, pos=array([0., 0.]), size=array([0.75, 0.75]), texRes=128.0, units='height', win=Window(...))
13.2395 	EXP 	Created start_badania = TextStim(__class__=<class 'psychopy.visual.text.TextStim'>, alignHoriz=method-wrapper(...), alignText='center', alignVert=method-wrapper(...), anchorHoriz='center', anchorVert='center', antialias=True, autoDraw=False, autoLog=True, bold=False, color=array([-1., -1., -1.]), colorSpace='rgb', contrast=1.0, depth=-2.0, draggable=False, flipHoriz=False, flipVert=False, font='Arial', fontFiles=[], height=np.float64(0.05), italic=False, languageStyle='LTR', name='start_badania', opacity=1, ori=0.0, pos=array([0., 0.]), rgb=UNKNOWN, text=str(...), units='norm', win=Window(...), wrapWidth=1.4)
13.2410 	EXP 	Created label_text = TextStim(__class__=<class 'psychopy.visual.text.TextStim'>, alignHoriz=method-wrapper(...), alignText='center', alignVert=method-wrapper(...), anchorHoriz='center', anchorVert='center', antialias=True, autoDraw=False, autoLog=True, bold=False, color=array([1., 1., 1.]), colorSpace='rgb', contrast=1.0, depth=-2.0, draggable=False, flipHoriz=False, flipVert=False, font='Arial', fontFiles=[], height=0.05, italic=False, languageStyle='LTR', name='label_text', opacity=1, ori=0.0, pos=array([0., 0.]), rgb=UNKNOWN, text='', units='height', win=Window(...), wrapWidth=1.3)
13.2465 	EXP 	Created stim_image = ImageStim(__class__=<class 'psychopy.visual.image.ImageStim'>, anchor=('center', 'center'), autoLog=True, color=array([1., 1., 1.]), colorSpace='rgb', contrast=1.0, depth=-3.0, draggable=False, flipHoriz=np.False_, flipVert=np.False_, image='default.png', interpolate=True, mask=None, maskParams=None, name='stim_image', opacity=1, ori=0.0, pos=array([0., 0.]), size=array([0.75, 0.75]), texRes=128.0, units='height', win=Window(...))
13.2584 	EXP 	Created suwak_badanie = Slider(__class__=<class 'psychopy.visual.slider.Slider'>, autoDraw=False, autoLog=True, borderColor=None, color=None, colorSpace='rgb', depth=-4, fillColor=None, flip=False, font='Noto Sans', granularity=0.0, labelColor=None, labelHeight=np.float64(0.05), labelWrapWidth=None, labels=None, lineColor=None, markerColor=None, name='suwak_badanie', opacity=None, ori=0.0, pos=array([ 0. , -0.5]), readOnly=False, self=UNKNOWN, size=array([1. , 0.1]), startValue=0, style='slider', styleTweaks=[], ticks=ndarray(...), units='norm', win=Window(...))
13.2594 	EXP 	Created lewa_etykieta = TextStim(__class__=<class 'psychopy.visual.text.TextStim'>, alignHoriz=method-wrapper(...), alignText='center', alignVert=method-wrapper(...), anchorHoriz='center', anchorVert='center', antialias=True, autoDraw=False, autoLog=True, bold=False, color=array([-1., -1., -1.]), colorSpace='rgb', contrast=1.0, depth=-5.0, draggable=False, flipHoriz=False, flipVert=False, font='Arial', fontFiles=[], height=0.085, italic=False, languageStyle='LTR', name='lewa_etykieta', opacity=1, ori=0.0, pos=array([-0.65, -0.5 ]), rgb=UNKNOWN, text='', units='norm', win=Window(...), wrapWidth=1)
13.2604 	EXP 	Created prawa_etykieta = TextStim(__class__=<class 'psychopy.visual.text.TextStim'>, alignHoriz=method-wrapper(...), alignText='center', alignVert=method-wrapper(...), anchorHoriz='center', anchorVert='center', antialias=True, autoDraw=False, autoLog=True, bold=False, color=array([-1., -1., -1.]), colorSpace='rgb', contrast=1.0, depth=-6.0, draggable=False, flipHoriz=False, flipVert=False, font='Arial', fontFiles=[], height=0.085, italic=False, languageStyle='LTR', name='prawa_etykieta', opacity=1, ori=0.0, pos=array([ 0.65, -0.5 ]), rgb=UNKNOWN, text='', units='norm', win=Window(...), wrapWidth=1)
13.2669 	EXP 	Created fiksacja1 = TextStim(__class__=<class 'psychopy.visual.text.TextStim'>, alignHoriz=method-wrapper(...), alignText='center', alignVert=method-wrapper(...), anchorHoriz='center', anchorVert='center', antialias=True, autoDraw=False, autoLog=True, bold=False, color=array([1., 1., 1.]), colorSpace='rgb', contrast=1.0, depth=-7.0, draggable=False, flipHoriz=False, flipVert=False, font='Arial', fontFiles=[], height=np.float64(0.1), italic=False, languageStyle='LTR', name='fiksacja1', opacity=1, ori=0.0, pos=array([0., 0.]), rgb=UNKNOWN, text='+', units='height', win=Window(...), wrapWidth=1)
13.2700 	EXP 	Created fiksacja2 = TextStim(__class__=<class 'psychopy.visual.text.TextStim'>, alignHoriz=method-wrapper(...), alignText='center', alignVert=method-wrapper(...), anchorHoriz='center', anchorVert='center', antialias=True, autoDraw=False, autoLog=True, bold=False, color=array([1., 1., 1.]), colorSpace='rgb', contrast=1.0, depth=-8.0, draggable=False, flipHoriz=False, flipVert=False, font='Arial', fontFiles=[], height=np.float64(0.1), italic=False, languageStyle='LTR', name='fiksacja2', opacity=1, ori=0.0, pos=array([0., 0.]), rgb=UNKNOWN, text='+', units='height', win=Window(...), wrapWidth=1)
13.2823 	EXP 	Created pytanie = TextStim(__class__=<class 'psychopy.visual.text.TextStim'>, alignHoriz=method-wrapper(...), alignText='center', alignVert=method-wrapper(...), anchorHoriz='center', anchorVert='center', antialias=True, autoDraw=False, autoLog=True, bold=False, color=array([1., 1., 1.]), colorSpace='rgb', contrast=1.0, depth=-9.0, draggable=False, flipHoriz=False, flipVert=False, font='Arial', fontFiles=[], height=np.float64(0.1), italic=False, languageStyle='LTR', name='pytanie', opacity=1, ori=0.0, pos=array([0., 0.]), rgb=UNKNOWN, text='Jaką emocję wyrażała ta twarz?', units='norm', win=Window(...), wrapWidth=1)
0.0286 	EXP 	pilot_suwak: autoLog = True
0.0286 	EXP 	pilot_suwak: styleTweaks = []
0.0286 	EXP 	pilot_suwak: styleTweaks = []
0.0286 	EXP 	pilot_suwak: styleTweaks = []
0.0286 	EXP 	pilot_suwak: styleTweaks = []
0.0286 	EXP 	pilot_suwak: contrast = 1.0
0.0286 	EXP 	pilot_suwak: markerPos = 0
0.0286 	EXP 	pilot_suwak: autoLog = True
0.0286 	EXP 	suwak_badanie: autoLog = True
0.0286 	EXP 	suwak_badanie: styleTweaks = []
0.0286 	EXP 	suwak_badanie: styleTweaks = []
0.0286 	EXP 	suwak_badanie: styleTweaks = []
0.0286 	EXP 	suwak_badanie: styleTweaks = []
0.0286 	EXP 	suwak_badanie: contrast = 1.0
0.0286 	EXP 	suwak_badanie: markerPos = 0
0.0286 	EXP 	suwak_badanie: autoLog = True
0.0398 	INFO 	Keyboard events cleared
0.0397 	EXP 	text_instr: autoDraw = True
4.0016 	EXP 	Device response: <KeyPress from None: t=3.9790248000063, value=space, duration=None>
4.0049 	DATA 	Keypress: space
4.0081 	INFO 	Keyboard events cleared
4.0080 	EXP 	text_instr: autoDraw = False
4.0080 	EXP 	suwak_info: autoDraw = True
4.1073 	EXP 	Device response: <KeyPress from None: t=3.9790248000063, value=space, duration=0.11980609997408465>
4.9882 	EXP 	Device response: <KeyPress from None: t=4.976575699984096, value=space, duration=None>
4.9917 	DATA 	Keypress: space
5.0047 	INFO 	Keyboard events cleared
5.0045 	EXP 	suwak_info: autoDraw = False
5.0045 	EXP 	proba_testowa: autoDraw = True
5.0880 	EXP 	Device response: <KeyPress from None: t=4.976575699984096, value=space, duration=0.10342689999379218>
5.8855 	EXP 	Device response: <KeyPress from None: t=5.871553000004496, value=space, duration=None>
5.9258 	DATA 	Keypress: space
5.9290 	EXP 	proba_testowa: autoDraw = False
5.9290 	EXP 	pilot_label_text: height = np.float64(0.05)
5.9290 	EXP 	pilot_label_text: height = np.float64(0.05)
5.9290 	EXP 	pilot_label_text: height = np.float64(0.05)
5.9290 	EXP 	pilot_label_text: height = np.float64(0.05)
5.9290 	EXP 	pilot_label_text: height = np.float64(0.05)
5.9290 	EXP 	pilot_label_text: height = np.float64(0.05)
5.9290 	EXP 	pilot_label_text: text = 'Model AI wykrył w tej twarzy 80%\n'
5.9290 	EXP 	pilot_suwak: markerPos = None
5.9290 	EXP 	pilot_suwak: markerPos = 0
5.9290 	EXP 	pilot_lewa_etykieta: height = np.float64(0.085)
5.9290 	EXP 	pilot_lewa_etykieta: height = np.float64(0.085)
5.9290 	EXP 	pilot_lewa_etykieta: height = np.float64(0.085)
5.9290 	EXP 	pilot_lewa_etykieta: text = 'radość'
5.9290 	EXP 	pilot_prawa_etykieta: height = np.float64(0.085)
5.9290 	EXP 	pilot_prawa_etykieta: height = np.float64(0.085)
5.9290 	EXP 	pilot_prawa_etykieta: height = np.float64(0.085)
5.9290 	EXP 	pilot_prawa_etykieta: text = 'smutek'
5.9290 	EXP 	pilot_fiksacja1: autoDraw = True
6.0020 	EXP 	Device response: <KeyPress from None: t=5.871553000004496, value=space, duration=0.11431580001953989>
6.9322 	EXP 	pilot_fiksacja1: autoDraw = False
6.9989 	EXP 	pilot_label_text: autoDraw = True
9.4920 	EXP 	pilot_fiksacja2: autoDraw = True
10.0072 	EXP 	pilot_label_text: autoDraw = False
10.4903 	EXP 	pilot_stim_image: autoDraw = True
10.5069 	EXP 	pilot_fiksacja2: autoDraw = False
11.3874 	EXP 	pilot_suwak: autoDraw = True
11.3874 	EXP 	pilot_pytanie: autoDraw = True
11.3874 	EXP 	pilot_lewa_etykieta: autoDraw = True
11.3874 	EXP 	pilot_prawa_etykieta: autoDraw = True
11.4031 	EXP 	pilot_stim_image: autoDraw = False
13.0493 	EXP 	Device response: <KeyPress from None: t=13.043255699973088, value=space, duration=None>
13.0501 	DATA 	Keypress: space
13.2159 	EXP 	Device response: <KeyPress from None: t=13.043255699973088, value=space, duration=0.15989589999662712>
14.6129 	DATA 	Mouse: Left button down, pos=(1259,246)
14.6279 	EXP 	pilot_suwak: markerPos = np.float64(31.145833333333343)
14.6444 	EXP 	pilot_suwak: markerPos = np.float64(31.145833333333343)
14.6610 	EXP 	pilot_suwak: markerPos = np.float64(31.145833333333343)
14.6655 	DATA 	Mouse:  Left button up, pos=(1259,246)
14.6776 	EXP 	pilot_suwak: markerPos = np.float64(31.145833333333343)
14.6942 	EXP 	pilot_suwak: markerPos = np.float64(31.145833333333343)
14.7111 	INFO 	Keyboard events cleared
14.7109 	EXP 	pilot_label_text: autoDraw = False
14.7109 	EXP 	pilot_fiksacja1: autoDraw = False
14.7109 	EXP 	pilot_suwak: autoDraw = False
14.7109 	EXP 	pilot_fiksacja2: autoDraw = False
14.7109 	EXP 	pilot_pytanie: autoDraw = False
14.7109 	EXP 	pilot_lewa_etykieta: autoDraw = False
14.7109 	EXP 	pilot_prawa_etykieta: autoDraw = False
14.7109 	EXP 	pilot_stim_image: autoDraw = False
14.7109 	EXP 	start_badania: autoDraw = True
16.0079 	EXP 	Device response: <KeyPress from None: t=16.001702899986412, value=space, duration=None>
16.0270 	EXP 	Imported conditions.xlsx as conditions, 32 conditions, 9 params
16.0275 	EXP 	New trial (rep=0, index=0): <Trial 0 (0 in rep 0) data={'image_path': 'C:\\Users\\julia\\OneDrive\\Pulpit\\percepcja_psychopy\\photos\\Twarze 50,50\\SZ 50,50\\1K SZ 5050.png', 'etykieta': 'Model sztucznej inteligencji wykrył w tej twarzy 72% strachu .', 'left_label': 'strach', 'right_label': 'złość', 'show_label': 1, 'proporcja_zdjecia': '50/50', 'typ_etykiety': 'Procentowa AI', 'warunek': 'n/d', 'kierunek': 'Sugestia Lewo strach', 'thisN': 0, 'thisTrialN': 0, 'thisRepN': 0}>
16.0901 	EXP 	Device response: <KeyPress from None: t=16.001702899986412, value=space, duration=0.07891670003300533>
16.0914 	DATA 	Keypress: space
16.0946 	EXP 	start_badania: autoDraw = False
16.0946 	EXP 	label_text: height = np.float64(0.05)
16.0946 	EXP 	label_text: height = np.float64(0.05)
16.0946 	EXP 	label_text: height = np.float64(0.05)
16.0946 	EXP 	label_text: height = np.float64(0.05)
16.0946 	EXP 	label_text: height = np.float64(0.05)
16.0946 	EXP 	label_text: height = np.float64(0.05)
16.0946 	EXP 	label_text: text = 'Model sztucznej inteligencji wykrył w tej twarzy 72% strachu .'
16.0946 	EXP 	stim_image: image = 'C:\\Users\\julia\\OneDrive\\Pulpit\\percepcja_psychopy\\photos\\Twarze 50,50\\SZ 50,50\\1K SZ 5050.png'
16.0946 	EXP 	suwak_badanie: markerPos = None
16.0946 	EXP 	suwak_badanie: markerPos = 0
16.0946 	EXP 	lewa_etykieta: height = np.float64(0.085)
16.0946 	EXP 	lewa_etykieta: height = np.float64(0.085)
16.0946 	EXP 	lewa_etykieta: height = np.float64(0.085)
16.0946 	EXP 	lewa_etykieta: text = 'strach'
16.0946 	EXP 	prawa_etykieta: height = np.float64(0.085)
16.0946 	EXP 	prawa_etykieta: height = np.float64(0.085)
16.0946 	EXP 	prawa_etykieta: height = np.float64(0.085)
16.0946 	EXP 	prawa_etykieta: text = 'złość'
16.0946 	EXP 	fiksacja1: autoDraw = True
17.1044 	EXP 	fiksacja1: autoDraw = False
17.1211 	EXP 	label_text: autoDraw = True
19.6143 	EXP 	fiksacja2: autoDraw = True
19.6309 	EXP 	label_text: autoDraw = False
20.6125 	EXP 	stim_image: autoDraw = True
20.6291 	EXP 	fiksacja2: autoDraw = False
21.5091 	EXP 	suwak_badanie: autoDraw = True
21.5091 	EXP 	lewa_etykieta: autoDraw = True
21.5091 	EXP 	prawa_etykieta: autoDraw = True
21.5091 	EXP 	pytanie: autoDraw = True
21.5258 	EXP 	stim_image: autoDraw = False
23.9038 	DATA 	Mouse: Left button down, pos=(1196,288)
23.9191 	EXP 	suwak_badanie: markerPos = np.float64(24.58333333333333)
23.9359 	EXP 	suwak_badanie: markerPos = np.float64(24.58333333333333)
23.9523 	EXP 	suwak_badanie: markerPos = np.float64(24.58333333333333)
23.9692 	EXP 	suwak_badanie: markerPos = np.float64(24.58333333333333)
23.9853 	EXP 	suwak_badanie: markerPos = np.float64(24.58333333333333)
23.9867 	DATA 	Mouse:  Left button up, pos=(1196,288)
24.0022 	EXP 	suwak_badanie: markerPos = np.float64(24.58333333333333)
24.0040 	EXP 	New trial (rep=0, index=1): <Trial 1 (1 in rep 0) data={'image_path': 'C:\\Users\\julia\\OneDrive\\Pulpit\\percepcja_psychopy\\photos\\Twarze 80,20\\OZ 80,20\\1K OZ 8020.png', 'etykieta': 'Poprzedni badani wykryli w tej twarzy oczekiwanie.', 'left_label': 'zaskoczenie', 'right_label': 'oczekiwanie', 'show_label': 1, 'proporcja_zdjecia': '80/20 oczekiwanie', 'typ_etykiety': 'Kategorialna Ludzie', 'warunek': 'Zgodny', 'kierunek': 'Dominacja Prawo oczekiwanie', 'thisN': 1, 'thisTrialN': 1, 'thisRepN': 0}>
24.0662 	EXP 	label_text: autoDraw = False
24.0662 	EXP 	stim_image: autoDraw = False
24.0662 	EXP 	suwak_badanie: autoDraw = False
24.0662 	EXP 	lewa_etykieta: autoDraw = False
24.0662 	EXP 	prawa_etykieta: autoDraw = False
24.0662 	EXP 	fiksacja1: autoDraw = False
24.0662 	EXP 	fiksacja2: autoDraw = False
24.0662 	EXP 	pytanie: autoDraw = False
24.0662 	EXP 	label_text: height = np.float64(0.05)
24.0662 	EXP 	label_text: height = np.float64(0.05)
24.0662 	EXP 	label_text: height = np.float64(0.05)
24.0662 	EXP 	label_text: height = np.float64(0.05)
24.0662 	EXP 	label_text: height = np.float64(0.05)
24.0662 	EXP 	label_text: height = np.float64(0.05)
24.0662 	EXP 	label_text: text = 'Poprzedni badani wykryli w tej twarzy oczekiwanie.'
24.0662 	EXP 	stim_image: image = 'C:\\Users\\julia\\OneDrive\\Pulpit\\percepcja_psychopy\\photos\\Twarze 80,20\\OZ 80,20\\1K OZ 8020.png'
24.0662 	EXP 	suwak_badanie: markerPos = None
24.0662 	EXP 	suwak_badanie: markerPos = 0
24.0662 	EXP 	lewa_etykieta: height = np.float64(0.085)
24.0662 	EXP 	lewa_etykieta: height = np.float64(0.085)
24.0662 	EXP 	lewa_etykieta: height = np.float64(0.085)
24.0662 	EXP 	lewa_etykieta: text = 'zaskoczenie'
24.0662 	EXP 	prawa_etykieta: height = np.float64(0.085)
24.0662 	EXP 	prawa_etykieta: height = np.float64(0.085)
24.0662 	EXP 	prawa_etykieta: height = np.float64(0.085)
24.0662 	EXP 	prawa_etykieta: text = 'oczekiwanie'
24.0662 	EXP 	fiksacja1: autoDraw = True
25.0660 	EXP 	fiksacja1: autoDraw = False
25.1159 	EXP 	label_text: autoDraw = True
27.6092 	EXP 	fiksacja2: autoDraw = True
27.6258 	EXP 	label_text: autoDraw = False
28.6071 	EXP 	stim_image: autoDraw = True
28.6239 	EXP 	fiksacja2: autoDraw = False
29.5039 	EXP 	suwak_badanie: autoDraw = True
29.5039 	EXP 	lewa_etykieta: autoDraw = True
29.5039 	EXP 	prawa_etykieta: autoDraw = True
29.5039 	EXP 	pytanie: autoDraw = True
29.5206 	EXP 	stim_image: autoDraw = False
30.8184 	DATA 	Mouse: Left button down, pos=(1289,273)
30.8337 	EXP 	suwak_badanie: markerPos = np.float64(34.27083333333334)
30.8503 	EXP 	suwak_badanie: markerPos = np.float64(34.27083333333334)
30.8666 	EXP 	suwak_badanie: markerPos = np.float64(34.27083333333334)
30.8835 	EXP 	suwak_badanie: markerPos = np.float64(34.27083333333334)
30.9000 	EXP 	suwak_badanie: markerPos = np.float64(34.27083333333334)
30.9011 	DATA 	Mouse:  Left button up, pos=(1289,273)
30.9168 	EXP 	suwak_badanie: markerPos = np.float64(34.27083333333334)
30.9186 	EXP 	New trial (rep=0, index=2): <Trial 2 (2 in rep 0) data={'image_path': 'C:\\Users\\julia\\OneDrive\\Pulpit\\percepcja_psychopy\\photos\\Twarze 50,50\\RS 50,50\\1K RS 5050.png', 'etykieta': 'kontrolna', 'left_label': 'radość', 'right_label': 'smutek', 'show_label': 0, 'proporcja_zdjecia': '50/50', 'typ_etykiety': 'Kontrolna', 'warunek': 'kontrolny', 'kierunek': 'Brak', 'thisN': 2, 'thisTrialN': 2, 'thisRepN': 0}>
30.9826 	EXP 	label_text: autoDraw = False
30.9826 	EXP 	stim_image: autoDraw = False
30.9826 	EXP 	suwak_badanie: autoDraw = False
30.9826 	EXP 	lewa_etykieta: autoDraw = False
30.9826 	EXP 	prawa_etykieta: autoDraw = False
30.9826 	EXP 	fiksacja1: autoDraw = False
30.9826 	EXP 	fiksacja2: autoDraw = False
30.9826 	EXP 	pytanie: autoDraw = False
30.9826 	EXP 	label_text: height = np.float64(0.05)
30.9826 	EXP 	label_text: height = np.float64(0.05)
30.9826 	EXP 	label_text: height = np.float64(0.05)
30.9826 	EXP 	label_text: height = np.float64(0.05)
30.9826 	EXP 	label_text: height = np.float64(0.05)
30.9826 	EXP 	label_text: height = np.float64(0.05)
30.9826 	EXP 	label_text: text = 'kontrolna'
30.9826 	EXP 	stim_image: image = 'C:\\Users\\julia\\OneDrive\\Pulpit\\percepcja_psychopy\\photos\\Twarze 50,50\\RS 50,50\\1K RS 5050.png'
30.9826 	EXP 	suwak_badanie: markerPos = None
30.9826 	EXP 	suwak_badanie: markerPos = 0
30.9826 	EXP 	lewa_etykieta: height = np.float64(0.085)
30.9826 	EXP 	lewa_etykieta: height = np.float64(0.085)
30.9826 	EXP 	lewa_etykieta: height = np.float64(0.085)
30.9826 	EXP 	lewa_etykieta: text = 'radość'
30.9826 	EXP 	prawa_etykieta: height = np.float64(0.085)
30.9826 	EXP 	prawa_etykieta: height = np.float64(0.085)
30.9826 	EXP 	prawa_etykieta: height = np.float64(0.085)
30.9826 	EXP 	prawa_etykieta: text = 'smutek'
30.9826 	EXP 	fiksacja1: autoDraw = True
31.9971 	EXP 	fiksacja1: autoDraw = False
32.0301 	EXP 	label_text: autoDraw = True
33.6778 	DATA 	Keypress: escape
33.6940 	EXP 	Device response: <KeyPress from None: t=33.67517020000378, value=escape, duration=None>
33.8260 	EXP 	Device response: <KeyPress from None: t=33.67517020000378, value=escape, duration=0.14361819997429848>
33.8260 	EXP 	untitled_FINAL_NEWEST: status = STOPPED
33.8421 	EXP 	label_text: autoDraw = False
33.8423 	EXP 	untitled_FINAL_NEWEST: status = STOPPED
33.8555 	INFO 	saved data to 'C:\\Users\\julia\\OneDrive\\Pulpit\\percepcja_psychopy\\data\\983855_untitled_FINAL_NEWEST_2026-04-24_18h33.35.334.csv'
33.8585 	INFO 	saved data to C:\Users\julia\OneDrive\Pulpit\percepcja_psychopy\data\983855_untitled_FINAL_NEWEST_2026-04-24_18h33.35.334.psydat
35.1854 	WARNING 	Stopping key buffers but this could be dangerous ifother keyboards rely on the same.
