8.8830 	INFO 	Loaded monitor calibration from ['2026_03_18 20:30']
8.9133 	WARNING 	User requested fullscreen with size [1090  800], but screen is actually [1920, 1080]. Using actual size
9.9038 	INFO 	Using renderer 'Intel(R) UHD Graphics' for graphics
9.9039 	INFO 	OpenGL version supported by driver is 4..
11.4203 	EXP 	Created window1 = Window(allowGUI=False, allowStencil=False, autoLog=True, backendConf=UNKNOWN, backgroundFit=<method-wrapper '__getattribute__' of attributeSetter object at 0x000001F8319FA800>, backgroundImage=<method-wrapper '__getattribute__' of attributeSetter object at 0x000001F8319FA860>, bitsMode=UNKNOWN, blendMode='avg', bpc=(8, 8, 8), color=array([-1., -1., -1.]), colorSpace='rgb', depthBits=8, fullscr=True, gamma=None, gammaErrorPolicy='raise', infoMsg=UNKNOWN, lms=UNKNOWN, monitor=<psychopy.monitors.calibTools.Monitor object at 0x000001F8319920B0>, multiSample=False, name='window1', numSamples=2, pos=[np.float64(0.0), np.float64(0.0)], screen=0, size=array([1920, 1080]), stencilBits=0, stereo=False, title='PsychoPy', units='height', useFBO=True, useRetina=False, viewOri=0.0, viewPos=None, viewScale=None, waitBlanking=True, winType='pyglet')
11.4205 	EXP 	window1: backgroundImage = ''
11.4205 	EXP 	window1: backgroundFit = 'none'
12.4859 	EXP 	window1: Attempting to measure frame rate of screen (0) ...
12.4860 	EXP 	window1: recordFrameIntervals = False
12.6497 	EXP 	window1: recordFrameIntervals = True
14.3127 	EXP 	window1: recordFrameIntervals = False
14.3128 	EXP 	Screen (0) actual frame rate measured at 60.17Hz
14.4783 	INFO 	keyboard.Keyboard is using ptb backend.
14.4784 	EXP 	untitled_FINAL_NEWEST: status = STARTED
14.6649 	EXP 	Created text_instr = TextStim(__class__=<class 'psychopy.visual.text.TextStim'>, alignHoriz=method-wrapper(...), alignText='center', alignVert=method-wrapper(...), anchorHoriz='center', anchorVert='center', antialias=True, autoDraw=False, autoLog=True, bold=False, color=array([1., 1., 1.]), colorSpace='rgb', contrast=1.0, depth=-1.0, draggable=False, flipHoriz=False, flipVert=False, font='Arial', fontFiles=[], height=np.float64(0.01), italic=False, languageStyle='LTR', name='text_instr', opacity=1, ori=0.0, pos=array([0., 0.]), rgb=UNKNOWN, text=str(...), units='height', win=Window(...), wrapWidth=1)
14.7086 	EXP 	Created suwak_info = TextStim(__class__=<class 'psychopy.visual.text.TextStim'>, alignHoriz=method-wrapper(...), alignText='center', alignVert=method-wrapper(...), anchorHoriz='center', anchorVert='center', antialias=True, autoDraw=False, autoLog=True, bold=False, color=array([1., 1., 1.]), colorSpace='rgb', contrast=1.0, depth=0.0, draggable=False, flipHoriz=False, flipVert=False, font='Arial', fontFiles=[], height=np.float64(0.05), italic=False, languageStyle='LTR', name='suwak_info', opacity=1, ori=0.0, pos=array([0., 0.]), rgb=UNKNOWN, text=str(...), units='height', win=Window(...), wrapWidth=1)
14.7382 	EXP 	Created proba_testowa = TextStim(__class__=<class 'psychopy.visual.text.TextStim'>, alignHoriz=method-wrapper(...), alignText='center', alignVert=method-wrapper(...), anchorHoriz='center', anchorVert='center', antialias=True, autoDraw=False, autoLog=True, bold=False, color=array([1., 1., 1.]), colorSpace='rgb', contrast=1.0, depth=-1.0, draggable=False, flipHoriz=False, flipVert=False, font='Arial', fontFiles=[], height=np.float64(0.05), italic=False, languageStyle='LTR', name='proba_testowa', opacity=1, ori=0.0, pos=array([0., 0.]), rgb=UNKNOWN, text=str(...), units='height', win=Window(...), wrapWidth=1)
14.7560 	EXP 	Created start_badania = TextStim(__class__=<class 'psychopy.visual.text.TextStim'>, alignHoriz=method-wrapper(...), alignText='center', alignVert=method-wrapper(...), anchorHoriz='center', anchorVert='center', antialias=True, autoDraw=False, autoLog=True, bold=False, color=array([1., 1., 1.]), colorSpace='rgb', contrast=1.0, depth=-1.0, draggable=False, flipHoriz=False, flipVert=False, font='Arial', fontFiles=[], height=np.float64(0.05), italic=False, languageStyle='LTR', name='start_badania', opacity=1, ori=0.0, pos=array([0., 0.]), rgb=UNKNOWN, text=str(...), units='height', win=Window(...), wrapWidth=1)
14.7568 	EXP 	Created label_text = TextStim(__class__=<class 'psychopy.visual.text.TextStim'>, alignHoriz=method-wrapper(...), alignText='center', alignVert=method-wrapper(...), anchorHoriz='center', anchorVert='center', antialias=True, autoDraw=False, autoLog=True, bold=False, color=array([1., 1., 1.]), colorSpace='rgb', contrast=1.0, depth=-2.0, draggable=False, flipHoriz=False, flipVert=False, font='Arial', fontFiles=[], height=0.05, italic=False, languageStyle='LTR', name='label_text', opacity=1, ori=0.0, pos=array([0., 0.]), rgb=UNKNOWN, text='', units='height', win=Window(...), wrapWidth=1)
14.7997 	EXP 	Created stim_image = ImageStim(__class__=<class 'psychopy.visual.image.ImageStim'>, anchor=('center', 'center'), autoLog=True, color=array([1., 1., 1.]), colorSpace='rgb', contrast=1.0, depth=-3.0, draggable=False, flipHoriz=np.False_, flipVert=np.False_, image='default.png', interpolate=True, mask=None, maskParams=None, name='stim_image', opacity=1, ori=0.0, pos=array([0., 0.]), size=array([0.75, 0.75]), texRes=128.0, units='height', win=Window(...))
14.8301 	EXP 	Created suwak_badanie = Slider(__class__=<class 'psychopy.visual.slider.Slider'>, autoDraw=False, autoLog=True, borderColor=None, color=None, colorSpace='rgb', depth=-4, fillColor=None, flip=False, font='Noto Sans', granularity=0.0, labelColor=None, labelHeight=np.float64(0.05), labelWrapWidth=None, labels=None, lineColor=None, markerColor=None, name='suwak_badanie', opacity=None, ori=0.0, pos=array([ 0. , -0.5]), readOnly=False, self=UNKNOWN, size=array([1. , 0.1]), startValue=0, style='slider', styleTweaks=[], ticks=ndarray(...), units='norm', win=Window(...))
14.8308 	EXP 	Created lewa_etykieta = TextStim(__class__=<class 'psychopy.visual.text.TextStim'>, alignHoriz=method-wrapper(...), alignText='center', alignVert=method-wrapper(...), anchorHoriz='center', anchorVert='center', antialias=True, autoDraw=False, autoLog=True, bold=False, color=array([1., 1., 1.]), colorSpace='rgb', contrast=1.0, depth=-5.0, draggable=False, flipHoriz=False, flipVert=False, font='Arial', fontFiles=[], height=0.05, italic=False, languageStyle='RTL', name='lewa_etykieta', opacity=1, ori=0.0, pos=array([-1.1, -0.5]), rgb=UNKNOWN, text='', units='height', win=Window(...), wrapWidth=1)
14.8314 	EXP 	Created prawa_etykieta = TextStim(__class__=<class 'psychopy.visual.text.TextStim'>, alignHoriz=method-wrapper(...), alignText='center', alignVert=method-wrapper(...), anchorHoriz='center', anchorVert='center', antialias=True, autoDraw=False, autoLog=True, bold=False, color=array([1., 1., 1.]), colorSpace='rgb', contrast=1.0, depth=-6.0, draggable=False, flipHoriz=False, flipVert=False, font='Arial', fontFiles=[], height=0.05, italic=False, languageStyle='LTR', name='prawa_etykieta', opacity=1, ori=0.0, pos=array([ 1.05, -0.5 ]), rgb=UNKNOWN, text='', units='height', win=Window(...), wrapWidth=1)
14.8403 	EXP 	Created fiksacja1 = TextStim(__class__=<class 'psychopy.visual.text.TextStim'>, alignHoriz=method-wrapper(...), alignText='center', alignVert=method-wrapper(...), anchorHoriz='center', anchorVert='center', antialias=True, autoDraw=False, autoLog=True, bold=False, color=array([1., 1., 1.]), colorSpace='rgb', contrast=1.0, depth=-7.0, draggable=False, flipHoriz=False, flipVert=False, font='Arial', fontFiles=[], height=np.float64(0.1), italic=False, languageStyle='LTR', name='fiksacja1', opacity=1, ori=0.0, pos=array([0., 0.]), rgb=UNKNOWN, text='+', units='height', win=Window(...), wrapWidth=1)
14.8423 	EXP 	Created fiksacja2 = TextStim(__class__=<class 'psychopy.visual.text.TextStim'>, alignHoriz=method-wrapper(...), alignText='center', alignVert=method-wrapper(...), anchorHoriz='center', anchorVert='center', antialias=True, autoDraw=False, autoLog=True, bold=False, color=array([1., 1., 1.]), colorSpace='rgb', contrast=1.0, depth=-8.0, draggable=False, flipHoriz=False, flipVert=False, font='Arial', fontFiles=[], height=np.float64(0.1), italic=False, languageStyle='LTR', name='fiksacja2', opacity=1, ori=0.0, pos=array([0., 0.]), rgb=UNKNOWN, text='+', units='height', win=Window(...), wrapWidth=1)
14.8580 	EXP 	Created pytanie = TextStim(__class__=<class 'psychopy.visual.text.TextStim'>, alignHoriz=method-wrapper(...), alignText='center', alignVert=method-wrapper(...), anchorHoriz='center', anchorVert='center', antialias=True, autoDraw=False, autoLog=True, bold=False, color=array([1., 1., 1.]), colorSpace='rgb', contrast=1.0, depth=-9.0, draggable=False, flipHoriz=False, flipVert=False, font='Arial', fontFiles=[], height=np.float64(0.04), italic=False, languageStyle='LTR', name='pytanie', opacity=1, ori=0.0, pos=array([0.  , 0.25]), rgb=UNKNOWN, text='Jaką emocję przedstawiała twarz?', units='height', win=Window(...), wrapWidth=1)
0.0026 	EXP 	suwak_badanie: autoLog = True
0.0026 	EXP 	suwak_badanie: styleTweaks = []
0.0026 	EXP 	suwak_badanie: styleTweaks = []
0.0026 	EXP 	suwak_badanie: styleTweaks = []
0.0026 	EXP 	suwak_badanie: styleTweaks = []
0.0026 	EXP 	suwak_badanie: contrast = 1.0
0.0026 	EXP 	suwak_badanie: markerPos = 0
0.0026 	EXP 	suwak_badanie: autoLog = True
0.0072 	INFO 	Keyboard events cleared
0.0072 	EXP 	text_instr: autoDraw = True
12.3114 	EXP 	Device response: <KeyPress from None: t=12.278758800006472, value=space, duration=None>
12.3163 	DATA 	Keypress: space
12.3193 	INFO 	Keyboard events cleared
12.3192 	EXP 	text_instr: autoDraw = False
12.3192 	EXP 	suwak_info: autoDraw = True
12.4195 	EXP 	Device response: <KeyPress from None: t=12.278758800006472, value=space, duration=0.1299635000177659>
14.8299 	EXP 	Device response: <KeyPress from None: t=14.815915999992285, value=space, duration=None>
14.8335 	DATA 	Keypress: space
14.8464 	INFO 	Keyboard events cleared
14.8463 	EXP 	suwak_info: autoDraw = False
14.8463 	EXP 	proba_testowa: autoDraw = True
14.9631 	EXP 	Device response: <KeyPress from None: t=14.815915999992285, value=space, duration=0.13465100002940744>
17.8715 	EXP 	Device response: <KeyPress from None: t=17.86911750002764, value=space, duration=None>
17.8777 	DATA 	Keypress: space
17.8878 	INFO 	Keyboard events cleared
17.8876 	EXP 	proba_testowa: autoDraw = False
17.8876 	EXP 	start_badania: autoDraw = True
18.0045 	EXP 	Device response: <KeyPress from None: t=17.86911750002764, value=space, duration=0.11974459997145459>
19.4340 	EXP 	Device response: <KeyPress from None: t=19.426193199993577, value=space, duration=None>
19.4665 	EXP 	Imported conditions.xlsx as conditions, 32 conditions, 9 params
19.4677 	EXP 	New trial (rep=0, index=0): <Trial 0 (0 in rep 0) data={'image_path': 'C:\\Users\\julia\\OneDrive\\Pulpit\\percepcja_psychopy\\photos\\Twarze 50,50\\SZ 50,50\\1K SZ 5050.png', 'etykieta': 'Model sztucznej inteligencji wykrył w tej twarzy 72% strachu .', 'left_label': 'strach', 'right_label': 'złość', 'show_label': 1, 'proporcja_zdjecia': '50/50', 'typ_etykiety': 'Procentowa AI', 'warunek': 'n/d', 'kierunek': 'Sugestia Lewo strach', 'thisN': 0, 'thisTrialN': 0, 'thisRepN': 0}>
19.5380 	DATA 	Keypress: space
19.5406 	EXP 	start_badania: autoDraw = False
19.5406 	EXP 	label_text: height = np.float64(0.05)
19.5406 	EXP 	label_text: height = np.float64(0.05)
19.5406 	EXP 	label_text: height = np.float64(0.05)
19.5406 	EXP 	label_text: text = 'Model sztucznej inteligencji wykrył w tej twarzy 72% strachu .'
19.5406 	EXP 	stim_image: image = 'C:\\Users\\julia\\OneDrive\\Pulpit\\percepcja_psychopy\\photos\\Twarze 50,50\\SZ 50,50\\1K SZ 5050.png'
19.5406 	EXP 	suwak_badanie: markerPos = None
19.5406 	EXP 	suwak_badanie: markerPos = 0
19.5406 	EXP 	lewa_etykieta: height = np.float64(0.05)
19.5406 	EXP 	lewa_etykieta: height = np.float64(0.05)
19.5406 	EXP 	lewa_etykieta: height = np.float64(0.05)
19.5406 	EXP 	lewa_etykieta: text = 'strach'
19.5406 	EXP 	prawa_etykieta: height = np.float64(0.05)
19.5406 	EXP 	prawa_etykieta: height = np.float64(0.05)
19.5406 	EXP 	prawa_etykieta: height = np.float64(0.05)
19.5406 	EXP 	prawa_etykieta: text = 'złość'
19.5406 	EXP 	fiksacja1: autoDraw = True
19.5496 	EXP 	Device response: <KeyPress from None: t=19.426193199993577, value=space, duration=0.1188003999995999>
20.5470 	EXP 	label_text: autoDraw = True
20.5470 	EXP 	fiksacja1: autoDraw = False
23.0398 	EXP 	fiksacja2: autoDraw = True
23.0567 	EXP 	label_text: autoDraw = False
24.0382 	EXP 	stim_image: autoDraw = True
24.0571 	EXP 	fiksacja2: autoDraw = False
24.9346 	EXP 	suwak_badanie: autoDraw = True
24.9346 	EXP 	lewa_etykieta: autoDraw = True
24.9346 	EXP 	prawa_etykieta: autoDraw = True
24.9346 	EXP 	pytanie: autoDraw = True
24.9513 	EXP 	stim_image: autoDraw = False
119.1320 	DATA 	Keypress: escape
119.1446 	EXP 	Device response: <KeyPress from None: t=119.12969060003525, value=escape, duration=None>
119.2943 	EXP 	Device response: <KeyPress from None: t=119.12969060003525, value=escape, duration=0.15529649995733052>
119.2944 	EXP 	untitled_FINAL_NEWEST: status = STOPPED
119.3107 	EXP 	suwak_badanie: autoDraw = False
119.3107 	EXP 	lewa_etykieta: autoDraw = False
119.3107 	EXP 	prawa_etykieta: autoDraw = False
119.3107 	EXP 	pytanie: autoDraw = False
119.3109 	EXP 	untitled_FINAL_NEWEST: status = STOPPED
119.3148 	INFO 	saved data to 'C:\\Users\\julia\\OneDrive\\Pulpit\\percepcja_psychopy\\data\\999502_untitled_FINAL_NEWEST_2026-04-24_17h29.18.571.csv'
119.3173 	INFO 	saved data to C:\Users\julia\OneDrive\Pulpit\percepcja_psychopy\data\999502_untitled_FINAL_NEWEST_2026-04-24_17h29.18.571.psydat
120.4866 	WARNING 	Stopping key buffers but this could be dangerous ifother keyboards rely on the same.
