7.9822 	DEBUG 	Fullscreen settings ignored as running in pilot mode.
7.9832 	INFO 	Loaded monitor calibration from ['2026_03_18 20:30']
8.4184 	INFO 	Using renderer 'Intel(R) UHD Graphics' for graphics
8.4185 	INFO 	OpenGL version supported by driver is 4..
9.3610 	EXP 	Created window1 = Window(allowGUI=False, allowStencil=True, autoLog=True, backendConf=UNKNOWN, backgroundFit=<method-wrapper '__getattribute__' of attributeSetter object at 0x00000274A43A0D60>, backgroundImage=<method-wrapper '__getattribute__' of attributeSetter object at 0x00000274A43A0A90>, bitsMode=UNKNOWN, blendMode='avg', bpc=(8, 8, 8), color=array([0.6549, 0.6549, 0.6549]), colorSpace='rgb', depthBits=8, fullscr=False, gamma=None, gammaErrorPolicy='raise', infoMsg=UNKNOWN, lms=UNKNOWN, monitor=<psychopy.monitors.calibTools.Monitor object at 0x00000274A60B9690>, multiSample=False, name='window1', numSamples=2, pos=[np.float64(560.0), np.float64(240.0)], screen=0, size=array([800, 600]), stencilBits=8, stereo=False, title='PsychoPy', units='height', useFBO=True, useRetina=False, viewOri=0.0, viewPos=None, viewScale=None, waitBlanking=True, winType='pyglet')
9.3611 	EXP 	window1: backgroundImage = ''
9.3611 	EXP 	window1: backgroundFit = 'none'
9.3985 	DEBUG 	TextBox2 loaded 1 chars with 0 blanks and 1 valid
9.4121 	DEBUG 	TextBox2 loaded 1 chars with 0 blanks and 1 valid
9.4264 	DEBUG 	TextBox2 loaded 1 chars with 0 blanks and 1 valid
9.4407 	DEBUG 	TextBox2 loaded 1 chars with 0 blanks and 1 valid
9.4548 	DEBUG 	TextBox2 loaded 1 chars with 0 blanks and 1 valid
9.4704 	DEBUG 	TextBox2 loaded 1 chars with 0 blanks and 1 valid
9.4846 	DEBUG 	TextBox2 loaded 1 chars with 0 blanks and 1 valid
9.5012 	DEBUG 	TextBox2 loaded 1 chars with 0 blanks and 1 valid
9.5160 	DEBUG 	TextBox2 loaded 1 chars with 0 blanks and 1 valid
9.5294 	DEBUG 	TextBox2 loaded 1 chars with 0 blanks and 1 valid
9.5433 	DEBUG 	TextBox2 loaded 1 chars with 0 blanks and 1 valid
9.5585 	DEBUG 	TextBox2 loaded 1 chars with 0 blanks and 1 valid
9.5764 	DEBUG 	TextBox2 loaded 1 chars with 0 blanks and 1 valid
9.5945 	DEBUG 	TextBox2 loaded 1 chars with 0 blanks and 1 valid
9.6090 	DEBUG 	TextBox2 loaded 1 chars with 0 blanks and 1 valid
9.6232 	DEBUG 	TextBox2 loaded 1 chars with 0 blanks and 1 valid
9.6372 	DEBUG 	TextBox2 loaded 1 chars with 0 blanks and 1 valid
9.6502 	DEBUG 	TextBox2 loaded 1 chars with 0 blanks and 1 valid
9.6640 	DEBUG 	TextBox2 loaded 1 chars with 0 blanks and 1 valid
9.6787 	DEBUG 	TextBox2 loaded 1 chars with 0 blanks and 1 valid
9.6929 	DEBUG 	TextBox2 loaded 1 chars with 0 blanks and 1 valid
9.7068 	DEBUG 	TextBox2 loaded 1 chars with 0 blanks and 1 valid
9.7211 	DEBUG 	TextBox2 loaded 1 chars with 0 blanks and 1 valid
9.7344 	DEBUG 	TextBox2 loaded 1 chars with 0 blanks and 1 valid
9.7485 	DEBUG 	TextBox2 loaded 1 chars with 0 blanks and 1 valid
9.7623 	DEBUG 	TextBox2 loaded 1 chars with 0 blanks and 1 valid
9.7764 	DEBUG 	TextBox2 loaded 1 chars with 0 blanks and 1 valid
9.7906 	DEBUG 	TextBox2 loaded 1 chars with 0 blanks and 1 valid
9.7910 	DEBUG 	Uploading Texture Font fontname to graphics card
9.8027 	DEBUG 	Upload of Texture Font fontname complete
9.8407 	DEBUG 	TextBox2 loaded 1 chars with 0 blanks and 1 valid
9.8607 	DEBUG 	TextBox2 loaded 1 chars with 0 blanks and 1 valid
9.8611 	DEBUG 	Uploading Texture Font fontname to graphics card
9.8781 	DEBUG 	Upload of Texture Font fontname complete
10.0359 	INFO 	keyboard.Keyboard is using ptb backend.
10.0360 	EXP 	untitled_FINAL_NEWEST: status = STARTED
10.1758 	EXP 	Created text_instr = TextStim(__class__=<class 'psychopy.visual.text.TextStim'>, alignHoriz=method-wrapper(...), alignText='center', alignVert=method-wrapper(...), anchorHoriz='center', anchorVert='center', antialias=True, autoDraw=False, autoLog=True, bold=False, color=array([-1., -1., -1.]), colorSpace='rgb', contrast=1.0, depth=-2.0, draggable=False, flipHoriz=False, flipVert=False, font='Arial', fontFiles=[], height=np.float64(0.03), italic=False, languageStyle='LTR', name='text_instr', opacity=1, ori=0.0, pos=array([0., 0.]), rgb=UNKNOWN, text=str(...), units='height', win=Window(...), wrapWidth=1.5)
10.2026 	EXP 	Created suwak_info = TextStim(__class__=<class 'psychopy.visual.text.TextStim'>, alignHoriz=method-wrapper(...), alignText='center', alignVert=method-wrapper(...), anchorHoriz='center', anchorVert='center', antialias=True, autoDraw=False, autoLog=True, bold=False, color=array([-1., -1., -1.]), colorSpace='rgb', contrast=1.0, depth=-1.0, draggable=False, flipHoriz=False, flipVert=False, font='Arial', fontFiles=[], height=np.float64(0.03), italic=False, languageStyle='LTR', name='suwak_info', opacity=1, ori=0.0, pos=array([0., 0.]), rgb=UNKNOWN, text=str(...), units='height', win=Window(...), wrapWidth=1.3)
10.2337 	EXP 	Created proba_testowa = TextStim(__class__=<class 'psychopy.visual.text.TextStim'>, alignHoriz=method-wrapper(...), alignText='center', alignVert=method-wrapper(...), anchorHoriz='center', anchorVert='center', antialias=True, autoDraw=False, autoLog=True, bold=False, color=array([-1., -1., -1.]), colorSpace='rgb', contrast=1.0, depth=-2.0, draggable=False, flipHoriz=False, flipVert=False, font='Arial', fontFiles=[], height=np.float64(0.04), italic=False, languageStyle='LTR', name='proba_testowa', opacity=1, ori=0.0, pos=array([0., 0.]), rgb=UNKNOWN, text=str(...), units='height', win=Window(...), wrapWidth=1.4)
10.2351 	EXP 	Created pilot_label_text = TextStim(__class__=<class 'psychopy.visual.text.TextStim'>, alignHoriz=method-wrapper(...), alignText='center', alignVert=method-wrapper(...), anchorHoriz='center', anchorVert='center', antialias=True, autoDraw=False, autoLog=True, bold=False, color=array([-1., -1., -1.]), colorSpace='rgb', contrast=1.0, depth=-1.0, draggable=False, flipHoriz=False, flipVert=False, font='Arial', fontFiles=[], height=0.05, italic=False, languageStyle='LTR', name='pilot_label_text', opacity=1, ori=0.0, pos=array([0., 0.]), rgb=UNKNOWN, text='', units='height', win=Window(...), wrapWidth=1.3)
10.2411 	EXP 	Created pilot_fiksacja1 = TextStim(__class__=<class 'psychopy.visual.text.TextStim'>, alignHoriz=method-wrapper(...), alignText='center', alignVert=method-wrapper(...), anchorHoriz='center', anchorVert='center', antialias=True, autoDraw=False, autoLog=True, bold=False, color=array([-1., -1., -1.]), colorSpace='rgb', contrast=1.0, depth=-2.0, draggable=False, flipHoriz=False, flipVert=False, font='Arial', fontFiles=[], height=np.float64(0.12), italic=False, languageStyle='LTR', name='pilot_fiksacja1', opacity=1, ori=0.0, pos=array([0., 0.]), rgb=UNKNOWN, text='+', units='height', win=Window(...), wrapWidth=1)
10.2692 	EXP 	Created pilot_suwak = Slider(__class__=<class 'psychopy.visual.slider.Slider'>, autoDraw=False, autoLog=True, borderColor=None, color=None, colorSpace='rgb', depth=-3, fillColor=None, flip=False, font='Noto Sans', granularity=0.0, labelColor=None, labelHeight=np.float64(0.05), labelWrapWidth=None, labels=None, lineColor=None, markerColor=None, name='pilot_suwak', opacity=None, ori=0.0, pos=array([ 0. , -0.5]), readOnly=False, self=UNKNOWN, size=array([1. , 0.1]), startValue=0, style='slider', styleTweaks=[], ticks=array([-50, -25,   0,  25,  50]), units='norm', win=Window(...))
10.2739 	EXP 	Created pilot_fiksacja2 = TextStim(__class__=<class 'psychopy.visual.text.TextStim'>, alignHoriz=method-wrapper(...), alignText='center', alignVert=method-wrapper(...), anchorHoriz='center', anchorVert='center', antialias=True, autoDraw=False, autoLog=True, bold=False, color=array([-1., -1., -1.]), colorSpace='rgb', contrast=1.0, depth=-4.0, draggable=False, flipHoriz=False, flipVert=False, font='Arial', fontFiles=[], height=np.float64(0.1), italic=False, languageStyle='LTR', name='pilot_fiksacja2', opacity=1, ori=0.0, pos=array([0., 0.]), rgb=UNKNOWN, text='+', units='height', win=Window(...), wrapWidth=1)
10.2883 	EXP 	Created pilot_pytanie = TextStim(__class__=<class 'psychopy.visual.text.TextStim'>, alignHoriz=method-wrapper(...), alignText='center', alignVert=method-wrapper(...), anchorHoriz='center', anchorVert='center', antialias=True, autoDraw=False, autoLog=True, bold=False, color=array([-1., -1., -1.]), colorSpace='rgb', contrast=1.0, depth=-5.0, draggable=False, flipHoriz=False, flipVert=False, font='Arial', fontFiles=[], height=np.float64(0.1), italic=False, languageStyle='LTR', name='pilot_pytanie', opacity=1, ori=0.0, pos=array([0., 0.]), rgb=UNKNOWN, text='Jaką emocję wyrażała ta twarz?', units='norm', win=Window(...), wrapWidth=1)
10.2892 	EXP 	Created pilot_lewa_etykieta = TextStim(__class__=<class 'psychopy.visual.text.TextStim'>, alignHoriz=method-wrapper(...), alignText='center', alignVert=method-wrapper(...), anchorHoriz='center', anchorVert='center', antialias=True, autoDraw=False, autoLog=True, bold=False, color=array([-1., -1., -1.]), colorSpace='rgb', contrast=1.0, depth=-6.0, draggable=False, flipHoriz=False, flipVert=False, font='Arial', fontFiles=[], height=0.085, italic=False, languageStyle='LTR', name='pilot_lewa_etykieta', opacity=1, ori=0.0, pos=array([-0.6, -0.5]), rgb=UNKNOWN, text='', units='norm', win=Window(...), wrapWidth=1)
10.2897 	EXP 	Created pilot_prawa_etykieta = TextStim(__class__=<class 'psychopy.visual.text.TextStim'>, alignHoriz=method-wrapper(...), alignText='center', alignVert=method-wrapper(...), anchorHoriz='center', anchorVert='center', antialias=True, autoDraw=False, autoLog=True, bold=False, color=array([-1., -1., -1.]), colorSpace='rgb', contrast=1.0, depth=-7.0, draggable=False, flipHoriz=False, flipVert=False, font='Arial', fontFiles=[], height=0.085, italic=False, languageStyle='LTR', name='pilot_prawa_etykieta', opacity=1, ori=0.0, pos=array([ 0.6, -0.5]), rgb=UNKNOWN, text='', units='norm', win=Window(...), wrapWidth=1)
10.3512 	EXP 	Created pilot_stim_image = ImageStim(__class__=<class 'psychopy.visual.image.ImageStim'>, anchor=('center', 'center'), autoLog=True, color=array([1., 1., 1.]), colorSpace='rgb', contrast=1.0, depth=-8.0, draggable=False, flipHoriz=np.False_, flipVert=np.False_, image='photos/twarz_testowa.jpg', interpolate=True, mask=None, maskParams=None, name='pilot_stim_image', opacity=1, ori=0.0, pos=array([0., 0.]), size=array([0.75, 0.75]), texRes=128.0, units='height', win=Window(...))
10.3785 	EXP 	Created start_badania = TextStim(__class__=<class 'psychopy.visual.text.TextStim'>, alignHoriz=method-wrapper(...), alignText='center', alignVert=method-wrapper(...), anchorHoriz='center', anchorVert='center', antialias=True, autoDraw=False, autoLog=True, bold=False, color=array([-1., -1., -1.]), colorSpace='rgb', contrast=1.0, depth=-2.0, draggable=False, flipHoriz=False, flipVert=False, font='Arial', fontFiles=[], height=np.float64(0.1), italic=False, languageStyle='LTR', name='start_badania', opacity=1, ori=0.0, pos=array([0., 0.]), rgb=UNKNOWN, text=str(...), units='norm', win=Window(...), wrapWidth=1.4)
10.3824 	EXP 	Created przerwa_text = TextStim(__class__=<class 'psychopy.visual.text.TextStim'>, alignHoriz=method-wrapper(...), alignText='center', alignVert=method-wrapper(...), anchorHoriz='center', anchorVert='center', antialias=True, autoDraw=False, autoLog=True, bold=False, color=array([-1., -1., -1.]), colorSpace='rgb', contrast=1.0, depth=0.0, draggable=False, flipHoriz=False, flipVert=False, font='Arial', fontFiles=[], height=np.float64(0.1), italic=False, languageStyle='LTR', name='przerwa_text', opacity=1, ori=0.0, pos=array([0., 0.]), rgb=UNKNOWN, text=str(...), units='norm', win=Window(...), wrapWidth=1)
10.3829 	EXP 	Created label_text = TextStim(__class__=<class 'psychopy.visual.text.TextStim'>, alignHoriz=method-wrapper(...), alignText='center', alignVert=method-wrapper(...), anchorHoriz='center', anchorVert='center', antialias=True, autoDraw=False, autoLog=True, bold=False, color=array([-1., -1., -1.]), colorSpace='rgb', contrast=1.0, depth=-2.0, draggable=False, flipHoriz=False, flipVert=False, font='Arial', fontFiles=[], height=0.05, italic=False, languageStyle='LTR', name='label_text', opacity=1, ori=0.0, pos=array([0., 0.]), rgb=UNKNOWN, text='', units='height', win=Window(...), wrapWidth=1.3)
10.3872 	EXP 	Created stim_image = ImageStim(__class__=<class 'psychopy.visual.image.ImageStim'>, anchor=('center', 'center'), autoLog=True, color=array([1., 1., 1.]), colorSpace='rgb', contrast=1.0, depth=-3.0, draggable=False, flipHoriz=np.False_, flipVert=np.False_, image='default.png', interpolate=True, mask=None, maskParams=None, name='stim_image', opacity=1, ori=0.0, pos=array([0., 0.]), size=array([0.75, 0.75]), texRes=128.0, units='height', win=Window(...))
10.3952 	EXP 	Created suwak_badanie = Slider(__class__=<class 'psychopy.visual.slider.Slider'>, autoDraw=False, autoLog=True, borderColor=None, color=None, colorSpace='rgb', depth=-4, fillColor=None, flip=False, font='Noto Sans', granularity=0.0, labelColor=None, labelHeight=np.float64(0.05), labelWrapWidth=None, labels=None, lineColor=None, markerColor=None, name='suwak_badanie', opacity=None, ori=0.0, pos=array([ 0. , -0.5]), readOnly=False, self=UNKNOWN, size=array([1. , 0.1]), startValue=0, style='slider', styleTweaks=[], ticks=array([-50, -25,   0,  25,  50]), units='norm', win=Window(...))
10.3958 	EXP 	Created lewa_etykieta = TextStim(__class__=<class 'psychopy.visual.text.TextStim'>, alignHoriz=method-wrapper(...), alignText='center', alignVert=method-wrapper(...), anchorHoriz='center', anchorVert='center', antialias=True, autoDraw=False, autoLog=True, bold=False, color=array([-1., -1., -1.]), colorSpace='rgb', contrast=1.0, depth=-5.0, draggable=False, flipHoriz=False, flipVert=False, font='Arial', fontFiles=[], height=0.085, italic=False, languageStyle='LTR', name='lewa_etykieta', opacity=1, ori=0.0, pos=array([-0.65, -0.5 ]), rgb=UNKNOWN, text='', units='norm', win=Window(...), wrapWidth=1)
10.3963 	EXP 	Created prawa_etykieta = TextStim(__class__=<class 'psychopy.visual.text.TextStim'>, alignHoriz=method-wrapper(...), alignText='center', alignVert=method-wrapper(...), anchorHoriz='center', anchorVert='center', antialias=True, autoDraw=False, autoLog=True, bold=False, color=array([-1., -1., -1.]), colorSpace='rgb', contrast=1.0, depth=-6.0, draggable=False, flipHoriz=False, flipVert=False, font='Arial', fontFiles=[], height=0.085, italic=False, languageStyle='LTR', name='prawa_etykieta', opacity=1, ori=0.0, pos=array([ 0.65, -0.5 ]), rgb=UNKNOWN, text='', units='norm', win=Window(...), wrapWidth=1)
10.4000 	EXP 	Created pytanie = TextStim(__class__=<class 'psychopy.visual.text.TextStim'>, alignHoriz=method-wrapper(...), alignText='center', alignVert=method-wrapper(...), anchorHoriz='center', anchorVert='center', antialias=True, autoDraw=False, autoLog=True, bold=False, color=array([-1., -1., -1.]), colorSpace='rgb', contrast=1.0, depth=-7.0, draggable=False, flipHoriz=False, flipVert=False, font='Arial', fontFiles=[], height=np.float64(0.1), italic=False, languageStyle='LTR', name='pytanie', opacity=1, ori=0.0, pos=array([0., 0.]), rgb=UNKNOWN, text='Jaką emocję wyrażała ta twarz?', units='norm', win=Window(...), wrapWidth=1)
10.4018 	EXP 	Created polygon = ShapeStim(__class__=<class 'psychopy.visual.shape.ShapeStim'>, anchor=('center', 'center'), autoDraw=False, autoLog=True, closeShape=True, color=method-wrapper(...), colorSpace='rgb', contrast=None, depth=-8.0, draggable=False, fillColor=array([-1., -1., -1.]), fillColorSpace='rgb', fillRGB=array([-1., -1., -1.]), interpolate=True, lineColor=array([-1., -1., -1.]), lineColorSpace='rgb', lineRGB=array([-1., -1., -1.]), lineWidth=0.1, name='polygon', opacity=1, ori=0.0, pos=array([0., 0.]), size=array([0.05, 0.05]), units='height', vertices=ndarray(...), win=Window(...), windingRule=None)
10.4029 	EXP 	Created text = TextStim(__class__=<class 'psychopy.visual.text.TextStim'>, alignHoriz=method-wrapper(...), alignText='center', alignVert=method-wrapper(...), anchorHoriz='center', anchorVert='center', antialias=True, autoDraw=False, autoLog=True, bold=False, color=array([1., 1., 1.]), colorSpace='rgb', contrast=1.0, depth=-1.0, draggable=False, flipHoriz=False, flipVert=False, font='Arial', fontFiles=[], height=np.float64(0.05), italic=False, languageStyle='LTR', name='text', opacity=1, ori=0.0, pos=array([0., 0.]), rgb=UNKNOWN, text='', units='height', win=Window(...), wrapWidth=1)
10.4117 	EXP 	Created podziekowania_text = TextStim(__class__=<class 'psychopy.visual.text.TextStim'>, alignHoriz=method-wrapper(...), alignText='center', alignVert=method-wrapper(...), anchorHoriz='center', anchorVert='center', antialias=True, autoDraw=False, autoLog=True, bold=False, color=array([1., 1., 1.]), colorSpace='rgb', contrast=1.0, depth=0.0, draggable=False, flipHoriz=False, flipVert=False, font='Arial', fontFiles=[], height=np.float64(0.05), italic=False, languageStyle='LTR', name='podziekowania_text', opacity=1, ori=0.0, pos=array([0., 0.]), rgb=UNKNOWN, text=str(...), units='height', win=Window(...), wrapWidth=1)
0.0244 	EXP 	pilot_suwak: autoLog = True
0.0244 	EXP 	pilot_suwak: styleTweaks = []
0.0244 	EXP 	pilot_suwak: styleTweaks = []
0.0244 	EXP 	pilot_suwak: styleTweaks = []
0.0244 	EXP 	pilot_suwak: styleTweaks = []
0.0244 	EXP 	pilot_suwak: contrast = 1.0
0.0244 	EXP 	pilot_suwak: markerPos = 0
0.0244 	EXP 	pilot_suwak: autoLog = True
0.0244 	EXP 	suwak_badanie: autoLog = True
0.0244 	EXP 	suwak_badanie: styleTweaks = []
0.0244 	EXP 	suwak_badanie: styleTweaks = []
0.0244 	EXP 	suwak_badanie: styleTweaks = []
0.0244 	EXP 	suwak_badanie: styleTweaks = []
0.0244 	EXP 	suwak_badanie: contrast = 1.0
0.0244 	EXP 	suwak_badanie: markerPos = 0
0.0244 	EXP 	suwak_badanie: autoLog = True
0.0483 	INFO 	Keyboard events cleared
0.0482 	EXP 	text_instr: autoDraw = True
0.9473 	EXP 	Device response: <KeyPress from None: t=0.935442200046964, value=space, duration=None>
0.9492 	DATA 	Keypress: space
0.9557 	INFO 	Keyboard events cleared
0.9556 	EXP 	text_instr: autoDraw = False
0.9556 	EXP 	suwak_info: autoDraw = True
1.0114 	EXP 	Device response: <KeyPress from None: t=0.935442200046964, value=space, duration=0.06963389995507896>
1.1602 	EXP 	Device response: <KeyPress from None: t=1.1451974000083283, value=space, duration=None>
1.1623 	DATA 	Keypress: space
1.1730 	INFO 	Keyboard events cleared
1.1729 	EXP 	suwak_info: autoDraw = False
1.1729 	EXP 	proba_testowa: autoDraw = True
1.2079 	EXP 	Device response: <KeyPress from None: t=1.1451974000083283, value=space, duration=0.05483740009367466>
1.3415 	EXP 	Device response: <KeyPress from None: t=1.3359945000847802, value=space, duration=None>
1.3590 	DATA 	Keypress: space
1.3706 	EXP 	proba_testowa: autoDraw = False
1.3706 	EXP 	pilot_label_text: height = np.float64(0.05)
1.3706 	EXP 	pilot_label_text: height = np.float64(0.05)
1.3706 	EXP 	pilot_label_text: height = np.float64(0.05)
1.3706 	EXP 	pilot_label_text: height = np.float64(0.05)
1.3706 	EXP 	pilot_label_text: height = np.float64(0.05)
1.3706 	EXP 	pilot_label_text: height = np.float64(0.05)
1.3706 	EXP 	pilot_label_text: text = 'Model AI wykrył w tej twarzy 80% smutku.\n\n'
1.3706 	EXP 	pilot_suwak: markerPos = None
1.3706 	EXP 	pilot_suwak: markerPos = 0
1.3706 	EXP 	pilot_lewa_etykieta: height = np.float64(0.085)
1.3706 	EXP 	pilot_lewa_etykieta: height = np.float64(0.085)
1.3706 	EXP 	pilot_lewa_etykieta: height = np.float64(0.085)
1.3706 	EXP 	pilot_lewa_etykieta: text = 'radość'
1.3706 	EXP 	pilot_prawa_etykieta: height = np.float64(0.085)
1.3706 	EXP 	pilot_prawa_etykieta: height = np.float64(0.085)
1.3706 	EXP 	pilot_prawa_etykieta: height = np.float64(0.085)
1.3706 	EXP 	pilot_prawa_etykieta: text = 'smutek'
1.3706 	EXP 	pilot_fiksacja1: autoDraw = True
1.4079 	EXP 	Device response: <KeyPress from None: t=1.3359945000847802, value=space, duration=0.06551280000712723>
1.8698 	EXP 	pilot_fiksacja1: autoDraw = False
2.0529 	EXP 	pilot_label_text: autoDraw = True
5.0627 	EXP 	pilot_label_text: autoDraw = False
5.2446 	EXP 	pilot_fiksacja2: autoDraw = True
5.7599 	EXP 	pilot_fiksacja2: autoDraw = False
5.9434 	EXP 	pilot_stim_image: autoDraw = True
6.8561 	EXP 	pilot_suwak: autoDraw = True
6.8561 	EXP 	pilot_pytanie: autoDraw = True
6.8561 	EXP 	pilot_lewa_etykieta: autoDraw = True
6.8561 	EXP 	pilot_prawa_etykieta: autoDraw = True
6.8731 	EXP 	pilot_stim_image: autoDraw = False
7.4279 	DATA 	Mouse: Left button down, pos=(570,157)
7.4382 	EXP 	pilot_suwak: markerPos = np.float64(42.5)
7.4555 	EXP 	pilot_suwak: markerPos = np.float64(42.5)
7.4707 	EXP 	pilot_suwak: markerPos = np.float64(42.5)
7.4875 	EXP 	pilot_suwak: markerPos = np.float64(42.5)
7.5041 	EXP 	pilot_suwak: markerPos = np.float64(42.5)
7.5069 	DATA 	Mouse:  Left button up, pos=(570,157)
7.5215 	EXP 	pilot_suwak: markerPos = np.float64(42.5)
7.5373 	INFO 	Keyboard events cleared
7.5372 	EXP 	pilot_label_text: autoDraw = False
7.5372 	EXP 	pilot_fiksacja1: autoDraw = False
7.5372 	EXP 	pilot_suwak: autoDraw = False
7.5372 	EXP 	pilot_fiksacja2: autoDraw = False
7.5372 	EXP 	pilot_pytanie: autoDraw = False
7.5372 	EXP 	pilot_lewa_etykieta: autoDraw = False
7.5372 	EXP 	pilot_prawa_etykieta: autoDraw = False
7.5372 	EXP 	pilot_stim_image: autoDraw = False
7.5372 	EXP 	start_badania: autoDraw = True
8.3043 	EXP 	Device response: <KeyPress from None: t=8.296550500090234, value=space, duration=None>
8.3177 	DEBUG 	Read excel file with openpyxl: conditions.xlsx
8.3218 	EXP 	Imported conditions.xlsx as conditions, 32 conditions, 9 params
8.3224 	EXP 	New trial (rep=0, index=0): <Trial 0 (0 in rep 0) data={'image_path': 'photos/1K_SZ_5050.png', 'etykieta': 'Model sztucznej inteligencji wykrył w tej twarzy 72% strachu .', 'left_label': 'strach', 'right_label': 'złość', 'show_label': 4, 'proporcja_zdjecia': '50/50', 'typ_etykiety': 'Procentowa AI', 'warunek': 'n/d', 'kierunek': 'Sugestia Lewo strach', 'thisN': 0, 'thisTrialN': 0, 'thisRepN': 0}>
8.3843 	EXP 	Device response: <KeyPress from None: t=8.296550500090234, value=space, duration=0.06007779994979501>
8.3854 	DATA 	Keypress: space
8.4015 	EXP 	start_badania: autoDraw = False
8.4015 	EXP 	przerwa_text: autoDraw = False
8.4015 	EXP 	label_text: height = np.float64(0.05)
8.4015 	EXP 	label_text: height = np.float64(0.05)
8.4015 	EXP 	label_text: height = np.float64(0.05)
8.4015 	EXP 	label_text: text = 'Model sztucznej inteligencji wykrył w tej twarzy 72% strachu .'
8.4015 	EXP 	label_text: height = np.float64(0.05)
8.4015 	EXP 	label_text: height = np.float64(0.05)
8.4015 	EXP 	label_text: height = np.float64(0.05)
8.4015 	EXP 	label_text: text = 'Model sztucznej inteligencji wykrył w tej twarzy 72% strachu .'
8.4015 	EXP 	stim_image: image = 'photos/1K_SZ_5050.png'
8.4015 	EXP 	suwak_badanie: markerPos = None
8.4015 	EXP 	suwak_badanie: markerPos = 0
8.4015 	EXP 	lewa_etykieta: height = np.float64(0.085)
8.4015 	EXP 	lewa_etykieta: height = np.float64(0.085)
8.4015 	EXP 	lewa_etykieta: height = np.float64(0.085)
8.4015 	EXP 	lewa_etykieta: text = 'strach'
8.4015 	EXP 	prawa_etykieta: height = np.float64(0.085)
8.4015 	EXP 	prawa_etykieta: height = np.float64(0.085)
8.4015 	EXP 	prawa_etykieta: height = np.float64(0.085)
8.4015 	EXP 	prawa_etykieta: text = 'złość'
8.4015 	EXP 	label_text: autoDraw = True
12.4081 	EXP 	label_text: autoDraw = False
12.5246 	EXP 	polygon: autoDraw = True
12.7739 	EXP 	polygon: autoDraw = False
12.9739 	EXP 	stim_image: autoDraw = True
14.2025 	EXP 	stim_image: autoDraw = False
14.2025 	EXP 	suwak_badanie: autoDraw = True
14.2025 	EXP 	lewa_etykieta: autoDraw = True
14.2025 	EXP 	prawa_etykieta: autoDraw = True
14.2025 	EXP 	pytanie: autoDraw = True
15.1364 	EXP 	Device response: <KeyPress from None: t=15.129233400104567, value=escape, duration=None>
15.1367 	DATA 	Keypress: escape
15.2533 	EXP 	Device response: <KeyPress from None: t=15.129233400104567, value=escape, duration=0.11907159991096705>
15.2534 	EXP 	untitled_FINAL_NEWEST: status = STOPPED
15.2665 	EXP 	suwak_badanie: autoDraw = False
15.2665 	EXP 	lewa_etykieta: autoDraw = False
15.2665 	EXP 	prawa_etykieta: autoDraw = False
15.2665 	EXP 	pytanie: autoDraw = False
15.2687 	EXP 	untitled_FINAL_NEWEST: status = STOPPED
15.2734 	INFO 	saved data to 'C:\\Users\\julia\\OneDrive\\Pulpit\\percepcja_psychopy\\data\\pilot _untitled_FINAL_NEWEST_2026-04-27_11h59.17.431.csv'
15.2747 	INFO 	saved data to C:\Users\julia\OneDrive\Pulpit\percepcja_psychopy\data\pilot _untitled_FINAL_NEWEST_2026-04-27_11h59.17.431.psydat
15.7105 	DEBUG 	Saving data for untitled_FINAL_NEWEST ExperimentHandler
15.7386 	WARNING 	Stopping key buffers but this could be dangerous ifother keyboards rely on the same.
