8.1146 	DEBUG 	Fullscreen settings ignored as running in pilot mode.
8.1157 	INFO 	Loaded monitor calibration from ['2026_03_18 20:30']
8.8947 	INFO 	Using renderer 'Intel(R) UHD Graphics' for graphics
8.8947 	INFO 	OpenGL version supported by driver is 4..
10.0275 	EXP 	Created window1 = Window(allowGUI=False, allowStencil=True, autoLog=True, backendConf=UNKNOWN, backgroundFit=<method-wrapper '__getattribute__' of attributeSetter object at 0x0000021AF2AB8CA0>, backgroundImage=<method-wrapper '__getattribute__' of attributeSetter object at 0x0000021AF2AB8C40>, bitsMode=UNKNOWN, blendMode='avg', bpc=(8, 8, 8), color=array([0.6549, 0.6549, 0.6549]), colorSpace='rgb', depthBits=8, fullscr=False, gamma=None, gammaErrorPolicy='raise', infoMsg=UNKNOWN, lms=UNKNOWN, monitor=<psychopy.monitors.calibTools.Monitor object at 0x0000021AEB4607C0>, multiSample=False, name='window1', numSamples=2, pos=[np.float64(560.0), np.float64(240.0)], screen=0, size=array([800, 600]), stencilBits=8, stereo=False, title='PsychoPy', units='height', useFBO=True, useRetina=False, viewOri=0.0, viewPos=None, viewScale=None, waitBlanking=True, winType='pyglet')
10.0276 	EXP 	window1: backgroundImage = ''
10.0276 	EXP 	window1: backgroundFit = 'none'
10.0783 	DEBUG 	TextBox2 loaded 1 chars with 0 blanks and 1 valid
10.0958 	DEBUG 	TextBox2 loaded 1 chars with 0 blanks and 1 valid
10.1151 	DEBUG 	TextBox2 loaded 1 chars with 0 blanks and 1 valid
10.1331 	DEBUG 	TextBox2 loaded 1 chars with 0 blanks and 1 valid
10.1503 	DEBUG 	TextBox2 loaded 1 chars with 0 blanks and 1 valid
10.1690 	DEBUG 	TextBox2 loaded 1 chars with 0 blanks and 1 valid
10.1865 	DEBUG 	TextBox2 loaded 1 chars with 0 blanks and 1 valid
10.2036 	DEBUG 	TextBox2 loaded 1 chars with 0 blanks and 1 valid
10.2208 	DEBUG 	TextBox2 loaded 1 chars with 0 blanks and 1 valid
10.2386 	DEBUG 	TextBox2 loaded 1 chars with 0 blanks and 1 valid
10.2575 	DEBUG 	TextBox2 loaded 1 chars with 0 blanks and 1 valid
10.2755 	DEBUG 	TextBox2 loaded 1 chars with 0 blanks and 1 valid
10.2935 	DEBUG 	TextBox2 loaded 1 chars with 0 blanks and 1 valid
10.3113 	DEBUG 	TextBox2 loaded 1 chars with 0 blanks and 1 valid
10.3280 	DEBUG 	TextBox2 loaded 1 chars with 0 blanks and 1 valid
10.3472 	DEBUG 	TextBox2 loaded 1 chars with 0 blanks and 1 valid
10.3640 	DEBUG 	TextBox2 loaded 1 chars with 0 blanks and 1 valid
10.3806 	DEBUG 	TextBox2 loaded 1 chars with 0 blanks and 1 valid
10.3992 	DEBUG 	TextBox2 loaded 1 chars with 0 blanks and 1 valid
10.4170 	DEBUG 	TextBox2 loaded 1 chars with 0 blanks and 1 valid
10.4356 	DEBUG 	TextBox2 loaded 1 chars with 0 blanks and 1 valid
10.4528 	DEBUG 	TextBox2 loaded 1 chars with 0 blanks and 1 valid
10.4720 	DEBUG 	TextBox2 loaded 1 chars with 0 blanks and 1 valid
10.4898 	DEBUG 	TextBox2 loaded 1 chars with 0 blanks and 1 valid
10.5066 	DEBUG 	TextBox2 loaded 1 chars with 0 blanks and 1 valid
10.5242 	DEBUG 	TextBox2 loaded 1 chars with 0 blanks and 1 valid
10.5420 	DEBUG 	TextBox2 loaded 1 chars with 0 blanks and 1 valid
10.5589 	DEBUG 	TextBox2 loaded 1 chars with 0 blanks and 1 valid
10.5594 	DEBUG 	Uploading Texture Font fontname to graphics card
10.5723 	DEBUG 	Upload of Texture Font fontname complete
10.6215 	DEBUG 	TextBox2 loaded 1 chars with 0 blanks and 1 valid
10.6388 	DEBUG 	TextBox2 loaded 1 chars with 0 blanks and 1 valid
10.6393 	DEBUG 	Uploading Texture Font fontname to graphics card
10.6577 	DEBUG 	Upload of Texture Font fontname complete
10.9439 	INFO 	keyboard.Keyboard is using ptb backend.
10.9440 	EXP 	untitled_FINAL_NEWEST: status = STARTED
11.1529 	EXP 	Created text_instr = TextStim(__class__=<class 'psychopy.visual.text.TextStim'>, alignHoriz=method-wrapper(...), alignText='center', alignVert=method-wrapper(...), anchorHoriz='center', anchorVert='center', antialias=True, autoDraw=False, autoLog=True, bold=False, color=array([-1., -1., -1.]), colorSpace='rgb', contrast=1.0, depth=-2.0, draggable=False, flipHoriz=False, flipVert=False, font='Arial', fontFiles=[], height=np.float64(0.03), italic=False, languageStyle='LTR', name='text_instr', opacity=1, ori=0.0, pos=array([0., 0.]), rgb=UNKNOWN, text=str(...), units='height', win=Window(...), wrapWidth=1.5)
11.1964 	EXP 	Created suwak_info = TextStim(__class__=<class 'psychopy.visual.text.TextStim'>, alignHoriz=method-wrapper(...), alignText='center', alignVert=method-wrapper(...), anchorHoriz='center', anchorVert='center', antialias=True, autoDraw=False, autoLog=True, bold=False, color=array([-1., -1., -1.]), colorSpace='rgb', contrast=1.0, depth=-1.0, draggable=False, flipHoriz=False, flipVert=False, font='Arial', fontFiles=[], height=np.float64(0.03), italic=False, languageStyle='LTR', name='suwak_info', opacity=1, ori=0.0, pos=array([0., 0.]), rgb=UNKNOWN, text=str(...), units='height', win=Window(...), wrapWidth=1.3)
11.2488 	EXP 	Created proba_testowa = TextStim(__class__=<class 'psychopy.visual.text.TextStim'>, alignHoriz=method-wrapper(...), alignText='center', alignVert=method-wrapper(...), anchorHoriz='center', anchorVert='center', antialias=True, autoDraw=False, autoLog=True, bold=False, color=array([-1., -1., -1.]), colorSpace='rgb', contrast=1.0, depth=-2.0, draggable=False, flipHoriz=False, flipVert=False, font='Arial', fontFiles=[], height=np.float64(0.04), italic=False, languageStyle='LTR', name='proba_testowa', opacity=1, ori=0.0, pos=array([0., 0.]), rgb=UNKNOWN, text=str(...), units='height', win=Window(...), wrapWidth=1.4)
11.2567 	EXP 	Created pilot_label_text = TextStim(__class__=<class 'psychopy.visual.text.TextStim'>, alignHoriz=method-wrapper(...), alignText='center', alignVert=method-wrapper(...), anchorHoriz='center', anchorVert='center', antialias=True, autoDraw=False, autoLog=True, bold=False, color=array([-1., -1., -1.]), colorSpace='rgb', contrast=1.0, depth=-1.0, draggable=False, flipHoriz=False, flipVert=False, font='Arial', fontFiles=[], height=0.05, italic=False, languageStyle='LTR', name='pilot_label_text', opacity=1, ori=0.0, pos=array([0., 0.]), rgb=UNKNOWN, text='', units='height', win=Window(...), wrapWidth=1.3)
11.2768 	EXP 	Created pilot_fiksacja1 = TextStim(__class__=<class 'psychopy.visual.text.TextStim'>, alignHoriz=method-wrapper(...), alignText='center', alignVert=method-wrapper(...), anchorHoriz='center', anchorVert='center', antialias=True, autoDraw=False, autoLog=True, bold=False, color=array([-1., -1., -1.]), colorSpace='rgb', contrast=1.0, depth=-2.0, draggable=False, flipHoriz=False, flipVert=False, font='Arial', fontFiles=[], height=np.float64(0.12), italic=False, languageStyle='LTR', name='pilot_fiksacja1', opacity=1, ori=0.0, pos=array([0., 0.]), rgb=UNKNOWN, text='+', units='height', win=Window(...), wrapWidth=1)
11.3199 	EXP 	Created pilot_suwak = Slider(__class__=<class 'psychopy.visual.slider.Slider'>, autoDraw=False, autoLog=True, borderColor=None, color=None, colorSpace='rgb', depth=-3, fillColor=None, flip=False, font='Noto Sans', granularity=0.0, labelColor=None, labelHeight=np.float64(0.05), labelWrapWidth=None, labels=None, lineColor=None, markerColor=None, name='pilot_suwak', opacity=None, ori=0.0, pos=array([ 0. , -0.5]), readOnly=False, self=UNKNOWN, size=array([1. , 0.1]), startValue=0, style='slider', styleTweaks=[], ticks=array([-50, -25,   0,  25,  50]), units='norm', win=Window(...))
11.3337 	EXP 	Created pilot_fiksacja2 = TextStim(__class__=<class 'psychopy.visual.text.TextStim'>, alignHoriz=method-wrapper(...), alignText='center', alignVert=method-wrapper(...), anchorHoriz='center', anchorVert='center', antialias=True, autoDraw=False, autoLog=True, bold=False, color=array([-1., -1., -1.]), colorSpace='rgb', contrast=1.0, depth=-4.0, draggable=False, flipHoriz=False, flipVert=False, font='Arial', fontFiles=[], height=np.float64(0.1), italic=False, languageStyle='LTR', name='pilot_fiksacja2', opacity=1, ori=0.0, pos=array([0., 0.]), rgb=UNKNOWN, text='+', units='height', win=Window(...), wrapWidth=1)
11.3595 	EXP 	Created pilot_pytanie = TextStim(__class__=<class 'psychopy.visual.text.TextStim'>, alignHoriz=method-wrapper(...), alignText='center', alignVert=method-wrapper(...), anchorHoriz='center', anchorVert='center', antialias=True, autoDraw=False, autoLog=True, bold=False, color=array([-1., -1., -1.]), colorSpace='rgb', contrast=1.0, depth=-5.0, draggable=False, flipHoriz=False, flipVert=False, font='Arial', fontFiles=[], height=np.float64(0.1), italic=False, languageStyle='LTR', name='pilot_pytanie', opacity=1, ori=0.0, pos=array([0., 0.]), rgb=UNKNOWN, text='Jaką emocję wyrażała ta twarz?', units='norm', win=Window(...), wrapWidth=1)
11.3667 	EXP 	Created pilot_lewa_etykieta = TextStim(__class__=<class 'psychopy.visual.text.TextStim'>, alignHoriz=method-wrapper(...), alignText='center', alignVert=method-wrapper(...), anchorHoriz='center', anchorVert='center', antialias=True, autoDraw=False, autoLog=True, bold=False, color=array([-1., -1., -1.]), colorSpace='rgb', contrast=1.0, depth=-6.0, draggable=False, flipHoriz=False, flipVert=False, font='Arial', fontFiles=[], height=0.085, italic=False, languageStyle='LTR', name='pilot_lewa_etykieta', opacity=1, ori=0.0, pos=array([-0.6, -0.5]), rgb=UNKNOWN, text='', units='norm', win=Window(...), wrapWidth=1)
11.3714 	EXP 	Created pilot_prawa_etykieta = TextStim(__class__=<class 'psychopy.visual.text.TextStim'>, alignHoriz=method-wrapper(...), alignText='center', alignVert=method-wrapper(...), anchorHoriz='center', anchorVert='center', antialias=True, autoDraw=False, autoLog=True, bold=False, color=array([-1., -1., -1.]), colorSpace='rgb', contrast=1.0, depth=-7.0, draggable=False, flipHoriz=False, flipVert=False, font='Arial', fontFiles=[], height=0.085, italic=False, languageStyle='LTR', name='pilot_prawa_etykieta', opacity=1, ori=0.0, pos=array([ 0.6, -0.5]), rgb=UNKNOWN, text='', units='norm', win=Window(...), wrapWidth=1)
11.4491 	EXP 	Created pilot_stim_image = ImageStim(__class__=<class 'psychopy.visual.image.ImageStim'>, anchor=('center', 'center'), autoLog=True, color=array([1., 1., 1.]), colorSpace='rgb', contrast=1.0, depth=-8.0, draggable=False, flipHoriz=np.False_, flipVert=np.False_, image='photos/twarz_testowa.jpg', interpolate=True, mask=None, maskParams=None, name='pilot_stim_image', opacity=1, ori=0.0, pos=array([0., 0.]), size=array([0.75, 0.75]), texRes=128.0, units='height', win=Window(...))
11.4953 	EXP 	Created start_badania = TextStim(__class__=<class 'psychopy.visual.text.TextStim'>, alignHoriz=method-wrapper(...), alignText='center', alignVert=method-wrapper(...), anchorHoriz='center', anchorVert='center', antialias=True, autoDraw=False, autoLog=True, bold=False, color=array([-1., -1., -1.]), colorSpace='rgb', contrast=1.0, depth=-2.0, draggable=False, flipHoriz=False, flipVert=False, font='Arial', fontFiles=[], height=np.float64(0.1), italic=False, languageStyle='LTR', name='start_badania', opacity=1, ori=0.0, pos=array([0., 0.]), rgb=UNKNOWN, text=str(...), units='norm', win=Window(...), wrapWidth=1.4)
11.5081 	EXP 	Created przerwa_text = TextStim(__class__=<class 'psychopy.visual.text.TextStim'>, alignHoriz=method-wrapper(...), alignText='center', alignVert=method-wrapper(...), anchorHoriz='center', anchorVert='center', antialias=True, autoDraw=False, autoLog=True, bold=False, color=array([-1., -1., -1.]), colorSpace='rgb', contrast=1.0, depth=0.0, draggable=False, flipHoriz=False, flipVert=False, font='Arial', fontFiles=[], height=np.float64(0.1), italic=False, languageStyle='LTR', name='przerwa_text', opacity=1, ori=0.0, pos=array([0., 0.]), rgb=UNKNOWN, text=str(...), units='norm', win=Window(...), wrapWidth=1)
11.5120 	EXP 	Created label_text = TextStim(__class__=<class 'psychopy.visual.text.TextStim'>, alignHoriz=method-wrapper(...), alignText='center', alignVert=method-wrapper(...), anchorHoriz='center', anchorVert='center', antialias=True, autoDraw=False, autoLog=True, bold=False, color=array([-1., -1., -1.]), colorSpace='rgb', contrast=1.0, depth=-2.0, draggable=False, flipHoriz=False, flipVert=False, font='Arial', fontFiles=[], height=0.05, italic=False, languageStyle='LTR', name='label_text', opacity=1, ori=0.0, pos=array([0., 0.]), rgb=UNKNOWN, text='', units='height', win=Window(...), wrapWidth=1.3)
11.5206 	EXP 	Created stim_image = ImageStim(__class__=<class 'psychopy.visual.image.ImageStim'>, anchor=('center', 'center'), autoLog=True, color=array([1., 1., 1.]), colorSpace='rgb', contrast=1.0, depth=-3.0, draggable=False, flipHoriz=np.False_, flipVert=np.False_, image='default.png', interpolate=True, mask=None, maskParams=None, name='stim_image', opacity=1, ori=0.0, pos=array([0., 0.]), size=array([0.75, 0.75]), texRes=128.0, units='height', win=Window(...))
11.5513 	EXP 	Created suwak_badanie = Slider(__class__=<class 'psychopy.visual.slider.Slider'>, autoDraw=False, autoLog=True, borderColor=None, color=None, colorSpace='rgb', depth=-4, fillColor=None, flip=False, font='Noto Sans', granularity=0.0, labelColor=None, labelHeight=np.float64(0.05), labelWrapWidth=None, labels=None, lineColor=None, markerColor=None, name='suwak_badanie', opacity=None, ori=0.0, pos=array([ 0. , -0.5]), readOnly=False, self=UNKNOWN, size=array([1. , 0.1]), startValue=0, style='slider', styleTweaks=[], ticks=array([-50, -25,   0,  25,  50]), units='norm', win=Window(...))
11.5557 	EXP 	Created lewa_etykieta = TextStim(__class__=<class 'psychopy.visual.text.TextStim'>, alignHoriz=method-wrapper(...), alignText='center', alignVert=method-wrapper(...), anchorHoriz='center', anchorVert='center', antialias=True, autoDraw=False, autoLog=True, bold=False, color=array([-1., -1., -1.]), colorSpace='rgb', contrast=1.0, depth=-5.0, draggable=False, flipHoriz=False, flipVert=False, font='Arial', fontFiles=[], height=0.085, italic=False, languageStyle='LTR', name='lewa_etykieta', opacity=1, ori=0.0, pos=array([-0.65, -0.5 ]), rgb=UNKNOWN, text='', units='norm', win=Window(...), wrapWidth=1)
11.5606 	EXP 	Created prawa_etykieta = TextStim(__class__=<class 'psychopy.visual.text.TextStim'>, alignHoriz=method-wrapper(...), alignText='center', alignVert=method-wrapper(...), anchorHoriz='center', anchorVert='center', antialias=True, autoDraw=False, autoLog=True, bold=False, color=array([-1., -1., -1.]), colorSpace='rgb', contrast=1.0, depth=-6.0, draggable=False, flipHoriz=False, flipVert=False, font='Arial', fontFiles=[], height=0.085, italic=False, languageStyle='LTR', name='prawa_etykieta', opacity=1, ori=0.0, pos=array([ 0.65, -0.5 ]), rgb=UNKNOWN, text='', units='norm', win=Window(...), wrapWidth=1)
11.5759 	EXP 	Created fiksacja2 = TextStim(__class__=<class 'psychopy.visual.text.TextStim'>, alignHoriz=method-wrapper(...), alignText='center', alignVert=method-wrapper(...), anchorHoriz='center', anchorVert='center', antialias=True, autoDraw=False, autoLog=True, bold=False, color=array([-1., -1., -1.]), colorSpace='rgb', contrast=1.0, depth=-7.0, draggable=False, flipHoriz=False, flipVert=False, font='Arial', fontFiles=[], height=np.float64(0.12), italic=False, languageStyle='LTR', name='fiksacja2', opacity=1, ori=0.0, pos=array([0., 0.]), rgb=UNKNOWN, text='+', units='height', win=Window(...), wrapWidth=1)
11.5879 	EXP 	Created pytanie = TextStim(__class__=<class 'psychopy.visual.text.TextStim'>, alignHoriz=method-wrapper(...), alignText='center', alignVert=method-wrapper(...), anchorHoriz='center', anchorVert='center', antialias=True, autoDraw=False, autoLog=True, bold=False, color=array([-1., -1., -1.]), colorSpace='rgb', contrast=1.0, depth=-8.0, draggable=False, flipHoriz=False, flipVert=False, font='Arial', fontFiles=[], height=np.float64(0.1), italic=False, languageStyle='LTR', name='pytanie', opacity=1, ori=0.0, pos=array([0., 0.]), rgb=UNKNOWN, text='Jaką emocję wyrażała ta twarz?', units='norm', win=Window(...), wrapWidth=1)
11.5920 	EXP 	Created text = TextStim(__class__=<class 'psychopy.visual.text.TextStim'>, alignHoriz=method-wrapper(...), alignText='center', alignVert=method-wrapper(...), anchorHoriz='center', anchorVert='center', antialias=True, autoDraw=False, autoLog=True, bold=False, color=array([1., 1., 1.]), colorSpace='rgb', contrast=1.0, depth=-1.0, draggable=False, flipHoriz=False, flipVert=False, font='Arial', fontFiles=[], height=np.float64(0.05), italic=False, languageStyle='LTR', name='text', opacity=1, ori=0.0, pos=array([0., 0.]), rgb=UNKNOWN, text='', units='height', win=Window(...), wrapWidth=1)
11.6114 	EXP 	Created podziekowania_text = TextStim(__class__=<class 'psychopy.visual.text.TextStim'>, alignHoriz=method-wrapper(...), alignText='center', alignVert=method-wrapper(...), anchorHoriz='center', anchorVert='center', antialias=True, autoDraw=False, autoLog=True, bold=False, color=array([1., 1., 1.]), colorSpace='rgb', contrast=1.0, depth=0.0, draggable=False, flipHoriz=False, flipVert=False, font='Arial', fontFiles=[], height=np.float64(0.05), italic=False, languageStyle='LTR', name='podziekowania_text', opacity=1, ori=0.0, pos=array([0., 0.]), rgb=UNKNOWN, text=str(...), units='height', win=Window(...), wrapWidth=1)
0.1548 	EXP 	pilot_suwak: autoLog = True
0.1548 	EXP 	pilot_suwak: styleTweaks = []
0.1548 	EXP 	pilot_suwak: styleTweaks = []
0.1548 	EXP 	pilot_suwak: styleTweaks = []
0.1548 	EXP 	pilot_suwak: styleTweaks = []
0.1548 	EXP 	pilot_suwak: contrast = 1.0
0.1548 	EXP 	pilot_suwak: markerPos = 0
0.1548 	EXP 	pilot_suwak: autoLog = True
0.1548 	EXP 	suwak_badanie: autoLog = True
0.1548 	EXP 	suwak_badanie: styleTweaks = []
0.1548 	EXP 	suwak_badanie: styleTweaks = []
0.1548 	EXP 	suwak_badanie: styleTweaks = []
0.1548 	EXP 	suwak_badanie: styleTweaks = []
0.1548 	EXP 	suwak_badanie: contrast = 1.0
0.1548 	EXP 	suwak_badanie: markerPos = 0
0.1548 	EXP 	suwak_badanie: autoLog = True
0.1826 	INFO 	Keyboard events cleared
0.1824 	EXP 	text_instr: autoDraw = True
0.7649 	DATA 	Keypress: space
0.8503 	EXP 	Device response: <KeyPress from None: t=0.7255028000799939, value=space, duration=None>
0.8504 	EXP 	Device response: <KeyPress from None: t=0.7255028000799939, value=space, duration=0.05953089997638017>
0.9561 	DATA 	Keypress: space
1.0460 	EXP 	Device response: <KeyPress from None: t=0.925736500066705, value=space, duration=None>
1.0460 	EXP 	Device response: <KeyPress from None: t=0.925736500066705, value=space, duration=0.0411027999361977>
1.6453 	DATA 	Keypress: space
1.6752 	EXP 	Device response: <KeyPress from None: t=1.6055189000908285, value=space, duration=None>
1.7215 	INFO 	Keyboard events cleared
1.7214 	EXP 	text_instr: autoDraw = False
1.7214 	EXP 	suwak_info: autoDraw = True
1.7253 	EXP 	Device response: <KeyPress from None: t=1.6055189000908285, value=space, duration=0.1076933000003919>
2.0648 	DATA 	Keypress: space
2.0945 	EXP 	Device response: <KeyPress from None: t=2.0357303000055254, value=space, duration=None>
2.1378 	INFO 	Keyboard events cleared
2.1377 	EXP 	suwak_info: autoDraw = False
2.1377 	EXP 	proba_testowa: autoDraw = True
2.2083 	EXP 	Device response: <KeyPress from None: t=2.0357303000055254, value=space, duration=0.11483910004608333>
2.5912 	EXP 	Device response: <KeyPress from None: t=2.5711808000924066, value=space, duration=None>
2.6501 	DATA 	Keypress: space
2.6697 	EXP 	proba_testowa: autoDraw = False
2.6697 	EXP 	pilot_label_text: height = np.float64(0.05)
2.6697 	EXP 	pilot_label_text: height = np.float64(0.05)
2.6697 	EXP 	pilot_label_text: height = np.float64(0.05)
2.6697 	EXP 	pilot_label_text: height = np.float64(0.05)
2.6697 	EXP 	pilot_label_text: height = np.float64(0.05)
2.6697 	EXP 	pilot_label_text: height = np.float64(0.05)
2.6697 	EXP 	pilot_label_text: text = 'Model AI wykrył w tej twarzy 80% smutku.\n\n'
2.6697 	EXP 	pilot_suwak: markerPos = None
2.6697 	EXP 	pilot_suwak: markerPos = 0
2.6697 	EXP 	pilot_lewa_etykieta: height = np.float64(0.085)
2.6697 	EXP 	pilot_lewa_etykieta: height = np.float64(0.085)
2.6697 	EXP 	pilot_lewa_etykieta: height = np.float64(0.085)
2.6697 	EXP 	pilot_lewa_etykieta: text = 'radość'
2.6697 	EXP 	pilot_prawa_etykieta: height = np.float64(0.085)
2.6697 	EXP 	pilot_prawa_etykieta: height = np.float64(0.085)
2.6697 	EXP 	pilot_prawa_etykieta: height = np.float64(0.085)
2.6697 	EXP 	pilot_prawa_etykieta: text = 'smutek'
2.6697 	EXP 	pilot_fiksacja1: autoDraw = True
2.7240 	EXP 	Device response: <KeyPress from None: t=2.5711808000924066, value=space, duration=0.12492859992198646>
3.1859 	EXP 	pilot_fiksacja1: autoDraw = False
3.3022 	EXP 	pilot_label_text: autoDraw = True
6.3435 	EXP 	pilot_label_text: autoDraw = False
6.5431 	EXP 	pilot_fiksacja2: autoDraw = True
7.0530 	EXP 	pilot_fiksacja2: autoDraw = False
7.2021 	EXP 	pilot_stim_image: autoDraw = True
8.4985 	EXP 	pilot_suwak: autoDraw = True
8.4985 	EXP 	pilot_pytanie: autoDraw = True
8.4985 	EXP 	pilot_lewa_etykieta: autoDraw = True
8.4985 	EXP 	pilot_prawa_etykieta: autoDraw = True
8.5149 	EXP 	pilot_stim_image: autoDraw = False
10.2325 	DATA 	Mouse: Left button down, pos=(550,150)
10.2592 	EXP 	pilot_suwak: markerPos = np.float64(37.5)
10.2702 	DATA 	Mouse:  Left button up, pos=(550,150)
10.2768 	EXP 	pilot_suwak: markerPos = np.float64(37.5)
10.2927 	EXP 	pilot_suwak: markerPos = np.float64(37.5)
10.3098 	INFO 	Keyboard events cleared
10.3096 	EXP 	pilot_label_text: autoDraw = False
10.3096 	EXP 	pilot_fiksacja1: autoDraw = False
10.3096 	EXP 	pilot_suwak: autoDraw = False
10.3096 	EXP 	pilot_fiksacja2: autoDraw = False
10.3096 	EXP 	pilot_pytanie: autoDraw = False
10.3096 	EXP 	pilot_lewa_etykieta: autoDraw = False
10.3096 	EXP 	pilot_prawa_etykieta: autoDraw = False
10.3096 	EXP 	pilot_stim_image: autoDraw = False
10.3096 	EXP 	start_badania: autoDraw = True
17.5786 	EXP 	Device response: <KeyPress from None: t=17.569562099990435, value=space, duration=None>
17.6014 	DEBUG 	Read excel file with openpyxl: conditions.xlsx
17.6061 	EXP 	Imported conditions.xlsx as conditions, 32 conditions, 9 params
17.6071 	EXP 	New trial (rep=0, index=0): <Trial 0 (0 in rep 0) data={'image_path': 'photos/1K_SZ_5050.png', 'etykieta': 'Model sztucznej inteligencji wykrył w tej twarzy 72% strachu .', 'left_label': 'strach', 'right_label': 'złość', 'show_label': 4, 'proporcja_zdjecia': '50/50', 'typ_etykiety': 'Procentowa AI', 'warunek': 'n/d', 'kierunek': 'Sugestia Lewo strach', 'thisN': 0, 'thisTrialN': 0, 'thisRepN': 0}>
17.6743 	EXP 	Device response: <KeyPress from None: t=17.569562099990435, value=space, duration=0.07978030003141612>
17.6751 	DATA 	Keypress: space
17.6887 	EXP 	start_badania: autoDraw = False
17.6887 	EXP 	przerwa_text: autoDraw = False
17.6887 	EXP 	label_text: height = np.float64(0.05)
17.6887 	EXP 	label_text: height = np.float64(0.05)
17.6887 	EXP 	label_text: height = np.float64(0.05)
17.6887 	EXP 	label_text: text = 'Model sztucznej inteligencji wykrył w tej twarzy 72% strachu .'
17.6887 	EXP 	label_text: height = np.float64(0.05)
17.6887 	EXP 	label_text: height = np.float64(0.05)
17.6887 	EXP 	label_text: height = np.float64(0.05)
17.6887 	EXP 	label_text: text = 'Model sztucznej inteligencji wykrył w tej twarzy 72% strachu .'
17.6887 	EXP 	stim_image: image = 'photos/1K_SZ_5050.png'
17.6887 	EXP 	suwak_badanie: markerPos = None
17.6887 	EXP 	suwak_badanie: markerPos = 0
17.6887 	EXP 	lewa_etykieta: height = np.float64(0.085)
17.6887 	EXP 	lewa_etykieta: height = np.float64(0.085)
17.6887 	EXP 	lewa_etykieta: height = np.float64(0.085)
17.6887 	EXP 	lewa_etykieta: text = 'strach'
17.6887 	EXP 	prawa_etykieta: height = np.float64(0.085)
17.6887 	EXP 	prawa_etykieta: height = np.float64(0.085)
17.6887 	EXP 	prawa_etykieta: height = np.float64(0.085)
17.6887 	EXP 	prawa_etykieta: text = 'złość'
17.6887 	EXP 	label_text: autoDraw = True
21.6951 	EXP 	label_text: autoDraw = False
21.8114 	EXP 	fiksacja2: autoDraw = True
22.5764 	EXP 	fiksacja2: autoDraw = False
22.7595 	EXP 	stim_image: autoDraw = True
24.0728 	EXP 	stim_image: autoDraw = False
24.2874 	EXP 	suwak_badanie: autoDraw = True
24.2874 	EXP 	lewa_etykieta: autoDraw = True
24.2874 	EXP 	prawa_etykieta: autoDraw = True
24.2874 	EXP 	pytanie: autoDraw = True
25.4740 	DATA 	Mouse: Left button down, pos=(542,148)
25.4855 	EXP 	suwak_badanie: markerPos = np.float64(35.5)
25.5175 	EXP 	suwak_badanie: markerPos = np.float64(35.5)
25.5366 	EXP 	suwak_badanie: markerPos = np.float64(35.5)
25.5523 	EXP 	suwak_badanie: markerPos = np.float64(35.5)
25.5690 	EXP 	suwak_badanie: markerPos = np.float64(35.5)
25.5720 	DATA 	Mouse:  Left button up, pos=(542,148)
25.5848 	EXP 	suwak_badanie: markerPos = np.float64(35.5)
25.6014 	EXP 	label_text: autoDraw = False
25.6014 	EXP 	stim_image: autoDraw = False
25.6014 	EXP 	suwak_badanie: autoDraw = False
25.6014 	EXP 	lewa_etykieta: autoDraw = False
25.6014 	EXP 	prawa_etykieta: autoDraw = False
25.6014 	EXP 	fiksacja2: autoDraw = False
25.6014 	EXP 	pytanie: autoDraw = False
25.6014 	EXP 	text: autoDraw = True
27.6036 	EXP 	New trial (rep=0, index=1): <Trial 1 (1 in rep 0) data={'image_path': 'photos/1K_OZ_8020.png', 'etykieta': 'Poprzedni badani wykryli w tej twarzy oczekiwanie.', 'left_label': 'zaskoczenie', 'right_label': 'oczekiwanie', 'show_label': 4, 'proporcja_zdjecia': '80/20 oczekiwanie', 'typ_etykiety': 'Kategorialna Ludzie', 'warunek': 'Zgodny', 'kierunek': 'Dominacja Prawo oczekiwanie', 'thisN': 1, 'thisTrialN': 1, 'thisRepN': 0}>
27.6786 	EXP 	text: autoDraw = False
27.6786 	EXP 	przerwa_text: autoDraw = False
27.6786 	EXP 	label_text: height = np.float64(0.05)
27.6786 	EXP 	label_text: height = np.float64(0.05)
27.6786 	EXP 	label_text: height = np.float64(0.05)
27.6786 	EXP 	label_text: text = 'Poprzedni badani wykryli w tej twarzy oczekiwanie.'
27.6786 	EXP 	label_text: height = np.float64(0.05)
27.6786 	EXP 	label_text: height = np.float64(0.05)
27.6786 	EXP 	label_text: height = np.float64(0.05)
27.6786 	EXP 	label_text: text = 'Poprzedni badani wykryli w tej twarzy oczekiwanie.'
27.6786 	EXP 	stim_image: image = 'photos/1K_OZ_8020.png'
27.6786 	EXP 	suwak_badanie: markerPos = None
27.6786 	EXP 	suwak_badanie: markerPos = 0
27.6786 	EXP 	lewa_etykieta: height = np.float64(0.085)
27.6786 	EXP 	lewa_etykieta: height = np.float64(0.085)
27.6786 	EXP 	lewa_etykieta: height = np.float64(0.085)
27.6786 	EXP 	lewa_etykieta: text = 'zaskoczenie'
27.6786 	EXP 	prawa_etykieta: height = np.float64(0.085)
27.6786 	EXP 	prawa_etykieta: height = np.float64(0.085)
27.6786 	EXP 	prawa_etykieta: height = np.float64(0.085)
27.6786 	EXP 	prawa_etykieta: text = 'oczekiwanie'
27.6786 	EXP 	label_text: autoDraw = True
31.6851 	EXP 	label_text: autoDraw = False
31.8172 	EXP 	fiksacja2: autoDraw = True
32.5661 	EXP 	fiksacja2: autoDraw = False
32.7661 	EXP 	stim_image: autoDraw = True
34.0791 	EXP 	stim_image: autoDraw = False
34.2613 	EXP 	suwak_badanie: autoDraw = True
34.2613 	EXP 	lewa_etykieta: autoDraw = True
34.2613 	EXP 	prawa_etykieta: autoDraw = True
34.2613 	EXP 	pytanie: autoDraw = True
35.5140 	DATA 	Mouse: Left button down, pos=(566,145)
35.5249 	EXP 	suwak_badanie: markerPos = np.float64(41.5)
35.5412 	EXP 	suwak_badanie: markerPos = np.float64(41.5)
35.5579 	EXP 	suwak_badanie: markerPos = np.float64(41.5)
35.5737 	EXP 	suwak_badanie: markerPos = np.float64(41.5)
35.5905 	EXP 	suwak_badanie: markerPos = np.float64(41.5)
35.6074 	EXP 	suwak_badanie: markerPos = np.float64(41.5)
35.6104 	DATA 	Mouse:  Left button up, pos=(566,145)
35.6247 	EXP 	suwak_badanie: markerPos = np.float64(41.5)
35.6407 	EXP 	label_text: autoDraw = False
35.6407 	EXP 	stim_image: autoDraw = False
35.6407 	EXP 	suwak_badanie: autoDraw = False
35.6407 	EXP 	lewa_etykieta: autoDraw = False
35.6407 	EXP 	prawa_etykieta: autoDraw = False
35.6407 	EXP 	fiksacja2: autoDraw = False
35.6407 	EXP 	pytanie: autoDraw = False
35.6407 	EXP 	text: autoDraw = True
37.6419 	EXP 	New trial (rep=0, index=2): <Trial 2 (2 in rep 0) data={'image_path': 'photos/1K_RS_5050.png', 'etykieta': 'test', 'left_label': 'radość', 'right_label': 'smutek', 'show_label': 0, 'proporcja_zdjecia': '50/50', 'typ_etykiety': 'Kontrolna', 'warunek': 'kontrolny', 'kierunek': 'Brak', 'thisN': 2, 'thisTrialN': 2, 'thisRepN': 0}>
37.7353 	EXP 	text: autoDraw = False
37.7353 	EXP 	przerwa_text: autoDraw = False
37.7353 	EXP 	label_text: height = np.float64(0.05)
37.7353 	EXP 	label_text: height = np.float64(0.05)
37.7353 	EXP 	label_text: height = np.float64(0.05)
37.7353 	EXP 	label_text: text = ''
37.7353 	EXP 	label_text: height = np.float64(0.05)
37.7353 	EXP 	label_text: height = np.float64(0.05)
37.7353 	EXP 	label_text: height = np.float64(0.05)
37.7353 	EXP 	label_text: height = np.float64(0.05)
37.7353 	EXP 	label_text: height = np.float64(0.05)
37.7353 	EXP 	label_text: height = np.float64(0.05)
37.7353 	EXP 	label_text: text = 'test'
37.7353 	EXP 	stim_image: image = 'photos/1K_RS_5050.png'
37.7353 	EXP 	suwak_badanie: markerPos = None
37.7353 	EXP 	suwak_badanie: markerPos = 0
37.7353 	EXP 	lewa_etykieta: height = np.float64(0.085)
37.7353 	EXP 	lewa_etykieta: height = np.float64(0.085)
37.7353 	EXP 	lewa_etykieta: height = np.float64(0.085)
37.7353 	EXP 	lewa_etykieta: text = 'radość'
37.7353 	EXP 	prawa_etykieta: height = np.float64(0.085)
37.7353 	EXP 	prawa_etykieta: height = np.float64(0.085)
37.7353 	EXP 	prawa_etykieta: height = np.float64(0.085)
37.7353 	EXP 	prawa_etykieta: text = 'smutek'
37.7353 	EXP 	label_text: autoDraw = True
37.7353 	EXP 	label_text: autoDraw = False
37.8515 	EXP 	fiksacja2: autoDraw = True
38.6159 	EXP 	fiksacja2: autoDraw = False
38.7995 	EXP 	stim_image: autoDraw = True
40.1121 	EXP 	stim_image: autoDraw = False
40.2950 	EXP 	suwak_badanie: autoDraw = True
40.2950 	EXP 	lewa_etykieta: autoDraw = True
40.2950 	EXP 	prawa_etykieta: autoDraw = True
40.2950 	EXP 	pytanie: autoDraw = True
41.5012 	DATA 	Mouse: Left button down, pos=(559,149)
41.5243 	EXP 	suwak_badanie: markerPos = np.float64(39.75)
41.5413 	EXP 	suwak_badanie: markerPos = np.float64(39.75)
41.5584 	EXP 	suwak_badanie: markerPos = np.float64(39.75)
41.5750 	EXP 	suwak_badanie: markerPos = np.float64(39.75)
41.5827 	DATA 	Mouse:  Left button up, pos=(559,149)
41.5917 	EXP 	suwak_badanie: markerPos = np.float64(39.75)
41.6079 	EXP 	suwak_badanie: markerPos = np.float64(39.75)
41.6246 	EXP 	label_text: autoDraw = False
41.6246 	EXP 	stim_image: autoDraw = False
41.6246 	EXP 	suwak_badanie: autoDraw = False
41.6246 	EXP 	lewa_etykieta: autoDraw = False
41.6246 	EXP 	prawa_etykieta: autoDraw = False
41.6246 	EXP 	fiksacja2: autoDraw = False
41.6246 	EXP 	pytanie: autoDraw = False
41.6246 	EXP 	text: autoDraw = True
43.6258 	EXP 	New trial (rep=0, index=3): <Trial 3 (3 in rep 0) data={'image_path': 'photos/1K_ZW_8020.png', 'etykieta': 'Poprzedni badani wykryli w tej twarzy 20% zaufania.', 'left_label': 'zaufanie', 'right_label': 'wstręt', 'show_label': 4, 'proporcja_zdjecia': '80/20 zaufania', 'typ_etykiety': 'Procentowa Ludzie', 'warunek': 'Niezgodny', 'kierunek': 'Dominacja Lewo zaufanie', 'thisN': 3, 'thisTrialN': 3, 'thisRepN': 0}>
43.7018 	EXP 	text: autoDraw = False
43.7018 	EXP 	przerwa_text: autoDraw = False
43.7018 	EXP 	label_text: height = np.float64(0.05)
43.7018 	EXP 	label_text: height = np.float64(0.05)
43.7018 	EXP 	label_text: height = np.float64(0.05)
43.7018 	EXP 	label_text: text = 'Poprzedni badani wykryli w tej twarzy 20% zaufania.'
43.7018 	EXP 	label_text: height = np.float64(0.05)
43.7018 	EXP 	label_text: height = np.float64(0.05)
43.7018 	EXP 	label_text: height = np.float64(0.05)
43.7018 	EXP 	label_text: text = 'Poprzedni badani wykryli w tej twarzy 20% zaufania.'
43.7018 	EXP 	stim_image: image = 'photos/1K_ZW_8020.png'
43.7018 	EXP 	suwak_badanie: markerPos = None
43.7018 	EXP 	suwak_badanie: markerPos = 0
43.7018 	EXP 	lewa_etykieta: height = np.float64(0.085)
43.7018 	EXP 	lewa_etykieta: height = np.float64(0.085)
43.7018 	EXP 	lewa_etykieta: height = np.float64(0.085)
43.7018 	EXP 	lewa_etykieta: text = 'zaufanie'
43.7018 	EXP 	prawa_etykieta: height = np.float64(0.085)
43.7018 	EXP 	prawa_etykieta: height = np.float64(0.085)
43.7018 	EXP 	prawa_etykieta: height = np.float64(0.085)
43.7018 	EXP 	prawa_etykieta: text = 'wstręt'
43.7018 	EXP 	label_text: autoDraw = True
47.7082 	EXP 	label_text: autoDraw = False
47.8242 	EXP 	fiksacja2: autoDraw = True
48.5892 	EXP 	fiksacja2: autoDraw = False
48.7886 	EXP 	stim_image: autoDraw = True
50.1014 	EXP 	stim_image: autoDraw = False
50.2844 	EXP 	suwak_badanie: autoDraw = True
50.2844 	EXP 	lewa_etykieta: autoDraw = True
50.2844 	EXP 	prawa_etykieta: autoDraw = True
50.2844 	EXP 	pytanie: autoDraw = True
51.7528 	DATA 	Mouse: Left button down, pos=(549,150)
51.7639 	EXP 	suwak_badanie: markerPos = np.float64(37.25)
51.7803 	EXP 	suwak_badanie: markerPos = np.float64(37.25)
51.7971 	EXP 	suwak_badanie: markerPos = np.float64(37.25)
51.8138 	EXP 	suwak_badanie: markerPos = np.float64(37.25)
51.8299 	EXP 	suwak_badanie: markerPos = np.float64(37.25)
51.8467 	EXP 	suwak_badanie: markerPos = np.float64(37.25)
51.8501 	DATA 	Mouse:  Left button up, pos=(549,150)
51.8631 	EXP 	suwak_badanie: markerPos = np.float64(37.25)
51.8795 	EXP 	label_text: autoDraw = False
51.8795 	EXP 	stim_image: autoDraw = False
51.8795 	EXP 	suwak_badanie: autoDraw = False
51.8795 	EXP 	lewa_etykieta: autoDraw = False
51.8795 	EXP 	prawa_etykieta: autoDraw = False
51.8795 	EXP 	fiksacja2: autoDraw = False
51.8795 	EXP 	pytanie: autoDraw = False
51.8795 	EXP 	text: autoDraw = True
53.8806 	EXP 	New trial (rep=0, index=4): <Trial 4 (4 in rep 0) data={'image_path': 'photos/1K_ZO_5050.png', 'etykieta': 'Poprzedni badani wykryli w tej twarzy 75% oczekiwania.', 'left_label': 'zaskoczenie', 'right_label': 'oczekiwanie', 'show_label': 4, 'proporcja_zdjecia': '50/50 ', 'typ_etykiety': 'Procentowa Ludzie', 'warunek': 'n/d', 'kierunek': 'Sugestia Prawo oczekiwanie', 'thisN': 4, 'thisTrialN': 4, 'thisRepN': 0}>
53.9580 	EXP 	text: autoDraw = False
53.9580 	EXP 	przerwa_text: autoDraw = False
53.9580 	EXP 	label_text: height = np.float64(0.05)
53.9580 	EXP 	label_text: height = np.float64(0.05)
53.9580 	EXP 	label_text: height = np.float64(0.05)
53.9580 	EXP 	label_text: text = 'Poprzedni badani wykryli w tej twarzy 75% oczekiwania.'
53.9580 	EXP 	label_text: height = np.float64(0.05)
53.9580 	EXP 	label_text: height = np.float64(0.05)
53.9580 	EXP 	label_text: height = np.float64(0.05)
53.9580 	EXP 	label_text: text = 'Poprzedni badani wykryli w tej twarzy 75% oczekiwania.'
53.9580 	EXP 	stim_image: image = 'photos/1K_ZO_5050.png'
53.9580 	EXP 	suwak_badanie: markerPos = None
53.9580 	EXP 	suwak_badanie: markerPos = 0
53.9580 	EXP 	lewa_etykieta: height = np.float64(0.085)
53.9580 	EXP 	lewa_etykieta: height = np.float64(0.085)
53.9580 	EXP 	lewa_etykieta: height = np.float64(0.085)
53.9580 	EXP 	lewa_etykieta: text = 'zaskoczenie'
53.9580 	EXP 	prawa_etykieta: height = np.float64(0.085)
53.9580 	EXP 	prawa_etykieta: height = np.float64(0.085)
53.9580 	EXP 	prawa_etykieta: height = np.float64(0.085)
53.9580 	EXP 	prawa_etykieta: text = 'oczekiwanie'
53.9580 	EXP 	label_text: autoDraw = True
57.9634 	EXP 	label_text: autoDraw = False
58.0959 	EXP 	fiksacja2: autoDraw = True
58.8609 	EXP 	fiksacja2: autoDraw = False
59.0440 	EXP 	stim_image: autoDraw = True
60.3576 	EXP 	stim_image: autoDraw = False
60.5396 	EXP 	suwak_badanie: autoDraw = True
60.5396 	EXP 	lewa_etykieta: autoDraw = True
60.5396 	EXP 	prawa_etykieta: autoDraw = True
60.5396 	EXP 	pytanie: autoDraw = True
66.4771 	EXP 	Device response: <KeyPress from None: t=66.47206820000429, value=escape, duration=None>
66.4775 	DATA 	Keypress: escape
66.6445 	EXP 	Device response: <KeyPress from None: t=66.47206820000429, value=escape, duration=0.158808600041084>
66.6446 	EXP 	untitled_FINAL_NEWEST: status = STOPPED
66.6562 	EXP 	suwak_badanie: autoDraw = False
66.6562 	EXP 	lewa_etykieta: autoDraw = False
66.6562 	EXP 	prawa_etykieta: autoDraw = False
66.6562 	EXP 	pytanie: autoDraw = False
66.6586 	EXP 	untitled_FINAL_NEWEST: status = STOPPED
66.6677 	INFO 	saved data to 'C:\\Users\\julia\\OneDrive\\Pulpit\\percepcja_psychopy\\data\\pilot_untitled_FINAL_NEWEST_2026-04-27_12h40.21.510.csv'
66.6712 	INFO 	saved data to C:\Users\julia\OneDrive\Pulpit\percepcja_psychopy\data\pilot_untitled_FINAL_NEWEST_2026-04-27_12h40.21.510.psydat
67.2455 	DEBUG 	Saving data for untitled_FINAL_NEWEST ExperimentHandler
67.3131 	WARNING 	Stopping key buffers but this could be dangerous ifother keyboards rely on the same.
