9.5382 	DEBUG 	Fullscreen settings ignored as running in pilot mode.
9.5392 	INFO 	Loaded monitor calibration from ['2026_03_18 20:30']
10.1384 	INFO 	Using renderer 'Intel(R) UHD Graphics' for graphics
10.1384 	INFO 	OpenGL version supported by driver is 4..
11.2475 	EXP 	Created window1 = Window(allowGUI=False, allowStencil=False, autoLog=True, backendConf=UNKNOWN, backgroundFit=<method-wrapper '__getattribute__' of attributeSetter object at 0x000002BB76094BE0>, backgroundImage=<method-wrapper '__getattribute__' of attributeSetter object at 0x000002BB76094CA0>, bitsMode=UNKNOWN, blendMode='avg', bpc=(8, 8, 8), color=array([1., 1., 1.]), colorSpace='rgb', depthBits=8, fullscr=False, gamma=None, gammaErrorPolicy='raise', infoMsg=UNKNOWN, lms=UNKNOWN, monitor=<psychopy.monitors.calibTools.Monitor object at 0x000002BB7766F460>, multiSample=False, name='window1', numSamples=2, pos=[np.float64(560.0), np.float64(240.0)], screen=0, size=array([800, 600]), stencilBits=0, stereo=False, title='PsychoPy', units='height', useFBO=True, useRetina=False, viewOri=0.0, viewPos=None, viewScale=None, waitBlanking=True, winType='pyglet')
11.2476 	EXP 	window1: backgroundImage = ''
11.2476 	EXP 	window1: backgroundFit = 'none'
11.2872 	DEBUG 	TextBox2 loaded 1 chars with 0 blanks and 1 valid
11.3020 	DEBUG 	TextBox2 loaded 1 chars with 0 blanks and 1 valid
11.3163 	DEBUG 	TextBox2 loaded 1 chars with 0 blanks and 1 valid
11.3312 	DEBUG 	TextBox2 loaded 1 chars with 0 blanks and 1 valid
11.3455 	DEBUG 	TextBox2 loaded 1 chars with 0 blanks and 1 valid
11.3598 	DEBUG 	TextBox2 loaded 1 chars with 0 blanks and 1 valid
11.3738 	DEBUG 	TextBox2 loaded 1 chars with 0 blanks and 1 valid
11.3887 	DEBUG 	TextBox2 loaded 1 chars with 0 blanks and 1 valid
11.4030 	DEBUG 	TextBox2 loaded 1 chars with 0 blanks and 1 valid
11.4169 	DEBUG 	TextBox2 loaded 1 chars with 0 blanks and 1 valid
11.4334 	DEBUG 	TextBox2 loaded 1 chars with 0 blanks and 1 valid
11.4489 	DEBUG 	TextBox2 loaded 1 chars with 0 blanks and 1 valid
11.4657 	DEBUG 	TextBox2 loaded 1 chars with 0 blanks and 1 valid
11.4827 	DEBUG 	TextBox2 loaded 1 chars with 0 blanks and 1 valid
11.4982 	DEBUG 	TextBox2 loaded 1 chars with 0 blanks and 1 valid
11.5131 	DEBUG 	TextBox2 loaded 1 chars with 0 blanks and 1 valid
11.5284 	DEBUG 	TextBox2 loaded 1 chars with 0 blanks and 1 valid
11.5423 	DEBUG 	TextBox2 loaded 1 chars with 0 blanks and 1 valid
11.5559 	DEBUG 	TextBox2 loaded 1 chars with 0 blanks and 1 valid
11.5700 	DEBUG 	TextBox2 loaded 1 chars with 0 blanks and 1 valid
11.5841 	DEBUG 	TextBox2 loaded 1 chars with 0 blanks and 1 valid
11.5848 	DEBUG 	Uploading Texture Font fontname to graphics card
11.5951 	DEBUG 	Upload of Texture Font fontname complete
11.6305 	DEBUG 	TextBox2 loaded 1 chars with 0 blanks and 1 valid
11.6452 	DEBUG 	TextBox2 loaded 1 chars with 0 blanks and 1 valid
11.6598 	DEBUG 	TextBox2 loaded 1 chars with 0 blanks and 1 valid
11.6601 	DEBUG 	Uploading Texture Font fontname to graphics card
11.6759 	DEBUG 	Upload of Texture Font fontname complete
11.6792 	EXP 	window1: Attempting to measure frame rate of screen (0) ...
11.6793 	EXP 	window1: recordFrameIntervals = False
11.8746 	EXP 	window1: recordFrameIntervals = True
13.0930 	WARNING 	t of last frame was 20.52ms (=1/48)
13.5366 	EXP 	window1: recordFrameIntervals = False
13.5366 	EXP 	Screen (0) actual frame rate measured at 60.32Hz
13.5793 	DEBUG 	TextBox2 loaded 1 chars with 0 blanks and 1 valid
13.5988 	DEBUG 	TextBox2 loaded 1 chars with 0 blanks and 1 valid
13.6182 	DEBUG 	TextBox2 loaded 1 chars with 0 blanks and 1 valid
13.6347 	DEBUG 	TextBox2 loaded 1 chars with 0 blanks and 1 valid
13.6504 	DEBUG 	TextBox2 loaded 1 chars with 0 blanks and 1 valid
13.6662 	DEBUG 	TextBox2 loaded 1 chars with 0 blanks and 1 valid
13.6812 	DEBUG 	TextBox2 loaded 1 chars with 0 blanks and 1 valid
13.6967 	DEBUG 	TextBox2 loaded 1 chars with 0 blanks and 1 valid
13.7124 	DEBUG 	TextBox2 loaded 1 chars with 0 blanks and 1 valid
13.7280 	DEBUG 	TextBox2 loaded 1 chars with 0 blanks and 1 valid
13.7285 	DEBUG 	Uploading Texture Font fontname to graphics card
13.7291 	DEBUG 	Upload of Texture Font fontname complete
13.9393 	INFO 	keyboard.Keyboard is using ptb backend.
13.9394 	EXP 	untitled_FINAL_NEWEST: status = STARTED
13.9775 	EXP 	Created label_text = TextStim(__class__=<class 'psychopy.visual.text.TextStim'>, alignHoriz=method-wrapper(...), alignText='center', alignVert=method-wrapper(...), anchorHoriz='center', anchorVert='center', antialias=True, autoDraw=False, autoLog=True, bold=False, color=array([1., 1., 1.]), colorSpace='rgb', contrast=1.0, depth=-2.0, draggable=False, flipHoriz=False, flipVert=False, font='Arial', fontFiles=[], height=0.05, italic=False, languageStyle='LTR', name='label_text', opacity=1, ori=0.0, pos=array([0., 0.]), rgb=UNKNOWN, text='', units='height', win=Window(...), wrapWidth=1)
14.0266 	EXP 	Created stim_image = ImageStim(__class__=<class 'psychopy.visual.image.ImageStim'>, anchor=('center', 'center'), autoLog=True, color=array([1., 1., 1.]), colorSpace='rgb', contrast=1.0, depth=-3.0, draggable=False, flipHoriz=np.False_, flipVert=np.False_, image='default.png', interpolate=True, mask=None, maskParams=None, name='stim_image', opacity=1, ori=0.0, pos=array([0., 0.]), size=array([1., 1.]), texRes=128.0, units='height', win=Window(...))
14.0637 	EXP 	Created suwak_badanie = Slider(__class__=<class 'psychopy.visual.slider.Slider'>, autoDraw=False, autoLog=True, borderColor=None, color=None, colorSpace='rgb', depth=-4, fillColor=None, flip=False, font='Noto Sans', granularity=0.0, labelColor=None, labelHeight=np.float64(0.05), labelWrapWidth=None, labels=None, lineColor=None, markerColor=None, name='suwak_badanie', opacity=None, ori=0.0, pos=array([ 0. , -0.5]), readOnly=False, self=UNKNOWN, size=array([1. , 0.1]), startValue=0, style='slider', styleTweaks=[], ticks=ndarray(...), units='norm', win=Window(...))
14.0664 	EXP 	Created lewa_etykieta = TextStim(__class__=<class 'psychopy.visual.text.TextStim'>, alignHoriz=method-wrapper(...), alignText='center', alignVert=method-wrapper(...), anchorHoriz='center', anchorVert='center', antialias=True, autoDraw=False, autoLog=True, bold=False, color=array([1., 1., 1.]), colorSpace='rgb', contrast=1.0, depth=-5.0, draggable=False, flipHoriz=False, flipVert=False, font='Arial', fontFiles=[], height=0.05, italic=False, languageStyle='LTR', name='lewa_etykieta', opacity=1, ori=0.0, pos=array([-0.55, -0.05]), rgb=UNKNOWN, text='', units='height', win=Window(...), wrapWidth=1)
14.0678 	EXP 	Created prawa_etykieta = TextStim(__class__=<class 'psychopy.visual.text.TextStim'>, alignHoriz=method-wrapper(...), alignText='center', alignVert=method-wrapper(...), anchorHoriz='center', anchorVert='center', antialias=True, autoDraw=False, autoLog=True, bold=False, color=array([1., 1., 1.]), colorSpace='rgb', contrast=1.0, depth=-6.0, draggable=False, flipHoriz=False, flipVert=False, font='Arial', fontFiles=[], height=0.05, italic=False, languageStyle='LTR', name='prawa_etykieta', opacity=1, ori=0.0, pos=array([ 0.55, -0.05]), rgb=UNKNOWN, text='', units='height', win=Window(...), wrapWidth=1)
14.1568 	EXP 	Created fiksacja1 = TextStim(__class__=<class 'psychopy.visual.text.TextStim'>, alignHoriz=method-wrapper(...), alignText='center', alignVert=method-wrapper(...), anchorHoriz='center', anchorVert='center', antialias=True, autoDraw=False, autoLog=True, bold=False, color=array([1., 1., 1.]), colorSpace='rgb', contrast=1.0, depth=-7.0, draggable=False, flipHoriz=False, flipVert=False, font='Arial', fontFiles=[], height=np.float64(0.1), italic=False, languageStyle='LTR', name='fiksacja1', opacity=1, ori=0.0, pos=array([0., 0.]), rgb=UNKNOWN, text='+', units='height', win=Window(...), wrapWidth=1)
14.1591 	EXP 	Created fiksacja2 = TextStim(__class__=<class 'psychopy.visual.text.TextStim'>, alignHoriz=method-wrapper(...), alignText='center', alignVert=method-wrapper(...), anchorHoriz='center', anchorVert='center', antialias=True, autoDraw=False, autoLog=True, bold=False, color=array([1., 1., 1.]), colorSpace='rgb', contrast=1.0, depth=-8.0, draggable=False, flipHoriz=False, flipVert=False, font='Arial', fontFiles=[], height=np.float64(0.1), italic=False, languageStyle='LTR', name='fiksacja2', opacity=1, ori=0.0, pos=array([0., 0.]), rgb=UNKNOWN, text='+', units='height', win=Window(...), wrapWidth=1)
14.1807 	EXP 	Created pytanie = TextStim(__class__=<class 'psychopy.visual.text.TextStim'>, alignHoriz=method-wrapper(...), alignText='center', alignVert=method-wrapper(...), anchorHoriz='center', anchorVert='center', antialias=True, autoDraw=False, autoLog=True, bold=False, color=array([1., 1., 1.]), colorSpace='rgb', contrast=1.0, depth=-9.0, draggable=False, flipHoriz=False, flipVert=False, font='Arial', fontFiles=[], height=np.float64(0.04), italic=False, languageStyle='LTR', name='pytanie', opacity=1, ori=0.0, pos=array([0.  , 0.25]), rgb=UNKNOWN, text='Jaką emocję przedstawiała twarz?', units='height', win=Window(...), wrapWidth=1)
0.0204 	EXP 	suwak_badanie: autoLog = True
0.0204 	EXP 	suwak_badanie: styleTweaks = []
0.0204 	EXP 	suwak_badanie: styleTweaks = []
0.0204 	EXP 	suwak_badanie: styleTweaks = []
0.0204 	EXP 	suwak_badanie: styleTweaks = []
0.0204 	EXP 	suwak_badanie: contrast = 1.0
0.0204 	EXP 	suwak_badanie: markerPos = 0
0.0204 	EXP 	suwak_badanie: autoLog = True
0.0376 	DEBUG 	Read excel file with openpyxl: conditions.xlsx
0.0418 	EXP 	Imported conditions.xlsx as conditions, 32 conditions, 9 params
0.0424 	EXP 	New trial (rep=0, index=0): <Trial 0 (0 in rep 0) data={'image_path': 'C:\\Users\\julia\\OneDrive\\Pulpit\\percepcja_psychopy\\photos\\Twarze 50,50\\SZ 50,50\\1K SZ 5050.png', 'etykieta': 'Model sztucznej inteligencji wykrył w tej twarzy 72% strachu .', 'left_label': 'strach', 'right_label': 'złość', 'show_label': 1, 'proporcja_zdjecia': '50/50', 'typ_etykiety': 'Procentowa AI', 'warunek': 'n/d', 'kierunek': 'Sugestia Lewo strach', 'thisN': 0, 'thisTrialN': 0, 'thisRepN': 0}>
0.1526 	EXP 	label_text: height = np.float64(0.05)
0.1526 	EXP 	label_text: height = np.float64(0.05)
0.1526 	EXP 	label_text: height = np.float64(0.05)
0.1526 	EXP 	label_text: text = 'Model sztucznej inteligencji wykrył w tej twarzy 72% strachu .'
0.1526 	EXP 	stim_image: image = 'C:\\Users\\julia\\OneDrive\\Pulpit\\percepcja_psychopy\\photos\\Twarze 50,50\\SZ 50,50\\1K SZ 5050.png'
0.1526 	EXP 	suwak_badanie: markerPos = None
0.1526 	EXP 	suwak_badanie: markerPos = 0
0.1526 	EXP 	lewa_etykieta: height = np.float64(0.05)
0.1526 	EXP 	lewa_etykieta: height = np.float64(0.05)
0.1526 	EXP 	lewa_etykieta: height = np.float64(0.05)
0.1526 	EXP 	lewa_etykieta: text = 'strach'
0.1526 	EXP 	prawa_etykieta: height = np.float64(0.05)
0.1526 	EXP 	prawa_etykieta: height = np.float64(0.05)
0.1526 	EXP 	prawa_etykieta: height = np.float64(0.05)
0.1526 	EXP 	prawa_etykieta: text = 'złość'
0.1526 	EXP 	fiksacja1: autoDraw = True
1.1012 	EXP 	label_text: autoDraw = True
1.1680 	EXP 	fiksacja1: autoDraw = False
3.6109 	EXP 	label_text: autoDraw = False
3.6109 	EXP 	fiksacja2: autoDraw = True
4.6100 	EXP 	stim_image: autoDraw = True
4.6342 	EXP 	fiksacja2: autoDraw = False
5.5221 	EXP 	suwak_badanie: autoDraw = True
5.5221 	EXP 	lewa_etykieta: autoDraw = True
5.5221 	EXP 	prawa_etykieta: autoDraw = True
5.5221 	EXP 	pytanie: autoDraw = True
5.5390 	EXP 	stim_image: autoDraw = False
8.0997 	EXP 	Device response: <KeyPress from None: t=8.08077569998568, value=escape, duration=None>
8.1000 	DATA 	Keypress: escape
8.2171 	EXP 	Device response: <KeyPress from None: t=8.08077569998568, value=escape, duration=0.12428609997732565>
8.2172 	EXP 	untitled_FINAL_NEWEST: status = STOPPED
8.2318 	EXP 	suwak_badanie: autoDraw = False
8.2318 	EXP 	lewa_etykieta: autoDraw = False
8.2318 	EXP 	prawa_etykieta: autoDraw = False
8.2318 	EXP 	pytanie: autoDraw = False
8.2344 	EXP 	untitled_FINAL_NEWEST: status = STOPPED
8.2378 	INFO 	saved data to 'C:\\Users\\julia\\OneDrive\\Pulpit\\percepcja_psychopy\\data\\pilot_untitled_FINAL_NEWEST_2026-04-24_16h19.44.934.csv'
8.2400 	INFO 	saved data to C:\Users\julia\OneDrive\Pulpit\percepcja_psychopy\data\pilot_untitled_FINAL_NEWEST_2026-04-24_16h19.44.934.psydat
8.9249 	DEBUG 	Saving data for untitled_FINAL_NEWEST ExperimentHandler
8.9979 	WARNING 	Stopping key buffers but this could be dangerous ifother keyboards rely on the same.
