8.9845 	DEBUG 	Fullscreen settings ignored as running in pilot mode.
8.9855 	INFO 	Loaded monitor calibration from ['2026_03_18 20:30']
9.5554 	INFO 	Using renderer 'Intel(R) UHD Graphics' for graphics
9.5554 	INFO 	OpenGL version supported by driver is 4..
10.7578 	EXP 	Created window1 = Window(allowGUI=False, allowStencil=True, autoLog=True, backendConf=UNKNOWN, backgroundFit=<method-wrapper '__getattribute__' of attributeSetter object at 0x00000239367C3E50>, backgroundImage=<method-wrapper '__getattribute__' of attributeSetter object at 0x00000239367C0A00>, bitsMode=UNKNOWN, blendMode='avg', bpc=(8, 8, 8), color=array([0.6549, 0.6549, 0.6549]), colorSpace='rgb', depthBits=8, fullscr=False, gamma=None, gammaErrorPolicy='raise', infoMsg=UNKNOWN, lms=UNKNOWN, monitor=<psychopy.monitors.calibTools.Monitor object at 0x000002392EA9FBB0>, multiSample=False, name='window1', numSamples=2, pos=[np.float64(560.0), np.float64(240.0)], screen=0, size=array([800, 600]), stencilBits=8, stereo=False, title='PsychoPy', units='height', useFBO=True, useRetina=False, viewOri=0.0, viewPos=None, viewScale=None, waitBlanking=True, winType='pyglet')
10.7580 	EXP 	window1: backgroundImage = ''
10.7580 	EXP 	window1: backgroundFit = 'none'
10.8018 	DEBUG 	TextBox2 loaded 1 chars with 0 blanks and 1 valid
10.8193 	DEBUG 	TextBox2 loaded 1 chars with 0 blanks and 1 valid
10.8367 	DEBUG 	TextBox2 loaded 1 chars with 0 blanks and 1 valid
10.8544 	DEBUG 	TextBox2 loaded 1 chars with 0 blanks and 1 valid
10.8728 	DEBUG 	TextBox2 loaded 1 chars with 0 blanks and 1 valid
10.8921 	DEBUG 	TextBox2 loaded 1 chars with 0 blanks and 1 valid
10.9104 	DEBUG 	TextBox2 loaded 1 chars with 0 blanks and 1 valid
10.9282 	DEBUG 	TextBox2 loaded 1 chars with 0 blanks and 1 valid
10.9464 	DEBUG 	TextBox2 loaded 1 chars with 0 blanks and 1 valid
10.9630 	DEBUG 	TextBox2 loaded 1 chars with 0 blanks and 1 valid
10.9802 	DEBUG 	TextBox2 loaded 1 chars with 0 blanks and 1 valid
10.9980 	DEBUG 	TextBox2 loaded 1 chars with 0 blanks and 1 valid
11.0155 	DEBUG 	TextBox2 loaded 1 chars with 0 blanks and 1 valid
11.0330 	DEBUG 	TextBox2 loaded 1 chars with 0 blanks and 1 valid
11.0528 	DEBUG 	TextBox2 loaded 1 chars with 0 blanks and 1 valid
11.0740 	DEBUG 	TextBox2 loaded 1 chars with 0 blanks and 1 valid
11.0926 	DEBUG 	TextBox2 loaded 1 chars with 0 blanks and 1 valid
11.1107 	DEBUG 	TextBox2 loaded 1 chars with 0 blanks and 1 valid
11.1291 	DEBUG 	TextBox2 loaded 1 chars with 0 blanks and 1 valid
11.1462 	DEBUG 	TextBox2 loaded 1 chars with 0 blanks and 1 valid
11.1642 	DEBUG 	TextBox2 loaded 1 chars with 0 blanks and 1 valid
11.1818 	DEBUG 	TextBox2 loaded 1 chars with 0 blanks and 1 valid
11.2009 	DEBUG 	TextBox2 loaded 1 chars with 0 blanks and 1 valid
11.2194 	DEBUG 	TextBox2 loaded 1 chars with 0 blanks and 1 valid
11.2351 	DEBUG 	TextBox2 loaded 1 chars with 0 blanks and 1 valid
11.2511 	DEBUG 	TextBox2 loaded 1 chars with 0 blanks and 1 valid
11.2691 	DEBUG 	TextBox2 loaded 1 chars with 0 blanks and 1 valid
11.2863 	DEBUG 	TextBox2 loaded 1 chars with 0 blanks and 1 valid
11.2868 	DEBUG 	Uploading Texture Font fontname to graphics card
11.2991 	DEBUG 	Upload of Texture Font fontname complete
11.3429 	DEBUG 	TextBox2 loaded 1 chars with 0 blanks and 1 valid
11.3627 	DEBUG 	TextBox2 loaded 1 chars with 0 blanks and 1 valid
11.3632 	DEBUG 	Uploading Texture Font fontname to graphics card
11.3827 	DEBUG 	Upload of Texture Font fontname complete
11.5264 	INFO 	keyboard.Keyboard is using ptb backend.
11.5265 	EXP 	untitled_FINAL_NEWEST: status = STARTED
11.6753 	EXP 	Created text_instr = TextStim(__class__=<class 'psychopy.visual.text.TextStim'>, alignHoriz=method-wrapper(...), alignText='center', alignVert=method-wrapper(...), anchorHoriz='center', anchorVert='center', antialias=True, autoDraw=False, autoLog=True, bold=False, color=array([-1., -1., -1.]), colorSpace='rgb', contrast=1.0, depth=-2.0, draggable=False, flipHoriz=False, flipVert=False, font='Arial', fontFiles=[], height=np.float64(0.03), italic=False, languageStyle='LTR', name='text_instr', opacity=1, ori=0.0, pos=array([0., 0.]), rgb=UNKNOWN, text=str(...), units='height', win=Window(...), wrapWidth=1.5)
11.7033 	EXP 	Created suwak_info = TextStim(__class__=<class 'psychopy.visual.text.TextStim'>, alignHoriz=method-wrapper(...), alignText='center', alignVert=method-wrapper(...), anchorHoriz='center', anchorVert='center', antialias=True, autoDraw=False, autoLog=True, bold=False, color=array([-1., -1., -1.]), colorSpace='rgb', contrast=1.0, depth=-1.0, draggable=False, flipHoriz=False, flipVert=False, font='Arial', fontFiles=[], height=np.float64(0.03), italic=False, languageStyle='LTR', name='suwak_info', opacity=1, ori=0.0, pos=array([0., 0.]), rgb=UNKNOWN, text=str(...), units='height', win=Window(...), wrapWidth=1.3)
11.7378 	EXP 	Created proba_testowa = TextStim(__class__=<class 'psychopy.visual.text.TextStim'>, alignHoriz=method-wrapper(...), alignText='center', alignVert=method-wrapper(...), anchorHoriz='center', anchorVert='center', antialias=True, autoDraw=False, autoLog=True, bold=False, color=array([-1., -1., -1.]), colorSpace='rgb', contrast=1.0, depth=-2.0, draggable=False, flipHoriz=False, flipVert=False, font='Arial', fontFiles=[], height=np.float64(0.04), italic=False, languageStyle='LTR', name='proba_testowa', opacity=1, ori=0.0, pos=array([0., 0.]), rgb=UNKNOWN, text=str(...), units='height', win=Window(...), wrapWidth=1.4)
11.7391 	EXP 	Created pilot_label_text = TextStim(__class__=<class 'psychopy.visual.text.TextStim'>, alignHoriz=method-wrapper(...), alignText='center', alignVert=method-wrapper(...), anchorHoriz='center', anchorVert='center', antialias=True, autoDraw=False, autoLog=True, bold=False, color=array([-1., -1., -1.]), colorSpace='rgb', contrast=1.0, depth=-1.0, draggable=False, flipHoriz=False, flipVert=False, font='Arial', fontFiles=[], height=0.05, italic=False, languageStyle='LTR', name='pilot_label_text', opacity=1, ori=0.0, pos=array([0., 0.]), rgb=UNKNOWN, text='', units='height', win=Window(...), wrapWidth=1.3)
11.7474 	EXP 	Created pilot_fiksacja1 = TextStim(__class__=<class 'psychopy.visual.text.TextStim'>, alignHoriz=method-wrapper(...), alignText='center', alignVert=method-wrapper(...), anchorHoriz='center', anchorVert='center', antialias=True, autoDraw=False, autoLog=True, bold=False, color=array([-1., -1., -1.]), colorSpace='rgb', contrast=1.0, depth=-2.0, draggable=False, flipHoriz=False, flipVert=False, font='Arial', fontFiles=[], height=np.float64(0.12), italic=False, languageStyle='LTR', name='pilot_fiksacja1', opacity=1, ori=0.0, pos=array([0., 0.]), rgb=UNKNOWN, text='+', units='height', win=Window(...), wrapWidth=1)
11.7776 	EXP 	Created pilot_suwak = Slider(__class__=<class 'psychopy.visual.slider.Slider'>, autoDraw=False, autoLog=True, borderColor=None, color=None, colorSpace='rgb', depth=-3, fillColor=None, flip=False, font='Noto Sans', granularity=0.0, labelColor=None, labelHeight=np.float64(0.05), labelWrapWidth=None, labels=None, lineColor=None, markerColor=None, name='pilot_suwak', opacity=None, ori=0.0, pos=array([ 0. , -0.5]), readOnly=False, self=UNKNOWN, size=array([1. , 0.1]), startValue=0, style='slider', styleTweaks=[], ticks=ndarray(...), units='norm', win=Window(...))
11.7819 	EXP 	Created pilot_fiksacja2 = TextStim(__class__=<class 'psychopy.visual.text.TextStim'>, alignHoriz=method-wrapper(...), alignText='center', alignVert=method-wrapper(...), anchorHoriz='center', anchorVert='center', antialias=True, autoDraw=False, autoLog=True, bold=False, color=array([-1., -1., -1.]), colorSpace='rgb', contrast=1.0, depth=-4.0, draggable=False, flipHoriz=False, flipVert=False, font='Arial', fontFiles=[], height=np.float64(0.1), italic=False, languageStyle='LTR', name='pilot_fiksacja2', opacity=1, ori=0.0, pos=array([0., 0.]), rgb=UNKNOWN, text='+', units='height', win=Window(...), wrapWidth=1)
11.7967 	EXP 	Created pilot_pytanie = TextStim(__class__=<class 'psychopy.visual.text.TextStim'>, alignHoriz=method-wrapper(...), alignText='center', alignVert=method-wrapper(...), anchorHoriz='center', anchorVert='center', antialias=True, autoDraw=False, autoLog=True, bold=False, color=array([-1., -1., -1.]), colorSpace='rgb', contrast=1.0, depth=-5.0, draggable=False, flipHoriz=False, flipVert=False, font='Arial', fontFiles=[], height=np.float64(0.1), italic=False, languageStyle='LTR', name='pilot_pytanie', opacity=1, ori=0.0, pos=array([0., 0.]), rgb=UNKNOWN, text='Jaką emocję wyrażała ta twarz?', units='norm', win=Window(...), wrapWidth=1)
11.7975 	EXP 	Created pilot_lewa_etykieta = TextStim(__class__=<class 'psychopy.visual.text.TextStim'>, alignHoriz=method-wrapper(...), alignText='center', alignVert=method-wrapper(...), anchorHoriz='center', anchorVert='center', antialias=True, autoDraw=False, autoLog=True, bold=False, color=array([-1., -1., -1.]), colorSpace='rgb', contrast=1.0, depth=-6.0, draggable=False, flipHoriz=False, flipVert=False, font='Arial', fontFiles=[], height=0.085, italic=False, languageStyle='LTR', name='pilot_lewa_etykieta', opacity=1, ori=0.0, pos=array([-0.6, -0.5]), rgb=UNKNOWN, text='', units='norm', win=Window(...), wrapWidth=1)
11.7985 	EXP 	Created pilot_prawa_etykieta = TextStim(__class__=<class 'psychopy.visual.text.TextStim'>, alignHoriz=method-wrapper(...), alignText='center', alignVert=method-wrapper(...), anchorHoriz='center', anchorVert='center', antialias=True, autoDraw=False, autoLog=True, bold=False, color=array([-1., -1., -1.]), colorSpace='rgb', contrast=1.0, depth=-7.0, draggable=False, flipHoriz=False, flipVert=False, font='Arial', fontFiles=[], height=0.085, italic=False, languageStyle='LTR', name='pilot_prawa_etykieta', opacity=1, ori=0.0, pos=array([ 0.6, -0.5]), rgb=UNKNOWN, text='', units='norm', win=Window(...), wrapWidth=1)
11.9088 	EXP 	Created pilot_stim_image = ImageStim(__class__=<class 'psychopy.visual.image.ImageStim'>, anchor=('center', 'center'), autoLog=True, color=array([1., 1., 1.]), colorSpace='rgb', contrast=1.0, depth=-8.0, draggable=False, flipHoriz=np.False_, flipVert=np.False_, image='C:/Users/julia/OneDrive/Obrazy/IMG_2397.JPEG', interpolate=True, mask=None, maskParams=None, name='pilot_stim_image', opacity=1, ori=0.0, pos=array([0., 0.]), size=array([0.75, 0.75]), texRes=128.0, units='height', win=Window(...))
11.9387 	EXP 	Created start_badania = TextStim(__class__=<class 'psychopy.visual.text.TextStim'>, alignHoriz=method-wrapper(...), alignText='center', alignVert=method-wrapper(...), anchorHoriz='center', anchorVert='center', antialias=True, autoDraw=False, autoLog=True, bold=False, color=array([-1., -1., -1.]), colorSpace='rgb', contrast=1.0, depth=-2.0, draggable=False, flipHoriz=False, flipVert=False, font='Arial', fontFiles=[], height=np.float64(0.1), italic=False, languageStyle='LTR', name='start_badania', opacity=1, ori=0.0, pos=array([0., 0.]), rgb=UNKNOWN, text=str(...), units='norm', win=Window(...), wrapWidth=1.4)
11.9433 	EXP 	Created przerwa_text = TextStim(__class__=<class 'psychopy.visual.text.TextStim'>, alignHoriz=method-wrapper(...), alignText='center', alignVert=method-wrapper(...), anchorHoriz='center', anchorVert='center', antialias=True, autoDraw=False, autoLog=True, bold=False, color=array([-1., -1., -1.]), colorSpace='rgb', contrast=1.0, depth=0.0, draggable=False, flipHoriz=False, flipVert=False, font='Arial', fontFiles=[], height=np.float64(0.1), italic=False, languageStyle='LTR', name='przerwa_text', opacity=1, ori=0.0, pos=array([0., 0.]), rgb=UNKNOWN, text=str(...), units='norm', win=Window(...), wrapWidth=1)
11.9437 	EXP 	Created label_text = TextStim(__class__=<class 'psychopy.visual.text.TextStim'>, alignHoriz=method-wrapper(...), alignText='center', alignVert=method-wrapper(...), anchorHoriz='center', anchorVert='center', antialias=True, autoDraw=False, autoLog=True, bold=False, color=array([-1., -1., -1.]), colorSpace='rgb', contrast=1.0, depth=-2.0, draggable=False, flipHoriz=False, flipVert=False, font='Arial', fontFiles=[], height=0.05, italic=False, languageStyle='LTR', name='label_text', opacity=1, ori=0.0, pos=array([0., 0.]), rgb=UNKNOWN, text='', units='height', win=Window(...), wrapWidth=1.3)
11.9481 	EXP 	Created stim_image = ImageStim(__class__=<class 'psychopy.visual.image.ImageStim'>, anchor=('center', 'center'), autoLog=True, color=array([1., 1., 1.]), colorSpace='rgb', contrast=1.0, depth=-3.0, draggable=False, flipHoriz=np.False_, flipVert=np.False_, image='default.png', interpolate=True, mask=None, maskParams=None, name='stim_image', opacity=1, ori=0.0, pos=array([0., 0.]), size=array([0.75, 0.75]), texRes=128.0, units='height', win=Window(...))
11.9581 	EXP 	Created suwak_badanie = Slider(__class__=<class 'psychopy.visual.slider.Slider'>, autoDraw=False, autoLog=True, borderColor=None, color=None, colorSpace='rgb', depth=-4, fillColor=None, flip=False, font='Noto Sans', granularity=0.0, labelColor=None, labelHeight=np.float64(0.05), labelWrapWidth=None, labels=None, lineColor=None, markerColor=None, name='suwak_badanie', opacity=None, ori=0.0, pos=array([ 0. , -0.5]), readOnly=False, self=UNKNOWN, size=array([1. , 0.1]), startValue=0, style='slider', styleTweaks=[], ticks=ndarray(...), units='norm', win=Window(...))
11.9587 	EXP 	Created lewa_etykieta = TextStim(__class__=<class 'psychopy.visual.text.TextStim'>, alignHoriz=method-wrapper(...), alignText='center', alignVert=method-wrapper(...), anchorHoriz='center', anchorVert='center', antialias=True, autoDraw=False, autoLog=True, bold=False, color=array([-1., -1., -1.]), colorSpace='rgb', contrast=1.0, depth=-5.0, draggable=False, flipHoriz=False, flipVert=False, font='Arial', fontFiles=[], height=0.085, italic=False, languageStyle='LTR', name='lewa_etykieta', opacity=1, ori=0.0, pos=array([-0.65, -0.5 ]), rgb=UNKNOWN, text='', units='norm', win=Window(...), wrapWidth=1)
11.9592 	EXP 	Created prawa_etykieta = TextStim(__class__=<class 'psychopy.visual.text.TextStim'>, alignHoriz=method-wrapper(...), alignText='center', alignVert=method-wrapper(...), anchorHoriz='center', anchorVert='center', antialias=True, autoDraw=False, autoLog=True, bold=False, color=array([-1., -1., -1.]), colorSpace='rgb', contrast=1.0, depth=-6.0, draggable=False, flipHoriz=False, flipVert=False, font='Arial', fontFiles=[], height=0.085, italic=False, languageStyle='LTR', name='prawa_etykieta', opacity=1, ori=0.0, pos=array([ 0.65, -0.5 ]), rgb=UNKNOWN, text='', units='norm', win=Window(...), wrapWidth=1)
11.9637 	EXP 	Created fiksacja1 = TextStim(__class__=<class 'psychopy.visual.text.TextStim'>, alignHoriz=method-wrapper(...), alignText='center', alignVert=method-wrapper(...), anchorHoriz='center', anchorVert='center', antialias=True, autoDraw=False, autoLog=True, bold=False, color=array([-1., -1., -1.]), colorSpace='rgb', contrast=1.0, depth=-7.0, draggable=False, flipHoriz=False, flipVert=False, font='Arial', fontFiles=[], height=np.float64(0.12), italic=False, languageStyle='LTR', name='fiksacja1', opacity=1, ori=0.0, pos=array([0., 0.]), rgb=UNKNOWN, text='+', units='norm', win=Window(...), wrapWidth=1)
11.9671 	EXP 	Created fiksacja2 = TextStim(__class__=<class 'psychopy.visual.text.TextStim'>, alignHoriz=method-wrapper(...), alignText='center', alignVert=method-wrapper(...), anchorHoriz='center', anchorVert='center', antialias=True, autoDraw=False, autoLog=True, bold=False, color=array([-1., -1., -1.]), colorSpace='rgb', contrast=1.0, depth=-8.0, draggable=False, flipHoriz=False, flipVert=False, font='Arial', fontFiles=[], height=np.float64(0.1), italic=False, languageStyle='LTR', name='fiksacja2', opacity=1, ori=0.0, pos=array([0., 0.]), rgb=UNKNOWN, text='+', units='height', win=Window(...), wrapWidth=1)
11.9761 	EXP 	Created pytanie = TextStim(__class__=<class 'psychopy.visual.text.TextStim'>, alignHoriz=method-wrapper(...), alignText='center', alignVert=method-wrapper(...), anchorHoriz='center', anchorVert='center', antialias=True, autoDraw=False, autoLog=True, bold=False, color=array([-1., -1., -1.]), colorSpace='rgb', contrast=1.0, depth=-9.0, draggable=False, flipHoriz=False, flipVert=False, font='Arial', fontFiles=[], height=np.float64(0.1), italic=False, languageStyle='LTR', name='pytanie', opacity=1, ori=0.0, pos=array([0., 0.]), rgb=UNKNOWN, text='Jaką emocję wyrażała ta twarz?', units='norm', win=Window(...), wrapWidth=1)
11.9774 	EXP 	Created text = TextStim(__class__=<class 'psychopy.visual.text.TextStim'>, alignHoriz=method-wrapper(...), alignText='center', alignVert=method-wrapper(...), anchorHoriz='center', anchorVert='center', antialias=True, autoDraw=False, autoLog=True, bold=False, color=array([1., 1., 1.]), colorSpace='rgb', contrast=1.0, depth=-1.0, draggable=False, flipHoriz=False, flipVert=False, font='Arial', fontFiles=[], height=np.float64(0.05), italic=False, languageStyle='LTR', name='text', opacity=1, ori=0.0, pos=array([0., 0.]), rgb=UNKNOWN, text='', units='height', win=Window(...), wrapWidth=1)
11.9972 	EXP 	Created podziekowania_text = TextStim(__class__=<class 'psychopy.visual.text.TextStim'>, alignHoriz=method-wrapper(...), alignText='center', alignVert=method-wrapper(...), anchorHoriz='center', anchorVert='center', antialias=True, autoDraw=False, autoLog=True, bold=False, color=array([1., 1., 1.]), colorSpace='rgb', contrast=1.0, depth=0.0, draggable=False, flipHoriz=False, flipVert=False, font='Arial', fontFiles=[], height=np.float64(0.05), italic=False, languageStyle='LTR', name='podziekowania_text', opacity=1, ori=0.0, pos=array([0., 0.]), rgb=UNKNOWN, text=str(...), units='height', win=Window(...), wrapWidth=1)
0.0272 	EXP 	pilot_suwak: autoLog = True
0.0272 	EXP 	pilot_suwak: styleTweaks = []
0.0272 	EXP 	pilot_suwak: styleTweaks = []
0.0272 	EXP 	pilot_suwak: styleTweaks = []
0.0272 	EXP 	pilot_suwak: styleTweaks = []
0.0272 	EXP 	pilot_suwak: contrast = 1.0
0.0272 	EXP 	pilot_suwak: markerPos = 0
0.0272 	EXP 	pilot_suwak: autoLog = True
0.0272 	EXP 	suwak_badanie: autoLog = True
0.0272 	EXP 	suwak_badanie: styleTweaks = []
0.0272 	EXP 	suwak_badanie: styleTweaks = []
0.0272 	EXP 	suwak_badanie: styleTweaks = []
0.0272 	EXP 	suwak_badanie: styleTweaks = []
0.0272 	EXP 	suwak_badanie: contrast = 1.0
0.0272 	EXP 	suwak_badanie: markerPos = 0
0.0272 	EXP 	suwak_badanie: autoLog = True
0.0589 	INFO 	Keyboard events cleared
0.0588 	EXP 	text_instr: autoDraw = True
1.4658 	EXP 	Device response: <KeyPress from None: t=1.4563429999398068, value=space, duration=None>
1.4688 	DATA 	Keypress: space
1.4742 	INFO 	Keyboard events cleared
1.4741 	EXP 	text_instr: autoDraw = False
1.4741 	EXP 	suwak_info: autoDraw = True
1.5600 	EXP 	Device response: <KeyPress from None: t=1.4563429999398068, value=space, duration=0.09507869998924434>
1.6591 	EXP 	Device response: <KeyPress from None: t=1.6515737000154331, value=space, duration=None>
1.6611 	DATA 	Keypress: space
1.6736 	INFO 	Keyboard events cleared
1.6735 	EXP 	suwak_info: autoDraw = False
1.6735 	EXP 	proba_testowa: autoDraw = True
1.7423 	EXP 	Device response: <KeyPress from None: t=1.6515737000154331, value=space, duration=0.0846534000011161>
1.8255 	EXP 	Device response: <KeyPress from None: t=1.8164824999403208, value=space, duration=None>
1.8478 	DATA 	Keypress: space
1.8557 	EXP 	proba_testowa: autoDraw = False
1.8557 	EXP 	pilot_label_text: height = np.float64(0.05)
1.8557 	EXP 	pilot_label_text: height = np.float64(0.05)
1.8557 	EXP 	pilot_label_text: height = np.float64(0.05)
1.8557 	EXP 	pilot_label_text: height = np.float64(0.05)
1.8557 	EXP 	pilot_label_text: height = np.float64(0.05)
1.8557 	EXP 	pilot_label_text: height = np.float64(0.05)
1.8557 	EXP 	pilot_label_text: text = 'Model AI wykrył w tej twarzy 80% smutku.\n\n'
1.8557 	EXP 	pilot_suwak: markerPos = None
1.8557 	EXP 	pilot_suwak: markerPos = 0
1.8557 	EXP 	pilot_lewa_etykieta: height = np.float64(0.085)
1.8557 	EXP 	pilot_lewa_etykieta: height = np.float64(0.085)
1.8557 	EXP 	pilot_lewa_etykieta: height = np.float64(0.085)
1.8557 	EXP 	pilot_lewa_etykieta: text = 'radość'
1.8557 	EXP 	pilot_prawa_etykieta: height = np.float64(0.085)
1.8557 	EXP 	pilot_prawa_etykieta: height = np.float64(0.085)
1.8557 	EXP 	pilot_prawa_etykieta: height = np.float64(0.085)
1.8557 	EXP 	pilot_prawa_etykieta: text = 'smutek'
1.8557 	EXP 	pilot_fiksacja1: autoDraw = True
1.8923 	EXP 	Device response: <KeyPress from None: t=1.8164824999403208, value=space, duration=0.07460420008283108>
2.3557 	EXP 	pilot_fiksacja1: autoDraw = False
2.5388 	EXP 	pilot_label_text: autoDraw = True
5.5470 	EXP 	pilot_label_text: autoDraw = False
5.7298 	EXP 	pilot_fiksacja2: autoDraw = True
6.2455 	EXP 	pilot_fiksacja2: autoDraw = False
6.4283 	EXP 	pilot_stim_image: autoDraw = True
7.3415 	EXP 	pilot_suwak: autoDraw = True
7.3415 	EXP 	pilot_pytanie: autoDraw = True
7.3415 	EXP 	pilot_lewa_etykieta: autoDraw = True
7.3415 	EXP 	pilot_prawa_etykieta: autoDraw = True
7.3580 	EXP 	pilot_stim_image: autoDraw = False
8.0427 	DATA 	Mouse: Left button down, pos=(537,144)
8.0558 	EXP 	pilot_suwak: markerPos = np.float64(34.25)
8.0723 	EXP 	pilot_suwak: markerPos = np.float64(34.25)
8.0894 	EXP 	pilot_suwak: markerPos = np.float64(34.25)
8.1061 	EXP 	pilot_suwak: markerPos = np.float64(34.25)
8.1110 	DATA 	Mouse:  Left button up, pos=(537,144)
8.1236 	EXP 	pilot_suwak: markerPos = np.float64(34.25)
8.1390 	INFO 	Keyboard events cleared
8.1389 	EXP 	pilot_label_text: autoDraw = False
8.1389 	EXP 	pilot_fiksacja1: autoDraw = False
8.1389 	EXP 	pilot_suwak: autoDraw = False
8.1389 	EXP 	pilot_fiksacja2: autoDraw = False
8.1389 	EXP 	pilot_pytanie: autoDraw = False
8.1389 	EXP 	pilot_lewa_etykieta: autoDraw = False
8.1389 	EXP 	pilot_prawa_etykieta: autoDraw = False
8.1389 	EXP 	pilot_stim_image: autoDraw = False
8.1389 	EXP 	start_badania: autoDraw = True
8.9424 	EXP 	Device response: <KeyPress from None: t=8.92894749995321, value=space, duration=None>
8.9661 	DEBUG 	Read excel file with openpyxl: conditions.xlsx
8.9713 	EXP 	Imported conditions.xlsx as conditions, 32 conditions, 9 params
8.9719 	EXP 	New trial (rep=0, index=0): <Trial 0 (0 in rep 0) data={'image_path': 'C:\\Users\\julia\\OneDrive\\Pulpit\\percepcja_psychopy\\photos\\Twarze 50,50\\SZ 50,50\\1K SZ 5050.png', 'etykieta': 'Model sztucznej inteligencji wykrył w tej twarzy 72% strachu .', 'left_label': 'strach', 'right_label': 'złość', 'show_label': 1, 'proporcja_zdjecia': '50/50', 'typ_etykiety': 'Procentowa AI', 'warunek': 'n/d', 'kierunek': 'Sugestia Lewo strach', 'thisN': 0, 'thisTrialN': 0, 'thisRepN': 0}>
9.0253 	EXP 	Device response: <KeyPress from None: t=8.92894749995321, value=space, duration=0.054548899992369115>
9.0268 	DATA 	Keypress: space
9.0365 	EXP 	start_badania: autoDraw = False
9.0365 	EXP 	przerwa_text: autoDraw = False
9.0365 	EXP 	label_text: height = np.float64(0.05)
9.0365 	EXP 	label_text: height = np.float64(0.05)
9.0365 	EXP 	label_text: height = np.float64(0.05)
9.0365 	EXP 	label_text: text = 'Model sztucznej inteligencji wykrył w tej twarzy 72% strachu .'
9.0365 	EXP 	label_text: height = np.float64(0.05)
9.0365 	EXP 	label_text: height = np.float64(0.05)
9.0365 	EXP 	label_text: height = np.float64(0.05)
9.0365 	EXP 	label_text: text = 'Model sztucznej inteligencji wykrył w tej twarzy 72% strachu .'
9.0365 	EXP 	stim_image: image = 'C:\\Users\\julia\\OneDrive\\Pulpit\\percepcja_psychopy\\photos\\Twarze 50,50\\SZ 50,50\\1K SZ 5050.png'
9.0365 	EXP 	suwak_badanie: markerPos = None
9.0365 	EXP 	suwak_badanie: markerPos = 0
9.0365 	EXP 	lewa_etykieta: height = np.float64(0.085)
9.0365 	EXP 	lewa_etykieta: height = np.float64(0.085)
9.0365 	EXP 	lewa_etykieta: height = np.float64(0.085)
9.0365 	EXP 	lewa_etykieta: text = 'strach'
9.0365 	EXP 	prawa_etykieta: height = np.float64(0.085)
9.0365 	EXP 	prawa_etykieta: height = np.float64(0.085)
9.0365 	EXP 	prawa_etykieta: height = np.float64(0.085)
9.0365 	EXP 	prawa_etykieta: text = 'złość'
9.0365 	EXP 	fiksacja1: autoDraw = True
9.5355 	EXP 	fiksacja1: autoDraw = False
9.6852 	EXP 	label_text: autoDraw = True
10.6991 	EXP 	label_text: autoDraw = False
12.5788 	EXP 	fiksacja2: autoDraw = True
13.0929 	EXP 	fiksacja2: autoDraw = False
13.2760 	EXP 	stim_image: autoDraw = True
14.4888 	EXP 	suwak_badanie: autoDraw = True
14.4888 	EXP 	lewa_etykieta: autoDraw = True
14.4888 	EXP 	prawa_etykieta: autoDraw = True
14.4888 	EXP 	pytanie: autoDraw = True
14.5047 	EXP 	stim_image: autoDraw = False
15.4890 	DATA 	Mouse: Left button down, pos=(523,150)
15.5029 	EXP 	suwak_badanie: markerPos = np.float64(30.749999999999986)
15.5182 	EXP 	suwak_badanie: markerPos = np.float64(30.749999999999986)
15.5359 	EXP 	suwak_badanie: markerPos = np.float64(30.749999999999986)
15.5530 	EXP 	suwak_badanie: markerPos = np.float64(30.749999999999986)
15.5692 	EXP 	suwak_badanie: markerPos = np.float64(30.749999999999986)
15.5857 	EXP 	suwak_badanie: markerPos = np.float64(30.749999999999986)
15.6032 	EXP 	suwak_badanie: markerPos = np.float64(30.749999999999986)
15.6061 	DATA 	Mouse:  Left button up, pos=(523,150)
15.6191 	EXP 	suwak_badanie: markerPos = np.float64(30.749999999999986)
15.6362 	EXP 	label_text: autoDraw = False
15.6362 	EXP 	stim_image: autoDraw = False
15.6362 	EXP 	suwak_badanie: autoDraw = False
15.6362 	EXP 	lewa_etykieta: autoDraw = False
15.6362 	EXP 	prawa_etykieta: autoDraw = False
15.6362 	EXP 	fiksacja1: autoDraw = False
15.6362 	EXP 	fiksacja2: autoDraw = False
15.6362 	EXP 	pytanie: autoDraw = False
15.6362 	EXP 	text: autoDraw = True
16.2239 	EXP 	New trial (rep=0, index=1): <Trial 1 (1 in rep 0) data={'image_path': 'C:\\Users\\julia\\OneDrive\\Pulpit\\percepcja_psychopy\\photos\\Twarze 80,20\\OZ 80,20\\1K OZ 8020.png', 'etykieta': 'Poprzedni badani wykryli w tej twarzy oczekiwanie.', 'left_label': 'zaskoczenie', 'right_label': 'oczekiwanie', 'show_label': 1, 'proporcja_zdjecia': '80/20 oczekiwanie', 'typ_etykiety': 'Kategorialna Ludzie', 'warunek': 'Zgodny', 'kierunek': 'Dominacja Prawo oczekiwanie', 'thisN': 1, 'thisTrialN': 1, 'thisRepN': 0}>
16.2998 	EXP 	text: autoDraw = False
16.2998 	EXP 	przerwa_text: autoDraw = False
16.2998 	EXP 	label_text: height = np.float64(0.05)
16.2998 	EXP 	label_text: height = np.float64(0.05)
16.2998 	EXP 	label_text: height = np.float64(0.05)
16.2998 	EXP 	label_text: text = 'Poprzedni badani wykryli w tej twarzy oczekiwanie.'
16.2998 	EXP 	label_text: height = np.float64(0.05)
16.2998 	EXP 	label_text: height = np.float64(0.05)
16.2998 	EXP 	label_text: height = np.float64(0.05)
16.2998 	EXP 	label_text: text = 'Poprzedni badani wykryli w tej twarzy oczekiwanie.'
16.2998 	EXP 	stim_image: image = 'C:\\Users\\julia\\OneDrive\\Pulpit\\percepcja_psychopy\\photos\\Twarze 80,20\\OZ 80,20\\1K OZ 8020.png'
16.2998 	EXP 	suwak_badanie: markerPos = None
16.2998 	EXP 	suwak_badanie: markerPos = 0
16.2998 	EXP 	lewa_etykieta: height = np.float64(0.085)
16.2998 	EXP 	lewa_etykieta: height = np.float64(0.085)
16.2998 	EXP 	lewa_etykieta: height = np.float64(0.085)
16.2998 	EXP 	lewa_etykieta: text = 'zaskoczenie'
16.2998 	EXP 	prawa_etykieta: height = np.float64(0.085)
16.2998 	EXP 	prawa_etykieta: height = np.float64(0.085)
16.2998 	EXP 	prawa_etykieta: height = np.float64(0.085)
16.2998 	EXP 	prawa_etykieta: text = 'oczekiwanie'
16.2998 	EXP 	fiksacja1: autoDraw = True
16.7996 	EXP 	fiksacja1: autoDraw = False
16.9324 	EXP 	label_text: autoDraw = True
17.9464 	EXP 	label_text: autoDraw = False
19.8245 	EXP 	fiksacja2: autoDraw = True
20.3390 	EXP 	fiksacja2: autoDraw = False
20.5395 	EXP 	stim_image: autoDraw = True
21.7354 	EXP 	suwak_badanie: autoDraw = True
21.7354 	EXP 	lewa_etykieta: autoDraw = True
21.7354 	EXP 	prawa_etykieta: autoDraw = True
21.7354 	EXP 	pytanie: autoDraw = True
21.7518 	EXP 	stim_image: autoDraw = False
25.4117 	EXP 	Device response: <KeyPress from None: t=25.40930960001424, value=escape, duration=None>
25.4121 	DATA 	Keypress: escape
25.5309 	EXP 	Device response: <KeyPress from None: t=25.40930960001424, value=escape, duration=0.11524129996541888>
25.5310 	EXP 	untitled_FINAL_NEWEST: status = STOPPED
25.5423 	EXP 	suwak_badanie: autoDraw = False
25.5423 	EXP 	lewa_etykieta: autoDraw = False
25.5423 	EXP 	prawa_etykieta: autoDraw = False
25.5423 	EXP 	pytanie: autoDraw = False
25.5469 	EXP 	untitled_FINAL_NEWEST: status = STOPPED
25.5603 	INFO 	saved data to 'C:\\Users\\julia\\OneDrive\\Pulpit\\percepcja_psychopy\\data\\pilot_untitled_FINAL_NEWEST_2026-04-25_19h40.55.532.csv'
25.5641 	INFO 	saved data to C:\Users\julia\OneDrive\Pulpit\percepcja_psychopy\data\pilot_untitled_FINAL_NEWEST_2026-04-25_19h40.55.532.psydat
25.9945 	DEBUG 	Saving data for untitled_FINAL_NEWEST ExperimentHandler
26.0256 	WARNING 	Stopping key buffers but this could be dangerous ifother keyboards rely on the same.
