8.7525 	DEBUG 	Fullscreen settings ignored as running in pilot mode.
8.7535 	INFO 	Loaded monitor calibration from ['2026_03_18 20:30']
9.3494 	INFO 	Using renderer 'Intel(R) UHD Graphics' for graphics
9.3495 	INFO 	OpenGL version supported by driver is 4..
10.5369 	EXP 	Created window1 = Window(allowGUI=False, allowStencil=True, autoLog=True, backendConf=UNKNOWN, backgroundFit=<method-wrapper '__getattribute__' of attributeSetter object at 0x00000221512F61D0>, backgroundImage=<method-wrapper '__getattribute__' of attributeSetter object at 0x00000221512F41F0>, bitsMode=UNKNOWN, blendMode='avg', bpc=(8, 8, 8), color=array([0.6549, 0.6549, 0.6549]), colorSpace='rgb', depthBits=8, fullscr=False, gamma=None, gammaErrorPolicy='raise', infoMsg=UNKNOWN, lms=UNKNOWN, monitor=<psychopy.monitors.calibTools.Monitor object at 0x0000022158ADBCD0>, multiSample=False, name='window1', numSamples=2, pos=[np.float64(560.0), np.float64(240.0)], screen=0, size=array([800, 600]), stencilBits=8, stereo=False, title='PsychoPy', units='height', useFBO=True, useRetina=False, viewOri=0.0, viewPos=None, viewScale=None, waitBlanking=True, winType='pyglet')
10.5370 	EXP 	window1: backgroundImage = ''
10.5370 	EXP 	window1: backgroundFit = 'none'
10.6032 	DEBUG 	TextBox2 loaded 1 chars with 0 blanks and 1 valid
10.6196 	DEBUG 	TextBox2 loaded 1 chars with 0 blanks and 1 valid
10.6378 	DEBUG 	TextBox2 loaded 1 chars with 0 blanks and 1 valid
10.6577 	DEBUG 	TextBox2 loaded 1 chars with 0 blanks and 1 valid
10.6769 	DEBUG 	TextBox2 loaded 1 chars with 0 blanks and 1 valid
10.6971 	DEBUG 	TextBox2 loaded 1 chars with 0 blanks and 1 valid
10.7160 	DEBUG 	TextBox2 loaded 1 chars with 0 blanks and 1 valid
10.7369 	DEBUG 	TextBox2 loaded 1 chars with 0 blanks and 1 valid
10.7567 	DEBUG 	TextBox2 loaded 1 chars with 0 blanks and 1 valid
10.7767 	DEBUG 	TextBox2 loaded 1 chars with 0 blanks and 1 valid
10.7954 	DEBUG 	TextBox2 loaded 1 chars with 0 blanks and 1 valid
10.8147 	DEBUG 	TextBox2 loaded 1 chars with 0 blanks and 1 valid
10.8315 	DEBUG 	TextBox2 loaded 1 chars with 0 blanks and 1 valid
10.8493 	DEBUG 	TextBox2 loaded 1 chars with 0 blanks and 1 valid
10.8644 	DEBUG 	TextBox2 loaded 1 chars with 0 blanks and 1 valid
10.8821 	DEBUG 	TextBox2 loaded 1 chars with 0 blanks and 1 valid
10.8998 	DEBUG 	TextBox2 loaded 1 chars with 0 blanks and 1 valid
10.9176 	DEBUG 	TextBox2 loaded 1 chars with 0 blanks and 1 valid
10.9359 	DEBUG 	TextBox2 loaded 1 chars with 0 blanks and 1 valid
10.9530 	DEBUG 	TextBox2 loaded 1 chars with 0 blanks and 1 valid
10.9725 	DEBUG 	TextBox2 loaded 1 chars with 0 blanks and 1 valid
10.9895 	DEBUG 	TextBox2 loaded 1 chars with 0 blanks and 1 valid
11.0065 	DEBUG 	TextBox2 loaded 1 chars with 0 blanks and 1 valid
11.0249 	DEBUG 	TextBox2 loaded 1 chars with 0 blanks and 1 valid
11.0422 	DEBUG 	TextBox2 loaded 1 chars with 0 blanks and 1 valid
11.0603 	DEBUG 	TextBox2 loaded 1 chars with 0 blanks and 1 valid
11.0783 	DEBUG 	TextBox2 loaded 1 chars with 0 blanks and 1 valid
11.0955 	DEBUG 	TextBox2 loaded 1 chars with 0 blanks and 1 valid
11.0960 	DEBUG 	Uploading Texture Font fontname to graphics card
11.1050 	DEBUG 	Upload of Texture Font fontname complete
11.1585 	DEBUG 	TextBox2 loaded 1 chars with 0 blanks and 1 valid
11.1745 	DEBUG 	TextBox2 loaded 1 chars with 0 blanks and 1 valid
11.1750 	DEBUG 	Uploading Texture Font fontname to graphics card
11.1836 	DEBUG 	Upload of Texture Font fontname complete
11.5084 	INFO 	keyboard.Keyboard is using ptb backend.
11.5085 	EXP 	untitled_FINAL_NEWEST: status = STARTED
11.7149 	EXP 	Created text_instr = TextStim(__class__=<class 'psychopy.visual.text.TextStim'>, alignHoriz=method-wrapper(...), alignText='center', alignVert=method-wrapper(...), anchorHoriz='center', anchorVert='center', antialias=True, autoDraw=False, autoLog=True, bold=False, color=array([-1., -1., -1.]), colorSpace='rgb', contrast=1.0, depth=-2.0, draggable=False, flipHoriz=False, flipVert=False, font='Arial', fontFiles=[], height=np.float64(0.03), italic=False, languageStyle='LTR', name='text_instr', opacity=1, ori=0.0, pos=array([0., 0.]), rgb=UNKNOWN, text=str(...), units='height', win=Window(...), wrapWidth=1.5)
11.7529 	EXP 	Created suwak_info = TextStim(__class__=<class 'psychopy.visual.text.TextStim'>, alignHoriz=method-wrapper(...), alignText='center', alignVert=method-wrapper(...), anchorHoriz='center', anchorVert='center', antialias=True, autoDraw=False, autoLog=True, bold=False, color=array([-1., -1., -1.]), colorSpace='rgb', contrast=1.0, depth=-1.0, draggable=False, flipHoriz=False, flipVert=False, font='Arial', fontFiles=[], height=np.float64(0.03), italic=False, languageStyle='LTR', name='suwak_info', opacity=1, ori=0.0, pos=array([0., 0.]), rgb=UNKNOWN, text=str(...), units='height', win=Window(...), wrapWidth=1.3)
11.7969 	EXP 	Created proba_testowa = TextStim(__class__=<class 'psychopy.visual.text.TextStim'>, alignHoriz=method-wrapper(...), alignText='center', alignVert=method-wrapper(...), anchorHoriz='center', anchorVert='center', antialias=True, autoDraw=False, autoLog=True, bold=False, color=array([-1., -1., -1.]), colorSpace='rgb', contrast=1.0, depth=-2.0, draggable=False, flipHoriz=False, flipVert=False, font='Arial', fontFiles=[], height=np.float64(0.04), italic=False, languageStyle='LTR', name='proba_testowa', opacity=1, ori=0.0, pos=array([0., 0.]), rgb=UNKNOWN, text=str(...), units='height', win=Window(...), wrapWidth=1.4)
11.8038 	EXP 	Created pilot_label_text = TextStim(__class__=<class 'psychopy.visual.text.TextStim'>, alignHoriz=method-wrapper(...), alignText='center', alignVert=method-wrapper(...), anchorHoriz='center', anchorVert='center', antialias=True, autoDraw=False, autoLog=True, bold=False, color=array([-1., -1., -1.]), colorSpace='rgb', contrast=1.0, depth=-1.0, draggable=False, flipHoriz=False, flipVert=False, font='Arial', fontFiles=[], height=0.05, italic=False, languageStyle='LTR', name='pilot_label_text', opacity=1, ori=0.0, pos=array([0., 0.]), rgb=UNKNOWN, text='', units='height', win=Window(...), wrapWidth=1.3)
11.8229 	EXP 	Created pilot_fiksacja1 = TextStim(__class__=<class 'psychopy.visual.text.TextStim'>, alignHoriz=method-wrapper(...), alignText='center', alignVert=method-wrapper(...), anchorHoriz='center', anchorVert='center', antialias=True, autoDraw=False, autoLog=True, bold=False, color=array([-1., -1., -1.]), colorSpace='rgb', contrast=1.0, depth=-2.0, draggable=False, flipHoriz=False, flipVert=False, font='Arial', fontFiles=[], height=np.float64(0.12), italic=False, languageStyle='LTR', name='pilot_fiksacja1', opacity=1, ori=0.0, pos=array([0., 0.]), rgb=UNKNOWN, text='+', units='height', win=Window(...), wrapWidth=1)
11.8736 	EXP 	Created pilot_suwak = Slider(__class__=<class 'psychopy.visual.slider.Slider'>, autoDraw=False, autoLog=True, borderColor=None, color=None, colorSpace='rgb', depth=-3, fillColor=None, flip=False, font='Noto Sans', granularity=0.0, labelColor=None, labelHeight=np.float64(0.05), labelWrapWidth=None, labels=None, lineColor=None, markerColor=None, name='pilot_suwak', opacity=None, ori=0.0, pos=array([ 0. , -0.5]), readOnly=False, self=UNKNOWN, size=array([1. , 0.1]), startValue=0, style='slider', styleTweaks=[], ticks=ndarray(...), units='norm', win=Window(...))
11.8882 	EXP 	Created pilot_fiksacja2 = TextStim(__class__=<class 'psychopy.visual.text.TextStim'>, alignHoriz=method-wrapper(...), alignText='center', alignVert=method-wrapper(...), anchorHoriz='center', anchorVert='center', antialias=True, autoDraw=False, autoLog=True, bold=False, color=array([-1., -1., -1.]), colorSpace='rgb', contrast=1.0, depth=-4.0, draggable=False, flipHoriz=False, flipVert=False, font='Arial', fontFiles=[], height=np.float64(0.1), italic=False, languageStyle='LTR', name='pilot_fiksacja2', opacity=1, ori=0.0, pos=array([0., 0.]), rgb=UNKNOWN, text='+', units='height', win=Window(...), wrapWidth=1)
11.9112 	EXP 	Created pilot_pytanie = TextStim(__class__=<class 'psychopy.visual.text.TextStim'>, alignHoriz=method-wrapper(...), alignText='center', alignVert=method-wrapper(...), anchorHoriz='center', anchorVert='center', antialias=True, autoDraw=False, autoLog=True, bold=False, color=array([-1., -1., -1.]), colorSpace='rgb', contrast=1.0, depth=-5.0, draggable=False, flipHoriz=False, flipVert=False, font='Arial', fontFiles=[], height=np.float64(0.1), italic=False, languageStyle='LTR', name='pilot_pytanie', opacity=1, ori=0.0, pos=array([0., 0.]), rgb=UNKNOWN, text='Jaką emocję wyrażała ta twarz?', units='norm', win=Window(...), wrapWidth=1)
11.9174 	EXP 	Created pilot_lewa_etykieta = TextStim(__class__=<class 'psychopy.visual.text.TextStim'>, alignHoriz=method-wrapper(...), alignText='center', alignVert=method-wrapper(...), anchorHoriz='center', anchorVert='center', antialias=True, autoDraw=False, autoLog=True, bold=False, color=array([-1., -1., -1.]), colorSpace='rgb', contrast=1.0, depth=-6.0, draggable=False, flipHoriz=False, flipVert=False, font='Arial', fontFiles=[], height=0.085, italic=False, languageStyle='LTR', name='pilot_lewa_etykieta', opacity=1, ori=0.0, pos=array([-0.6, -0.5]), rgb=UNKNOWN, text='', units='norm', win=Window(...), wrapWidth=1)
11.9208 	EXP 	Created pilot_prawa_etykieta = TextStim(__class__=<class 'psychopy.visual.text.TextStim'>, alignHoriz=method-wrapper(...), alignText='center', alignVert=method-wrapper(...), anchorHoriz='center', anchorVert='center', antialias=True, autoDraw=False, autoLog=True, bold=False, color=array([-1., -1., -1.]), colorSpace='rgb', contrast=1.0, depth=-7.0, draggable=False, flipHoriz=False, flipVert=False, font='Arial', fontFiles=[], height=0.085, italic=False, languageStyle='LTR', name='pilot_prawa_etykieta', opacity=1, ori=0.0, pos=array([ 0.6, -0.5]), rgb=UNKNOWN, text='', units='norm', win=Window(...), wrapWidth=1)
12.0398 	EXP 	Created pilot_stim_image = ImageStim(__class__=<class 'psychopy.visual.image.ImageStim'>, anchor=('center', 'center'), autoLog=True, color=array([1., 1., 1.]), colorSpace='rgb', contrast=1.0, depth=-8.0, draggable=False, flipHoriz=np.False_, flipVert=np.False_, image='C:/Users/julia/OneDrive/Obrazy/IMG_2397.JPEG', interpolate=True, mask=None, maskParams=None, name='pilot_stim_image', opacity=1, ori=0.0, pos=array([0., 0.]), size=array([0.75, 0.75]), texRes=128.0, units='height', win=Window(...))
12.0903 	EXP 	Created start_badania = TextStim(__class__=<class 'psychopy.visual.text.TextStim'>, alignHoriz=method-wrapper(...), alignText='center', alignVert=method-wrapper(...), anchorHoriz='center', anchorVert='center', antialias=True, autoDraw=False, autoLog=True, bold=False, color=array([-1., -1., -1.]), colorSpace='rgb', contrast=1.0, depth=-2.0, draggable=False, flipHoriz=False, flipVert=False, font='Arial', fontFiles=[], height=np.float64(0.1), italic=False, languageStyle='LTR', name='start_badania', opacity=1, ori=0.0, pos=array([0., 0.]), rgb=UNKNOWN, text=str(...), units='norm', win=Window(...), wrapWidth=1.4)
12.1018 	EXP 	Created przerwa_text = TextStim(__class__=<class 'psychopy.visual.text.TextStim'>, alignHoriz=method-wrapper(...), alignText='center', alignVert=method-wrapper(...), anchorHoriz='center', anchorVert='center', antialias=True, autoDraw=False, autoLog=True, bold=False, color=array([-1., -1., -1.]), colorSpace='rgb', contrast=1.0, depth=0.0, draggable=False, flipHoriz=False, flipVert=False, font='Arial', fontFiles=[], height=np.float64(0.1), italic=False, languageStyle='LTR', name='przerwa_text', opacity=1, ori=0.0, pos=array([0., 0.]), rgb=UNKNOWN, text=str(...), units='norm', win=Window(...), wrapWidth=1)
12.1073 	EXP 	Created label_text = TextStim(__class__=<class 'psychopy.visual.text.TextStim'>, alignHoriz=method-wrapper(...), alignText='center', alignVert=method-wrapper(...), anchorHoriz='center', anchorVert='center', antialias=True, autoDraw=False, autoLog=True, bold=False, color=array([-1., -1., -1.]), colorSpace='rgb', contrast=1.0, depth=-2.0, draggable=False, flipHoriz=False, flipVert=False, font='Arial', fontFiles=[], height=0.05, italic=False, languageStyle='LTR', name='label_text', opacity=1, ori=0.0, pos=array([0., 0.]), rgb=UNKNOWN, text='', units='height', win=Window(...), wrapWidth=1.3)
12.1158 	EXP 	Created stim_image = ImageStim(__class__=<class 'psychopy.visual.image.ImageStim'>, anchor=('center', 'center'), autoLog=True, color=array([1., 1., 1.]), colorSpace='rgb', contrast=1.0, depth=-3.0, draggable=False, flipHoriz=np.False_, flipVert=np.False_, image='default.png', interpolate=True, mask=None, maskParams=None, name='stim_image', opacity=1, ori=0.0, pos=array([0., 0.]), size=array([0.75, 0.75]), texRes=128.0, units='height', win=Window(...))
12.1415 	EXP 	Created suwak_badanie = Slider(__class__=<class 'psychopy.visual.slider.Slider'>, autoDraw=False, autoLog=True, borderColor=None, color=None, colorSpace='rgb', depth=-4, fillColor=None, flip=False, font='Noto Sans', granularity=0.0, labelColor=None, labelHeight=np.float64(0.05), labelWrapWidth=None, labels=None, lineColor=None, markerColor=None, name='suwak_badanie', opacity=None, ori=0.0, pos=array([ 0. , -0.5]), readOnly=False, self=UNKNOWN, size=array([1. , 0.1]), startValue=0, style='slider', styleTweaks=[], ticks=ndarray(...), units='norm', win=Window(...))
12.1447 	EXP 	Created lewa_etykieta = TextStim(__class__=<class 'psychopy.visual.text.TextStim'>, alignHoriz=method-wrapper(...), alignText='center', alignVert=method-wrapper(...), anchorHoriz='center', anchorVert='center', antialias=True, autoDraw=False, autoLog=True, bold=False, color=array([-1., -1., -1.]), colorSpace='rgb', contrast=1.0, depth=-5.0, draggable=False, flipHoriz=False, flipVert=False, font='Arial', fontFiles=[], height=0.085, italic=False, languageStyle='LTR', name='lewa_etykieta', opacity=1, ori=0.0, pos=array([-0.65, -0.5 ]), rgb=UNKNOWN, text='', units='norm', win=Window(...), wrapWidth=1)
12.1471 	EXP 	Created prawa_etykieta = TextStim(__class__=<class 'psychopy.visual.text.TextStim'>, alignHoriz=method-wrapper(...), alignText='center', alignVert=method-wrapper(...), anchorHoriz='center', anchorVert='center', antialias=True, autoDraw=False, autoLog=True, bold=False, color=array([-1., -1., -1.]), colorSpace='rgb', contrast=1.0, depth=-6.0, draggable=False, flipHoriz=False, flipVert=False, font='Arial', fontFiles=[], height=0.085, italic=False, languageStyle='LTR', name='prawa_etykieta', opacity=1, ori=0.0, pos=array([ 0.65, -0.5 ]), rgb=UNKNOWN, text='', units='norm', win=Window(...), wrapWidth=1)
12.1554 	EXP 	Created fiksacja2 = TextStim(__class__=<class 'psychopy.visual.text.TextStim'>, alignHoriz=method-wrapper(...), alignText='center', alignVert=method-wrapper(...), anchorHoriz='center', anchorVert='center', antialias=True, autoDraw=False, autoLog=True, bold=False, color=array([-1., -1., -1.]), colorSpace='rgb', contrast=1.0, depth=-7.0, draggable=False, flipHoriz=False, flipVert=False, font='Arial', fontFiles=[], height=np.float64(0.1), italic=False, languageStyle='LTR', name='fiksacja2', opacity=1, ori=0.0, pos=array([0., 0.]), rgb=UNKNOWN, text='+', units='height', win=Window(...), wrapWidth=1)
12.1663 	EXP 	Created pytanie = TextStim(__class__=<class 'psychopy.visual.text.TextStim'>, alignHoriz=method-wrapper(...), alignText='center', alignVert=method-wrapper(...), anchorHoriz='center', anchorVert='center', antialias=True, autoDraw=False, autoLog=True, bold=False, color=array([-1., -1., -1.]), colorSpace='rgb', contrast=1.0, depth=-8.0, draggable=False, flipHoriz=False, flipVert=False, font='Arial', fontFiles=[], height=np.float64(0.1), italic=False, languageStyle='LTR', name='pytanie', opacity=1, ori=0.0, pos=array([0., 0.]), rgb=UNKNOWN, text='Jaką emocję wyrażała ta twarz?', units='norm', win=Window(...), wrapWidth=1)
12.1725 	EXP 	Created text = TextStim(__class__=<class 'psychopy.visual.text.TextStim'>, alignHoriz=method-wrapper(...), alignText='center', alignVert=method-wrapper(...), anchorHoriz='center', anchorVert='center', antialias=True, autoDraw=False, autoLog=True, bold=False, color=array([1., 1., 1.]), colorSpace='rgb', contrast=1.0, depth=-1.0, draggable=False, flipHoriz=False, flipVert=False, font='Arial', fontFiles=[], height=np.float64(0.05), italic=False, languageStyle='LTR', name='text', opacity=1, ori=0.0, pos=array([0., 0.]), rgb=UNKNOWN, text='', units='height', win=Window(...), wrapWidth=1)
12.1995 	EXP 	Created podziekowania_text = TextStim(__class__=<class 'psychopy.visual.text.TextStim'>, alignHoriz=method-wrapper(...), alignText='center', alignVert=method-wrapper(...), anchorHoriz='center', anchorVert='center', antialias=True, autoDraw=False, autoLog=True, bold=False, color=array([1., 1., 1.]), colorSpace='rgb', contrast=1.0, depth=0.0, draggable=False, flipHoriz=False, flipVert=False, font='Arial', fontFiles=[], height=np.float64(0.05), italic=False, languageStyle='LTR', name='podziekowania_text', opacity=1, ori=0.0, pos=array([0., 0.]), rgb=UNKNOWN, text=str(...), units='height', win=Window(...), wrapWidth=1)
0.3040 	EXP 	pilot_suwak: autoLog = True
0.3040 	EXP 	pilot_suwak: styleTweaks = []
0.3040 	EXP 	pilot_suwak: styleTweaks = []
0.3040 	EXP 	pilot_suwak: styleTweaks = []
0.3040 	EXP 	pilot_suwak: styleTweaks = []
0.3040 	EXP 	pilot_suwak: contrast = 1.0
0.3040 	EXP 	pilot_suwak: markerPos = 0
0.3040 	EXP 	pilot_suwak: autoLog = True
0.3040 	EXP 	suwak_badanie: autoLog = True
0.3040 	EXP 	suwak_badanie: styleTweaks = []
0.3040 	EXP 	suwak_badanie: styleTweaks = []
0.3040 	EXP 	suwak_badanie: styleTweaks = []
0.3040 	EXP 	suwak_badanie: styleTweaks = []
0.3040 	EXP 	suwak_badanie: contrast = 1.0
0.3040 	EXP 	suwak_badanie: markerPos = 0
0.3040 	EXP 	suwak_badanie: autoLog = True
0.3436 	INFO 	Keyboard events cleared
0.3435 	EXP 	text_instr: autoDraw = True
1.3873 	EXP 	Device response: <KeyPress from None: t=1.374705000082031, value=space, duration=None>
1.3907 	DATA 	Keypress: space
1.3960 	INFO 	Keyboard events cleared
1.3959 	EXP 	text_instr: autoDraw = False
1.3959 	EXP 	suwak_info: autoDraw = True
1.4343 	EXP 	Device response: <KeyPress from None: t=1.374705000082031, value=space, duration=0.04478379990905523>
1.5342 	EXP 	Device response: <KeyPress from None: t=1.5202970000682399, value=space, duration=None>
1.5380 	DATA 	Keypress: space
1.5458 	INFO 	Keyboard events cleared
1.5457 	EXP 	suwak_info: autoDraw = False
1.5457 	EXP 	proba_testowa: autoDraw = True
1.5820 	EXP 	Device response: <KeyPress from None: t=1.5202970000682399, value=space, duration=0.059457600000314415>
1.6857 	EXP 	Device response: <KeyPress from None: t=1.676075000083074, value=space, duration=None>
1.7221 	DATA 	Keypress: space
1.7273 	EXP 	proba_testowa: autoDraw = False
1.7273 	EXP 	pilot_label_text: height = np.float64(0.05)
1.7273 	EXP 	pilot_label_text: height = np.float64(0.05)
1.7273 	EXP 	pilot_label_text: height = np.float64(0.05)
1.7273 	EXP 	pilot_label_text: height = np.float64(0.05)
1.7273 	EXP 	pilot_label_text: height = np.float64(0.05)
1.7273 	EXP 	pilot_label_text: height = np.float64(0.05)
1.7273 	EXP 	pilot_label_text: text = 'Model AI wykrył w tej twarzy 80% smutku.\n\n'
1.7273 	EXP 	pilot_suwak: markerPos = None
1.7273 	EXP 	pilot_suwak: markerPos = 0
1.7273 	EXP 	pilot_lewa_etykieta: height = np.float64(0.085)
1.7273 	EXP 	pilot_lewa_etykieta: height = np.float64(0.085)
1.7273 	EXP 	pilot_lewa_etykieta: height = np.float64(0.085)
1.7273 	EXP 	pilot_lewa_etykieta: text = 'radość'
1.7273 	EXP 	pilot_prawa_etykieta: height = np.float64(0.085)
1.7273 	EXP 	pilot_prawa_etykieta: height = np.float64(0.085)
1.7273 	EXP 	pilot_prawa_etykieta: height = np.float64(0.085)
1.7273 	EXP 	pilot_prawa_etykieta: text = 'smutek'
1.7273 	EXP 	pilot_fiksacja1: autoDraw = True
1.7323 	EXP 	Device response: <KeyPress from None: t=1.676075000083074, value=space, duration=0.04496939992532134>
2.2271 	EXP 	pilot_fiksacja1: autoDraw = False
2.3936 	EXP 	pilot_label_text: autoDraw = True
5.4020 	EXP 	pilot_label_text: autoDraw = False
5.6015 	EXP 	pilot_fiksacja2: autoDraw = True
6.1161 	EXP 	pilot_fiksacja2: autoDraw = False
6.2997 	EXP 	pilot_stim_image: autoDraw = True
7.1969 	EXP 	pilot_suwak: autoDraw = True
7.1969 	EXP 	pilot_pytanie: autoDraw = True
7.1969 	EXP 	pilot_lewa_etykieta: autoDraw = True
7.1969 	EXP 	pilot_prawa_etykieta: autoDraw = True
7.2133 	EXP 	pilot_stim_image: autoDraw = False
7.7478 	DATA 	Mouse: Left button down, pos=(516,147)
7.7614 	EXP 	pilot_suwak: markerPos = np.float64(29.0)
7.7782 	EXP 	pilot_suwak: markerPos = np.float64(29.0)
7.7948 	EXP 	pilot_suwak: markerPos = np.float64(29.0)
7.8116 	EXP 	pilot_suwak: markerPos = np.float64(29.0)
7.8157 	DATA 	Mouse:  Left button up, pos=(516,147)
7.8282 	EXP 	pilot_suwak: markerPos = np.float64(29.0)
7.8450 	INFO 	Keyboard events cleared
7.8449 	EXP 	pilot_label_text: autoDraw = False
7.8449 	EXP 	pilot_fiksacja1: autoDraw = False
7.8449 	EXP 	pilot_suwak: autoDraw = False
7.8449 	EXP 	pilot_fiksacja2: autoDraw = False
7.8449 	EXP 	pilot_pytanie: autoDraw = False
7.8449 	EXP 	pilot_lewa_etykieta: autoDraw = False
7.8449 	EXP 	pilot_prawa_etykieta: autoDraw = False
7.8449 	EXP 	pilot_stim_image: autoDraw = False
7.8449 	EXP 	start_badania: autoDraw = True
8.7112 	EXP 	Device response: <KeyPress from None: t=8.696574300061911, value=space, duration=None>
8.7247 	DEBUG 	Read excel file with openpyxl: conditions.xlsx
8.7290 	EXP 	Imported conditions.xlsx as conditions, 32 conditions, 9 params
8.7296 	EXP 	New trial (rep=0, index=0): <Trial 0 (0 in rep 0) data={'image_path': 'C:\\Users\\julia\\OneDrive\\Pulpit\\percepcja_psychopy\\photos\\Twarze 50,50\\SZ 50,50\\1K SZ 5050.png', 'etykieta': 'Model sztucznej inteligencji wykrył w tej twarzy 72% strachu .', 'left_label': 'strach', 'right_label': 'złość', 'show_label': 1, 'proporcja_zdjecia': '50/50', 'typ_etykiety': 'Procentowa AI', 'warunek': 'n/d', 'kierunek': 'Sugestia Lewo strach', 'thisN': 0, 'thisTrialN': 0, 'thisRepN': 0}>
8.8015 	EXP 	Device response: <KeyPress from None: t=8.696574300061911, value=space, duration=0.0641388000221923>
8.8026 	DATA 	Keypress: space
8.8076 	EXP 	start_badania: autoDraw = False
8.8076 	EXP 	przerwa_text: autoDraw = False
8.8076 	EXP 	label_text: height = np.float64(0.05)
8.8076 	EXP 	label_text: height = np.float64(0.05)
8.8076 	EXP 	label_text: height = np.float64(0.05)
8.8076 	EXP 	label_text: text = 'Model sztucznej inteligencji wykrył w tej twarzy 72% strachu .'
8.8076 	EXP 	label_text: height = np.float64(0.05)
8.8076 	EXP 	label_text: height = np.float64(0.05)
8.8076 	EXP 	label_text: height = np.float64(0.05)
8.8076 	EXP 	label_text: text = 'Model sztucznej inteligencji wykrył w tej twarzy 72% strachu .'
8.8076 	EXP 	stim_image: image = 'C:\\Users\\julia\\OneDrive\\Pulpit\\percepcja_psychopy\\photos\\Twarze 50,50\\SZ 50,50\\1K SZ 5050.png'
8.8076 	EXP 	suwak_badanie: markerPos = None
8.8076 	EXP 	suwak_badanie: markerPos = 0
8.8076 	EXP 	lewa_etykieta: height = np.float64(0.085)
8.8076 	EXP 	lewa_etykieta: height = np.float64(0.085)
8.8076 	EXP 	lewa_etykieta: height = np.float64(0.085)
8.8076 	EXP 	lewa_etykieta: text = 'strach'
8.8076 	EXP 	prawa_etykieta: height = np.float64(0.085)
8.8076 	EXP 	prawa_etykieta: height = np.float64(0.085)
8.8076 	EXP 	prawa_etykieta: height = np.float64(0.085)
8.8076 	EXP 	prawa_etykieta: text = 'złość'
8.8076 	EXP 	label_text: autoDraw = True
9.8228 	EXP 	label_text: autoDraw = False
9.9394 	EXP 	fiksacja2: autoDraw = True
10.1890 	EXP 	fiksacja2: autoDraw = False
13.0313 	EXP 	stim_image: autoDraw = True
14.2601 	EXP 	stim_image: autoDraw = False
14.2601 	EXP 	suwak_badanie: autoDraw = True
14.2601 	EXP 	lewa_etykieta: autoDraw = True
14.2601 	EXP 	prawa_etykieta: autoDraw = True
14.2601 	EXP 	pytanie: autoDraw = True
15.4124 	DATA 	Mouse: Left button down, pos=(474,144)
15.4245 	EXP 	suwak_badanie: markerPos = np.float64(18.5)
15.4565 	EXP 	suwak_badanie: markerPos = np.float64(18.5)
15.4741 	EXP 	suwak_badanie: markerPos = np.float64(18.5)
15.4882 	DATA 	Mouse:  Left button up, pos=(474,144)
15.5062 	EXP 	suwak_badanie: markerPos = np.float64(18.5)
15.5245 	EXP 	suwak_badanie: markerPos = np.float64(18.5)
15.5410 	EXP 	label_text: autoDraw = False
15.5410 	EXP 	stim_image: autoDraw = False
15.5410 	EXP 	suwak_badanie: autoDraw = False
15.5410 	EXP 	lewa_etykieta: autoDraw = False
15.5410 	EXP 	prawa_etykieta: autoDraw = False
15.5410 	EXP 	fiksacja2: autoDraw = False
15.5410 	EXP 	pytanie: autoDraw = False
15.5410 	EXP 	text: autoDraw = True
15.8422 	EXP 	New trial (rep=0, index=1): <Trial 1 (1 in rep 0) data={'image_path': 'C:\\Users\\julia\\OneDrive\\Pulpit\\percepcja_psychopy\\photos\\Twarze 80,20\\OZ 80,20\\1K OZ 8020.png', 'etykieta': 'Poprzedni badani wykryli w tej twarzy oczekiwanie.', 'left_label': 'zaskoczenie', 'right_label': 'oczekiwanie', 'show_label': 1, 'proporcja_zdjecia': '80/20 oczekiwanie', 'typ_etykiety': 'Kategorialna Ludzie', 'warunek': 'Zgodny', 'kierunek': 'Dominacja Prawo oczekiwanie', 'thisN': 1, 'thisTrialN': 1, 'thisRepN': 0}>
15.9217 	EXP 	text: autoDraw = False
15.9217 	EXP 	przerwa_text: autoDraw = False
15.9217 	EXP 	label_text: height = np.float64(0.05)
15.9217 	EXP 	label_text: height = np.float64(0.05)
15.9217 	EXP 	label_text: height = np.float64(0.05)
15.9217 	EXP 	label_text: text = 'Poprzedni badani wykryli w tej twarzy oczekiwanie.'
15.9217 	EXP 	label_text: height = np.float64(0.05)
15.9217 	EXP 	label_text: height = np.float64(0.05)
15.9217 	EXP 	label_text: height = np.float64(0.05)
15.9217 	EXP 	label_text: text = 'Poprzedni badani wykryli w tej twarzy oczekiwanie.'
15.9217 	EXP 	stim_image: image = 'C:\\Users\\julia\\OneDrive\\Pulpit\\percepcja_psychopy\\photos\\Twarze 80,20\\OZ 80,20\\1K OZ 8020.png'
15.9217 	EXP 	suwak_badanie: markerPos = None
15.9217 	EXP 	suwak_badanie: markerPos = 0
15.9217 	EXP 	lewa_etykieta: height = np.float64(0.085)
15.9217 	EXP 	lewa_etykieta: height = np.float64(0.085)
15.9217 	EXP 	lewa_etykieta: height = np.float64(0.085)
15.9217 	EXP 	lewa_etykieta: text = 'zaskoczenie'
15.9217 	EXP 	prawa_etykieta: height = np.float64(0.085)
15.9217 	EXP 	prawa_etykieta: height = np.float64(0.085)
15.9217 	EXP 	prawa_etykieta: height = np.float64(0.085)
15.9217 	EXP 	prawa_etykieta: text = 'oczekiwanie'
15.9217 	EXP 	label_text: autoDraw = True
16.9369 	EXP 	label_text: autoDraw = False
17.0532 	EXP 	fiksacja2: autoDraw = True
17.3028 	EXP 	fiksacja2: autoDraw = False
20.1456 	EXP 	stim_image: autoDraw = True
21.3416 	EXP 	suwak_badanie: autoDraw = True
21.3416 	EXP 	lewa_etykieta: autoDraw = True
21.3416 	EXP 	prawa_etykieta: autoDraw = True
21.3416 	EXP 	pytanie: autoDraw = True
21.3572 	EXP 	stim_image: autoDraw = False
22.0633 	DATA 	Mouse: Left button down, pos=(494,143)
22.0889 	EXP 	suwak_badanie: markerPos = np.float64(23.5)
22.1249 	EXP 	suwak_badanie: markerPos = np.float64(23.5)
22.1550 	EXP 	suwak_badanie: markerPos = np.float64(23.5)
22.1612 	DATA 	Mouse:  Left button up, pos=(494,143)
22.1726 	EXP 	suwak_badanie: markerPos = np.float64(23.5)
22.1894 	EXP 	label_text: autoDraw = False
22.1894 	EXP 	stim_image: autoDraw = False
22.1894 	EXP 	suwak_badanie: autoDraw = False
22.1894 	EXP 	lewa_etykieta: autoDraw = False
22.1894 	EXP 	prawa_etykieta: autoDraw = False
22.1894 	EXP 	fiksacja2: autoDraw = False
22.1894 	EXP 	pytanie: autoDraw = False
22.1894 	EXP 	text: autoDraw = True
22.4754 	EXP 	New trial (rep=0, index=2): <Trial 2 (2 in rep 0) data={'image_path': 'C:\\Users\\julia\\OneDrive\\Pulpit\\percepcja_psychopy\\photos\\Twarze 50,50\\RS 50,50\\1K RS 5050.png', 'etykieta': 'test', 'left_label': 'radość', 'right_label': 'smutek', 'show_label': 0, 'proporcja_zdjecia': '50/50', 'typ_etykiety': 'Kontrolna', 'warunek': 'kontrolny', 'kierunek': 'Brak', 'thisN': 2, 'thisTrialN': 2, 'thisRepN': 0}>
22.5587 	EXP 	text: autoDraw = False
22.5587 	EXP 	text: autoDraw = False
22.5587 	EXP 	przerwa_text: autoDraw = False
22.5587 	EXP 	label_text: height = np.float64(0.05)
22.5587 	EXP 	label_text: height = np.float64(0.05)
22.5587 	EXP 	label_text: height = np.float64(0.05)
22.5587 	EXP 	label_text: text = ''
22.5587 	EXP 	label_text: height = np.float64(0.05)
22.5587 	EXP 	label_text: height = np.float64(0.05)
22.5587 	EXP 	label_text: height = np.float64(0.05)
22.5587 	EXP 	label_text: height = np.float64(0.05)
22.5587 	EXP 	label_text: height = np.float64(0.05)
22.5587 	EXP 	label_text: height = np.float64(0.05)
22.5587 	EXP 	label_text: text = 'test'
22.5587 	EXP 	stim_image: image = 'C:\\Users\\julia\\OneDrive\\Pulpit\\percepcja_psychopy\\photos\\Twarze 50,50\\RS 50,50\\1K RS 5050.png'
22.5587 	EXP 	suwak_badanie: markerPos = None
22.5587 	EXP 	suwak_badanie: markerPos = 0
22.5587 	EXP 	lewa_etykieta: height = np.float64(0.085)
22.5587 	EXP 	lewa_etykieta: height = np.float64(0.085)
22.5587 	EXP 	lewa_etykieta: height = np.float64(0.085)
22.5587 	EXP 	lewa_etykieta: text = 'radość'
22.5587 	EXP 	prawa_etykieta: height = np.float64(0.085)
22.5587 	EXP 	prawa_etykieta: height = np.float64(0.085)
22.5587 	EXP 	prawa_etykieta: height = np.float64(0.085)
22.5587 	EXP 	prawa_etykieta: text = 'smutek'
22.5587 	EXP 	label_text: autoDraw = True
22.5587 	EXP 	label_text: autoDraw = False
22.6885 	EXP 	fiksacja2: autoDraw = True
22.9533 	EXP 	fiksacja2: autoDraw = False
24.4349 	EXP 	Device response: <KeyPress from None: t=24.420255600009114, value=escape, duration=None>
24.4355 	DATA 	Keypress: escape
24.5524 	EXP 	Device response: <KeyPress from None: t=24.420255600009114, value=escape, duration=0.12489610002376139>
24.5525 	EXP 	untitled_FINAL_NEWEST: status = STOPPED
24.5683 	EXP 	untitled_FINAL_NEWEST: status = STOPPED
24.5752 	INFO 	saved data to 'C:\\Users\\julia\\OneDrive\\Pulpit\\percepcja_psychopy\\data\\pilot_untitled_FINAL_NEWEST_2026-04-25_19h50.50.566.csv'
24.5776 	INFO 	saved data to C:\Users\julia\OneDrive\Pulpit\percepcja_psychopy\data\pilot_untitled_FINAL_NEWEST_2026-04-25_19h50.50.566.psydat
25.1110 	DEBUG 	Saving data for untitled_FINAL_NEWEST ExperimentHandler
25.1827 	WARNING 	Stopping key buffers but this could be dangerous ifother keyboards rely on the same.
