7.5258 	DEBUG 	Fullscreen settings ignored as running in pilot mode.
7.5270 	INFO 	Loaded monitor calibration from ['2026_03_18 20:30']
7.9351 	INFO 	Using renderer 'Intel(R) UHD Graphics' for graphics
7.9351 	INFO 	OpenGL version supported by driver is 4..
8.8381 	EXP 	Created window1 = Window(allowGUI=False, allowStencil=True, autoLog=True, backendConf=UNKNOWN, backgroundFit=<method-wrapper '__getattribute__' of attributeSetter object at 0x00000231ABC30B50>, backgroundImage=<method-wrapper '__getattribute__' of attributeSetter object at 0x00000231ABC30BE0>, bitsMode=UNKNOWN, blendMode='avg', bpc=(8, 8, 8), color=array([0.6549, 0.6549, 0.6549]), colorSpace='rgb', depthBits=8, fullscr=False, gamma=None, gammaErrorPolicy='raise', infoMsg=UNKNOWN, lms=UNKNOWN, monitor=<psychopy.monitors.calibTools.Monitor object at 0x00000231B24E0940>, multiSample=False, name='window1', numSamples=2, pos=[np.float64(560.0), np.float64(240.0)], screen=0, size=array([800, 600]), stencilBits=8, stereo=False, title='PsychoPy', units='height', useFBO=True, useRetina=False, viewOri=0.0, viewPos=None, viewScale=None, waitBlanking=True, winType='pyglet')
8.8381 	EXP 	window1: backgroundImage = ''
8.8381 	EXP 	window1: backgroundFit = 'none'
8.8727 	DEBUG 	TextBox2 loaded 1 chars with 0 blanks and 1 valid
8.8873 	DEBUG 	TextBox2 loaded 1 chars with 0 blanks and 1 valid
8.9014 	DEBUG 	TextBox2 loaded 1 chars with 0 blanks and 1 valid
8.9158 	DEBUG 	TextBox2 loaded 1 chars with 0 blanks and 1 valid
8.9306 	DEBUG 	TextBox2 loaded 1 chars with 0 blanks and 1 valid
8.9447 	DEBUG 	TextBox2 loaded 1 chars with 0 blanks and 1 valid
8.9590 	DEBUG 	TextBox2 loaded 1 chars with 0 blanks and 1 valid
8.9720 	DEBUG 	TextBox2 loaded 1 chars with 0 blanks and 1 valid
8.9856 	DEBUG 	TextBox2 loaded 1 chars with 0 blanks and 1 valid
8.9993 	DEBUG 	TextBox2 loaded 1 chars with 0 blanks and 1 valid
9.0141 	DEBUG 	TextBox2 loaded 1 chars with 0 blanks and 1 valid
9.0283 	DEBUG 	TextBox2 loaded 1 chars with 0 blanks and 1 valid
9.0421 	DEBUG 	TextBox2 loaded 1 chars with 0 blanks and 1 valid
9.0553 	DEBUG 	TextBox2 loaded 1 chars with 0 blanks and 1 valid
9.0710 	DEBUG 	TextBox2 loaded 1 chars with 0 blanks and 1 valid
9.0853 	DEBUG 	TextBox2 loaded 1 chars with 0 blanks and 1 valid
9.1016 	DEBUG 	TextBox2 loaded 1 chars with 0 blanks and 1 valid
9.1162 	DEBUG 	TextBox2 loaded 1 chars with 0 blanks and 1 valid
9.1304 	DEBUG 	TextBox2 loaded 1 chars with 0 blanks and 1 valid
9.1443 	DEBUG 	TextBox2 loaded 1 chars with 0 blanks and 1 valid
9.1590 	DEBUG 	TextBox2 loaded 1 chars with 0 blanks and 1 valid
9.1728 	DEBUG 	TextBox2 loaded 1 chars with 0 blanks and 1 valid
9.1870 	DEBUG 	TextBox2 loaded 1 chars with 0 blanks and 1 valid
9.2011 	DEBUG 	TextBox2 loaded 1 chars with 0 blanks and 1 valid
9.2156 	DEBUG 	TextBox2 loaded 1 chars with 0 blanks and 1 valid
9.2297 	DEBUG 	TextBox2 loaded 1 chars with 0 blanks and 1 valid
9.2438 	DEBUG 	TextBox2 loaded 1 chars with 0 blanks and 1 valid
9.2570 	DEBUG 	TextBox2 loaded 1 chars with 0 blanks and 1 valid
9.2574 	DEBUG 	Uploading Texture Font fontname to graphics card
9.2661 	DEBUG 	Upload of Texture Font fontname complete
9.2992 	DEBUG 	TextBox2 loaded 1 chars with 0 blanks and 1 valid
9.3134 	DEBUG 	TextBox2 loaded 1 chars with 0 blanks and 1 valid
9.3138 	DEBUG 	Uploading Texture Font fontname to graphics card
9.3210 	DEBUG 	Upload of Texture Font fontname complete
9.4834 	INFO 	keyboard.Keyboard is using ptb backend.
9.4834 	EXP 	untitled_FINAL_NEWEST: status = STARTED
9.6383 	EXP 	Created text_instr = TextStim(__class__=<class 'psychopy.visual.text.TextStim'>, alignHoriz=method-wrapper(...), alignText='center', alignVert=method-wrapper(...), anchorHoriz='center', anchorVert='center', antialias=True, autoDraw=False, autoLog=True, bold=False, color=array([-1., -1., -1.]), colorSpace='rgb', contrast=1.0, depth=-2.0, draggable=False, flipHoriz=False, flipVert=False, font='Arial', fontFiles=[], height=np.float64(0.03), italic=False, languageStyle='LTR', name='text_instr', opacity=1, ori=0.0, pos=array([0., 0.]), rgb=UNKNOWN, text=str(...), units='height', win=Window(...), wrapWidth=1.5)
9.6646 	EXP 	Created suwak_info = TextStim(__class__=<class 'psychopy.visual.text.TextStim'>, alignHoriz=method-wrapper(...), alignText='center', alignVert=method-wrapper(...), anchorHoriz='center', anchorVert='center', antialias=True, autoDraw=False, autoLog=True, bold=False, color=array([-1., -1., -1.]), colorSpace='rgb', contrast=1.0, depth=-1.0, draggable=False, flipHoriz=False, flipVert=False, font='Arial', fontFiles=[], height=np.float64(0.03), italic=False, languageStyle='LTR', name='suwak_info', opacity=1, ori=0.0, pos=array([0., 0.]), rgb=UNKNOWN, text=str(...), units='height', win=Window(...), wrapWidth=1.3)
9.6943 	EXP 	Created proba_testowa = TextStim(__class__=<class 'psychopy.visual.text.TextStim'>, alignHoriz=method-wrapper(...), alignText='center', alignVert=method-wrapper(...), anchorHoriz='center', anchorVert='center', antialias=True, autoDraw=False, autoLog=True, bold=False, color=array([-1., -1., -1.]), colorSpace='rgb', contrast=1.0, depth=-2.0, draggable=False, flipHoriz=False, flipVert=False, font='Arial', fontFiles=[], height=np.float64(0.04), italic=False, languageStyle='LTR', name='proba_testowa', opacity=1, ori=0.0, pos=array([0., 0.]), rgb=UNKNOWN, text=str(...), units='height', win=Window(...), wrapWidth=1.4)
9.6954 	EXP 	Created pilot_label_text = TextStim(__class__=<class 'psychopy.visual.text.TextStim'>, alignHoriz=method-wrapper(...), alignText='center', alignVert=method-wrapper(...), anchorHoriz='center', anchorVert='center', antialias=True, autoDraw=False, autoLog=True, bold=False, color=array([-1., -1., -1.]), colorSpace='rgb', contrast=1.0, depth=-1.0, draggable=False, flipHoriz=False, flipVert=False, font='Arial', fontFiles=[], height=0.05, italic=False, languageStyle='LTR', name='pilot_label_text', opacity=1, ori=0.0, pos=array([0., 0.]), rgb=UNKNOWN, text='', units='height', win=Window(...), wrapWidth=1.3)
9.7012 	EXP 	Created pilot_fiksacja1 = TextStim(__class__=<class 'psychopy.visual.text.TextStim'>, alignHoriz=method-wrapper(...), alignText='center', alignVert=method-wrapper(...), anchorHoriz='center', anchorVert='center', antialias=True, autoDraw=False, autoLog=True, bold=False, color=array([-1., -1., -1.]), colorSpace='rgb', contrast=1.0, depth=-2.0, draggable=False, flipHoriz=False, flipVert=False, font='Arial', fontFiles=[], height=np.float64(0.12), italic=False, languageStyle='LTR', name='pilot_fiksacja1', opacity=1, ori=0.0, pos=array([0., 0.]), rgb=UNKNOWN, text='+', units='height', win=Window(...), wrapWidth=1)
9.7318 	EXP 	Created pilot_suwak = Slider(__class__=<class 'psychopy.visual.slider.Slider'>, autoDraw=False, autoLog=True, borderColor=None, color=None, colorSpace='rgb', depth=-3, fillColor=None, flip=False, font='Noto Sans', granularity=0.0, labelColor=None, labelHeight=np.float64(0.05), labelWrapWidth=None, labels=None, lineColor=None, markerColor=None, name='pilot_suwak', opacity=None, ori=0.0, pos=array([ 0. , -0.5]), readOnly=False, self=UNKNOWN, size=array([1. , 0.1]), startValue=0, style='slider', styleTweaks=[], ticks=array([-50, -25,   0,  25,  50]), units='norm', win=Window(...))
9.7359 	EXP 	Created pilot_fiksacja2 = TextStim(__class__=<class 'psychopy.visual.text.TextStim'>, alignHoriz=method-wrapper(...), alignText='center', alignVert=method-wrapper(...), anchorHoriz='center', anchorVert='center', antialias=True, autoDraw=False, autoLog=True, bold=False, color=array([-1., -1., -1.]), colorSpace='rgb', contrast=1.0, depth=-4.0, draggable=False, flipHoriz=False, flipVert=False, font='Arial', fontFiles=[], height=np.float64(0.1), italic=False, languageStyle='LTR', name='pilot_fiksacja2', opacity=1, ori=0.0, pos=array([0., 0.]), rgb=UNKNOWN, text='+', units='height', win=Window(...), wrapWidth=1)
9.7498 	EXP 	Created pilot_pytanie = TextStim(__class__=<class 'psychopy.visual.text.TextStim'>, alignHoriz=method-wrapper(...), alignText='center', alignVert=method-wrapper(...), anchorHoriz='center', anchorVert='center', antialias=True, autoDraw=False, autoLog=True, bold=False, color=array([-1., -1., -1.]), colorSpace='rgb', contrast=1.0, depth=-5.0, draggable=False, flipHoriz=False, flipVert=False, font='Arial', fontFiles=[], height=np.float64(0.1), italic=False, languageStyle='LTR', name='pilot_pytanie', opacity=1, ori=0.0, pos=array([0., 0.]), rgb=UNKNOWN, text='Jaką emocję wyrażała ta twarz?', units='norm', win=Window(...), wrapWidth=1)
9.7510 	EXP 	Created pilot_lewa_etykieta = TextStim(__class__=<class 'psychopy.visual.text.TextStim'>, alignHoriz=method-wrapper(...), alignText='center', alignVert=method-wrapper(...), anchorHoriz='center', anchorVert='center', antialias=True, autoDraw=False, autoLog=True, bold=False, color=array([-1., -1., -1.]), colorSpace='rgb', contrast=1.0, depth=-6.0, draggable=False, flipHoriz=False, flipVert=False, font='Arial', fontFiles=[], height=0.085, italic=False, languageStyle='LTR', name='pilot_lewa_etykieta', opacity=1, ori=0.0, pos=array([-0.6, -0.5]), rgb=UNKNOWN, text='', units='norm', win=Window(...), wrapWidth=1)
9.7516 	EXP 	Created pilot_prawa_etykieta = TextStim(__class__=<class 'psychopy.visual.text.TextStim'>, alignHoriz=method-wrapper(...), alignText='center', alignVert=method-wrapper(...), anchorHoriz='center', anchorVert='center', antialias=True, autoDraw=False, autoLog=True, bold=False, color=array([-1., -1., -1.]), colorSpace='rgb', contrast=1.0, depth=-7.0, draggable=False, flipHoriz=False, flipVert=False, font='Arial', fontFiles=[], height=0.085, italic=False, languageStyle='LTR', name='pilot_prawa_etykieta', opacity=1, ori=0.0, pos=array([ 0.6, -0.5]), rgb=UNKNOWN, text='', units='norm', win=Window(...), wrapWidth=1)
9.8246 	EXP 	Created pilot_stim_image = ImageStim(__class__=<class 'psychopy.visual.image.ImageStim'>, anchor=('center', 'center'), autoLog=True, color=array([1., 1., 1.]), colorSpace='rgb', contrast=1.0, depth=-8.0, draggable=False, flipHoriz=np.False_, flipVert=np.False_, image='photos/twarz_testowa.jpg', interpolate=True, mask=None, maskParams=None, name='pilot_stim_image', opacity=1, ori=0.0, pos=array([0., 0.]), size=array([0.75, 0.75]), texRes=128.0, units='height', win=Window(...))
9.8549 	EXP 	Created start_badania = TextStim(__class__=<class 'psychopy.visual.text.TextStim'>, alignHoriz=method-wrapper(...), alignText='center', alignVert=method-wrapper(...), anchorHoriz='center', anchorVert='center', antialias=True, autoDraw=False, autoLog=True, bold=False, color=array([-1., -1., -1.]), colorSpace='rgb', contrast=1.0, depth=-2.0, draggable=False, flipHoriz=False, flipVert=False, font='Arial', fontFiles=[], height=np.float64(0.1), italic=False, languageStyle='LTR', name='start_badania', opacity=1, ori=0.0, pos=array([0., 0.]), rgb=UNKNOWN, text=str(...), units='norm', win=Window(...), wrapWidth=1.4)
9.8596 	EXP 	Created przerwa_text = TextStim(__class__=<class 'psychopy.visual.text.TextStim'>, alignHoriz=method-wrapper(...), alignText='center', alignVert=method-wrapper(...), anchorHoriz='center', anchorVert='center', antialias=True, autoDraw=False, autoLog=True, bold=False, color=array([-1., -1., -1.]), colorSpace='rgb', contrast=1.0, depth=0.0, draggable=False, flipHoriz=False, flipVert=False, font='Arial', fontFiles=[], height=np.float64(0.1), italic=False, languageStyle='LTR', name='przerwa_text', opacity=1, ori=0.0, pos=array([0., 0.]), rgb=UNKNOWN, text=str(...), units='norm', win=Window(...), wrapWidth=1)
9.8602 	EXP 	Created label_text = TextStim(__class__=<class 'psychopy.visual.text.TextStim'>, alignHoriz=method-wrapper(...), alignText='center', alignVert=method-wrapper(...), anchorHoriz='center', anchorVert='center', antialias=True, autoDraw=False, autoLog=True, bold=False, color=array([-1., -1., -1.]), colorSpace='rgb', contrast=1.0, depth=-2.0, draggable=False, flipHoriz=False, flipVert=False, font='Arial', fontFiles=[], height=0.05, italic=False, languageStyle='LTR', name='label_text', opacity=1, ori=0.0, pos=array([0., 0.]), rgb=UNKNOWN, text='', units='height', win=Window(...), wrapWidth=1.3)
9.8640 	EXP 	Created stim_image = ImageStim(__class__=<class 'psychopy.visual.image.ImageStim'>, anchor=('center', 'center'), autoLog=True, color=array([1., 1., 1.]), colorSpace='rgb', contrast=1.0, depth=-3.0, draggable=False, flipHoriz=np.False_, flipVert=np.False_, image='default.png', interpolate=True, mask=None, maskParams=None, name='stim_image', opacity=1, ori=0.0, pos=array([0., 0.]), size=array([0.75, 0.75]), texRes=128.0, units='height', win=Window(...))
9.8744 	EXP 	Created suwak_badanie = Slider(__class__=<class 'psychopy.visual.slider.Slider'>, autoDraw=False, autoLog=True, borderColor=None, color=None, colorSpace='rgb', depth=-4, fillColor=None, flip=False, font='Noto Sans', granularity=0.0, labelColor=None, labelHeight=np.float64(0.05), labelWrapWidth=None, labels=None, lineColor=None, markerColor=None, name='suwak_badanie', opacity=None, ori=0.0, pos=array([ 0. , -0.5]), readOnly=False, self=UNKNOWN, size=array([1. , 0.1]), startValue=0, style='slider', styleTweaks=[], ticks=array([-50, -25,   0,  25,  50]), units='norm', win=Window(...))
9.8753 	EXP 	Created lewa_etykieta = TextStim(__class__=<class 'psychopy.visual.text.TextStim'>, alignHoriz=method-wrapper(...), alignText='center', alignVert=method-wrapper(...), anchorHoriz='center', anchorVert='center', antialias=True, autoDraw=False, autoLog=True, bold=False, color=array([-1., -1., -1.]), colorSpace='rgb', contrast=1.0, depth=-5.0, draggable=False, flipHoriz=False, flipVert=False, font='Arial', fontFiles=[], height=0.085, italic=False, languageStyle='LTR', name='lewa_etykieta', opacity=1, ori=0.0, pos=array([-0.65, -0.5 ]), rgb=UNKNOWN, text='', units='norm', win=Window(...), wrapWidth=1)
9.8760 	EXP 	Created prawa_etykieta = TextStim(__class__=<class 'psychopy.visual.text.TextStim'>, alignHoriz=method-wrapper(...), alignText='center', alignVert=method-wrapper(...), anchorHoriz='center', anchorVert='center', antialias=True, autoDraw=False, autoLog=True, bold=False, color=array([-1., -1., -1.]), colorSpace='rgb', contrast=1.0, depth=-6.0, draggable=False, flipHoriz=False, flipVert=False, font='Arial', fontFiles=[], height=0.085, italic=False, languageStyle='LTR', name='prawa_etykieta', opacity=1, ori=0.0, pos=array([ 0.65, -0.5 ]), rgb=UNKNOWN, text='', units='norm', win=Window(...), wrapWidth=1)
9.8800 	EXP 	Created pytanie = TextStim(__class__=<class 'psychopy.visual.text.TextStim'>, alignHoriz=method-wrapper(...), alignText='center', alignVert=method-wrapper(...), anchorHoriz='center', anchorVert='center', antialias=True, autoDraw=False, autoLog=True, bold=False, color=array([-1., -1., -1.]), colorSpace='rgb', contrast=1.0, depth=-7.0, draggable=False, flipHoriz=False, flipVert=False, font='Arial', fontFiles=[], height=np.float64(0.1), italic=False, languageStyle='LTR', name='pytanie', opacity=1, ori=0.0, pos=array([0., 0.]), rgb=UNKNOWN, text='Jaką emocję wyrażała ta twarz?', units='norm', win=Window(...), wrapWidth=1)
9.8816 	EXP 	Created polygon = ShapeStim(__class__=<class 'psychopy.visual.shape.ShapeStim'>, anchor=('center', 'center'), autoDraw=False, autoLog=True, closeShape=True, color=method-wrapper(...), colorSpace='rgb', contrast=None, depth=-8.0, draggable=False, fillColor=array([-1., -1., -1.]), fillColorSpace='rgb', fillRGB=array([-1., -1., -1.]), interpolate=True, lineColor=array([-1., -1., -1.]), lineColorSpace='rgb', lineRGB=array([-1., -1., -1.]), lineWidth=0.01, name='polygon', opacity=1, ori=0.0, pos=array([0., 0.]), size=array([0.05, 0.05]), units='height', vertices=ndarray(...), win=Window(...), windingRule=None)
9.8829 	EXP 	Created text = TextStim(__class__=<class 'psychopy.visual.text.TextStim'>, alignHoriz=method-wrapper(...), alignText='center', alignVert=method-wrapper(...), anchorHoriz='center', anchorVert='center', antialias=True, autoDraw=False, autoLog=True, bold=False, color=array([1., 1., 1.]), colorSpace='rgb', contrast=1.0, depth=-1.0, draggable=False, flipHoriz=False, flipVert=False, font='Arial', fontFiles=[], height=np.float64(0.05), italic=False, languageStyle='LTR', name='text', opacity=1, ori=0.0, pos=array([0., 0.]), rgb=UNKNOWN, text='', units='height', win=Window(...), wrapWidth=1)
9.8937 	EXP 	Created podziekowania_text = TextStim(__class__=<class 'psychopy.visual.text.TextStim'>, alignHoriz=method-wrapper(...), alignText='center', alignVert=method-wrapper(...), anchorHoriz='center', anchorVert='center', antialias=True, autoDraw=False, autoLog=True, bold=False, color=array([1., 1., 1.]), colorSpace='rgb', contrast=1.0, depth=0.0, draggable=False, flipHoriz=False, flipVert=False, font='Arial', fontFiles=[], height=np.float64(0.05), italic=False, languageStyle='LTR', name='podziekowania_text', opacity=1, ori=0.0, pos=array([0., 0.]), rgb=UNKNOWN, text=str(...), units='height', win=Window(...), wrapWidth=1)
0.0253 	EXP 	pilot_suwak: autoLog = True
0.0253 	EXP 	pilot_suwak: styleTweaks = []
0.0253 	EXP 	pilot_suwak: styleTweaks = []
0.0253 	EXP 	pilot_suwak: styleTweaks = []
0.0253 	EXP 	pilot_suwak: styleTweaks = []
0.0253 	EXP 	pilot_suwak: contrast = 1.0
0.0253 	EXP 	pilot_suwak: markerPos = 0
0.0253 	EXP 	pilot_suwak: autoLog = True
0.0253 	EXP 	suwak_badanie: autoLog = True
0.0253 	EXP 	suwak_badanie: styleTweaks = []
0.0253 	EXP 	suwak_badanie: styleTweaks = []
0.0253 	EXP 	suwak_badanie: styleTweaks = []
0.0253 	EXP 	suwak_badanie: styleTweaks = []
0.0253 	EXP 	suwak_badanie: contrast = 1.0
0.0253 	EXP 	suwak_badanie: markerPos = 0
0.0253 	EXP 	suwak_badanie: autoLog = True
0.0534 	INFO 	Keyboard events cleared
0.0533 	EXP 	text_instr: autoDraw = True
0.8956 	EXP 	Device response: <KeyPress from None: t=0.8747793999500573, value=space, duration=None>
0.8992 	DATA 	Keypress: space
0.9111 	INFO 	Keyboard events cleared
0.9109 	EXP 	text_instr: autoDraw = False
0.9109 	EXP 	suwak_info: autoDraw = True
0.9330 	EXP 	Device response: <KeyPress from None: t=0.8747793999500573, value=space, duration=0.04463750007562339>
1.0141 	EXP 	Device response: <KeyPress from None: t=1.0046507000224665, value=space, duration=None>
1.0161 	DATA 	Keypress: space
1.0274 	INFO 	Keyboard events cleared
1.0273 	EXP 	suwak_info: autoDraw = False
1.0273 	EXP 	proba_testowa: autoDraw = True
1.0635 	EXP 	Device response: <KeyPress from None: t=1.0046507000224665, value=space, duration=0.04565829993225634>
1.1494 	EXP 	Device response: <KeyPress from None: t=1.134703499963507, value=space, duration=None>
1.1860 	EXP 	Device response: <KeyPress from None: t=1.134703499963507, value=space, duration=0.04977779998444021>
1.1878 	DATA 	Keypress: space
1.1929 	EXP 	proba_testowa: autoDraw = False
1.1929 	EXP 	pilot_label_text: height = np.float64(0.05)
1.1929 	EXP 	pilot_label_text: height = np.float64(0.05)
1.1929 	EXP 	pilot_label_text: height = np.float64(0.05)
1.1929 	EXP 	pilot_label_text: height = np.float64(0.05)
1.1929 	EXP 	pilot_label_text: height = np.float64(0.05)
1.1929 	EXP 	pilot_label_text: height = np.float64(0.05)
1.1929 	EXP 	pilot_label_text: text = 'Model AI wykrył w tej twarzy 80% smutku.\n\n'
1.1929 	EXP 	pilot_suwak: markerPos = None
1.1929 	EXP 	pilot_suwak: markerPos = 0
1.1929 	EXP 	pilot_lewa_etykieta: height = np.float64(0.085)
1.1929 	EXP 	pilot_lewa_etykieta: height = np.float64(0.085)
1.1929 	EXP 	pilot_lewa_etykieta: height = np.float64(0.085)
1.1929 	EXP 	pilot_lewa_etykieta: text = 'radość'
1.1929 	EXP 	pilot_prawa_etykieta: height = np.float64(0.085)
1.1929 	EXP 	pilot_prawa_etykieta: height = np.float64(0.085)
1.1929 	EXP 	pilot_prawa_etykieta: height = np.float64(0.085)
1.1929 	EXP 	pilot_prawa_etykieta: text = 'smutek'
1.1929 	EXP 	pilot_fiksacja1: autoDraw = True
1.6920 	EXP 	pilot_fiksacja1: autoDraw = False
1.8581 	EXP 	pilot_label_text: autoDraw = True
4.8672 	EXP 	pilot_label_text: autoDraw = False
5.0503 	EXP 	pilot_fiksacja2: autoDraw = True
5.5654 	EXP 	pilot_fiksacja2: autoDraw = False
5.7653 	EXP 	pilot_stim_image: autoDraw = True
6.6784 	EXP 	pilot_suwak: autoDraw = True
6.6784 	EXP 	pilot_pytanie: autoDraw = True
6.6784 	EXP 	pilot_lewa_etykieta: autoDraw = True
6.6784 	EXP 	pilot_prawa_etykieta: autoDraw = True
6.6956 	EXP 	pilot_stim_image: autoDraw = False
7.3826 	DATA 	Mouse: Left button down, pos=(486,143)
7.3934 	EXP 	pilot_suwak: markerPos = np.float64(21.5)
7.4100 	EXP 	pilot_suwak: markerPos = np.float64(21.5)
7.4265 	EXP 	pilot_suwak: markerPos = np.float64(21.5)
7.4431 	EXP 	pilot_suwak: markerPos = np.float64(21.5)
7.4461 	DATA 	Mouse:  Left button up, pos=(486,143)
7.4598 	EXP 	pilot_suwak: markerPos = np.float64(21.5)
7.4763 	INFO 	Keyboard events cleared
7.4762 	EXP 	pilot_label_text: autoDraw = False
7.4762 	EXP 	pilot_fiksacja1: autoDraw = False
7.4762 	EXP 	pilot_suwak: autoDraw = False
7.4762 	EXP 	pilot_fiksacja2: autoDraw = False
7.4762 	EXP 	pilot_pytanie: autoDraw = False
7.4762 	EXP 	pilot_lewa_etykieta: autoDraw = False
7.4762 	EXP 	pilot_prawa_etykieta: autoDraw = False
7.4762 	EXP 	pilot_stim_image: autoDraw = False
7.4762 	EXP 	start_badania: autoDraw = True
8.1942 	EXP 	Device response: <KeyPress from None: t=8.186394899967127, value=space, duration=None>
8.2064 	DEBUG 	Read excel file with openpyxl: conditions.xlsx
8.2105 	EXP 	Imported conditions.xlsx as conditions, 32 conditions, 9 params
8.2110 	EXP 	New trial (rep=0, index=0): <Trial 0 (0 in rep 0) data={'image_path': 'photos/1K_SZ_5050.png', 'etykieta': 'Model sztucznej inteligencji wykrył w tej twarzy 72% strachu .', 'left_label': 'strach', 'right_label': 'złość', 'show_label': 4, 'proporcja_zdjecia': '50/50', 'typ_etykiety': 'Procentowa AI', 'warunek': 'n/d', 'kierunek': 'Sugestia Lewo strach', 'thisN': 0, 'thisTrialN': 0, 'thisRepN': 0}>
8.2718 	DATA 	Keypress: space
8.2904 	EXP 	start_badania: autoDraw = False
8.2904 	EXP 	przerwa_text: autoDraw = False
8.2904 	EXP 	label_text: height = np.float64(0.05)
8.2904 	EXP 	label_text: height = np.float64(0.05)
8.2904 	EXP 	label_text: height = np.float64(0.05)
8.2904 	EXP 	label_text: text = 'Model sztucznej inteligencji wykrył w tej twarzy 72% strachu .'
8.2904 	EXP 	label_text: height = np.float64(0.05)
8.2904 	EXP 	label_text: height = np.float64(0.05)
8.2904 	EXP 	label_text: height = np.float64(0.05)
8.2904 	EXP 	label_text: text = 'Model sztucznej inteligencji wykrył w tej twarzy 72% strachu .'
8.2904 	EXP 	stim_image: image = 'photos/1K_SZ_5050.png'
8.2904 	EXP 	suwak_badanie: markerPos = None
8.2904 	EXP 	suwak_badanie: markerPos = 0
8.2904 	EXP 	lewa_etykieta: height = np.float64(0.085)
8.2904 	EXP 	lewa_etykieta: height = np.float64(0.085)
8.2904 	EXP 	lewa_etykieta: height = np.float64(0.085)
8.2904 	EXP 	lewa_etykieta: text = 'strach'
8.2904 	EXP 	prawa_etykieta: height = np.float64(0.085)
8.2904 	EXP 	prawa_etykieta: height = np.float64(0.085)
8.2904 	EXP 	prawa_etykieta: height = np.float64(0.085)
8.2904 	EXP 	prawa_etykieta: text = 'złość'
8.2904 	EXP 	label_text: autoDraw = True
8.2933 	EXP 	Device response: <KeyPress from None: t=8.186394899967127, value=space, duration=0.10484789998736233>
12.2972 	EXP 	label_text: autoDraw = False
12.4134 	EXP 	polygon: autoDraw = True
12.6633 	EXP 	polygon: autoDraw = False
12.8624 	EXP 	stim_image: autoDraw = True
13.4681 	DATA 	Keypress: escape
13.4825 	EXP 	Device response: <KeyPress from None: t=13.466064700041898, value=escape, duration=None>
13.5822 	EXP 	Device response: <KeyPress from None: t=13.466064700041898, value=escape, duration=0.09976969996932894>
13.5823 	EXP 	untitled_FINAL_NEWEST: status = STOPPED
13.5935 	EXP 	stim_image: autoDraw = False
13.5984 	EXP 	untitled_FINAL_NEWEST: status = STOPPED
13.6099 	INFO 	saved data to 'C:\\Users\\julia\\OneDrive\\Pulpit\\percepcja_psychopy\\data\\pilot_untitled_FINAL_NEWEST_2026-04-27_12h00.08.821.csv'
13.6131 	INFO 	saved data to C:\Users\julia\OneDrive\Pulpit\percepcja_psychopy\data\pilot_untitled_FINAL_NEWEST_2026-04-27_12h00.08.821.psydat
14.0300 	DEBUG 	Saving data for untitled_FINAL_NEWEST ExperimentHandler
14.0509 	WARNING 	Stopping key buffers but this could be dangerous ifother keyboards rely on the same.
