11.2161 	DEBUG 	Fullscreen settings ignored as running in pilot mode.
11.2171 	INFO 	Loaded monitor calibration from ['2026_03_18 20:30']
12.1648 	INFO 	Using renderer 'Intel(R) UHD Graphics' for graphics
12.1648 	INFO 	OpenGL version supported by driver is 4..
13.2518 	EXP 	Created window1 = Window(allowGUI=False, allowStencil=False, autoLog=True, backendConf=UNKNOWN, backgroundFit=<method-wrapper '__getattribute__' of attributeSetter object at 0x000002E23BD5AE30>, backgroundImage=<method-wrapper '__getattribute__' of attributeSetter object at 0x000002E23BD5B220>, bitsMode=UNKNOWN, blendMode='avg', bpc=(8, 8, 8), color=array([0, 0, 0]), colorSpace='rgb', depthBits=8, fullscr=False, gamma=None, gammaErrorPolicy='raise', infoMsg=UNKNOWN, lms=UNKNOWN, monitor=<psychopy.monitors.calibTools.Monitor object at 0x000002E23D976020>, multiSample=False, name='window1', numSamples=2, pos=[np.float64(560.0), np.float64(240.0)], screen=0, size=array([800, 600]), stencilBits=0, stereo=False, title='PsychoPy', units='height', useFBO=True, useRetina=False, viewOri=0.0, viewPos=None, viewScale=None, waitBlanking=True, winType='pyglet')
13.2519 	EXP 	window1: backgroundImage = ''
13.2519 	EXP 	window1: backgroundFit = 'none'
13.3054 	DEBUG 	TextBox2 loaded 1 chars with 0 blanks and 1 valid
13.3225 	DEBUG 	TextBox2 loaded 1 chars with 0 blanks and 1 valid
13.3394 	DEBUG 	TextBox2 loaded 1 chars with 0 blanks and 1 valid
13.3558 	DEBUG 	TextBox2 loaded 1 chars with 0 blanks and 1 valid
13.3731 	DEBUG 	TextBox2 loaded 1 chars with 0 blanks and 1 valid
13.3885 	DEBUG 	TextBox2 loaded 1 chars with 0 blanks and 1 valid
13.4046 	DEBUG 	TextBox2 loaded 1 chars with 0 blanks and 1 valid
13.4221 	DEBUG 	TextBox2 loaded 1 chars with 0 blanks and 1 valid
13.4388 	DEBUG 	TextBox2 loaded 1 chars with 0 blanks and 1 valid
13.4582 	DEBUG 	TextBox2 loaded 1 chars with 0 blanks and 1 valid
13.4756 	DEBUG 	TextBox2 loaded 1 chars with 0 blanks and 1 valid
13.4936 	DEBUG 	TextBox2 loaded 1 chars with 0 blanks and 1 valid
13.5151 	DEBUG 	TextBox2 loaded 1 chars with 0 blanks and 1 valid
13.5322 	DEBUG 	TextBox2 loaded 1 chars with 0 blanks and 1 valid
13.5489 	DEBUG 	TextBox2 loaded 1 chars with 0 blanks and 1 valid
13.5648 	DEBUG 	TextBox2 loaded 1 chars with 0 blanks and 1 valid
13.5805 	DEBUG 	TextBox2 loaded 1 chars with 0 blanks and 1 valid
13.5958 	DEBUG 	TextBox2 loaded 1 chars with 0 blanks and 1 valid
13.6119 	DEBUG 	TextBox2 loaded 1 chars with 0 blanks and 1 valid
13.6313 	DEBUG 	TextBox2 loaded 1 chars with 0 blanks and 1 valid
13.6480 	DEBUG 	TextBox2 loaded 1 chars with 0 blanks and 1 valid
13.6486 	DEBUG 	Uploading Texture Font fontname to graphics card
13.6597 	DEBUG 	Upload of Texture Font fontname complete
13.7076 	DEBUG 	TextBox2 loaded 1 chars with 0 blanks and 1 valid
13.7232 	DEBUG 	TextBox2 loaded 1 chars with 0 blanks and 1 valid
13.7390 	DEBUG 	TextBox2 loaded 1 chars with 0 blanks and 1 valid
13.7396 	DEBUG 	Uploading Texture Font fontname to graphics card
13.7528 	DEBUG 	Upload of Texture Font fontname complete
13.7574 	EXP 	window1: Attempting to measure frame rate of screen (0) ...
13.7574 	EXP 	window1: recordFrameIntervals = False
14.0531 	EXP 	window1: recordFrameIntervals = True
14.3850 	WARNING 	t of last frame was 29.78ms (=1/33)
14.4052 	WARNING 	t of last frame was 20.16ms (=1/49)
14.4338 	WARNING 	t of last frame was 28.64ms (=1/34)
14.4883 	WARNING 	t of last frame was 35.73ms (=1/27)
14.5173 	WARNING 	Multiple dropped frames have occurred - I'll stop bothering you about them!
15.9160 	EXP 	window1: recordFrameIntervals = False
15.9160 	EXP 	Screen (0) actual frame rate measured at 60.19Hz
15.9739 	DEBUG 	TextBox2 loaded 1 chars with 0 blanks and 1 valid
15.9896 	DEBUG 	TextBox2 loaded 1 chars with 0 blanks and 1 valid
16.0055 	DEBUG 	TextBox2 loaded 1 chars with 0 blanks and 1 valid
16.0237 	DEBUG 	TextBox2 loaded 1 chars with 0 blanks and 1 valid
16.0400 	DEBUG 	TextBox2 loaded 1 chars with 0 blanks and 1 valid
16.0562 	DEBUG 	TextBox2 loaded 1 chars with 0 blanks and 1 valid
16.0712 	DEBUG 	TextBox2 loaded 1 chars with 0 blanks and 1 valid
16.0871 	DEBUG 	TextBox2 loaded 1 chars with 0 blanks and 1 valid
16.1039 	DEBUG 	TextBox2 loaded 1 chars with 0 blanks and 1 valid
16.1212 	DEBUG 	TextBox2 loaded 1 chars with 0 blanks and 1 valid
16.1220 	DEBUG 	Uploading Texture Font fontname to graphics card
16.1230 	DEBUG 	Upload of Texture Font fontname complete
16.4687 	INFO 	keyboard.Keyboard is using ptb backend.
16.4688 	EXP 	untitled_FINAL_NEWEST: status = STARTED
16.5222 	EXP 	Created label_text = TextStim(__class__=<class 'psychopy.visual.text.TextStim'>, alignHoriz=method-wrapper(...), alignText='center', alignVert=method-wrapper(...), anchorHoriz='center', anchorVert='center', antialias=True, autoDraw=False, autoLog=True, bold=False, color=array([1., 1., 1.]), colorSpace='rgb', contrast=1.0, depth=-2.0, draggable=False, flipHoriz=False, flipVert=False, font='Arial', fontFiles=[], height=0.05, italic=False, languageStyle='LTR', name='label_text', opacity=1, ori=0.0, pos=array([0., 0.]), rgb=UNKNOWN, text='', units='height', win=Window(...), wrapWidth=1)
16.5820 	EXP 	Created stim_image = ImageStim(__class__=<class 'psychopy.visual.image.ImageStim'>, anchor=('center', 'center'), autoLog=True, color=array([1., 1., 1.]), colorSpace='rgb', contrast=1.0, depth=-3.0, draggable=False, flipHoriz=np.False_, flipVert=np.False_, image='default.png', interpolate=True, mask=None, maskParams=None, name='stim_image', opacity=1, ori=0.0, pos=array([0., 0.]), size=array([0.5, 0.5]), texRes=128.0, units='height', win=Window(...))
16.6277 	EXP 	Created suwak_badanie = Slider(__class__=<class 'psychopy.visual.slider.Slider'>, autoDraw=False, autoLog=True, borderColor=None, color=None, colorSpace='rgb', depth=-4, fillColor=None, flip=False, font='Noto Sans', granularity=0.0, labelColor=None, labelHeight=np.float64(0.05), labelWrapWidth=None, labels=None, lineColor=None, markerColor=None, name='suwak_badanie', opacity=None, ori=0.0, pos=array([0. , 0.1]), readOnly=False, self=UNKNOWN, size=array([0.5, 0.1]), startValue=3, style='slider', styleTweaks=[], ticks=array([1, 2, 3, 4, 5]), units='norm', win=Window(...))
16.6320 	EXP 	Created lewa_etykieta = TextStim(__class__=<class 'psychopy.visual.text.TextStim'>, alignHoriz=method-wrapper(...), alignText='center', alignVert=method-wrapper(...), anchorHoriz='center', anchorVert='center', antialias=True, autoDraw=False, autoLog=True, bold=False, color=array([1., 1., 1.]), colorSpace='rgb', contrast=1.0, depth=-5.0, draggable=False, flipHoriz=False, flipVert=False, font='Arial', fontFiles=[], height=0.05, italic=False, languageStyle='LTR', name='lewa_etykieta', opacity=1, ori=0.0, pos=array([-0.5, -0.1]), rgb=UNKNOWN, text='', units='height', win=Window(...), wrapWidth=1)
0.0455 	EXP 	suwak_badanie: autoLog = True
0.0455 	EXP 	suwak_badanie: styleTweaks = []
0.0455 	EXP 	suwak_badanie: styleTweaks = []
0.0455 	EXP 	suwak_badanie: styleTweaks = []
0.0455 	EXP 	suwak_badanie: styleTweaks = []
0.0455 	EXP 	suwak_badanie: contrast = 1.0
0.0455 	EXP 	suwak_badanie: markerPos = 3
0.0455 	EXP 	suwak_badanie: autoLog = True
0.0646 	DEBUG 	Read excel file with openpyxl: conditions.xlsx
0.0674 	EXP 	Imported conditions.xlsx as conditions, 32 conditions, 5 params
0.0680 	EXP 	New trial (rep=0, index=0): <Trial 0 (0 in rep 0) data={'image_path': 'C:\\Users\\julia\\OneDrive\\Pulpit\\percepcja_psychopy\\photos\\ee7bd76502e1d9aea7c74fc5bea75be9.jpg', 'etykieta': 'test', 'left_label': 'radość', 'right_label': 'smutek', 'show_label': 1, 'thisN': 0, 'thisTrialN': 0, 'thisRepN': 0}>
0.2100 	EXP 	label_text: height = np.float64(0.05)
0.2100 	EXP 	label_text: height = np.float64(0.05)
0.2100 	EXP 	label_text: height = np.float64(0.05)
0.2100 	EXP 	label_text: text = 'test'
0.2100 	EXP 	stim_image: image = 'C:\\Users\\julia\\OneDrive\\Pulpit\\percepcja_psychopy\\photos\\ee7bd76502e1d9aea7c74fc5bea75be9.jpg'
0.2100 	EXP 	suwak_badanie: markerPos = None
0.2100 	EXP 	suwak_badanie: markerPos = 3
0.2100 	EXP 	lewa_etykieta: height = np.float64(0.05)
0.2100 	EXP 	lewa_etykieta: height = np.float64(0.05)
0.2100 	EXP 	lewa_etykieta: height = np.float64(0.05)
0.2100 	EXP 	lewa_etykieta: text = 'radość'
0.2100 	EXP 	label_text: autoDraw = True
1.0138 	EXP 	stim_image: autoDraw = True
1.2216 	EXP 	label_text: autoDraw = False
2.0021 	EXP 	suwak_badanie: autoDraw = True
2.0021 	EXP 	lewa_etykieta: autoDraw = True
2.0189 	EXP 	stim_image: autoDraw = False
3.0165 	EXP 	lewa_etykieta: autoDraw = False
6.6534 	EXP 	Device response: <KeyPress from None: t=6.629704000020865, value=escape, duration=None>
6.6546 	DATA 	Keypress: escape
6.7424 	EXP 	Device response: <KeyPress from None: t=6.629704000020865, value=escape, duration=0.109836899995571>
6.7424 	EXP 	untitled_FINAL_NEWEST: status = STOPPED
6.7566 	EXP 	suwak_badanie: autoDraw = False
6.7591 	EXP 	untitled_FINAL_NEWEST: status = STOPPED
6.7628 	INFO 	saved data to 'C:\\Users\\julia\\OneDrive\\Pulpit\\percepcja_psychopy\\data\\pilot_untitled_FINAL_NEWEST_2026-04-20_14h39.44.441.csv'
6.7657 	INFO 	saved data to C:\Users\julia\OneDrive\Pulpit\percepcja_psychopy\data\pilot_untitled_FINAL_NEWEST_2026-04-20_14h39.44.441.psydat
7.4610 	DEBUG 	Saving data for untitled_FINAL_NEWEST ExperimentHandler
7.5576 	WARNING 	Stopping key buffers but this could be dangerous ifother keyboards rely on the same.
