29.9718 	DEBUG 	Fullscreen settings ignored as running in pilot mode.
29.9728 	INFO 	Loaded monitor calibration from ['2026_03_18 20:30']
30.9373 	INFO 	Using renderer 'Intel(R) UHD Graphics' for graphics
30.9374 	INFO 	OpenGL version supported by driver is 4..
32.0993 	EXP 	Created window1 = Window(allowGUI=False, allowStencil=False, autoLog=True, backendConf=UNKNOWN, backgroundFit=<method-wrapper '__getattribute__' of attributeSetter object at 0x0000020469AC1ED0>, backgroundImage=<method-wrapper '__getattribute__' of attributeSetter object at 0x0000020469AC1E70>, bitsMode=UNKNOWN, blendMode='avg', bpc=(8, 8, 8), color=array([-1., -1., -1.]), colorSpace='rgb', depthBits=8, fullscr=False, gamma=None, gammaErrorPolicy='raise', infoMsg=UNKNOWN, lms=UNKNOWN, monitor=<psychopy.monitors.calibTools.Monitor object at 0x0000020471128190>, multiSample=False, name='window1', numSamples=2, pos=[np.float64(560.0), np.float64(240.0)], screen=0, size=array([800, 600]), stencilBits=0, stereo=False, title='PsychoPy', units='height', useFBO=True, useRetina=False, viewOri=0.0, viewPos=None, viewScale=None, waitBlanking=True, winType='pyglet')
32.0994 	EXP 	window1: backgroundImage = ''
32.0994 	EXP 	window1: backgroundFit = 'none'
32.1725 	DEBUG 	TextBox2 loaded 1 chars with 0 blanks and 1 valid
32.1892 	DEBUG 	TextBox2 loaded 1 chars with 0 blanks and 1 valid
32.2073 	DEBUG 	TextBox2 loaded 1 chars with 0 blanks and 1 valid
32.2269 	DEBUG 	TextBox2 loaded 1 chars with 0 blanks and 1 valid
32.2451 	DEBUG 	TextBox2 loaded 1 chars with 0 blanks and 1 valid
32.2614 	DEBUG 	TextBox2 loaded 1 chars with 0 blanks and 1 valid
32.2778 	DEBUG 	TextBox2 loaded 1 chars with 0 blanks and 1 valid
32.2964 	DEBUG 	TextBox2 loaded 1 chars with 0 blanks and 1 valid
32.3167 	DEBUG 	TextBox2 loaded 1 chars with 0 blanks and 1 valid
32.3354 	DEBUG 	TextBox2 loaded 1 chars with 0 blanks and 1 valid
32.3561 	DEBUG 	TextBox2 loaded 1 chars with 0 blanks and 1 valid
32.3784 	DEBUG 	TextBox2 loaded 1 chars with 0 blanks and 1 valid
32.4023 	DEBUG 	TextBox2 loaded 1 chars with 0 blanks and 1 valid
32.4220 	DEBUG 	TextBox2 loaded 1 chars with 0 blanks and 1 valid
32.4382 	DEBUG 	TextBox2 loaded 1 chars with 0 blanks and 1 valid
32.4556 	DEBUG 	TextBox2 loaded 1 chars with 0 blanks and 1 valid
32.4716 	DEBUG 	TextBox2 loaded 1 chars with 0 blanks and 1 valid
32.4871 	DEBUG 	TextBox2 loaded 1 chars with 0 blanks and 1 valid
32.5022 	DEBUG 	TextBox2 loaded 1 chars with 0 blanks and 1 valid
32.5185 	DEBUG 	TextBox2 loaded 1 chars with 0 blanks and 1 valid
32.5334 	DEBUG 	TextBox2 loaded 1 chars with 0 blanks and 1 valid
32.5344 	DEBUG 	Uploading Texture Font fontname to graphics card
32.5489 	DEBUG 	Upload of Texture Font fontname complete
32.6002 	DEBUG 	TextBox2 loaded 1 chars with 0 blanks and 1 valid
32.6160 	DEBUG 	TextBox2 loaded 1 chars with 0 blanks and 1 valid
32.6327 	DEBUG 	TextBox2 loaded 1 chars with 0 blanks and 1 valid
32.6332 	DEBUG 	Uploading Texture Font fontname to graphics card
32.6517 	DEBUG 	Upload of Texture Font fontname complete
32.6568 	EXP 	window1: Attempting to measure frame rate of screen (0) ...
32.6570 	EXP 	window1: recordFrameIntervals = False
33.0821 	EXP 	window1: recordFrameIntervals = True
33.1298 	WARNING 	t of last frame was 31.86ms (=1/31)
33.1798 	WARNING 	t of last frame was 32.45ms (=1/30)
33.2099 	WARNING 	t of last frame was 30.10ms (=1/33)
33.2308 	WARNING 	t of last frame was 20.95ms (=1/47)
33.2600 	WARNING 	Multiple dropped frames have occurred - I'll stop bothering you about them!
35.1760 	EXP 	window1: recordFrameIntervals = False
35.1760 	EXP 	Screen (0) actual frame rate measured at 59.91Hz
35.2192 	DEBUG 	TextBox2 loaded 1 chars with 0 blanks and 1 valid
35.2346 	DEBUG 	TextBox2 loaded 1 chars with 0 blanks and 1 valid
35.2505 	DEBUG 	TextBox2 loaded 1 chars with 0 blanks and 1 valid
35.2665 	DEBUG 	TextBox2 loaded 1 chars with 0 blanks and 1 valid
35.2839 	DEBUG 	TextBox2 loaded 1 chars with 0 blanks and 1 valid
35.3004 	DEBUG 	TextBox2 loaded 1 chars with 0 blanks and 1 valid
35.3154 	DEBUG 	TextBox2 loaded 1 chars with 0 blanks and 1 valid
35.3320 	DEBUG 	TextBox2 loaded 1 chars with 0 blanks and 1 valid
35.3481 	DEBUG 	TextBox2 loaded 1 chars with 0 blanks and 1 valid
35.3647 	DEBUG 	TextBox2 loaded 1 chars with 0 blanks and 1 valid
35.3652 	DEBUG 	Uploading Texture Font fontname to graphics card
35.3665 	DEBUG 	Upload of Texture Font fontname complete
35.7960 	INFO 	keyboard.Keyboard is using ptb backend.
35.7960 	EXP 	untitled_FINAL_NEWEST: status = STARTED
36.0420 	EXP 	Created text_instr = TextStim(__class__=<class 'psychopy.visual.text.TextStim'>, alignHoriz=method-wrapper(...), alignText='center', alignVert=method-wrapper(...), anchorHoriz='center', anchorVert='center', antialias=True, autoDraw=False, autoLog=True, bold=False, color=array([1., 1., 1.]), colorSpace='rgb', contrast=1.0, depth=-2.0, draggable=False, flipHoriz=False, flipVert=False, font='Arial', fontFiles=[], height=np.float64(0.03), italic=False, languageStyle='LTR', name='text_instr', opacity=1, ori=0.0, pos=array([0., 0.]), rgb=UNKNOWN, text=str(...), units='height', win=Window(...), wrapWidth=1.3)
36.0797 	EXP 	Created suwak_info = TextStim(__class__=<class 'psychopy.visual.text.TextStim'>, alignHoriz=method-wrapper(...), alignText='center', alignVert=method-wrapper(...), anchorHoriz='center', anchorVert='center', antialias=True, autoDraw=False, autoLog=True, bold=False, color=array([1., 1., 1.]), colorSpace='rgb', contrast=1.0, depth=-1.0, draggable=False, flipHoriz=False, flipVert=False, font='Arial', fontFiles=[], height=np.float64(0.03), italic=False, languageStyle='LTR', name='suwak_info', opacity=1, ori=0.0, pos=array([0., 0.]), rgb=UNKNOWN, text=str(...), units='height', win=Window(...), wrapWidth=1.3)
36.1288 	EXP 	Created proba_testowa = TextStim(__class__=<class 'psychopy.visual.text.TextStim'>, alignHoriz=method-wrapper(...), alignText='center', alignVert=method-wrapper(...), anchorHoriz='center', anchorVert='center', antialias=True, autoDraw=False, autoLog=True, bold=False, color=array([1., 1., 1.]), colorSpace='rgb', contrast=1.0, depth=-2.0, draggable=False, flipHoriz=False, flipVert=False, font='Arial', fontFiles=[], height=np.float64(0.04), italic=False, languageStyle='LTR', name='proba_testowa', opacity=1, ori=0.0, pos=array([0., 0.]), rgb=UNKNOWN, text=str(...), units='height', win=Window(...), wrapWidth=1.3)
36.1388 	EXP 	Created pilot_label_text = TextStim(__class__=<class 'psychopy.visual.text.TextStim'>, alignHoriz=method-wrapper(...), alignText='center', alignVert=method-wrapper(...), anchorHoriz='center', anchorVert='center', antialias=True, autoDraw=False, autoLog=True, bold=False, color=array([1., 1., 1.]), colorSpace='rgb', contrast=1.0, depth=-1.0, draggable=False, flipHoriz=False, flipVert=False, font='Arial', fontFiles=[], height=0.05, italic=False, languageStyle='LTR', name='pilot_label_text', opacity=1, ori=0.0, pos=array([0., 0.]), rgb=UNKNOWN, text='', units='height', win=Window(...), wrapWidth=1.3)
36.1623 	EXP 	Created pilot_fiksacja1 = TextStim(__class__=<class 'psychopy.visual.text.TextStim'>, alignHoriz=method-wrapper(...), alignText='center', alignVert=method-wrapper(...), anchorHoriz='center', anchorVert='center', antialias=True, autoDraw=False, autoLog=True, bold=False, color=array([1., 1., 1.]), colorSpace='rgb', contrast=1.0, depth=-2.0, draggable=False, flipHoriz=False, flipVert=False, font='Arial', fontFiles=[], height=np.float64(0.1), italic=False, languageStyle='LTR', name='pilot_fiksacja1', opacity=1, ori=0.0, pos=array([0., 0.]), rgb=UNKNOWN, text='+', units='height', win=Window(...), wrapWidth=1)
36.2234 	EXP 	Created pilot_suwak = Slider(__class__=<class 'psychopy.visual.slider.Slider'>, autoDraw=False, autoLog=True, borderColor=None, color=None, colorSpace='rgb', depth=-3, fillColor=None, flip=False, font='Noto Sans', granularity=0.0, labelColor=None, labelHeight=np.float64(0.05), labelWrapWidth=None, labels=None, lineColor=None, markerColor=None, name='pilot_suwak', opacity=None, ori=0.0, pos=array([ 0. , -0.5]), readOnly=False, self=UNKNOWN, size=array([1. , 0.1]), startValue=0, style='slider', styleTweaks=[], ticks=ndarray(...), units='norm', win=Window(...))
36.2283 	EXP 	Created pilot_fiksacja2 = TextStim(__class__=<class 'psychopy.visual.text.TextStim'>, alignHoriz=method-wrapper(...), alignText='center', alignVert=method-wrapper(...), anchorHoriz='center', anchorVert='center', antialias=True, autoDraw=False, autoLog=True, bold=False, color=array([1., 1., 1.]), colorSpace='rgb', contrast=1.0, depth=-4.0, draggable=False, flipHoriz=False, flipVert=False, font='Arial', fontFiles=[], height=np.float64(0.1), italic=False, languageStyle='LTR', name='pilot_fiksacja2', opacity=1, ori=0.0, pos=array([0., 0.]), rgb=UNKNOWN, text='+', units='height', win=Window(...), wrapWidth=1)
36.2558 	EXP 	Created pilot_pytanie = TextStim(__class__=<class 'psychopy.visual.text.TextStim'>, alignHoriz=method-wrapper(...), alignText='center', alignVert=method-wrapper(...), anchorHoriz='center', anchorVert='center', antialias=True, autoDraw=False, autoLog=True, bold=False, color=array([1., 1., 1.]), colorSpace='rgb', contrast=1.0, depth=-5.0, draggable=False, flipHoriz=False, flipVert=False, font='Arial', fontFiles=[], height=np.float64(0.05), italic=False, languageStyle='LTR', name='pilot_pytanie', opacity=1, ori=0.0, pos=array([0.  , 0.25]), rgb=UNKNOWN, text='Jaką emocję wyrażała ta twarz?', units='height', win=Window(...), wrapWidth=1)
36.2625 	EXP 	Created pilot_lewa_etykieta = TextStim(__class__=<class 'psychopy.visual.text.TextStim'>, alignHoriz=method-wrapper(...), alignText='center', alignVert=method-wrapper(...), anchorHoriz='center', anchorVert='center', antialias=True, autoDraw=False, autoLog=True, bold=False, color=array([1., 1., 1.]), colorSpace='rgb', contrast=1.0, depth=-6.0, draggable=False, flipHoriz=False, flipVert=False, font='Arial', fontFiles=[], height=0.05, italic=False, languageStyle='LTR', name='pilot_lewa_etykieta', opacity=1, ori=0.0, pos=array([-0.55, -0.5 ]), rgb=UNKNOWN, text='', units='norm', win=Window(...), wrapWidth=1)
36.2663 	EXP 	Created pilot_prawa_etykieta = TextStim(__class__=<class 'psychopy.visual.text.TextStim'>, alignHoriz=method-wrapper(...), alignText='center', alignVert=method-wrapper(...), anchorHoriz='center', anchorVert='center', antialias=True, autoDraw=False, autoLog=True, bold=False, color=array([1., 1., 1.]), colorSpace='rgb', contrast=1.0, depth=-7.0, draggable=False, flipHoriz=False, flipVert=False, font='Arial', fontFiles=[], height=0.05, italic=False, languageStyle='LTR', name='pilot_prawa_etykieta', opacity=1, ori=0.0, pos=array([ 0.5, -0.5]), rgb=UNKNOWN, text='', units='norm', win=Window(...), wrapWidth=1)
36.4114 	EXP 	Created pilot_stim_image = ImageStim(__class__=<class 'psychopy.visual.image.ImageStim'>, anchor=('center', 'center'), autoLog=True, color=array([1., 1., 1.]), colorSpace='rgb', contrast=1.0, depth=-8.0, draggable=False, flipHoriz=np.False_, flipVert=np.False_, image='C:/Users/julia/OneDrive/Obrazy/IMG_2397.JPEG', interpolate=True, mask=None, maskParams=None, name='pilot_stim_image', opacity=1, ori=0.0, pos=array([0., 0.]), size=array([0.75, 0.75]), texRes=128.0, units='height', win=Window(...))
36.4588 	EXP 	Created start_badania = TextStim(__class__=<class 'psychopy.visual.text.TextStim'>, alignHoriz=method-wrapper(...), alignText='center', alignVert=method-wrapper(...), anchorHoriz='center', anchorVert='center', antialias=True, autoDraw=False, autoLog=True, bold=False, color=array([1., 1., 1.]), colorSpace='rgb', contrast=1.0, depth=-2.0, draggable=False, flipHoriz=False, flipVert=False, font='Arial', fontFiles=[], height=np.float64(0.05), italic=False, languageStyle='LTR', name='start_badania', opacity=1, ori=0.0, pos=array([0., 0.]), rgb=UNKNOWN, text=str(...), units='height', win=Window(...), wrapWidth=1)
36.4611 	EXP 	Created label_text = TextStim(__class__=<class 'psychopy.visual.text.TextStim'>, alignHoriz=method-wrapper(...), alignText='center', alignVert=method-wrapper(...), anchorHoriz='center', anchorVert='center', antialias=True, autoDraw=False, autoLog=True, bold=False, color=array([1., 1., 1.]), colorSpace='rgb', contrast=1.0, depth=-2.0, draggable=False, flipHoriz=False, flipVert=False, font='Arial', fontFiles=[], height=0.05, italic=False, languageStyle='LTR', name='label_text', opacity=1, ori=0.0, pos=array([0., 0.]), rgb=UNKNOWN, text='', units='height', win=Window(...), wrapWidth=1.3)
36.4708 	EXP 	Created stim_image = ImageStim(__class__=<class 'psychopy.visual.image.ImageStim'>, anchor=('center', 'center'), autoLog=True, color=array([1., 1., 1.]), colorSpace='rgb', contrast=1.0, depth=-3.0, draggable=False, flipHoriz=np.False_, flipVert=np.False_, image='default.png', interpolate=True, mask=None, maskParams=None, name='stim_image', opacity=1, ori=0.0, pos=array([0., 0.]), size=array([0.75, 0.75]), texRes=128.0, units='height', win=Window(...))
36.4882 	EXP 	Created suwak_badanie = Slider(__class__=<class 'psychopy.visual.slider.Slider'>, autoDraw=False, autoLog=True, borderColor=None, color=None, colorSpace='rgb', depth=-4, fillColor=None, flip=False, font='Noto Sans', granularity=0.0, labelColor=None, labelHeight=np.float64(0.05), labelWrapWidth=None, labels=None, lineColor=None, markerColor=None, name='suwak_badanie', opacity=None, ori=0.0, pos=array([ 0. , -0.5]), readOnly=False, self=UNKNOWN, size=array([1. , 0.1]), startValue=0, style='slider', styleTweaks=[], ticks=ndarray(...), units='norm', win=Window(...))
36.4911 	EXP 	Created lewa_etykieta = TextStim(__class__=<class 'psychopy.visual.text.TextStim'>, alignHoriz=method-wrapper(...), alignText='center', alignVert=method-wrapper(...), anchorHoriz='center', anchorVert='center', antialias=True, autoDraw=False, autoLog=True, bold=False, color=array([1., 1., 1.]), colorSpace='rgb', contrast=1.0, depth=-5.0, draggable=False, flipHoriz=False, flipVert=False, font='Arial', fontFiles=[], height=0.05, italic=False, languageStyle='LTR', name='lewa_etykieta', opacity=1, ori=0.0, pos=array([-0.55, -0.08]), rgb=UNKNOWN, text='', units='height', win=Window(...), wrapWidth=1)
36.4970 	EXP 	Created prawa_etykieta = TextStim(__class__=<class 'psychopy.visual.text.TextStim'>, alignHoriz=method-wrapper(...), alignText='center', alignVert=method-wrapper(...), anchorHoriz='center', anchorVert='center', antialias=True, autoDraw=False, autoLog=True, bold=False, color=array([1., 1., 1.]), colorSpace='rgb', contrast=1.0, depth=-6.0, draggable=False, flipHoriz=False, flipVert=False, font='Arial', fontFiles=[], height=0.05, italic=False, languageStyle='LTR', name='prawa_etykieta', opacity=1, ori=0.0, pos=array([ 0.55, -0.08]), rgb=UNKNOWN, text='', units='height', win=Window(...), wrapWidth=1)
36.5044 	EXP 	Created fiksacja1 = TextStim(__class__=<class 'psychopy.visual.text.TextStim'>, alignHoriz=method-wrapper(...), alignText='center', alignVert=method-wrapper(...), anchorHoriz='center', anchorVert='center', antialias=True, autoDraw=False, autoLog=True, bold=False, color=array([1., 1., 1.]), colorSpace='rgb', contrast=1.0, depth=-7.0, draggable=False, flipHoriz=False, flipVert=False, font='Arial', fontFiles=[], height=np.float64(0.1), italic=False, languageStyle='LTR', name='fiksacja1', opacity=1, ori=0.0, pos=array([0., 0.]), rgb=UNKNOWN, text='+', units='height', win=Window(...), wrapWidth=1)
36.5097 	EXP 	Created fiksacja2 = TextStim(__class__=<class 'psychopy.visual.text.TextStim'>, alignHoriz=method-wrapper(...), alignText='center', alignVert=method-wrapper(...), anchorHoriz='center', anchorVert='center', antialias=True, autoDraw=False, autoLog=True, bold=False, color=array([1., 1., 1.]), colorSpace='rgb', contrast=1.0, depth=-8.0, draggable=False, flipHoriz=False, flipVert=False, font='Arial', fontFiles=[], height=np.float64(0.1), italic=False, languageStyle='LTR', name='fiksacja2', opacity=1, ori=0.0, pos=array([0., 0.]), rgb=UNKNOWN, text='+', units='height', win=Window(...), wrapWidth=1)
36.5364 	EXP 	Created pytanie = TextStim(__class__=<class 'psychopy.visual.text.TextStim'>, alignHoriz=method-wrapper(...), alignText='center', alignVert=method-wrapper(...), anchorHoriz='center', anchorVert='center', antialias=True, autoDraw=False, autoLog=True, bold=False, color=array([1., 1., 1.]), colorSpace='rgb', contrast=1.0, depth=-9.0, draggable=False, flipHoriz=False, flipVert=False, font='Arial', fontFiles=[], height=np.float64(0.04), italic=False, languageStyle='LTR', name='pytanie', opacity=1, ori=0.0, pos=array([0.  , 0.25]), rgb=UNKNOWN, text='Jaką emocję wyrażała ta twarz?', units='height', win=Window(...), wrapWidth=1)
0.0331 	EXP 	pilot_suwak: autoLog = True
0.0331 	EXP 	pilot_suwak: styleTweaks = []
0.0331 	EXP 	pilot_suwak: styleTweaks = []
0.0331 	EXP 	pilot_suwak: styleTweaks = []
0.0331 	EXP 	pilot_suwak: styleTweaks = []
0.0331 	EXP 	pilot_suwak: contrast = 1.0
0.0331 	EXP 	pilot_suwak: markerPos = 0
0.0331 	EXP 	pilot_suwak: autoLog = True
0.0331 	EXP 	suwak_badanie: autoLog = True
0.0331 	EXP 	suwak_badanie: styleTweaks = []
0.0331 	EXP 	suwak_badanie: styleTweaks = []
0.0331 	EXP 	suwak_badanie: styleTweaks = []
0.0331 	EXP 	suwak_badanie: styleTweaks = []
0.0331 	EXP 	suwak_badanie: contrast = 1.0
0.0331 	EXP 	suwak_badanie: markerPos = 0
0.0331 	EXP 	suwak_badanie: autoLog = True
0.0641 	INFO 	Keyboard events cleared
0.0639 	EXP 	text_instr: autoDraw = True
2.4961 	DATA 	Keypress: space
2.8128 	EXP 	Device response: <KeyPress from None: t=2.419070199946873, value=space, duration=None>
2.8129 	EXP 	Device response: <KeyPress from None: t=2.419070199946873, value=space, duration=0.09568980004405603>
4.8027 	EXP 	Device response: <KeyPress from None: t=4.7907361999969, value=space, duration=None>
4.8064 	DATA 	Keypress: space
4.8152 	INFO 	Keyboard events cleared
4.8151 	EXP 	text_instr: autoDraw = False
4.8151 	EXP 	suwak_info: autoDraw = True
4.8837 	EXP 	Device response: <KeyPress from None: t=4.7907361999969, value=space, duration=0.08011939999414608>
5.3668 	EXP 	Device response: <KeyPress from None: t=5.352291299961507, value=space, duration=None>
5.3691 	DATA 	Keypress: space
5.3805 	INFO 	Keyboard events cleared
5.3805 	EXP 	suwak_info: autoDraw = False
5.3805 	EXP 	proba_testowa: autoDraw = True
5.4317 	EXP 	Device response: <KeyPress from None: t=5.352291299961507, value=space, duration=0.06431719998363405>
5.7823 	EXP 	Device response: <KeyPress from None: t=5.767083899991121, value=space, duration=None>
5.8311 	DATA 	Keypress: space
5.8443 	EXP 	proba_testowa: autoDraw = False
5.8443 	EXP 	pilot_label_text: height = np.float64(0.05)
5.8443 	EXP 	pilot_label_text: height = np.float64(0.05)
5.8443 	EXP 	pilot_label_text: height = np.float64(0.05)
5.8443 	EXP 	pilot_label_text: height = np.float64(0.05)
5.8443 	EXP 	pilot_label_text: height = np.float64(0.05)
5.8443 	EXP 	pilot_label_text: height = np.float64(0.05)
5.8443 	EXP 	pilot_label_text: text = 'Model AI wykrył w tej twarzy 80%\n'
5.8443 	EXP 	pilot_suwak: markerPos = None
5.8443 	EXP 	pilot_suwak: markerPos = 0
5.8443 	EXP 	pilot_lewa_etykieta: height = np.float64(0.05)
5.8443 	EXP 	pilot_lewa_etykieta: height = np.float64(0.05)
5.8443 	EXP 	pilot_lewa_etykieta: height = np.float64(0.05)
5.8443 	EXP 	pilot_lewa_etykieta: text = 'radość'
5.8443 	EXP 	pilot_prawa_etykieta: height = np.float64(0.05)
5.8443 	EXP 	pilot_prawa_etykieta: height = np.float64(0.05)
5.8443 	EXP 	pilot_prawa_etykieta: height = np.float64(0.05)
5.8443 	EXP 	pilot_prawa_etykieta: text = 'smutek'
5.8443 	EXP 	pilot_fiksacja1: autoDraw = True
5.8994 	EXP 	Device response: <KeyPress from None: t=5.767083899991121, value=space, duration=0.1201708999578841>
6.8418 	EXP 	pilot_fiksacja1: autoDraw = False
6.8926 	EXP 	pilot_label_text: autoDraw = True
9.3854 	EXP 	pilot_fiksacja2: autoDraw = True
9.9009 	EXP 	pilot_label_text: autoDraw = False
10.3923 	EXP 	pilot_stim_image: autoDraw = True
10.4157 	EXP 	pilot_fiksacja2: autoDraw = False
11.2964 	EXP 	pilot_suwak: autoDraw = True
11.2964 	EXP 	pilot_pytanie: autoDraw = True
11.2964 	EXP 	pilot_lewa_etykieta: autoDraw = True
11.2964 	EXP 	pilot_prawa_etykieta: autoDraw = True
11.2964 	EXP 	pilot_stim_image: autoDraw = False
24.4302 	EXP 	Device response: <KeyPress from None: t=24.417024299968034, value=escape, duration=None>
24.4305 	DATA 	Keypress: escape
24.5454 	EXP 	Device response: <KeyPress from None: t=24.417024299968034, value=escape, duration=0.12151680001989007>
24.5455 	EXP 	untitled_FINAL_NEWEST: status = STOPPED
24.5603 	EXP 	pilot_suwak: autoDraw = False
24.5603 	EXP 	pilot_pytanie: autoDraw = False
24.5603 	EXP 	pilot_lewa_etykieta: autoDraw = False
24.5603 	EXP 	pilot_prawa_etykieta: autoDraw = False
24.5630 	EXP 	untitled_FINAL_NEWEST: status = STOPPED
24.5677 	INFO 	saved data to 'C:\\Users\\julia\\OneDrive\\Pulpit\\percepcja_psychopy\\data\\pilot_untitled_FINAL_NEWEST_2026-04-24_18h12.07.046.csv'
24.5690 	INFO 	saved data to C:\Users\julia\OneDrive\Pulpit\percepcja_psychopy\data\pilot_untitled_FINAL_NEWEST_2026-04-24_18h12.07.046.psydat
25.1688 	DEBUG 	Saving data for untitled_FINAL_NEWEST ExperimentHandler
25.2536 	WARNING 	Stopping key buffers but this could be dangerous ifother keyboards rely on the same.
