13.7287 	DEBUG 	Fullscreen settings ignored as running in pilot mode.
13.7299 	INFO 	Loaded monitor calibration from ['2026_03_18 20:30']
14.6881 	INFO 	Using renderer 'Intel(R) UHD Graphics' for graphics
14.6881 	INFO 	OpenGL version supported by driver is 4..
15.8523 	EXP 	Created window1 = Window(allowGUI=False, allowStencil=True, autoLog=True, backendConf=UNKNOWN, backgroundFit=<method-wrapper '__getattribute__' of attributeSetter object at 0x000001DA5C2464A0>, backgroundImage=<method-wrapper '__getattribute__' of attributeSetter object at 0x000001DA5C246530>, bitsMode=UNKNOWN, blendMode='avg', bpc=(8, 8, 8), color=array([0.0039, 0.0039, 0.0039]), colorSpace='rgb', depthBits=8, fullscr=False, gamma=None, gammaErrorPolicy='raise', infoMsg=UNKNOWN, lms=UNKNOWN, monitor=<psychopy.monitors.calibTools.Monitor object at 0x000001DA5C243940>, multiSample=False, name='window1', numSamples=2, pos=[np.float64(560.0), np.float64(240.0)], screen=0, size=array([800, 600]), stencilBits=8, stereo=False, title='PsychoPy', units='height', useFBO=True, useRetina=False, viewOri=0.0, viewPos=None, viewScale=None, waitBlanking=True, winType='pyglet')
15.8523 	EXP 	window1: backgroundImage = ''
15.8523 	EXP 	window1: backgroundFit = 'none'
15.9072 	DEBUG 	TextBox2 loaded 1 chars with 0 blanks and 1 valid
15.9224 	DEBUG 	TextBox2 loaded 1 chars with 0 blanks and 1 valid
15.9377 	DEBUG 	TextBox2 loaded 1 chars with 0 blanks and 1 valid
15.9533 	DEBUG 	TextBox2 loaded 1 chars with 0 blanks and 1 valid
15.9709 	DEBUG 	TextBox2 loaded 1 chars with 0 blanks and 1 valid
15.9909 	DEBUG 	TextBox2 loaded 1 chars with 0 blanks and 1 valid
16.0104 	DEBUG 	TextBox2 loaded 1 chars with 0 blanks and 1 valid
16.0286 	DEBUG 	TextBox2 loaded 1 chars with 0 blanks and 1 valid
16.0463 	DEBUG 	TextBox2 loaded 1 chars with 0 blanks and 1 valid
16.0644 	DEBUG 	TextBox2 loaded 1 chars with 0 blanks and 1 valid
16.0810 	DEBUG 	TextBox2 loaded 1 chars with 0 blanks and 1 valid
16.0991 	DEBUG 	TextBox2 loaded 1 chars with 0 blanks and 1 valid
16.1155 	DEBUG 	TextBox2 loaded 1 chars with 0 blanks and 1 valid
16.1334 	DEBUG 	TextBox2 loaded 1 chars with 0 blanks and 1 valid
16.1510 	DEBUG 	TextBox2 loaded 1 chars with 0 blanks and 1 valid
16.1689 	DEBUG 	TextBox2 loaded 1 chars with 0 blanks and 1 valid
16.1875 	DEBUG 	TextBox2 loaded 1 chars with 0 blanks and 1 valid
16.2046 	DEBUG 	TextBox2 loaded 1 chars with 0 blanks and 1 valid
16.2214 	DEBUG 	TextBox2 loaded 1 chars with 0 blanks and 1 valid
16.2384 	DEBUG 	TextBox2 loaded 1 chars with 0 blanks and 1 valid
16.2574 	DEBUG 	TextBox2 loaded 1 chars with 0 blanks and 1 valid
16.2748 	DEBUG 	TextBox2 loaded 1 chars with 0 blanks and 1 valid
16.2916 	DEBUG 	TextBox2 loaded 1 chars with 0 blanks and 1 valid
16.3094 	DEBUG 	TextBox2 loaded 1 chars with 0 blanks and 1 valid
16.3282 	DEBUG 	TextBox2 loaded 1 chars with 0 blanks and 1 valid
16.3452 	DEBUG 	TextBox2 loaded 1 chars with 0 blanks and 1 valid
16.3627 	DEBUG 	TextBox2 loaded 1 chars with 0 blanks and 1 valid
16.3808 	DEBUG 	TextBox2 loaded 1 chars with 0 blanks and 1 valid
16.3812 	DEBUG 	Uploading Texture Font fontname to graphics card
16.3954 	DEBUG 	Upload of Texture Font fontname complete
16.4425 	DEBUG 	TextBox2 loaded 1 chars with 0 blanks and 1 valid
16.4594 	DEBUG 	TextBox2 loaded 1 chars with 0 blanks and 1 valid
16.4598 	DEBUG 	Uploading Texture Font fontname to graphics card
16.4771 	DEBUG 	Upload of Texture Font fontname complete
16.7485 	INFO 	keyboard.Keyboard is using ptb backend.
16.7485 	EXP 	untitled_FINAL_NEWEST: status = STARTED
16.9479 	EXP 	Created text_instr = TextStim(__class__=<class 'psychopy.visual.text.TextStim'>, alignHoriz=method-wrapper(...), alignText='center', alignVert=method-wrapper(...), anchorHoriz='center', anchorVert='center', antialias=True, autoDraw=False, autoLog=True, bold=False, color=array([-1., -1., -1.]), colorSpace='rgb', contrast=1.0, depth=-2.0, draggable=False, flipHoriz=False, flipVert=False, font='Arial', fontFiles=[], height=np.float64(0.03), italic=False, languageStyle='LTR', name='text_instr', opacity=1, ori=0.0, pos=array([0., 0.]), rgb=UNKNOWN, text=str(...), units='height', win=Window(...), wrapWidth=1.5)
16.9869 	EXP 	Created suwak_info = TextStim(__class__=<class 'psychopy.visual.text.TextStim'>, alignHoriz=method-wrapper(...), alignText='center', alignVert=method-wrapper(...), anchorHoriz='center', anchorVert='center', antialias=True, autoDraw=False, autoLog=True, bold=False, color=array([-1., -1., -1.]), colorSpace='rgb', contrast=1.0, depth=-1.0, draggable=False, flipHoriz=False, flipVert=False, font='Arial', fontFiles=[], height=np.float64(0.03), italic=False, languageStyle='LTR', name='suwak_info', opacity=1, ori=0.0, pos=array([0., 0.]), rgb=UNKNOWN, text=str(...), units='height', win=Window(...), wrapWidth=1.3)
17.0389 	EXP 	Created proba_testowa = TextStim(__class__=<class 'psychopy.visual.text.TextStim'>, alignHoriz=method-wrapper(...), alignText='center', alignVert=method-wrapper(...), anchorHoriz='center', anchorVert='center', antialias=True, autoDraw=False, autoLog=True, bold=False, color=array([-1., -1., -1.]), colorSpace='rgb', contrast=1.0, depth=-2.0, draggable=False, flipHoriz=False, flipVert=False, font='Arial', fontFiles=[], height=np.float64(0.04), italic=False, languageStyle='LTR', name='proba_testowa', opacity=1, ori=0.0, pos=array([0., 0.]), rgb=UNKNOWN, text=str(...), units='height', win=Window(...), wrapWidth=1.4)
17.0444 	EXP 	Created pilot_label_text = TextStim(__class__=<class 'psychopy.visual.text.TextStim'>, alignHoriz=method-wrapper(...), alignText='center', alignVert=method-wrapper(...), anchorHoriz='center', anchorVert='center', antialias=True, autoDraw=False, autoLog=True, bold=False, color=array([-1., -1., -1.]), colorSpace='rgb', contrast=1.0, depth=-1.0, draggable=False, flipHoriz=False, flipVert=False, font='Arial', fontFiles=[], height=0.05, italic=False, languageStyle='LTR', name='pilot_label_text', opacity=1, ori=0.0, pos=array([0., 0.]), rgb=UNKNOWN, text='', units='height', win=Window(...), wrapWidth=1.3)
17.0652 	EXP 	Created pilot_fiksacja1 = TextStim(__class__=<class 'psychopy.visual.text.TextStim'>, alignHoriz=method-wrapper(...), alignText='center', alignVert=method-wrapper(...), anchorHoriz='center', anchorVert='center', antialias=True, autoDraw=False, autoLog=True, bold=False, color=array([-1., -1., -1.]), colorSpace='rgb', contrast=1.0, depth=-2.0, draggable=False, flipHoriz=False, flipVert=False, font='Arial', fontFiles=[], height=np.float64(0.12), italic=False, languageStyle='LTR', name='pilot_fiksacja1', opacity=1, ori=0.0, pos=array([0., 0.]), rgb=UNKNOWN, text='+', units='height', win=Window(...), wrapWidth=1)
17.1079 	EXP 	Created pilot_suwak = Slider(__class__=<class 'psychopy.visual.slider.Slider'>, autoDraw=False, autoLog=True, borderColor=None, color=None, colorSpace='rgb', depth=-3, fillColor=None, flip=False, font='Noto Sans', granularity=0.0, labelColor=None, labelHeight=np.float64(0.05), labelWrapWidth=None, labels=None, lineColor=None, markerColor=None, name='pilot_suwak', opacity=None, ori=0.0, pos=array([ 0. , -0.5]), readOnly=False, self=UNKNOWN, size=array([1. , 0.1]), startValue=0, style='slider', styleTweaks=[], ticks=ndarray(...), units='norm', win=Window(...))
17.1178 	EXP 	Created pilot_fiksacja2 = TextStim(__class__=<class 'psychopy.visual.text.TextStim'>, alignHoriz=method-wrapper(...), alignText='center', alignVert=method-wrapper(...), anchorHoriz='center', anchorVert='center', antialias=True, autoDraw=False, autoLog=True, bold=False, color=array([-1., -1., -1.]), colorSpace='rgb', contrast=1.0, depth=-4.0, draggable=False, flipHoriz=False, flipVert=False, font='Arial', fontFiles=[], height=np.float64(0.1), italic=False, languageStyle='LTR', name='pilot_fiksacja2', opacity=1, ori=0.0, pos=array([0., 0.]), rgb=UNKNOWN, text='+', units='height', win=Window(...), wrapWidth=1)
17.1395 	EXP 	Created pilot_pytanie = TextStim(__class__=<class 'psychopy.visual.text.TextStim'>, alignHoriz=method-wrapper(...), alignText='center', alignVert=method-wrapper(...), anchorHoriz='center', anchorVert='center', antialias=True, autoDraw=False, autoLog=True, bold=False, color=array([-1., -1., -1.]), colorSpace='rgb', contrast=1.0, depth=-5.0, draggable=False, flipHoriz=False, flipVert=False, font='Arial', fontFiles=[], height=np.float64(0.1), italic=False, languageStyle='LTR', name='pilot_pytanie', opacity=1, ori=0.0, pos=array([0., 0.]), rgb=UNKNOWN, text='Jaką emocję wyrażała ta twarz?', units='norm', win=Window(...), wrapWidth=1)
17.1449 	EXP 	Created pilot_lewa_etykieta = TextStim(__class__=<class 'psychopy.visual.text.TextStim'>, alignHoriz=method-wrapper(...), alignText='center', alignVert=method-wrapper(...), anchorHoriz='center', anchorVert='center', antialias=True, autoDraw=False, autoLog=True, bold=False, color=array([-1., -1., -1.]), colorSpace='rgb', contrast=1.0, depth=-6.0, draggable=False, flipHoriz=False, flipVert=False, font='Arial', fontFiles=[], height=0.085, italic=False, languageStyle='LTR', name='pilot_lewa_etykieta', opacity=1, ori=0.0, pos=array([-0.6, -0.5]), rgb=UNKNOWN, text='', units='norm', win=Window(...), wrapWidth=1)
17.1482 	EXP 	Created pilot_prawa_etykieta = TextStim(__class__=<class 'psychopy.visual.text.TextStim'>, alignHoriz=method-wrapper(...), alignText='center', alignVert=method-wrapper(...), anchorHoriz='center', anchorVert='center', antialias=True, autoDraw=False, autoLog=True, bold=False, color=array([-1., -1., -1.]), colorSpace='rgb', contrast=1.0, depth=-7.0, draggable=False, flipHoriz=False, flipVert=False, font='Arial', fontFiles=[], height=0.085, italic=False, languageStyle='LTR', name='pilot_prawa_etykieta', opacity=1, ori=0.0, pos=array([ 0.6, -0.5]), rgb=UNKNOWN, text='', units='norm', win=Window(...), wrapWidth=1)
17.2873 	EXP 	Created pilot_stim_image = ImageStim(__class__=<class 'psychopy.visual.image.ImageStim'>, anchor=('center', 'center'), autoLog=True, color=array([1., 1., 1.]), colorSpace='rgb', contrast=1.0, depth=-8.0, draggable=False, flipHoriz=np.False_, flipVert=np.False_, image='C:/Users/julia/OneDrive/Obrazy/IMG_2397.JPEG', interpolate=True, mask=None, maskParams=None, name='pilot_stim_image', opacity=1, ori=0.0, pos=array([0., 0.]), size=array([0.75, 0.75]), texRes=128.0, units='height', win=Window(...))
17.3432 	EXP 	Created start_badania = TextStim(__class__=<class 'psychopy.visual.text.TextStim'>, alignHoriz=method-wrapper(...), alignText='center', alignVert=method-wrapper(...), anchorHoriz='center', anchorVert='center', antialias=True, autoDraw=False, autoLog=True, bold=False, color=array([-1., -1., -1.]), colorSpace='rgb', contrast=1.0, depth=-2.0, draggable=False, flipHoriz=False, flipVert=False, font='Arial', fontFiles=[], height=np.float64(0.1), italic=False, languageStyle='LTR', name='start_badania', opacity=1, ori=0.0, pos=array([0., 0.]), rgb=UNKNOWN, text=str(...), units='norm', win=Window(...), wrapWidth=1.4)
17.3566 	EXP 	Created przerwa_text = TextStim(__class__=<class 'psychopy.visual.text.TextStim'>, alignHoriz=method-wrapper(...), alignText='center', alignVert=method-wrapper(...), anchorHoriz='center', anchorVert='center', antialias=True, autoDraw=False, autoLog=True, bold=False, color=array([-1., -1., -1.]), colorSpace='rgb', contrast=1.0, depth=0.0, draggable=False, flipHoriz=False, flipVert=False, font='Arial', fontFiles=[], height=np.float64(0.1), italic=False, languageStyle='LTR', name='przerwa_text', opacity=1, ori=0.0, pos=array([0., 0.]), rgb=UNKNOWN, text=str(...), units='norm', win=Window(...), wrapWidth=1)
17.3636 	EXP 	Created label_text = TextStim(__class__=<class 'psychopy.visual.text.TextStim'>, alignHoriz=method-wrapper(...), alignText='center', alignVert=method-wrapper(...), anchorHoriz='center', anchorVert='center', antialias=True, autoDraw=False, autoLog=True, bold=False, color=array([-1., -1., -1.]), colorSpace='rgb', contrast=1.0, depth=-2.0, draggable=False, flipHoriz=False, flipVert=False, font='Arial', fontFiles=[], height=0.05, italic=False, languageStyle='LTR', name='label_text', opacity=1, ori=0.0, pos=array([0., 0.]), rgb=UNKNOWN, text='', units='height', win=Window(...), wrapWidth=1.3)
17.3757 	EXP 	Created stim_image = ImageStim(__class__=<class 'psychopy.visual.image.ImageStim'>, anchor=('center', 'center'), autoLog=True, color=array([1., 1., 1.]), colorSpace='rgb', contrast=1.0, depth=-3.0, draggable=False, flipHoriz=np.False_, flipVert=np.False_, image='default.png', interpolate=True, mask=None, maskParams=None, name='stim_image', opacity=1, ori=0.0, pos=array([0., 0.]), size=array([0.75, 0.75]), texRes=128.0, units='height', win=Window(...))
17.4121 	EXP 	Created suwak_badanie = Slider(__class__=<class 'psychopy.visual.slider.Slider'>, autoDraw=False, autoLog=True, borderColor=None, color=None, colorSpace='rgb', depth=-4, fillColor=None, flip=False, font='Noto Sans', granularity=0.0, labelColor=None, labelHeight=np.float64(0.05), labelWrapWidth=None, labels=None, lineColor=None, markerColor=None, name='suwak_badanie', opacity=None, ori=0.0, pos=array([ 0. , -0.5]), readOnly=False, self=UNKNOWN, size=array([1. , 0.1]), startValue=0, style='slider', styleTweaks=[], ticks=ndarray(...), units='norm', win=Window(...))
17.4181 	EXP 	Created lewa_etykieta = TextStim(__class__=<class 'psychopy.visual.text.TextStim'>, alignHoriz=method-wrapper(...), alignText='center', alignVert=method-wrapper(...), anchorHoriz='center', anchorVert='center', antialias=True, autoDraw=False, autoLog=True, bold=False, color=array([-1., -1., -1.]), colorSpace='rgb', contrast=1.0, depth=-5.0, draggable=False, flipHoriz=False, flipVert=False, font='Arial', fontFiles=[], height=0.085, italic=False, languageStyle='LTR', name='lewa_etykieta', opacity=1, ori=0.0, pos=array([-0.65, -0.5 ]), rgb=UNKNOWN, text='', units='norm', win=Window(...), wrapWidth=1)
17.4264 	EXP 	Created prawa_etykieta = TextStim(__class__=<class 'psychopy.visual.text.TextStim'>, alignHoriz=method-wrapper(...), alignText='center', alignVert=method-wrapper(...), anchorHoriz='center', anchorVert='center', antialias=True, autoDraw=False, autoLog=True, bold=False, color=array([-1., -1., -1.]), colorSpace='rgb', contrast=1.0, depth=-6.0, draggable=False, flipHoriz=False, flipVert=False, font='Arial', fontFiles=[], height=0.085, italic=False, languageStyle='LTR', name='prawa_etykieta', opacity=1, ori=0.0, pos=array([ 0.65, -0.5 ]), rgb=UNKNOWN, text='', units='norm', win=Window(...), wrapWidth=1)
17.4385 	EXP 	Created fiksacja2 = TextStim(__class__=<class 'psychopy.visual.text.TextStim'>, alignHoriz=method-wrapper(...), alignText='center', alignVert=method-wrapper(...), anchorHoriz='center', anchorVert='center', antialias=True, autoDraw=False, autoLog=True, bold=False, color=array([-1., -1., -1.]), colorSpace='rgb', contrast=1.0, depth=-7.0, draggable=False, flipHoriz=False, flipVert=False, font='Arial', fontFiles=[], height=np.float64(0.1), italic=False, languageStyle='LTR', name='fiksacja2', opacity=1, ori=0.0, pos=array([0., 0.]), rgb=UNKNOWN, text='+', units='height', win=Window(...), wrapWidth=1)
17.4524 	EXP 	Created pytanie = TextStim(__class__=<class 'psychopy.visual.text.TextStim'>, alignHoriz=method-wrapper(...), alignText='center', alignVert=method-wrapper(...), anchorHoriz='center', anchorVert='center', antialias=True, autoDraw=False, autoLog=True, bold=False, color=array([-1., -1., -1.]), colorSpace='rgb', contrast=1.0, depth=-8.0, draggable=False, flipHoriz=False, flipVert=False, font='Arial', fontFiles=[], height=np.float64(0.1), italic=False, languageStyle='LTR', name='pytanie', opacity=1, ori=0.0, pos=array([0., 0.]), rgb=UNKNOWN, text='Jaką emocję wyrażała ta twarz?', units='norm', win=Window(...), wrapWidth=1)
17.4599 	EXP 	Created text = TextStim(__class__=<class 'psychopy.visual.text.TextStim'>, alignHoriz=method-wrapper(...), alignText='center', alignVert=method-wrapper(...), anchorHoriz='center', anchorVert='center', antialias=True, autoDraw=False, autoLog=True, bold=False, color=array([1., 1., 1.]), colorSpace='rgb', contrast=1.0, depth=-1.0, draggable=False, flipHoriz=False, flipVert=False, font='Arial', fontFiles=[], height=np.float64(0.05), italic=False, languageStyle='LTR', name='text', opacity=1, ori=0.0, pos=array([0., 0.]), rgb=UNKNOWN, text='', units='height', win=Window(...), wrapWidth=1)
17.4808 	EXP 	Created podziekowania_text = TextStim(__class__=<class 'psychopy.visual.text.TextStim'>, alignHoriz=method-wrapper(...), alignText='center', alignVert=method-wrapper(...), anchorHoriz='center', anchorVert='center', antialias=True, autoDraw=False, autoLog=True, bold=False, color=array([1., 1., 1.]), colorSpace='rgb', contrast=1.0, depth=0.0, draggable=False, flipHoriz=False, flipVert=False, font='Arial', fontFiles=[], height=np.float64(0.05), italic=False, languageStyle='LTR', name='podziekowania_text', opacity=1, ori=0.0, pos=array([0., 0.]), rgb=UNKNOWN, text=str(...), units='height', win=Window(...), wrapWidth=1)
0.3069 	EXP 	pilot_suwak: autoLog = True
0.3069 	EXP 	pilot_suwak: styleTweaks = []
0.3069 	EXP 	pilot_suwak: styleTweaks = []
0.3069 	EXP 	pilot_suwak: styleTweaks = []
0.3069 	EXP 	pilot_suwak: styleTweaks = []
0.3069 	EXP 	pilot_suwak: contrast = 1.0
0.3069 	EXP 	pilot_suwak: markerPos = 0
0.3069 	EXP 	pilot_suwak: autoLog = True
0.3069 	EXP 	suwak_badanie: autoLog = True
0.3069 	EXP 	suwak_badanie: styleTweaks = []
0.3069 	EXP 	suwak_badanie: styleTweaks = []
0.3069 	EXP 	suwak_badanie: styleTweaks = []
0.3069 	EXP 	suwak_badanie: styleTweaks = []
0.3069 	EXP 	suwak_badanie: contrast = 1.0
0.3069 	EXP 	suwak_badanie: markerPos = 0
0.3069 	EXP 	suwak_badanie: autoLog = True
0.3508 	INFO 	Keyboard events cleared
0.3507 	EXP 	text_instr: autoDraw = True
1.4090 	DATA 	Keypress: space
1.5379 	EXP 	Device response: <KeyPress from None: t=1.3662507999688387, value=space, duration=None>
1.5379 	EXP 	Device response: <KeyPress from None: t=1.3662507999688387, value=space, duration=0.06202599999960512>
2.9323 	EXP 	Device response: <KeyPress from None: t=2.9236446999711916, value=space, duration=None>
2.9339 	DATA 	Keypress: space
2.9466 	INFO 	Keyboard events cleared
2.9464 	EXP 	text_instr: autoDraw = False
2.9464 	EXP 	suwak_info: autoDraw = True
3.0000 	EXP 	Device response: <KeyPress from None: t=2.9236446999711916, value=space, duration=0.070791200036183>
3.3020 	EXP 	Device response: <KeyPress from None: t=3.2946979999542236, value=space, duration=None>
3.3046 	DATA 	Keypress: space
3.3120 	INFO 	Keyboard events cleared
3.3119 	EXP 	suwak_info: autoDraw = False
3.3119 	EXP 	proba_testowa: autoDraw = True
3.3837 	EXP 	Device response: <KeyPress from None: t=3.2946979999542236, value=space, duration=0.08040069998241961>
4.0798 	EXP 	Device response: <KeyPress from None: t=4.065513800014742, value=space, duration=None>
4.0978 	DATA 	Keypress: space
4.1097 	EXP 	proba_testowa: autoDraw = False
4.1097 	EXP 	pilot_label_text: height = np.float64(0.05)
4.1097 	EXP 	pilot_label_text: height = np.float64(0.05)
4.1097 	EXP 	pilot_label_text: height = np.float64(0.05)
4.1097 	EXP 	pilot_label_text: height = np.float64(0.05)
4.1097 	EXP 	pilot_label_text: height = np.float64(0.05)
4.1097 	EXP 	pilot_label_text: height = np.float64(0.05)
4.1097 	EXP 	pilot_label_text: text = 'Model AI wykrył w tej twarzy 80% smutku.\n\n'
4.1097 	EXP 	pilot_suwak: markerPos = None
4.1097 	EXP 	pilot_suwak: markerPos = 0
4.1097 	EXP 	pilot_lewa_etykieta: height = np.float64(0.085)
4.1097 	EXP 	pilot_lewa_etykieta: height = np.float64(0.085)
4.1097 	EXP 	pilot_lewa_etykieta: height = np.float64(0.085)
4.1097 	EXP 	pilot_lewa_etykieta: text = 'radość'
4.1097 	EXP 	pilot_prawa_etykieta: height = np.float64(0.085)
4.1097 	EXP 	pilot_prawa_etykieta: height = np.float64(0.085)
4.1097 	EXP 	pilot_prawa_etykieta: height = np.float64(0.085)
4.1097 	EXP 	pilot_prawa_etykieta: text = 'smutek'
4.1097 	EXP 	pilot_fiksacja1: autoDraw = True
4.1124 	EXP 	Device response: <KeyPress from None: t=4.065513800014742, value=space, duration=0.03986719995737076>
4.6097 	EXP 	pilot_fiksacja1: autoDraw = False
4.7921 	EXP 	pilot_label_text: autoDraw = True
7.8007 	EXP 	pilot_label_text: autoDraw = False
7.9836 	EXP 	pilot_fiksacja2: autoDraw = True
8.4987 	EXP 	pilot_fiksacja2: autoDraw = False
8.6822 	EXP 	pilot_stim_image: autoDraw = True
9.5949 	EXP 	pilot_suwak: autoDraw = True
9.5949 	EXP 	pilot_pytanie: autoDraw = True
9.5949 	EXP 	pilot_lewa_etykieta: autoDraw = True
9.5949 	EXP 	pilot_prawa_etykieta: autoDraw = True
9.5949 	EXP 	pilot_stim_image: autoDraw = False
10.2459 	DATA 	Mouse: Left button down, pos=(547,139)
10.2601 	EXP 	pilot_suwak: markerPos = np.float64(36.75)
10.2762 	EXP 	pilot_suwak: markerPos = np.float64(36.75)
10.2930 	EXP 	pilot_suwak: markerPos = np.float64(36.75)
10.3097 	EXP 	pilot_suwak: markerPos = np.float64(36.75)
10.3262 	EXP 	pilot_suwak: markerPos = np.float64(36.75)
10.3296 	DATA 	Mouse:  Left button up, pos=(547,139)
10.3432 	EXP 	pilot_suwak: markerPos = np.float64(36.75)
10.3604 	INFO 	Keyboard events cleared
10.3604 	EXP 	pilot_label_text: autoDraw = False
10.3604 	EXP 	pilot_fiksacja1: autoDraw = False
10.3604 	EXP 	pilot_suwak: autoDraw = False
10.3604 	EXP 	pilot_fiksacja2: autoDraw = False
10.3604 	EXP 	pilot_pytanie: autoDraw = False
10.3604 	EXP 	pilot_lewa_etykieta: autoDraw = False
10.3604 	EXP 	pilot_prawa_etykieta: autoDraw = False
10.3604 	EXP 	pilot_stim_image: autoDraw = False
10.3604 	EXP 	start_badania: autoDraw = True
13.5111 	DATA 	Keypress: space
13.5236 	EXP 	Device response: <KeyPress from None: t=13.508865799987689, value=space, duration=None>
13.6104 	DEBUG 	Read excel file with openpyxl: conditions.xlsx
13.6146 	EXP 	Imported conditions.xlsx as conditions, 32 conditions, 9 params
13.6157 	EXP 	New trial (rep=0, index=0): <Trial 0 (0 in rep 0) data={'image_path': 'C:\\Users\\julia\\OneDrive\\Pulpit\\percepcja_psychopy\\photos\\Twarze 50,50\\SZ 50,50\\1K SZ 5050.png', 'etykieta': 'Model sztucznej inteligencji wykrył w tej twarzy 72% strachu .', 'left_label': 'strach', 'right_label': 'złość', 'show_label': 3, 'proporcja_zdjecia': '50/50', 'typ_etykiety': 'Procentowa AI', 'warunek': 'n/d', 'kierunek': 'Sugestia Lewo strach', 'thisN': 0, 'thisTrialN': 0, 'thisRepN': 0}>
13.6812 	EXP 	Device response: <KeyPress from None: t=13.508865799987689, value=space, duration=0.019832500023767352>
13.7001 	EXP 	start_badania: autoDraw = False
13.7001 	EXP 	przerwa_text: autoDraw = False
13.7001 	EXP 	label_text: height = np.float64(0.05)
13.7001 	EXP 	label_text: height = np.float64(0.05)
13.7001 	EXP 	label_text: height = np.float64(0.05)
13.7001 	EXP 	label_text: text = 'Model sztucznej inteligencji wykrył w tej twarzy 72% strachu .'
13.7001 	EXP 	label_text: height = np.float64(0.05)
13.7001 	EXP 	label_text: height = np.float64(0.05)
13.7001 	EXP 	label_text: height = np.float64(0.05)
13.7001 	EXP 	label_text: text = 'Model sztucznej inteligencji wykrył w tej twarzy 72% strachu .'
13.7001 	EXP 	stim_image: image = 'C:\\Users\\julia\\OneDrive\\Pulpit\\percepcja_psychopy\\photos\\Twarze 50,50\\SZ 50,50\\1K SZ 5050.png'
13.7001 	EXP 	suwak_badanie: markerPos = None
13.7001 	EXP 	suwak_badanie: markerPos = 0
13.7001 	EXP 	lewa_etykieta: height = np.float64(0.085)
13.7001 	EXP 	lewa_etykieta: height = np.float64(0.085)
13.7001 	EXP 	lewa_etykieta: height = np.float64(0.085)
13.7001 	EXP 	lewa_etykieta: text = 'strach'
13.7001 	EXP 	prawa_etykieta: height = np.float64(0.085)
13.7001 	EXP 	prawa_etykieta: height = np.float64(0.085)
13.7001 	EXP 	prawa_etykieta: height = np.float64(0.085)
13.7001 	EXP 	prawa_etykieta: text = 'złość'
13.7001 	EXP 	label_text: autoDraw = True
16.7096 	EXP 	label_text: autoDraw = False
16.8259 	EXP 	fiksacja2: autoDraw = True
17.0754 	EXP 	fiksacja2: autoDraw = False
17.2749 	EXP 	stim_image: autoDraw = True
18.4873 	EXP 	suwak_badanie: autoDraw = True
18.4873 	EXP 	lewa_etykieta: autoDraw = True
18.4873 	EXP 	prawa_etykieta: autoDraw = True
18.4873 	EXP 	pytanie: autoDraw = True
18.5047 	EXP 	stim_image: autoDraw = False
19.3211 	DATA 	Mouse: Left button down, pos=(492,146)
19.3354 	EXP 	suwak_badanie: markerPos = np.float64(23.0)
19.3518 	EXP 	suwak_badanie: markerPos = np.float64(23.0)
19.3679 	EXP 	suwak_badanie: markerPos = np.float64(23.0)
19.3852 	EXP 	suwak_badanie: markerPos = np.float64(23.0)
19.4017 	EXP 	suwak_badanie: markerPos = np.float64(23.0)
19.4083 	DATA 	Mouse:  Left button up, pos=(492,146)
19.4181 	EXP 	suwak_badanie: markerPos = np.float64(23.0)
19.4351 	EXP 	label_text: autoDraw = False
19.4351 	EXP 	stim_image: autoDraw = False
19.4351 	EXP 	suwak_badanie: autoDraw = False
19.4351 	EXP 	lewa_etykieta: autoDraw = False
19.4351 	EXP 	prawa_etykieta: autoDraw = False
19.4351 	EXP 	fiksacja2: autoDraw = False
19.4351 	EXP 	pytanie: autoDraw = False
19.4351 	EXP 	text: autoDraw = True
20.4360 	EXP 	New trial (rep=0, index=1): <Trial 1 (1 in rep 0) data={'image_path': 'C:\\Users\\julia\\OneDrive\\Pulpit\\percepcja_psychopy\\photos\\Twarze 80,20\\OZ 80,20\\1K OZ 8020.png', 'etykieta': 'Poprzedni badani wykryli w tej twarzy oczekiwanie.', 'left_label': 'zaskoczenie', 'right_label': 'oczekiwanie', 'show_label': 3, 'proporcja_zdjecia': '80/20 oczekiwanie', 'typ_etykiety': 'Kategorialna Ludzie', 'warunek': 'Zgodny', 'kierunek': 'Dominacja Prawo oczekiwanie', 'thisN': 1, 'thisTrialN': 1, 'thisRepN': 0}>
20.4979 	EXP 	text: autoDraw = False
20.4979 	EXP 	przerwa_text: autoDraw = False
20.4979 	EXP 	label_text: height = np.float64(0.05)
20.4979 	EXP 	label_text: height = np.float64(0.05)
20.4979 	EXP 	label_text: height = np.float64(0.05)
20.4979 	EXP 	label_text: text = 'Poprzedni badani wykryli w tej twarzy oczekiwanie.'
20.4979 	EXP 	label_text: height = np.float64(0.05)
20.4979 	EXP 	label_text: height = np.float64(0.05)
20.4979 	EXP 	label_text: height = np.float64(0.05)
20.4979 	EXP 	label_text: text = 'Poprzedni badani wykryli w tej twarzy oczekiwanie.'
20.4979 	EXP 	stim_image: image = 'C:\\Users\\julia\\OneDrive\\Pulpit\\percepcja_psychopy\\photos\\Twarze 80,20\\OZ 80,20\\1K OZ 8020.png'
20.4979 	EXP 	suwak_badanie: markerPos = None
20.4979 	EXP 	suwak_badanie: markerPos = 0
20.4979 	EXP 	lewa_etykieta: height = np.float64(0.085)
20.4979 	EXP 	lewa_etykieta: height = np.float64(0.085)
20.4979 	EXP 	lewa_etykieta: height = np.float64(0.085)
20.4979 	EXP 	lewa_etykieta: text = 'zaskoczenie'
20.4979 	EXP 	prawa_etykieta: height = np.float64(0.085)
20.4979 	EXP 	prawa_etykieta: height = np.float64(0.085)
20.4979 	EXP 	prawa_etykieta: height = np.float64(0.085)
20.4979 	EXP 	prawa_etykieta: text = 'oczekiwanie'
20.4979 	EXP 	label_text: autoDraw = True
23.5077 	EXP 	label_text: autoDraw = False
23.6406 	EXP 	fiksacja2: autoDraw = True
23.8900 	EXP 	fiksacja2: autoDraw = False
24.0897 	EXP 	stim_image: autoDraw = True
25.2861 	EXP 	suwak_badanie: autoDraw = True
25.2861 	EXP 	lewa_etykieta: autoDraw = True
25.2861 	EXP 	prawa_etykieta: autoDraw = True
25.2861 	EXP 	pytanie: autoDraw = True
25.3027 	EXP 	stim_image: autoDraw = False
26.3756 	DATA 	Mouse: Left button down, pos=(516,150)
26.3995 	EXP 	suwak_badanie: markerPos = np.float64(29.0)
26.4163 	EXP 	suwak_badanie: markerPos = np.float64(29.0)
26.4331 	EXP 	suwak_badanie: markerPos = np.float64(29.0)
26.4490 	EXP 	suwak_badanie: markerPos = np.float64(29.0)
26.4658 	EXP 	suwak_badanie: markerPos = np.float64(29.0)
26.4693 	DATA 	Mouse:  Left button up, pos=(516,150)
26.4825 	EXP 	suwak_badanie: markerPos = np.float64(29.0)
26.4991 	EXP 	label_text: autoDraw = False
26.4991 	EXP 	stim_image: autoDraw = False
26.4991 	EXP 	suwak_badanie: autoDraw = False
26.4991 	EXP 	lewa_etykieta: autoDraw = False
26.4991 	EXP 	prawa_etykieta: autoDraw = False
26.4991 	EXP 	fiksacja2: autoDraw = False
26.4991 	EXP 	pytanie: autoDraw = False
26.4991 	EXP 	text: autoDraw = True
27.5028 	EXP 	New trial (rep=0, index=2): <Trial 2 (2 in rep 0) data={'image_path': 'C:\\Users\\julia\\OneDrive\\Pulpit\\percepcja_psychopy\\photos\\Twarze 50,50\\RS 50,50\\1K RS 5050.png', 'etykieta': 'test', 'left_label': 'radość', 'right_label': 'smutek', 'show_label': 0, 'proporcja_zdjecia': '50/50', 'typ_etykiety': 'Kontrolna', 'warunek': 'kontrolny', 'kierunek': 'Brak', 'thisN': 2, 'thisTrialN': 2, 'thisRepN': 0}>
27.5631 	EXP 	text: autoDraw = False
27.5631 	EXP 	przerwa_text: autoDraw = False
27.5631 	EXP 	label_text: height = np.float64(0.05)
27.5631 	EXP 	label_text: height = np.float64(0.05)
27.5631 	EXP 	label_text: height = np.float64(0.05)
27.5631 	EXP 	label_text: text = ''
27.5631 	EXP 	label_text: height = np.float64(0.05)
27.5631 	EXP 	label_text: height = np.float64(0.05)
27.5631 	EXP 	label_text: height = np.float64(0.05)
27.5631 	EXP 	label_text: height = np.float64(0.05)
27.5631 	EXP 	label_text: height = np.float64(0.05)
27.5631 	EXP 	label_text: height = np.float64(0.05)
27.5631 	EXP 	label_text: text = 'test'
27.5631 	EXP 	stim_image: image = 'C:\\Users\\julia\\OneDrive\\Pulpit\\percepcja_psychopy\\photos\\Twarze 50,50\\RS 50,50\\1K RS 5050.png'
27.5631 	EXP 	suwak_badanie: markerPos = None
27.5631 	EXP 	suwak_badanie: markerPos = 0
27.5631 	EXP 	lewa_etykieta: height = np.float64(0.085)
27.5631 	EXP 	lewa_etykieta: height = np.float64(0.085)
27.5631 	EXP 	lewa_etykieta: height = np.float64(0.085)
27.5631 	EXP 	lewa_etykieta: text = 'radość'
27.5631 	EXP 	prawa_etykieta: height = np.float64(0.085)
27.5631 	EXP 	prawa_etykieta: height = np.float64(0.085)
27.5631 	EXP 	prawa_etykieta: height = np.float64(0.085)
27.5631 	EXP 	prawa_etykieta: text = 'smutek'
27.5631 	EXP 	label_text: autoDraw = True
27.5631 	EXP 	label_text: autoDraw = False
27.7128 	EXP 	fiksacja2: autoDraw = True
27.9618 	EXP 	fiksacja2: autoDraw = False
28.1613 	EXP 	stim_image: autoDraw = True
29.3585 	EXP 	suwak_badanie: autoDraw = True
29.3585 	EXP 	lewa_etykieta: autoDraw = True
29.3585 	EXP 	prawa_etykieta: autoDraw = True
29.3585 	EXP 	pytanie: autoDraw = True
29.3751 	EXP 	stim_image: autoDraw = False
32.2863 	DATA 	Mouse: Left button down, pos=(523,149)
32.2996 	EXP 	suwak_badanie: markerPos = np.float64(30.749999999999986)
32.3160 	EXP 	suwak_badanie: markerPos = np.float64(30.749999999999986)
32.3331 	EXP 	suwak_badanie: markerPos = np.float64(30.749999999999986)
32.3499 	EXP 	suwak_badanie: markerPos = np.float64(30.749999999999986)
32.3668 	EXP 	suwak_badanie: markerPos = np.float64(30.749999999999986)
32.3834 	EXP 	suwak_badanie: markerPos = np.float64(30.749999999999986)
32.3989 	EXP 	suwak_badanie: markerPos = np.float64(30.749999999999986)
32.4024 	DATA 	Mouse:  Left button up, pos=(523,149)
32.4165 	EXP 	suwak_badanie: markerPos = np.float64(30.749999999999986)
32.4326 	EXP 	label_text: autoDraw = False
32.4326 	EXP 	stim_image: autoDraw = False
32.4326 	EXP 	suwak_badanie: autoDraw = False
32.4326 	EXP 	lewa_etykieta: autoDraw = False
32.4326 	EXP 	prawa_etykieta: autoDraw = False
32.4326 	EXP 	fiksacja2: autoDraw = False
32.4326 	EXP 	pytanie: autoDraw = False
32.4326 	EXP 	text: autoDraw = True
33.4364 	EXP 	New trial (rep=0, index=3): <Trial 3 (3 in rep 0) data={'image_path': 'C:\\Users\\julia\\OneDrive\\Pulpit\\percepcja_psychopy\\photos\\Twarze 80,20\\ZW 80,20\\1K ZW 8020.png', 'etykieta': 'Poprzedni badani wykryli w tej twarzy 20% zaufania.', 'left_label': 'zaufanie', 'right_label': 'wstręt', 'show_label': 3, 'proporcja_zdjecia': '80/20 zaufania', 'typ_etykiety': 'Procentowa Ludzie', 'warunek': 'Niezgodny', 'kierunek': 'Dominacja Lewo zaufanie', 'thisN': 3, 'thisTrialN': 3, 'thisRepN': 0}>
33.5130 	EXP 	text: autoDraw = False
33.5130 	EXP 	przerwa_text: autoDraw = False
33.5130 	EXP 	label_text: height = np.float64(0.05)
33.5130 	EXP 	label_text: height = np.float64(0.05)
33.5130 	EXP 	label_text: height = np.float64(0.05)
33.5130 	EXP 	label_text: text = 'Poprzedni badani wykryli w tej twarzy 20% zaufania.'
33.5130 	EXP 	label_text: height = np.float64(0.05)
33.5130 	EXP 	label_text: height = np.float64(0.05)
33.5130 	EXP 	label_text: height = np.float64(0.05)
33.5130 	EXP 	label_text: text = 'Poprzedni badani wykryli w tej twarzy 20% zaufania.'
33.5130 	EXP 	stim_image: image = 'C:\\Users\\julia\\OneDrive\\Pulpit\\percepcja_psychopy\\photos\\Twarze 80,20\\ZW 80,20\\1K ZW 8020.png'
33.5130 	EXP 	suwak_badanie: markerPos = None
33.5130 	EXP 	suwak_badanie: markerPos = 0
33.5130 	EXP 	lewa_etykieta: height = np.float64(0.085)
33.5130 	EXP 	lewa_etykieta: height = np.float64(0.085)
33.5130 	EXP 	lewa_etykieta: height = np.float64(0.085)
33.5130 	EXP 	lewa_etykieta: text = 'zaufanie'
33.5130 	EXP 	prawa_etykieta: height = np.float64(0.085)
33.5130 	EXP 	prawa_etykieta: height = np.float64(0.085)
33.5130 	EXP 	prawa_etykieta: height = np.float64(0.085)
33.5130 	EXP 	prawa_etykieta: text = 'wstręt'
33.5130 	EXP 	label_text: autoDraw = True
36.3632 	EXP 	Device response: <KeyPress from None: t=36.3549530999735, value=escape, duration=None>
36.3643 	DATA 	Keypress: escape
36.4944 	EXP 	Device response: <KeyPress from None: t=36.3549530999735, value=escape, duration=0.1252280999906361>
36.4944 	EXP 	untitled_FINAL_NEWEST: status = STOPPED
36.5058 	EXP 	label_text: autoDraw = False
36.5106 	EXP 	untitled_FINAL_NEWEST: status = STOPPED
36.5269 	INFO 	saved data to 'C:\\Users\\julia\\OneDrive\\Pulpit\\percepcja_psychopy\\data\\pilot_untitled_FINAL_NEWEST_2026-04-25_20h06.31.106.csv'
36.5306 	INFO 	saved data to C:\Users\julia\OneDrive\Pulpit\percepcja_psychopy\data\pilot_untitled_FINAL_NEWEST_2026-04-25_20h06.31.106.psydat
37.0084 	DEBUG 	Saving data for untitled_FINAL_NEWEST ExperimentHandler
37.0426 	WARNING 	Stopping key buffers but this could be dangerous ifother keyboards rely on the same.
