10.2275 	DEBUG 	Fullscreen settings ignored as running in pilot mode.
10.2293 	INFO 	Loaded monitor calibration from ['2026_03_18 20:30']
10.7806 	INFO 	Using renderer 'Intel(R) UHD Graphics' for graphics
10.7807 	INFO 	OpenGL version supported by driver is 4..
11.9239 	EXP 	Created window1 = Window(allowGUI=False, allowStencil=True, autoLog=True, backendConf=UNKNOWN, backgroundFit=<method-wrapper '__getattribute__' of attributeSetter object at 0x0000019DEC30CC70>, backgroundImage=<method-wrapper '__getattribute__' of attributeSetter object at 0x0000019DEC30EC80>, bitsMode=UNKNOWN, blendMode='avg', bpc=(8, 8, 8), color=array([0.6549, 0.6549, 0.6549]), colorSpace='rgb', depthBits=8, fullscr=False, gamma=None, gammaErrorPolicy='raise', infoMsg=UNKNOWN, lms=UNKNOWN, monitor=<psychopy.monitors.calibTools.Monitor object at 0x0000019DEC4E80A0>, multiSample=False, name='window1', numSamples=2, pos=[np.float64(560.0), np.float64(240.0)], screen=0, size=array([800, 600]), stencilBits=8, stereo=False, title='PsychoPy', units='height', useFBO=True, useRetina=False, viewOri=0.0, viewPos=None, viewScale=None, waitBlanking=True, winType='pyglet')
11.9240 	EXP 	window1: backgroundImage = ''
11.9240 	EXP 	window1: backgroundFit = 'none'
11.9744 	DEBUG 	TextBox2 loaded 1 chars with 0 blanks and 1 valid
11.9882 	DEBUG 	TextBox2 loaded 1 chars with 0 blanks and 1 valid
12.0024 	DEBUG 	TextBox2 loaded 1 chars with 0 blanks and 1 valid
12.0178 	DEBUG 	TextBox2 loaded 1 chars with 0 blanks and 1 valid
12.0336 	DEBUG 	TextBox2 loaded 1 chars with 0 blanks and 1 valid
12.0488 	DEBUG 	TextBox2 loaded 1 chars with 0 blanks and 1 valid
12.0638 	DEBUG 	TextBox2 loaded 1 chars with 0 blanks and 1 valid
12.0786 	DEBUG 	TextBox2 loaded 1 chars with 0 blanks and 1 valid
12.0936 	DEBUG 	TextBox2 loaded 1 chars with 0 blanks and 1 valid
12.1083 	DEBUG 	TextBox2 loaded 1 chars with 0 blanks and 1 valid
12.1240 	DEBUG 	TextBox2 loaded 1 chars with 0 blanks and 1 valid
12.1396 	DEBUG 	TextBox2 loaded 1 chars with 0 blanks and 1 valid
12.1538 	DEBUG 	TextBox2 loaded 1 chars with 0 blanks and 1 valid
12.1687 	DEBUG 	TextBox2 loaded 1 chars with 0 blanks and 1 valid
12.1841 	DEBUG 	TextBox2 loaded 1 chars with 0 blanks and 1 valid
12.1986 	DEBUG 	TextBox2 loaded 1 chars with 0 blanks and 1 valid
12.2134 	DEBUG 	TextBox2 loaded 1 chars with 0 blanks and 1 valid
12.2276 	DEBUG 	TextBox2 loaded 1 chars with 0 blanks and 1 valid
12.2426 	DEBUG 	TextBox2 loaded 1 chars with 0 blanks and 1 valid
12.2595 	DEBUG 	TextBox2 loaded 1 chars with 0 blanks and 1 valid
12.2769 	DEBUG 	TextBox2 loaded 1 chars with 0 blanks and 1 valid
12.2939 	DEBUG 	TextBox2 loaded 1 chars with 0 blanks and 1 valid
12.3116 	DEBUG 	TextBox2 loaded 1 chars with 0 blanks and 1 valid
12.3284 	DEBUG 	TextBox2 loaded 1 chars with 0 blanks and 1 valid
12.3445 	DEBUG 	TextBox2 loaded 1 chars with 0 blanks and 1 valid
12.3605 	DEBUG 	TextBox2 loaded 1 chars with 0 blanks and 1 valid
12.3747 	DEBUG 	TextBox2 loaded 1 chars with 0 blanks and 1 valid
12.3888 	DEBUG 	TextBox2 loaded 1 chars with 0 blanks and 1 valid
12.3894 	DEBUG 	Uploading Texture Font fontname to graphics card
12.4061 	DEBUG 	Upload of Texture Font fontname complete
12.4417 	DEBUG 	TextBox2 loaded 1 chars with 0 blanks and 1 valid
12.4557 	DEBUG 	TextBox2 loaded 1 chars with 0 blanks and 1 valid
12.4561 	DEBUG 	Uploading Texture Font fontname to graphics card
12.4696 	DEBUG 	Upload of Texture Font fontname complete
12.6593 	INFO 	keyboard.Keyboard is using ptb backend.
12.6594 	EXP 	untitled_FINAL_NEWEST: status = STARTED
12.8664 	EXP 	Created text_instr = TextStim(__class__=<class 'psychopy.visual.text.TextStim'>, alignHoriz=method-wrapper(...), alignText='center', alignVert=method-wrapper(...), anchorHoriz='center', anchorVert='center', antialias=True, autoDraw=False, autoLog=True, bold=False, color=array([-1., -1., -1.]), colorSpace='rgb', contrast=1.0, depth=-2.0, draggable=False, flipHoriz=False, flipVert=False, font='Arial', fontFiles=[], height=np.float64(0.03), italic=False, languageStyle='LTR', name='text_instr', opacity=1, ori=0.0, pos=array([0., 0.]), rgb=UNKNOWN, text=str(...), units='height', win=Window(...), wrapWidth=1.5)
12.8925 	EXP 	Created suwak_info = TextStim(__class__=<class 'psychopy.visual.text.TextStim'>, alignHoriz=method-wrapper(...), alignText='center', alignVert=method-wrapper(...), anchorHoriz='center', anchorVert='center', antialias=True, autoDraw=False, autoLog=True, bold=False, color=array([-1., -1., -1.]), colorSpace='rgb', contrast=1.0, depth=-1.0, draggable=False, flipHoriz=False, flipVert=False, font='Arial', fontFiles=[], height=np.float64(0.03), italic=False, languageStyle='LTR', name='suwak_info', opacity=1, ori=0.0, pos=array([0., 0.]), rgb=UNKNOWN, text=str(...), units='height', win=Window(...), wrapWidth=1.3)
12.9227 	EXP 	Created proba_testowa = TextStim(__class__=<class 'psychopy.visual.text.TextStim'>, alignHoriz=method-wrapper(...), alignText='center', alignVert=method-wrapper(...), anchorHoriz='center', anchorVert='center', antialias=True, autoDraw=False, autoLog=True, bold=False, color=array([-1., -1., -1.]), colorSpace='rgb', contrast=1.0, depth=-2.0, draggable=False, flipHoriz=False, flipVert=False, font='Arial', fontFiles=[], height=np.float64(0.04), italic=False, languageStyle='LTR', name='proba_testowa', opacity=1, ori=0.0, pos=array([0., 0.]), rgb=UNKNOWN, text=str(...), units='height', win=Window(...), wrapWidth=1.4)
12.9242 	EXP 	Created pilot_label_text = TextStim(__class__=<class 'psychopy.visual.text.TextStim'>, alignHoriz=method-wrapper(...), alignText='center', alignVert=method-wrapper(...), anchorHoriz='center', anchorVert='center', antialias=True, autoDraw=False, autoLog=True, bold=False, color=array([-1., -1., -1.]), colorSpace='rgb', contrast=1.0, depth=-1.0, draggable=False, flipHoriz=False, flipVert=False, font='Arial', fontFiles=[], height=0.05, italic=False, languageStyle='LTR', name='pilot_label_text', opacity=1, ori=0.0, pos=array([0., 0.]), rgb=UNKNOWN, text='', units='height', win=Window(...), wrapWidth=1.3)
12.9308 	EXP 	Created pilot_fiksacja1 = TextStim(__class__=<class 'psychopy.visual.text.TextStim'>, alignHoriz=method-wrapper(...), alignText='center', alignVert=method-wrapper(...), anchorHoriz='center', anchorVert='center', antialias=True, autoDraw=False, autoLog=True, bold=False, color=array([-1., -1., -1.]), colorSpace='rgb', contrast=1.0, depth=-2.0, draggable=False, flipHoriz=False, flipVert=False, font='Arial', fontFiles=[], height=np.float64(0.12), italic=False, languageStyle='LTR', name='pilot_fiksacja1', opacity=1, ori=0.0, pos=array([0., 0.]), rgb=UNKNOWN, text='+', units='height', win=Window(...), wrapWidth=1)
12.9649 	EXP 	Created pilot_suwak = Slider(__class__=<class 'psychopy.visual.slider.Slider'>, autoDraw=False, autoLog=True, borderColor=None, color=None, colorSpace='rgb', depth=-3, fillColor=None, flip=False, font='Noto Sans', granularity=0.0, labelColor=None, labelHeight=np.float64(0.05), labelWrapWidth=None, labels=None, lineColor=None, markerColor=None, name='pilot_suwak', opacity=None, ori=0.0, pos=array([ 0. , -0.5]), readOnly=False, self=UNKNOWN, size=array([1. , 0.1]), startValue=0, style='slider', styleTweaks=[], ticks=array([-50, -25,   0,  25,  50]), units='norm', win=Window(...))
12.9701 	EXP 	Created pilot_fiksacja2 = TextStim(__class__=<class 'psychopy.visual.text.TextStim'>, alignHoriz=method-wrapper(...), alignText='center', alignVert=method-wrapper(...), anchorHoriz='center', anchorVert='center', antialias=True, autoDraw=False, autoLog=True, bold=False, color=array([-1., -1., -1.]), colorSpace='rgb', contrast=1.0, depth=-4.0, draggable=False, flipHoriz=False, flipVert=False, font='Arial', fontFiles=[], height=np.float64(0.1), italic=False, languageStyle='LTR', name='pilot_fiksacja2', opacity=1, ori=0.0, pos=array([0., 0.]), rgb=UNKNOWN, text='+', units='height', win=Window(...), wrapWidth=1)
12.9855 	EXP 	Created pilot_pytanie = TextStim(__class__=<class 'psychopy.visual.text.TextStim'>, alignHoriz=method-wrapper(...), alignText='center', alignVert=method-wrapper(...), anchorHoriz='center', anchorVert='center', antialias=True, autoDraw=False, autoLog=True, bold=False, color=array([-1., -1., -1.]), colorSpace='rgb', contrast=1.0, depth=-5.0, draggable=False, flipHoriz=False, flipVert=False, font='Arial', fontFiles=[], height=np.float64(0.1), italic=False, languageStyle='LTR', name='pilot_pytanie', opacity=1, ori=0.0, pos=array([0., 0.]), rgb=UNKNOWN, text='Jaką emocję wyrażała ta twarz?', units='norm', win=Window(...), wrapWidth=1)
12.9866 	EXP 	Created pilot_lewa_etykieta = TextStim(__class__=<class 'psychopy.visual.text.TextStim'>, alignHoriz=method-wrapper(...), alignText='center', alignVert=method-wrapper(...), anchorHoriz='center', anchorVert='center', antialias=True, autoDraw=False, autoLog=True, bold=False, color=array([-1., -1., -1.]), colorSpace='rgb', contrast=1.0, depth=-6.0, draggable=False, flipHoriz=False, flipVert=False, font='Arial', fontFiles=[], height=0.085, italic=False, languageStyle='LTR', name='pilot_lewa_etykieta', opacity=1, ori=0.0, pos=array([-0.6, -0.5]), rgb=UNKNOWN, text='', units='norm', win=Window(...), wrapWidth=1)
12.9872 	EXP 	Created pilot_prawa_etykieta = TextStim(__class__=<class 'psychopy.visual.text.TextStim'>, alignHoriz=method-wrapper(...), alignText='center', alignVert=method-wrapper(...), anchorHoriz='center', anchorVert='center', antialias=True, autoDraw=False, autoLog=True, bold=False, color=array([-1., -1., -1.]), colorSpace='rgb', contrast=1.0, depth=-7.0, draggable=False, flipHoriz=False, flipVert=False, font='Arial', fontFiles=[], height=0.085, italic=False, languageStyle='LTR', name='pilot_prawa_etykieta', opacity=1, ori=0.0, pos=array([ 0.6, -0.5]), rgb=UNKNOWN, text='', units='norm', win=Window(...), wrapWidth=1)
13.0586 	EXP 	Created pilot_stim_image = ImageStim(__class__=<class 'psychopy.visual.image.ImageStim'>, anchor=('center', 'center'), autoLog=True, color=array([1., 1., 1.]), colorSpace='rgb', contrast=1.0, depth=-8.0, draggable=False, flipHoriz=np.False_, flipVert=np.False_, image='photos/twarz_testowa.jpg', interpolate=True, mask=None, maskParams=None, name='pilot_stim_image', opacity=1, ori=0.0, pos=array([0., 0.]), size=array([0.75, 0.75]), texRes=128.0, units='height', win=Window(...))
13.0921 	EXP 	Created start_badania = TextStim(__class__=<class 'psychopy.visual.text.TextStim'>, alignHoriz=method-wrapper(...), alignText='center', alignVert=method-wrapper(...), anchorHoriz='center', anchorVert='center', antialias=True, autoDraw=False, autoLog=True, bold=False, color=array([-1., -1., -1.]), colorSpace='rgb', contrast=1.0, depth=-2.0, draggable=False, flipHoriz=False, flipVert=False, font='Arial', fontFiles=[], height=np.float64(0.1), italic=False, languageStyle='LTR', name='start_badania', opacity=1, ori=0.0, pos=array([0., 0.]), rgb=UNKNOWN, text=str(...), units='norm', win=Window(...), wrapWidth=1.4)
13.0975 	EXP 	Created przerwa_text = TextStim(__class__=<class 'psychopy.visual.text.TextStim'>, alignHoriz=method-wrapper(...), alignText='center', alignVert=method-wrapper(...), anchorHoriz='center', anchorVert='center', antialias=True, autoDraw=False, autoLog=True, bold=False, color=array([-1., -1., -1.]), colorSpace='rgb', contrast=1.0, depth=0.0, draggable=False, flipHoriz=False, flipVert=False, font='Arial', fontFiles=[], height=np.float64(0.1), italic=False, languageStyle='LTR', name='przerwa_text', opacity=1, ori=0.0, pos=array([0., 0.]), rgb=UNKNOWN, text=str(...), units='norm', win=Window(...), wrapWidth=1)
13.0981 	EXP 	Created label_text = TextStim(__class__=<class 'psychopy.visual.text.TextStim'>, alignHoriz=method-wrapper(...), alignText='center', alignVert=method-wrapper(...), anchorHoriz='center', anchorVert='center', antialias=True, autoDraw=False, autoLog=True, bold=False, color=array([-1., -1., -1.]), colorSpace='rgb', contrast=1.0, depth=-2.0, draggable=False, flipHoriz=False, flipVert=False, font='Arial', fontFiles=[], height=0.05, italic=False, languageStyle='LTR', name='label_text', opacity=1, ori=0.0, pos=array([0., 0.]), rgb=UNKNOWN, text='', units='height', win=Window(...), wrapWidth=1.3)
13.1042 	EXP 	Created stim_image = ImageStim(__class__=<class 'psychopy.visual.image.ImageStim'>, anchor=('center', 'center'), autoLog=True, color=array([1., 1., 1.]), colorSpace='rgb', contrast=1.0, depth=-3.0, draggable=False, flipHoriz=np.False_, flipVert=np.False_, image='default.png', interpolate=True, mask=None, maskParams=None, name='stim_image', opacity=1, ori=0.0, pos=array([0., 0.]), size=array([0.75, 0.75]), texRes=128.0, units='height', win=Window(...))
13.1140 	EXP 	Created suwak_badanie = Slider(__class__=<class 'psychopy.visual.slider.Slider'>, autoDraw=False, autoLog=True, borderColor=None, color=None, colorSpace='rgb', depth=-4, fillColor=None, flip=False, font='Noto Sans', granularity=0.0, labelColor=None, labelHeight=np.float64(0.05), labelWrapWidth=None, labels=None, lineColor=None, markerColor=None, name='suwak_badanie', opacity=None, ori=0.0, pos=array([ 0. , -0.5]), readOnly=False, self=UNKNOWN, size=array([1. , 0.1]), startValue=0, style='slider', styleTweaks=[], ticks=array([-50, -25,   0,  25,  50]), units='norm', win=Window(...))
13.1147 	EXP 	Created lewa_etykieta = TextStim(__class__=<class 'psychopy.visual.text.TextStim'>, alignHoriz=method-wrapper(...), alignText='center', alignVert=method-wrapper(...), anchorHoriz='center', anchorVert='center', antialias=True, autoDraw=False, autoLog=True, bold=False, color=array([-1., -1., -1.]), colorSpace='rgb', contrast=1.0, depth=-5.0, draggable=False, flipHoriz=False, flipVert=False, font='Arial', fontFiles=[], height=0.085, italic=False, languageStyle='LTR', name='lewa_etykieta', opacity=1, ori=0.0, pos=array([-0.65, -0.5 ]), rgb=UNKNOWN, text='', units='norm', win=Window(...), wrapWidth=1)
13.1153 	EXP 	Created prawa_etykieta = TextStim(__class__=<class 'psychopy.visual.text.TextStim'>, alignHoriz=method-wrapper(...), alignText='center', alignVert=method-wrapper(...), anchorHoriz='center', anchorVert='center', antialias=True, autoDraw=False, autoLog=True, bold=False, color=array([-1., -1., -1.]), colorSpace='rgb', contrast=1.0, depth=-6.0, draggable=False, flipHoriz=False, flipVert=False, font='Arial', fontFiles=[], height=0.085, italic=False, languageStyle='LTR', name='prawa_etykieta', opacity=1, ori=0.0, pos=array([ 0.65, -0.5 ]), rgb=UNKNOWN, text='', units='norm', win=Window(...), wrapWidth=1)
13.1204 	EXP 	Created fiksacja2 = TextStim(__class__=<class 'psychopy.visual.text.TextStim'>, alignHoriz=method-wrapper(...), alignText='center', alignVert=method-wrapper(...), anchorHoriz='center', anchorVert='center', antialias=True, autoDraw=False, autoLog=True, bold=False, color=array([-1., -1., -1.]), colorSpace='rgb', contrast=1.0, depth=-7.0, draggable=False, flipHoriz=False, flipVert=False, font='Arial', fontFiles=[], height=np.float64(0.12), italic=False, languageStyle='LTR', name='fiksacja2', opacity=1, ori=0.0, pos=array([0., 0.]), rgb=UNKNOWN, text='+', units='height', win=Window(...), wrapWidth=1)
13.1252 	EXP 	Created pytanie = TextStim(__class__=<class 'psychopy.visual.text.TextStim'>, alignHoriz=method-wrapper(...), alignText='center', alignVert=method-wrapper(...), anchorHoriz='center', anchorVert='center', antialias=True, autoDraw=False, autoLog=True, bold=False, color=array([-1., -1., -1.]), colorSpace='rgb', contrast=1.0, depth=-8.0, draggable=False, flipHoriz=False, flipVert=False, font='Arial', fontFiles=[], height=np.float64(0.1), italic=False, languageStyle='LTR', name='pytanie', opacity=1, ori=0.0, pos=array([0., 0.]), rgb=UNKNOWN, text='Jaką emocję wyrażała ta twarz?', units='norm', win=Window(...), wrapWidth=1)
13.1275 	EXP 	Created text = TextStim(__class__=<class 'psychopy.visual.text.TextStim'>, alignHoriz=method-wrapper(...), alignText='center', alignVert=method-wrapper(...), anchorHoriz='center', anchorVert='center', antialias=True, autoDraw=False, autoLog=True, bold=False, color=array([1., 1., 1.]), colorSpace='rgb', contrast=1.0, depth=-1.0, draggable=False, flipHoriz=False, flipVert=False, font='Arial', fontFiles=[], height=np.float64(0.05), italic=False, languageStyle='LTR', name='text', opacity=1, ori=0.0, pos=array([0., 0.]), rgb=UNKNOWN, text='', units='height', win=Window(...), wrapWidth=1)
13.1397 	EXP 	Created podziekowania_text = TextStim(__class__=<class 'psychopy.visual.text.TextStim'>, alignHoriz=method-wrapper(...), alignText='center', alignVert=method-wrapper(...), anchorHoriz='center', anchorVert='center', antialias=True, autoDraw=False, autoLog=True, bold=False, color=array([1., 1., 1.]), colorSpace='rgb', contrast=1.0, depth=0.0, draggable=False, flipHoriz=False, flipVert=False, font='Arial', fontFiles=[], height=np.float64(0.05), italic=False, languageStyle='LTR', name='podziekowania_text', opacity=1, ori=0.0, pos=array([0., 0.]), rgb=UNKNOWN, text=str(...), units='height', win=Window(...), wrapWidth=1)
0.0343 	EXP 	pilot_suwak: autoLog = True
0.0343 	EXP 	pilot_suwak: styleTweaks = []
0.0343 	EXP 	pilot_suwak: styleTweaks = []
0.0343 	EXP 	pilot_suwak: styleTweaks = []
0.0343 	EXP 	pilot_suwak: styleTweaks = []
0.0343 	EXP 	pilot_suwak: contrast = 1.0
0.0343 	EXP 	pilot_suwak: markerPos = 0
0.0343 	EXP 	pilot_suwak: autoLog = True
0.0343 	EXP 	suwak_badanie: autoLog = True
0.0343 	EXP 	suwak_badanie: styleTweaks = []
0.0343 	EXP 	suwak_badanie: styleTweaks = []
0.0343 	EXP 	suwak_badanie: styleTweaks = []
0.0343 	EXP 	suwak_badanie: styleTweaks = []
0.0343 	EXP 	suwak_badanie: contrast = 1.0
0.0343 	EXP 	suwak_badanie: markerPos = 0
0.0343 	EXP 	suwak_badanie: autoLog = True
0.0562 	INFO 	Keyboard events cleared
0.0561 	EXP 	text_instr: autoDraw = True
1.1579 	EXP 	Device response: <KeyPress from None: t=1.1363800999242812, value=space, duration=None>
1.1616 	DATA 	Keypress: space
1.1777 	INFO 	Keyboard events cleared
1.1776 	EXP 	text_instr: autoDraw = False
1.1776 	EXP 	suwak_info: autoDraw = True
1.2144 	EXP 	Device response: <KeyPress from None: t=1.1363800999242812, value=space, duration=0.07011100009549409>
1.4682 	EXP 	Device response: <KeyPress from None: t=1.466654899995774, value=space, duration=None>
1.4722 	DATA 	Keypress: space
1.4790 	INFO 	Keyboard events cleared
1.4789 	EXP 	suwak_info: autoDraw = False
1.4789 	EXP 	proba_testowa: autoDraw = True
1.5507 	EXP 	Device response: <KeyPress from None: t=1.466654899995774, value=space, duration=0.07483880000654608>
1.7630 	EXP 	Device response: <KeyPress from None: t=1.7582726000109687, value=space, duration=None>
1.7859 	DATA 	Keypress: space
1.7922 	EXP 	proba_testowa: autoDraw = False
1.7922 	EXP 	pilot_label_text: height = np.float64(0.05)
1.7922 	EXP 	pilot_label_text: height = np.float64(0.05)
1.7922 	EXP 	pilot_label_text: height = np.float64(0.05)
1.7922 	EXP 	pilot_label_text: height = np.float64(0.05)
1.7922 	EXP 	pilot_label_text: height = np.float64(0.05)
1.7922 	EXP 	pilot_label_text: height = np.float64(0.05)
1.7922 	EXP 	pilot_label_text: text = 'Model AI wykrył w tej twarzy 80% smutku.\n\n'
1.7922 	EXP 	pilot_suwak: markerPos = None
1.7922 	EXP 	pilot_suwak: markerPos = 0
1.7922 	EXP 	pilot_lewa_etykieta: height = np.float64(0.085)
1.7922 	EXP 	pilot_lewa_etykieta: height = np.float64(0.085)
1.7922 	EXP 	pilot_lewa_etykieta: height = np.float64(0.085)
1.7922 	EXP 	pilot_lewa_etykieta: text = 'radość'
1.7922 	EXP 	pilot_prawa_etykieta: height = np.float64(0.085)
1.7922 	EXP 	pilot_prawa_etykieta: height = np.float64(0.085)
1.7922 	EXP 	pilot_prawa_etykieta: height = np.float64(0.085)
1.7922 	EXP 	pilot_prawa_etykieta: text = 'smutek'
1.7922 	EXP 	pilot_fiksacja1: autoDraw = True
1.8122 	EXP 	Device response: <KeyPress from None: t=1.7582726000109687, value=space, duration=0.048785299994051456>
2.2917 	EXP 	pilot_fiksacja1: autoDraw = False
2.4746 	EXP 	pilot_label_text: autoDraw = True
5.4834 	EXP 	pilot_label_text: autoDraw = False
5.6661 	EXP 	pilot_fiksacja2: autoDraw = True
6.1812 	EXP 	pilot_fiksacja2: autoDraw = False
6.3642 	EXP 	pilot_stim_image: autoDraw = True
7.2940 	EXP 	pilot_suwak: autoDraw = True
7.2940 	EXP 	pilot_pytanie: autoDraw = True
7.2940 	EXP 	pilot_lewa_etykieta: autoDraw = True
7.2940 	EXP 	pilot_prawa_etykieta: autoDraw = True
7.2940 	EXP 	pilot_stim_image: autoDraw = False
8.3119 	DATA 	Mouse: Left button down, pos=(507,143)
8.3247 	EXP 	pilot_suwak: markerPos = np.float64(27.0)
8.3416 	EXP 	pilot_suwak: markerPos = np.float64(27.0)
8.3582 	EXP 	pilot_suwak: markerPos = np.float64(27.0)
8.3752 	EXP 	pilot_suwak: markerPos = np.float64(27.0)
8.3787 	DATA 	Mouse:  Left button up, pos=(508,143)
8.3915 	EXP 	pilot_suwak: markerPos = np.float64(27.0)
8.4086 	INFO 	Keyboard events cleared
8.4084 	EXP 	pilot_label_text: autoDraw = False
8.4084 	EXP 	pilot_fiksacja1: autoDraw = False
8.4084 	EXP 	pilot_suwak: autoDraw = False
8.4084 	EXP 	pilot_fiksacja2: autoDraw = False
8.4084 	EXP 	pilot_pytanie: autoDraw = False
8.4084 	EXP 	pilot_lewa_etykieta: autoDraw = False
8.4084 	EXP 	pilot_prawa_etykieta: autoDraw = False
8.4084 	EXP 	pilot_stim_image: autoDraw = False
8.4084 	EXP 	start_badania: autoDraw = True
9.3752 	DATA 	Keypress: space
9.3910 	EXP 	Device response: <KeyPress from None: t=9.374442699947394, value=space, duration=None>
9.5367 	DEBUG 	Saving data for untitled_FINAL_NEWEST ExperimentHandler
9.5389 	INFO 	saved data to C:\Users\julia\OneDrive\Pulpit\percepcja_psychopy\data\pilot_untitled_FINAL_NEWEST_2026-04-25_22h47.12.731.psydat
9.5428 	INFO 	saved data to 'C:\\Users\\julia\\OneDrive\\Pulpit\\percepcja_psychopy\\data\\pilot_untitled_FINAL_NEWEST_2026-04-25_22h47.12.731.csv'
9.8162 	WARNING 	Stopping key buffers but this could be dangerous ifother keyboards rely on the same.
