10.8253 	DEBUG 	Fullscreen settings ignored as running in pilot mode.
10.8267 	INFO 	Loaded monitor calibration from ['2026_03_18 20:30']
12.0447 	INFO 	Using renderer 'Intel(R) UHD Graphics' for graphics
12.0447 	INFO 	OpenGL version supported by driver is 4..
13.2007 	EXP 	Created window1 = Window(allowGUI=False, allowStencil=False, autoLog=True, backendConf=UNKNOWN, backgroundFit=<method-wrapper '__getattribute__' of attributeSetter object at 0x000001D8B321BF70>, backgroundImage=<method-wrapper '__getattribute__' of attributeSetter object at 0x000001D8B321BB80>, bitsMode=UNKNOWN, blendMode='avg', bpc=(8, 8, 8), color=array([-1., -1., -1.]), colorSpace='rgb', depthBits=8, fullscr=False, gamma=None, gammaErrorPolicy='raise', infoMsg=UNKNOWN, lms=UNKNOWN, monitor=<psychopy.monitors.calibTools.Monitor object at 0x000001D8B3279FF0>, multiSample=False, name='window1', numSamples=2, pos=[np.float64(560.0), np.float64(240.0)], screen=0, size=array([800, 600]), stencilBits=0, stereo=False, title='PsychoPy', units='height', useFBO=True, useRetina=False, viewOri=0.0, viewPos=None, viewScale=None, waitBlanking=True, winType='pyglet')
13.2008 	EXP 	window1: backgroundImage = ''
13.2008 	EXP 	window1: backgroundFit = 'none'
13.2580 	DEBUG 	TextBox2 loaded 1 chars with 0 blanks and 1 valid
13.2764 	DEBUG 	TextBox2 loaded 1 chars with 0 blanks and 1 valid
13.2925 	DEBUG 	TextBox2 loaded 1 chars with 0 blanks and 1 valid
13.3092 	DEBUG 	TextBox2 loaded 1 chars with 0 blanks and 1 valid
13.3263 	DEBUG 	TextBox2 loaded 1 chars with 0 blanks and 1 valid
13.3424 	DEBUG 	TextBox2 loaded 1 chars with 0 blanks and 1 valid
13.3588 	DEBUG 	TextBox2 loaded 1 chars with 0 blanks and 1 valid
13.3751 	DEBUG 	TextBox2 loaded 1 chars with 0 blanks and 1 valid
13.3910 	DEBUG 	TextBox2 loaded 1 chars with 0 blanks and 1 valid
13.4065 	DEBUG 	TextBox2 loaded 1 chars with 0 blanks and 1 valid
13.4234 	DEBUG 	TextBox2 loaded 1 chars with 0 blanks and 1 valid
13.4394 	DEBUG 	TextBox2 loaded 1 chars with 0 blanks and 1 valid
13.4553 	DEBUG 	TextBox2 loaded 1 chars with 0 blanks and 1 valid
13.4706 	DEBUG 	TextBox2 loaded 1 chars with 0 blanks and 1 valid
13.4861 	DEBUG 	TextBox2 loaded 1 chars with 0 blanks and 1 valid
13.5020 	DEBUG 	TextBox2 loaded 1 chars with 0 blanks and 1 valid
13.5176 	DEBUG 	TextBox2 loaded 1 chars with 0 blanks and 1 valid
13.5330 	DEBUG 	TextBox2 loaded 1 chars with 0 blanks and 1 valid
13.5484 	DEBUG 	TextBox2 loaded 1 chars with 0 blanks and 1 valid
13.5640 	DEBUG 	TextBox2 loaded 1 chars with 0 blanks and 1 valid
13.5794 	DEBUG 	TextBox2 loaded 1 chars with 0 blanks and 1 valid
13.5801 	DEBUG 	Uploading Texture Font fontname to graphics card
13.5892 	DEBUG 	Upload of Texture Font fontname complete
13.6492 	DEBUG 	TextBox2 loaded 1 chars with 0 blanks and 1 valid
13.6676 	DEBUG 	TextBox2 loaded 1 chars with 0 blanks and 1 valid
13.6844 	DEBUG 	TextBox2 loaded 1 chars with 0 blanks and 1 valid
13.6850 	DEBUG 	Uploading Texture Font fontname to graphics card
13.6990 	DEBUG 	Upload of Texture Font fontname complete
13.7016 	EXP 	window1: Attempting to measure frame rate of screen (0) ...
13.7017 	EXP 	window1: recordFrameIntervals = False
14.2925 	EXP 	window1: recordFrameIntervals = True
14.3691 	WARNING 	t of last frame was 31.30ms (=1/31)
14.4037 	WARNING 	t of last frame was 34.63ms (=1/28)
14.4869 	WARNING 	t of last frame was 20.28ms (=1/49)
14.5876 	WARNING 	t of last frame was 33.15ms (=1/30)
14.6173 	WARNING 	Multiple dropped frames have occurred - I'll stop bothering you about them!
16.3310 	EXP 	window1: recordFrameIntervals = False
16.3311 	WARNING 	Couldn't measure a consistent frame rate!
  - Is your graphics card set to sync to vertical blank?
  - Are you running other processes on your computer?

16.3856 	DEBUG 	TextBox2 loaded 1 chars with 0 blanks and 1 valid
16.4084 	DEBUG 	TextBox2 loaded 1 chars with 0 blanks and 1 valid
16.4292 	DEBUG 	TextBox2 loaded 1 chars with 0 blanks and 1 valid
16.4525 	DEBUG 	TextBox2 loaded 1 chars with 0 blanks and 1 valid
16.4757 	DEBUG 	TextBox2 loaded 1 chars with 0 blanks and 1 valid
16.4976 	DEBUG 	TextBox2 loaded 1 chars with 0 blanks and 1 valid
16.5177 	DEBUG 	TextBox2 loaded 1 chars with 0 blanks and 1 valid
16.5401 	DEBUG 	TextBox2 loaded 1 chars with 0 blanks and 1 valid
16.5635 	DEBUG 	TextBox2 loaded 1 chars with 0 blanks and 1 valid
16.5850 	DEBUG 	TextBox2 loaded 1 chars with 0 blanks and 1 valid
16.5859 	DEBUG 	Uploading Texture Font fontname to graphics card
16.5869 	DEBUG 	Upload of Texture Font fontname complete
16.9204 	INFO 	keyboard.Keyboard is using ptb backend.
16.9205 	EXP 	untitled_FINAL_NEWEST: status = STARTED
17.1711 	EXP 	Created text_instr = TextStim(__class__=<class 'psychopy.visual.text.TextStim'>, alignHoriz=method-wrapper(...), alignText='center', alignVert=method-wrapper(...), anchorHoriz='center', anchorVert='center', antialias=True, autoDraw=False, autoLog=True, bold=False, color=array([1., 1., 1.]), colorSpace='rgb', contrast=1.0, depth=-2.0, draggable=False, flipHoriz=False, flipVert=False, font='Arial', fontFiles=[], height=np.float64(0.03), italic=False, languageStyle='LTR', name='text_instr', opacity=1, ori=0.0, pos=array([0., 0.]), rgb=UNKNOWN, text=str(...), units='height', win=Window(...), wrapWidth=1.3)
17.2187 	EXP 	Created suwak_info = TextStim(__class__=<class 'psychopy.visual.text.TextStim'>, alignHoriz=method-wrapper(...), alignText='center', alignVert=method-wrapper(...), anchorHoriz='center', anchorVert='center', antialias=True, autoDraw=False, autoLog=True, bold=False, color=array([1., 1., 1.]), colorSpace='rgb', contrast=1.0, depth=-1.0, draggable=False, flipHoriz=False, flipVert=False, font='Arial', fontFiles=[], height=np.float64(0.03), italic=False, languageStyle='LTR', name='suwak_info', opacity=1, ori=0.0, pos=array([0., 0.]), rgb=UNKNOWN, text=str(...), units='height', win=Window(...), wrapWidth=1.3)
17.2994 	EXP 	Created proba_testowa = TextStim(__class__=<class 'psychopy.visual.text.TextStim'>, alignHoriz=method-wrapper(...), alignText='center', alignVert=method-wrapper(...), anchorHoriz='center', anchorVert='center', antialias=True, autoDraw=False, autoLog=True, bold=False, color=array([1., 1., 1.]), colorSpace='rgb', contrast=1.0, depth=-2.0, draggable=False, flipHoriz=False, flipVert=False, font='Arial', fontFiles=[], height=np.float64(0.04), italic=False, languageStyle='LTR', name='proba_testowa', opacity=1, ori=0.0, pos=array([0., 0.]), rgb=UNKNOWN, text=str(...), units='height', win=Window(...), wrapWidth=1.3)
17.3062 	EXP 	Created pilot_label_text = TextStim(__class__=<class 'psychopy.visual.text.TextStim'>, alignHoriz=method-wrapper(...), alignText='center', alignVert=method-wrapper(...), anchorHoriz='center', anchorVert='center', antialias=True, autoDraw=False, autoLog=True, bold=False, color=array([1., 1., 1.]), colorSpace='rgb', contrast=1.0, depth=-1.0, draggable=False, flipHoriz=False, flipVert=False, font='Arial', fontFiles=[], height=0.05, italic=False, languageStyle='LTR', name='pilot_label_text', opacity=1, ori=0.0, pos=array([0., 0.]), rgb=UNKNOWN, text='', units='height', win=Window(...), wrapWidth=1.3)
17.3299 	EXP 	Created pilot_fiksacja1 = TextStim(__class__=<class 'psychopy.visual.text.TextStim'>, alignHoriz=method-wrapper(...), alignText='center', alignVert=method-wrapper(...), anchorHoriz='center', anchorVert='center', antialias=True, autoDraw=False, autoLog=True, bold=False, color=array([1., 1., 1.]), colorSpace='rgb', contrast=1.0, depth=-2.0, draggable=False, flipHoriz=False, flipVert=False, font='Arial', fontFiles=[], height=np.float64(0.1), italic=False, languageStyle='LTR', name='pilot_fiksacja1', opacity=1, ori=0.0, pos=array([0., 0.]), rgb=UNKNOWN, text='+', units='height', win=Window(...), wrapWidth=1)
17.3881 	EXP 	Created pilot_suwak = Slider(__class__=<class 'psychopy.visual.slider.Slider'>, autoDraw=False, autoLog=True, borderColor=None, color=None, colorSpace='rgb', depth=-3, fillColor=None, flip=False, font='Noto Sans', granularity=0.0, labelColor=None, labelHeight=np.float64(0.05), labelWrapWidth=None, labels=None, lineColor=None, markerColor=None, name='pilot_suwak', opacity=None, ori=0.0, pos=array([ 0. , -0.5]), readOnly=False, self=UNKNOWN, size=array([1. , 0.1]), startValue=0, style='slider', styleTweaks=[], ticks=ndarray(...), units='norm', win=Window(...))
17.3934 	EXP 	Created pilot_fiksacja2 = TextStim(__class__=<class 'psychopy.visual.text.TextStim'>, alignHoriz=method-wrapper(...), alignText='center', alignVert=method-wrapper(...), anchorHoriz='center', anchorVert='center', antialias=True, autoDraw=False, autoLog=True, bold=False, color=array([1., 1., 1.]), colorSpace='rgb', contrast=1.0, depth=-4.0, draggable=False, flipHoriz=False, flipVert=False, font='Arial', fontFiles=[], height=np.float64(0.1), italic=False, languageStyle='LTR', name='pilot_fiksacja2', opacity=1, ori=0.0, pos=array([0., 0.]), rgb=UNKNOWN, text='+', units='height', win=Window(...), wrapWidth=1)
17.4257 	EXP 	Created pilot_pytanie = TextStim(__class__=<class 'psychopy.visual.text.TextStim'>, alignHoriz=method-wrapper(...), alignText='center', alignVert=method-wrapper(...), anchorHoriz='center', anchorVert='center', antialias=True, autoDraw=False, autoLog=True, bold=False, color=array([1., 1., 1.]), colorSpace='rgb', contrast=1.0, depth=-5.0, draggable=False, flipHoriz=False, flipVert=False, font='Arial', fontFiles=[], height=np.float64(0.05), italic=False, languageStyle='LTR', name='pilot_pytanie', opacity=1, ori=0.0, pos=array([0.  , 0.25]), rgb=UNKNOWN, text='Jaką emocję wyrażała ta twarz?', units='height', win=Window(...), wrapWidth=1)
17.4287 	EXP 	Created pilot_lewa_etykieta = TextStim(__class__=<class 'psychopy.visual.text.TextStim'>, alignHoriz=method-wrapper(...), alignText='center', alignVert=method-wrapper(...), anchorHoriz='center', anchorVert='center', antialias=True, autoDraw=False, autoLog=True, bold=False, color=array([1., 1., 1.]), colorSpace='rgb', contrast=1.0, depth=-6.0, draggable=False, flipHoriz=False, flipVert=False, font='Arial', fontFiles=[], height=0.05, italic=False, languageStyle='LTR', name='pilot_lewa_etykieta', opacity=1, ori=0.0, pos=array([-0.55, -0.5 ]), rgb=UNKNOWN, text='', units='height', win=Window(...), wrapWidth=1)
17.4333 	EXP 	Created pilot_prawa_etykieta = TextStim(__class__=<class 'psychopy.visual.text.TextStim'>, alignHoriz=method-wrapper(...), alignText='center', alignVert=method-wrapper(...), anchorHoriz='center', anchorVert='center', antialias=True, autoDraw=False, autoLog=True, bold=False, color=array([1., 1., 1.]), colorSpace='rgb', contrast=1.0, depth=-7.0, draggable=False, flipHoriz=False, flipVert=False, font='Arial', fontFiles=[], height=0.05, italic=False, languageStyle='LTR', name='pilot_prawa_etykieta', opacity=1, ori=0.0, pos=array([0.55, 0.  ]), rgb=UNKNOWN, text='', units='height', win=Window(...), wrapWidth=1)
17.6079 	EXP 	Created pilot_stim_image = ImageStim(__class__=<class 'psychopy.visual.image.ImageStim'>, anchor=('center', 'center'), autoLog=True, color=array([1., 1., 1.]), colorSpace='rgb', contrast=1.0, depth=-8.0, draggable=False, flipHoriz=np.False_, flipVert=np.False_, image='C:/Users/julia/OneDrive/Obrazy/IMG_2397.JPEG', interpolate=True, mask=None, maskParams=None, name='pilot_stim_image', opacity=1, ori=0.0, pos=array([0., 0.]), size=array([0.75, 0.75]), texRes=128.0, units='height', win=Window(...))
17.6628 	EXP 	Created start_badania = TextStim(__class__=<class 'psychopy.visual.text.TextStim'>, alignHoriz=method-wrapper(...), alignText='center', alignVert=method-wrapper(...), anchorHoriz='center', anchorVert='center', antialias=True, autoDraw=False, autoLog=True, bold=False, color=array([1., 1., 1.]), colorSpace='rgb', contrast=1.0, depth=-2.0, draggable=False, flipHoriz=False, flipVert=False, font='Arial', fontFiles=[], height=np.float64(0.05), italic=False, languageStyle='LTR', name='start_badania', opacity=1, ori=0.0, pos=array([0., 0.]), rgb=UNKNOWN, text=str(...), units='height', win=Window(...), wrapWidth=1)
17.6705 	EXP 	Created label_text = TextStim(__class__=<class 'psychopy.visual.text.TextStim'>, alignHoriz=method-wrapper(...), alignText='center', alignVert=method-wrapper(...), anchorHoriz='center', anchorVert='center', antialias=True, autoDraw=False, autoLog=True, bold=False, color=array([1., 1., 1.]), colorSpace='rgb', contrast=1.0, depth=-2.0, draggable=False, flipHoriz=False, flipVert=False, font='Arial', fontFiles=[], height=0.05, italic=False, languageStyle='LTR', name='label_text', opacity=1, ori=0.0, pos=array([0., 0.]), rgb=UNKNOWN, text='', units='height', win=Window(...), wrapWidth=1.3)
17.6827 	EXP 	Created stim_image = ImageStim(__class__=<class 'psychopy.visual.image.ImageStim'>, anchor=('center', 'center'), autoLog=True, color=array([1., 1., 1.]), colorSpace='rgb', contrast=1.0, depth=-3.0, draggable=False, flipHoriz=np.False_, flipVert=np.False_, image='default.png', interpolate=True, mask=None, maskParams=None, name='stim_image', opacity=1, ori=0.0, pos=array([0., 0.]), size=array([0.75, 0.75]), texRes=128.0, units='height', win=Window(...))
17.7131 	EXP 	Created suwak_badanie = Slider(__class__=<class 'psychopy.visual.slider.Slider'>, autoDraw=False, autoLog=True, borderColor=None, color=None, colorSpace='rgb', depth=-4, fillColor=None, flip=False, font='Noto Sans', granularity=0.0, labelColor=None, labelHeight=np.float64(0.05), labelWrapWidth=None, labels=None, lineColor=None, markerColor=None, name='suwak_badanie', opacity=None, ori=0.0, pos=array([ 0. , -0.5]), readOnly=False, self=UNKNOWN, size=array([1. , 0.1]), startValue=0, style='slider', styleTweaks=[], ticks=ndarray(...), units='norm', win=Window(...))
17.7169 	EXP 	Created lewa_etykieta = TextStim(__class__=<class 'psychopy.visual.text.TextStim'>, alignHoriz=method-wrapper(...), alignText='center', alignVert=method-wrapper(...), anchorHoriz='center', anchorVert='center', antialias=True, autoDraw=False, autoLog=True, bold=False, color=array([1., 1., 1.]), colorSpace='rgb', contrast=1.0, depth=-5.0, draggable=False, flipHoriz=False, flipVert=False, font='Arial', fontFiles=[], height=0.05, italic=False, languageStyle='LTR', name='lewa_etykieta', opacity=1, ori=0.0, pos=array([-0.55, -0.08]), rgb=UNKNOWN, text='', units='height', win=Window(...), wrapWidth=1)
17.7202 	EXP 	Created prawa_etykieta = TextStim(__class__=<class 'psychopy.visual.text.TextStim'>, alignHoriz=method-wrapper(...), alignText='center', alignVert=method-wrapper(...), anchorHoriz='center', anchorVert='center', antialias=True, autoDraw=False, autoLog=True, bold=False, color=array([1., 1., 1.]), colorSpace='rgb', contrast=1.0, depth=-6.0, draggable=False, flipHoriz=False, flipVert=False, font='Arial', fontFiles=[], height=0.05, italic=False, languageStyle='LTR', name='prawa_etykieta', opacity=1, ori=0.0, pos=array([ 0.55, -0.08]), rgb=UNKNOWN, text='', units='height', win=Window(...), wrapWidth=1)
17.7278 	EXP 	Created fiksacja1 = TextStim(__class__=<class 'psychopy.visual.text.TextStim'>, alignHoriz=method-wrapper(...), alignText='center', alignVert=method-wrapper(...), anchorHoriz='center', anchorVert='center', antialias=True, autoDraw=False, autoLog=True, bold=False, color=array([1., 1., 1.]), colorSpace='rgb', contrast=1.0, depth=-7.0, draggable=False, flipHoriz=False, flipVert=False, font='Arial', fontFiles=[], height=np.float64(0.1), italic=False, languageStyle='LTR', name='fiksacja1', opacity=1, ori=0.0, pos=array([0., 0.]), rgb=UNKNOWN, text='+', units='height', win=Window(...), wrapWidth=1)
17.7375 	EXP 	Created fiksacja2 = TextStim(__class__=<class 'psychopy.visual.text.TextStim'>, alignHoriz=method-wrapper(...), alignText='center', alignVert=method-wrapper(...), anchorHoriz='center', anchorVert='center', antialias=True, autoDraw=False, autoLog=True, bold=False, color=array([1., 1., 1.]), colorSpace='rgb', contrast=1.0, depth=-8.0, draggable=False, flipHoriz=False, flipVert=False, font='Arial', fontFiles=[], height=np.float64(0.1), italic=False, languageStyle='LTR', name='fiksacja2', opacity=1, ori=0.0, pos=array([0., 0.]), rgb=UNKNOWN, text='+', units='height', win=Window(...), wrapWidth=1)
17.7567 	EXP 	Created pytanie = TextStim(__class__=<class 'psychopy.visual.text.TextStim'>, alignHoriz=method-wrapper(...), alignText='center', alignVert=method-wrapper(...), anchorHoriz='center', anchorVert='center', antialias=True, autoDraw=False, autoLog=True, bold=False, color=array([1., 1., 1.]), colorSpace='rgb', contrast=1.0, depth=-9.0, draggable=False, flipHoriz=False, flipVert=False, font='Arial', fontFiles=[], height=np.float64(0.04), italic=False, languageStyle='LTR', name='pytanie', opacity=1, ori=0.0, pos=array([0.  , 0.25]), rgb=UNKNOWN, text='Jaką emocję wyrażała ta twarz?', units='height', win=Window(...), wrapWidth=1)
0.0683 	EXP 	pilot_suwak: autoLog = True
0.0683 	EXP 	pilot_suwak: styleTweaks = []
0.0683 	EXP 	pilot_suwak: styleTweaks = []
0.0683 	EXP 	pilot_suwak: styleTweaks = []
0.0683 	EXP 	pilot_suwak: styleTweaks = []
0.0683 	EXP 	pilot_suwak: contrast = 1.0
0.0683 	EXP 	pilot_suwak: markerPos = 0
0.0683 	EXP 	pilot_suwak: autoLog = True
0.0683 	EXP 	suwak_badanie: autoLog = True
0.0683 	EXP 	suwak_badanie: styleTweaks = []
0.0683 	EXP 	suwak_badanie: styleTweaks = []
0.0683 	EXP 	suwak_badanie: styleTweaks = []
0.0683 	EXP 	suwak_badanie: styleTweaks = []
0.0683 	EXP 	suwak_badanie: contrast = 1.0
0.0683 	EXP 	suwak_badanie: markerPos = 0
0.0683 	EXP 	suwak_badanie: autoLog = True
0.1030 	INFO 	Keyboard events cleared
0.1029 	EXP 	text_instr: autoDraw = True
0.5504 	DATA 	Keypress: space
0.5779 	EXP 	Device response: <KeyPress from None: t=0.5310773000237532, value=space, duration=None>
0.6352 	INFO 	Keyboard events cleared
0.6350 	EXP 	text_instr: autoDraw = False
0.6350 	EXP 	suwak_info: autoDraw = True
0.6418 	EXP 	Device response: <KeyPress from None: t=0.5310773000237532, value=space, duration=0.09407719998853281>
0.9192 	DATA 	Keypress: space
0.9948 	EXP 	Device response: <KeyPress from None: t=0.8920578000252135, value=space, duration=None>
1.1353 	INFO 	Keyboard events cleared
1.1352 	EXP 	suwak_info: autoDraw = False
1.1352 	EXP 	proba_testowa: autoDraw = True
1.4595 	DATA 	Keypress: space
1.5726 	EXP 	Device response: <KeyPress from None: t=1.4011097000329755, value=space, duration=None>
1.5726 	EXP 	Device response: <KeyPress from None: t=0.8920578000252135, value=space, duration=0.589734099979978>
1.6172 	EXP 	proba_testowa: autoDraw = False
1.6172 	EXP 	pilot_label_text: height = np.float64(0.05)
1.6172 	EXP 	pilot_label_text: height = np.float64(0.05)
1.6172 	EXP 	pilot_label_text: height = np.float64(0.05)
1.6172 	EXP 	pilot_label_text: height = np.float64(0.05)
1.6172 	EXP 	pilot_label_text: height = np.float64(0.05)
1.6172 	EXP 	pilot_label_text: height = np.float64(0.05)
1.6172 	EXP 	pilot_label_text: text = 'Model AI wykrył w tej twarzy 80%\n'
1.6172 	EXP 	pilot_suwak: markerPos = None
1.6172 	EXP 	pilot_suwak: markerPos = 0
1.6172 	EXP 	pilot_lewa_etykieta: height = np.float64(0.05)
1.6172 	EXP 	pilot_lewa_etykieta: height = np.float64(0.05)
1.6172 	EXP 	pilot_lewa_etykieta: height = np.float64(0.05)
1.6172 	EXP 	pilot_lewa_etykieta: text = 'radość'
1.6172 	EXP 	pilot_prawa_etykieta: height = np.float64(0.05)
1.6172 	EXP 	pilot_prawa_etykieta: height = np.float64(0.05)
1.6172 	EXP 	pilot_prawa_etykieta: height = np.float64(0.05)
1.6172 	EXP 	pilot_prawa_etykieta: text = 'smutek'
1.6172 	EXP 	pilot_fiksacja1: autoDraw = True
2.6640 	EXP 	pilot_fiksacja1: autoDraw = False
2.6949 	EXP 	pilot_label_text: autoDraw = True
5.1854 	EXP 	pilot_fiksacja2: autoDraw = True
5.7028 	EXP 	pilot_label_text: autoDraw = False
6.1887 	EXP 	pilot_stim_image: autoDraw = True
6.1985 	EXP 	pilot_fiksacja2: autoDraw = False
7.0797 	EXP 	pilot_suwak: autoDraw = True
7.0797 	EXP 	pilot_pytanie: autoDraw = True
7.0797 	EXP 	pilot_lewa_etykieta: autoDraw = True
7.0797 	EXP 	pilot_prawa_etykieta: autoDraw = True
7.0960 	EXP 	pilot_stim_image: autoDraw = False
20.7137 	DATA 	Keypress: escape
20.7282 	EXP 	Device response: <KeyPress from None: t=20.71242070000153, value=escape, duration=None>
20.8771 	EXP 	Device response: <KeyPress from None: t=20.71242070000153, value=escape, duration=0.15465739998035133>
20.8771 	EXP 	untitled_FINAL_NEWEST: status = STOPPED
20.8911 	EXP 	pilot_suwak: autoDraw = False
20.8911 	EXP 	pilot_pytanie: autoDraw = False
20.8911 	EXP 	pilot_lewa_etykieta: autoDraw = False
20.8911 	EXP 	pilot_prawa_etykieta: autoDraw = False
20.8935 	EXP 	untitled_FINAL_NEWEST: status = STOPPED
20.8983 	INFO 	saved data to 'C:\\Users\\julia\\OneDrive\\Pulpit\\percepcja_psychopy\\data\\pilot_untitled_FINAL_NEWEST_2026-04-24_18h06.20.714.csv'
20.8999 	INFO 	saved data to C:\Users\julia\OneDrive\Pulpit\percepcja_psychopy\data\pilot_untitled_FINAL_NEWEST_2026-04-24_18h06.20.714.psydat
21.4148 	DEBUG 	Saving data for untitled_FINAL_NEWEST ExperimentHandler
21.5726 	WARNING 	Stopping key buffers but this could be dangerous ifother keyboards rely on the same.
