11.2384 	DEBUG 	Fullscreen settings ignored as running in pilot mode.
11.2398 	INFO 	Loaded monitor calibration from ['2026_03_18 20:30']
11.7296 	INFO 	Using renderer 'Intel(R) UHD Graphics' for graphics
11.7296 	INFO 	OpenGL version supported by driver is 4..
12.9123 	EXP 	Created window1 = Window(allowGUI=False, allowStencil=True, autoLog=True, backendConf=UNKNOWN, backgroundFit=<method-wrapper '__getattribute__' of attributeSetter object at 0x000001E8EE002E30>, backgroundImage=<method-wrapper '__getattribute__' of attributeSetter object at 0x000001E8EE0006D0>, bitsMode=UNKNOWN, blendMode='avg', bpc=(8, 8, 8), color=array([0.6549, 0.6549, 0.6549]), colorSpace='rgb', depthBits=8, fullscr=False, gamma=None, gammaErrorPolicy='raise', infoMsg=UNKNOWN, lms=UNKNOWN, monitor=<psychopy.monitors.calibTools.Monitor object at 0x000001E8F6974DF0>, multiSample=False, name='window1', numSamples=2, pos=[np.float64(560.0), np.float64(240.0)], screen=0, size=array([800, 600]), stencilBits=8, stereo=False, title='PsychoPy', units='height', useFBO=True, useRetina=False, viewOri=0.0, viewPos=None, viewScale=None, waitBlanking=True, winType='pyglet')
12.9124 	EXP 	window1: backgroundImage = ''
12.9124 	EXP 	window1: backgroundFit = 'none'
12.9651 	DEBUG 	TextBox2 loaded 1 chars with 0 blanks and 1 valid
12.9795 	DEBUG 	TextBox2 loaded 1 chars with 0 blanks and 1 valid
12.9940 	DEBUG 	TextBox2 loaded 1 chars with 0 blanks and 1 valid
13.0087 	DEBUG 	TextBox2 loaded 1 chars with 0 blanks and 1 valid
13.0235 	DEBUG 	TextBox2 loaded 1 chars with 0 blanks and 1 valid
13.0381 	DEBUG 	TextBox2 loaded 1 chars with 0 blanks and 1 valid
13.0533 	DEBUG 	TextBox2 loaded 1 chars with 0 blanks and 1 valid
13.0679 	DEBUG 	TextBox2 loaded 1 chars with 0 blanks and 1 valid
13.0828 	DEBUG 	TextBox2 loaded 1 chars with 0 blanks and 1 valid
13.0957 	DEBUG 	TextBox2 loaded 1 chars with 0 blanks and 1 valid
13.1102 	DEBUG 	TextBox2 loaded 1 chars with 0 blanks and 1 valid
13.1254 	DEBUG 	TextBox2 loaded 1 chars with 0 blanks and 1 valid
13.1409 	DEBUG 	TextBox2 loaded 1 chars with 0 blanks and 1 valid
13.1555 	DEBUG 	TextBox2 loaded 1 chars with 0 blanks and 1 valid
13.1715 	DEBUG 	TextBox2 loaded 1 chars with 0 blanks and 1 valid
13.1857 	DEBUG 	TextBox2 loaded 1 chars with 0 blanks and 1 valid
13.1998 	DEBUG 	TextBox2 loaded 1 chars with 0 blanks and 1 valid
13.2135 	DEBUG 	TextBox2 loaded 1 chars with 0 blanks and 1 valid
13.2286 	DEBUG 	TextBox2 loaded 1 chars with 0 blanks and 1 valid
13.2436 	DEBUG 	TextBox2 loaded 1 chars with 0 blanks and 1 valid
13.2592 	DEBUG 	TextBox2 loaded 1 chars with 0 blanks and 1 valid
13.2747 	DEBUG 	TextBox2 loaded 1 chars with 0 blanks and 1 valid
13.2914 	DEBUG 	TextBox2 loaded 1 chars with 0 blanks and 1 valid
13.3102 	DEBUG 	TextBox2 loaded 1 chars with 0 blanks and 1 valid
13.3270 	DEBUG 	TextBox2 loaded 1 chars with 0 blanks and 1 valid
13.3438 	DEBUG 	TextBox2 loaded 1 chars with 0 blanks and 1 valid
13.3604 	DEBUG 	TextBox2 loaded 1 chars with 0 blanks and 1 valid
13.3771 	DEBUG 	TextBox2 loaded 1 chars with 0 blanks and 1 valid
13.3776 	DEBUG 	Uploading Texture Font fontname to graphics card
13.3933 	DEBUG 	Upload of Texture Font fontname complete
13.4337 	DEBUG 	TextBox2 loaded 1 chars with 0 blanks and 1 valid
13.4495 	DEBUG 	TextBox2 loaded 1 chars with 0 blanks and 1 valid
13.4500 	DEBUG 	Uploading Texture Font fontname to graphics card
13.4662 	DEBUG 	Upload of Texture Font fontname complete
13.6452 	INFO 	keyboard.Keyboard is using ptb backend.
13.6453 	EXP 	untitled_FINAL_NEWEST: status = STARTED
13.8293 	EXP 	Created text_instr = TextStim(__class__=<class 'psychopy.visual.text.TextStim'>, alignHoriz=method-wrapper(...), alignText='center', alignVert=method-wrapper(...), anchorHoriz='center', anchorVert='center', antialias=True, autoDraw=False, autoLog=True, bold=False, color=array([-1., -1., -1.]), colorSpace='rgb', contrast=1.0, depth=-2.0, draggable=False, flipHoriz=False, flipVert=False, font='Arial', fontFiles=[], height=np.float64(0.03), italic=False, languageStyle='LTR', name='text_instr', opacity=1, ori=0.0, pos=array([0., 0.]), rgb=UNKNOWN, text=str(...), units='height', win=Window(...), wrapWidth=1.5)
13.8608 	EXP 	Created suwak_info = TextStim(__class__=<class 'psychopy.visual.text.TextStim'>, alignHoriz=method-wrapper(...), alignText='center', alignVert=method-wrapper(...), anchorHoriz='center', anchorVert='center', antialias=True, autoDraw=False, autoLog=True, bold=False, color=array([-1., -1., -1.]), colorSpace='rgb', contrast=1.0, depth=-1.0, draggable=False, flipHoriz=False, flipVert=False, font='Arial', fontFiles=[], height=np.float64(0.03), italic=False, languageStyle='LTR', name='suwak_info', opacity=1, ori=0.0, pos=array([0., 0.]), rgb=UNKNOWN, text=str(...), units='height', win=Window(...), wrapWidth=1.3)
13.9002 	EXP 	Created proba_testowa = TextStim(__class__=<class 'psychopy.visual.text.TextStim'>, alignHoriz=method-wrapper(...), alignText='center', alignVert=method-wrapper(...), anchorHoriz='center', anchorVert='center', antialias=True, autoDraw=False, autoLog=True, bold=False, color=array([-1., -1., -1.]), colorSpace='rgb', contrast=1.0, depth=-2.0, draggable=False, flipHoriz=False, flipVert=False, font='Arial', fontFiles=[], height=np.float64(0.04), italic=False, languageStyle='LTR', name='proba_testowa', opacity=1, ori=0.0, pos=array([0., 0.]), rgb=UNKNOWN, text=str(...), units='height', win=Window(...), wrapWidth=1.4)
13.9017 	EXP 	Created pilot_label_text = TextStim(__class__=<class 'psychopy.visual.text.TextStim'>, alignHoriz=method-wrapper(...), alignText='center', alignVert=method-wrapper(...), anchorHoriz='center', anchorVert='center', antialias=True, autoDraw=False, autoLog=True, bold=False, color=array([-1., -1., -1.]), colorSpace='rgb', contrast=1.0, depth=-1.0, draggable=False, flipHoriz=False, flipVert=False, font='Arial', fontFiles=[], height=0.05, italic=False, languageStyle='LTR', name='pilot_label_text', opacity=1, ori=0.0, pos=array([0., 0.]), rgb=UNKNOWN, text='', units='height', win=Window(...), wrapWidth=1.3)
13.9083 	EXP 	Created pilot_fiksacja1 = TextStim(__class__=<class 'psychopy.visual.text.TextStim'>, alignHoriz=method-wrapper(...), alignText='center', alignVert=method-wrapper(...), anchorHoriz='center', anchorVert='center', antialias=True, autoDraw=False, autoLog=True, bold=False, color=array([-1., -1., -1.]), colorSpace='rgb', contrast=1.0, depth=-2.0, draggable=False, flipHoriz=False, flipVert=False, font='Arial', fontFiles=[], height=np.float64(0.1), italic=False, languageStyle='LTR', name='pilot_fiksacja1', opacity=1, ori=0.0, pos=array([0., 0.]), rgb=UNKNOWN, text='+', units='height', win=Window(...), wrapWidth=1)
13.9442 	EXP 	Created pilot_suwak = Slider(__class__=<class 'psychopy.visual.slider.Slider'>, autoDraw=False, autoLog=True, borderColor=None, color=None, colorSpace='rgb', depth=-3, fillColor=None, flip=False, font='Noto Sans', granularity=0.0, labelColor=None, labelHeight=np.float64(0.05), labelWrapWidth=None, labels=None, lineColor=None, markerColor=None, name='pilot_suwak', opacity=None, ori=0.0, pos=array([ 0. , -0.5]), readOnly=False, self=UNKNOWN, size=array([1. , 0.1]), startValue=0, style='slider', styleTweaks=[], ticks=ndarray(...), units='norm', win=Window(...))
13.9472 	EXP 	Created pilot_fiksacja2 = TextStim(__class__=<class 'psychopy.visual.text.TextStim'>, alignHoriz=method-wrapper(...), alignText='center', alignVert=method-wrapper(...), anchorHoriz='center', anchorVert='center', antialias=True, autoDraw=False, autoLog=True, bold=False, color=array([-1., -1., -1.]), colorSpace='rgb', contrast=1.0, depth=-4.0, draggable=False, flipHoriz=False, flipVert=False, font='Arial', fontFiles=[], height=np.float64(0.1), italic=False, languageStyle='LTR', name='pilot_fiksacja2', opacity=1, ori=0.0, pos=array([0., 0.]), rgb=UNKNOWN, text='+', units='height', win=Window(...), wrapWidth=1)
13.9597 	EXP 	Created pilot_pytanie = TextStim(__class__=<class 'psychopy.visual.text.TextStim'>, alignHoriz=method-wrapper(...), alignText='center', alignVert=method-wrapper(...), anchorHoriz='center', anchorVert='center', antialias=True, autoDraw=False, autoLog=True, bold=False, color=array([-1., -1., -1.]), colorSpace='rgb', contrast=1.0, depth=-5.0, draggable=False, flipHoriz=False, flipVert=False, font='Arial', fontFiles=[], height=np.float64(0.1), italic=False, languageStyle='LTR', name='pilot_pytanie', opacity=1, ori=0.0, pos=array([0., 0.]), rgb=UNKNOWN, text='Jaką emocję wyrażała ta twarz?', units='norm', win=Window(...), wrapWidth=1)
13.9610 	EXP 	Created pilot_lewa_etykieta = TextStim(__class__=<class 'psychopy.visual.text.TextStim'>, alignHoriz=method-wrapper(...), alignText='center', alignVert=method-wrapper(...), anchorHoriz='center', anchorVert='center', antialias=True, autoDraw=False, autoLog=True, bold=False, color=array([-1., -1., -1.]), colorSpace='rgb', contrast=1.0, depth=-6.0, draggable=False, flipHoriz=False, flipVert=False, font='Arial', fontFiles=[], height=0.085, italic=False, languageStyle='LTR', name='pilot_lewa_etykieta', opacity=1, ori=0.0, pos=array([-0.6, -0.5]), rgb=UNKNOWN, text='', units='norm', win=Window(...), wrapWidth=1)
13.9624 	EXP 	Created pilot_prawa_etykieta = TextStim(__class__=<class 'psychopy.visual.text.TextStim'>, alignHoriz=method-wrapper(...), alignText='center', alignVert=method-wrapper(...), anchorHoriz='center', anchorVert='center', antialias=True, autoDraw=False, autoLog=True, bold=False, color=array([-1., -1., -1.]), colorSpace='rgb', contrast=1.0, depth=-7.0, draggable=False, flipHoriz=False, flipVert=False, font='Arial', fontFiles=[], height=0.085, italic=False, languageStyle='LTR', name='pilot_prawa_etykieta', opacity=1, ori=0.0, pos=array([ 0.6, -0.5]), rgb=UNKNOWN, text='', units='norm', win=Window(...), wrapWidth=1)
14.0831 	EXP 	Created pilot_stim_image = ImageStim(__class__=<class 'psychopy.visual.image.ImageStim'>, anchor=('center', 'center'), autoLog=True, color=array([1., 1., 1.]), colorSpace='rgb', contrast=1.0, depth=-8.0, draggable=False, flipHoriz=np.False_, flipVert=np.False_, image='C:/Users/julia/OneDrive/Obrazy/IMG_2397.JPEG', interpolate=True, mask=None, maskParams=None, name='pilot_stim_image', opacity=1, ori=0.0, pos=array([0., 0.]), size=array([0.75, 0.75]), texRes=128.0, units='height', win=Window(...))
14.1090 	EXP 	Created start_badania = TextStim(__class__=<class 'psychopy.visual.text.TextStim'>, alignHoriz=method-wrapper(...), alignText='center', alignVert=method-wrapper(...), anchorHoriz='center', anchorVert='center', antialias=True, autoDraw=False, autoLog=True, bold=False, color=array([-1., -1., -1.]), colorSpace='rgb', contrast=1.0, depth=-2.0, draggable=False, flipHoriz=False, flipVert=False, font='Arial', fontFiles=[], height=np.float64(0.1), italic=False, languageStyle='LTR', name='start_badania', opacity=1, ori=0.0, pos=array([0., 0.]), rgb=UNKNOWN, text=str(...), units='norm', win=Window(...), wrapWidth=1.4)
14.1138 	EXP 	Created przerwa_text = TextStim(__class__=<class 'psychopy.visual.text.TextStim'>, alignHoriz=method-wrapper(...), alignText='center', alignVert=method-wrapper(...), anchorHoriz='center', anchorVert='center', antialias=True, autoDraw=False, autoLog=True, bold=False, color=array([-1., -1., -1.]), colorSpace='rgb', contrast=1.0, depth=0.0, draggable=False, flipHoriz=False, flipVert=False, font='Arial', fontFiles=[], height=np.float64(0.1), italic=False, languageStyle='LTR', name='przerwa_text', opacity=1, ori=0.0, pos=array([0., 0.]), rgb=UNKNOWN, text=str(...), units='norm', win=Window(...), wrapWidth=1)
14.1144 	EXP 	Created label_text = TextStim(__class__=<class 'psychopy.visual.text.TextStim'>, alignHoriz=method-wrapper(...), alignText='center', alignVert=method-wrapper(...), anchorHoriz='center', anchorVert='center', antialias=True, autoDraw=False, autoLog=True, bold=False, color=array([-1., -1., -1.]), colorSpace='rgb', contrast=1.0, depth=-2.0, draggable=False, flipHoriz=False, flipVert=False, font='Arial', fontFiles=[], height=0.05, italic=False, languageStyle='LTR', name='label_text', opacity=1, ori=0.0, pos=array([0., 0.]), rgb=UNKNOWN, text='', units='height', win=Window(...), wrapWidth=1.3)
14.1194 	EXP 	Created stim_image = ImageStim(__class__=<class 'psychopy.visual.image.ImageStim'>, anchor=('center', 'center'), autoLog=True, color=array([1., 1., 1.]), colorSpace='rgb', contrast=1.0, depth=-3.0, draggable=False, flipHoriz=np.False_, flipVert=np.False_, image='default.png', interpolate=True, mask=None, maskParams=None, name='stim_image', opacity=1, ori=0.0, pos=array([0., 0.]), size=array([0.75, 0.75]), texRes=128.0, units='height', win=Window(...))
14.1299 	EXP 	Created suwak_badanie = Slider(__class__=<class 'psychopy.visual.slider.Slider'>, autoDraw=False, autoLog=True, borderColor=None, color=None, colorSpace='rgb', depth=-4, fillColor=None, flip=False, font='Noto Sans', granularity=0.0, labelColor=None, labelHeight=np.float64(0.05), labelWrapWidth=None, labels=None, lineColor=None, markerColor=None, name='suwak_badanie', opacity=None, ori=0.0, pos=array([ 0. , -0.5]), readOnly=False, self=UNKNOWN, size=array([1. , 0.1]), startValue=0, style='slider', styleTweaks=[], ticks=ndarray(...), units='norm', win=Window(...))
14.1305 	EXP 	Created lewa_etykieta = TextStim(__class__=<class 'psychopy.visual.text.TextStim'>, alignHoriz=method-wrapper(...), alignText='center', alignVert=method-wrapper(...), anchorHoriz='center', anchorVert='center', antialias=True, autoDraw=False, autoLog=True, bold=False, color=array([-1., -1., -1.]), colorSpace='rgb', contrast=1.0, depth=-5.0, draggable=False, flipHoriz=False, flipVert=False, font='Arial', fontFiles=[], height=0.085, italic=False, languageStyle='LTR', name='lewa_etykieta', opacity=1, ori=0.0, pos=array([-0.65, -0.5 ]), rgb=UNKNOWN, text='', units='norm', win=Window(...), wrapWidth=1)
14.1310 	EXP 	Created prawa_etykieta = TextStim(__class__=<class 'psychopy.visual.text.TextStim'>, alignHoriz=method-wrapper(...), alignText='center', alignVert=method-wrapper(...), anchorHoriz='center', anchorVert='center', antialias=True, autoDraw=False, autoLog=True, bold=False, color=array([-1., -1., -1.]), colorSpace='rgb', contrast=1.0, depth=-6.0, draggable=False, flipHoriz=False, flipVert=False, font='Arial', fontFiles=[], height=0.085, italic=False, languageStyle='LTR', name='prawa_etykieta', opacity=1, ori=0.0, pos=array([ 0.65, -0.5 ]), rgb=UNKNOWN, text='', units='norm', win=Window(...), wrapWidth=1)
14.1342 	EXP 	Created fiksacja2 = TextStim(__class__=<class 'psychopy.visual.text.TextStim'>, alignHoriz=method-wrapper(...), alignText='center', alignVert=method-wrapper(...), anchorHoriz='center', anchorVert='center', antialias=True, autoDraw=False, autoLog=True, bold=False, color=array([-1., -1., -1.]), colorSpace='rgb', contrast=1.0, depth=-7.0, draggable=False, flipHoriz=False, flipVert=False, font='Arial', fontFiles=[], height=np.float64(0.1), italic=False, languageStyle='LTR', name='fiksacja2', opacity=1, ori=0.0, pos=array([0., 0.]), rgb=UNKNOWN, text='+', units='height', win=Window(...), wrapWidth=1)
14.1383 	EXP 	Created pytanie = TextStim(__class__=<class 'psychopy.visual.text.TextStim'>, alignHoriz=method-wrapper(...), alignText='center', alignVert=method-wrapper(...), anchorHoriz='center', anchorVert='center', antialias=True, autoDraw=False, autoLog=True, bold=False, color=array([-1., -1., -1.]), colorSpace='rgb', contrast=1.0, depth=-8.0, draggable=False, flipHoriz=False, flipVert=False, font='Arial', fontFiles=[], height=np.float64(0.1), italic=False, languageStyle='LTR', name='pytanie', opacity=1, ori=0.0, pos=array([0., 0.]), rgb=UNKNOWN, text='Jaką emocję wyrażała ta twarz?', units='norm', win=Window(...), wrapWidth=1)
14.1399 	EXP 	Created polygon = ShapeStim(__class__=<class 'psychopy.visual.shape.ShapeStim'>, anchor=('center', 'center'), autoDraw=False, autoLog=True, closeShape=True, color=method-wrapper(...), colorSpace='rgb', contrast=None, depth=-9.0, draggable=False, fillColor=array([-1., -1., -1.]), fillColorSpace='rgb', fillRGB=array([-1., -1., -1.]), interpolate=True, lineColor=array([-1., -1., -1.]), lineColorSpace='rgb', lineRGB=array([-1., -1., -1.]), lineWidth=1.0, name='polygon', opacity=1, ori=0.0, pos=array([0., 0.]), size=array([0.5, 0.5]), units='height', vertices=ndarray(...), win=Window(...), windingRule=None)
14.1532 	EXP 	Created podziekowania_text = TextStim(__class__=<class 'psychopy.visual.text.TextStim'>, alignHoriz=method-wrapper(...), alignText='center', alignVert=method-wrapper(...), anchorHoriz='center', anchorVert='center', antialias=True, autoDraw=False, autoLog=True, bold=False, color=array([1., 1., 1.]), colorSpace='rgb', contrast=1.0, depth=0.0, draggable=False, flipHoriz=False, flipVert=False, font='Arial', fontFiles=[], height=np.float64(0.05), italic=False, languageStyle='LTR', name='podziekowania_text', opacity=1, ori=0.0, pos=array([0., 0.]), rgb=UNKNOWN, text=str(...), units='height', win=Window(...), wrapWidth=1)
0.0295 	EXP 	pilot_suwak: autoLog = True
0.0295 	EXP 	pilot_suwak: styleTweaks = []
0.0295 	EXP 	pilot_suwak: styleTweaks = []
0.0295 	EXP 	pilot_suwak: styleTweaks = []
0.0295 	EXP 	pilot_suwak: styleTweaks = []
0.0295 	EXP 	pilot_suwak: contrast = 1.0
0.0295 	EXP 	pilot_suwak: markerPos = 0
0.0295 	EXP 	pilot_suwak: autoLog = True
0.0295 	EXP 	suwak_badanie: autoLog = True
0.0295 	EXP 	suwak_badanie: styleTweaks = []
0.0295 	EXP 	suwak_badanie: styleTweaks = []
0.0295 	EXP 	suwak_badanie: styleTweaks = []
0.0295 	EXP 	suwak_badanie: styleTweaks = []
0.0295 	EXP 	suwak_badanie: contrast = 1.0
0.0295 	EXP 	suwak_badanie: markerPos = 0
0.0295 	EXP 	suwak_badanie: autoLog = True
0.0509 	INFO 	Keyboard events cleared
0.0508 	EXP 	text_instr: autoDraw = True
1.3078 	EXP 	Device response: <KeyPress from None: t=1.2897729000542313, value=space, duration=None>
1.3108 	DATA 	Keypress: space
1.3242 	INFO 	Keyboard events cleared
1.3241 	EXP 	text_instr: autoDraw = False
1.3241 	EXP 	suwak_info: autoDraw = True
1.3642 	EXP 	Device response: <KeyPress from None: t=1.2897729000542313, value=space, duration=0.06612229999154806>
1.4616 	EXP 	Device response: <KeyPress from None: t=1.4493785999948159, value=space, duration=None>
1.4636 	DATA 	Keypress: space
1.4743 	INFO 	Keyboard events cleared
1.4742 	EXP 	suwak_info: autoDraw = False
1.4742 	EXP 	proba_testowa: autoDraw = True
1.5279 	EXP 	Device response: <KeyPress from None: t=1.4493785999948159, value=space, duration=0.0649529000511393>
2.0419 	EXP 	Device response: <KeyPress from None: t=2.0352344000712037, value=space, duration=None>
2.0656 	DATA 	Keypress: space
2.0714 	EXP 	proba_testowa: autoDraw = False
2.0714 	EXP 	pilot_label_text: height = np.float64(0.05)
2.0714 	EXP 	pilot_label_text: height = np.float64(0.05)
2.0714 	EXP 	pilot_label_text: height = np.float64(0.05)
2.0714 	EXP 	pilot_label_text: height = np.float64(0.05)
2.0714 	EXP 	pilot_label_text: height = np.float64(0.05)
2.0714 	EXP 	pilot_label_text: height = np.float64(0.05)
2.0714 	EXP 	pilot_label_text: text = 'Model AI wykrył w tej twarzy 80% smutku.\n\n'
2.0714 	EXP 	pilot_suwak: markerPos = None
2.0714 	EXP 	pilot_suwak: markerPos = 0
2.0714 	EXP 	pilot_lewa_etykieta: height = np.float64(0.085)
2.0714 	EXP 	pilot_lewa_etykieta: height = np.float64(0.085)
2.0714 	EXP 	pilot_lewa_etykieta: height = np.float64(0.085)
2.0714 	EXP 	pilot_lewa_etykieta: text = 'radość'
2.0714 	EXP 	pilot_prawa_etykieta: height = np.float64(0.085)
2.0714 	EXP 	pilot_prawa_etykieta: height = np.float64(0.085)
2.0714 	EXP 	pilot_prawa_etykieta: height = np.float64(0.085)
2.0714 	EXP 	pilot_prawa_etykieta: text = 'smutek'
2.0714 	EXP 	pilot_fiksacja1: autoDraw = True
2.1416 	EXP 	Device response: <KeyPress from None: t=2.0352344000712037, value=space, duration=0.08996030001435429>
2.5868 	EXP 	pilot_fiksacja1: autoDraw = False
2.7534 	EXP 	pilot_label_text: autoDraw = True
5.7618 	EXP 	pilot_label_text: autoDraw = False
5.9457 	EXP 	pilot_fiksacja2: autoDraw = True
6.4604 	EXP 	pilot_fiksacja2: autoDraw = False
6.6434 	EXP 	pilot_stim_image: autoDraw = True
7.5576 	EXP 	pilot_suwak: autoDraw = True
7.5576 	EXP 	pilot_pytanie: autoDraw = True
7.5576 	EXP 	pilot_lewa_etykieta: autoDraw = True
7.5576 	EXP 	pilot_prawa_etykieta: autoDraw = True
7.5738 	EXP 	pilot_stim_image: autoDraw = False
8.1461 	DATA 	Mouse: Left button down, pos=(529,156)
8.1728 	EXP 	pilot_suwak: markerPos = np.float64(32.25)
8.1891 	EXP 	pilot_suwak: markerPos = np.float64(32.25)
8.2059 	EXP 	pilot_suwak: markerPos = np.float64(32.25)
8.2102 	DATA 	Mouse:  Left button up, pos=(529,156)
8.2223 	EXP 	pilot_suwak: markerPos = np.float64(32.25)
8.2394 	INFO 	Keyboard events cleared
8.2393 	EXP 	pilot_label_text: autoDraw = False
8.2393 	EXP 	pilot_fiksacja1: autoDraw = False
8.2393 	EXP 	pilot_suwak: autoDraw = False
8.2393 	EXP 	pilot_fiksacja2: autoDraw = False
8.2393 	EXP 	pilot_pytanie: autoDraw = False
8.2393 	EXP 	pilot_lewa_etykieta: autoDraw = False
8.2393 	EXP 	pilot_prawa_etykieta: autoDraw = False
8.2393 	EXP 	pilot_stim_image: autoDraw = False
8.2393 	EXP 	start_badania: autoDraw = True
9.1229 	EXP 	Device response: <KeyPress from None: t=9.111346199992113, value=space, duration=None>
9.1405 	DEBUG 	Read excel file with openpyxl: conditions.xlsx
9.1456 	EXP 	Imported conditions.xlsx as conditions, 32 conditions, 9 params
9.1471 	EXP 	New trial (rep=0, index=0): <Trial 0 (0 in rep 0) data={'image_path': 'C:\\Users\\julia\\OneDrive\\Pulpit\\percepcja_psychopy\\photos\\Twarze 50,50\\SZ 50,50\\1K SZ 5050.png', 'etykieta': 'Model sztucznej inteligencji wykrył w tej twarzy 72% strachu .', 'left_label': 'strach', 'right_label': 'złość', 'show_label': 1, 'proporcja_zdjecia': '50/50', 'typ_etykiety': 'Procentowa AI', 'warunek': 'n/d', 'kierunek': 'Sugestia Lewo strach', 'thisN': 0, 'thisTrialN': 0, 'thisRepN': 0}>
9.2312 	EXP 	Device response: <KeyPress from None: t=9.111346199992113, value=space, duration=0.07984070002567023>
9.2328 	DATA 	Keypress: space
9.2517 	EXP 	start_badania: autoDraw = False
9.2517 	EXP 	przerwa_text: autoDraw = False
9.2517 	EXP 	label_text: height = np.float64(0.05)
9.2517 	EXP 	label_text: height = np.float64(0.05)
9.2517 	EXP 	label_text: height = np.float64(0.05)
9.2517 	EXP 	label_text: text = 'Model sztucznej inteligencji wykrył w tej twarzy 72% strachu .'
9.2517 	EXP 	label_text: height = np.float64(0.05)
9.2517 	EXP 	label_text: height = np.float64(0.05)
9.2517 	EXP 	label_text: height = np.float64(0.05)
9.2517 	EXP 	label_text: text = 'Model sztucznej inteligencji wykrył w tej twarzy 72% strachu .'
9.2517 	EXP 	stim_image: image = 'C:\\Users\\julia\\OneDrive\\Pulpit\\percepcja_psychopy\\photos\\Twarze 50,50\\SZ 50,50\\1K SZ 5050.png'
9.2517 	EXP 	suwak_badanie: markerPos = None
9.2517 	EXP 	suwak_badanie: markerPos = 0
9.2517 	EXP 	lewa_etykieta: height = np.float64(0.085)
9.2517 	EXP 	lewa_etykieta: height = np.float64(0.085)
9.2517 	EXP 	lewa_etykieta: height = np.float64(0.085)
9.2517 	EXP 	lewa_etykieta: text = 'strach'
9.2517 	EXP 	prawa_etykieta: height = np.float64(0.085)
9.2517 	EXP 	prawa_etykieta: height = np.float64(0.085)
9.2517 	EXP 	prawa_etykieta: height = np.float64(0.085)
9.2517 	EXP 	prawa_etykieta: text = 'złość'
9.2517 	EXP 	polygon: autoDraw = True
9.7520 	EXP 	polygon: autoDraw = False
9.8517 	EXP 	label_text: autoDraw = True
12.5608 	EXP 	label_text: autoDraw = False
12.7595 	EXP 	fiksacja2: autoDraw = True
13.2749 	EXP 	fiksacja2: autoDraw = False
13.4588 	EXP 	stim_image: autoDraw = True
14.0094 	EXP 	Device response: <KeyPress from None: t=14.005459300009534, value=escape, duration=None>
14.0100 	DATA 	Keypress: escape
14.1097 	EXP 	Device response: <KeyPress from None: t=14.005459300009534, value=escape, duration=0.09970790008082986>
14.1097 	EXP 	untitled_FINAL_NEWEST: status = STOPPED
14.1229 	EXP 	stim_image: autoDraw = False
14.1259 	EXP 	untitled_FINAL_NEWEST: status = STOPPED
14.1314 	INFO 	saved data to 'C:\\Users\\julia\\OneDrive\\Pulpit\\percepcja_psychopy\\data\\pilot_untitled_FINAL_NEWEST_2026-04-25_19h23.24.113.csv'
14.1342 	INFO 	saved data to C:\Users\julia\OneDrive\Pulpit\percepcja_psychopy\data\pilot_untitled_FINAL_NEWEST_2026-04-25_19h23.24.113.psydat
14.6621 	DEBUG 	Saving data for untitled_FINAL_NEWEST ExperimentHandler
14.7171 	WARNING 	Stopping key buffers but this could be dangerous ifother keyboards rely on the same.
