8.2351 	DEBUG 	Fullscreen settings ignored as running in pilot mode.
8.2362 	INFO 	Loaded monitor calibration from ['2026_03_18 20:30']
8.8844 	INFO 	Using renderer 'Intel(R) UHD Graphics' for graphics
8.8845 	INFO 	OpenGL version supported by driver is 4..
10.0639 	EXP 	Created window1 = Window(allowGUI=False, allowStencil=False, autoLog=True, backendConf=UNKNOWN, backgroundFit=<method-wrapper '__getattribute__' of attributeSetter object at 0x000001C465542350>, backgroundImage=<method-wrapper '__getattribute__' of attributeSetter object at 0x000001C465540A90>, bitsMode=UNKNOWN, blendMode='avg', bpc=(8, 8, 8), color=array([0, 0, 0]), colorSpace='rgb', depthBits=8, fullscr=False, gamma=None, gammaErrorPolicy='raise', infoMsg=UNKNOWN, lms=UNKNOWN, monitor=<psychopy.monitors.calibTools.Monitor object at 0x000001C464EC96F0>, multiSample=False, name='window1', numSamples=2, pos=[np.float64(560.0), np.float64(240.0)], screen=0, size=array([800, 600]), stencilBits=0, stereo=False, title='PsychoPy', units='height', useFBO=True, useRetina=False, viewOri=0.0, viewPos=None, viewScale=None, waitBlanking=True, winType='pyglet')
10.0640 	EXP 	window1: backgroundImage = ''
10.0640 	EXP 	window1: backgroundFit = 'none'
10.1149 	DEBUG 	TextBox2 loaded 1 chars with 0 blanks and 1 valid
10.1320 	DEBUG 	TextBox2 loaded 1 chars with 0 blanks and 1 valid
10.1491 	DEBUG 	TextBox2 loaded 1 chars with 0 blanks and 1 valid
10.1674 	DEBUG 	TextBox2 loaded 1 chars with 0 blanks and 1 valid
10.1871 	DEBUG 	TextBox2 loaded 1 chars with 0 blanks and 1 valid
10.2047 	DEBUG 	TextBox2 loaded 1 chars with 0 blanks and 1 valid
10.2223 	DEBUG 	TextBox2 loaded 1 chars with 0 blanks and 1 valid
10.2410 	DEBUG 	TextBox2 loaded 1 chars with 0 blanks and 1 valid
10.2581 	DEBUG 	TextBox2 loaded 1 chars with 0 blanks and 1 valid
10.2743 	DEBUG 	TextBox2 loaded 1 chars with 0 blanks and 1 valid
10.2930 	DEBUG 	TextBox2 loaded 1 chars with 0 blanks and 1 valid
10.3103 	DEBUG 	TextBox2 loaded 1 chars with 0 blanks and 1 valid
10.3290 	DEBUG 	TextBox2 loaded 1 chars with 0 blanks and 1 valid
10.3481 	DEBUG 	TextBox2 loaded 1 chars with 0 blanks and 1 valid
10.3674 	DEBUG 	TextBox2 loaded 1 chars with 0 blanks and 1 valid
10.3861 	DEBUG 	TextBox2 loaded 1 chars with 0 blanks and 1 valid
10.4025 	DEBUG 	TextBox2 loaded 1 chars with 0 blanks and 1 valid
10.4216 	DEBUG 	TextBox2 loaded 1 chars with 0 blanks and 1 valid
10.4381 	DEBUG 	TextBox2 loaded 1 chars with 0 blanks and 1 valid
10.4555 	DEBUG 	TextBox2 loaded 1 chars with 0 blanks and 1 valid
10.4734 	DEBUG 	TextBox2 loaded 1 chars with 0 blanks and 1 valid
10.4739 	DEBUG 	Uploading Texture Font fontname to graphics card
10.4871 	DEBUG 	Upload of Texture Font fontname complete
10.5325 	DEBUG 	TextBox2 loaded 1 chars with 0 blanks and 1 valid
10.5511 	DEBUG 	TextBox2 loaded 1 chars with 0 blanks and 1 valid
10.5686 	DEBUG 	TextBox2 loaded 1 chars with 0 blanks and 1 valid
10.5690 	DEBUG 	Uploading Texture Font fontname to graphics card
10.5862 	DEBUG 	Upload of Texture Font fontname complete
10.5894 	EXP 	window1: Attempting to measure frame rate of screen (0) ...
10.5895 	EXP 	window1: recordFrameIntervals = False
11.0321 	EXP 	window1: recordFrameIntervals = True
11.8613 	WARNING 	t of last frame was 32.04ms (=1/31)
11.8946 	WARNING 	t of last frame was 33.23ms (=1/30)
11.9295 	WARNING 	t of last frame was 34.96ms (=1/28)
11.9783 	WARNING 	t of last frame was 33.47ms (=1/29)
12.0104 	WARNING 	Multiple dropped frames have occurred - I'll stop bothering you about them!
12.8895 	EXP 	window1: recordFrameIntervals = False
12.8896 	EXP 	Screen (0) actual frame rate measured at 60.15Hz
12.9408 	DEBUG 	TextBox2 loaded 1 chars with 0 blanks and 1 valid
12.9650 	DEBUG 	TextBox2 loaded 1 chars with 0 blanks and 1 valid
12.9905 	DEBUG 	TextBox2 loaded 1 chars with 0 blanks and 1 valid
13.0155 	DEBUG 	TextBox2 loaded 1 chars with 0 blanks and 1 valid
13.0409 	DEBUG 	TextBox2 loaded 1 chars with 0 blanks and 1 valid
13.0667 	DEBUG 	TextBox2 loaded 1 chars with 0 blanks and 1 valid
13.0888 	DEBUG 	TextBox2 loaded 1 chars with 0 blanks and 1 valid
13.1136 	DEBUG 	TextBox2 loaded 1 chars with 0 blanks and 1 valid
13.1390 	DEBUG 	TextBox2 loaded 1 chars with 0 blanks and 1 valid
13.1639 	DEBUG 	TextBox2 loaded 1 chars with 0 blanks and 1 valid
13.1649 	DEBUG 	Uploading Texture Font fontname to graphics card
13.1662 	DEBUG 	Upload of Texture Font fontname complete
13.3482 	INFO 	keyboard.Keyboard is using ptb backend.
13.3483 	EXP 	untitled_FINAL_NEWEST: status = STARTED
13.3808 	EXP 	Created label_text = TextStim(__class__=<class 'psychopy.visual.text.TextStim'>, alignHoriz=method-wrapper(...), alignText='center', alignVert=method-wrapper(...), anchorHoriz='center', anchorVert='center', antialias=True, autoDraw=False, autoLog=True, bold=False, color=array([1., 1., 1.]), colorSpace='rgb', contrast=1.0, depth=-3.0, draggable=False, flipHoriz=False, flipVert=False, font='Arial', fontFiles=[], height=0.05, italic=False, languageStyle='LTR', name='label_text', opacity=1, ori=0.0, pos=array([0., 0.]), rgb=UNKNOWN, text='', units='height', win=Window(...), wrapWidth=1)
13.4236 	EXP 	Created stim_image = ImageStim(__class__=<class 'psychopy.visual.image.ImageStim'>, anchor=('center', 'center'), autoLog=True, color=array([1., 1., 1.]), colorSpace='rgb', contrast=1.0, depth=-4.0, draggable=False, flipHoriz=np.False_, flipVert=np.False_, image='default.png', interpolate=True, mask=None, maskParams=None, name='stim_image', opacity=1, ori=0.0, pos=array([0., 0.]), size=array([0.5, 0.5]), texRes=128.0, units='height', win=Window(...))
13.4496 	EXP 	Created suwak_badanie = Slider(__class__=<class 'psychopy.visual.slider.Slider'>, autoDraw=False, autoLog=True, borderColor=None, color=None, colorSpace='rgb', depth=-5, fillColor=None, flip=False, font='Noto Sans', granularity=0.0, labelColor=None, labelHeight=np.float64(0.05), labelWrapWidth=None, labels=None, lineColor=None, markerColor=None, name='suwak_badanie', opacity=None, ori=0.0, pos=array([0. , 0.1]), readOnly=False, self=UNKNOWN, size=array([0.5, 0.1]), startValue=3, style='slider', styleTweaks=[], ticks=array([1, 2, 3, 4, 5]), units='norm', win=Window(...))
0.0182 	EXP 	suwak_badanie: autoLog = True
0.0182 	EXP 	suwak_badanie: styleTweaks = []
0.0182 	EXP 	suwak_badanie: styleTweaks = []
0.0182 	EXP 	suwak_badanie: styleTweaks = []
0.0182 	EXP 	suwak_badanie: styleTweaks = []
0.0182 	EXP 	suwak_badanie: contrast = 1.0
0.0182 	EXP 	suwak_badanie: markerPos = 3
0.0182 	EXP 	suwak_badanie: autoLog = True
0.0295 	DEBUG 	Read excel file with openpyxl: conditions.xlsx
0.0315 	EXP 	Imported conditions.xlsx as conditions, 32 conditions, 5 params
0.0321 	EXP 	New trial (rep=0, index=0): <Trial 0 (0 in rep 0) data={'image_path': 'C:\\Users\\julia\\OneDrive\\Pulpit\\percepcja_psychopy\\photos\\ee7bd76502e1d9aea7c74fc5bea75be9.jpg', 'etykieta': 'test', 'left_label': 'radość', 'right_label': 'smutek', 'show_label': 1, 'thisN': 0, 'thisTrialN': 0, 'thisRepN': 0}>
0.1177 	EXP 	label_text: height = np.float64(0.05)
0.1177 	EXP 	label_text: height = np.float64(0.05)
0.1177 	EXP 	label_text: height = np.float64(0.05)
0.1177 	EXP 	label_text: text = 'test'
0.1177 	EXP 	stim_image: image = 'C:\\Users\\julia\\OneDrive\\Pulpit\\percepcja_psychopy\\photos\\ee7bd76502e1d9aea7c74fc5bea75be9.jpg'
0.1177 	EXP 	suwak_badanie: markerPos = None
0.1177 	EXP 	suwak_badanie: markerPos = 3
0.1177 	EXP 	label_text: autoDraw = True
1.0068 	EXP 	stim_image: autoDraw = True
1.1325 	EXP 	label_text: autoDraw = False
2.0135 	EXP 	stim_image: autoDraw = False
2.0135 	EXP 	suwak_badanie: autoDraw = True
3.2333 	DATA 	Mouse: Left button down, pos=(423,341)
3.2441 	EXP 	suwak_badanie: markerPos = np.float64(3.46)
3.2602 	EXP 	suwak_badanie: markerPos = np.float64(3.4)
3.2768 	EXP 	suwak_badanie: markerPos = np.float64(3.34)
3.2934 	EXP 	suwak_badanie: markerPos = np.float64(3.2800000000000002)
3.3109 	EXP 	suwak_badanie: markerPos = np.float64(3.18)
3.3270 	EXP 	suwak_badanie: markerPos = np.float64(3.0)
3.3429 	EXP 	suwak_badanie: markerPos = np.float64(2.86)
3.3599 	EXP 	suwak_badanie: markerPos = np.float64(2.7800000000000002)
3.3765 	EXP 	suwak_badanie: markerPos = np.float64(2.56)
3.3934 	EXP 	suwak_badanie: markerPos = np.float64(2.46)
3.4094 	EXP 	suwak_badanie: markerPos = np.float64(2.38)
3.4263 	EXP 	suwak_badanie: markerPos = np.float64(2.34)
3.4429 	EXP 	suwak_badanie: markerPos = np.float64(2.2)
3.4598 	EXP 	suwak_badanie: markerPos = np.float64(2.08)
3.4772 	EXP 	suwak_badanie: markerPos = np.float64(2.04)
3.4925 	EXP 	suwak_badanie: markerPos = np.float64(2.02)
3.5095 	EXP 	suwak_badanie: markerPos = np.float64(2.02)
3.5258 	EXP 	suwak_badanie: markerPos = np.float64(2.02)
3.5293 	DATA 	Mouse:  Left button up, pos=(351,333)
3.5429 	EXP 	suwak_badanie: markerPos = np.float64(2.02)
3.5455 	EXP 	New trial (rep=0, index=1): <Trial 1 (1 in rep 0) data={'image_path': 'C:\\Users\\julia\\OneDrive\\Pulpit\\percepcja_psychopy\\photos\\ee7bd76502e1d9aea7c74fc5bea75be9.jpg', 'etykieta': 'test', 'left_label': 'strach', 'right_label': 'złość', 'show_label': 1, 'thisN': 1, 'thisTrialN': 1, 'thisRepN': 0}>
3.5767 	EXP 	label_text: autoDraw = False
3.5767 	EXP 	stim_image: autoDraw = False
3.5767 	EXP 	suwak_badanie: autoDraw = False
3.5767 	EXP 	label_text: text = 'test'
3.5767 	EXP 	stim_image: image = 'C:\\Users\\julia\\OneDrive\\Pulpit\\percepcja_psychopy\\photos\\ee7bd76502e1d9aea7c74fc5bea75be9.jpg'
3.5767 	EXP 	suwak_badanie: markerPos = None
3.5767 	EXP 	suwak_badanie: markerPos = 3
3.5767 	EXP 	label_text: autoDraw = True
4.5570 	EXP 	stim_image: autoDraw = True
4.5901 	EXP 	label_text: autoDraw = False
5.5698 	EXP 	stim_image: autoDraw = False
5.5698 	EXP 	suwak_badanie: autoDraw = True
5.8939 	EXP 	Device response: <KeyPress from None: t=5.877577000006568, value=escape, duration=None>
5.8942 	DATA 	Keypress: escape
6.0246 	EXP 	Device response: <KeyPress from None: t=5.877577000006568, value=escape, duration=0.14117639997857623>
6.0247 	EXP 	untitled_FINAL_NEWEST: status = STOPPED
6.0367 	EXP 	suwak_badanie: autoDraw = False
6.0393 	EXP 	untitled_FINAL_NEWEST: status = STOPPED
6.0426 	INFO 	saved data to 'C:\\Users\\julia\\OneDrive\\Pulpit\\percepcja_psychopy\\data\\pilot_untitled_FINAL_NEWEST_2026-04-20_14h27.50.188.csv'
6.0444 	INFO 	saved data to C:\Users\julia\OneDrive\Pulpit\percepcja_psychopy\data\pilot_untitled_FINAL_NEWEST_2026-04-20_14h27.50.188.psydat
6.5513 	DEBUG 	Saving data for untitled_FINAL_NEWEST ExperimentHandler
6.6361 	WARNING 	Stopping key buffers but this could be dangerous ifother keyboards rely on the same.
