11.8526 	DEBUG 	Fullscreen settings ignored as running in pilot mode.
11.8535 	INFO 	Loaded monitor calibration from ['2026_03_18 20:30']
12.8884 	INFO 	Using renderer 'Intel(R) UHD Graphics' for graphics
12.8885 	INFO 	OpenGL version supported by driver is 4..
14.2140 	EXP 	Created window1 = Window(allowGUI=False, allowStencil=True, autoLog=True, backendConf=UNKNOWN, backgroundFit=<method-wrapper '__getattribute__' of attributeSetter object at 0x00000210C547D1B0>, backgroundImage=<method-wrapper '__getattribute__' of attributeSetter object at 0x00000210C547D960>, bitsMode=UNKNOWN, blendMode='avg', bpc=(8, 8, 8), color=array([0.6549, 0.6549, 0.6549]), colorSpace='rgb', depthBits=8, fullscr=False, gamma=None, gammaErrorPolicy='raise', infoMsg=UNKNOWN, lms=UNKNOWN, monitor=<psychopy.monitors.calibTools.Monitor object at 0x00000210C588C790>, multiSample=False, name='window1', numSamples=2, pos=[np.float64(560.0), np.float64(240.0)], screen=0, size=array([800, 600]), stencilBits=8, stereo=False, title='PsychoPy', units='height', useFBO=True, useRetina=False, viewOri=0.0, viewPos=None, viewScale=None, waitBlanking=True, winType='pyglet')
14.2141 	EXP 	window1: backgroundImage = ''
14.2141 	EXP 	window1: backgroundFit = 'none'
14.2823 	DEBUG 	TextBox2 loaded 1 chars with 0 blanks and 1 valid
14.3019 	DEBUG 	TextBox2 loaded 1 chars with 0 blanks and 1 valid
14.3207 	DEBUG 	TextBox2 loaded 1 chars with 0 blanks and 1 valid
14.3393 	DEBUG 	TextBox2 loaded 1 chars with 0 blanks and 1 valid
14.3597 	DEBUG 	TextBox2 loaded 1 chars with 0 blanks and 1 valid
14.3784 	DEBUG 	TextBox2 loaded 1 chars with 0 blanks and 1 valid
14.3966 	DEBUG 	TextBox2 loaded 1 chars with 0 blanks and 1 valid
14.4148 	DEBUG 	TextBox2 loaded 1 chars with 0 blanks and 1 valid
14.4325 	DEBUG 	TextBox2 loaded 1 chars with 0 blanks and 1 valid
14.4492 	DEBUG 	TextBox2 loaded 1 chars with 0 blanks and 1 valid
14.4676 	DEBUG 	TextBox2 loaded 1 chars with 0 blanks and 1 valid
14.4872 	DEBUG 	TextBox2 loaded 1 chars with 0 blanks and 1 valid
14.5053 	DEBUG 	TextBox2 loaded 1 chars with 0 blanks and 1 valid
14.5234 	DEBUG 	TextBox2 loaded 1 chars with 0 blanks and 1 valid
14.5436 	DEBUG 	TextBox2 loaded 1 chars with 0 blanks and 1 valid
14.5633 	DEBUG 	TextBox2 loaded 1 chars with 0 blanks and 1 valid
14.5825 	DEBUG 	TextBox2 loaded 1 chars with 0 blanks and 1 valid
14.6021 	DEBUG 	TextBox2 loaded 1 chars with 0 blanks and 1 valid
14.6213 	DEBUG 	TextBox2 loaded 1 chars with 0 blanks and 1 valid
14.6388 	DEBUG 	TextBox2 loaded 1 chars with 0 blanks and 1 valid
14.6591 	DEBUG 	TextBox2 loaded 1 chars with 0 blanks and 1 valid
14.6783 	DEBUG 	TextBox2 loaded 1 chars with 0 blanks and 1 valid
14.6957 	DEBUG 	TextBox2 loaded 1 chars with 0 blanks and 1 valid
14.7129 	DEBUG 	TextBox2 loaded 1 chars with 0 blanks and 1 valid
14.7327 	DEBUG 	TextBox2 loaded 1 chars with 0 blanks and 1 valid
14.7516 	DEBUG 	TextBox2 loaded 1 chars with 0 blanks and 1 valid
14.7711 	DEBUG 	TextBox2 loaded 1 chars with 0 blanks and 1 valid
14.7889 	DEBUG 	TextBox2 loaded 1 chars with 0 blanks and 1 valid
14.7898 	DEBUG 	Uploading Texture Font fontname to graphics card
14.8058 	DEBUG 	Upload of Texture Font fontname complete
14.8503 	DEBUG 	TextBox2 loaded 1 chars with 0 blanks and 1 valid
14.8696 	DEBUG 	TextBox2 loaded 1 chars with 0 blanks and 1 valid
14.8701 	DEBUG 	Uploading Texture Font fontname to graphics card
14.8902 	DEBUG 	Upload of Texture Font fontname complete
15.2693 	INFO 	keyboard.Keyboard is using ptb backend.
15.2693 	EXP 	untitled_FINAL_NEWEST: status = STARTED
15.5385 	EXP 	Created text_instr = TextStim(__class__=<class 'psychopy.visual.text.TextStim'>, alignHoriz=method-wrapper(...), alignText='center', alignVert=method-wrapper(...), anchorHoriz='center', anchorVert='center', antialias=True, autoDraw=False, autoLog=True, bold=False, color=array([-1., -1., -1.]), colorSpace='rgb', contrast=1.0, depth=-2.0, draggable=False, flipHoriz=False, flipVert=False, font='Arial', fontFiles=[], height=np.float64(0.03), italic=False, languageStyle='LTR', name='text_instr', opacity=1, ori=0.0, pos=array([0., 0.]), rgb=UNKNOWN, text=str(...), units='height', win=Window(...), wrapWidth=1.5)
15.5939 	EXP 	Created suwak_info = TextStim(__class__=<class 'psychopy.visual.text.TextStim'>, alignHoriz=method-wrapper(...), alignText='center', alignVert=method-wrapper(...), anchorHoriz='center', anchorVert='center', antialias=True, autoDraw=False, autoLog=True, bold=False, color=array([-1., -1., -1.]), colorSpace='rgb', contrast=1.0, depth=-1.0, draggable=False, flipHoriz=False, flipVert=False, font='Arial', fontFiles=[], height=np.float64(0.03), italic=False, languageStyle='LTR', name='suwak_info', opacity=1, ori=0.0, pos=array([0., 0.]), rgb=UNKNOWN, text=str(...), units='height', win=Window(...), wrapWidth=1.3)
15.6514 	EXP 	Created proba_testowa = TextStim(__class__=<class 'psychopy.visual.text.TextStim'>, alignHoriz=method-wrapper(...), alignText='center', alignVert=method-wrapper(...), anchorHoriz='center', anchorVert='center', antialias=True, autoDraw=False, autoLog=True, bold=False, color=array([-1., -1., -1.]), colorSpace='rgb', contrast=1.0, depth=-2.0, draggable=False, flipHoriz=False, flipVert=False, font='Arial', fontFiles=[], height=np.float64(0.04), italic=False, languageStyle='LTR', name='proba_testowa', opacity=1, ori=0.0, pos=array([0., 0.]), rgb=UNKNOWN, text=str(...), units='height', win=Window(...), wrapWidth=1.4)
15.6631 	EXP 	Created pilot_label_text = TextStim(__class__=<class 'psychopy.visual.text.TextStim'>, alignHoriz=method-wrapper(...), alignText='center', alignVert=method-wrapper(...), anchorHoriz='center', anchorVert='center', antialias=True, autoDraw=False, autoLog=True, bold=False, color=array([-1., -1., -1.]), colorSpace='rgb', contrast=1.0, depth=-1.0, draggable=False, flipHoriz=False, flipVert=False, font='Arial', fontFiles=[], height=0.05, italic=False, languageStyle='LTR', name='pilot_label_text', opacity=1, ori=0.0, pos=array([0., 0.]), rgb=UNKNOWN, text='', units='height', win=Window(...), wrapWidth=1.3)
15.6899 	EXP 	Created pilot_fiksacja1 = TextStim(__class__=<class 'psychopy.visual.text.TextStim'>, alignHoriz=method-wrapper(...), alignText='center', alignVert=method-wrapper(...), anchorHoriz='center', anchorVert='center', antialias=True, autoDraw=False, autoLog=True, bold=False, color=array([-1., -1., -1.]), colorSpace='rgb', contrast=1.0, depth=-2.0, draggable=False, flipHoriz=False, flipVert=False, font='Arial', fontFiles=[], height=np.float64(0.12), italic=False, languageStyle='LTR', name='pilot_fiksacja1', opacity=1, ori=0.0, pos=array([0., 0.]), rgb=UNKNOWN, text='+', units='height', win=Window(...), wrapWidth=1)
15.7551 	EXP 	Created pilot_suwak = Slider(__class__=<class 'psychopy.visual.slider.Slider'>, autoDraw=False, autoLog=True, borderColor=None, color=None, colorSpace='rgb', depth=-3, fillColor=None, flip=False, font='Noto Sans', granularity=0.0, labelColor=None, labelHeight=np.float64(0.05), labelWrapWidth=None, labels=None, lineColor=None, markerColor=None, name='pilot_suwak', opacity=None, ori=0.0, pos=array([ 0. , -0.5]), readOnly=False, self=UNKNOWN, size=array([1. , 0.1]), startValue=0, style='slider', styleTweaks=[], ticks=ndarray(...), units='norm', win=Window(...))
15.7739 	EXP 	Created pilot_fiksacja2 = TextStim(__class__=<class 'psychopy.visual.text.TextStim'>, alignHoriz=method-wrapper(...), alignText='center', alignVert=method-wrapper(...), anchorHoriz='center', anchorVert='center', antialias=True, autoDraw=False, autoLog=True, bold=False, color=array([-1., -1., -1.]), colorSpace='rgb', contrast=1.0, depth=-4.0, draggable=False, flipHoriz=False, flipVert=False, font='Arial', fontFiles=[], height=np.float64(0.1), italic=False, languageStyle='LTR', name='pilot_fiksacja2', opacity=1, ori=0.0, pos=array([0., 0.]), rgb=UNKNOWN, text='+', units='height', win=Window(...), wrapWidth=1)
15.8046 	EXP 	Created pilot_pytanie = TextStim(__class__=<class 'psychopy.visual.text.TextStim'>, alignHoriz=method-wrapper(...), alignText='center', alignVert=method-wrapper(...), anchorHoriz='center', anchorVert='center', antialias=True, autoDraw=False, autoLog=True, bold=False, color=array([-1., -1., -1.]), colorSpace='rgb', contrast=1.0, depth=-5.0, draggable=False, flipHoriz=False, flipVert=False, font='Arial', fontFiles=[], height=np.float64(0.1), italic=False, languageStyle='LTR', name='pilot_pytanie', opacity=1, ori=0.0, pos=array([0., 0.]), rgb=UNKNOWN, text='Jaką emocję wyrażała ta twarz?', units='norm', win=Window(...), wrapWidth=1)
15.8139 	EXP 	Created pilot_lewa_etykieta = TextStim(__class__=<class 'psychopy.visual.text.TextStim'>, alignHoriz=method-wrapper(...), alignText='center', alignVert=method-wrapper(...), anchorHoriz='center', anchorVert='center', antialias=True, autoDraw=False, autoLog=True, bold=False, color=array([-1., -1., -1.]), colorSpace='rgb', contrast=1.0, depth=-6.0, draggable=False, flipHoriz=False, flipVert=False, font='Arial', fontFiles=[], height=0.085, italic=False, languageStyle='LTR', name='pilot_lewa_etykieta', opacity=1, ori=0.0, pos=array([-0.6, -0.5]), rgb=UNKNOWN, text='', units='norm', win=Window(...), wrapWidth=1)
15.8208 	EXP 	Created pilot_prawa_etykieta = TextStim(__class__=<class 'psychopy.visual.text.TextStim'>, alignHoriz=method-wrapper(...), alignText='center', alignVert=method-wrapper(...), anchorHoriz='center', anchorVert='center', antialias=True, autoDraw=False, autoLog=True, bold=False, color=array([-1., -1., -1.]), colorSpace='rgb', contrast=1.0, depth=-7.0, draggable=False, flipHoriz=False, flipVert=False, font='Arial', fontFiles=[], height=0.085, italic=False, languageStyle='LTR', name='pilot_prawa_etykieta', opacity=1, ori=0.0, pos=array([ 0.6, -0.5]), rgb=UNKNOWN, text='', units='norm', win=Window(...), wrapWidth=1)
15.9704 	EXP 	Created pilot_stim_image = ImageStim(__class__=<class 'psychopy.visual.image.ImageStim'>, anchor=('center', 'center'), autoLog=True, color=array([1., 1., 1.]), colorSpace='rgb', contrast=1.0, depth=-8.0, draggable=False, flipHoriz=np.False_, flipVert=np.False_, image='C:/Users/julia/OneDrive/Obrazy/IMG_2397.JPEG', interpolate=True, mask=None, maskParams=None, name='pilot_stim_image', opacity=1, ori=0.0, pos=array([0., 0.]), size=array([0.75, 0.75]), texRes=128.0, units='height', win=Window(...))
16.0221 	EXP 	Created start_badania = TextStim(__class__=<class 'psychopy.visual.text.TextStim'>, alignHoriz=method-wrapper(...), alignText='center', alignVert=method-wrapper(...), anchorHoriz='center', anchorVert='center', antialias=True, autoDraw=False, autoLog=True, bold=False, color=array([-1., -1., -1.]), colorSpace='rgb', contrast=1.0, depth=-2.0, draggable=False, flipHoriz=False, flipVert=False, font='Arial', fontFiles=[], height=np.float64(0.1), italic=False, languageStyle='LTR', name='start_badania', opacity=1, ori=0.0, pos=array([0., 0.]), rgb=UNKNOWN, text=str(...), units='norm', win=Window(...), wrapWidth=1.4)
16.0342 	EXP 	Created przerwa_text = TextStim(__class__=<class 'psychopy.visual.text.TextStim'>, alignHoriz=method-wrapper(...), alignText='center', alignVert=method-wrapper(...), anchorHoriz='center', anchorVert='center', antialias=True, autoDraw=False, autoLog=True, bold=False, color=array([-1., -1., -1.]), colorSpace='rgb', contrast=1.0, depth=0.0, draggable=False, flipHoriz=False, flipVert=False, font='Arial', fontFiles=[], height=np.float64(0.1), italic=False, languageStyle='LTR', name='przerwa_text', opacity=1, ori=0.0, pos=array([0., 0.]), rgb=UNKNOWN, text=str(...), units='norm', win=Window(...), wrapWidth=1)
16.0442 	EXP 	Created label_text = TextStim(__class__=<class 'psychopy.visual.text.TextStim'>, alignHoriz=method-wrapper(...), alignText='center', alignVert=method-wrapper(...), anchorHoriz='center', anchorVert='center', antialias=True, autoDraw=False, autoLog=True, bold=False, color=array([-1., -1., -1.]), colorSpace='rgb', contrast=1.0, depth=-2.0, draggable=False, flipHoriz=False, flipVert=False, font='Arial', fontFiles=[], height=0.05, italic=False, languageStyle='LTR', name='label_text', opacity=1, ori=0.0, pos=array([0., 0.]), rgb=UNKNOWN, text='', units='height', win=Window(...), wrapWidth=1.3)
16.0627 	EXP 	Created stim_image = ImageStim(__class__=<class 'psychopy.visual.image.ImageStim'>, anchor=('center', 'center'), autoLog=True, color=array([1., 1., 1.]), colorSpace='rgb', contrast=1.0, depth=-3.0, draggable=False, flipHoriz=np.False_, flipVert=np.False_, image='default.png', interpolate=True, mask=None, maskParams=None, name='stim_image', opacity=1, ori=0.0, pos=array([0., 0.]), size=array([0.75, 0.75]), texRes=128.0, units='height', win=Window(...))
16.0927 	EXP 	Created suwak_badanie = Slider(__class__=<class 'psychopy.visual.slider.Slider'>, autoDraw=False, autoLog=True, borderColor=None, color=None, colorSpace='rgb', depth=-4, fillColor=None, flip=False, font='Noto Sans', granularity=0.0, labelColor=None, labelHeight=np.float64(0.05), labelWrapWidth=None, labels=None, lineColor=None, markerColor=None, name='suwak_badanie', opacity=None, ori=0.0, pos=array([ 0. , -0.5]), readOnly=False, self=UNKNOWN, size=array([1. , 0.1]), startValue=0, style='slider', styleTweaks=[], ticks=ndarray(...), units='norm', win=Window(...))
16.1001 	EXP 	Created lewa_etykieta = TextStim(__class__=<class 'psychopy.visual.text.TextStim'>, alignHoriz=method-wrapper(...), alignText='center', alignVert=method-wrapper(...), anchorHoriz='center', anchorVert='center', antialias=True, autoDraw=False, autoLog=True, bold=False, color=array([-1., -1., -1.]), colorSpace='rgb', contrast=1.0, depth=-5.0, draggable=False, flipHoriz=False, flipVert=False, font='Arial', fontFiles=[], height=0.085, italic=False, languageStyle='LTR', name='lewa_etykieta', opacity=1, ori=0.0, pos=array([-0.65, -0.5 ]), rgb=UNKNOWN, text='', units='norm', win=Window(...), wrapWidth=1)
16.1060 	EXP 	Created prawa_etykieta = TextStim(__class__=<class 'psychopy.visual.text.TextStim'>, alignHoriz=method-wrapper(...), alignText='center', alignVert=method-wrapper(...), anchorHoriz='center', anchorVert='center', antialias=True, autoDraw=False, autoLog=True, bold=False, color=array([-1., -1., -1.]), colorSpace='rgb', contrast=1.0, depth=-6.0, draggable=False, flipHoriz=False, flipVert=False, font='Arial', fontFiles=[], height=0.085, italic=False, languageStyle='LTR', name='prawa_etykieta', opacity=1, ori=0.0, pos=array([ 0.65, -0.5 ]), rgb=UNKNOWN, text='', units='norm', win=Window(...), wrapWidth=1)
16.1190 	EXP 	Created fiksacja2 = TextStim(__class__=<class 'psychopy.visual.text.TextStim'>, alignHoriz=method-wrapper(...), alignText='center', alignVert=method-wrapper(...), anchorHoriz='center', anchorVert='center', antialias=True, autoDraw=False, autoLog=True, bold=False, color=array([-1., -1., -1.]), colorSpace='rgb', contrast=1.0, depth=-7.0, draggable=False, flipHoriz=False, flipVert=False, font='Arial', fontFiles=[], height=np.float64(0.1), italic=False, languageStyle='LTR', name='fiksacja2', opacity=1, ori=0.0, pos=array([0., 0.]), rgb=UNKNOWN, text='+', units='height', win=Window(...), wrapWidth=1)
16.1310 	EXP 	Created pytanie = TextStim(__class__=<class 'psychopy.visual.text.TextStim'>, alignHoriz=method-wrapper(...), alignText='center', alignVert=method-wrapper(...), anchorHoriz='center', anchorVert='center', antialias=True, autoDraw=False, autoLog=True, bold=False, color=array([-1., -1., -1.]), colorSpace='rgb', contrast=1.0, depth=-8.0, draggable=False, flipHoriz=False, flipVert=False, font='Arial', fontFiles=[], height=np.float64(0.1), italic=False, languageStyle='LTR', name='pytanie', opacity=1, ori=0.0, pos=array([0., 0.]), rgb=UNKNOWN, text='Jaką emocję wyrażała ta twarz?', units='norm', win=Window(...), wrapWidth=1)
16.1404 	EXP 	Created text = TextStim(__class__=<class 'psychopy.visual.text.TextStim'>, alignHoriz=method-wrapper(...), alignText='center', alignVert=method-wrapper(...), anchorHoriz='center', anchorVert='center', antialias=True, autoDraw=False, autoLog=True, bold=False, color=array([1., 1., 1.]), colorSpace='rgb', contrast=1.0, depth=-1.0, draggable=False, flipHoriz=False, flipVert=False, font='Arial', fontFiles=[], height=np.float64(0.05), italic=False, languageStyle='LTR', name='text', opacity=1, ori=0.0, pos=array([0., 0.]), rgb=UNKNOWN, text='', units='height', win=Window(...), wrapWidth=1)
16.1735 	EXP 	Created podziekowania_text = TextStim(__class__=<class 'psychopy.visual.text.TextStim'>, alignHoriz=method-wrapper(...), alignText='center', alignVert=method-wrapper(...), anchorHoriz='center', anchorVert='center', antialias=True, autoDraw=False, autoLog=True, bold=False, color=array([1., 1., 1.]), colorSpace='rgb', contrast=1.0, depth=0.0, draggable=False, flipHoriz=False, flipVert=False, font='Arial', fontFiles=[], height=np.float64(0.05), italic=False, languageStyle='LTR', name='podziekowania_text', opacity=1, ori=0.0, pos=array([0., 0.]), rgb=UNKNOWN, text=str(...), units='height', win=Window(...), wrapWidth=1)
0.6015 	EXP 	pilot_suwak: autoLog = True
0.6015 	EXP 	pilot_suwak: styleTweaks = []
0.6015 	EXP 	pilot_suwak: styleTweaks = []
0.6015 	EXP 	pilot_suwak: styleTweaks = []
0.6015 	EXP 	pilot_suwak: styleTweaks = []
0.6015 	EXP 	pilot_suwak: contrast = 1.0
0.6015 	EXP 	pilot_suwak: markerPos = 0
0.6015 	EXP 	pilot_suwak: autoLog = True
0.6015 	EXP 	suwak_badanie: autoLog = True
0.6015 	EXP 	suwak_badanie: styleTweaks = []
0.6015 	EXP 	suwak_badanie: styleTweaks = []
0.6015 	EXP 	suwak_badanie: styleTweaks = []
0.6015 	EXP 	suwak_badanie: styleTweaks = []
0.6015 	EXP 	suwak_badanie: contrast = 1.0
0.6015 	EXP 	suwak_badanie: markerPos = 0
0.6015 	EXP 	suwak_badanie: autoLog = True
0.6568 	INFO 	Keyboard events cleared
0.6567 	EXP 	text_instr: autoDraw = True
1.8840 	DATA 	Keypress: space
1.9461 	EXP 	Device response: <KeyPress from None: t=1.8383671999908984, value=space, duration=None>
1.9502 	EXP 	Device response: <KeyPress from None: t=1.8383671999908984, value=space, duration=0.11057479993905872>
2.0037 	INFO 	Keyboard events cleared
2.0036 	EXP 	text_instr: autoDraw = False
2.0036 	EXP 	suwak_info: autoDraw = True
2.3904 	DATA 	Keypress: space
2.4498 	EXP 	Device response: <KeyPress from None: t=2.341592999990098, value=space, duration=None>
2.4690 	EXP 	Device response: <KeyPress from None: t=2.341592999990098, value=space, duration=0.1067553999600932>
2.5570 	INFO 	Keyboard events cleared
2.5569 	EXP 	suwak_info: autoDraw = False
2.5569 	EXP 	proba_testowa: autoDraw = True
2.9101 	DATA 	Keypress: space
2.9604 	EXP 	Device response: <KeyPress from None: t=2.862382199964486, value=space, duration=None>
3.0872 	EXP 	proba_testowa: autoDraw = False
3.0872 	EXP 	pilot_label_text: height = np.float64(0.05)
3.0872 	EXP 	pilot_label_text: height = np.float64(0.05)
3.0872 	EXP 	pilot_label_text: height = np.float64(0.05)
3.0872 	EXP 	pilot_label_text: height = np.float64(0.05)
3.0872 	EXP 	pilot_label_text: height = np.float64(0.05)
3.0872 	EXP 	pilot_label_text: height = np.float64(0.05)
3.0872 	EXP 	pilot_label_text: text = 'Model AI wykrył w tej twarzy 80% smutku.\n\n'
3.0872 	EXP 	pilot_suwak: markerPos = None
3.0872 	EXP 	pilot_suwak: markerPos = 0
3.0872 	EXP 	pilot_lewa_etykieta: height = np.float64(0.085)
3.0872 	EXP 	pilot_lewa_etykieta: height = np.float64(0.085)
3.0872 	EXP 	pilot_lewa_etykieta: height = np.float64(0.085)
3.0872 	EXP 	pilot_lewa_etykieta: text = 'radość'
3.0872 	EXP 	pilot_prawa_etykieta: height = np.float64(0.085)
3.0872 	EXP 	pilot_prawa_etykieta: height = np.float64(0.085)
3.0872 	EXP 	pilot_prawa_etykieta: height = np.float64(0.085)
3.0872 	EXP 	pilot_prawa_etykieta: text = 'smutek'
3.0872 	EXP 	pilot_fiksacja1: autoDraw = True
3.0912 	EXP 	Device response: <KeyPress from None: t=2.862382199964486, value=space, duration=0.1362624999601394>
3.5987 	EXP 	pilot_fiksacja1: autoDraw = False
3.6651 	EXP 	pilot_label_text: autoDraw = True
6.6731 	EXP 	pilot_label_text: autoDraw = False
6.8727 	EXP 	pilot_fiksacja2: autoDraw = True
7.3878 	EXP 	pilot_fiksacja2: autoDraw = False
7.5713 	EXP 	pilot_stim_image: autoDraw = True
8.4845 	EXP 	pilot_suwak: autoDraw = True
8.4845 	EXP 	pilot_pytanie: autoDraw = True
8.4845 	EXP 	pilot_lewa_etykieta: autoDraw = True
8.4845 	EXP 	pilot_prawa_etykieta: autoDraw = True
8.5010 	EXP 	pilot_stim_image: autoDraw = False
9.0689 	DATA 	Mouse: Left button down, pos=(560,148)
9.0832 	EXP 	pilot_suwak: markerPos = np.float64(40.0)
9.0986 	EXP 	pilot_suwak: markerPos = np.float64(40.0)
9.1164 	EXP 	pilot_suwak: markerPos = np.float64(40.0)
9.1321 	EXP 	pilot_suwak: markerPos = np.float64(40.0)
9.1351 	DATA 	Mouse:  Left button up, pos=(560,149)
9.1486 	EXP 	pilot_suwak: markerPos = np.float64(40.0)
9.1658 	INFO 	Keyboard events cleared
9.1657 	EXP 	pilot_label_text: autoDraw = False
9.1657 	EXP 	pilot_fiksacja1: autoDraw = False
9.1657 	EXP 	pilot_suwak: autoDraw = False
9.1657 	EXP 	pilot_fiksacja2: autoDraw = False
9.1657 	EXP 	pilot_pytanie: autoDraw = False
9.1657 	EXP 	pilot_lewa_etykieta: autoDraw = False
9.1657 	EXP 	pilot_prawa_etykieta: autoDraw = False
9.1657 	EXP 	pilot_stim_image: autoDraw = False
9.1657 	EXP 	start_badania: autoDraw = True
15.0401 	DATA 	Keypress: space
15.0551 	EXP 	Device response: <KeyPress from None: t=15.038704499951564, value=space, duration=None>
15.0729 	DEBUG 	Read excel file with openpyxl: conditions.xlsx
15.0769 	EXP 	Imported conditions.xlsx as conditions, 32 conditions, 9 params
15.1317 	EXP 	New trial (rep=0, index=0): <Trial 0 (0 in rep 0) data={'image_path': 'C:\\Users\\julia\\OneDrive\\Pulpit\\percepcja_psychopy\\photos\\Twarze 50,50\\SZ 50,50\\1K SZ 5050.png', 'etykieta': 'Model sztucznej inteligencji wykrył w tej twarzy 72% strachu .', 'left_label': 'strach', 'right_label': 'złość', 'show_label': 3, 'proporcja_zdjecia': '50/50', 'typ_etykiety': 'Procentowa AI', 'warunek': 'n/d', 'kierunek': 'Sugestia Lewo strach', 'thisN': 0, 'thisTrialN': 0, 'thisRepN': 0}>
15.1917 	EXP 	Device response: <KeyPress from None: t=15.038704499951564, value=space, duration=0.05611440003849566>
15.1991 	EXP 	start_badania: autoDraw = False
15.1991 	EXP 	przerwa_text: autoDraw = False
15.1991 	EXP 	label_text: height = np.float64(0.05)
15.1991 	EXP 	label_text: height = np.float64(0.05)
15.1991 	EXP 	label_text: height = np.float64(0.05)
15.1991 	EXP 	label_text: text = 'Model sztucznej inteligencji wykrył w tej twarzy 72% strachu .'
15.1991 	EXP 	label_text: height = np.float64(0.05)
15.1991 	EXP 	label_text: height = np.float64(0.05)
15.1991 	EXP 	label_text: height = np.float64(0.05)
15.1991 	EXP 	label_text: text = 'Model sztucznej inteligencji wykrył w tej twarzy 72% strachu .'
15.1991 	EXP 	stim_image: image = 'C:\\Users\\julia\\OneDrive\\Pulpit\\percepcja_psychopy\\photos\\Twarze 50,50\\SZ 50,50\\1K SZ 5050.png'
15.1991 	EXP 	suwak_badanie: markerPos = None
15.1991 	EXP 	suwak_badanie: markerPos = 0
15.1991 	EXP 	lewa_etykieta: height = np.float64(0.085)
15.1991 	EXP 	lewa_etykieta: height = np.float64(0.085)
15.1991 	EXP 	lewa_etykieta: height = np.float64(0.085)
15.1991 	EXP 	lewa_etykieta: text = 'strach'
15.1991 	EXP 	prawa_etykieta: height = np.float64(0.085)
15.1991 	EXP 	prawa_etykieta: height = np.float64(0.085)
15.1991 	EXP 	prawa_etykieta: height = np.float64(0.085)
15.1991 	EXP 	prawa_etykieta: text = 'złość'
15.1991 	EXP 	label_text: autoDraw = True
18.2083 	EXP 	label_text: autoDraw = False
18.3413 	EXP 	fiksacja2: autoDraw = True
18.5906 	EXP 	fiksacja2: autoDraw = False
18.7906 	EXP 	stim_image: autoDraw = True
20.0026 	EXP 	suwak_badanie: autoDraw = True
20.0026 	EXP 	lewa_etykieta: autoDraw = True
20.0026 	EXP 	prawa_etykieta: autoDraw = True
20.0026 	EXP 	pytanie: autoDraw = True
20.0199 	EXP 	stim_image: autoDraw = False
22.3004 	DATA 	Mouse: Left button down, pos=(564,150)
22.3128 	EXP 	suwak_badanie: markerPos = np.float64(40.999999999999986)
22.3298 	EXP 	suwak_badanie: markerPos = np.float64(40.999999999999986)
22.3466 	EXP 	suwak_badanie: markerPos = np.float64(40.999999999999986)
22.3632 	EXP 	suwak_badanie: markerPos = np.float64(40.999999999999986)
22.3808 	EXP 	suwak_badanie: markerPos = np.float64(40.999999999999986)
22.3864 	DATA 	Mouse:  Left button up, pos=(564,150)
22.3965 	EXP 	suwak_badanie: markerPos = np.float64(40.999999999999986)
22.4151 	EXP 	label_text: autoDraw = False
22.4151 	EXP 	stim_image: autoDraw = False
22.4151 	EXP 	suwak_badanie: autoDraw = False
22.4151 	EXP 	lewa_etykieta: autoDraw = False
22.4151 	EXP 	prawa_etykieta: autoDraw = False
22.4151 	EXP 	fiksacja2: autoDraw = False
22.4151 	EXP 	pytanie: autoDraw = False
22.4151 	EXP 	text: autoDraw = True
23.4165 	EXP 	New trial (rep=0, index=1): <Trial 1 (1 in rep 0) data={'image_path': 'C:\\Users\\julia\\OneDrive\\Pulpit\\percepcja_psychopy\\photos\\Twarze 80,20\\OZ 80,20\\1K OZ 8020.png', 'etykieta': 'Poprzedni badani wykryli w tej twarzy oczekiwanie.', 'left_label': 'zaskoczenie', 'right_label': 'oczekiwanie', 'show_label': 3, 'proporcja_zdjecia': '80/20 oczekiwanie', 'typ_etykiety': 'Kategorialna Ludzie', 'warunek': 'Zgodny', 'kierunek': 'Dominacja Prawo oczekiwanie', 'thisN': 1, 'thisTrialN': 1, 'thisRepN': 0}>
23.4925 	EXP 	text: autoDraw = False
23.4925 	EXP 	przerwa_text: autoDraw = False
23.4925 	EXP 	label_text: height = np.float64(0.05)
23.4925 	EXP 	label_text: height = np.float64(0.05)
23.4925 	EXP 	label_text: height = np.float64(0.05)
23.4925 	EXP 	label_text: text = 'Poprzedni badani wykryli w tej twarzy oczekiwanie.'
23.4925 	EXP 	label_text: height = np.float64(0.05)
23.4925 	EXP 	label_text: height = np.float64(0.05)
23.4925 	EXP 	label_text: height = np.float64(0.05)
23.4925 	EXP 	label_text: text = 'Poprzedni badani wykryli w tej twarzy oczekiwanie.'
23.4925 	EXP 	stim_image: image = 'C:\\Users\\julia\\OneDrive\\Pulpit\\percepcja_psychopy\\photos\\Twarze 80,20\\OZ 80,20\\1K OZ 8020.png'
23.4925 	EXP 	suwak_badanie: markerPos = None
23.4925 	EXP 	suwak_badanie: markerPos = 0
23.4925 	EXP 	lewa_etykieta: height = np.float64(0.085)
23.4925 	EXP 	lewa_etykieta: height = np.float64(0.085)
23.4925 	EXP 	lewa_etykieta: height = np.float64(0.085)
23.4925 	EXP 	lewa_etykieta: text = 'zaskoczenie'
23.4925 	EXP 	prawa_etykieta: height = np.float64(0.085)
23.4925 	EXP 	prawa_etykieta: height = np.float64(0.085)
23.4925 	EXP 	prawa_etykieta: height = np.float64(0.085)
23.4925 	EXP 	prawa_etykieta: text = 'oczekiwanie'
23.4925 	EXP 	label_text: autoDraw = True
26.5027 	EXP 	label_text: autoDraw = False
26.6189 	EXP 	fiksacja2: autoDraw = True
26.8681 	EXP 	fiksacja2: autoDraw = False
27.0680 	EXP 	stim_image: autoDraw = True
28.2808 	EXP 	stim_image: autoDraw = False
28.2808 	EXP 	suwak_badanie: autoDraw = True
28.2808 	EXP 	lewa_etykieta: autoDraw = True
28.2808 	EXP 	prawa_etykieta: autoDraw = True
28.2808 	EXP 	pytanie: autoDraw = True
29.4460 	EXP 	Device response: <KeyPress from None: t=29.437057900009677, value=escape, duration=None>
29.4463 	DATA 	Keypress: escape
29.5488 	EXP 	Device response: <KeyPress from None: t=29.437057900009677, value=escape, duration=0.11035179998725653>
29.5489 	EXP 	untitled_FINAL_NEWEST: status = STOPPED
29.5607 	EXP 	suwak_badanie: autoDraw = False
29.5607 	EXP 	lewa_etykieta: autoDraw = False
29.5607 	EXP 	prawa_etykieta: autoDraw = False
29.5607 	EXP 	pytanie: autoDraw = False
29.5654 	EXP 	untitled_FINAL_NEWEST: status = STOPPED
29.5787 	INFO 	saved data to 'C:\\Users\\julia\\OneDrive\\Pulpit\\percepcja_psychopy\\data\\pilot_untitled_FINAL_NEWEST_2026-04-25_20h19.18.136.csv'
29.5827 	INFO 	saved data to C:\Users\julia\OneDrive\Pulpit\percepcja_psychopy\data\pilot_untitled_FINAL_NEWEST_2026-04-25_20h19.18.136.psydat
30.2303 	DEBUG 	Saving data for untitled_FINAL_NEWEST ExperimentHandler
30.3322 	WARNING 	Stopping key buffers but this could be dangerous ifother keyboards rely on the same.
