7.7020 	DEBUG 	Fullscreen settings ignored as running in pilot mode.
7.7033 	INFO 	Loaded monitor calibration from ['2026_03_18 20:30']
8.2475 	INFO 	Using renderer 'Intel(R) UHD Graphics' for graphics
8.2476 	INFO 	OpenGL version supported by driver is 4..
9.2494 	EXP 	Created window1 = Window(allowGUI=False, allowStencil=True, autoLog=True, backendConf=UNKNOWN, backgroundFit=<method-wrapper '__getattribute__' of attributeSetter object at 0x0000025EDD687B20>, backgroundImage=<method-wrapper '__getattribute__' of attributeSetter object at 0x0000025EDD687BB0>, bitsMode=UNKNOWN, blendMode='avg', bpc=(8, 8, 8), color=array([0.6549, 0.6549, 0.6549]), colorSpace='rgb', depthBits=8, fullscr=False, gamma=None, gammaErrorPolicy='raise', infoMsg=UNKNOWN, lms=UNKNOWN, monitor=<psychopy.monitors.calibTools.Monitor object at 0x0000025EDB764190>, multiSample=False, name='window1', numSamples=2, pos=[np.float64(560.0), np.float64(240.0)], screen=0, size=array([800, 600]), stencilBits=8, stereo=False, title='PsychoPy', units='height', useFBO=True, useRetina=False, viewOri=0.0, viewPos=None, viewScale=None, waitBlanking=True, winType='pyglet')
9.2494 	EXP 	window1: backgroundImage = ''
9.2495 	EXP 	window1: backgroundFit = 'none'
9.3080 	DEBUG 	TextBox2 loaded 1 chars with 0 blanks and 1 valid
9.3273 	DEBUG 	TextBox2 loaded 1 chars with 0 blanks and 1 valid
9.3443 	DEBUG 	TextBox2 loaded 1 chars with 0 blanks and 1 valid
9.3604 	DEBUG 	TextBox2 loaded 1 chars with 0 blanks and 1 valid
9.3791 	DEBUG 	TextBox2 loaded 1 chars with 0 blanks and 1 valid
9.3958 	DEBUG 	TextBox2 loaded 1 chars with 0 blanks and 1 valid
9.4125 	DEBUG 	TextBox2 loaded 1 chars with 0 blanks and 1 valid
9.4283 	DEBUG 	TextBox2 loaded 1 chars with 0 blanks and 1 valid
9.4436 	DEBUG 	TextBox2 loaded 1 chars with 0 blanks and 1 valid
9.4588 	DEBUG 	TextBox2 loaded 1 chars with 0 blanks and 1 valid
9.4742 	DEBUG 	TextBox2 loaded 1 chars with 0 blanks and 1 valid
9.4900 	DEBUG 	TextBox2 loaded 1 chars with 0 blanks and 1 valid
9.5051 	DEBUG 	TextBox2 loaded 1 chars with 0 blanks and 1 valid
9.5209 	DEBUG 	TextBox2 loaded 1 chars with 0 blanks and 1 valid
9.5362 	DEBUG 	TextBox2 loaded 1 chars with 0 blanks and 1 valid
9.5515 	DEBUG 	TextBox2 loaded 1 chars with 0 blanks and 1 valid
9.5667 	DEBUG 	TextBox2 loaded 1 chars with 0 blanks and 1 valid
9.5820 	DEBUG 	TextBox2 loaded 1 chars with 0 blanks and 1 valid
9.5979 	DEBUG 	TextBox2 loaded 1 chars with 0 blanks and 1 valid
9.6146 	DEBUG 	TextBox2 loaded 1 chars with 0 blanks and 1 valid
9.6303 	DEBUG 	TextBox2 loaded 1 chars with 0 blanks and 1 valid
9.6462 	DEBUG 	TextBox2 loaded 1 chars with 0 blanks and 1 valid
9.6614 	DEBUG 	TextBox2 loaded 1 chars with 0 blanks and 1 valid
9.6776 	DEBUG 	TextBox2 loaded 1 chars with 0 blanks and 1 valid
9.6934 	DEBUG 	TextBox2 loaded 1 chars with 0 blanks and 1 valid
9.7093 	DEBUG 	TextBox2 loaded 1 chars with 0 blanks and 1 valid
9.7255 	DEBUG 	TextBox2 loaded 1 chars with 0 blanks and 1 valid
9.7415 	DEBUG 	TextBox2 loaded 1 chars with 0 blanks and 1 valid
9.7422 	DEBUG 	Uploading Texture Font fontname to graphics card
9.7514 	DEBUG 	Upload of Texture Font fontname complete
9.7944 	DEBUG 	TextBox2 loaded 1 chars with 0 blanks and 1 valid
9.8103 	DEBUG 	TextBox2 loaded 1 chars with 0 blanks and 1 valid
9.8107 	DEBUG 	Uploading Texture Font fontname to graphics card
9.8189 	DEBUG 	Upload of Texture Font fontname complete
10.0166 	INFO 	keyboard.Keyboard is using ptb backend.
10.0167 	EXP 	untitled_FINAL_NEWEST: status = STARTED
10.0462 	DEBUG 	TextBox2 loaded 1 chars with 0 blanks and 1 valid
10.0480 	DEBUG 	TextBox2 loaded 1 chars with 0 blanks and 1 valid
10.0500 	DEBUG 	TextBox2 loaded 1 chars with 0 blanks and 1 valid
10.0514 	DEBUG 	TextBox2 loaded 1 chars with 0 blanks and 1 valid
10.0532 	DEBUG 	TextBox2 loaded 1 chars with 0 blanks and 1 valid
10.0544 	DEBUG 	TextBox2 loaded 1 chars with 0 blanks and 1 valid
10.0560 	DEBUG 	TextBox2 loaded 1 chars with 0 blanks and 1 valid
10.0581 	DEBUG 	TextBox2 loaded 1 chars with 0 blanks and 1 valid
10.0600 	DEBUG 	TextBox2 loaded 1 chars with 0 blanks and 1 valid
10.0616 	DEBUG 	TextBox2 loaded 1 chars with 0 blanks and 1 valid
10.0634 	DEBUG 	TextBox2 loaded 1 chars with 0 blanks and 1 valid
10.0650 	DEBUG 	TextBox2 loaded 1 chars with 0 blanks and 1 valid
10.0665 	DEBUG 	TextBox2 loaded 1 chars with 0 blanks and 1 valid
10.0680 	DEBUG 	TextBox2 loaded 1 chars with 0 blanks and 1 valid
10.0696 	DEBUG 	TextBox2 loaded 1 chars with 0 blanks and 1 valid
10.0711 	DEBUG 	TextBox2 loaded 1 chars with 0 blanks and 1 valid
10.0729 	DEBUG 	TextBox2 loaded 1 chars with 0 blanks and 1 valid
10.0751 	DEBUG 	TextBox2 loaded 1 chars with 0 blanks and 1 valid
10.0766 	DEBUG 	TextBox2 loaded 1 chars with 0 blanks and 1 valid
10.0782 	DEBUG 	TextBox2 loaded 1 chars with 0 blanks and 1 valid
10.0798 	DEBUG 	TextBox2 loaded 1 chars with 0 blanks and 1 valid
10.0815 	DEBUG 	TextBox2 loaded 1 chars with 0 blanks and 1 valid
10.0832 	DEBUG 	TextBox2 loaded 1 chars with 0 blanks and 1 valid
10.0849 	DEBUG 	TextBox2 loaded 1 chars with 0 blanks and 1 valid
10.0868 	DEBUG 	TextBox2 loaded 1 chars with 0 blanks and 1 valid
10.0885 	DEBUG 	TextBox2 loaded 1 chars with 0 blanks and 1 valid
10.0909 	DEBUG 	TextBox2 loaded 1 chars with 0 blanks and 1 valid
10.0925 	DEBUG 	TextBox2 loaded 1 chars with 0 blanks and 1 valid
10.0941 	DEBUG 	TextBox2 loaded 1 chars with 0 blanks and 1 valid
10.0958 	DEBUG 	TextBox2 loaded 1 chars with 0 blanks and 1 valid
10.0974 	DEBUG 	TextBox2 loaded 1 chars with 0 blanks and 1 valid
10.0988 	DEBUG 	TextBox2 loaded 1 chars with 0 blanks and 1 valid
10.1004 	DEBUG 	TextBox2 loaded 1 chars with 0 blanks and 1 valid
10.1020 	DEBUG 	TextBox2 loaded 1 chars with 0 blanks and 1 valid
10.1037 	DEBUG 	TextBox2 loaded 1 chars with 0 blanks and 1 valid
10.1071 	DEBUG 	TextBox2 loaded 1 chars with 0 blanks and 1 valid
10.1089 	DEBUG 	TextBox2 loaded 1 chars with 0 blanks and 1 valid
10.1105 	DEBUG 	TextBox2 loaded 1 chars with 0 blanks and 1 valid
10.1120 	DEBUG 	TextBox2 loaded 1 chars with 0 blanks and 1 valid
10.1137 	DEBUG 	TextBox2 loaded 1 chars with 0 blanks and 1 valid
10.1152 	DEBUG 	TextBox2 loaded 1 chars with 0 blanks and 1 valid
10.1168 	DEBUG 	TextBox2 loaded 1 chars with 0 blanks and 1 valid
10.1187 	DEBUG 	TextBox2 loaded 1 chars with 0 blanks and 1 valid
10.1208 	DEBUG 	TextBox2 loaded 1 chars with 0 blanks and 1 valid
10.1223 	DEBUG 	TextBox2 loaded 1 chars with 0 blanks and 1 valid
10.1257 	DEBUG 	TextBox2 loaded 1 chars with 0 blanks and 1 valid
10.1286 	DEBUG 	TextBox2 loaded 1 chars with 0 blanks and 1 valid
10.1322 	DEBUG 	TextBox2 loaded 1 chars with 0 blanks and 1 valid
10.1348 	DEBUG 	TextBox2 loaded 1 chars with 0 blanks and 1 valid
10.1380 	DEBUG 	TextBox2 loaded 1 chars with 0 blanks and 1 valid
10.1400 	DEBUG 	TextBox2 loaded 1 chars with 0 blanks and 1 valid
10.1420 	DEBUG 	TextBox2 loaded 1 chars with 0 blanks and 1 valid
10.1442 	DEBUG 	TextBox2 loaded 1 chars with 0 blanks and 1 valid
10.1457 	DEBUG 	TextBox2 loaded 1 chars with 0 blanks and 1 valid
10.1472 	DEBUG 	TextBox2 loaded 1 chars with 0 blanks and 1 valid
10.1487 	DEBUG 	TextBox2 loaded 1 chars with 0 blanks and 1 valid
10.1493 	DEBUG 	Uploading Texture Font fontname to graphics card
10.1542 	DEBUG 	Upload of Texture Font fontname complete
10.2622 	EXP 	Created suwaki_instrukcja = ImageStim(__class__=<class 'psychopy.visual.image.ImageStim'>, anchor=('center', 'center'), autoLog=True, color=array([1., 1., 1.]), colorSpace='rgb', contrast=1.0, depth=-2.0, draggable=False, flipHoriz=np.False_, flipVert=np.False_, image='photos/suwaki_instrukcja.png', interpolate=True, mask=None, maskParams=None, name='suwaki_instrukcja', opacity=1, ori=0.0, pos=array([ 0. , -0.2]), size=array([0.5, 0.7]), texRes=128.0, units='norm', win=Window(...))
10.2935 	DEBUG 	TextBox2 loaded 1 chars with 0 blanks and 1 valid
10.2958 	DEBUG 	TextBox2 loaded 1 chars with 0 blanks and 1 valid
10.2975 	DEBUG 	TextBox2 loaded 1 chars with 0 blanks and 1 valid
10.2999 	DEBUG 	TextBox2 loaded 1 chars with 0 blanks and 1 valid
10.3023 	DEBUG 	TextBox2 loaded 1 chars with 0 blanks and 1 valid
10.3040 	DEBUG 	TextBox2 loaded 1 chars with 0 blanks and 1 valid
10.3061 	DEBUG 	TextBox2 loaded 1 chars with 0 blanks and 1 valid
10.3084 	DEBUG 	TextBox2 loaded 1 chars with 0 blanks and 1 valid
10.3106 	DEBUG 	TextBox2 loaded 1 chars with 0 blanks and 1 valid
10.3133 	DEBUG 	TextBox2 loaded 1 chars with 0 blanks and 1 valid
10.3153 	DEBUG 	TextBox2 loaded 1 chars with 0 blanks and 1 valid
10.3160 	DEBUG 	Uploading Texture Font fontname to graphics card
10.3168 	DEBUG 	Upload of Texture Font fontname complete
10.4902 	EXP 	Created proba_testowa = TextStim(__class__=<class 'psychopy.visual.text.TextStim'>, alignHoriz=method-wrapper(...), alignText='center', alignVert=method-wrapper(...), anchorHoriz='center', anchorVert='center', antialias=True, autoDraw=False, autoLog=True, bold=False, color=array([-1., -1., -1.]), colorSpace='rgb', contrast=1.0, depth=-2.0, draggable=False, flipHoriz=False, flipVert=False, font='Arial', fontFiles=[], height=np.float64(0.04), italic=False, languageStyle='LTR', name='proba_testowa', opacity=1, ori=0.0, pos=array([0., 0.]), rgb=UNKNOWN, text=str(...), units='height', win=Window(...), wrapWidth=1.4)
10.4912 	EXP 	Created pilot_label_text = TextStim(__class__=<class 'psychopy.visual.text.TextStim'>, alignHoriz=method-wrapper(...), alignText='center', alignVert=method-wrapper(...), anchorHoriz='center', anchorVert='center', antialias=True, autoDraw=False, autoLog=True, bold=False, color=array([-1., -1., -1.]), colorSpace='rgb', contrast=1.0, depth=-1.0, draggable=False, flipHoriz=False, flipVert=False, font='Arial', fontFiles=[], height=0.05, italic=False, languageStyle='LTR', name='pilot_label_text', opacity=1, ori=0.0, pos=array([0., 0.]), rgb=UNKNOWN, text='', units='height', win=Window(...), wrapWidth=2.0)
10.4978 	EXP 	Created pilot_fiksacja1 = TextStim(__class__=<class 'psychopy.visual.text.TextStim'>, alignHoriz=method-wrapper(...), alignText='center', alignVert=method-wrapper(...), anchorHoriz='center', anchorVert='center', antialias=True, autoDraw=False, autoLog=True, bold=False, color=array([-1., -1., -1.]), colorSpace='rgb', contrast=1.0, depth=-2.0, draggable=False, flipHoriz=False, flipVert=False, font='Arial', fontFiles=[], height=np.float64(0.12), italic=False, languageStyle='LTR', name='pilot_fiksacja1', opacity=1, ori=0.0, pos=array([0., 0.]), rgb=UNKNOWN, text='+', units='height', win=Window(...), wrapWidth=1)
10.5307 	EXP 	Created pilot_suwak = Slider(__class__=<class 'psychopy.visual.slider.Slider'>, autoDraw=False, autoLog=True, borderColor=None, color=None, colorSpace='rgb', depth=-3, fillColor=None, flip=False, font='Noto Sans', granularity=0.0, labelColor=None, labelHeight=np.float64(0.05), labelWrapWidth=None, labels=None, lineColor=None, markerColor=None, name='pilot_suwak', opacity=None, ori=0.0, pos=array([ 0. , -0.5]), readOnly=False, self=UNKNOWN, size=array([1. , 0.1]), startValue=0, style='slider', styleTweaks=[], ticks=array([-50, -25,   0,  25,  50]), units='norm', win=Window(...))
10.5372 	EXP 	Created pilot_fiksacja2 = TextStim(__class__=<class 'psychopy.visual.text.TextStim'>, alignHoriz=method-wrapper(...), alignText='center', alignVert=method-wrapper(...), anchorHoriz='center', anchorVert='center', antialias=True, autoDraw=False, autoLog=True, bold=False, color=array([-1., -1., -1.]), colorSpace='rgb', contrast=1.0, depth=-4.0, draggable=False, flipHoriz=False, flipVert=False, font='Arial', fontFiles=[], height=np.float64(0.1), italic=False, languageStyle='LTR', name='pilot_fiksacja2', opacity=1, ori=0.0, pos=array([0., 0.]), rgb=UNKNOWN, text='+', units='height', win=Window(...), wrapWidth=1)
10.5532 	EXP 	Created pilot_pytanie = TextStim(__class__=<class 'psychopy.visual.text.TextStim'>, alignHoriz=method-wrapper(...), alignText='center', alignVert=method-wrapper(...), anchorHoriz='center', anchorVert='center', antialias=True, autoDraw=False, autoLog=True, bold=False, color=array([-1., -1., -1.]), colorSpace='rgb', contrast=1.0, depth=-5.0, draggable=False, flipHoriz=False, flipVert=False, font='Arial', fontFiles=[], height=np.float64(0.1), italic=False, languageStyle='LTR', name='pilot_pytanie', opacity=1, ori=0.0, pos=array([0., 0.]), rgb=UNKNOWN, text='Jaką emocję wyrażała ta twarz?', units='norm', win=Window(...), wrapWidth=1)
10.5571 	EXP 	Created pilot_lewa_etykieta = TextStim(__class__=<class 'psychopy.visual.text.TextStim'>, alignHoriz=method-wrapper(...), alignText='center', alignVert=method-wrapper(...), anchorHoriz='center', anchorVert='center', antialias=True, autoDraw=False, autoLog=True, bold=False, color=array([-1., -1., -1.]), colorSpace='rgb', contrast=1.0, depth=-6.0, draggable=False, flipHoriz=False, flipVert=False, font='Arial', fontFiles=[], height=0.085, italic=False, languageStyle='LTR', name='pilot_lewa_etykieta', opacity=1, ori=0.0, pos=array([-0.6, -0.5]), rgb=UNKNOWN, text='', units='norm', win=Window(...), wrapWidth=1)
10.5585 	EXP 	Created pilot_prawa_etykieta = TextStim(__class__=<class 'psychopy.visual.text.TextStim'>, alignHoriz=method-wrapper(...), alignText='center', alignVert=method-wrapper(...), anchorHoriz='center', anchorVert='center', antialias=True, autoDraw=False, autoLog=True, bold=False, color=array([-1., -1., -1.]), colorSpace='rgb', contrast=1.0, depth=-7.0, draggable=False, flipHoriz=False, flipVert=False, font='Arial', fontFiles=[], height=0.085, italic=False, languageStyle='LTR', name='pilot_prawa_etykieta', opacity=1, ori=0.0, pos=array([ 0.6, -0.5]), rgb=UNKNOWN, text='', units='norm', win=Window(...), wrapWidth=1)
10.5905 	EXP 	Created pilot_stim_image = ImageStim(__class__=<class 'psychopy.visual.image.ImageStim'>, anchor=('center', 'center'), autoLog=True, color=array([1., 1., 1.]), colorSpace='rgb', contrast=1.0, depth=-8.0, draggable=False, flipHoriz=np.False_, flipVert=np.False_, image='photos/twarz_testowa.jpg', interpolate=True, mask=None, maskParams=None, name='pilot_stim_image', opacity=1, ori=0.0, pos=array([0., 0.]), size=array([0.75, 0.75]), texRes=128.0, units='height', win=Window(...))
10.6191 	EXP 	Created start_badania = TextStim(__class__=<class 'psychopy.visual.text.TextStim'>, alignHoriz=method-wrapper(...), alignText='center', alignVert=method-wrapper(...), anchorHoriz='center', anchorVert='center', antialias=True, autoDraw=False, autoLog=True, bold=False, color=array([-1., -1., -1.]), colorSpace='rgb', contrast=1.0, depth=-2.0, draggable=False, flipHoriz=False, flipVert=False, font='Arial', fontFiles=[], height=np.float64(0.1), italic=False, languageStyle='LTR', name='start_badania', opacity=1, ori=0.0, pos=array([0., 0.]), rgb=UNKNOWN, text=str(...), units='norm', win=Window(...), wrapWidth=1.4)
10.6257 	EXP 	Created przerwa_text = TextStim(__class__=<class 'psychopy.visual.text.TextStim'>, alignHoriz=method-wrapper(...), alignText='center', alignVert=method-wrapper(...), anchorHoriz='center', anchorVert='center', antialias=True, autoDraw=False, autoLog=True, bold=False, color=array([-1., -1., -1.]), colorSpace='rgb', contrast=1.0, depth=0.0, draggable=False, flipHoriz=False, flipVert=False, font='Arial', fontFiles=[], height=np.float64(0.1), italic=False, languageStyle='LTR', name='przerwa_text', opacity=1, ori=0.0, pos=array([0., 0.]), rgb=UNKNOWN, text=str(...), units='norm', win=Window(...), wrapWidth=1)
10.6270 	EXP 	Created label_text = TextStim(__class__=<class 'psychopy.visual.text.TextStim'>, alignHoriz=method-wrapper(...), alignText='center', alignVert=method-wrapper(...), anchorHoriz='center', anchorVert='center', antialias=True, autoDraw=False, autoLog=True, bold=False, color=array([-1., -1., -1.]), colorSpace='rgb', contrast=1.0, depth=-2.0, draggable=False, flipHoriz=False, flipVert=False, font='Arial', fontFiles=[], height=0.05, italic=False, languageStyle='LTR', name='label_text', opacity=1, ori=0.0, pos=array([0., 0.]), rgb=UNKNOWN, text='', units='height', win=Window(...), wrapWidth=1.3)
10.6335 	EXP 	Created stim_image = ImageStim(__class__=<class 'psychopy.visual.image.ImageStim'>, anchor=('center', 'center'), autoLog=True, color=array([1., 1., 1.]), colorSpace='rgb', contrast=1.0, depth=-3.0, draggable=False, flipHoriz=np.False_, flipVert=np.False_, image='default.png', interpolate=True, mask=None, maskParams=None, name='stim_image', opacity=1, ori=0.0, pos=array([0., 0.]), size=array([0.75, 0.75]), texRes=128.0, units='height', win=Window(...))
10.6438 	EXP 	Created suwak_badanie = Slider(__class__=<class 'psychopy.visual.slider.Slider'>, autoDraw=False, autoLog=True, borderColor=None, color=None, colorSpace='rgb', depth=-4, fillColor=None, flip=False, font='Noto Sans', granularity=0.0, labelColor=None, labelHeight=np.float64(0.05), labelWrapWidth=None, labels=None, lineColor=None, markerColor=None, name='suwak_badanie', opacity=None, ori=0.0, pos=array([ 0. , -0.5]), readOnly=False, self=UNKNOWN, size=array([1. , 0.1]), startValue=0, style='slider', styleTweaks=[], ticks=array([-50, -25,   0,  25,  50]), units='norm', win=Window(...))
10.6455 	EXP 	Created lewa_etykieta = TextStim(__class__=<class 'psychopy.visual.text.TextStim'>, alignHoriz=method-wrapper(...), alignText='center', alignVert=method-wrapper(...), anchorHoriz='center', anchorVert='center', antialias=True, autoDraw=False, autoLog=True, bold=False, color=array([-1., -1., -1.]), colorSpace='rgb', contrast=1.0, depth=-5.0, draggable=False, flipHoriz=False, flipVert=False, font='Arial', fontFiles=[], height=0.085, italic=False, languageStyle='LTR', name='lewa_etykieta', opacity=1, ori=0.0, pos=array([-0.65, -0.5 ]), rgb=UNKNOWN, text='', units='norm', win=Window(...), wrapWidth=1)
10.6469 	EXP 	Created prawa_etykieta = TextStim(__class__=<class 'psychopy.visual.text.TextStim'>, alignHoriz=method-wrapper(...), alignText='center', alignVert=method-wrapper(...), anchorHoriz='center', anchorVert='center', antialias=True, autoDraw=False, autoLog=True, bold=False, color=array([-1., -1., -1.]), colorSpace='rgb', contrast=1.0, depth=-6.0, draggable=False, flipHoriz=False, flipVert=False, font='Arial', fontFiles=[], height=0.085, italic=False, languageStyle='LTR', name='prawa_etykieta', opacity=1, ori=0.0, pos=array([ 0.65, -0.5 ]), rgb=UNKNOWN, text='', units='norm', win=Window(...), wrapWidth=1)
10.6525 	EXP 	Created fiksacja2 = TextStim(__class__=<class 'psychopy.visual.text.TextStim'>, alignHoriz=method-wrapper(...), alignText='center', alignVert=method-wrapper(...), anchorHoriz='center', anchorVert='center', antialias=True, autoDraw=False, autoLog=True, bold=False, color=array([-1., -1., -1.]), colorSpace='rgb', contrast=1.0, depth=-7.0, draggable=False, flipHoriz=False, flipVert=False, font='Arial', fontFiles=[], height=np.float64(0.12), italic=False, languageStyle='LTR', name='fiksacja2', opacity=1, ori=0.0, pos=array([0., 0.]), rgb=UNKNOWN, text='+', units='height', win=Window(...), wrapWidth=1)
10.6625 	EXP 	Created pytanie = TextStim(__class__=<class 'psychopy.visual.text.TextStim'>, alignHoriz=method-wrapper(...), alignText='center', alignVert=method-wrapper(...), anchorHoriz='center', anchorVert='center', antialias=True, autoDraw=False, autoLog=True, bold=False, color=array([-1., -1., -1.]), colorSpace='rgb', contrast=1.0, depth=-8.0, draggable=False, flipHoriz=False, flipVert=False, font='Arial', fontFiles=[], height=np.float64(0.1), italic=False, languageStyle='LTR', name='pytanie', opacity=1, ori=0.0, pos=array([0., 0.]), rgb=UNKNOWN, text='Jaką emocję wyrażała ta twarz?', units='norm', win=Window(...), wrapWidth=1)
10.6649 	EXP 	Created text = TextStim(__class__=<class 'psychopy.visual.text.TextStim'>, alignHoriz=method-wrapper(...), alignText='center', alignVert=method-wrapper(...), anchorHoriz='center', anchorVert='center', antialias=True, autoDraw=False, autoLog=True, bold=False, color=array([1., 1., 1.]), colorSpace='rgb', contrast=1.0, depth=-1.0, draggable=False, flipHoriz=False, flipVert=False, font='Arial', fontFiles=[], height=np.float64(0.05), italic=False, languageStyle='LTR', name='text', opacity=1, ori=0.0, pos=array([0., 0.]), rgb=UNKNOWN, text='', units='height', win=Window(...), wrapWidth=1)
10.6788 	EXP 	Created podziekowania_text = TextStim(__class__=<class 'psychopy.visual.text.TextStim'>, alignHoriz=method-wrapper(...), alignText='center', alignVert=method-wrapper(...), anchorHoriz='center', anchorVert='center', antialias=True, autoDraw=False, autoLog=True, bold=False, color=array([1., 1., 1.]), colorSpace='rgb', contrast=1.0, depth=0.0, draggable=False, flipHoriz=False, flipVert=False, font='Arial', fontFiles=[], height=np.float64(0.05), italic=False, languageStyle='LTR', name='podziekowania_text', opacity=1, ori=0.0, pos=array([0., 0.]), rgb=UNKNOWN, text=str(...), units='height', win=Window(...), wrapWidth=1)
0.1158 	EXP 	textbox_2: autoLog = True
0.1158 	EXP 	textbox_3: autoLog = True
0.1158 	EXP 	pilot_suwak: autoLog = True
0.1158 	EXP 	pilot_suwak: styleTweaks = []
0.1158 	EXP 	pilot_suwak: styleTweaks = []
0.1158 	EXP 	pilot_suwak: styleTweaks = []
0.1158 	EXP 	pilot_suwak: styleTweaks = []
0.1158 	EXP 	pilot_suwak: contrast = 1.0
0.1158 	EXP 	pilot_suwak: markerPos = 0
0.1158 	EXP 	pilot_suwak: autoLog = True
0.1158 	EXP 	suwak_badanie: autoLog = True
0.1158 	EXP 	suwak_badanie: styleTweaks = []
0.1158 	EXP 	suwak_badanie: styleTweaks = []
0.1158 	EXP 	suwak_badanie: styleTweaks = []
0.1158 	EXP 	suwak_badanie: styleTweaks = []
0.1158 	EXP 	suwak_badanie: contrast = 1.0
0.1158 	EXP 	suwak_badanie: markerPos = 0
0.1158 	EXP 	suwak_badanie: autoLog = True
0.1717 	INFO 	Keyboard events cleared
0.1717 	EXP 	textbox_2: autoDraw = True
0.5743 	EXP 	Device response: <KeyPress from None: t=0.5667973000090569, value=space, duration=None>
0.5846 	DATA 	Keypress: space
0.5965 	INFO 	Keyboard events cleared
0.5963 	EXP 	textbox_2: autoDraw = False
0.5963 	EXP 	suwaki_instrukcja: autoDraw = True
0.5963 	EXP 	textbox_3: autoDraw = True
0.7152 	EXP 	Device response: <KeyPress from None: t=0.5667973000090569, value=space, duration=0.13981439999770373>
10.0554 	EXP 	Device response: <KeyPress from None: t=10.051217000000179, value=escape, duration=None>
10.0570 	DATA 	Keypress: escape
10.2065 	EXP 	Device response: <KeyPress from None: t=10.051217000000179, value=escape, duration=0.14446659991517663>
10.2066 	EXP 	untitled_FINAL_NEWEST: status = STOPPED
10.2183 	EXP 	suwaki_instrukcja: autoDraw = False
10.2183 	EXP 	textbox_3: autoDraw = False
10.2229 	EXP 	untitled_FINAL_NEWEST: status = STOPPED
10.2333 	INFO 	saved data to 'C:\\Users\\julia\\OneDrive\\Pulpit\\percepcja_psychopy\\data\\pilot _untitled_FINAL_NEWEST_2026-04-27_17h20.48.868.csv'
10.2354 	INFO 	saved data to C:\Users\julia\OneDrive\Pulpit\percepcja_psychopy\data\pilot _untitled_FINAL_NEWEST_2026-04-27_17h20.48.868.psydat
10.7740 	DEBUG 	Saving data for untitled_FINAL_NEWEST ExperimentHandler
10.8119 	WARNING 	Stopping key buffers but this could be dangerous ifother keyboards rely on the same.
