9.9802 	DEBUG 	Fullscreen settings ignored as running in pilot mode.
9.9811 	INFO 	Loaded monitor calibration from ['2026_03_18 20:30']
11.0063 	INFO 	Using renderer 'Intel(R) UHD Graphics' for graphics
11.0064 	INFO 	OpenGL version supported by driver is 4..
12.1534 	EXP 	Created window1 = Window(allowGUI=False, allowStencil=True, autoLog=True, backendConf=UNKNOWN, backgroundFit=<method-wrapper '__getattribute__' of attributeSetter object at 0x0000021842332B00>, backgroundImage=<method-wrapper '__getattribute__' of attributeSetter object at 0x0000021842332B60>, bitsMode=UNKNOWN, blendMode='avg', bpc=(8, 8, 8), color=array([0.6549, 0.6549, 0.6549]), colorSpace='rgb', depthBits=8, fullscr=False, gamma=None, gammaErrorPolicy='raise', infoMsg=UNKNOWN, lms=UNKNOWN, monitor=<psychopy.monitors.calibTools.Monitor object at 0x000002184084AD10>, multiSample=False, name='window1', numSamples=2, pos=[np.float64(560.0), np.float64(240.0)], screen=0, size=array([800, 600]), stencilBits=8, stereo=False, title='PsychoPy', units='height', useFBO=True, useRetina=False, viewOri=0.0, viewPos=None, viewScale=None, waitBlanking=True, winType='pyglet')
12.1536 	EXP 	window1: backgroundImage = ''
12.1536 	EXP 	window1: backgroundFit = 'none'
12.2170 	DEBUG 	TextBox2 loaded 1 chars with 0 blanks and 1 valid
12.2350 	DEBUG 	TextBox2 loaded 1 chars with 0 blanks and 1 valid
12.2531 	DEBUG 	TextBox2 loaded 1 chars with 0 blanks and 1 valid
12.2717 	DEBUG 	TextBox2 loaded 1 chars with 0 blanks and 1 valid
12.2901 	DEBUG 	TextBox2 loaded 1 chars with 0 blanks and 1 valid
12.3098 	DEBUG 	TextBox2 loaded 1 chars with 0 blanks and 1 valid
12.3309 	DEBUG 	TextBox2 loaded 1 chars with 0 blanks and 1 valid
12.3474 	DEBUG 	TextBox2 loaded 1 chars with 0 blanks and 1 valid
12.3657 	DEBUG 	TextBox2 loaded 1 chars with 0 blanks and 1 valid
12.3824 	DEBUG 	TextBox2 loaded 1 chars with 0 blanks and 1 valid
12.3988 	DEBUG 	TextBox2 loaded 1 chars with 0 blanks and 1 valid
12.4171 	DEBUG 	TextBox2 loaded 1 chars with 0 blanks and 1 valid
12.4357 	DEBUG 	TextBox2 loaded 1 chars with 0 blanks and 1 valid
12.4554 	DEBUG 	TextBox2 loaded 1 chars with 0 blanks and 1 valid
12.4722 	DEBUG 	TextBox2 loaded 1 chars with 0 blanks and 1 valid
12.4901 	DEBUG 	TextBox2 loaded 1 chars with 0 blanks and 1 valid
12.5094 	DEBUG 	TextBox2 loaded 1 chars with 0 blanks and 1 valid
12.5264 	DEBUG 	TextBox2 loaded 1 chars with 0 blanks and 1 valid
12.5451 	DEBUG 	TextBox2 loaded 1 chars with 0 blanks and 1 valid
12.5655 	DEBUG 	TextBox2 loaded 1 chars with 0 blanks and 1 valid
12.5852 	DEBUG 	TextBox2 loaded 1 chars with 0 blanks and 1 valid
12.6031 	DEBUG 	TextBox2 loaded 1 chars with 0 blanks and 1 valid
12.6203 	DEBUG 	TextBox2 loaded 1 chars with 0 blanks and 1 valid
12.6401 	DEBUG 	TextBox2 loaded 1 chars with 0 blanks and 1 valid
12.6576 	DEBUG 	TextBox2 loaded 1 chars with 0 blanks and 1 valid
12.6756 	DEBUG 	TextBox2 loaded 1 chars with 0 blanks and 1 valid
12.6957 	DEBUG 	TextBox2 loaded 1 chars with 0 blanks and 1 valid
12.7143 	DEBUG 	TextBox2 loaded 1 chars with 0 blanks and 1 valid
12.7151 	DEBUG 	Uploading Texture Font fontname to graphics card
12.7270 	DEBUG 	Upload of Texture Font fontname complete
12.7771 	DEBUG 	TextBox2 loaded 1 chars with 0 blanks and 1 valid
12.7947 	DEBUG 	TextBox2 loaded 1 chars with 0 blanks and 1 valid
12.7953 	DEBUG 	Uploading Texture Font fontname to graphics card
12.8132 	DEBUG 	Upload of Texture Font fontname complete
13.1897 	INFO 	keyboard.Keyboard is using ptb backend.
13.1898 	EXP 	untitled_FINAL_NEWEST: status = STARTED
13.2671 	DEBUG 	TextBox2 loaded 1 chars with 0 blanks and 1 valid
13.2678 	DEBUG 	TextBox2 loaded 1 chars with 0 blanks and 1 valid
13.2685 	DEBUG 	TextBox2 loaded 1 chars with 0 blanks and 1 valid
13.2691 	DEBUG 	TextBox2 loaded 1 chars with 0 blanks and 1 valid
13.2698 	DEBUG 	TextBox2 loaded 1 chars with 0 blanks and 1 valid
13.2702 	DEBUG 	TextBox2 loaded 1 chars with 0 blanks and 1 valid
13.2709 	DEBUG 	TextBox2 loaded 1 chars with 0 blanks and 1 valid
13.2714 	DEBUG 	TextBox2 loaded 1 chars with 0 blanks and 1 valid
13.2721 	DEBUG 	TextBox2 loaded 1 chars with 0 blanks and 1 valid
13.2728 	DEBUG 	TextBox2 loaded 1 chars with 0 blanks and 1 valid
13.2734 	DEBUG 	TextBox2 loaded 1 chars with 0 blanks and 1 valid
13.2742 	DEBUG 	TextBox2 loaded 1 chars with 0 blanks and 1 valid
13.2749 	DEBUG 	TextBox2 loaded 1 chars with 0 blanks and 1 valid
13.2762 	DEBUG 	TextBox2 loaded 1 chars with 0 blanks and 1 valid
13.2771 	DEBUG 	TextBox2 loaded 1 chars with 0 blanks and 1 valid
13.2778 	DEBUG 	TextBox2 loaded 1 chars with 0 blanks and 1 valid
13.2786 	DEBUG 	TextBox2 loaded 1 chars with 0 blanks and 1 valid
13.2795 	DEBUG 	TextBox2 loaded 1 chars with 0 blanks and 1 valid
13.2804 	DEBUG 	TextBox2 loaded 1 chars with 0 blanks and 1 valid
13.2813 	DEBUG 	TextBox2 loaded 1 chars with 0 blanks and 1 valid
13.2819 	DEBUG 	TextBox2 loaded 1 chars with 0 blanks and 1 valid
13.2825 	DEBUG 	TextBox2 loaded 1 chars with 0 blanks and 1 valid
13.2833 	DEBUG 	TextBox2 loaded 1 chars with 0 blanks and 1 valid
13.2840 	DEBUG 	TextBox2 loaded 1 chars with 0 blanks and 1 valid
13.2849 	DEBUG 	TextBox2 loaded 1 chars with 0 blanks and 1 valid
13.2856 	DEBUG 	TextBox2 loaded 1 chars with 0 blanks and 1 valid
13.2863 	DEBUG 	TextBox2 loaded 1 chars with 0 blanks and 1 valid
13.2871 	DEBUG 	TextBox2 loaded 1 chars with 0 blanks and 1 valid
13.2879 	DEBUG 	TextBox2 loaded 1 chars with 0 blanks and 1 valid
13.2888 	DEBUG 	TextBox2 loaded 1 chars with 0 blanks and 1 valid
13.2898 	DEBUG 	TextBox2 loaded 1 chars with 0 blanks and 1 valid
13.2904 	DEBUG 	TextBox2 loaded 1 chars with 0 blanks and 1 valid
13.2913 	DEBUG 	TextBox2 loaded 1 chars with 0 blanks and 1 valid
13.2924 	DEBUG 	TextBox2 loaded 1 chars with 0 blanks and 1 valid
13.2935 	DEBUG 	TextBox2 loaded 1 chars with 0 blanks and 1 valid
13.2951 	DEBUG 	TextBox2 loaded 1 chars with 0 blanks and 1 valid
13.2961 	DEBUG 	TextBox2 loaded 1 chars with 0 blanks and 1 valid
13.2970 	DEBUG 	TextBox2 loaded 1 chars with 0 blanks and 1 valid
13.2977 	DEBUG 	TextBox2 loaded 1 chars with 0 blanks and 1 valid
13.2988 	DEBUG 	TextBox2 loaded 1 chars with 0 blanks and 1 valid
13.2997 	DEBUG 	TextBox2 loaded 1 chars with 0 blanks and 1 valid
13.3007 	DEBUG 	TextBox2 loaded 1 chars with 0 blanks and 1 valid
13.3017 	DEBUG 	TextBox2 loaded 1 chars with 0 blanks and 1 valid
13.3027 	DEBUG 	TextBox2 loaded 1 chars with 0 blanks and 1 valid
13.3038 	DEBUG 	TextBox2 loaded 1 chars with 0 blanks and 1 valid
13.3054 	DEBUG 	TextBox2 loaded 1 chars with 0 blanks and 1 valid
13.3066 	DEBUG 	TextBox2 loaded 1 chars with 0 blanks and 1 valid
13.3075 	DEBUG 	TextBox2 loaded 1 chars with 0 blanks and 1 valid
13.3115 	DEBUG 	TextBox2 loaded 1 chars with 0 blanks and 1 valid
13.3128 	DEBUG 	TextBox2 loaded 1 chars with 0 blanks and 1 valid
13.3139 	DEBUG 	TextBox2 loaded 1 chars with 0 blanks and 1 valid
13.3157 	DEBUG 	TextBox2 loaded 1 chars with 0 blanks and 1 valid
13.3166 	DEBUG 	TextBox2 loaded 1 chars with 0 blanks and 1 valid
13.3173 	DEBUG 	TextBox2 loaded 1 chars with 0 blanks and 1 valid
13.3179 	DEBUG 	TextBox2 loaded 1 chars with 0 blanks and 1 valid
13.3185 	DEBUG 	Uploading Texture Font fontname to graphics card
13.3265 	DEBUG 	Upload of Texture Font fontname complete
13.5527 	EXP 	Created text_instr = TextStim(__class__=<class 'psychopy.visual.text.TextStim'>, alignHoriz=method-wrapper(...), alignText='center', alignVert=method-wrapper(...), anchorHoriz='center', anchorVert='center', antialias=True, autoDraw=False, autoLog=True, bold=False, color=array([-1., -1., -1.]), colorSpace='rgb', contrast=1.0, depth=-2.0, draggable=False, flipHoriz=False, flipVert=False, font='Arial', fontFiles=[], height=np.float64(0.03), italic=False, languageStyle='LTR', name='text_instr', opacity=1, ori=0.0, pos=array([0., 0.]), rgb=UNKNOWN, text=str(...), units='height', win=Window(...), wrapWidth=1.5)
13.5890 	EXP 	Created suwak_info = TextStim(__class__=<class 'psychopy.visual.text.TextStim'>, alignHoriz=method-wrapper(...), alignText='center', alignVert=method-wrapper(...), anchorHoriz='center', anchorVert='center', antialias=True, autoDraw=False, autoLog=True, bold=False, color=array([-1., -1., -1.]), colorSpace='rgb', contrast=1.0, depth=-1.0, draggable=False, flipHoriz=False, flipVert=False, font='Arial', fontFiles=[], height=np.float64(0.03), italic=False, languageStyle='LTR', name='suwak_info', opacity=1, ori=0.0, pos=array([0., 0.]), rgb=UNKNOWN, text=str(...), units='height', win=Window(...), wrapWidth=1.3)
13.6428 	EXP 	Created proba_testowa = TextStim(__class__=<class 'psychopy.visual.text.TextStim'>, alignHoriz=method-wrapper(...), alignText='center', alignVert=method-wrapper(...), anchorHoriz='center', anchorVert='center', antialias=True, autoDraw=False, autoLog=True, bold=False, color=array([-1., -1., -1.]), colorSpace='rgb', contrast=1.0, depth=-2.0, draggable=False, flipHoriz=False, flipVert=False, font='Arial', fontFiles=[], height=np.float64(0.04), italic=False, languageStyle='LTR', name='proba_testowa', opacity=1, ori=0.0, pos=array([0., 0.]), rgb=UNKNOWN, text=str(...), units='height', win=Window(...), wrapWidth=1.4)
13.6540 	EXP 	Created pilot_label_text = TextStim(__class__=<class 'psychopy.visual.text.TextStim'>, alignHoriz=method-wrapper(...), alignText='center', alignVert=method-wrapper(...), anchorHoriz='center', anchorVert='center', antialias=True, autoDraw=False, autoLog=True, bold=False, color=array([-1., -1., -1.]), colorSpace='rgb', contrast=1.0, depth=-1.0, draggable=False, flipHoriz=False, flipVert=False, font='Arial', fontFiles=[], height=0.05, italic=False, languageStyle='LTR', name='pilot_label_text', opacity=1, ori=0.0, pos=array([0., 0.]), rgb=UNKNOWN, text='', units='height', win=Window(...), wrapWidth=1.3)
13.6774 	EXP 	Created pilot_fiksacja1 = TextStim(__class__=<class 'psychopy.visual.text.TextStim'>, alignHoriz=method-wrapper(...), alignText='center', alignVert=method-wrapper(...), anchorHoriz='center', anchorVert='center', antialias=True, autoDraw=False, autoLog=True, bold=False, color=array([-1., -1., -1.]), colorSpace='rgb', contrast=1.0, depth=-2.0, draggable=False, flipHoriz=False, flipVert=False, font='Arial', fontFiles=[], height=np.float64(0.1), italic=False, languageStyle='LTR', name='pilot_fiksacja1', opacity=1, ori=0.0, pos=array([0., 0.]), rgb=UNKNOWN, text='+', units='height', win=Window(...), wrapWidth=1)
13.7377 	EXP 	Created pilot_suwak = Slider(__class__=<class 'psychopy.visual.slider.Slider'>, autoDraw=False, autoLog=True, borderColor=None, color=None, colorSpace='rgb', depth=-3, fillColor=None, flip=False, font='Noto Sans', granularity=0.0, labelColor=None, labelHeight=np.float64(0.05), labelWrapWidth=None, labels=None, lineColor=None, markerColor=None, name='pilot_suwak', opacity=None, ori=0.0, pos=array([ 0. , -0.5]), readOnly=False, self=UNKNOWN, size=array([1. , 0.1]), startValue=0, style='slider', styleTweaks=[], ticks=ndarray(...), units='norm', win=Window(...))
13.7487 	EXP 	Created pilot_fiksacja2 = TextStim(__class__=<class 'psychopy.visual.text.TextStim'>, alignHoriz=method-wrapper(...), alignText='center', alignVert=method-wrapper(...), anchorHoriz='center', anchorVert='center', antialias=True, autoDraw=False, autoLog=True, bold=False, color=array([-1., -1., -1.]), colorSpace='rgb', contrast=1.0, depth=-4.0, draggable=False, flipHoriz=False, flipVert=False, font='Arial', fontFiles=[], height=np.float64(0.1), italic=False, languageStyle='LTR', name='pilot_fiksacja2', opacity=1, ori=0.0, pos=array([0., 0.]), rgb=UNKNOWN, text='+', units='height', win=Window(...), wrapWidth=1)
13.7813 	EXP 	Created pilot_pytanie = TextStim(__class__=<class 'psychopy.visual.text.TextStim'>, alignHoriz=method-wrapper(...), alignText='center', alignVert=method-wrapper(...), anchorHoriz='center', anchorVert='center', antialias=True, autoDraw=False, autoLog=True, bold=False, color=array([-1., -1., -1.]), colorSpace='rgb', contrast=1.0, depth=-5.0, draggable=False, flipHoriz=False, flipVert=False, font='Arial', fontFiles=[], height=np.float64(0.1), italic=False, languageStyle='LTR', name='pilot_pytanie', opacity=1, ori=0.0, pos=array([0., 0.]), rgb=UNKNOWN, text='Jaką emocję wyrażała ta twarz?', units='norm', win=Window(...), wrapWidth=1)
13.7932 	EXP 	Created pilot_lewa_etykieta = TextStim(__class__=<class 'psychopy.visual.text.TextStim'>, alignHoriz=method-wrapper(...), alignText='center', alignVert=method-wrapper(...), anchorHoriz='center', anchorVert='center', antialias=True, autoDraw=False, autoLog=True, bold=False, color=array([-1., -1., -1.]), colorSpace='rgb', contrast=1.0, depth=-6.0, draggable=False, flipHoriz=False, flipVert=False, font='Arial', fontFiles=[], height=0.085, italic=False, languageStyle='LTR', name='pilot_lewa_etykieta', opacity=1, ori=0.0, pos=array([-0.6, -0.5]), rgb=UNKNOWN, text='', units='norm', win=Window(...), wrapWidth=1)
13.8033 	EXP 	Created pilot_prawa_etykieta = TextStim(__class__=<class 'psychopy.visual.text.TextStim'>, alignHoriz=method-wrapper(...), alignText='center', alignVert=method-wrapper(...), anchorHoriz='center', anchorVert='center', antialias=True, autoDraw=False, autoLog=True, bold=False, color=array([-1., -1., -1.]), colorSpace='rgb', contrast=1.0, depth=-7.0, draggable=False, flipHoriz=False, flipVert=False, font='Arial', fontFiles=[], height=0.085, italic=False, languageStyle='LTR', name='pilot_prawa_etykieta', opacity=1, ori=0.0, pos=array([ 0.6, -0.5]), rgb=UNKNOWN, text='', units='norm', win=Window(...), wrapWidth=1)
13.9420 	EXP 	Created pilot_stim_image = ImageStim(__class__=<class 'psychopy.visual.image.ImageStim'>, anchor=('center', 'center'), autoLog=True, color=array([1., 1., 1.]), colorSpace='rgb', contrast=1.0, depth=-8.0, draggable=False, flipHoriz=np.False_, flipVert=np.False_, image='C:/Users/julia/OneDrive/Obrazy/IMG_2397.JPEG', interpolate=True, mask=None, maskParams=None, name='pilot_stim_image', opacity=1, ori=0.0, pos=array([0., 0.]), size=array([0.75, 0.75]), texRes=128.0, units='height', win=Window(...))
13.9831 	EXP 	Created start_badania = TextStim(__class__=<class 'psychopy.visual.text.TextStim'>, alignHoriz=method-wrapper(...), alignText='center', alignVert=method-wrapper(...), anchorHoriz='center', anchorVert='center', antialias=True, autoDraw=False, autoLog=True, bold=False, color=array([-1., -1., -1.]), colorSpace='rgb', contrast=1.0, depth=-2.0, draggable=False, flipHoriz=False, flipVert=False, font='Arial', fontFiles=[], height=np.float64(0.1), italic=False, languageStyle='LTR', name='start_badania', opacity=1, ori=0.0, pos=array([0., 0.]), rgb=UNKNOWN, text=str(...), units='norm', win=Window(...), wrapWidth=1.4)
13.9953 	EXP 	Created przerwa_text = TextStim(__class__=<class 'psychopy.visual.text.TextStim'>, alignHoriz=method-wrapper(...), alignText='center', alignVert=method-wrapper(...), anchorHoriz='center', anchorVert='center', antialias=True, autoDraw=False, autoLog=True, bold=False, color=array([-1., -1., -1.]), colorSpace='rgb', contrast=1.0, depth=0.0, draggable=False, flipHoriz=False, flipVert=False, font='Arial', fontFiles=[], height=np.float64(0.1), italic=False, languageStyle='LTR', name='przerwa_text', opacity=1, ori=0.0, pos=array([0., 0.]), rgb=UNKNOWN, text=str(...), units='norm', win=Window(...), wrapWidth=1)
14.0023 	EXP 	Created label_text = TextStim(__class__=<class 'psychopy.visual.text.TextStim'>, alignHoriz=method-wrapper(...), alignText='center', alignVert=method-wrapper(...), anchorHoriz='center', anchorVert='center', antialias=True, autoDraw=False, autoLog=True, bold=False, color=array([-1., -1., -1.]), colorSpace='rgb', contrast=1.0, depth=-2.0, draggable=False, flipHoriz=False, flipVert=False, font='Arial', fontFiles=[], height=0.05, italic=False, languageStyle='LTR', name='label_text', opacity=1, ori=0.0, pos=array([0., 0.]), rgb=UNKNOWN, text='', units='height', win=Window(...), wrapWidth=1.3)
14.0134 	EXP 	Created stim_image = ImageStim(__class__=<class 'psychopy.visual.image.ImageStim'>, anchor=('center', 'center'), autoLog=True, color=array([1., 1., 1.]), colorSpace='rgb', contrast=1.0, depth=-3.0, draggable=False, flipHoriz=np.False_, flipVert=np.False_, image='default.png', interpolate=True, mask=None, maskParams=None, name='stim_image', opacity=1, ori=0.0, pos=array([0., 0.]), size=array([0.75, 0.75]), texRes=128.0, units='height', win=Window(...))
14.0396 	EXP 	Created suwak_badanie = Slider(__class__=<class 'psychopy.visual.slider.Slider'>, autoDraw=False, autoLog=True, borderColor=None, color=None, colorSpace='rgb', depth=-4, fillColor=None, flip=False, font='Noto Sans', granularity=0.0, labelColor=None, labelHeight=np.float64(0.05), labelWrapWidth=None, labels=None, lineColor=None, markerColor=None, name='suwak_badanie', opacity=None, ori=0.0, pos=array([ 0. , -0.5]), readOnly=False, self=UNKNOWN, size=array([1. , 0.1]), startValue=0, style='slider', styleTweaks=[], ticks=ndarray(...), units='norm', win=Window(...))
14.0483 	EXP 	Created lewa_etykieta = TextStim(__class__=<class 'psychopy.visual.text.TextStim'>, alignHoriz=method-wrapper(...), alignText='center', alignVert=method-wrapper(...), anchorHoriz='center', anchorVert='center', antialias=True, autoDraw=False, autoLog=True, bold=False, color=array([-1., -1., -1.]), colorSpace='rgb', contrast=1.0, depth=-5.0, draggable=False, flipHoriz=False, flipVert=False, font='Arial', fontFiles=[], height=0.085, italic=False, languageStyle='LTR', name='lewa_etykieta', opacity=1, ori=0.0, pos=array([-0.65, -0.5 ]), rgb=UNKNOWN, text='', units='norm', win=Window(...), wrapWidth=1)
14.0526 	EXP 	Created prawa_etykieta = TextStim(__class__=<class 'psychopy.visual.text.TextStim'>, alignHoriz=method-wrapper(...), alignText='center', alignVert=method-wrapper(...), anchorHoriz='center', anchorVert='center', antialias=True, autoDraw=False, autoLog=True, bold=False, color=array([-1., -1., -1.]), colorSpace='rgb', contrast=1.0, depth=-6.0, draggable=False, flipHoriz=False, flipVert=False, font='Arial', fontFiles=[], height=0.085, italic=False, languageStyle='LTR', name='prawa_etykieta', opacity=1, ori=0.0, pos=array([ 0.65, -0.5 ]), rgb=UNKNOWN, text='', units='norm', win=Window(...), wrapWidth=1)
14.0597 	EXP 	Created fiksacja1 = TextStim(__class__=<class 'psychopy.visual.text.TextStim'>, alignHoriz=method-wrapper(...), alignText='center', alignVert=method-wrapper(...), anchorHoriz='center', anchorVert='center', antialias=True, autoDraw=False, autoLog=True, bold=False, color=array([-1., -1., -1.]), colorSpace='rgb', contrast=1.0, depth=-7.0, draggable=False, flipHoriz=False, flipVert=False, font='Arial', fontFiles=[], height=np.float64(0.1), italic=False, languageStyle='LTR', name='fiksacja1', opacity=1, ori=0.0, pos=array([0., 0.]), rgb=UNKNOWN, text='+', units='height', win=Window(...), wrapWidth=1)
14.0688 	EXP 	Created fiksacja2 = TextStim(__class__=<class 'psychopy.visual.text.TextStim'>, alignHoriz=method-wrapper(...), alignText='center', alignVert=method-wrapper(...), anchorHoriz='center', anchorVert='center', antialias=True, autoDraw=False, autoLog=True, bold=False, color=array([-1., -1., -1.]), colorSpace='rgb', contrast=1.0, depth=-8.0, draggable=False, flipHoriz=False, flipVert=False, font='Arial', fontFiles=[], height=np.float64(0.1), italic=False, languageStyle='LTR', name='fiksacja2', opacity=1, ori=0.0, pos=array([0., 0.]), rgb=UNKNOWN, text='+', units='height', win=Window(...), wrapWidth=1)
14.0783 	EXP 	Created pytanie = TextStim(__class__=<class 'psychopy.visual.text.TextStim'>, alignHoriz=method-wrapper(...), alignText='center', alignVert=method-wrapper(...), anchorHoriz='center', anchorVert='center', antialias=True, autoDraw=False, autoLog=True, bold=False, color=array([-1., -1., -1.]), colorSpace='rgb', contrast=1.0, depth=-9.0, draggable=False, flipHoriz=False, flipVert=False, font='Arial', fontFiles=[], height=np.float64(0.1), italic=False, languageStyle='LTR', name='pytanie', opacity=1, ori=0.0, pos=array([0., 0.]), rgb=UNKNOWN, text='Jaką emocję wyrażała ta twarz?', units='norm', win=Window(...), wrapWidth=1)
14.0868 	EXP 	Created text = TextStim(__class__=<class 'psychopy.visual.text.TextStim'>, alignHoriz=method-wrapper(...), alignText='center', alignVert=method-wrapper(...), anchorHoriz='center', anchorVert='center', antialias=True, autoDraw=False, autoLog=True, bold=False, color=array([1., 1., 1.]), colorSpace='rgb', contrast=1.0, depth=0.0, draggable=False, flipHoriz=False, flipVert=False, font='Arial', fontFiles=[], height=np.float64(0.05), italic=False, languageStyle='LTR', name='text', opacity=1, ori=0.0, pos=array([0., 0.]), rgb=UNKNOWN, text='dzieki', units='height', win=Window(...), wrapWidth=1)
0.3777 	EXP 	textbox: autoLog = True
0.3777 	EXP 	pilot_suwak: autoLog = True
0.3777 	EXP 	pilot_suwak: styleTweaks = []
0.3777 	EXP 	pilot_suwak: styleTweaks = []
0.3777 	EXP 	pilot_suwak: styleTweaks = []
0.3777 	EXP 	pilot_suwak: styleTweaks = []
0.3777 	EXP 	pilot_suwak: contrast = 1.0
0.3777 	EXP 	pilot_suwak: markerPos = 0
0.3777 	EXP 	pilot_suwak: autoLog = True
0.3777 	EXP 	suwak_badanie: autoLog = True
0.3777 	EXP 	suwak_badanie: styleTweaks = []
0.3777 	EXP 	suwak_badanie: styleTweaks = []
0.3777 	EXP 	suwak_badanie: styleTweaks = []
0.3777 	EXP 	suwak_badanie: styleTweaks = []
0.3777 	EXP 	suwak_badanie: contrast = 1.0
0.3777 	EXP 	suwak_badanie: markerPos = 0
0.3777 	EXP 	suwak_badanie: autoLog = True
0.4369 	EXP 	textbox: autoDraw = True
4.0133 	INFO 	Keyboard events cleared
4.0131 	EXP 	textbox: autoDraw = False
4.0131 	EXP 	text_instr: autoDraw = True
6.5292 	DATA 	Keypress: escape
6.5561 	EXP 	Device response: <KeyPress from None: t=6.527640699991025, value=escape, duration=None>
6.6610 	EXP 	Device response: <KeyPress from None: t=6.527640699991025, value=escape, duration=0.11948419996770099>
6.6611 	EXP 	untitled_FINAL_NEWEST: status = STOPPED
6.6723 	EXP 	text_instr: autoDraw = False
6.6771 	EXP 	untitled_FINAL_NEWEST: status = STOPPED
6.6870 	INFO 	saved data to 'C:\\Users\\julia\\OneDrive\\Pulpit\\percepcja_psychopy\\data\\pilot_untitled_FINAL_NEWEST_2026-04-24_20h03.42.637.csv'
6.6887 	INFO 	saved data to C:\Users\julia\OneDrive\Pulpit\percepcja_psychopy\data\pilot_untitled_FINAL_NEWEST_2026-04-24_20h03.42.637.psydat
7.2254 	DEBUG 	Saving data for untitled_FINAL_NEWEST ExperimentHandler
7.2612 	WARNING 	Stopping key buffers but this could be dangerous ifother keyboards rely on the same.
