10.1200 	DEBUG 	Fullscreen settings ignored as running in pilot mode.
10.1212 	INFO 	Loaded monitor calibration from ['2026_03_18 20:30']
10.8205 	INFO 	Using renderer 'Intel(R) UHD Graphics' for graphics
10.8206 	INFO 	OpenGL version supported by driver is 4..
12.0842 	EXP 	Created window1 = Window(allowGUI=False, allowStencil=True, autoLog=True, backendConf=UNKNOWN, backgroundFit=<method-wrapper '__getattribute__' of attributeSetter object at 0x000001C4A73BF7C0>, backgroundImage=<method-wrapper '__getattribute__' of attributeSetter object at 0x000001C4A73BF730>, bitsMode=UNKNOWN, blendMode='avg', bpc=(8, 8, 8), color=array([0.6549, 0.6549, 0.6549]), colorSpace='rgb', depthBits=8, fullscr=False, gamma=None, gammaErrorPolicy='raise', infoMsg=UNKNOWN, lms=UNKNOWN, monitor=<psychopy.monitors.calibTools.Monitor object at 0x000001C4A90E0D90>, multiSample=False, name='window1', numSamples=2, pos=[np.float64(560.0), np.float64(240.0)], screen=0, size=array([800, 600]), stencilBits=8, stereo=False, title='PsychoPy', units='height', useFBO=True, useRetina=False, viewOri=0.0, viewPos=None, viewScale=None, waitBlanking=True, winType='pyglet')
12.0844 	EXP 	window1: backgroundImage = ''
12.0844 	EXP 	window1: backgroundFit = 'none'
12.1302 	DEBUG 	TextBox2 loaded 1 chars with 0 blanks and 1 valid
12.1467 	DEBUG 	TextBox2 loaded 1 chars with 0 blanks and 1 valid
12.1630 	DEBUG 	TextBox2 loaded 1 chars with 0 blanks and 1 valid
12.1798 	DEBUG 	TextBox2 loaded 1 chars with 0 blanks and 1 valid
12.1968 	DEBUG 	TextBox2 loaded 1 chars with 0 blanks and 1 valid
12.2122 	DEBUG 	TextBox2 loaded 1 chars with 0 blanks and 1 valid
12.2276 	DEBUG 	TextBox2 loaded 1 chars with 0 blanks and 1 valid
12.2421 	DEBUG 	TextBox2 loaded 1 chars with 0 blanks and 1 valid
12.2564 	DEBUG 	TextBox2 loaded 1 chars with 0 blanks and 1 valid
12.2707 	DEBUG 	TextBox2 loaded 1 chars with 0 blanks and 1 valid
12.2853 	DEBUG 	TextBox2 loaded 1 chars with 0 blanks and 1 valid
12.2993 	DEBUG 	TextBox2 loaded 1 chars with 0 blanks and 1 valid
12.3137 	DEBUG 	TextBox2 loaded 1 chars with 0 blanks and 1 valid
12.3289 	DEBUG 	TextBox2 loaded 1 chars with 0 blanks and 1 valid
12.3440 	DEBUG 	TextBox2 loaded 1 chars with 0 blanks and 1 valid
12.3592 	DEBUG 	TextBox2 loaded 1 chars with 0 blanks and 1 valid
12.3751 	DEBUG 	TextBox2 loaded 1 chars with 0 blanks and 1 valid
12.3916 	DEBUG 	TextBox2 loaded 1 chars with 0 blanks and 1 valid
12.4084 	DEBUG 	TextBox2 loaded 1 chars with 0 blanks and 1 valid
12.4234 	DEBUG 	TextBox2 loaded 1 chars with 0 blanks and 1 valid
12.4392 	DEBUG 	TextBox2 loaded 1 chars with 0 blanks and 1 valid
12.4541 	DEBUG 	TextBox2 loaded 1 chars with 0 blanks and 1 valid
12.4688 	DEBUG 	TextBox2 loaded 1 chars with 0 blanks and 1 valid
12.4840 	DEBUG 	TextBox2 loaded 1 chars with 0 blanks and 1 valid
12.4986 	DEBUG 	TextBox2 loaded 1 chars with 0 blanks and 1 valid
12.5145 	DEBUG 	TextBox2 loaded 1 chars with 0 blanks and 1 valid
12.5302 	DEBUG 	TextBox2 loaded 1 chars with 0 blanks and 1 valid
12.5455 	DEBUG 	TextBox2 loaded 1 chars with 0 blanks and 1 valid
12.5459 	DEBUG 	Uploading Texture Font fontname to graphics card
12.5581 	DEBUG 	Upload of Texture Font fontname complete
12.5949 	DEBUG 	TextBox2 loaded 1 chars with 0 blanks and 1 valid
12.6107 	DEBUG 	TextBox2 loaded 1 chars with 0 blanks and 1 valid
12.6111 	DEBUG 	Uploading Texture Font fontname to graphics card
12.6275 	DEBUG 	Upload of Texture Font fontname complete
12.7922 	INFO 	keyboard.Keyboard is using ptb backend.
12.7923 	EXP 	untitled_FINAL_NEWEST: status = STARTED
12.9554 	EXP 	Created text_instr = TextStim(__class__=<class 'psychopy.visual.text.TextStim'>, alignHoriz=method-wrapper(...), alignText='center', alignVert=method-wrapper(...), anchorHoriz='center', anchorVert='center', antialias=True, autoDraw=False, autoLog=True, bold=False, color=array([-1., -1., -1.]), colorSpace='rgb', contrast=1.0, depth=-2.0, draggable=False, flipHoriz=False, flipVert=False, font='Arial', fontFiles=[], height=np.float64(0.03), italic=False, languageStyle='LTR', name='text_instr', opacity=1, ori=0.0, pos=array([0., 0.]), rgb=UNKNOWN, text=str(...), units='height', win=Window(...), wrapWidth=1.5)
12.9858 	EXP 	Created suwak_info = TextStim(__class__=<class 'psychopy.visual.text.TextStim'>, alignHoriz=method-wrapper(...), alignText='center', alignVert=method-wrapper(...), anchorHoriz='center', anchorVert='center', antialias=True, autoDraw=False, autoLog=True, bold=False, color=array([-1., -1., -1.]), colorSpace='rgb', contrast=1.0, depth=-1.0, draggable=False, flipHoriz=False, flipVert=False, font='Arial', fontFiles=[], height=np.float64(0.03), italic=False, languageStyle='LTR', name='suwak_info', opacity=1, ori=0.0, pos=array([0., 0.]), rgb=UNKNOWN, text=str(...), units='height', win=Window(...), wrapWidth=1.3)
13.0250 	EXP 	Created proba_testowa = TextStim(__class__=<class 'psychopy.visual.text.TextStim'>, alignHoriz=method-wrapper(...), alignText='center', alignVert=method-wrapper(...), anchorHoriz='center', anchorVert='center', antialias=True, autoDraw=False, autoLog=True, bold=False, color=array([-1., -1., -1.]), colorSpace='rgb', contrast=1.0, depth=-2.0, draggable=False, flipHoriz=False, flipVert=False, font='Arial', fontFiles=[], height=np.float64(0.04), italic=False, languageStyle='LTR', name='proba_testowa', opacity=1, ori=0.0, pos=array([0., 0.]), rgb=UNKNOWN, text=str(...), units='height', win=Window(...), wrapWidth=1.4)
13.0262 	EXP 	Created pilot_label_text = TextStim(__class__=<class 'psychopy.visual.text.TextStim'>, alignHoriz=method-wrapper(...), alignText='center', alignVert=method-wrapper(...), anchorHoriz='center', anchorVert='center', antialias=True, autoDraw=False, autoLog=True, bold=False, color=array([-1., -1., -1.]), colorSpace='rgb', contrast=1.0, depth=-1.0, draggable=False, flipHoriz=False, flipVert=False, font='Arial', fontFiles=[], height=0.05, italic=False, languageStyle='LTR', name='pilot_label_text', opacity=1, ori=0.0, pos=array([0., 0.]), rgb=UNKNOWN, text='', units='height', win=Window(...), wrapWidth=1.3)
13.0353 	EXP 	Created pilot_fiksacja1 = TextStim(__class__=<class 'psychopy.visual.text.TextStim'>, alignHoriz=method-wrapper(...), alignText='center', alignVert=method-wrapper(...), anchorHoriz='center', anchorVert='center', antialias=True, autoDraw=False, autoLog=True, bold=False, color=array([-1., -1., -1.]), colorSpace='rgb', contrast=1.0, depth=-2.0, draggable=False, flipHoriz=False, flipVert=False, font='Arial', fontFiles=[], height=np.float64(0.12), italic=False, languageStyle='LTR', name='pilot_fiksacja1', opacity=1, ori=0.0, pos=array([0., 0.]), rgb=UNKNOWN, text='+', units='norm', win=Window(...), wrapWidth=1)
13.0681 	EXP 	Created pilot_suwak = Slider(__class__=<class 'psychopy.visual.slider.Slider'>, autoDraw=False, autoLog=True, borderColor=None, color=None, colorSpace='rgb', depth=-3, fillColor=None, flip=False, font='Noto Sans', granularity=0.0, labelColor=None, labelHeight=np.float64(0.05), labelWrapWidth=None, labels=None, lineColor=None, markerColor=None, name='pilot_suwak', opacity=None, ori=0.0, pos=array([ 0. , -0.5]), readOnly=False, self=UNKNOWN, size=array([1. , 0.1]), startValue=0, style='slider', styleTweaks=[], ticks=ndarray(...), units='norm', win=Window(...))
13.0730 	EXP 	Created pilot_fiksacja2 = TextStim(__class__=<class 'psychopy.visual.text.TextStim'>, alignHoriz=method-wrapper(...), alignText='center', alignVert=method-wrapper(...), anchorHoriz='center', anchorVert='center', antialias=True, autoDraw=False, autoLog=True, bold=False, color=array([-1., -1., -1.]), colorSpace='rgb', contrast=1.0, depth=-4.0, draggable=False, flipHoriz=False, flipVert=False, font='Arial', fontFiles=[], height=np.float64(0.1), italic=False, languageStyle='LTR', name='pilot_fiksacja2', opacity=1, ori=0.0, pos=array([0., 0.]), rgb=UNKNOWN, text='+', units='height', win=Window(...), wrapWidth=1)
13.0880 	EXP 	Created pilot_pytanie = TextStim(__class__=<class 'psychopy.visual.text.TextStim'>, alignHoriz=method-wrapper(...), alignText='center', alignVert=method-wrapper(...), anchorHoriz='center', anchorVert='center', antialias=True, autoDraw=False, autoLog=True, bold=False, color=array([-1., -1., -1.]), colorSpace='rgb', contrast=1.0, depth=-5.0, draggable=False, flipHoriz=False, flipVert=False, font='Arial', fontFiles=[], height=np.float64(0.1), italic=False, languageStyle='LTR', name='pilot_pytanie', opacity=1, ori=0.0, pos=array([0., 0.]), rgb=UNKNOWN, text='Jaką emocję wyrażała ta twarz?', units='norm', win=Window(...), wrapWidth=1)
13.0891 	EXP 	Created pilot_lewa_etykieta = TextStim(__class__=<class 'psychopy.visual.text.TextStim'>, alignHoriz=method-wrapper(...), alignText='center', alignVert=method-wrapper(...), anchorHoriz='center', anchorVert='center', antialias=True, autoDraw=False, autoLog=True, bold=False, color=array([-1., -1., -1.]), colorSpace='rgb', contrast=1.0, depth=-6.0, draggable=False, flipHoriz=False, flipVert=False, font='Arial', fontFiles=[], height=0.085, italic=False, languageStyle='LTR', name='pilot_lewa_etykieta', opacity=1, ori=0.0, pos=array([-0.6, -0.5]), rgb=UNKNOWN, text='', units='norm', win=Window(...), wrapWidth=1)
13.0896 	EXP 	Created pilot_prawa_etykieta = TextStim(__class__=<class 'psychopy.visual.text.TextStim'>, alignHoriz=method-wrapper(...), alignText='center', alignVert=method-wrapper(...), anchorHoriz='center', anchorVert='center', antialias=True, autoDraw=False, autoLog=True, bold=False, color=array([-1., -1., -1.]), colorSpace='rgb', contrast=1.0, depth=-7.0, draggable=False, flipHoriz=False, flipVert=False, font='Arial', fontFiles=[], height=0.085, italic=False, languageStyle='LTR', name='pilot_prawa_etykieta', opacity=1, ori=0.0, pos=array([ 0.6, -0.5]), rgb=UNKNOWN, text='', units='norm', win=Window(...), wrapWidth=1)
13.2322 	EXP 	Created pilot_stim_image = ImageStim(__class__=<class 'psychopy.visual.image.ImageStim'>, anchor=('center', 'center'), autoLog=True, color=array([1., 1., 1.]), colorSpace='rgb', contrast=1.0, depth=-8.0, draggable=False, flipHoriz=np.False_, flipVert=np.False_, image='C:/Users/julia/OneDrive/Obrazy/IMG_2397.JPEG', interpolate=True, mask=None, maskParams=None, name='pilot_stim_image', opacity=1, ori=0.0, pos=array([0., 0.]), size=array([0.75, 0.75]), texRes=128.0, units='height', win=Window(...))
13.2739 	EXP 	Created start_badania = TextStim(__class__=<class 'psychopy.visual.text.TextStim'>, alignHoriz=method-wrapper(...), alignText='center', alignVert=method-wrapper(...), anchorHoriz='center', anchorVert='center', antialias=True, autoDraw=False, autoLog=True, bold=False, color=array([-1., -1., -1.]), colorSpace='rgb', contrast=1.0, depth=-2.0, draggable=False, flipHoriz=False, flipVert=False, font='Arial', fontFiles=[], height=np.float64(0.1), italic=False, languageStyle='LTR', name='start_badania', opacity=1, ori=0.0, pos=array([0., 0.]), rgb=UNKNOWN, text=str(...), units='norm', win=Window(...), wrapWidth=1.4)
13.2802 	EXP 	Created przerwa_text = TextStim(__class__=<class 'psychopy.visual.text.TextStim'>, alignHoriz=method-wrapper(...), alignText='center', alignVert=method-wrapper(...), anchorHoriz='center', anchorVert='center', antialias=True, autoDraw=False, autoLog=True, bold=False, color=array([-1., -1., -1.]), colorSpace='rgb', contrast=1.0, depth=0.0, draggable=False, flipHoriz=False, flipVert=False, font='Arial', fontFiles=[], height=np.float64(0.1), italic=False, languageStyle='LTR', name='przerwa_text', opacity=1, ori=0.0, pos=array([0., 0.]), rgb=UNKNOWN, text=str(...), units='norm', win=Window(...), wrapWidth=1)
13.2814 	EXP 	Created label_text = TextStim(__class__=<class 'psychopy.visual.text.TextStim'>, alignHoriz=method-wrapper(...), alignText='center', alignVert=method-wrapper(...), anchorHoriz='center', anchorVert='center', antialias=True, autoDraw=False, autoLog=True, bold=False, color=array([-1., -1., -1.]), colorSpace='rgb', contrast=1.0, depth=-2.0, draggable=False, flipHoriz=False, flipVert=False, font='Arial', fontFiles=[], height=0.05, italic=False, languageStyle='LTR', name='label_text', opacity=1, ori=0.0, pos=array([0., 0.]), rgb=UNKNOWN, text='', units='height', win=Window(...), wrapWidth=1.3)
13.2866 	EXP 	Created stim_image = ImageStim(__class__=<class 'psychopy.visual.image.ImageStim'>, anchor=('center', 'center'), autoLog=True, color=array([1., 1., 1.]), colorSpace='rgb', contrast=1.0, depth=-3.0, draggable=False, flipHoriz=np.False_, flipVert=np.False_, image='default.png', interpolate=True, mask=None, maskParams=None, name='stim_image', opacity=1, ori=0.0, pos=array([0., 0.]), size=array([0.75, 0.75]), texRes=128.0, units='height', win=Window(...))
13.2990 	EXP 	Created suwak_badanie = Slider(__class__=<class 'psychopy.visual.slider.Slider'>, autoDraw=False, autoLog=True, borderColor=None, color=None, colorSpace='rgb', depth=-4, fillColor=None, flip=False, font='Noto Sans', granularity=0.0, labelColor=None, labelHeight=np.float64(0.05), labelWrapWidth=None, labels=None, lineColor=None, markerColor=None, name='suwak_badanie', opacity=None, ori=0.0, pos=array([ 0. , -0.5]), readOnly=False, self=UNKNOWN, size=array([1. , 0.1]), startValue=0, style='slider', styleTweaks=[], ticks=ndarray(...), units='norm', win=Window(...))
13.2997 	EXP 	Created lewa_etykieta = TextStim(__class__=<class 'psychopy.visual.text.TextStim'>, alignHoriz=method-wrapper(...), alignText='center', alignVert=method-wrapper(...), anchorHoriz='center', anchorVert='center', antialias=True, autoDraw=False, autoLog=True, bold=False, color=array([-1., -1., -1.]), colorSpace='rgb', contrast=1.0, depth=-5.0, draggable=False, flipHoriz=False, flipVert=False, font='Arial', fontFiles=[], height=0.085, italic=False, languageStyle='LTR', name='lewa_etykieta', opacity=1, ori=0.0, pos=array([-0.65, -0.5 ]), rgb=UNKNOWN, text='', units='norm', win=Window(...), wrapWidth=1)
13.3004 	EXP 	Created prawa_etykieta = TextStim(__class__=<class 'psychopy.visual.text.TextStim'>, alignHoriz=method-wrapper(...), alignText='center', alignVert=method-wrapper(...), anchorHoriz='center', anchorVert='center', antialias=True, autoDraw=False, autoLog=True, bold=False, color=array([-1., -1., -1.]), colorSpace='rgb', contrast=1.0, depth=-6.0, draggable=False, flipHoriz=False, flipVert=False, font='Arial', fontFiles=[], height=0.085, italic=False, languageStyle='LTR', name='prawa_etykieta', opacity=1, ori=0.0, pos=array([ 0.65, -0.5 ]), rgb=UNKNOWN, text='', units='norm', win=Window(...), wrapWidth=1)
13.3059 	EXP 	Created fiksacja1 = TextStim(__class__=<class 'psychopy.visual.text.TextStim'>, alignHoriz=method-wrapper(...), alignText='center', alignVert=method-wrapper(...), anchorHoriz='center', anchorVert='center', antialias=True, autoDraw=False, autoLog=True, bold=False, color=array([-1., -1., -1.]), colorSpace='rgb', contrast=1.0, depth=-7.0, draggable=False, flipHoriz=False, flipVert=False, font='Arial', fontFiles=[], height=np.float64(0.12), italic=False, languageStyle='LTR', name='fiksacja1', opacity=1, ori=0.0, pos=array([0., 0.]), rgb=UNKNOWN, text='+', units='norm', win=Window(...), wrapWidth=1)
13.3105 	EXP 	Created fiksacja2 = TextStim(__class__=<class 'psychopy.visual.text.TextStim'>, alignHoriz=method-wrapper(...), alignText='center', alignVert=method-wrapper(...), anchorHoriz='center', anchorVert='center', antialias=True, autoDraw=False, autoLog=True, bold=False, color=array([-1., -1., -1.]), colorSpace='rgb', contrast=1.0, depth=-8.0, draggable=False, flipHoriz=False, flipVert=False, font='Arial', fontFiles=[], height=np.float64(0.1), italic=False, languageStyle='LTR', name='fiksacja2', opacity=1, ori=0.0, pos=array([0., 0.]), rgb=UNKNOWN, text='+', units='height', win=Window(...), wrapWidth=1)
13.3230 	EXP 	Created pytanie = TextStim(__class__=<class 'psychopy.visual.text.TextStim'>, alignHoriz=method-wrapper(...), alignText='center', alignVert=method-wrapper(...), anchorHoriz='center', anchorVert='center', antialias=True, autoDraw=False, autoLog=True, bold=False, color=array([-1., -1., -1.]), colorSpace='rgb', contrast=1.0, depth=-9.0, draggable=False, flipHoriz=False, flipVert=False, font='Arial', fontFiles=[], height=np.float64(0.1), italic=False, languageStyle='LTR', name='pytanie', opacity=1, ori=0.0, pos=array([0., 0.]), rgb=UNKNOWN, text='Jaką emocję wyrażała ta twarz?', units='norm', win=Window(...), wrapWidth=1)
13.3389 	EXP 	Created podziekowania_text = TextStim(__class__=<class 'psychopy.visual.text.TextStim'>, alignHoriz=method-wrapper(...), alignText='center', alignVert=method-wrapper(...), anchorHoriz='center', anchorVert='center', antialias=True, autoDraw=False, autoLog=True, bold=False, color=array([1., 1., 1.]), colorSpace='rgb', contrast=1.0, depth=0.0, draggable=False, flipHoriz=False, flipVert=False, font='Arial', fontFiles=[], height=np.float64(0.05), italic=False, languageStyle='LTR', name='podziekowania_text', opacity=1, ori=0.0, pos=array([0., 0.]), rgb=UNKNOWN, text=str(...), units='height', win=Window(...), wrapWidth=1)
0.0296 	EXP 	pilot_suwak: autoLog = True
0.0296 	EXP 	pilot_suwak: styleTweaks = []
0.0296 	EXP 	pilot_suwak: styleTweaks = []
0.0296 	EXP 	pilot_suwak: styleTweaks = []
0.0296 	EXP 	pilot_suwak: styleTweaks = []
0.0296 	EXP 	pilot_suwak: contrast = 1.0
0.0296 	EXP 	pilot_suwak: markerPos = 0
0.0296 	EXP 	pilot_suwak: autoLog = True
0.0296 	EXP 	suwak_badanie: autoLog = True
0.0296 	EXP 	suwak_badanie: styleTweaks = []
0.0296 	EXP 	suwak_badanie: styleTweaks = []
0.0296 	EXP 	suwak_badanie: styleTweaks = []
0.0296 	EXP 	suwak_badanie: styleTweaks = []
0.0296 	EXP 	suwak_badanie: contrast = 1.0
0.0296 	EXP 	suwak_badanie: markerPos = 0
0.0296 	EXP 	suwak_badanie: autoLog = True
0.0529 	INFO 	Keyboard events cleared
0.0528 	EXP 	text_instr: autoDraw = True
1.1469 	DATA 	Keypress: space
1.1683 	EXP 	Device response: <KeyPress from None: t=1.1452476000413299, value=space, duration=None>
1.1756 	INFO 	Keyboard events cleared
1.1755 	EXP 	text_instr: autoDraw = False
1.1755 	EXP 	suwak_info: autoDraw = True
1.2445 	EXP 	Device response: <KeyPress from None: t=1.1452476000413299, value=space, duration=0.08412919996771961>
1.5123 	EXP 	Device response: <KeyPress from None: t=1.5049604000523686, value=space, duration=None>
1.5151 	DATA 	Keypress: space
1.5245 	INFO 	Keyboard events cleared
1.5244 	EXP 	suwak_info: autoDraw = False
1.5244 	EXP 	proba_testowa: autoDraw = True
1.6104 	EXP 	Device response: <KeyPress from None: t=1.5049604000523686, value=space, duration=0.09538649988826364>
1.8588 	EXP 	Device response: <KeyPress from None: t=1.8500903999665752, value=space, duration=None>
1.8844 	DATA 	Keypress: space
1.8894 	EXP 	proba_testowa: autoDraw = False
1.8894 	EXP 	pilot_label_text: height = np.float64(0.05)
1.8894 	EXP 	pilot_label_text: height = np.float64(0.05)
1.8894 	EXP 	pilot_label_text: height = np.float64(0.05)
1.8894 	EXP 	pilot_label_text: height = np.float64(0.05)
1.8894 	EXP 	pilot_label_text: height = np.float64(0.05)
1.8894 	EXP 	pilot_label_text: height = np.float64(0.05)
1.8894 	EXP 	pilot_label_text: text = 'Model AI wykrył w tej twarzy 80% smutku.\n\n'
1.8894 	EXP 	pilot_suwak: markerPos = None
1.8894 	EXP 	pilot_suwak: markerPos = 0
1.8894 	EXP 	pilot_lewa_etykieta: height = np.float64(0.085)
1.8894 	EXP 	pilot_lewa_etykieta: height = np.float64(0.085)
1.8894 	EXP 	pilot_lewa_etykieta: height = np.float64(0.085)
1.8894 	EXP 	pilot_lewa_etykieta: text = 'radość'
1.8894 	EXP 	pilot_prawa_etykieta: height = np.float64(0.085)
1.8894 	EXP 	pilot_prawa_etykieta: height = np.float64(0.085)
1.8894 	EXP 	pilot_prawa_etykieta: height = np.float64(0.085)
1.8894 	EXP 	pilot_prawa_etykieta: text = 'smutek'
1.8894 	EXP 	pilot_fiksacja1: autoDraw = True
1.9437 	EXP 	Device response: <KeyPress from None: t=1.8500903999665752, value=space, duration=0.08549189998302609>
2.3896 	EXP 	pilot_fiksacja1: autoDraw = False
2.5718 	EXP 	pilot_label_text: autoDraw = True
5.5800 	EXP 	pilot_label_text: autoDraw = False
5.7631 	EXP 	pilot_fiksacja2: autoDraw = True
6.2783 	EXP 	pilot_fiksacja2: autoDraw = False
6.4617 	EXP 	pilot_stim_image: autoDraw = True
7.3746 	EXP 	pilot_suwak: autoDraw = True
7.3746 	EXP 	pilot_pytanie: autoDraw = True
7.3746 	EXP 	pilot_lewa_etykieta: autoDraw = True
7.3746 	EXP 	pilot_prawa_etykieta: autoDraw = True
7.3914 	EXP 	pilot_stim_image: autoDraw = False
10.0894 	EXP 	Device response: <KeyPress from None: t=10.078152999980375, value=escape, duration=None>
10.0898 	DATA 	Keypress: escape
10.2032 	EXP 	Device response: <KeyPress from None: t=10.078152999980375, value=escape, duration=0.1208316000411287>
10.2032 	EXP 	untitled_FINAL_NEWEST: status = STOPPED
10.2181 	EXP 	pilot_suwak: autoDraw = False
10.2181 	EXP 	pilot_pytanie: autoDraw = False
10.2181 	EXP 	pilot_lewa_etykieta: autoDraw = False
10.2181 	EXP 	pilot_prawa_etykieta: autoDraw = False
10.2210 	EXP 	untitled_FINAL_NEWEST: status = STOPPED
10.2259 	INFO 	saved data to 'C:\\Users\\julia\\OneDrive\\Pulpit\\percepcja_psychopy\\data\\pilot_untitled_FINAL_NEWEST_2026-04-25_19h25.03.019.csv'
10.2272 	INFO 	saved data to C:\Users\julia\OneDrive\Pulpit\percepcja_psychopy\data\pilot_untitled_FINAL_NEWEST_2026-04-25_19h25.03.019.psydat
10.7174 	DEBUG 	Saving data for untitled_FINAL_NEWEST ExperimentHandler
10.7520 	WARNING 	Stopping key buffers but this could be dangerous ifother keyboards rely on the same.
