7.8561 	DEBUG 	Fullscreen settings ignored as running in pilot mode.
7.8574 	INFO 	Loaded monitor calibration from ['2026_03_18 20:30']
8.5277 	INFO 	Using renderer 'Intel(R) UHD Graphics' for graphics
8.5277 	INFO 	OpenGL version supported by driver is 4..
9.7611 	EXP 	Created window1 = Window(allowGUI=False, allowStencil=False, autoLog=True, backendConf=UNKNOWN, backgroundFit=<method-wrapper '__getattribute__' of attributeSetter object at 0x00000202C1268F10>, backgroundImage=<method-wrapper '__getattribute__' of attributeSetter object at 0x00000202C1268E80>, bitsMode=UNKNOWN, blendMode='avg', bpc=(8, 8, 8), color=array([-1., -1., -1.]), colorSpace='rgb', depthBits=8, fullscr=False, gamma=None, gammaErrorPolicy='raise', infoMsg=UNKNOWN, lms=UNKNOWN, monitor=<psychopy.monitors.calibTools.Monitor object at 0x00000202C19B14B0>, multiSample=False, name='window1', numSamples=2, pos=[np.float64(560.0), np.float64(240.0)], screen=0, size=array([800, 600]), stencilBits=0, stereo=False, title='PsychoPy', units='height', useFBO=True, useRetina=False, viewOri=0.0, viewPos=None, viewScale=None, waitBlanking=True, winType='pyglet')
9.7612 	EXP 	window1: backgroundImage = ''
9.7612 	EXP 	window1: backgroundFit = 'none'
9.8118 	DEBUG 	TextBox2 loaded 1 chars with 0 blanks and 1 valid
9.8300 	DEBUG 	TextBox2 loaded 1 chars with 0 blanks and 1 valid
9.8490 	DEBUG 	TextBox2 loaded 1 chars with 0 blanks and 1 valid
9.8676 	DEBUG 	TextBox2 loaded 1 chars with 0 blanks and 1 valid
9.8828 	DEBUG 	TextBox2 loaded 1 chars with 0 blanks and 1 valid
9.8984 	DEBUG 	TextBox2 loaded 1 chars with 0 blanks and 1 valid
9.9139 	DEBUG 	TextBox2 loaded 1 chars with 0 blanks and 1 valid
9.9307 	DEBUG 	TextBox2 loaded 1 chars with 0 blanks and 1 valid
9.9500 	DEBUG 	TextBox2 loaded 1 chars with 0 blanks and 1 valid
9.9690 	DEBUG 	TextBox2 loaded 1 chars with 0 blanks and 1 valid
9.9875 	DEBUG 	TextBox2 loaded 1 chars with 0 blanks and 1 valid
10.0062 	DEBUG 	TextBox2 loaded 1 chars with 0 blanks and 1 valid
10.0250 	DEBUG 	TextBox2 loaded 1 chars with 0 blanks and 1 valid
10.0421 	DEBUG 	TextBox2 loaded 1 chars with 0 blanks and 1 valid
10.0598 	DEBUG 	TextBox2 loaded 1 chars with 0 blanks and 1 valid
10.0792 	DEBUG 	TextBox2 loaded 1 chars with 0 blanks and 1 valid
10.0966 	DEBUG 	TextBox2 loaded 1 chars with 0 blanks and 1 valid
10.1143 	DEBUG 	TextBox2 loaded 1 chars with 0 blanks and 1 valid
10.1331 	DEBUG 	TextBox2 loaded 1 chars with 0 blanks and 1 valid
10.1495 	DEBUG 	TextBox2 loaded 1 chars with 0 blanks and 1 valid
10.1641 	DEBUG 	TextBox2 loaded 1 chars with 0 blanks and 1 valid
10.1646 	DEBUG 	Uploading Texture Font fontname to graphics card
10.1746 	DEBUG 	Upload of Texture Font fontname complete
10.2134 	DEBUG 	TextBox2 loaded 1 chars with 0 blanks and 1 valid
10.2296 	DEBUG 	TextBox2 loaded 1 chars with 0 blanks and 1 valid
10.2440 	DEBUG 	TextBox2 loaded 1 chars with 0 blanks and 1 valid
10.2444 	DEBUG 	Uploading Texture Font fontname to graphics card
10.2609 	DEBUG 	Upload of Texture Font fontname complete
10.2638 	EXP 	window1: Attempting to measure frame rate of screen (0) ...
10.2638 	EXP 	window1: recordFrameIntervals = False
10.4457 	EXP 	window1: recordFrameIntervals = True
12.1080 	EXP 	window1: recordFrameIntervals = False
12.1080 	EXP 	Screen (0) actual frame rate measured at 60.30Hz
12.1579 	DEBUG 	TextBox2 loaded 1 chars with 0 blanks and 1 valid
12.1717 	DEBUG 	TextBox2 loaded 1 chars with 0 blanks and 1 valid
12.1850 	DEBUG 	TextBox2 loaded 1 chars with 0 blanks and 1 valid
12.1990 	DEBUG 	TextBox2 loaded 1 chars with 0 blanks and 1 valid
12.2133 	DEBUG 	TextBox2 loaded 1 chars with 0 blanks and 1 valid
12.2275 	DEBUG 	TextBox2 loaded 1 chars with 0 blanks and 1 valid
12.2418 	DEBUG 	TextBox2 loaded 1 chars with 0 blanks and 1 valid
12.2559 	DEBUG 	TextBox2 loaded 1 chars with 0 blanks and 1 valid
12.2693 	DEBUG 	TextBox2 loaded 1 chars with 0 blanks and 1 valid
12.2833 	DEBUG 	TextBox2 loaded 1 chars with 0 blanks and 1 valid
12.2837 	DEBUG 	Uploading Texture Font fontname to graphics card
12.2843 	DEBUG 	Upload of Texture Font fontname complete
12.4600 	INFO 	keyboard.Keyboard is using ptb backend.
12.4601 	EXP 	untitled_FINAL_NEWEST: status = STARTED
12.6175 	EXP 	Created text_instr = TextStim(__class__=<class 'psychopy.visual.text.TextStim'>, alignHoriz=method-wrapper(...), alignText='center', alignVert=method-wrapper(...), anchorHoriz='center', anchorVert='center', antialias=True, autoDraw=False, autoLog=True, bold=False, color=array([1., 1., 1.]), colorSpace='rgb', contrast=1.0, depth=-1.0, draggable=False, flipHoriz=False, flipVert=False, font='Arial', fontFiles=[], height=np.float64(0.03), italic=False, languageStyle='LTR', name='text_instr', opacity=1, ori=0.0, pos=array([0., 0.]), rgb=UNKNOWN, text=str(...), units='height', win=Window(...), wrapWidth=1.3)
12.6505 	EXP 	Created suwak_info = TextStim(__class__=<class 'psychopy.visual.text.TextStim'>, alignHoriz=method-wrapper(...), alignText='center', alignVert=method-wrapper(...), anchorHoriz='center', anchorVert='center', antialias=True, autoDraw=False, autoLog=True, bold=False, color=array([1., 1., 1.]), colorSpace='rgb', contrast=1.0, depth=0.0, draggable=False, flipHoriz=False, flipVert=False, font='Arial', fontFiles=[], height=np.float64(0.05), italic=False, languageStyle='LTR', name='suwak_info', opacity=1, ori=0.0, pos=array([0., 0.]), rgb=UNKNOWN, text=str(...), units='height', win=Window(...), wrapWidth=1.3)
12.6715 	EXP 	Created proba_testowa = TextStim(__class__=<class 'psychopy.visual.text.TextStim'>, alignHoriz=method-wrapper(...), alignText='center', alignVert=method-wrapper(...), anchorHoriz='center', anchorVert='center', antialias=True, autoDraw=False, autoLog=True, bold=False, color=array([1., 1., 1.]), colorSpace='rgb', contrast=1.0, depth=-1.0, draggable=False, flipHoriz=False, flipVert=False, font='Arial', fontFiles=[], height=np.float64(0.05), italic=False, languageStyle='LTR', name='proba_testowa', opacity=1, ori=0.0, pos=array([0., 0.]), rgb=UNKNOWN, text=str(...), units='height', win=Window(...), wrapWidth=1)
12.6829 	EXP 	Created start_badania = TextStim(__class__=<class 'psychopy.visual.text.TextStim'>, alignHoriz=method-wrapper(...), alignText='center', alignVert=method-wrapper(...), anchorHoriz='center', anchorVert='center', antialias=True, autoDraw=False, autoLog=True, bold=False, color=array([1., 1., 1.]), colorSpace='rgb', contrast=1.0, depth=-1.0, draggable=False, flipHoriz=False, flipVert=False, font='Arial', fontFiles=[], height=np.float64(0.05), italic=False, languageStyle='LTR', name='start_badania', opacity=1, ori=0.0, pos=array([0., 0.]), rgb=UNKNOWN, text=str(...), units='height', win=Window(...), wrapWidth=1)
12.6837 	EXP 	Created label_text = TextStim(__class__=<class 'psychopy.visual.text.TextStim'>, alignHoriz=method-wrapper(...), alignText='center', alignVert=method-wrapper(...), anchorHoriz='center', anchorVert='center', antialias=True, autoDraw=False, autoLog=True, bold=False, color=array([1., 1., 1.]), colorSpace='rgb', contrast=1.0, depth=-2.0, draggable=False, flipHoriz=False, flipVert=False, font='Arial', fontFiles=[], height=0.05, italic=False, languageStyle='LTR', name='label_text', opacity=1, ori=0.0, pos=array([0., 0.]), rgb=UNKNOWN, text='', units='height', win=Window(...), wrapWidth=1.3)
12.7259 	EXP 	Created stim_image = ImageStim(__class__=<class 'psychopy.visual.image.ImageStim'>, anchor=('center', 'center'), autoLog=True, color=array([1., 1., 1.]), colorSpace='rgb', contrast=1.0, depth=-3.0, draggable=False, flipHoriz=np.False_, flipVert=np.False_, image='default.png', interpolate=True, mask=None, maskParams=None, name='stim_image', opacity=1, ori=0.0, pos=array([0., 0.]), size=array([0.75, 0.75]), texRes=128.0, units='height', win=Window(...))
12.7542 	EXP 	Created suwak_badanie = Slider(__class__=<class 'psychopy.visual.slider.Slider'>, autoDraw=False, autoLog=True, borderColor=None, color=None, colorSpace='rgb', depth=-4, fillColor=None, flip=False, font='Noto Sans', granularity=0.0, labelColor=None, labelHeight=np.float64(0.05), labelWrapWidth=None, labels=None, lineColor=None, markerColor=None, name='suwak_badanie', opacity=None, ori=0.0, pos=array([ 0. , -0.5]), readOnly=False, self=UNKNOWN, size=array([1. , 0.1]), startValue=0, style='slider', styleTweaks=[], ticks=ndarray(...), units='norm', win=Window(...))
12.7550 	EXP 	Created lewa_etykieta = TextStim(__class__=<class 'psychopy.visual.text.TextStim'>, alignHoriz=method-wrapper(...), alignText='center', alignVert=method-wrapper(...), anchorHoriz='center', anchorVert='center', antialias=True, autoDraw=False, autoLog=True, bold=False, color=array([1., 1., 1.]), colorSpace='rgb', contrast=1.0, depth=-5.0, draggable=False, flipHoriz=False, flipVert=False, font='Arial', fontFiles=[], height=0.05, italic=False, languageStyle='LTR', name='lewa_etykieta', opacity=1, ori=0.0, pos=array([-1.1, -0.5]), rgb=UNKNOWN, text='', units='height', win=Window(...), wrapWidth=1)
12.7557 	EXP 	Created prawa_etykieta = TextStim(__class__=<class 'psychopy.visual.text.TextStim'>, alignHoriz=method-wrapper(...), alignText='center', alignVert=method-wrapper(...), anchorHoriz='center', anchorVert='center', antialias=True, autoDraw=False, autoLog=True, bold=False, color=array([1., 1., 1.]), colorSpace='rgb', contrast=1.0, depth=-6.0, draggable=False, flipHoriz=False, flipVert=False, font='Arial', fontFiles=[], height=0.05, italic=False, languageStyle='LTR', name='prawa_etykieta', opacity=1, ori=0.0, pos=array([ 1.05, -0.5 ]), rgb=UNKNOWN, text='', units='height', win=Window(...), wrapWidth=1)
12.7631 	EXP 	Created fiksacja1 = TextStim(__class__=<class 'psychopy.visual.text.TextStim'>, alignHoriz=method-wrapper(...), alignText='center', alignVert=method-wrapper(...), anchorHoriz='center', anchorVert='center', antialias=True, autoDraw=False, autoLog=True, bold=False, color=array([1., 1., 1.]), colorSpace='rgb', contrast=1.0, depth=-7.0, draggable=False, flipHoriz=False, flipVert=False, font='Arial', fontFiles=[], height=np.float64(0.1), italic=False, languageStyle='LTR', name='fiksacja1', opacity=1, ori=0.0, pos=array([0., 0.]), rgb=UNKNOWN, text='+', units='height', win=Window(...), wrapWidth=1)
12.7653 	EXP 	Created fiksacja2 = TextStim(__class__=<class 'psychopy.visual.text.TextStim'>, alignHoriz=method-wrapper(...), alignText='center', alignVert=method-wrapper(...), anchorHoriz='center', anchorVert='center', antialias=True, autoDraw=False, autoLog=True, bold=False, color=array([1., 1., 1.]), colorSpace='rgb', contrast=1.0, depth=-8.0, draggable=False, flipHoriz=False, flipVert=False, font='Arial', fontFiles=[], height=np.float64(0.1), italic=False, languageStyle='LTR', name='fiksacja2', opacity=1, ori=0.0, pos=array([0., 0.]), rgb=UNKNOWN, text='+', units='height', win=Window(...), wrapWidth=1)
12.7805 	EXP 	Created pytanie = TextStim(__class__=<class 'psychopy.visual.text.TextStim'>, alignHoriz=method-wrapper(...), alignText='center', alignVert=method-wrapper(...), anchorHoriz='center', anchorVert='center', antialias=True, autoDraw=False, autoLog=True, bold=False, color=array([1., 1., 1.]), colorSpace='rgb', contrast=1.0, depth=-9.0, draggable=False, flipHoriz=False, flipVert=False, font='Arial', fontFiles=[], height=np.float64(0.04), italic=False, languageStyle='LTR', name='pytanie', opacity=1, ori=0.0, pos=array([0.  , 0.25]), rgb=UNKNOWN, text='Jaką emocję wyrażała ta twarz?', units='height', win=Window(...), wrapWidth=1)
0.0065 	EXP 	suwak_badanie: autoLog = True
0.0065 	EXP 	suwak_badanie: styleTweaks = []
0.0065 	EXP 	suwak_badanie: styleTweaks = []
0.0065 	EXP 	suwak_badanie: styleTweaks = []
0.0065 	EXP 	suwak_badanie: styleTweaks = []
0.0065 	EXP 	suwak_badanie: contrast = 1.0
0.0065 	EXP 	suwak_badanie: markerPos = 0
0.0065 	EXP 	suwak_badanie: autoLog = True
0.0247 	INFO 	Keyboard events cleared
0.0246 	EXP 	text_instr: autoDraw = True
17.8636 	EXP 	Device response: <KeyPress from None: t=17.84329250000883, value=escape, duration=None>
17.9985 	EXP 	Device response: <KeyPress from None: t=17.84329250000883, value=escape, duration=0.13996729999780655>
17.9986 	EXP 	untitled_FINAL_NEWEST: status = STOPPED
18.0087 	EXP 	text_instr: autoDraw = False
18.0163 	EXP 	untitled_FINAL_NEWEST: status = STOPPED
18.0201 	INFO 	saved data to 'C:\\Users\\julia\\OneDrive\\Pulpit\\percepcja_psychopy\\data\\pilot_untitled_FINAL_NEWEST_2026-04-24_17h38.00.353.csv'
18.0213 	INFO 	saved data to C:\Users\julia\OneDrive\Pulpit\percepcja_psychopy\data\pilot_untitled_FINAL_NEWEST_2026-04-24_17h38.00.353.psydat
18.4160 	DEBUG 	Saving data for untitled_FINAL_NEWEST ExperimentHandler
18.4243 	WARNING 	Stopping key buffers but this could be dangerous ifother keyboards rely on the same.
