10.4012 	DEBUG 	Fullscreen settings ignored as running in pilot mode.
10.4022 	INFO 	Loaded monitor calibration from ['2026_03_18 20:30']
11.4721 	INFO 	Using renderer 'Intel(R) UHD Graphics' for graphics
11.4722 	INFO 	OpenGL version supported by driver is 4..
12.6759 	EXP 	Created window1 = Window(allowGUI=False, allowStencil=False, autoLog=True, backendConf=UNKNOWN, backgroundFit=<method-wrapper '__getattribute__' of attributeSetter object at 0x000001D1E5B0BF10>, backgroundImage=<method-wrapper '__getattribute__' of attributeSetter object at 0x000001D1E5B0BEB0>, bitsMode=UNKNOWN, blendMode='avg', bpc=(8, 8, 8), color=array([-1., -1., -1.]), colorSpace='rgb', depthBits=8, fullscr=False, gamma=None, gammaErrorPolicy='raise', infoMsg=UNKNOWN, lms=UNKNOWN, monitor=<psychopy.monitors.calibTools.Monitor object at 0x000001D1DBCCBCA0>, multiSample=False, name='window1', numSamples=2, pos=[np.float64(560.0), np.float64(240.0)], screen=0, size=array([800, 600]), stencilBits=0, stereo=False, title='PsychoPy', units='height', useFBO=True, useRetina=False, viewOri=0.0, viewPos=None, viewScale=None, waitBlanking=True, winType='pyglet')
12.6760 	EXP 	window1: backgroundImage = ''
12.6760 	EXP 	window1: backgroundFit = 'none'
12.7377 	DEBUG 	TextBox2 loaded 1 chars with 0 blanks and 1 valid
12.7555 	DEBUG 	TextBox2 loaded 1 chars with 0 blanks and 1 valid
12.7724 	DEBUG 	TextBox2 loaded 1 chars with 0 blanks and 1 valid
12.7896 	DEBUG 	TextBox2 loaded 1 chars with 0 blanks and 1 valid
12.8085 	DEBUG 	TextBox2 loaded 1 chars with 0 blanks and 1 valid
12.8271 	DEBUG 	TextBox2 loaded 1 chars with 0 blanks and 1 valid
12.8446 	DEBUG 	TextBox2 loaded 1 chars with 0 blanks and 1 valid
12.8655 	DEBUG 	TextBox2 loaded 1 chars with 0 blanks and 1 valid
12.8858 	DEBUG 	TextBox2 loaded 1 chars with 0 blanks and 1 valid
12.9074 	DEBUG 	TextBox2 loaded 1 chars with 0 blanks and 1 valid
12.9257 	DEBUG 	TextBox2 loaded 1 chars with 0 blanks and 1 valid
12.9447 	DEBUG 	TextBox2 loaded 1 chars with 0 blanks and 1 valid
12.9618 	DEBUG 	TextBox2 loaded 1 chars with 0 blanks and 1 valid
12.9788 	DEBUG 	TextBox2 loaded 1 chars with 0 blanks and 1 valid
12.9969 	DEBUG 	TextBox2 loaded 1 chars with 0 blanks and 1 valid
13.0136 	DEBUG 	TextBox2 loaded 1 chars with 0 blanks and 1 valid
13.0299 	DEBUG 	TextBox2 loaded 1 chars with 0 blanks and 1 valid
13.0464 	DEBUG 	TextBox2 loaded 1 chars with 0 blanks and 1 valid
13.0628 	DEBUG 	TextBox2 loaded 1 chars with 0 blanks and 1 valid
13.0807 	DEBUG 	TextBox2 loaded 1 chars with 0 blanks and 1 valid
13.0966 	DEBUG 	TextBox2 loaded 1 chars with 0 blanks and 1 valid
13.0974 	DEBUG 	Uploading Texture Font fontname to graphics card
13.1103 	DEBUG 	Upload of Texture Font fontname complete
13.1642 	DEBUG 	TextBox2 loaded 1 chars with 0 blanks and 1 valid
13.1816 	DEBUG 	TextBox2 loaded 1 chars with 0 blanks and 1 valid
13.1981 	DEBUG 	TextBox2 loaded 1 chars with 0 blanks and 1 valid
13.1986 	DEBUG 	Uploading Texture Font fontname to graphics card
13.2145 	DEBUG 	Upload of Texture Font fontname complete
13.2205 	EXP 	window1: Attempting to measure frame rate of screen (0) ...
13.2206 	EXP 	window1: recordFrameIntervals = False
13.5747 	EXP 	window1: recordFrameIntervals = True
14.7378 	WARNING 	t of last frame was 20.14ms (=1/49)
15.0012 	WARNING 	t of last frame was 29.33ms (=1/34)
15.0543 	WARNING 	t of last frame was 33.14ms (=1/30)
15.0868 	WARNING 	t of last frame was 32.52ms (=1/30)
15.1348 	WARNING 	Multiple dropped frames have occurred - I'll stop bothering you about them!
15.3369 	EXP 	window1: recordFrameIntervals = False
15.3369 	EXP 	Screen (0) actual frame rate measured at 60.86Hz
15.3759 	DEBUG 	TextBox2 loaded 1 chars with 0 blanks and 1 valid
15.3934 	DEBUG 	TextBox2 loaded 1 chars with 0 blanks and 1 valid
15.4117 	DEBUG 	TextBox2 loaded 1 chars with 0 blanks and 1 valid
15.4294 	DEBUG 	TextBox2 loaded 1 chars with 0 blanks and 1 valid
15.4472 	DEBUG 	TextBox2 loaded 1 chars with 0 blanks and 1 valid
15.4668 	DEBUG 	TextBox2 loaded 1 chars with 0 blanks and 1 valid
15.4839 	DEBUG 	TextBox2 loaded 1 chars with 0 blanks and 1 valid
15.5031 	DEBUG 	TextBox2 loaded 1 chars with 0 blanks and 1 valid
15.5252 	DEBUG 	TextBox2 loaded 1 chars with 0 blanks and 1 valid
15.5426 	DEBUG 	TextBox2 loaded 1 chars with 0 blanks and 1 valid
15.5435 	DEBUG 	Uploading Texture Font fontname to graphics card
15.5445 	DEBUG 	Upload of Texture Font fontname complete
15.8563 	INFO 	keyboard.Keyboard is using ptb backend.
15.8563 	EXP 	untitled_FINAL_NEWEST: status = STARTED
16.1126 	EXP 	Created text_instr = TextStim(__class__=<class 'psychopy.visual.text.TextStim'>, alignHoriz=method-wrapper(...), alignText='center', alignVert=method-wrapper(...), anchorHoriz='center', anchorVert='center', antialias=True, autoDraw=False, autoLog=True, bold=False, color=array([1., 1., 1.]), colorSpace='rgb', contrast=1.0, depth=-2.0, draggable=False, flipHoriz=False, flipVert=False, font='Arial', fontFiles=[], height=np.float64(0.03), italic=False, languageStyle='LTR', name='text_instr', opacity=1, ori=0.0, pos=array([0., 0.]), rgb=UNKNOWN, text=str(...), units='height', win=Window(...), wrapWidth=1.3)
16.1729 	EXP 	Created suwak_info = TextStim(__class__=<class 'psychopy.visual.text.TextStim'>, alignHoriz=method-wrapper(...), alignText='center', alignVert=method-wrapper(...), anchorHoriz='center', anchorVert='center', antialias=True, autoDraw=False, autoLog=True, bold=False, color=array([1., 1., 1.]), colorSpace='rgb', contrast=1.0, depth=-1.0, draggable=False, flipHoriz=False, flipVert=False, font='Arial', fontFiles=[], height=np.float64(0.03), italic=False, languageStyle='LTR', name='suwak_info', opacity=1, ori=0.0, pos=array([0., 0.]), rgb=UNKNOWN, text=str(...), units='height', win=Window(...), wrapWidth=1.3)
16.2405 	EXP 	Created proba_testowa = TextStim(__class__=<class 'psychopy.visual.text.TextStim'>, alignHoriz=method-wrapper(...), alignText='center', alignVert=method-wrapper(...), anchorHoriz='center', anchorVert='center', antialias=True, autoDraw=False, autoLog=True, bold=False, color=array([1., 1., 1.]), colorSpace='rgb', contrast=1.0, depth=-2.0, draggable=False, flipHoriz=False, flipVert=False, font='Arial', fontFiles=[], height=np.float64(0.04), italic=False, languageStyle='LTR', name='proba_testowa', opacity=1, ori=0.0, pos=array([0., 0.]), rgb=UNKNOWN, text=str(...), units='height', win=Window(...), wrapWidth=1.3)
16.2520 	EXP 	Created pilot_label_text = TextStim(__class__=<class 'psychopy.visual.text.TextStim'>, alignHoriz=method-wrapper(...), alignText='center', alignVert=method-wrapper(...), anchorHoriz='center', anchorVert='center', antialias=True, autoDraw=False, autoLog=True, bold=False, color=array([1., 1., 1.]), colorSpace='rgb', contrast=1.0, depth=-1.0, draggable=False, flipHoriz=False, flipVert=False, font='Arial', fontFiles=[], height=0.05, italic=False, languageStyle='LTR', name='pilot_label_text', opacity=1, ori=0.0, pos=array([0., 0.]), rgb=UNKNOWN, text='', units='height', win=Window(...), wrapWidth=1.3)
16.2805 	EXP 	Created pilot_fiksacja1 = TextStim(__class__=<class 'psychopy.visual.text.TextStim'>, alignHoriz=method-wrapper(...), alignText='center', alignVert=method-wrapper(...), anchorHoriz='center', anchorVert='center', antialias=True, autoDraw=False, autoLog=True, bold=False, color=array([1., 1., 1.]), colorSpace='rgb', contrast=1.0, depth=-2.0, draggable=False, flipHoriz=False, flipVert=False, font='Arial', fontFiles=[], height=np.float64(0.1), italic=False, languageStyle='LTR', name='pilot_fiksacja1', opacity=1, ori=0.0, pos=array([0., 0.]), rgb=UNKNOWN, text='+', units='height', win=Window(...), wrapWidth=1)
16.3527 	EXP 	Created pilot_suwak = Slider(__class__=<class 'psychopy.visual.slider.Slider'>, autoDraw=False, autoLog=True, borderColor=None, color=None, colorSpace='rgb', depth=-3, fillColor=None, flip=False, font='Noto Sans', granularity=0.0, labelColor=None, labelHeight=np.float64(0.05), labelWrapWidth=None, labels=None, lineColor=None, markerColor=None, name='pilot_suwak', opacity=None, ori=0.0, pos=array([ 0. , -0.5]), readOnly=False, self=UNKNOWN, size=array([1. , 0.1]), startValue=0, style='slider', styleTweaks=[], ticks=ndarray(...), units='norm', win=Window(...))
16.3604 	EXP 	Created pilot_fiksacja2 = TextStim(__class__=<class 'psychopy.visual.text.TextStim'>, alignHoriz=method-wrapper(...), alignText='center', alignVert=method-wrapper(...), anchorHoriz='center', anchorVert='center', antialias=True, autoDraw=False, autoLog=True, bold=False, color=array([1., 1., 1.]), colorSpace='rgb', contrast=1.0, depth=-4.0, draggable=False, flipHoriz=False, flipVert=False, font='Arial', fontFiles=[], height=np.float64(0.1), italic=False, languageStyle='LTR', name='pilot_fiksacja2', opacity=1, ori=0.0, pos=array([0., 0.]), rgb=UNKNOWN, text='+', units='height', win=Window(...), wrapWidth=1)
16.4043 	EXP 	Created pilot_pytanie = TextStim(__class__=<class 'psychopy.visual.text.TextStim'>, alignHoriz=method-wrapper(...), alignText='center', alignVert=method-wrapper(...), anchorHoriz='center', anchorVert='center', antialias=True, autoDraw=False, autoLog=True, bold=False, color=array([1., 1., 1.]), colorSpace='rgb', contrast=1.0, depth=-5.0, draggable=False, flipHoriz=False, flipVert=False, font='Arial', fontFiles=[], height=np.float64(0.05), italic=False, languageStyle='LTR', name='pilot_pytanie', opacity=1, ori=0.0, pos=array([0.  , 0.25]), rgb=UNKNOWN, text='Jaką emocję wyrażała ta twarz?', units='height', win=Window(...), wrapWidth=1)
16.4091 	EXP 	Created pilot_lewa_etykieta = TextStim(__class__=<class 'psychopy.visual.text.TextStim'>, alignHoriz=method-wrapper(...), alignText='center', alignVert=method-wrapper(...), anchorHoriz='center', anchorVert='center', antialias=True, autoDraw=False, autoLog=True, bold=False, color=array([1., 1., 1.]), colorSpace='rgb', contrast=1.0, depth=-6.0, draggable=False, flipHoriz=False, flipVert=False, font='Arial', fontFiles=[], height=0.05, italic=False, languageStyle='LTR', name='pilot_lewa_etykieta', opacity=1, ori=0.0, pos=array([-0.6 , -0.08]), rgb=UNKNOWN, text='', units='height', win=Window(...), wrapWidth=1)
16.4124 	EXP 	Created pilot_prawa_etykieta = TextStim(__class__=<class 'psychopy.visual.text.TextStim'>, alignHoriz=method-wrapper(...), alignText='center', alignVert=method-wrapper(...), anchorHoriz='center', anchorVert='center', antialias=True, autoDraw=False, autoLog=True, bold=False, color=array([1., 1., 1.]), colorSpace='rgb', contrast=1.0, depth=-7.0, draggable=False, flipHoriz=False, flipVert=False, font='Arial', fontFiles=[], height=0.05, italic=False, languageStyle='LTR', name='pilot_prawa_etykieta', opacity=1, ori=0.0, pos=array([ 0.55, -0.08]), rgb=UNKNOWN, text='', units='height', win=Window(...), wrapWidth=1)
16.5854 	EXP 	Created pilot_stim_image = ImageStim(__class__=<class 'psychopy.visual.image.ImageStim'>, anchor=('center', 'center'), autoLog=True, color=array([1., 1., 1.]), colorSpace='rgb', contrast=1.0, depth=-8.0, draggable=False, flipHoriz=np.False_, flipVert=np.False_, image='C:/Users/julia/OneDrive/Obrazy/IMG_2397.JPEG', interpolate=True, mask=None, maskParams=None, name='pilot_stim_image', opacity=1, ori=0.0, pos=array([0., 0.]), size=array([0.75, 0.75]), texRes=128.0, units='height', win=Window(...))
16.6635 	EXP 	Created start_badania = TextStim(__class__=<class 'psychopy.visual.text.TextStim'>, alignHoriz=method-wrapper(...), alignText='center', alignVert=method-wrapper(...), anchorHoriz='center', anchorVert='center', antialias=True, autoDraw=False, autoLog=True, bold=False, color=array([1., 1., 1.]), colorSpace='rgb', contrast=1.0, depth=-2.0, draggable=False, flipHoriz=False, flipVert=False, font='Arial', fontFiles=[], height=np.float64(0.05), italic=False, languageStyle='LTR', name='start_badania', opacity=1, ori=0.0, pos=array([0., 0.]), rgb=UNKNOWN, text=str(...), units='height', win=Window(...), wrapWidth=1)
16.6659 	EXP 	Created label_text = TextStim(__class__=<class 'psychopy.visual.text.TextStim'>, alignHoriz=method-wrapper(...), alignText='center', alignVert=method-wrapper(...), anchorHoriz='center', anchorVert='center', antialias=True, autoDraw=False, autoLog=True, bold=False, color=array([1., 1., 1.]), colorSpace='rgb', contrast=1.0, depth=-2.0, draggable=False, flipHoriz=False, flipVert=False, font='Arial', fontFiles=[], height=0.05, italic=False, languageStyle='LTR', name='label_text', opacity=1, ori=0.0, pos=array([0., 0.]), rgb=UNKNOWN, text='', units='height', win=Window(...), wrapWidth=1.3)
16.6766 	EXP 	Created stim_image = ImageStim(__class__=<class 'psychopy.visual.image.ImageStim'>, anchor=('center', 'center'), autoLog=True, color=array([1., 1., 1.]), colorSpace='rgb', contrast=1.0, depth=-3.0, draggable=False, flipHoriz=np.False_, flipVert=np.False_, image='default.png', interpolate=True, mask=None, maskParams=None, name='stim_image', opacity=1, ori=0.0, pos=array([0., 0.]), size=array([0.75, 0.75]), texRes=128.0, units='height', win=Window(...))
16.7077 	EXP 	Created suwak_badanie = Slider(__class__=<class 'psychopy.visual.slider.Slider'>, autoDraw=False, autoLog=True, borderColor=None, color=None, colorSpace='rgb', depth=-4, fillColor=None, flip=False, font='Noto Sans', granularity=0.0, labelColor=None, labelHeight=np.float64(0.05), labelWrapWidth=None, labels=None, lineColor=None, markerColor=None, name='suwak_badanie', opacity=None, ori=0.0, pos=array([ 0. , -0.5]), readOnly=False, self=UNKNOWN, size=array([1. , 0.1]), startValue=0, style='slider', styleTweaks=[], ticks=ndarray(...), units='norm', win=Window(...))
16.7110 	EXP 	Created lewa_etykieta = TextStim(__class__=<class 'psychopy.visual.text.TextStim'>, alignHoriz=method-wrapper(...), alignText='center', alignVert=method-wrapper(...), anchorHoriz='center', anchorVert='center', antialias=True, autoDraw=False, autoLog=True, bold=False, color=array([1., 1., 1.]), colorSpace='rgb', contrast=1.0, depth=-5.0, draggable=False, flipHoriz=False, flipVert=False, font='Arial', fontFiles=[], height=0.05, italic=False, languageStyle='LTR', name='lewa_etykieta', opacity=1, ori=0.0, pos=array([-0.55, -0.08]), rgb=UNKNOWN, text='', units='height', win=Window(...), wrapWidth=1)
16.7141 	EXP 	Created prawa_etykieta = TextStim(__class__=<class 'psychopy.visual.text.TextStim'>, alignHoriz=method-wrapper(...), alignText='center', alignVert=method-wrapper(...), anchorHoriz='center', anchorVert='center', antialias=True, autoDraw=False, autoLog=True, bold=False, color=array([1., 1., 1.]), colorSpace='rgb', contrast=1.0, depth=-6.0, draggable=False, flipHoriz=False, flipVert=False, font='Arial', fontFiles=[], height=0.05, italic=False, languageStyle='LTR', name='prawa_etykieta', opacity=1, ori=0.0, pos=array([ 0.55, -0.08]), rgb=UNKNOWN, text='', units='height', win=Window(...), wrapWidth=1)
16.7202 	EXP 	Created fiksacja1 = TextStim(__class__=<class 'psychopy.visual.text.TextStim'>, alignHoriz=method-wrapper(...), alignText='center', alignVert=method-wrapper(...), anchorHoriz='center', anchorVert='center', antialias=True, autoDraw=False, autoLog=True, bold=False, color=array([1., 1., 1.]), colorSpace='rgb', contrast=1.0, depth=-7.0, draggable=False, flipHoriz=False, flipVert=False, font='Arial', fontFiles=[], height=np.float64(0.1), italic=False, languageStyle='LTR', name='fiksacja1', opacity=1, ori=0.0, pos=array([0., 0.]), rgb=UNKNOWN, text='+', units='height', win=Window(...), wrapWidth=1)
16.7266 	EXP 	Created fiksacja2 = TextStim(__class__=<class 'psychopy.visual.text.TextStim'>, alignHoriz=method-wrapper(...), alignText='center', alignVert=method-wrapper(...), anchorHoriz='center', anchorVert='center', antialias=True, autoDraw=False, autoLog=True, bold=False, color=array([1., 1., 1.]), colorSpace='rgb', contrast=1.0, depth=-8.0, draggable=False, flipHoriz=False, flipVert=False, font='Arial', fontFiles=[], height=np.float64(0.1), italic=False, languageStyle='LTR', name='fiksacja2', opacity=1, ori=0.0, pos=array([0., 0.]), rgb=UNKNOWN, text='+', units='height', win=Window(...), wrapWidth=1)
16.7518 	EXP 	Created pytanie = TextStim(__class__=<class 'psychopy.visual.text.TextStim'>, alignHoriz=method-wrapper(...), alignText='center', alignVert=method-wrapper(...), anchorHoriz='center', anchorVert='center', antialias=True, autoDraw=False, autoLog=True, bold=False, color=array([1., 1., 1.]), colorSpace='rgb', contrast=1.0, depth=-9.0, draggable=False, flipHoriz=False, flipVert=False, font='Arial', fontFiles=[], height=np.float64(0.04), italic=False, languageStyle='LTR', name='pytanie', opacity=1, ori=0.0, pos=array([0.  , 0.25]), rgb=UNKNOWN, text='Jaką emocję wyrażała ta twarz?', units='height', win=Window(...), wrapWidth=1)
0.0255 	EXP 	pilot_suwak: autoLog = True
0.0255 	EXP 	pilot_suwak: styleTweaks = []
0.0255 	EXP 	pilot_suwak: styleTweaks = []
0.0255 	EXP 	pilot_suwak: styleTweaks = []
0.0255 	EXP 	pilot_suwak: styleTweaks = []
0.0255 	EXP 	pilot_suwak: contrast = 1.0
0.0255 	EXP 	pilot_suwak: markerPos = 0
0.0255 	EXP 	pilot_suwak: autoLog = True
0.0255 	EXP 	suwak_badanie: autoLog = True
0.0255 	EXP 	suwak_badanie: styleTweaks = []
0.0255 	EXP 	suwak_badanie: styleTweaks = []
0.0255 	EXP 	suwak_badanie: styleTweaks = []
0.0255 	EXP 	suwak_badanie: styleTweaks = []
0.0255 	EXP 	suwak_badanie: contrast = 1.0
0.0255 	EXP 	suwak_badanie: markerPos = 0
0.0255 	EXP 	suwak_badanie: autoLog = True
0.0597 	INFO 	Keyboard events cleared
0.0596 	EXP 	text_instr: autoDraw = True
0.5284 	DATA 	Keypress: space
0.5763 	EXP 	Device response: <KeyPress from None: t=0.5204414000036195, value=space, duration=None>
0.6098 	INFO 	Keyboard events cleared
0.6097 	EXP 	text_instr: autoDraw = False
0.6097 	EXP 	suwak_info: autoDraw = True
0.6221 	EXP 	Device response: <KeyPress from None: t=0.5204414000036195, value=space, duration=0.08720049995463341>
0.8845 	EXP 	Device response: <KeyPress from None: t=0.8677745999884792, value=space, duration=None>
0.9235 	DATA 	Keypress: space
1.0768 	INFO 	Keyboard events cleared
1.0766 	EXP 	suwak_info: autoDraw = False
1.0766 	EXP 	proba_testowa: autoDraw = True
1.3890 	EXP 	Device response: <KeyPress from None: t=1.3872130999807268, value=space, duration=None>
1.4454 	DATA 	Keypress: space
1.5728 	EXP 	proba_testowa: autoDraw = False
1.5728 	EXP 	pilot_label_text: height = np.float64(0.05)
1.5728 	EXP 	pilot_label_text: height = np.float64(0.05)
1.5728 	EXP 	pilot_label_text: height = np.float64(0.05)
1.5728 	EXP 	pilot_label_text: height = np.float64(0.05)
1.5728 	EXP 	pilot_label_text: height = np.float64(0.05)
1.5728 	EXP 	pilot_label_text: height = np.float64(0.05)
1.5728 	EXP 	pilot_label_text: text = 'Model AI wykrył w tej twarzy 80%\n'
1.5728 	EXP 	pilot_suwak: markerPos = None
1.5728 	EXP 	pilot_suwak: markerPos = 0
1.5728 	EXP 	pilot_lewa_etykieta: height = np.float64(0.05)
1.5728 	EXP 	pilot_lewa_etykieta: height = np.float64(0.05)
1.5728 	EXP 	pilot_lewa_etykieta: height = np.float64(0.05)
1.5728 	EXP 	pilot_lewa_etykieta: text = 'radość'
1.5728 	EXP 	pilot_prawa_etykieta: height = np.float64(0.05)
1.5728 	EXP 	pilot_prawa_etykieta: height = np.float64(0.05)
1.5728 	EXP 	pilot_prawa_etykieta: height = np.float64(0.05)
1.5728 	EXP 	pilot_prawa_etykieta: text = 'smutek'
1.5728 	EXP 	pilot_fiksacja1: autoDraw = True
1.5796 	EXP 	Device response: <KeyPress from None: t=0.8677745999884792, value=space, duration=0.5967891999753192>
2.5070 	EXP 	pilot_label_text: autoDraw = True
2.5908 	EXP 	pilot_fiksacja1: autoDraw = False
4.9949 	EXP 	pilot_fiksacja2: autoDraw = True
5.5100 	EXP 	pilot_label_text: autoDraw = False
5.9992 	EXP 	pilot_stim_image: autoDraw = True
6.0092 	EXP 	pilot_fiksacja2: autoDraw = False
6.9061 	EXP 	pilot_suwak: autoDraw = True
6.9061 	EXP 	pilot_pytanie: autoDraw = True
6.9061 	EXP 	pilot_lewa_etykieta: autoDraw = True
6.9061 	EXP 	pilot_prawa_etykieta: autoDraw = True
6.9228 	EXP 	pilot_stim_image: autoDraw = False
71.5991 	EXP 	Device response: <KeyPress from None: t=71.58599579997826, value=escape, duration=None>
71.5995 	DATA 	Keypress: escape
71.7490 	EXP 	Device response: <KeyPress from None: t=71.58599579997826, value=escape, duration=0.14994089998072013>
71.7490 	EXP 	untitled_FINAL_NEWEST: status = STOPPED
71.7624 	EXP 	pilot_suwak: autoDraw = False
71.7624 	EXP 	pilot_pytanie: autoDraw = False
71.7624 	EXP 	pilot_lewa_etykieta: autoDraw = False
71.7624 	EXP 	pilot_prawa_etykieta: autoDraw = False
71.7650 	EXP 	untitled_FINAL_NEWEST: status = STOPPED
71.7696 	INFO 	saved data to 'C:\\Users\\julia\\OneDrive\\Pulpit\\percepcja_psychopy\\data\\pilot_untitled_FINAL_NEWEST_2026-04-24_18h01.25.866.csv'
71.7707 	INFO 	saved data to C:\Users\julia\OneDrive\Pulpit\percepcja_psychopy\data\pilot_untitled_FINAL_NEWEST_2026-04-24_18h01.25.866.psydat
72.2835 	DEBUG 	Saving data for untitled_FINAL_NEWEST ExperimentHandler
72.3211 	WARNING 	Stopping key buffers but this could be dangerous ifother keyboards rely on the same.
