8.4245 	DEBUG 	Fullscreen settings ignored as running in pilot mode.
8.4260 	INFO 	Loaded monitor calibration from ['2026_03_18 20:30']
8.8900 	INFO 	Using renderer 'Intel(R) UHD Graphics' for graphics
8.8901 	INFO 	OpenGL version supported by driver is 4..
10.0305 	EXP 	Created window1 = Window(allowGUI=False, allowStencil=True, autoLog=True, backendConf=UNKNOWN, backgroundFit=<method-wrapper '__getattribute__' of attributeSetter object at 0x0000013E4B930F70>, backgroundImage=<method-wrapper '__getattribute__' of attributeSetter object at 0x0000013E4B930F10>, bitsMode=UNKNOWN, blendMode='avg', bpc=(8, 8, 8), color=array([0.6549, 0.6549, 0.6549]), colorSpace='rgb', depthBits=8, fullscr=False, gamma=None, gammaErrorPolicy='raise', infoMsg=UNKNOWN, lms=UNKNOWN, monitor=<psychopy.monitors.calibTools.Monitor object at 0x0000013E4340B910>, multiSample=False, name='window1', numSamples=2, pos=[np.float64(560.0), np.float64(240.0)], screen=0, size=array([800, 600]), stencilBits=8, stereo=False, title='PsychoPy', units='height', useFBO=True, useRetina=False, viewOri=0.0, viewPos=None, viewScale=None, waitBlanking=True, winType='pyglet')
10.0306 	EXP 	window1: backgroundImage = ''
10.0306 	EXP 	window1: backgroundFit = 'none'
10.0878 	DEBUG 	TextBox2 loaded 1 chars with 0 blanks and 1 valid
10.1054 	DEBUG 	TextBox2 loaded 1 chars with 0 blanks and 1 valid
10.1225 	DEBUG 	TextBox2 loaded 1 chars with 0 blanks and 1 valid
10.1406 	DEBUG 	TextBox2 loaded 1 chars with 0 blanks and 1 valid
10.1587 	DEBUG 	TextBox2 loaded 1 chars with 0 blanks and 1 valid
10.1761 	DEBUG 	TextBox2 loaded 1 chars with 0 blanks and 1 valid
10.1927 	DEBUG 	TextBox2 loaded 1 chars with 0 blanks and 1 valid
10.2100 	DEBUG 	TextBox2 loaded 1 chars with 0 blanks and 1 valid
10.2279 	DEBUG 	TextBox2 loaded 1 chars with 0 blanks and 1 valid
10.2532 	DEBUG 	TextBox2 loaded 1 chars with 0 blanks and 1 valid
10.2707 	DEBUG 	TextBox2 loaded 1 chars with 0 blanks and 1 valid
10.2898 	DEBUG 	TextBox2 loaded 1 chars with 0 blanks and 1 valid
10.3061 	DEBUG 	TextBox2 loaded 1 chars with 0 blanks and 1 valid
10.3225 	DEBUG 	TextBox2 loaded 1 chars with 0 blanks and 1 valid
10.3412 	DEBUG 	TextBox2 loaded 1 chars with 0 blanks and 1 valid
10.3666 	DEBUG 	TextBox2 loaded 1 chars with 0 blanks and 1 valid
10.3832 	DEBUG 	TextBox2 loaded 1 chars with 0 blanks and 1 valid
10.3995 	DEBUG 	TextBox2 loaded 1 chars with 0 blanks and 1 valid
10.4189 	DEBUG 	TextBox2 loaded 1 chars with 0 blanks and 1 valid
10.4393 	DEBUG 	TextBox2 loaded 1 chars with 0 blanks and 1 valid
10.4607 	DEBUG 	TextBox2 loaded 1 chars with 0 blanks and 1 valid
10.4793 	DEBUG 	TextBox2 loaded 1 chars with 0 blanks and 1 valid
10.4965 	DEBUG 	TextBox2 loaded 1 chars with 0 blanks and 1 valid
10.5129 	DEBUG 	TextBox2 loaded 1 chars with 0 blanks and 1 valid
10.5318 	DEBUG 	TextBox2 loaded 1 chars with 0 blanks and 1 valid
10.5493 	DEBUG 	TextBox2 loaded 1 chars with 0 blanks and 1 valid
10.5661 	DEBUG 	TextBox2 loaded 1 chars with 0 blanks and 1 valid
10.5828 	DEBUG 	TextBox2 loaded 1 chars with 0 blanks and 1 valid
10.5836 	DEBUG 	Uploading Texture Font fontname to graphics card
10.5933 	DEBUG 	Upload of Texture Font fontname complete
10.6330 	DEBUG 	TextBox2 loaded 1 chars with 0 blanks and 1 valid
10.6499 	DEBUG 	TextBox2 loaded 1 chars with 0 blanks and 1 valid
10.6503 	DEBUG 	Uploading Texture Font fontname to graphics card
10.6581 	DEBUG 	Upload of Texture Font fontname complete
10.8170 	INFO 	keyboard.Keyboard is using ptb backend.
10.8171 	EXP 	untitled_FINAL_NEWEST: status = STARTED
11.0041 	EXP 	Created text_instr = TextStim(__class__=<class 'psychopy.visual.text.TextStim'>, alignHoriz=method-wrapper(...), alignText='center', alignVert=method-wrapper(...), anchorHoriz='center', anchorVert='center', antialias=True, autoDraw=False, autoLog=True, bold=False, color=array([-1., -1., -1.]), colorSpace='rgb', contrast=1.0, depth=-2.0, draggable=False, flipHoriz=False, flipVert=False, font='Arial', fontFiles=[], height=np.float64(0.03), italic=False, languageStyle='LTR', name='text_instr', opacity=1, ori=0.0, pos=array([0., 0.]), rgb=UNKNOWN, text=str(...), units='height', win=Window(...), wrapWidth=1.5)
11.0428 	EXP 	Created suwak_info = TextStim(__class__=<class 'psychopy.visual.text.TextStim'>, alignHoriz=method-wrapper(...), alignText='center', alignVert=method-wrapper(...), anchorHoriz='center', anchorVert='center', antialias=True, autoDraw=False, autoLog=True, bold=False, color=array([-1., -1., -1.]), colorSpace='rgb', contrast=1.0, depth=-1.0, draggable=False, flipHoriz=False, flipVert=False, font='Arial', fontFiles=[], height=np.float64(0.03), italic=False, languageStyle='LTR', name='suwak_info', opacity=1, ori=0.0, pos=array([0., 0.]), rgb=UNKNOWN, text=str(...), units='height', win=Window(...), wrapWidth=1.3)
11.0834 	EXP 	Created proba_testowa = TextStim(__class__=<class 'psychopy.visual.text.TextStim'>, alignHoriz=method-wrapper(...), alignText='center', alignVert=method-wrapper(...), anchorHoriz='center', anchorVert='center', antialias=True, autoDraw=False, autoLog=True, bold=False, color=array([-1., -1., -1.]), colorSpace='rgb', contrast=1.0, depth=-2.0, draggable=False, flipHoriz=False, flipVert=False, font='Arial', fontFiles=[], height=np.float64(0.04), italic=False, languageStyle='LTR', name='proba_testowa', opacity=1, ori=0.0, pos=array([0., 0.]), rgb=UNKNOWN, text=str(...), units='height', win=Window(...), wrapWidth=1.4)
11.0848 	EXP 	Created pilot_label_text = TextStim(__class__=<class 'psychopy.visual.text.TextStim'>, alignHoriz=method-wrapper(...), alignText='center', alignVert=method-wrapper(...), anchorHoriz='center', anchorVert='center', antialias=True, autoDraw=False, autoLog=True, bold=False, color=array([-1., -1., -1.]), colorSpace='rgb', contrast=1.0, depth=-1.0, draggable=False, flipHoriz=False, flipVert=False, font='Arial', fontFiles=[], height=0.05, italic=False, languageStyle='LTR', name='pilot_label_text', opacity=1, ori=0.0, pos=array([0., 0.]), rgb=UNKNOWN, text='', units='height', win=Window(...), wrapWidth=1.3)
11.0910 	EXP 	Created pilot_fiksacja1 = TextStim(__class__=<class 'psychopy.visual.text.TextStim'>, alignHoriz=method-wrapper(...), alignText='center', alignVert=method-wrapper(...), anchorHoriz='center', anchorVert='center', antialias=True, autoDraw=False, autoLog=True, bold=False, color=array([-1., -1., -1.]), colorSpace='rgb', contrast=1.0, depth=-2.0, draggable=False, flipHoriz=False, flipVert=False, font='Arial', fontFiles=[], height=np.float64(0.12), italic=False, languageStyle='LTR', name='pilot_fiksacja1', opacity=1, ori=0.0, pos=array([0., 0.]), rgb=UNKNOWN, text='+', units='height', win=Window(...), wrapWidth=1)
11.1219 	EXP 	Created pilot_suwak = Slider(__class__=<class 'psychopy.visual.slider.Slider'>, autoDraw=False, autoLog=True, borderColor=None, color=None, colorSpace='rgb', depth=-3, fillColor=None, flip=False, font='Noto Sans', granularity=0.0, labelColor=None, labelHeight=np.float64(0.05), labelWrapWidth=None, labels=None, lineColor=None, markerColor=None, name='pilot_suwak', opacity=None, ori=0.0, pos=array([ 0. , -0.5]), readOnly=False, self=UNKNOWN, size=array([1. , 0.1]), startValue=0, style='slider', styleTweaks=[], ticks=array([-50, -25,   0,  25,  50]), units='norm', win=Window(...))
11.1268 	EXP 	Created pilot_fiksacja2 = TextStim(__class__=<class 'psychopy.visual.text.TextStim'>, alignHoriz=method-wrapper(...), alignText='center', alignVert=method-wrapper(...), anchorHoriz='center', anchorVert='center', antialias=True, autoDraw=False, autoLog=True, bold=False, color=array([-1., -1., -1.]), colorSpace='rgb', contrast=1.0, depth=-4.0, draggable=False, flipHoriz=False, flipVert=False, font='Arial', fontFiles=[], height=np.float64(0.1), italic=False, languageStyle='LTR', name='pilot_fiksacja2', opacity=1, ori=0.0, pos=array([0., 0.]), rgb=UNKNOWN, text='+', units='height', win=Window(...), wrapWidth=1)
11.1440 	EXP 	Created pilot_pytanie = TextStim(__class__=<class 'psychopy.visual.text.TextStim'>, alignHoriz=method-wrapper(...), alignText='center', alignVert=method-wrapper(...), anchorHoriz='center', anchorVert='center', antialias=True, autoDraw=False, autoLog=True, bold=False, color=array([-1., -1., -1.]), colorSpace='rgb', contrast=1.0, depth=-5.0, draggable=False, flipHoriz=False, flipVert=False, font='Arial', fontFiles=[], height=np.float64(0.1), italic=False, languageStyle='LTR', name='pilot_pytanie', opacity=1, ori=0.0, pos=array([0., 0.]), rgb=UNKNOWN, text='Jaką emocję wyrażała ta twarz?', units='norm', win=Window(...), wrapWidth=1)
11.1451 	EXP 	Created pilot_lewa_etykieta = TextStim(__class__=<class 'psychopy.visual.text.TextStim'>, alignHoriz=method-wrapper(...), alignText='center', alignVert=method-wrapper(...), anchorHoriz='center', anchorVert='center', antialias=True, autoDraw=False, autoLog=True, bold=False, color=array([-1., -1., -1.]), colorSpace='rgb', contrast=1.0, depth=-6.0, draggable=False, flipHoriz=False, flipVert=False, font='Arial', fontFiles=[], height=0.085, italic=False, languageStyle='LTR', name='pilot_lewa_etykieta', opacity=1, ori=0.0, pos=array([-0.6, -0.5]), rgb=UNKNOWN, text='', units='norm', win=Window(...), wrapWidth=1)
11.1458 	EXP 	Created pilot_prawa_etykieta = TextStim(__class__=<class 'psychopy.visual.text.TextStim'>, alignHoriz=method-wrapper(...), alignText='center', alignVert=method-wrapper(...), anchorHoriz='center', anchorVert='center', antialias=True, autoDraw=False, autoLog=True, bold=False, color=array([-1., -1., -1.]), colorSpace='rgb', contrast=1.0, depth=-7.0, draggable=False, flipHoriz=False, flipVert=False, font='Arial', fontFiles=[], height=0.085, italic=False, languageStyle='LTR', name='pilot_prawa_etykieta', opacity=1, ori=0.0, pos=array([ 0.6, -0.5]), rgb=UNKNOWN, text='', units='norm', win=Window(...), wrapWidth=1)
11.2168 	EXP 	Created pilot_stim_image = ImageStim(__class__=<class 'psychopy.visual.image.ImageStim'>, anchor=('center', 'center'), autoLog=True, color=array([1., 1., 1.]), colorSpace='rgb', contrast=1.0, depth=-8.0, draggable=False, flipHoriz=np.False_, flipVert=np.False_, image='photos/twarz_testowa.jpg', interpolate=True, mask=None, maskParams=None, name='pilot_stim_image', opacity=1, ori=0.0, pos=array([0., 0.]), size=array([0.75, 0.75]), texRes=128.0, units='height', win=Window(...))
11.2541 	EXP 	Created start_badania = TextStim(__class__=<class 'psychopy.visual.text.TextStim'>, alignHoriz=method-wrapper(...), alignText='center', alignVert=method-wrapper(...), anchorHoriz='center', anchorVert='center', antialias=True, autoDraw=False, autoLog=True, bold=False, color=array([-1., -1., -1.]), colorSpace='rgb', contrast=1.0, depth=-2.0, draggable=False, flipHoriz=False, flipVert=False, font='Arial', fontFiles=[], height=np.float64(0.1), italic=False, languageStyle='LTR', name='start_badania', opacity=1, ori=0.0, pos=array([0., 0.]), rgb=UNKNOWN, text=str(...), units='norm', win=Window(...), wrapWidth=1.4)
11.2586 	EXP 	Created przerwa_text = TextStim(__class__=<class 'psychopy.visual.text.TextStim'>, alignHoriz=method-wrapper(...), alignText='center', alignVert=method-wrapper(...), anchorHoriz='center', anchorVert='center', antialias=True, autoDraw=False, autoLog=True, bold=False, color=array([-1., -1., -1.]), colorSpace='rgb', contrast=1.0, depth=0.0, draggable=False, flipHoriz=False, flipVert=False, font='Arial', fontFiles=[], height=np.float64(0.1), italic=False, languageStyle='LTR', name='przerwa_text', opacity=1, ori=0.0, pos=array([0., 0.]), rgb=UNKNOWN, text=str(...), units='norm', win=Window(...), wrapWidth=1)
11.2593 	EXP 	Created label_text = TextStim(__class__=<class 'psychopy.visual.text.TextStim'>, alignHoriz=method-wrapper(...), alignText='center', alignVert=method-wrapper(...), anchorHoriz='center', anchorVert='center', antialias=True, autoDraw=False, autoLog=True, bold=False, color=array([-1., -1., -1.]), colorSpace='rgb', contrast=1.0, depth=-2.0, draggable=False, flipHoriz=False, flipVert=False, font='Arial', fontFiles=[], height=0.05, italic=False, languageStyle='LTR', name='label_text', opacity=1, ori=0.0, pos=array([0., 0.]), rgb=UNKNOWN, text='', units='height', win=Window(...), wrapWidth=1.3)
11.2642 	EXP 	Created stim_image = ImageStim(__class__=<class 'psychopy.visual.image.ImageStim'>, anchor=('center', 'center'), autoLog=True, color=array([1., 1., 1.]), colorSpace='rgb', contrast=1.0, depth=-3.0, draggable=False, flipHoriz=np.False_, flipVert=np.False_, image='default.png', interpolate=True, mask=None, maskParams=None, name='stim_image', opacity=1, ori=0.0, pos=array([0., 0.]), size=array([0.75, 0.75]), texRes=128.0, units='height', win=Window(...))
11.2738 	EXP 	Created suwak_badanie = Slider(__class__=<class 'psychopy.visual.slider.Slider'>, autoDraw=False, autoLog=True, borderColor=None, color=None, colorSpace='rgb', depth=-4, fillColor=None, flip=False, font='Noto Sans', granularity=0.0, labelColor=None, labelHeight=np.float64(0.05), labelWrapWidth=None, labels=None, lineColor=None, markerColor=None, name='suwak_badanie', opacity=None, ori=0.0, pos=array([ 0. , -0.5]), readOnly=False, self=UNKNOWN, size=array([1. , 0.1]), startValue=0, style='slider', styleTweaks=[], ticks=array([-50, -25,   0,  25,  50]), units='norm', win=Window(...))
11.2746 	EXP 	Created lewa_etykieta = TextStim(__class__=<class 'psychopy.visual.text.TextStim'>, alignHoriz=method-wrapper(...), alignText='center', alignVert=method-wrapper(...), anchorHoriz='center', anchorVert='center', antialias=True, autoDraw=False, autoLog=True, bold=False, color=array([-1., -1., -1.]), colorSpace='rgb', contrast=1.0, depth=-5.0, draggable=False, flipHoriz=False, flipVert=False, font='Arial', fontFiles=[], height=0.085, italic=False, languageStyle='LTR', name='lewa_etykieta', opacity=1, ori=0.0, pos=array([-0.65, -0.5 ]), rgb=UNKNOWN, text='', units='norm', win=Window(...), wrapWidth=1)
11.2753 	EXP 	Created prawa_etykieta = TextStim(__class__=<class 'psychopy.visual.text.TextStim'>, alignHoriz=method-wrapper(...), alignText='center', alignVert=method-wrapper(...), anchorHoriz='center', anchorVert='center', antialias=True, autoDraw=False, autoLog=True, bold=False, color=array([-1., -1., -1.]), colorSpace='rgb', contrast=1.0, depth=-6.0, draggable=False, flipHoriz=False, flipVert=False, font='Arial', fontFiles=[], height=0.085, italic=False, languageStyle='LTR', name='prawa_etykieta', opacity=1, ori=0.0, pos=array([ 0.65, -0.5 ]), rgb=UNKNOWN, text='', units='norm', win=Window(...), wrapWidth=1)
11.2794 	EXP 	Created pytanie = TextStim(__class__=<class 'psychopy.visual.text.TextStim'>, alignHoriz=method-wrapper(...), alignText='center', alignVert=method-wrapper(...), anchorHoriz='center', anchorVert='center', antialias=True, autoDraw=False, autoLog=True, bold=False, color=array([-1., -1., -1.]), colorSpace='rgb', contrast=1.0, depth=-7.0, draggable=False, flipHoriz=False, flipVert=False, font='Arial', fontFiles=[], height=np.float64(0.1), italic=False, languageStyle='LTR', name='pytanie', opacity=1, ori=0.0, pos=array([0., 0.]), rgb=UNKNOWN, text='Jaką emocję wyrażała ta twarz?', units='norm', win=Window(...), wrapWidth=1)
11.2813 	EXP 	Created polygon = ShapeStim(__class__=<class 'psychopy.visual.shape.ShapeStim'>, anchor=('center', 'center'), autoDraw=False, autoLog=True, closeShape=True, color=method-wrapper(...), colorSpace='rgb', contrast=None, depth=-8.0, draggable=False, fillColor=array([-1., -1., -1.]), fillColorSpace='rgb', fillRGB=array([-1., -1., -1.]), interpolate=True, lineColor=array([-1., -1., -1.]), lineColorSpace='rgb', lineRGB=array([-1., -1., -1.]), lineWidth=0.5, name='polygon', opacity=1, ori=0.0, pos=array([0., 0.]), size=array([0.5, 0.5]), units='height', vertices=ndarray(...), win=Window(...), windingRule=None)
11.2826 	EXP 	Created text = TextStim(__class__=<class 'psychopy.visual.text.TextStim'>, alignHoriz=method-wrapper(...), alignText='center', alignVert=method-wrapper(...), anchorHoriz='center', anchorVert='center', antialias=True, autoDraw=False, autoLog=True, bold=False, color=array([1., 1., 1.]), colorSpace='rgb', contrast=1.0, depth=-1.0, draggable=False, flipHoriz=False, flipVert=False, font='Arial', fontFiles=[], height=np.float64(0.05), italic=False, languageStyle='LTR', name='text', opacity=1, ori=0.0, pos=array([0., 0.]), rgb=UNKNOWN, text='', units='height', win=Window(...), wrapWidth=1)
11.2934 	EXP 	Created podziekowania_text = TextStim(__class__=<class 'psychopy.visual.text.TextStim'>, alignHoriz=method-wrapper(...), alignText='center', alignVert=method-wrapper(...), anchorHoriz='center', anchorVert='center', antialias=True, autoDraw=False, autoLog=True, bold=False, color=array([1., 1., 1.]), colorSpace='rgb', contrast=1.0, depth=0.0, draggable=False, flipHoriz=False, flipVert=False, font='Arial', fontFiles=[], height=np.float64(0.05), italic=False, languageStyle='LTR', name='podziekowania_text', opacity=1, ori=0.0, pos=array([0., 0.]), rgb=UNKNOWN, text=str(...), units='height', win=Window(...), wrapWidth=1)
0.0249 	EXP 	pilot_suwak: autoLog = True
0.0249 	EXP 	pilot_suwak: styleTweaks = []
0.0249 	EXP 	pilot_suwak: styleTweaks = []
0.0249 	EXP 	pilot_suwak: styleTweaks = []
0.0249 	EXP 	pilot_suwak: styleTweaks = []
0.0249 	EXP 	pilot_suwak: contrast = 1.0
0.0249 	EXP 	pilot_suwak: markerPos = 0
0.0249 	EXP 	pilot_suwak: autoLog = True
0.0249 	EXP 	suwak_badanie: autoLog = True
0.0249 	EXP 	suwak_badanie: styleTweaks = []
0.0249 	EXP 	suwak_badanie: styleTweaks = []
0.0249 	EXP 	suwak_badanie: styleTweaks = []
0.0249 	EXP 	suwak_badanie: styleTweaks = []
0.0249 	EXP 	suwak_badanie: contrast = 1.0
0.0249 	EXP 	suwak_badanie: markerPos = 0
0.0249 	EXP 	suwak_badanie: autoLog = True
0.0461 	INFO 	Keyboard events cleared
0.0460 	EXP 	text_instr: autoDraw = True
0.5677 	EXP 	Device response: <KeyPress from None: t=0.5513821000931785, value=space, duration=None>
0.5713 	DATA 	Keypress: space
0.5892 	INFO 	Keyboard events cleared
0.5890 	EXP 	text_instr: autoDraw = False
0.5890 	EXP 	suwak_info: autoDraw = True
0.5953 	EXP 	Device response: <KeyPress from None: t=0.5513821000931785, value=space, duration=0.040037999977357686>
0.7096 	EXP 	Device response: <KeyPress from None: t=0.6964484000345692, value=space, duration=None>
0.7124 	DATA 	Keypress: space
0.7232 	INFO 	Keyboard events cleared
0.7230 	EXP 	suwak_info: autoDraw = False
0.7230 	EXP 	proba_testowa: autoDraw = True
0.7449 	EXP 	Device response: <KeyPress from None: t=0.6964484000345692, value=space, duration=0.04505830002017319>
0.8557 	EXP 	Device response: <KeyPress from None: t=0.8416249000001699, value=space, duration=None>
0.8772 	DATA 	Keypress: space
0.8858 	EXP 	proba_testowa: autoDraw = False
0.8858 	EXP 	pilot_label_text: height = np.float64(0.05)
0.8858 	EXP 	pilot_label_text: height = np.float64(0.05)
0.8858 	EXP 	pilot_label_text: height = np.float64(0.05)
0.8858 	EXP 	pilot_label_text: height = np.float64(0.05)
0.8858 	EXP 	pilot_label_text: height = np.float64(0.05)
0.8858 	EXP 	pilot_label_text: height = np.float64(0.05)
0.8858 	EXP 	pilot_label_text: text = 'Model AI wykrył w tej twarzy 80% smutku.\n\n'
0.8858 	EXP 	pilot_suwak: markerPos = None
0.8858 	EXP 	pilot_suwak: markerPos = 0
0.8858 	EXP 	pilot_lewa_etykieta: height = np.float64(0.085)
0.8858 	EXP 	pilot_lewa_etykieta: height = np.float64(0.085)
0.8858 	EXP 	pilot_lewa_etykieta: height = np.float64(0.085)
0.8858 	EXP 	pilot_lewa_etykieta: text = 'radość'
0.8858 	EXP 	pilot_prawa_etykieta: height = np.float64(0.085)
0.8858 	EXP 	pilot_prawa_etykieta: height = np.float64(0.085)
0.8858 	EXP 	pilot_prawa_etykieta: height = np.float64(0.085)
0.8858 	EXP 	pilot_prawa_etykieta: text = 'smutek'
0.8858 	EXP 	pilot_fiksacja1: autoDraw = True
0.9055 	EXP 	Device response: <KeyPress from None: t=0.8416249000001699, value=space, duration=0.05550560005940497>
1.3859 	EXP 	pilot_fiksacja1: autoDraw = False
1.5688 	EXP 	pilot_label_text: autoDraw = True
4.5772 	EXP 	pilot_label_text: autoDraw = False
4.7591 	EXP 	pilot_fiksacja2: autoDraw = True
5.2580 	EXP 	pilot_fiksacja2: autoDraw = False
5.4575 	EXP 	pilot_stim_image: autoDraw = True
6.3715 	EXP 	pilot_suwak: autoDraw = True
6.3715 	EXP 	pilot_pytanie: autoDraw = True
6.3715 	EXP 	pilot_lewa_etykieta: autoDraw = True
6.3715 	EXP 	pilot_prawa_etykieta: autoDraw = True
6.3880 	EXP 	pilot_stim_image: autoDraw = False
8.1732 	DATA 	Mouse: Left button down, pos=(521,145)
8.1997 	EXP 	pilot_suwak: markerPos = np.float64(30.25)
8.2168 	EXP 	pilot_suwak: markerPos = np.float64(30.25)
8.2331 	EXP 	pilot_suwak: markerPos = np.float64(30.25)
8.2507 	EXP 	pilot_suwak: markerPos = np.float64(30.25)
8.2539 	DATA 	Mouse:  Left button up, pos=(521,144)
8.2677 	EXP 	pilot_suwak: markerPos = np.float64(30.25)
8.2842 	INFO 	Keyboard events cleared
8.2841 	EXP 	pilot_label_text: autoDraw = False
8.2841 	EXP 	pilot_fiksacja1: autoDraw = False
8.2841 	EXP 	pilot_suwak: autoDraw = False
8.2841 	EXP 	pilot_fiksacja2: autoDraw = False
8.2841 	EXP 	pilot_pytanie: autoDraw = False
8.2841 	EXP 	pilot_lewa_etykieta: autoDraw = False
8.2841 	EXP 	pilot_prawa_etykieta: autoDraw = False
8.2841 	EXP 	pilot_stim_image: autoDraw = False
8.2841 	EXP 	start_badania: autoDraw = True
9.1036 	EXP 	Device response: <KeyPress from None: t=9.100367900100537, value=space, duration=None>
9.1299 	DEBUG 	Read excel file with openpyxl: conditions.xlsx
9.1337 	EXP 	Imported conditions.xlsx as conditions, 32 conditions, 9 params
9.1342 	EXP 	New trial (rep=0, index=0): <Trial 0 (0 in rep 0) data={'image_path': 'photos/1K_SZ_5050.png', 'etykieta': 'Model sztucznej inteligencji wykrył w tej twarzy 72% strachu .', 'left_label': 'strach', 'right_label': 'złość', 'show_label': 4, 'proporcja_zdjecia': '50/50', 'typ_etykiety': 'Procentowa AI', 'warunek': 'n/d', 'kierunek': 'Sugestia Lewo strach', 'thisN': 0, 'thisTrialN': 0, 'thisRepN': 0}>
9.1964 	EXP 	Device response: <KeyPress from None: t=9.100367900100537, value=space, duration=0.049963400000706315>
9.1973 	DATA 	Keypress: space
9.2139 	EXP 	start_badania: autoDraw = False
9.2139 	EXP 	przerwa_text: autoDraw = False
9.2139 	EXP 	label_text: height = np.float64(0.05)
9.2139 	EXP 	label_text: height = np.float64(0.05)
9.2139 	EXP 	label_text: height = np.float64(0.05)
9.2139 	EXP 	label_text: text = 'Model sztucznej inteligencji wykrył w tej twarzy 72% strachu .'
9.2139 	EXP 	label_text: height = np.float64(0.05)
9.2139 	EXP 	label_text: height = np.float64(0.05)
9.2139 	EXP 	label_text: height = np.float64(0.05)
9.2139 	EXP 	label_text: text = 'Model sztucznej inteligencji wykrył w tej twarzy 72% strachu .'
9.2139 	EXP 	stim_image: image = 'photos/1K_SZ_5050.png'
9.2139 	EXP 	suwak_badanie: markerPos = None
9.2139 	EXP 	suwak_badanie: markerPos = 0
9.2139 	EXP 	lewa_etykieta: height = np.float64(0.085)
9.2139 	EXP 	lewa_etykieta: height = np.float64(0.085)
9.2139 	EXP 	lewa_etykieta: height = np.float64(0.085)
9.2139 	EXP 	lewa_etykieta: text = 'strach'
9.2139 	EXP 	prawa_etykieta: height = np.float64(0.085)
9.2139 	EXP 	prawa_etykieta: height = np.float64(0.085)
9.2139 	EXP 	prawa_etykieta: height = np.float64(0.085)
9.2139 	EXP 	prawa_etykieta: text = 'złość'
9.2139 	EXP 	label_text: autoDraw = True
13.2205 	EXP 	label_text: autoDraw = False
13.3366 	EXP 	polygon: autoDraw = True
13.5861 	EXP 	polygon: autoDraw = False
13.7862 	EXP 	stim_image: autoDraw = True
14.9985 	EXP 	stim_image: autoDraw = False
14.9985 	EXP 	suwak_badanie: autoDraw = True
14.9985 	EXP 	lewa_etykieta: autoDraw = True
14.9985 	EXP 	prawa_etykieta: autoDraw = True
14.9985 	EXP 	pytanie: autoDraw = True
16.2807 	EXP 	Device response: <KeyPress from None: t=16.267704500001855, value=escape, duration=None>
16.2810 	DATA 	Keypress: escape
16.2971 	EXP 	Device response: <KeyPress from None: t=16.267704500001855, value=escape, duration=0.014812300098128617>
16.2972 	EXP 	untitled_FINAL_NEWEST: status = STOPPED
16.3117 	EXP 	suwak_badanie: autoDraw = False
16.3117 	EXP 	lewa_etykieta: autoDraw = False
16.3117 	EXP 	prawa_etykieta: autoDraw = False
16.3117 	EXP 	pytanie: autoDraw = False
16.3142 	EXP 	untitled_FINAL_NEWEST: status = STOPPED
16.3194 	INFO 	saved data to 'C:\\Users\\julia\\OneDrive\\Pulpit\\percepcja_psychopy\\data\\pilot_untitled_FINAL_NEWEST_2026-04-27_11h57.44.853.csv'
16.3207 	INFO 	saved data to C:\Users\julia\OneDrive\Pulpit\percepcja_psychopy\data\pilot_untitled_FINAL_NEWEST_2026-04-27_11h57.44.853.psydat
16.8374 	DEBUG 	Saving data for untitled_FINAL_NEWEST ExperimentHandler
16.8594 	WARNING 	Stopping key buffers but this could be dangerous ifother keyboards rely on the same.
