11.7512 	DEBUG 	Fullscreen settings ignored as running in pilot mode.
11.7528 	INFO 	Loaded monitor calibration from ['2026_03_18 20:30']
12.3381 	INFO 	Using renderer 'Intel(R) UHD Graphics' for graphics
12.3381 	INFO 	OpenGL version supported by driver is 4..
13.4170 	EXP 	Created window1 = Window(allowGUI=False, allowStencil=False, autoLog=True, backendConf=UNKNOWN, backgroundFit=<method-wrapper '__getattribute__' of attributeSetter object at 0x0000025FAB6EA1A0>, backgroundImage=<method-wrapper '__getattribute__' of attributeSetter object at 0x0000025FAB6EA200>, bitsMode=UNKNOWN, blendMode='avg', bpc=(8, 8, 8), color=array([0, 0, 0]), colorSpace='rgb', depthBits=8, fullscr=False, gamma=None, gammaErrorPolicy='raise', infoMsg=UNKNOWN, lms=UNKNOWN, monitor=<psychopy.monitors.calibTools.Monitor object at 0x0000025FACF536A0>, multiSample=False, name='window1', numSamples=2, pos=[np.float64(560.0), np.float64(240.0)], screen=0, size=array([800, 600]), stencilBits=0, stereo=False, title='PsychoPy', units='height', useFBO=True, useRetina=False, viewOri=0.0, viewPos=None, viewScale=None, waitBlanking=True, winType='pyglet')
13.4171 	EXP 	window1: backgroundImage = ''
13.4171 	EXP 	window1: backgroundFit = 'none'
13.4692 	DEBUG 	TextBox2 loaded 1 chars with 0 blanks and 1 valid
13.4832 	DEBUG 	TextBox2 loaded 1 chars with 0 blanks and 1 valid
13.4971 	DEBUG 	TextBox2 loaded 1 chars with 0 blanks and 1 valid
13.5107 	DEBUG 	TextBox2 loaded 1 chars with 0 blanks and 1 valid
13.5248 	DEBUG 	TextBox2 loaded 1 chars with 0 blanks and 1 valid
13.5383 	DEBUG 	TextBox2 loaded 1 chars with 0 blanks and 1 valid
13.5525 	DEBUG 	TextBox2 loaded 1 chars with 0 blanks and 1 valid
13.5666 	DEBUG 	TextBox2 loaded 1 chars with 0 blanks and 1 valid
13.5799 	DEBUG 	TextBox2 loaded 1 chars with 0 blanks and 1 valid
13.5924 	DEBUG 	TextBox2 loaded 1 chars with 0 blanks and 1 valid
13.6062 	DEBUG 	TextBox2 loaded 1 chars with 0 blanks and 1 valid
13.6200 	DEBUG 	TextBox2 loaded 1 chars with 0 blanks and 1 valid
13.6338 	DEBUG 	TextBox2 loaded 1 chars with 0 blanks and 1 valid
13.6478 	DEBUG 	TextBox2 loaded 1 chars with 0 blanks and 1 valid
13.6608 	DEBUG 	TextBox2 loaded 1 chars with 0 blanks and 1 valid
13.6753 	DEBUG 	TextBox2 loaded 1 chars with 0 blanks and 1 valid
13.6892 	DEBUG 	TextBox2 loaded 1 chars with 0 blanks and 1 valid
13.7026 	DEBUG 	TextBox2 loaded 1 chars with 0 blanks and 1 valid
13.7161 	DEBUG 	TextBox2 loaded 1 chars with 0 blanks and 1 valid
13.7302 	DEBUG 	TextBox2 loaded 1 chars with 0 blanks and 1 valid
13.7429 	DEBUG 	TextBox2 loaded 1 chars with 0 blanks and 1 valid
13.7435 	DEBUG 	Uploading Texture Font fontname to graphics card
13.7574 	DEBUG 	Upload of Texture Font fontname complete
13.7895 	DEBUG 	TextBox2 loaded 1 chars with 0 blanks and 1 valid
13.8044 	DEBUG 	TextBox2 loaded 1 chars with 0 blanks and 1 valid
13.8186 	DEBUG 	TextBox2 loaded 1 chars with 0 blanks and 1 valid
13.8190 	DEBUG 	Uploading Texture Font fontname to graphics card
13.8322 	DEBUG 	Upload of Texture Font fontname complete
13.8350 	EXP 	window1: Attempting to measure frame rate of screen (0) ...
13.8350 	EXP 	window1: recordFrameIntervals = False
14.0309 	EXP 	window1: recordFrameIntervals = True
15.6926 	EXP 	window1: recordFrameIntervals = False
15.6926 	EXP 	Screen (0) actual frame rate measured at 60.45Hz
15.7255 	DEBUG 	TextBox2 loaded 1 chars with 0 blanks and 1 valid
15.7384 	DEBUG 	TextBox2 loaded 1 chars with 0 blanks and 1 valid
15.7522 	DEBUG 	TextBox2 loaded 1 chars with 0 blanks and 1 valid
15.7664 	DEBUG 	TextBox2 loaded 1 chars with 0 blanks and 1 valid
15.7815 	DEBUG 	TextBox2 loaded 1 chars with 0 blanks and 1 valid
15.7957 	DEBUG 	TextBox2 loaded 1 chars with 0 blanks and 1 valid
15.8092 	DEBUG 	TextBox2 loaded 1 chars with 0 blanks and 1 valid
15.8226 	DEBUG 	TextBox2 loaded 1 chars with 0 blanks and 1 valid
15.8382 	DEBUG 	TextBox2 loaded 1 chars with 0 blanks and 1 valid
15.8523 	DEBUG 	TextBox2 loaded 1 chars with 0 blanks and 1 valid
15.8527 	DEBUG 	Uploading Texture Font fontname to graphics card
15.8532 	DEBUG 	Upload of Texture Font fontname complete
16.0567 	INFO 	keyboard.Keyboard is using ptb backend.
16.0568 	EXP 	untitled_FINAL_NEWEST: status = STARTED
16.4483 	EXP 	Created label_text = TextStim(__class__=<class 'psychopy.visual.text.TextStim'>, alignHoriz=method-wrapper(...), alignText='center', alignVert=method-wrapper(...), anchorHoriz='center', anchorVert='center', antialias=True, autoDraw=False, autoLog=True, bold=False, color=array([1., 1., 1.]), colorSpace='rgb', contrast=1.0, depth=-2.0, draggable=False, flipHoriz=False, flipVert=False, font='Arial', fontFiles=[], height=0.05, italic=False, languageStyle='LTR', name='label_text', opacity=1, ori=0.0, pos=array([0., 0.]), rgb=UNKNOWN, text='', units='height', win=Window(...), wrapWidth=1)
16.4969 	EXP 	Created stim_image = ImageStim(__class__=<class 'psychopy.visual.image.ImageStim'>, anchor=('center', 'center'), autoLog=True, color=array([1., 1., 1.]), colorSpace='rgb', contrast=1.0, depth=-3.0, draggable=False, flipHoriz=np.False_, flipVert=np.False_, image='default.png', interpolate=True, mask=None, maskParams=None, name='stim_image', opacity=1, ori=0.0, pos=array([0., 0.]), size=array([0.5, 0.5]), texRes=128.0, units='height', win=Window(...))
16.5426 	EXP 	Created suwak_badanie = Slider(__class__=<class 'psychopy.visual.slider.Slider'>, autoDraw=False, autoLog=True, borderColor=None, color=None, colorSpace='rgb', depth=-4, fillColor=None, flip=False, font='Noto Sans', granularity=0.0, labelColor=None, labelHeight=np.float64(0.05), labelWrapWidth=None, labels=None, lineColor=None, markerColor=None, name='suwak_badanie', opacity=None, ori=0.0, pos=array([ 0. , -0.5]), readOnly=False, self=UNKNOWN, size=array([1. , 0.1]), startValue=0, style='slider', styleTweaks=[], ticks=ndarray(...), units='norm', win=Window(...))
16.5434 	EXP 	Created lewa_etykieta = TextStim(__class__=<class 'psychopy.visual.text.TextStim'>, alignHoriz=method-wrapper(...), alignText='center', alignVert=method-wrapper(...), anchorHoriz='center', anchorVert='center', antialias=True, autoDraw=False, autoLog=True, bold=False, color=array([1., 1., 1.]), colorSpace='rgb', contrast=1.0, depth=-5.0, draggable=False, flipHoriz=False, flipVert=False, font='Arial', fontFiles=[], height=0.05, italic=False, languageStyle='LTR', name='lewa_etykieta', opacity=1, ori=0.0, pos=array([-0.55, -0.05]), rgb=UNKNOWN, text='', units='height', win=Window(...), wrapWidth=1)
16.5440 	EXP 	Created prawa_etykieta = TextStim(__class__=<class 'psychopy.visual.text.TextStim'>, alignHoriz=method-wrapper(...), alignText='center', alignVert=method-wrapper(...), anchorHoriz='center', anchorVert='center', antialias=True, autoDraw=False, autoLog=True, bold=False, color=array([1., 1., 1.]), colorSpace='rgb', contrast=1.0, depth=-6.0, draggable=False, flipHoriz=False, flipVert=False, font='Arial', fontFiles=[], height=0.05, italic=False, languageStyle='LTR', name='prawa_etykieta', opacity=1, ori=0.0, pos=array([ 0.55, -0.05]), rgb=UNKNOWN, text='', units='height', win=Window(...), wrapWidth=1)
16.6335 	EXP 	Created fiksacja1 = TextStim(__class__=<class 'psychopy.visual.text.TextStim'>, alignHoriz=method-wrapper(...), alignText='center', alignVert=method-wrapper(...), anchorHoriz='center', anchorVert='center', antialias=True, autoDraw=False, autoLog=True, bold=False, color=array([1., 1., 1.]), colorSpace='rgb', contrast=1.0, depth=-7.0, draggable=False, flipHoriz=False, flipVert=False, font='Arial', fontFiles=[], height=np.float64(0.1), italic=False, languageStyle='LTR', name='fiksacja1', opacity=1, ori=0.0, pos=array([0., 0.]), rgb=UNKNOWN, text='+', units='height', win=Window(...), wrapWidth=1)
16.6352 	EXP 	Created fiksacja2 = TextStim(__class__=<class 'psychopy.visual.text.TextStim'>, alignHoriz=method-wrapper(...), alignText='center', alignVert=method-wrapper(...), anchorHoriz='center', anchorVert='center', antialias=True, autoDraw=False, autoLog=True, bold=False, color=array([1., 1., 1.]), colorSpace='rgb', contrast=1.0, depth=-8.0, draggable=False, flipHoriz=False, flipVert=False, font='Arial', fontFiles=[], height=np.float64(0.1), italic=False, languageStyle='LTR', name='fiksacja2', opacity=1, ori=0.0, pos=array([0., 0.]), rgb=UNKNOWN, text='+', units='height', win=Window(...), wrapWidth=1)
16.6587 	EXP 	Created pytanie = TextStim(__class__=<class 'psychopy.visual.text.TextStim'>, alignHoriz=method-wrapper(...), alignText='center', alignVert=method-wrapper(...), anchorHoriz='center', anchorVert='center', antialias=True, autoDraw=False, autoLog=True, bold=False, color=array([1., 1., 1.]), colorSpace='rgb', contrast=1.0, depth=-9.0, draggable=False, flipHoriz=False, flipVert=False, font='Arial', fontFiles=[], height=np.float64(0.04), italic=False, languageStyle='LTR', name='pytanie', opacity=1, ori=0.0, pos=array([0.  , 0.25]), rgb=UNKNOWN, text='Jaką emocję przedstawiała twarz?', units='height', win=Window(...), wrapWidth=1)
0.0137 	EXP 	suwak_badanie: autoLog = True
0.0137 	EXP 	suwak_badanie: styleTweaks = []
0.0137 	EXP 	suwak_badanie: styleTweaks = []
0.0137 	EXP 	suwak_badanie: styleTweaks = []
0.0137 	EXP 	suwak_badanie: styleTweaks = []
0.0137 	EXP 	suwak_badanie: contrast = 1.0
0.0137 	EXP 	suwak_badanie: markerPos = 0
0.0137 	EXP 	suwak_badanie: autoLog = True
0.0304 	DEBUG 	Read excel file with openpyxl: conditions.xlsx
0.0340 	EXP 	Imported conditions.xlsx as conditions, 32 conditions, 9 params
0.0351 	EXP 	New trial (rep=0, index=0): <Trial 0 (0 in rep 0) data={'image_path': 'C:\\Users\\julia\\OneDrive\\Pulpit\\percepcja_psychopy\\photos\\Twarze 50,50\\SZ 50,50\\1K SZ 5050.png', 'etykieta': 'Model sztucznej inteligencji wykrył w tej twarzy 72% strachu .', 'left_label': 'strach', 'right_label': 'złość', 'show_label': 1, 'proporcja_zdjecia': '50/50', 'typ_etykiety': 'Procentowa AI', 'warunek': 'n/d', 'kierunek': 'Sugestia Lewo strach', 'thisN': 0, 'thisTrialN': 0, 'thisRepN': 0}>
0.1470 	EXP 	label_text: height = np.float64(0.05)
0.1470 	EXP 	label_text: height = np.float64(0.05)
0.1470 	EXP 	label_text: height = np.float64(0.05)
0.1470 	EXP 	label_text: text = 'Model sztucznej inteligencji wykrył w tej twarzy 72% strachu .'
0.1470 	EXP 	stim_image: image = 'C:\\Users\\julia\\OneDrive\\Pulpit\\percepcja_psychopy\\photos\\Twarze 50,50\\SZ 50,50\\1K SZ 5050.png'
0.1470 	EXP 	suwak_badanie: markerPos = None
0.1470 	EXP 	suwak_badanie: markerPos = 0
0.1470 	EXP 	lewa_etykieta: height = np.float64(0.05)
0.1470 	EXP 	lewa_etykieta: height = np.float64(0.05)
0.1470 	EXP 	lewa_etykieta: height = np.float64(0.05)
0.1470 	EXP 	lewa_etykieta: text = 'strach'
0.1470 	EXP 	prawa_etykieta: height = np.float64(0.05)
0.1470 	EXP 	prawa_etykieta: height = np.float64(0.05)
0.1470 	EXP 	prawa_etykieta: height = np.float64(0.05)
0.1470 	EXP 	prawa_etykieta: text = 'złość'
0.1470 	EXP 	fiksacja1: autoDraw = True
1.1123 	EXP 	label_text: autoDraw = True
1.1616 	EXP 	fiksacja1: autoDraw = False
3.6055 	EXP 	fiksacja2: autoDraw = True
3.6223 	EXP 	label_text: autoDraw = False
4.6031 	EXP 	stim_image: autoDraw = True
4.6358 	EXP 	fiksacja2: autoDraw = False
5.5162 	EXP 	suwak_badanie: autoDraw = True
5.5162 	EXP 	lewa_etykieta: autoDraw = True
5.5162 	EXP 	prawa_etykieta: autoDraw = True
5.5162 	EXP 	pytanie: autoDraw = True
5.5332 	EXP 	stim_image: autoDraw = False
10.7413 	DATA 	Mouse: Left button down, pos=(394,161)
10.7682 	EXP 	suwak_badanie: markerPos = np.float64(-1.5)
10.7858 	EXP 	suwak_badanie: markerPos = np.float64(-1.5)
10.8021 	EXP 	suwak_badanie: markerPos = np.float64(-1.5)
10.8192 	EXP 	suwak_badanie: markerPos = np.float64(-1.5)
10.8349 	EXP 	suwak_badanie: markerPos = np.float64(-1.5)
10.8519 	EXP 	suwak_badanie: markerPos = np.float64(-1.5)
10.8686 	EXP 	suwak_badanie: markerPos = np.float64(-2.75)
10.8849 	EXP 	suwak_badanie: markerPos = np.float64(-3.75)
10.9024 	EXP 	suwak_badanie: markerPos = np.float64(-5.0)
10.9181 	EXP 	suwak_badanie: markerPos = np.float64(-6.25)
10.9349 	EXP 	suwak_badanie: markerPos = np.float64(-7.75)
10.9512 	EXP 	suwak_badanie: markerPos = np.float64(-11.5)
10.9688 	EXP 	suwak_badanie: markerPos = np.float64(-13.749999999999993)
10.9854 	EXP 	suwak_badanie: markerPos = np.float64(-15.0)
11.0018 	EXP 	suwak_badanie: markerPos = np.float64(-16.0)
11.0182 	EXP 	suwak_badanie: markerPos = np.float64(-17.000000000000007)
11.0346 	EXP 	suwak_badanie: markerPos = np.float64(-18.0)
11.0520 	EXP 	suwak_badanie: markerPos = np.float64(-19.0)
11.0676 	EXP 	suwak_badanie: markerPos = np.float64(-19.5)
11.0846 	EXP 	suwak_badanie: markerPos = np.float64(-20.0)
11.1009 	EXP 	suwak_badanie: markerPos = np.float64(-20.499999999999996)
11.1179 	EXP 	suwak_badanie: markerPos = np.float64(-20.499999999999996)
11.1351 	EXP 	suwak_badanie: markerPos = np.float64(-20.75)
11.1509 	EXP 	suwak_badanie: markerPos = np.float64(-21.250000000000004)
11.1679 	EXP 	suwak_badanie: markerPos = np.float64(-21.250000000000004)
11.1842 	EXP 	suwak_badanie: markerPos = np.float64(-21.750000000000004)
11.2007 	EXP 	suwak_badanie: markerPos = np.float64(-21.750000000000004)
11.2173 	EXP 	suwak_badanie: markerPos = np.float64(-21.750000000000004)
11.2344 	EXP 	suwak_badanie: markerPos = np.float64(-21.750000000000004)
11.2520 	EXP 	suwak_badanie: markerPos = np.float64(-21.750000000000004)
11.2681 	EXP 	suwak_badanie: markerPos = np.float64(-21.750000000000004)
11.2841 	EXP 	suwak_badanie: markerPos = np.float64(-21.750000000000004)
11.3011 	EXP 	suwak_badanie: markerPos = np.float64(-21.750000000000004)
11.3177 	EXP 	suwak_badanie: markerPos = np.float64(-21.750000000000004)
11.3343 	EXP 	suwak_badanie: markerPos = np.float64(-21.750000000000004)
11.3506 	EXP 	suwak_badanie: markerPos = np.float64(-21.750000000000004)
11.3537 	DATA 	Mouse:  Left button up, pos=(313,147)
11.3673 	EXP 	suwak_badanie: markerPos = np.float64(-21.750000000000004)
11.3702 	EXP 	New trial (rep=0, index=1): <Trial 1 (1 in rep 0) data={'image_path': 'C:\\Users\\julia\\OneDrive\\Pulpit\\percepcja_psychopy\\photos\\Twarze 80,20\\OZ 80,20\\1K OZ 8020.png', 'etykieta': 'Poprzedni badani wykryli w tej twarzy oczekiwanie.', 'left_label': 'zaskoczenie', 'right_label': 'oczekiwanie', 'show_label': 1, 'proporcja_zdjecia': '80/20 oczekiwanie', 'typ_etykiety': 'Kategorialna Ludzie', 'warunek': 'Zgodny', 'kierunek': 'Dominacja Prawo oczekiwanie', 'thisN': 1, 'thisTrialN': 1, 'thisRepN': 0}>
11.4342 	EXP 	label_text: autoDraw = False
11.4342 	EXP 	stim_image: autoDraw = False
11.4342 	EXP 	suwak_badanie: autoDraw = False
11.4342 	EXP 	lewa_etykieta: autoDraw = False
11.4342 	EXP 	prawa_etykieta: autoDraw = False
11.4342 	EXP 	fiksacja1: autoDraw = False
11.4342 	EXP 	fiksacja2: autoDraw = False
11.4342 	EXP 	pytanie: autoDraw = False
11.4342 	EXP 	label_text: height = np.float64(0.05)
11.4342 	EXP 	label_text: height = np.float64(0.05)
11.4342 	EXP 	label_text: height = np.float64(0.05)
11.4342 	EXP 	label_text: text = 'Poprzedni badani wykryli w tej twarzy oczekiwanie.'
11.4342 	EXP 	stim_image: image = 'C:\\Users\\julia\\OneDrive\\Pulpit\\percepcja_psychopy\\photos\\Twarze 80,20\\OZ 80,20\\1K OZ 8020.png'
11.4342 	EXP 	suwak_badanie: markerPos = None
11.4342 	EXP 	suwak_badanie: markerPos = 0
11.4342 	EXP 	lewa_etykieta: height = np.float64(0.05)
11.4342 	EXP 	lewa_etykieta: height = np.float64(0.05)
11.4342 	EXP 	lewa_etykieta: height = np.float64(0.05)
11.4342 	EXP 	lewa_etykieta: text = 'zaskoczenie'
11.4342 	EXP 	prawa_etykieta: height = np.float64(0.05)
11.4342 	EXP 	prawa_etykieta: height = np.float64(0.05)
11.4342 	EXP 	prawa_etykieta: height = np.float64(0.05)
11.4342 	EXP 	prawa_etykieta: text = 'oczekiwanie'
11.4342 	EXP 	fiksacja1: autoDraw = True
12.4477 	EXP 	fiksacja1: autoDraw = False
12.4810 	EXP 	label_text: autoDraw = True
14.9746 	EXP 	fiksacja2: autoDraw = True
14.9917 	EXP 	label_text: autoDraw = False
15.9721 	EXP 	stim_image: autoDraw = True
15.9889 	EXP 	fiksacja2: autoDraw = False
16.8690 	EXP 	suwak_badanie: autoDraw = True
16.8690 	EXP 	lewa_etykieta: autoDraw = True
16.8690 	EXP 	prawa_etykieta: autoDraw = True
16.8690 	EXP 	pytanie: autoDraw = True
16.8854 	EXP 	stim_image: autoDraw = False
18.0420 	DATA 	Mouse: Left button down, pos=(397,146)
18.0656 	EXP 	suwak_badanie: markerPos = np.float64(-0.75)
18.0824 	EXP 	suwak_badanie: markerPos = np.float64(0.0)
18.0985 	EXP 	suwak_badanie: markerPos = np.float64(0.5)
18.1151 	EXP 	suwak_badanie: markerPos = np.float64(1.249999999999993)
18.1323 	EXP 	suwak_badanie: markerPos = np.float64(2.25)
18.1481 	EXP 	suwak_badanie: markerPos = np.float64(3.75)
18.1651 	EXP 	suwak_badanie: markerPos = np.float64(5.500000000000007)
18.1818 	EXP 	suwak_badanie: markerPos = np.float64(10.25)
18.1993 	EXP 	suwak_badanie: markerPos = np.float64(11.250000000000007)
18.2151 	EXP 	suwak_badanie: markerPos = np.float64(18.5)
18.2316 	EXP 	suwak_badanie: markerPos = np.float64(21.000000000000014)
18.2483 	EXP 	suwak_badanie: markerPos = np.float64(22.75)
18.2657 	EXP 	suwak_badanie: markerPos = np.float64(24.5)
18.2821 	EXP 	suwak_badanie: markerPos = np.float64(26.0)
18.2985 	EXP 	suwak_badanie: markerPos = np.float64(27.0)
18.3147 	EXP 	suwak_badanie: markerPos = np.float64(28.499999999999986)
18.3310 	EXP 	suwak_badanie: markerPos = np.float64(29.5)
18.3486 	EXP 	suwak_badanie: markerPos = np.float64(30.25)
18.3645 	EXP 	suwak_badanie: markerPos = np.float64(30.749999999999986)
18.3812 	EXP 	suwak_badanie: markerPos = np.float64(31.0)
18.3974 	EXP 	suwak_badanie: markerPos = np.float64(31.5)
18.4147 	EXP 	suwak_badanie: markerPos = np.float64(31.75)
18.4304 	EXP 	suwak_badanie: markerPos = np.float64(32.0)
18.4472 	EXP 	suwak_badanie: markerPos = np.float64(32.0)
18.4644 	EXP 	suwak_badanie: markerPos = np.float64(32.0)
18.4810 	EXP 	suwak_badanie: markerPos = np.float64(32.0)
18.4980 	EXP 	suwak_badanie: markerPos = np.float64(32.0)
18.5141 	EXP 	suwak_badanie: markerPos = np.float64(32.0)
18.5311 	EXP 	suwak_badanie: markerPos = np.float64(32.0)
18.5473 	EXP 	suwak_badanie: markerPos = np.float64(32.0)
18.5499 	DATA 	Mouse:  Left button up, pos=(528,146)
18.5640 	EXP 	suwak_badanie: markerPos = np.float64(32.0)
18.5672 	EXP 	New trial (rep=0, index=2): <Trial 2 (2 in rep 0) data={'image_path': 'C:\\Users\\julia\\OneDrive\\Pulpit\\percepcja_psychopy\\photos\\Twarze 50,50\\RS 50,50\\1K RS 5050.png', 'etykieta': 'kontrolna', 'left_label': 'radość', 'right_label': 'smutek', 'show_label': 0, 'proporcja_zdjecia': '50/50', 'typ_etykiety': 'Kontrolna', 'warunek': 'kontrolny', 'kierunek': 'Brak', 'thisN': 2, 'thisTrialN': 2, 'thisRepN': 0}>
18.6301 	EXP 	label_text: autoDraw = False
18.6301 	EXP 	stim_image: autoDraw = False
18.6301 	EXP 	suwak_badanie: autoDraw = False
18.6301 	EXP 	lewa_etykieta: autoDraw = False
18.6301 	EXP 	prawa_etykieta: autoDraw = False
18.6301 	EXP 	fiksacja1: autoDraw = False
18.6301 	EXP 	fiksacja2: autoDraw = False
18.6301 	EXP 	pytanie: autoDraw = False
18.6301 	EXP 	label_text: height = np.float64(0.05)
18.6301 	EXP 	label_text: height = np.float64(0.05)
18.6301 	EXP 	label_text: height = np.float64(0.05)
18.6301 	EXP 	label_text: text = 'kontrolna'
18.6301 	EXP 	stim_image: image = 'C:\\Users\\julia\\OneDrive\\Pulpit\\percepcja_psychopy\\photos\\Twarze 50,50\\RS 50,50\\1K RS 5050.png'
18.6301 	EXP 	suwak_badanie: markerPos = None
18.6301 	EXP 	suwak_badanie: markerPos = 0
18.6301 	EXP 	lewa_etykieta: height = np.float64(0.05)
18.6301 	EXP 	lewa_etykieta: height = np.float64(0.05)
18.6301 	EXP 	lewa_etykieta: height = np.float64(0.05)
18.6301 	EXP 	lewa_etykieta: text = 'radość'
18.6301 	EXP 	prawa_etykieta: height = np.float64(0.05)
18.6301 	EXP 	prawa_etykieta: height = np.float64(0.05)
18.6301 	EXP 	prawa_etykieta: height = np.float64(0.05)
18.6301 	EXP 	prawa_etykieta: text = 'smutek'
18.6301 	EXP 	fiksacja1: autoDraw = True
19.6452 	EXP 	fiksacja1: autoDraw = False
19.6784 	EXP 	label_text: autoDraw = True
22.1717 	EXP 	fiksacja2: autoDraw = True
22.1883 	EXP 	label_text: autoDraw = False
23.1690 	EXP 	stim_image: autoDraw = True
23.1857 	EXP 	fiksacja2: autoDraw = False
24.0660 	EXP 	suwak_badanie: autoDraw = True
24.0660 	EXP 	lewa_etykieta: autoDraw = True
24.0660 	EXP 	prawa_etykieta: autoDraw = True
24.0660 	EXP 	pytanie: autoDraw = True
24.0825 	EXP 	stim_image: autoDraw = False
28.2931 	DATA 	Mouse: Left button down, pos=(400,158)
28.3043 	EXP 	suwak_badanie: markerPos = np.float64(0.0)
28.3202 	EXP 	suwak_badanie: markerPos = np.float64(-0.25)
28.3375 	EXP 	suwak_badanie: markerPos = np.float64(-0.5)
28.3546 	EXP 	suwak_badanie: markerPos = np.float64(-1.5)
28.3708 	EXP 	suwak_badanie: markerPos = np.float64(-2.75)
28.3872 	EXP 	suwak_badanie: markerPos = np.float64(-2.75)
28.4038 	EXP 	suwak_badanie: markerPos = np.float64(-7.25)
28.4205 	EXP 	suwak_badanie: markerPos = np.float64(-9.0)
28.4370 	EXP 	suwak_badanie: markerPos = np.float64(-10.500000000000007)
28.4538 	EXP 	suwak_badanie: markerPos = np.float64(-11.75)
28.4704 	EXP 	suwak_badanie: markerPos = np.float64(-13.0)
28.4880 	EXP 	suwak_badanie: markerPos = np.float64(-14.249999999999993)
28.5041 	EXP 	suwak_badanie: markerPos = np.float64(-15.75)
28.5207 	EXP 	suwak_badanie: markerPos = np.float64(-17.5)
28.5366 	EXP 	suwak_badanie: markerPos = np.float64(-18.75)
28.5531 	EXP 	suwak_badanie: markerPos = np.float64(-19.5)
28.5704 	EXP 	suwak_badanie: markerPos = np.float64(-19.749999999999996)
28.5871 	EXP 	suwak_badanie: markerPos = np.float64(-19.749999999999996)
28.6036 	EXP 	suwak_badanie: markerPos = np.float64(-20.0)
28.6200 	EXP 	suwak_badanie: markerPos = np.float64(-20.0)
28.6371 	EXP 	suwak_badanie: markerPos = np.float64(-20.0)
28.6536 	EXP 	suwak_badanie: markerPos = np.float64(-20.0)
28.6695 	EXP 	suwak_badanie: markerPos = np.float64(-20.0)
28.6859 	EXP 	suwak_badanie: markerPos = np.float64(-20.0)
28.7032 	EXP 	suwak_badanie: markerPos = np.float64(-20.0)
28.7198 	EXP 	suwak_badanie: markerPos = np.float64(-20.0)
28.7234 	DATA 	Mouse:  Left button up, pos=(320,137)
28.7369 	EXP 	suwak_badanie: markerPos = np.float64(-20.0)
28.7400 	EXP 	New trial (rep=0, index=3): <Trial 3 (3 in rep 0) data={'image_path': 'C:\\Users\\julia\\OneDrive\\Pulpit\\percepcja_psychopy\\photos\\Twarze 80,20\\ZW 80,20\\1K ZW 8020.png', 'etykieta': 'Poprzedni badani wykryli w tej twarzy 20% zaufania.', 'left_label': 'zaufanie', 'right_label': 'wstręt', 'show_label': 1, 'proporcja_zdjecia': '80/20 zaufania', 'typ_etykiety': 'Procentowa Ludzie', 'warunek': 'Niezgodny', 'kierunek': 'Dominacja Lewo zaufanie', 'thisN': 3, 'thisTrialN': 3, 'thisRepN': 0}>
28.8025 	EXP 	label_text: autoDraw = False
28.8025 	EXP 	stim_image: autoDraw = False
28.8025 	EXP 	suwak_badanie: autoDraw = False
28.8025 	EXP 	lewa_etykieta: autoDraw = False
28.8025 	EXP 	prawa_etykieta: autoDraw = False
28.8025 	EXP 	fiksacja1: autoDraw = False
28.8025 	EXP 	fiksacja2: autoDraw = False
28.8025 	EXP 	pytanie: autoDraw = False
28.8025 	EXP 	label_text: height = np.float64(0.05)
28.8025 	EXP 	label_text: height = np.float64(0.05)
28.8025 	EXP 	label_text: height = np.float64(0.05)
28.8025 	EXP 	label_text: text = 'Poprzedni badani wykryli w tej twarzy 20% zaufania.'
28.8025 	EXP 	stim_image: image = 'C:\\Users\\julia\\OneDrive\\Pulpit\\percepcja_psychopy\\photos\\Twarze 80,20\\ZW 80,20\\1K ZW 8020.png'
28.8025 	EXP 	suwak_badanie: markerPos = None
28.8025 	EXP 	suwak_badanie: markerPos = 0
28.8025 	EXP 	lewa_etykieta: height = np.float64(0.05)
28.8025 	EXP 	lewa_etykieta: height = np.float64(0.05)
28.8025 	EXP 	lewa_etykieta: height = np.float64(0.05)
28.8025 	EXP 	lewa_etykieta: text = 'zaufanie'
28.8025 	EXP 	prawa_etykieta: height = np.float64(0.05)
28.8025 	EXP 	prawa_etykieta: height = np.float64(0.05)
28.8025 	EXP 	prawa_etykieta: height = np.float64(0.05)
28.8025 	EXP 	prawa_etykieta: text = 'wstręt'
28.8025 	EXP 	fiksacja1: autoDraw = True
29.8178 	EXP 	fiksacja1: autoDraw = False
29.8512 	EXP 	label_text: autoDraw = True
32.3437 	EXP 	fiksacja2: autoDraw = True
32.3601 	EXP 	label_text: autoDraw = False
33.3408 	EXP 	stim_image: autoDraw = True
33.3572 	EXP 	fiksacja2: autoDraw = False
34.2547 	EXP 	stim_image: autoDraw = False
34.2547 	EXP 	suwak_badanie: autoDraw = True
34.2547 	EXP 	lewa_etykieta: autoDraw = True
34.2547 	EXP 	prawa_etykieta: autoDraw = True
34.2547 	EXP 	pytanie: autoDraw = True
34.9924 	DATA 	Mouse: Left button down, pos=(405,152)
35.0025 	EXP 	suwak_badanie: markerPos = np.float64(1.5)
35.0195 	EXP 	suwak_badanie: markerPos = np.float64(1.749999999999993)
35.0367 	EXP 	suwak_badanie: markerPos = np.float64(3.0)
35.0525 	EXP 	suwak_badanie: markerPos = np.float64(5.75)
35.0688 	EXP 	suwak_badanie: markerPos = np.float64(9.25)
35.0858 	EXP 	suwak_badanie: markerPos = np.float64(12.250000000000007)
35.1030 	EXP 	suwak_badanie: markerPos = np.float64(15.25)
35.1201 	EXP 	suwak_badanie: markerPos = np.float64(17.75)
35.1351 	EXP 	suwak_badanie: markerPos = np.float64(20.25)
35.1519 	EXP 	suwak_badanie: markerPos = np.float64(22.75)
35.1683 	EXP 	suwak_badanie: markerPos = np.float64(26.75)
35.1859 	EXP 	suwak_badanie: markerPos = np.float64(28.0)
35.2021 	EXP 	suwak_badanie: markerPos = np.float64(28.25)
35.2186 	EXP 	suwak_badanie: markerPos = np.float64(28.499999999999986)
35.2347 	EXP 	suwak_badanie: markerPos = np.float64(28.499999999999986)
35.2520 	EXP 	suwak_badanie: markerPos = np.float64(28.750000000000014)
35.2689 	EXP 	suwak_badanie: markerPos = np.float64(29.0)
35.2852 	EXP 	suwak_badanie: markerPos = np.float64(29.0)
35.3021 	EXP 	suwak_badanie: markerPos = np.float64(29.25)
35.3182 	EXP 	suwak_badanie: markerPos = np.float64(29.75)
35.3352 	EXP 	suwak_badanie: markerPos = np.float64(29.75)
35.3514 	EXP 	suwak_badanie: markerPos = np.float64(30.0)
35.3680 	EXP 	suwak_badanie: markerPos = np.float64(30.0)
35.3843 	EXP 	suwak_badanie: markerPos = np.float64(30.0)
35.4012 	EXP 	suwak_badanie: markerPos = np.float64(30.0)
35.4182 	EXP 	suwak_badanie: markerPos = np.float64(30.0)
35.4348 	EXP 	suwak_badanie: markerPos = np.float64(30.0)
35.4514 	EXP 	suwak_badanie: markerPos = np.float64(30.0)
35.4680 	EXP 	suwak_badanie: markerPos = np.float64(30.0)
35.4713 	DATA 	Mouse:  Left button up, pos=(520,135)
35.4850 	EXP 	suwak_badanie: markerPos = np.float64(30.0)
35.4878 	EXP 	New trial (rep=0, index=4): <Trial 4 (4 in rep 0) data={'image_path': 'C:\\Users\\julia\\OneDrive\\Pulpit\\percepcja_psychopy\\photos\\Twarze 50,50\\ZO 50,50\\1K ZO 5050.png', 'etykieta': 'Poprzedni badani wykryli w tej twarzy 75% oczekiwania.', 'left_label': 'zaskoczenie', 'right_label': 'oczekiwanie', 'show_label': 1, 'proporcja_zdjecia': '50/50 ', 'typ_etykiety': 'Procentowa Ludzie', 'warunek': 'n/d', 'kierunek': 'Sugestia Prawo oczekiwanie', 'thisN': 4, 'thisTrialN': 4, 'thisRepN': 0}>
35.5688 	EXP 	label_text: autoDraw = False
35.5688 	EXP 	stim_image: autoDraw = False
35.5688 	EXP 	suwak_badanie: autoDraw = False
35.5688 	EXP 	lewa_etykieta: autoDraw = False
35.5688 	EXP 	prawa_etykieta: autoDraw = False
35.5688 	EXP 	fiksacja1: autoDraw = False
35.5688 	EXP 	fiksacja2: autoDraw = False
35.5688 	EXP 	pytanie: autoDraw = False
35.5688 	EXP 	label_text: height = np.float64(0.05)
35.5688 	EXP 	label_text: height = np.float64(0.05)
35.5688 	EXP 	label_text: height = np.float64(0.05)
35.5688 	EXP 	label_text: text = 'Poprzedni badani wykryli w tej twarzy 75% oczekiwania.'
35.5688 	EXP 	stim_image: image = 'C:\\Users\\julia\\OneDrive\\Pulpit\\percepcja_psychopy\\photos\\Twarze 50,50\\ZO 50,50\\1K ZO 5050.png'
35.5688 	EXP 	suwak_badanie: markerPos = None
35.5688 	EXP 	suwak_badanie: markerPos = 0
35.5688 	EXP 	lewa_etykieta: height = np.float64(0.05)
35.5688 	EXP 	lewa_etykieta: height = np.float64(0.05)
35.5688 	EXP 	lewa_etykieta: height = np.float64(0.05)
35.5688 	EXP 	lewa_etykieta: text = 'zaskoczenie'
35.5688 	EXP 	prawa_etykieta: height = np.float64(0.05)
35.5688 	EXP 	prawa_etykieta: height = np.float64(0.05)
35.5688 	EXP 	prawa_etykieta: height = np.float64(0.05)
35.5688 	EXP 	prawa_etykieta: text = 'oczekiwanie'
35.5688 	EXP 	fiksacja1: autoDraw = True
36.5819 	EXP 	fiksacja1: autoDraw = False
36.5984 	EXP 	label_text: autoDraw = True
39.0913 	EXP 	fiksacja2: autoDraw = True
39.1082 	EXP 	label_text: autoDraw = False
40.0899 	EXP 	stim_image: autoDraw = True
40.1061 	EXP 	fiksacja2: autoDraw = False
40.9867 	EXP 	suwak_badanie: autoDraw = True
40.9867 	EXP 	lewa_etykieta: autoDraw = True
40.9867 	EXP 	prawa_etykieta: autoDraw = True
40.9867 	EXP 	pytanie: autoDraw = True
41.0033 	EXP 	stim_image: autoDraw = False
42.6843 	DATA 	Mouse: Left button down, pos=(401,144)
42.6983 	EXP 	suwak_badanie: markerPos = np.float64(0.2499999999999929)
42.7145 	EXP 	suwak_badanie: markerPos = np.float64(0.2499999999999929)
42.7316 	EXP 	suwak_badanie: markerPos = np.float64(-0.25)
42.7483 	EXP 	suwak_badanie: markerPos = np.float64(-0.75)
42.7651 	EXP 	suwak_badanie: markerPos = np.float64(-1.0)
42.7815 	EXP 	suwak_badanie: markerPos = np.float64(-2.5)
42.7991 	EXP 	suwak_badanie: markerPos = np.float64(-4.0)
42.8155 	EXP 	suwak_badanie: markerPos = np.float64(-6.0)
42.8310 	EXP 	suwak_badanie: markerPos = np.float64(-9.25)
42.8478 	EXP 	suwak_badanie: markerPos = np.float64(-12.5)
42.8643 	EXP 	suwak_badanie: markerPos = np.float64(-14.249999999999993)
42.8817 	EXP 	suwak_badanie: markerPos = np.float64(-16.75)
42.8983 	EXP 	suwak_badanie: markerPos = np.float64(-18.0)
42.9142 	EXP 	suwak_badanie: markerPos = np.float64(-19.5)
42.9309 	EXP 	suwak_badanie: markerPos = np.float64(-21.250000000000004)
42.9472 	EXP 	suwak_badanie: markerPos = np.float64(-22.250000000000004)
42.9649 	EXP 	suwak_badanie: markerPos = np.float64(-23.0)
42.9801 	EXP 	suwak_badanie: markerPos = np.float64(-23.75)
42.9979 	EXP 	suwak_badanie: markerPos = np.float64(-24.5)
43.0141 	EXP 	suwak_badanie: markerPos = np.float64(-26.0)
43.0306 	EXP 	suwak_badanie: markerPos = np.float64(-26.5)
43.0473 	EXP 	suwak_badanie: markerPos = np.float64(-27.499999999999996)
43.0639 	EXP 	suwak_badanie: markerPos = np.float64(-28.000000000000004)
43.0806 	EXP 	suwak_badanie: markerPos = np.float64(-28.000000000000004)
43.0976 	EXP 	suwak_badanie: markerPos = np.float64(-28.000000000000004)
43.1138 	EXP 	suwak_badanie: markerPos = np.float64(-28.000000000000004)
43.1302 	EXP 	suwak_badanie: markerPos = np.float64(-28.249999999999996)
43.1468 	EXP 	suwak_badanie: markerPos = np.float64(-28.249999999999996)
43.1634 	EXP 	suwak_badanie: markerPos = np.float64(-28.999999999999996)
43.1799 	EXP 	suwak_badanie: markerPos = np.float64(-29.5)
43.1973 	EXP 	suwak_badanie: markerPos = np.float64(-29.75)
43.2130 	EXP 	suwak_badanie: markerPos = np.float64(-29.75)
43.2301 	EXP 	suwak_badanie: markerPos = np.float64(-30.25)
43.2475 	EXP 	suwak_badanie: markerPos = np.float64(-30.5)
43.2635 	EXP 	suwak_badanie: markerPos = np.float64(-30.5)
43.2805 	EXP 	suwak_badanie: markerPos = np.float64(-30.5)
43.2968 	EXP 	suwak_badanie: markerPos = np.float64(-30.5)
43.3129 	EXP 	suwak_badanie: markerPos = np.float64(-30.5)
43.3299 	EXP 	suwak_badanie: markerPos = np.float64(-30.5)
43.3333 	DATA 	Mouse:  Left button up, pos=(278,137)
43.3470 	EXP 	suwak_badanie: markerPos = np.float64(-30.5)
43.3497 	EXP 	New trial (rep=0, index=5): <Trial 5 (5 in rep 0) data={'image_path': 'C:\\Users\\julia\\OneDrive\\Pulpit\\percepcja_psychopy\\photos\\Twarze 80,20\\ZS 80,20\\1K ZS 8020.png', 'etykieta': 'kontrolna', 'left_label': 'strach', 'right_label': 'złość', 'show_label': 0, 'proporcja_zdjecia': '80/20 prawo (złość)', 'typ_etykiety': 'Kontrolna', 'warunek': 'kontrolny', 'kierunek': 'Brak', 'thisN': 5, 'thisTrialN': 5, 'thisRepN': 0}>
43.4144 	EXP 	label_text: autoDraw = False
43.4144 	EXP 	stim_image: autoDraw = False
43.4144 	EXP 	suwak_badanie: autoDraw = False
43.4144 	EXP 	lewa_etykieta: autoDraw = False
43.4144 	EXP 	prawa_etykieta: autoDraw = False
43.4144 	EXP 	fiksacja1: autoDraw = False
43.4144 	EXP 	fiksacja2: autoDraw = False
43.4144 	EXP 	pytanie: autoDraw = False
43.4144 	EXP 	label_text: height = np.float64(0.05)
43.4144 	EXP 	label_text: height = np.float64(0.05)
43.4144 	EXP 	label_text: height = np.float64(0.05)
43.4144 	EXP 	label_text: text = 'kontrolna'
43.4144 	EXP 	stim_image: image = 'C:\\Users\\julia\\OneDrive\\Pulpit\\percepcja_psychopy\\photos\\Twarze 80,20\\ZS 80,20\\1K ZS 8020.png'
43.4144 	EXP 	suwak_badanie: markerPos = None
43.4144 	EXP 	suwak_badanie: markerPos = 0
43.4144 	EXP 	lewa_etykieta: height = np.float64(0.05)
43.4144 	EXP 	lewa_etykieta: height = np.float64(0.05)
43.4144 	EXP 	lewa_etykieta: height = np.float64(0.05)
43.4144 	EXP 	lewa_etykieta: text = 'strach'
43.4144 	EXP 	prawa_etykieta: height = np.float64(0.05)
43.4144 	EXP 	prawa_etykieta: height = np.float64(0.05)
43.4144 	EXP 	prawa_etykieta: height = np.float64(0.05)
43.4144 	EXP 	prawa_etykieta: text = 'złość'
43.4144 	EXP 	fiksacja1: autoDraw = True
44.4270 	EXP 	fiksacja1: autoDraw = False
44.4603 	EXP 	label_text: autoDraw = True
46.9543 	EXP 	fiksacja2: autoDraw = True
46.9706 	EXP 	label_text: autoDraw = False
47.9516 	EXP 	stim_image: autoDraw = True
47.9681 	EXP 	fiksacja2: autoDraw = False
48.8487 	EXP 	suwak_badanie: autoDraw = True
48.8487 	EXP 	lewa_etykieta: autoDraw = True
48.8487 	EXP 	prawa_etykieta: autoDraw = True
48.8487 	EXP 	pytanie: autoDraw = True
48.8658 	EXP 	stim_image: autoDraw = False
51.1439 	DATA 	Mouse: Left button down, pos=(400,145)
51.1585 	EXP 	suwak_badanie: markerPos = np.float64(0.0)
51.1751 	EXP 	suwak_badanie: markerPos = np.float64(0.0)
51.1921 	EXP 	suwak_badanie: markerPos = np.float64(0.0)
51.2089 	EXP 	suwak_badanie: markerPos = np.float64(0.0)
51.2252 	EXP 	suwak_badanie: markerPos = np.float64(0.0)
51.2419 	EXP 	suwak_badanie: markerPos = np.float64(0.0)
51.2582 	EXP 	suwak_badanie: markerPos = np.float64(0.0)
51.2749 	EXP 	suwak_badanie: markerPos = np.float64(0.0)
51.2917 	EXP 	suwak_badanie: markerPos = np.float64(0.7499999999999929)
51.3080 	EXP 	suwak_badanie: markerPos = np.float64(2.75)
51.3248 	EXP 	suwak_badanie: markerPos = np.float64(4.25)
51.3416 	EXP 	suwak_badanie: markerPos = np.float64(5.75)
51.3581 	EXP 	suwak_badanie: markerPos = np.float64(6.499999999999993)
51.3743 	EXP 	suwak_badanie: markerPos = np.float64(7.499999999999993)
51.3911 	EXP 	suwak_badanie: markerPos = np.float64(7.999999999999993)
51.4079 	EXP 	suwak_badanie: markerPos = np.float64(8.25)
51.4243 	EXP 	suwak_badanie: markerPos = np.float64(8.75)
51.4403 	EXP 	suwak_badanie: markerPos = np.float64(10.0)
51.4568 	EXP 	suwak_badanie: markerPos = np.float64(11.749999999999993)
51.4736 	EXP 	suwak_badanie: markerPos = np.float64(12.750000000000007)
51.4909 	EXP 	suwak_badanie: markerPos = np.float64(13.250000000000007)
51.5075 	EXP 	suwak_badanie: markerPos = np.float64(13.5)
51.5240 	EXP 	suwak_badanie: markerPos = np.float64(14.0)
51.5405 	EXP 	suwak_badanie: markerPos = np.float64(14.25)
51.5570 	EXP 	suwak_badanie: markerPos = np.float64(14.5)
51.5741 	EXP 	suwak_badanie: markerPos = np.float64(14.75)
51.5909 	EXP 	suwak_badanie: markerPos = np.float64(14.75)
51.6072 	EXP 	suwak_badanie: markerPos = np.float64(14.75)
51.6243 	EXP 	suwak_badanie: markerPos = np.float64(14.75)
51.6402 	EXP 	suwak_badanie: markerPos = np.float64(15.0)
51.6571 	EXP 	suwak_badanie: markerPos = np.float64(15.0)
51.6733 	EXP 	suwak_badanie: markerPos = np.float64(15.0)
51.6908 	EXP 	suwak_badanie: markerPos = np.float64(15.0)
51.7082 	EXP 	suwak_badanie: markerPos = np.float64(15.0)
51.7237 	EXP 	suwak_badanie: markerPos = np.float64(15.25)
51.7406 	EXP 	suwak_badanie: markerPos = np.float64(15.25)
51.7563 	EXP 	suwak_badanie: markerPos = np.float64(15.5)
51.7734 	EXP 	suwak_badanie: markerPos = np.float64(15.5)
51.7903 	EXP 	suwak_badanie: markerPos = np.float64(15.5)
51.8067 	EXP 	suwak_badanie: markerPos = np.float64(15.5)
51.8234 	EXP 	suwak_badanie: markerPos = np.float64(15.5)
51.8406 	EXP 	suwak_badanie: markerPos = np.float64(15.5)
51.8573 	EXP 	suwak_badanie: markerPos = np.float64(15.75)
51.8744 	EXP 	suwak_badanie: markerPos = np.float64(15.75)
51.8907 	EXP 	suwak_badanie: markerPos = np.float64(15.75)
51.9069 	EXP 	suwak_badanie: markerPos = np.float64(15.75)
51.9228 	EXP 	suwak_badanie: markerPos = np.float64(15.75)
51.9400 	EXP 	suwak_badanie: markerPos = np.float64(15.75)
51.9567 	EXP 	suwak_badanie: markerPos = np.float64(15.75)
51.9733 	EXP 	suwak_badanie: markerPos = np.float64(15.75)
51.9896 	EXP 	suwak_badanie: markerPos = np.float64(15.75)
52.0061 	EXP 	suwak_badanie: markerPos = np.float64(15.75)
52.0229 	EXP 	suwak_badanie: markerPos = np.float64(15.75)
52.0394 	EXP 	suwak_badanie: markerPos = np.float64(15.75)
52.0559 	EXP 	suwak_badanie: markerPos = np.float64(15.75)
52.0724 	EXP 	suwak_badanie: markerPos = np.float64(15.75)
52.0895 	EXP 	suwak_badanie: markerPos = np.float64(16.0)
52.1060 	EXP 	suwak_badanie: markerPos = np.float64(16.0)
52.1225 	EXP 	suwak_badanie: markerPos = np.float64(16.0)
52.1396 	EXP 	suwak_badanie: markerPos = np.float64(16.0)
52.1563 	EXP 	suwak_badanie: markerPos = np.float64(16.0)
52.1742 	EXP 	suwak_badanie: markerPos = np.float64(16.0)
52.1901 	EXP 	suwak_badanie: markerPos = np.float64(16.25)
52.2055 	EXP 	suwak_badanie: markerPos = np.float64(16.25)
52.2220 	EXP 	suwak_badanie: markerPos = np.float64(16.25)
52.2385 	EXP 	suwak_badanie: markerPos = np.float64(16.25)
52.2564 	EXP 	suwak_badanie: markerPos = np.float64(16.25)
52.2720 	EXP 	suwak_badanie: markerPos = np.float64(16.5)
52.2888 	EXP 	suwak_badanie: markerPos = np.float64(16.5)
52.3055 	EXP 	suwak_badanie: markerPos = np.float64(16.5)
52.3222 	EXP 	suwak_badanie: markerPos = np.float64(16.5)
52.3382 	EXP 	suwak_badanie: markerPos = np.float64(16.5)
52.3553 	EXP 	suwak_badanie: markerPos = np.float64(16.5)
52.3717 	EXP 	suwak_badanie: markerPos = np.float64(16.5)
52.3885 	EXP 	suwak_badanie: markerPos = np.float64(16.5)
52.4056 	EXP 	suwak_badanie: markerPos = np.float64(16.5)
52.4212 	EXP 	suwak_badanie: markerPos = np.float64(16.75)
52.4382 	EXP 	suwak_badanie: markerPos = np.float64(16.75)
52.4549 	EXP 	suwak_badanie: markerPos = np.float64(16.75)
52.4718 	EXP 	suwak_badanie: markerPos = np.float64(16.75)
52.4878 	EXP 	suwak_badanie: markerPos = np.float64(16.75)
52.5046 	EXP 	suwak_badanie: markerPos = np.float64(16.75)
52.5222 	EXP 	suwak_badanie: markerPos = np.float64(16.75)
52.5379 	EXP 	suwak_badanie: markerPos = np.float64(16.75)
52.5549 	EXP 	suwak_badanie: markerPos = np.float64(16.75)
52.5718 	EXP 	suwak_badanie: markerPos = np.float64(16.75)
52.5883 	EXP 	suwak_badanie: markerPos = np.float64(16.75)
52.6040 	EXP 	suwak_badanie: markerPos = np.float64(16.75)
52.6213 	EXP 	suwak_badanie: markerPos = np.float64(16.75)
52.6377 	EXP 	suwak_badanie: markerPos = np.float64(16.75)
52.6541 	EXP 	suwak_badanie: markerPos = np.float64(16.75)
52.6708 	EXP 	suwak_badanie: markerPos = np.float64(16.75)
52.6873 	EXP 	suwak_badanie: markerPos = np.float64(16.75)
52.7039 	EXP 	suwak_badanie: markerPos = np.float64(16.75)
52.7208 	EXP 	suwak_badanie: markerPos = np.float64(16.75)
52.7373 	EXP 	suwak_badanie: markerPos = np.float64(16.75)
52.7542 	EXP 	suwak_badanie: markerPos = np.float64(16.75)
52.7710 	EXP 	suwak_badanie: markerPos = np.float64(16.75)
52.7875 	EXP 	suwak_badanie: markerPos = np.float64(16.75)
52.8040 	EXP 	suwak_badanie: markerPos = np.float64(16.75)
52.8207 	EXP 	suwak_badanie: markerPos = np.float64(16.75)
52.8371 	EXP 	suwak_badanie: markerPos = np.float64(16.75)
52.8539 	EXP 	suwak_badanie: markerPos = np.float64(16.75)
52.8703 	EXP 	suwak_badanie: markerPos = np.float64(16.75)
52.8891 	EXP 	suwak_badanie: markerPos = np.float64(16.75)
52.9040 	EXP 	suwak_badanie: markerPos = np.float64(16.75)
52.9205 	EXP 	suwak_badanie: markerPos = np.float64(16.75)
52.9363 	EXP 	suwak_badanie: markerPos = np.float64(16.75)
52.9533 	EXP 	suwak_badanie: markerPos = np.float64(16.75)
52.9702 	EXP 	suwak_badanie: markerPos = np.float64(16.75)
52.9869 	EXP 	suwak_badanie: markerPos = np.float64(16.75)
53.0034 	EXP 	suwak_badanie: markerPos = np.float64(16.75)
53.0199 	EXP 	suwak_badanie: markerPos = np.float64(16.75)
53.0370 	EXP 	suwak_badanie: markerPos = np.float64(16.75)
53.0535 	EXP 	suwak_badanie: markerPos = np.float64(16.75)
53.0704 	EXP 	suwak_badanie: markerPos = np.float64(16.75)
53.0872 	EXP 	suwak_badanie: markerPos = np.float64(16.75)
53.1037 	EXP 	suwak_badanie: markerPos = np.float64(16.75)
53.1207 	EXP 	suwak_badanie: markerPos = np.float64(16.75)
53.1362 	EXP 	suwak_badanie: markerPos = np.float64(16.75)
53.1532 	EXP 	suwak_badanie: markerPos = np.float64(16.75)
53.1700 	EXP 	suwak_badanie: markerPos = np.float64(16.75)
53.1861 	EXP 	suwak_badanie: markerPos = np.float64(16.75)
53.2028 	EXP 	suwak_badanie: markerPos = np.float64(16.75)
53.2197 	EXP 	suwak_badanie: markerPos = np.float64(16.75)
53.2358 	EXP 	suwak_badanie: markerPos = np.float64(16.75)
53.2526 	EXP 	suwak_badanie: markerPos = np.float64(16.75)
53.2699 	EXP 	suwak_badanie: markerPos = np.float64(16.75)
53.2859 	EXP 	suwak_badanie: markerPos = np.float64(16.75)
53.3028 	EXP 	suwak_badanie: markerPos = np.float64(16.75)
53.3198 	EXP 	suwak_badanie: markerPos = np.float64(16.75)
53.3364 	EXP 	suwak_badanie: markerPos = np.float64(16.75)
53.3528 	EXP 	suwak_badanie: markerPos = np.float64(16.75)
53.3690 	EXP 	suwak_badanie: markerPos = np.float64(16.75)
53.3858 	EXP 	suwak_badanie: markerPos = np.float64(16.75)
53.4027 	EXP 	suwak_badanie: markerPos = np.float64(16.75)
53.4194 	EXP 	suwak_badanie: markerPos = np.float64(16.75)
53.4358 	EXP 	suwak_badanie: markerPos = np.float64(16.75)
53.4519 	EXP 	suwak_badanie: markerPos = np.float64(16.75)
53.4689 	EXP 	suwak_badanie: markerPos = np.float64(16.75)
53.4851 	EXP 	suwak_badanie: markerPos = np.float64(16.75)
53.5020 	EXP 	suwak_badanie: markerPos = np.float64(16.75)
53.5190 	EXP 	suwak_badanie: markerPos = np.float64(16.75)
53.5353 	EXP 	suwak_badanie: markerPos = np.float64(16.75)
53.5524 	EXP 	suwak_badanie: markerPos = np.float64(16.75)
53.5695 	EXP 	suwak_badanie: markerPos = np.float64(16.75)
53.5855 	EXP 	suwak_badanie: markerPos = np.float64(16.75)
53.6018 	EXP 	suwak_badanie: markerPos = np.float64(16.75)
53.6053 	DATA 	Mouse:  Left button up, pos=(467,146)
53.6185 	EXP 	suwak_badanie: markerPos = np.float64(16.75)
53.6217 	EXP 	New trial (rep=0, index=6): <Trial 6 (6 in rep 0) data={'image_path': 'C:\\Users\\julia\\OneDrive\\Pulpit\\percepcja_psychopy\\photos\\Twarze 50,50\\ZW 50,50\\1K ZW 5050.png', 'etykieta': 'Poprzedni badani wykryli w tej twarzy wstręt.', 'left_label': 'zaufanie', 'right_label': 'wstręt', 'show_label': 1, 'proporcja_zdjecia': '50/50', 'typ_etykiety': 'Kategorialna Ludzie', 'warunek': 'n/d', 'kierunek': 'Sugestia Prawo wstręt', 'thisN': 6, 'thisTrialN': 6, 'thisRepN': 0}>
53.6849 	EXP 	label_text: autoDraw = False
53.6849 	EXP 	stim_image: autoDraw = False
53.6849 	EXP 	suwak_badanie: autoDraw = False
53.6849 	EXP 	lewa_etykieta: autoDraw = False
53.6849 	EXP 	prawa_etykieta: autoDraw = False
53.6849 	EXP 	fiksacja1: autoDraw = False
53.6849 	EXP 	fiksacja2: autoDraw = False
53.6849 	EXP 	pytanie: autoDraw = False
53.6849 	EXP 	label_text: height = np.float64(0.05)
53.6849 	EXP 	label_text: height = np.float64(0.05)
53.6849 	EXP 	label_text: height = np.float64(0.05)
53.6849 	EXP 	label_text: text = 'Poprzedni badani wykryli w tej twarzy wstręt.'
53.6849 	EXP 	stim_image: image = 'C:\\Users\\julia\\OneDrive\\Pulpit\\percepcja_psychopy\\photos\\Twarze 50,50\\ZW 50,50\\1K ZW 5050.png'
53.6849 	EXP 	suwak_badanie: markerPos = None
53.6849 	EXP 	suwak_badanie: markerPos = 0
53.6849 	EXP 	lewa_etykieta: height = np.float64(0.05)
53.6849 	EXP 	lewa_etykieta: height = np.float64(0.05)
53.6849 	EXP 	lewa_etykieta: height = np.float64(0.05)
53.6849 	EXP 	lewa_etykieta: text = 'zaufanie'
53.6849 	EXP 	prawa_etykieta: height = np.float64(0.05)
53.6849 	EXP 	prawa_etykieta: height = np.float64(0.05)
53.6849 	EXP 	prawa_etykieta: height = np.float64(0.05)
53.6849 	EXP 	prawa_etykieta: text = 'wstręt'
53.6849 	EXP 	fiksacja1: autoDraw = True
54.7004 	EXP 	fiksacja1: autoDraw = False
54.7325 	EXP 	label_text: autoDraw = True
57.2257 	EXP 	fiksacja2: autoDraw = True
57.2424 	EXP 	label_text: autoDraw = False
58.2227 	EXP 	stim_image: autoDraw = True
58.2400 	EXP 	fiksacja2: autoDraw = False
59.1198 	EXP 	suwak_badanie: autoDraw = True
59.1198 	EXP 	lewa_etykieta: autoDraw = True
59.1198 	EXP 	prawa_etykieta: autoDraw = True
59.1198 	EXP 	pytanie: autoDraw = True
59.1366 	EXP 	stim_image: autoDraw = False
60.7691 	DATA 	Mouse: Left button down, pos=(395,148)
60.7825 	EXP 	suwak_badanie: markerPos = np.float64(-1.25)
60.7991 	EXP 	suwak_badanie: markerPos = np.float64(-1.25)
60.8156 	EXP 	suwak_badanie: markerPos = np.float64(-0.75)
60.8320 	EXP 	suwak_badanie: markerPos = np.float64(-0.5)
60.8489 	EXP 	suwak_badanie: markerPos = np.float64(0.0)
60.8651 	EXP 	suwak_badanie: markerPos = np.float64(0.5)
60.8824 	EXP 	suwak_badanie: markerPos = np.float64(1.0)
60.8984 	EXP 	suwak_badanie: markerPos = np.float64(1.5)
60.9154 	EXP 	suwak_badanie: markerPos = np.float64(2.25)
60.9331 	EXP 	suwak_badanie: markerPos = np.float64(3.25)
60.9485 	EXP 	suwak_badanie: markerPos = np.float64(3.75)
60.9649 	EXP 	suwak_badanie: markerPos = np.float64(4.0)
60.9813 	EXP 	suwak_badanie: markerPos = np.float64(4.500000000000007)
60.9985 	EXP 	suwak_badanie: markerPos = np.float64(5.000000000000007)
61.0150 	EXP 	suwak_badanie: markerPos = np.float64(5.000000000000007)
61.0318 	EXP 	suwak_badanie: markerPos = np.float64(5.000000000000007)
61.0484 	EXP 	suwak_badanie: markerPos = np.float64(5.25)
61.0651 	EXP 	suwak_badanie: markerPos = np.float64(5.75)
61.0813 	EXP 	suwak_badanie: markerPos = np.float64(6.000000000000007)
61.0989 	EXP 	suwak_badanie: markerPos = np.float64(6.25)
61.1145 	EXP 	suwak_badanie: markerPos = np.float64(6.499999999999993)
61.1315 	EXP 	suwak_badanie: markerPos = np.float64(7.000000000000007)
61.1482 	EXP 	suwak_badanie: markerPos = np.float64(7.25)
61.1645 	EXP 	suwak_badanie: markerPos = np.float64(7.25)
61.1809 	EXP 	suwak_badanie: markerPos = np.float64(7.25)
61.1979 	EXP 	suwak_badanie: markerPos = np.float64(7.499999999999993)
61.2144 	EXP 	suwak_badanie: markerPos = np.float64(7.999999999999993)
61.2310 	EXP 	suwak_badanie: markerPos = np.float64(8.5)
61.2484 	EXP 	suwak_badanie: markerPos = np.float64(8.75)
61.2642 	EXP 	suwak_badanie: markerPos = np.float64(8.75)
61.2810 	EXP 	suwak_badanie: markerPos = np.float64(8.75)
61.2975 	EXP 	suwak_badanie: markerPos = np.float64(8.75)
61.3137 	EXP 	suwak_badanie: markerPos = np.float64(9.0)
61.3308 	EXP 	suwak_badanie: markerPos = np.float64(9.0)
61.3476 	EXP 	suwak_badanie: markerPos = np.float64(9.0)
61.3639 	EXP 	suwak_badanie: markerPos = np.float64(9.0)
61.3811 	EXP 	suwak_badanie: markerPos = np.float64(9.0)
61.3977 	EXP 	suwak_badanie: markerPos = np.float64(9.0)
61.4146 	EXP 	suwak_badanie: markerPos = np.float64(9.0)
61.4306 	EXP 	suwak_badanie: markerPos = np.float64(9.0)
61.4472 	EXP 	suwak_badanie: markerPos = np.float64(9.0)
61.4637 	EXP 	suwak_badanie: markerPos = np.float64(9.0)
61.4807 	EXP 	suwak_badanie: markerPos = np.float64(9.0)
61.4977 	EXP 	suwak_badanie: markerPos = np.float64(9.0)
61.5141 	EXP 	suwak_badanie: markerPos = np.float64(9.0)
61.5304 	EXP 	suwak_badanie: markerPos = np.float64(9.0)
61.5470 	EXP 	suwak_badanie: markerPos = np.float64(9.0)
61.5637 	EXP 	suwak_badanie: markerPos = np.float64(9.0)
61.5803 	EXP 	suwak_badanie: markerPos = np.float64(9.0)
61.5830 	DATA 	Mouse:  Left button up, pos=(436,149)
61.5971 	EXP 	suwak_badanie: markerPos = np.float64(9.0)
61.5999 	EXP 	New trial (rep=0, index=7): <Trial 7 (7 in rep 0) data={'image_path': 'C:\\Users\\julia\\OneDrive\\Pulpit\\percepcja_psychopy\\photos\\Twarze 80,20\\RS 80,20\\1K RS 8020.png', 'etykieta': 'Model sztucznej inteligencji wykrył w tej twarzy smutek.', 'left_label': 'radość', 'right_label': 'smutek', 'show_label': 1, 'proporcja_zdjecia': '80/20 radość', 'typ_etykiety': 'Kategorialna AI', 'warunek': 'Niezgodny', 'kierunek': 'Dominacja Lewo radość', 'thisN': 7, 'thisTrialN': 7, 'thisRepN': 0}>
61.6637 	EXP 	label_text: autoDraw = False
61.6637 	EXP 	stim_image: autoDraw = False
61.6637 	EXP 	suwak_badanie: autoDraw = False
61.6637 	EXP 	lewa_etykieta: autoDraw = False
61.6637 	EXP 	prawa_etykieta: autoDraw = False
61.6637 	EXP 	fiksacja1: autoDraw = False
61.6637 	EXP 	fiksacja2: autoDraw = False
61.6637 	EXP 	pytanie: autoDraw = False
61.6637 	EXP 	label_text: height = np.float64(0.05)
61.6637 	EXP 	label_text: height = np.float64(0.05)
61.6637 	EXP 	label_text: height = np.float64(0.05)
61.6637 	EXP 	label_text: text = 'Model sztucznej inteligencji wykrył w tej twarzy smutek.'
61.6637 	EXP 	stim_image: image = 'C:\\Users\\julia\\OneDrive\\Pulpit\\percepcja_psychopy\\photos\\Twarze 80,20\\RS 80,20\\1K RS 8020.png'
61.6637 	EXP 	suwak_badanie: markerPos = None
61.6637 	EXP 	suwak_badanie: markerPos = 0
61.6637 	EXP 	lewa_etykieta: height = np.float64(0.05)
61.6637 	EXP 	lewa_etykieta: height = np.float64(0.05)
61.6637 	EXP 	lewa_etykieta: height = np.float64(0.05)
61.6637 	EXP 	lewa_etykieta: text = 'radość'
61.6637 	EXP 	prawa_etykieta: height = np.float64(0.05)
61.6637 	EXP 	prawa_etykieta: height = np.float64(0.05)
61.6637 	EXP 	prawa_etykieta: height = np.float64(0.05)
61.6637 	EXP 	prawa_etykieta: text = 'smutek'
61.6637 	EXP 	fiksacja1: autoDraw = True
62.6779 	EXP 	fiksacja1: autoDraw = False
62.7111 	EXP 	label_text: autoDraw = True
65.2035 	EXP 	fiksacja2: autoDraw = True
65.2196 	EXP 	label_text: autoDraw = False
66.2020 	EXP 	stim_image: autoDraw = True
66.2183 	EXP 	fiksacja2: autoDraw = False
67.1151 	EXP 	stim_image: autoDraw = False
67.1151 	EXP 	suwak_badanie: autoDraw = True
67.1151 	EXP 	lewa_etykieta: autoDraw = True
67.1151 	EXP 	prawa_etykieta: autoDraw = True
67.1151 	EXP 	pytanie: autoDraw = True
70.1756 	DATA 	Mouse: Left button down, pos=(399,155)
70.1900 	EXP 	suwak_badanie: markerPos = np.float64(-0.25)
70.2064 	EXP 	suwak_badanie: markerPos = np.float64(-0.25)
70.2236 	EXP 	suwak_badanie: markerPos = np.float64(-0.25)
70.2403 	EXP 	suwak_badanie: markerPos = np.float64(-0.25)
70.2729 	EXP 	suwak_badanie: markerPos = np.float64(-0.25)
70.2900 	EXP 	suwak_badanie: markerPos = np.float64(-0.25)
70.3065 	EXP 	suwak_badanie: markerPos = np.float64(-0.25)
70.3242 	EXP 	suwak_badanie: markerPos = np.float64(-1.0)
70.3399 	EXP 	suwak_badanie: markerPos = np.float64(-1.5)
70.3559 	EXP 	suwak_badanie: markerPos = np.float64(-2.25)
70.3733 	EXP 	suwak_badanie: markerPos = np.float64(-3.5)
70.3902 	EXP 	suwak_badanie: markerPos = np.float64(-3.75)
70.4063 	EXP 	suwak_badanie: markerPos = np.float64(-4.5)
70.4227 	EXP 	suwak_badanie: markerPos = np.float64(-5.25)
70.4392 	EXP 	suwak_badanie: markerPos = np.float64(-6.25)
70.4558 	EXP 	suwak_badanie: markerPos = np.float64(-7.25)
70.4721 	EXP 	suwak_badanie: markerPos = np.float64(-7.75)
70.4895 	EXP 	suwak_badanie: markerPos = np.float64(-8.0)
70.5055 	EXP 	suwak_badanie: markerPos = np.float64(-8.5)
70.5222 	EXP 	suwak_badanie: markerPos = np.float64(-8.75)
70.5391 	EXP 	suwak_badanie: markerPos = np.float64(-9.75)
70.5559 	EXP 	suwak_badanie: markerPos = np.float64(-10.0)
70.5727 	EXP 	suwak_badanie: markerPos = np.float64(-10.25)
70.5888 	EXP 	suwak_badanie: markerPos = np.float64(-10.75)
70.6054 	EXP 	suwak_badanie: markerPos = np.float64(-11.25)
70.6224 	EXP 	suwak_badanie: markerPos = np.float64(-11.75)
70.6385 	EXP 	suwak_badanie: markerPos = np.float64(-12.25)
70.6554 	EXP 	suwak_badanie: markerPos = np.float64(-12.750000000000007)
70.6720 	EXP 	suwak_badanie: markerPos = np.float64(-13.5)
70.6888 	EXP 	suwak_badanie: markerPos = np.float64(-14.249999999999993)
70.7050 	EXP 	suwak_badanie: markerPos = np.float64(-14.75)
70.7222 	EXP 	suwak_badanie: markerPos = np.float64(-15.0)
70.7385 	EXP 	suwak_badanie: markerPos = np.float64(-16.0)
70.7551 	EXP 	suwak_badanie: markerPos = np.float64(-16.75)
70.7721 	EXP 	suwak_badanie: markerPos = np.float64(-17.5)
70.7888 	EXP 	suwak_badanie: markerPos = np.float64(-17.5)
70.8053 	EXP 	suwak_badanie: markerPos = np.float64(-17.75)
70.8221 	EXP 	suwak_badanie: markerPos = np.float64(-18.0)
70.8384 	EXP 	suwak_badanie: markerPos = np.float64(-18.0)
70.8550 	EXP 	suwak_badanie: markerPos = np.float64(-18.0)
70.8718 	EXP 	suwak_badanie: markerPos = np.float64(-18.0)
70.8875 	EXP 	suwak_badanie: markerPos = np.float64(-18.0)
70.9046 	EXP 	suwak_badanie: markerPos = np.float64(-18.0)
70.9214 	EXP 	suwak_badanie: markerPos = np.float64(-18.0)
70.9380 	EXP 	suwak_badanie: markerPos = np.float64(-18.0)
70.9545 	EXP 	suwak_badanie: markerPos = np.float64(-18.0)
70.9719 	EXP 	suwak_badanie: markerPos = np.float64(-18.0)
70.9874 	EXP 	suwak_badanie: markerPos = np.float64(-18.0)
71.0043 	EXP 	suwak_badanie: markerPos = np.float64(-18.0)
71.0211 	EXP 	suwak_badanie: markerPos = np.float64(-18.0)
71.0374 	EXP 	suwak_badanie: markerPos = np.float64(-18.0)
71.0539 	EXP 	suwak_badanie: markerPos = np.float64(-18.0)
71.0710 	EXP 	suwak_badanie: markerPos = np.float64(-18.0)
71.0876 	EXP 	suwak_badanie: markerPos = np.float64(-18.0)
71.1046 	EXP 	suwak_badanie: markerPos = np.float64(-18.0)
71.1208 	EXP 	suwak_badanie: markerPos = np.float64(-18.0)
71.1376 	EXP 	suwak_badanie: markerPos = np.float64(-18.0)
71.1538 	EXP 	suwak_badanie: markerPos = np.float64(-18.0)
71.1709 	EXP 	suwak_badanie: markerPos = np.float64(-18.0)
71.1875 	EXP 	suwak_badanie: markerPos = np.float64(-18.0)
71.1909 	DATA 	Mouse:  Left button up, pos=(328,147)
71.2035 	EXP 	suwak_badanie: markerPos = np.float64(-18.0)
71.2069 	EXP 	New trial (rep=0, index=8): <Trial 8 (8 in rep 0) data={'image_path': 'C:\\Users\\julia\\OneDrive\\Pulpit\\percepcja_psychopy\\photos\\Twarze 50,50\\ZO 50,50\\1M ZO 5050.png', 'etykieta': 'Model sztucznej inteligencji wykrył w tej twarzy zaskoczenie.', 'left_label': 'zaskoczenie', 'right_label': 'oczekiwanie', 'show_label': 1, 'proporcja_zdjecia': '50/50', 'typ_etykiety': 'Kategorialna AI', 'warunek': 'n/d', 'kierunek': 'Sugestia Lewo zaskoczenie', 'thisN': 8, 'thisTrialN': 8, 'thisRepN': 0}>
71.2709 	EXP 	label_text: autoDraw = False
71.2709 	EXP 	stim_image: autoDraw = False
71.2709 	EXP 	suwak_badanie: autoDraw = False
71.2709 	EXP 	lewa_etykieta: autoDraw = False
71.2709 	EXP 	prawa_etykieta: autoDraw = False
71.2709 	EXP 	fiksacja1: autoDraw = False
71.2709 	EXP 	fiksacja2: autoDraw = False
71.2709 	EXP 	pytanie: autoDraw = False
71.2709 	EXP 	label_text: height = np.float64(0.05)
71.2709 	EXP 	label_text: height = np.float64(0.05)
71.2709 	EXP 	label_text: height = np.float64(0.05)
71.2709 	EXP 	label_text: text = 'Model sztucznej inteligencji wykrył w tej twarzy zaskoczenie.'
71.2709 	EXP 	stim_image: image = 'C:\\Users\\julia\\OneDrive\\Pulpit\\percepcja_psychopy\\photos\\Twarze 50,50\\ZO 50,50\\1M ZO 5050.png'
71.2709 	EXP 	suwak_badanie: markerPos = None
71.2709 	EXP 	suwak_badanie: markerPos = 0
71.2709 	EXP 	lewa_etykieta: height = np.float64(0.05)
71.2709 	EXP 	lewa_etykieta: height = np.float64(0.05)
71.2709 	EXP 	lewa_etykieta: height = np.float64(0.05)
71.2709 	EXP 	lewa_etykieta: text = 'zaskoczenie'
71.2709 	EXP 	prawa_etykieta: height = np.float64(0.05)
71.2709 	EXP 	prawa_etykieta: height = np.float64(0.05)
71.2709 	EXP 	prawa_etykieta: height = np.float64(0.05)
71.2709 	EXP 	prawa_etykieta: text = 'oczekiwanie'
71.2709 	EXP 	fiksacja1: autoDraw = True
72.2851 	EXP 	fiksacja1: autoDraw = False
72.3183 	EXP 	label_text: autoDraw = True
74.8109 	EXP 	fiksacja2: autoDraw = True
74.8277 	EXP 	label_text: autoDraw = False
75.8091 	EXP 	stim_image: autoDraw = True
75.8256 	EXP 	fiksacja2: autoDraw = False
76.7058 	EXP 	suwak_badanie: autoDraw = True
76.7058 	EXP 	lewa_etykieta: autoDraw = True
76.7058 	EXP 	prawa_etykieta: autoDraw = True
76.7058 	EXP 	pytanie: autoDraw = True
76.7225 	EXP 	stim_image: autoDraw = False
80.5850 	EXP 	Device response: <KeyPress from None: t=80.52954379998846, value=escape, duration=None>
80.5860 	DATA 	Keypress: escape
80.6634 	EXP 	Device response: <KeyPress from None: t=80.52954379998846, value=escape, duration=0.12525430001551285>
80.6635 	EXP 	untitled_FINAL_NEWEST: status = STOPPED
80.6778 	EXP 	suwak_badanie: autoDraw = False
80.6778 	EXP 	lewa_etykieta: autoDraw = False
80.6778 	EXP 	prawa_etykieta: autoDraw = False
80.6778 	EXP 	pytanie: autoDraw = False
80.6800 	EXP 	untitled_FINAL_NEWEST: status = STOPPED
80.6935 	INFO 	saved data to 'C:\\Users\\julia\\OneDrive\\Pulpit\\percepcja_psychopy\\data\\pilot_untitled_FINAL_NEWEST_2026-04-24_16h01.23.590.csv'
80.6974 	INFO 	saved data to C:\Users\julia\OneDrive\Pulpit\percepcja_psychopy\data\pilot_untitled_FINAL_NEWEST_2026-04-24_16h01.23.590.psydat
81.2736 	DEBUG 	Saving data for untitled_FINAL_NEWEST ExperimentHandler
81.2830 	WARNING 	Stopping key buffers but this could be dangerous ifother keyboards rely on the same.
