8.0995 	DEBUG 	Fullscreen settings ignored as running in pilot mode.
8.1005 	INFO 	Loaded monitor calibration from ['2026_03_18 20:30']
8.6005 	INFO 	Using renderer 'Intel(R) UHD Graphics' for graphics
8.6005 	INFO 	OpenGL version supported by driver is 4..
9.7721 	EXP 	Created window1 = Window(allowGUI=False, allowStencil=False, autoLog=True, backendConf=UNKNOWN, backgroundFit=<method-wrapper '__getattribute__' of attributeSetter object at 0x000002593748ED10>, backgroundImage=<method-wrapper '__getattribute__' of attributeSetter object at 0x000002593748E680>, bitsMode=UNKNOWN, blendMode='avg', bpc=(8, 8, 8), color=array([-1., -1., -1.]), colorSpace='rgb', depthBits=8, fullscr=False, gamma=None, gammaErrorPolicy='raise', infoMsg=UNKNOWN, lms=UNKNOWN, monitor=<psychopy.monitors.calibTools.Monitor object at 0x0000025937B8D0F0>, multiSample=False, name='window1', numSamples=2, pos=[np.float64(560.0), np.float64(240.0)], screen=0, size=array([800, 600]), stencilBits=0, stereo=False, title='PsychoPy', units='height', useFBO=True, useRetina=False, viewOri=0.0, viewPos=None, viewScale=None, waitBlanking=True, winType='pyglet')
9.7722 	EXP 	window1: backgroundImage = ''
9.7722 	EXP 	window1: backgroundFit = 'none'
9.8189 	DEBUG 	TextBox2 loaded 1 chars with 0 blanks and 1 valid
9.8366 	DEBUG 	TextBox2 loaded 1 chars with 0 blanks and 1 valid
9.8554 	DEBUG 	TextBox2 loaded 1 chars with 0 blanks and 1 valid
9.8758 	DEBUG 	TextBox2 loaded 1 chars with 0 blanks and 1 valid
9.8965 	DEBUG 	TextBox2 loaded 1 chars with 0 blanks and 1 valid
9.9135 	DEBUG 	TextBox2 loaded 1 chars with 0 blanks and 1 valid
9.9330 	DEBUG 	TextBox2 loaded 1 chars with 0 blanks and 1 valid
9.9500 	DEBUG 	TextBox2 loaded 1 chars with 0 blanks and 1 valid
9.9645 	DEBUG 	TextBox2 loaded 1 chars with 0 blanks and 1 valid
9.9791 	DEBUG 	TextBox2 loaded 1 chars with 0 blanks and 1 valid
9.9944 	DEBUG 	TextBox2 loaded 1 chars with 0 blanks and 1 valid
10.0091 	DEBUG 	TextBox2 loaded 1 chars with 0 blanks and 1 valid
10.0247 	DEBUG 	TextBox2 loaded 1 chars with 0 blanks and 1 valid
10.0398 	DEBUG 	TextBox2 loaded 1 chars with 0 blanks and 1 valid
10.0539 	DEBUG 	TextBox2 loaded 1 chars with 0 blanks and 1 valid
10.0680 	DEBUG 	TextBox2 loaded 1 chars with 0 blanks and 1 valid
10.0818 	DEBUG 	TextBox2 loaded 1 chars with 0 blanks and 1 valid
10.0955 	DEBUG 	TextBox2 loaded 1 chars with 0 blanks and 1 valid
10.1095 	DEBUG 	TextBox2 loaded 1 chars with 0 blanks and 1 valid
10.1234 	DEBUG 	TextBox2 loaded 1 chars with 0 blanks and 1 valid
10.1366 	DEBUG 	TextBox2 loaded 1 chars with 0 blanks and 1 valid
10.1371 	DEBUG 	Uploading Texture Font fontname to graphics card
10.1493 	DEBUG 	Upload of Texture Font fontname complete
10.1846 	DEBUG 	TextBox2 loaded 1 chars with 0 blanks and 1 valid
10.2000 	DEBUG 	TextBox2 loaded 1 chars with 0 blanks and 1 valid
10.2144 	DEBUG 	TextBox2 loaded 1 chars with 0 blanks and 1 valid
10.2148 	DEBUG 	Uploading Texture Font fontname to graphics card
10.2276 	DEBUG 	Upload of Texture Font fontname complete
10.2303 	EXP 	window1: Attempting to measure frame rate of screen (0) ...
10.2303 	EXP 	window1: recordFrameIntervals = False
10.4251 	EXP 	window1: recordFrameIntervals = True
12.0883 	EXP 	window1: recordFrameIntervals = False
12.0884 	EXP 	Screen (0) actual frame rate measured at 59.73Hz
12.1239 	DEBUG 	TextBox2 loaded 1 chars with 0 blanks and 1 valid
12.1378 	DEBUG 	TextBox2 loaded 1 chars with 0 blanks and 1 valid
12.1532 	DEBUG 	TextBox2 loaded 1 chars with 0 blanks and 1 valid
12.1695 	DEBUG 	TextBox2 loaded 1 chars with 0 blanks and 1 valid
12.1830 	DEBUG 	TextBox2 loaded 1 chars with 0 blanks and 1 valid
12.1971 	DEBUG 	TextBox2 loaded 1 chars with 0 blanks and 1 valid
12.2108 	DEBUG 	TextBox2 loaded 1 chars with 0 blanks and 1 valid
12.2253 	DEBUG 	TextBox2 loaded 1 chars with 0 blanks and 1 valid
12.2395 	DEBUG 	TextBox2 loaded 1 chars with 0 blanks and 1 valid
12.2536 	DEBUG 	TextBox2 loaded 1 chars with 0 blanks and 1 valid
12.2540 	DEBUG 	Uploading Texture Font fontname to graphics card
12.2545 	DEBUG 	Upload of Texture Font fontname complete
12.4241 	INFO 	keyboard.Keyboard is using ptb backend.
12.4242 	EXP 	untitled_FINAL_NEWEST: status = STARTED
12.6149 	EXP 	Created text_instr = TextStim(__class__=<class 'psychopy.visual.text.TextStim'>, alignHoriz=method-wrapper(...), alignText='center', alignVert=method-wrapper(...), anchorHoriz='center', anchorVert='center', antialias=True, autoDraw=False, autoLog=True, bold=False, color=array([1., 1., 1.]), colorSpace='rgb', contrast=1.0, depth=-1.0, draggable=False, flipHoriz=False, flipVert=False, font='Arial', fontFiles=[], height=np.float64(0.03), italic=False, languageStyle='LTR', name='text_instr', opacity=1, ori=0.0, pos=array([0., 0.]), rgb=UNKNOWN, text=str(...), units='height', win=Window(...), wrapWidth=1.0)
12.6427 	EXP 	Created suwak_info = TextStim(__class__=<class 'psychopy.visual.text.TextStim'>, alignHoriz=method-wrapper(...), alignText='center', alignVert=method-wrapper(...), anchorHoriz='center', anchorVert='center', antialias=True, autoDraw=False, autoLog=True, bold=False, color=array([1., 1., 1.]), colorSpace='rgb', contrast=1.0, depth=0.0, draggable=False, flipHoriz=False, flipVert=False, font='Arial', fontFiles=[], height=np.float64(0.05), italic=False, languageStyle='LTR', name='suwak_info', opacity=1, ori=0.0, pos=array([0., 0.]), rgb=UNKNOWN, text=str(...), units='height', win=Window(...), wrapWidth=1)
12.6619 	EXP 	Created proba_testowa = TextStim(__class__=<class 'psychopy.visual.text.TextStim'>, alignHoriz=method-wrapper(...), alignText='center', alignVert=method-wrapper(...), anchorHoriz='center', anchorVert='center', antialias=True, autoDraw=False, autoLog=True, bold=False, color=array([1., 1., 1.]), colorSpace='rgb', contrast=1.0, depth=-1.0, draggable=False, flipHoriz=False, flipVert=False, font='Arial', fontFiles=[], height=np.float64(0.05), italic=False, languageStyle='LTR', name='proba_testowa', opacity=1, ori=0.0, pos=array([0., 0.]), rgb=UNKNOWN, text=str(...), units='height', win=Window(...), wrapWidth=1)
12.6738 	EXP 	Created start_badania = TextStim(__class__=<class 'psychopy.visual.text.TextStim'>, alignHoriz=method-wrapper(...), alignText='center', alignVert=method-wrapper(...), anchorHoriz='center', anchorVert='center', antialias=True, autoDraw=False, autoLog=True, bold=False, color=array([1., 1., 1.]), colorSpace='rgb', contrast=1.0, depth=-1.0, draggable=False, flipHoriz=False, flipVert=False, font='Arial', fontFiles=[], height=np.float64(0.05), italic=False, languageStyle='LTR', name='start_badania', opacity=1, ori=0.0, pos=array([0., 0.]), rgb=UNKNOWN, text=str(...), units='height', win=Window(...), wrapWidth=1)
12.6746 	EXP 	Created label_text = TextStim(__class__=<class 'psychopy.visual.text.TextStim'>, alignHoriz=method-wrapper(...), alignText='center', alignVert=method-wrapper(...), anchorHoriz='center', anchorVert='center', antialias=True, autoDraw=False, autoLog=True, bold=False, color=array([1., 1., 1.]), colorSpace='rgb', contrast=1.0, depth=-2.0, draggable=False, flipHoriz=False, flipVert=False, font='Arial', fontFiles=[], height=0.05, italic=False, languageStyle='LTR', name='label_text', opacity=1, ori=0.0, pos=array([0., 0.]), rgb=UNKNOWN, text='', units='height', win=Window(...), wrapWidth=1)
12.7161 	EXP 	Created stim_image = ImageStim(__class__=<class 'psychopy.visual.image.ImageStim'>, anchor=('center', 'center'), autoLog=True, color=array([1., 1., 1.]), colorSpace='rgb', contrast=1.0, depth=-3.0, draggable=False, flipHoriz=np.False_, flipVert=np.False_, image='default.png', interpolate=True, mask=None, maskParams=None, name='stim_image', opacity=1, ori=0.0, pos=array([0., 0.]), size=array([0.75, 0.75]), texRes=128.0, units='height', win=Window(...))
12.7430 	EXP 	Created suwak_badanie = Slider(__class__=<class 'psychopy.visual.slider.Slider'>, autoDraw=False, autoLog=True, borderColor=None, color=None, colorSpace='rgb', depth=-4, fillColor=None, flip=False, font='Noto Sans', granularity=0.0, labelColor=None, labelHeight=np.float64(0.05), labelWrapWidth=None, labels=None, lineColor=None, markerColor=None, name='suwak_badanie', opacity=None, ori=0.0, pos=array([ 0. , -0.5]), readOnly=False, self=UNKNOWN, size=array([1. , 0.1]), startValue=0, style='slider', styleTweaks=[], ticks=ndarray(...), units='norm', win=Window(...))
12.7437 	EXP 	Created lewa_etykieta = TextStim(__class__=<class 'psychopy.visual.text.TextStim'>, alignHoriz=method-wrapper(...), alignText='center', alignVert=method-wrapper(...), anchorHoriz='center', anchorVert='center', antialias=True, autoDraw=False, autoLog=True, bold=False, color=array([1., 1., 1.]), colorSpace='rgb', contrast=1.0, depth=-5.0, draggable=False, flipHoriz=False, flipVert=False, font='Arial', fontFiles=[], height=0.05, italic=False, languageStyle='RTL', name='lewa_etykieta', opacity=1, ori=0.0, pos=array([-1.1, -0.5]), rgb=UNKNOWN, text='', units='height', win=Window(...), wrapWidth=1)
12.7445 	EXP 	Created prawa_etykieta = TextStim(__class__=<class 'psychopy.visual.text.TextStim'>, alignHoriz=method-wrapper(...), alignText='center', alignVert=method-wrapper(...), anchorHoriz='center', anchorVert='center', antialias=True, autoDraw=False, autoLog=True, bold=False, color=array([1., 1., 1.]), colorSpace='rgb', contrast=1.0, depth=-6.0, draggable=False, flipHoriz=False, flipVert=False, font='Arial', fontFiles=[], height=0.05, italic=False, languageStyle='LTR', name='prawa_etykieta', opacity=1, ori=0.0, pos=array([ 1.05, -0.5 ]), rgb=UNKNOWN, text='', units='height', win=Window(...), wrapWidth=1)
12.7543 	EXP 	Created fiksacja1 = TextStim(__class__=<class 'psychopy.visual.text.TextStim'>, alignHoriz=method-wrapper(...), alignText='center', alignVert=method-wrapper(...), anchorHoriz='center', anchorVert='center', antialias=True, autoDraw=False, autoLog=True, bold=False, color=array([1., 1., 1.]), colorSpace='rgb', contrast=1.0, depth=-7.0, draggable=False, flipHoriz=False, flipVert=False, font='Arial', fontFiles=[], height=np.float64(0.1), italic=False, languageStyle='LTR', name='fiksacja1', opacity=1, ori=0.0, pos=array([0., 0.]), rgb=UNKNOWN, text='+', units='height', win=Window(...), wrapWidth=1)
12.7561 	EXP 	Created fiksacja2 = TextStim(__class__=<class 'psychopy.visual.text.TextStim'>, alignHoriz=method-wrapper(...), alignText='center', alignVert=method-wrapper(...), anchorHoriz='center', anchorVert='center', antialias=True, autoDraw=False, autoLog=True, bold=False, color=array([1., 1., 1.]), colorSpace='rgb', contrast=1.0, depth=-8.0, draggable=False, flipHoriz=False, flipVert=False, font='Arial', fontFiles=[], height=np.float64(0.1), italic=False, languageStyle='LTR', name='fiksacja2', opacity=1, ori=0.0, pos=array([0., 0.]), rgb=UNKNOWN, text='+', units='height', win=Window(...), wrapWidth=1)
12.7714 	EXP 	Created pytanie = TextStim(__class__=<class 'psychopy.visual.text.TextStim'>, alignHoriz=method-wrapper(...), alignText='center', alignVert=method-wrapper(...), anchorHoriz='center', anchorVert='center', antialias=True, autoDraw=False, autoLog=True, bold=False, color=array([1., 1., 1.]), colorSpace='rgb', contrast=1.0, depth=-9.0, draggable=False, flipHoriz=False, flipVert=False, font='Arial', fontFiles=[], height=np.float64(0.04), italic=False, languageStyle='LTR', name='pytanie', opacity=1, ori=0.0, pos=array([0.  , 0.25]), rgb=UNKNOWN, text='Jaką emocję wyrażała ta twarz?', units='height', win=Window(...), wrapWidth=1)
0.0134 	EXP 	suwak_badanie: autoLog = True
0.0134 	EXP 	suwak_badanie: styleTweaks = []
0.0134 	EXP 	suwak_badanie: styleTweaks = []
0.0134 	EXP 	suwak_badanie: styleTweaks = []
0.0134 	EXP 	suwak_badanie: styleTweaks = []
0.0134 	EXP 	suwak_badanie: contrast = 1.0
0.0134 	EXP 	suwak_badanie: markerPos = 0
0.0134 	EXP 	suwak_badanie: autoLog = True
0.0303 	INFO 	Keyboard events cleared
0.0302 	EXP 	text_instr: autoDraw = True
13.8169 	EXP 	Device response: <KeyPress from None: t=13.802491800044663, value=escape, duration=None>
13.8183 	DATA 	Keypress: escape
13.9313 	EXP 	Device response: <KeyPress from None: t=13.802491800044663, value=escape, duration=0.1249188999645412>
13.9314 	EXP 	untitled_FINAL_NEWEST: status = STOPPED
13.9426 	EXP 	text_instr: autoDraw = False
13.9468 	EXP 	untitled_FINAL_NEWEST: status = STOPPED
13.9509 	INFO 	saved data to 'C:\\Users\\julia\\OneDrive\\Pulpit\\percepcja_psychopy\\data\\pilot_untitled_FINAL_NEWEST_2026-04-24_17h34.57.628.csv'
13.9519 	INFO 	saved data to C:\Users\julia\OneDrive\Pulpit\percepcja_psychopy\data\pilot_untitled_FINAL_NEWEST_2026-04-24_17h34.57.628.psydat
14.4834 	DEBUG 	Saving data for untitled_FINAL_NEWEST ExperimentHandler
14.5271 	WARNING 	Stopping key buffers but this could be dangerous ifother keyboards rely on the same.
