7.8290 	DEBUG 	Fullscreen settings ignored as running in pilot mode.
7.8304 	INFO 	Loaded monitor calibration from ['2026_03_18 20:30']
8.2731 	INFO 	Using renderer 'Intel(R) UHD Graphics' for graphics
8.2731 	INFO 	OpenGL version supported by driver is 4..
9.1570 	EXP 	Created window1 = Window(allowGUI=False, allowStencil=True, autoLog=True, backendConf=UNKNOWN, backgroundFit=<method-wrapper '__getattribute__' of attributeSetter object at 0x000001FBF0F1B4C0>, backgroundImage=<method-wrapper '__getattribute__' of attributeSetter object at 0x000001FBF0F1B520>, bitsMode=UNKNOWN, blendMode='avg', bpc=(8, 8, 8), color=array([0.6549, 0.6549, 0.6549]), colorSpace='rgb', depthBits=8, fullscr=False, gamma=None, gammaErrorPolicy='raise', infoMsg=UNKNOWN, lms=UNKNOWN, monitor=<psychopy.monitors.calibTools.Monitor object at 0x000001FBF6EAAB30>, multiSample=False, name='window1', numSamples=2, pos=[np.float64(560.0), np.float64(240.0)], screen=0, size=array([800, 600]), stencilBits=8, stereo=False, title='PsychoPy', units='height', useFBO=True, useRetina=False, viewOri=0.0, viewPos=None, viewScale=None, waitBlanking=True, winType='pyglet')
9.1571 	EXP 	window1: backgroundImage = ''
9.1571 	EXP 	window1: backgroundFit = 'none'
9.1969 	DEBUG 	TextBox2 loaded 1 chars with 0 blanks and 1 valid
9.2131 	DEBUG 	TextBox2 loaded 1 chars with 0 blanks and 1 valid
9.2269 	DEBUG 	TextBox2 loaded 1 chars with 0 blanks and 1 valid
9.2421 	DEBUG 	TextBox2 loaded 1 chars with 0 blanks and 1 valid
9.2562 	DEBUG 	TextBox2 loaded 1 chars with 0 blanks and 1 valid
9.2698 	DEBUG 	TextBox2 loaded 1 chars with 0 blanks and 1 valid
9.2842 	DEBUG 	TextBox2 loaded 1 chars with 0 blanks and 1 valid
9.2977 	DEBUG 	TextBox2 loaded 1 chars with 0 blanks and 1 valid
9.3109 	DEBUG 	TextBox2 loaded 1 chars with 0 blanks and 1 valid
9.3246 	DEBUG 	TextBox2 loaded 1 chars with 0 blanks and 1 valid
9.3382 	DEBUG 	TextBox2 loaded 1 chars with 0 blanks and 1 valid
9.3528 	DEBUG 	TextBox2 loaded 1 chars with 0 blanks and 1 valid
9.3665 	DEBUG 	TextBox2 loaded 1 chars with 0 blanks and 1 valid
9.3807 	DEBUG 	TextBox2 loaded 1 chars with 0 blanks and 1 valid
9.3953 	DEBUG 	TextBox2 loaded 1 chars with 0 blanks and 1 valid
9.4094 	DEBUG 	TextBox2 loaded 1 chars with 0 blanks and 1 valid
9.4231 	DEBUG 	TextBox2 loaded 1 chars with 0 blanks and 1 valid
9.4362 	DEBUG 	TextBox2 loaded 1 chars with 0 blanks and 1 valid
9.4500 	DEBUG 	TextBox2 loaded 1 chars with 0 blanks and 1 valid
9.4641 	DEBUG 	TextBox2 loaded 1 chars with 0 blanks and 1 valid
9.4783 	DEBUG 	TextBox2 loaded 1 chars with 0 blanks and 1 valid
9.4928 	DEBUG 	TextBox2 loaded 1 chars with 0 blanks and 1 valid
9.5071 	DEBUG 	TextBox2 loaded 1 chars with 0 blanks and 1 valid
9.5211 	DEBUG 	TextBox2 loaded 1 chars with 0 blanks and 1 valid
9.5344 	DEBUG 	TextBox2 loaded 1 chars with 0 blanks and 1 valid
9.5480 	DEBUG 	TextBox2 loaded 1 chars with 0 blanks and 1 valid
9.5621 	DEBUG 	TextBox2 loaded 1 chars with 0 blanks and 1 valid
9.5757 	DEBUG 	TextBox2 loaded 1 chars with 0 blanks and 1 valid
9.5760 	DEBUG 	Uploading Texture Font fontname to graphics card
9.5868 	DEBUG 	Upload of Texture Font fontname complete
9.6220 	DEBUG 	TextBox2 loaded 1 chars with 0 blanks and 1 valid
9.6353 	DEBUG 	TextBox2 loaded 1 chars with 0 blanks and 1 valid
9.6356 	DEBUG 	Uploading Texture Font fontname to graphics card
9.6481 	DEBUG 	Upload of Texture Font fontname complete
9.8013 	INFO 	keyboard.Keyboard is using ptb backend.
9.8014 	EXP 	percepcja_wersja_finalna: status = STARTED
9.8227 	DEBUG 	TextBox2 loaded 1 chars with 0 blanks and 1 valid
9.8232 	DEBUG 	TextBox2 loaded 1 chars with 0 blanks and 1 valid
9.8236 	DEBUG 	TextBox2 loaded 1 chars with 0 blanks and 1 valid
9.8240 	DEBUG 	TextBox2 loaded 1 chars with 0 blanks and 1 valid
9.8245 	DEBUG 	TextBox2 loaded 1 chars with 0 blanks and 1 valid
9.8248 	DEBUG 	TextBox2 loaded 1 chars with 0 blanks and 1 valid
9.8251 	DEBUG 	TextBox2 loaded 1 chars with 0 blanks and 1 valid
9.8255 	DEBUG 	TextBox2 loaded 1 chars with 0 blanks and 1 valid
9.8259 	DEBUG 	TextBox2 loaded 1 chars with 0 blanks and 1 valid
9.8263 	DEBUG 	TextBox2 loaded 1 chars with 0 blanks and 1 valid
9.8267 	DEBUG 	TextBox2 loaded 1 chars with 0 blanks and 1 valid
9.8272 	DEBUG 	TextBox2 loaded 1 chars with 0 blanks and 1 valid
9.8276 	DEBUG 	TextBox2 loaded 1 chars with 0 blanks and 1 valid
9.8280 	DEBUG 	TextBox2 loaded 1 chars with 0 blanks and 1 valid
9.8285 	DEBUG 	TextBox2 loaded 1 chars with 0 blanks and 1 valid
9.8290 	DEBUG 	TextBox2 loaded 1 chars with 0 blanks and 1 valid
9.8294 	DEBUG 	TextBox2 loaded 1 chars with 0 blanks and 1 valid
9.8299 	DEBUG 	TextBox2 loaded 1 chars with 0 blanks and 1 valid
9.8302 	DEBUG 	TextBox2 loaded 1 chars with 0 blanks and 1 valid
9.8307 	DEBUG 	TextBox2 loaded 1 chars with 0 blanks and 1 valid
9.8311 	DEBUG 	TextBox2 loaded 1 chars with 0 blanks and 1 valid
9.8315 	DEBUG 	TextBox2 loaded 1 chars with 0 blanks and 1 valid
9.8320 	DEBUG 	TextBox2 loaded 1 chars with 0 blanks and 1 valid
9.8325 	DEBUG 	TextBox2 loaded 1 chars with 0 blanks and 1 valid
9.8331 	DEBUG 	TextBox2 loaded 1 chars with 0 blanks and 1 valid
9.8335 	DEBUG 	TextBox2 loaded 1 chars with 0 blanks and 1 valid
9.8340 	DEBUG 	TextBox2 loaded 1 chars with 0 blanks and 1 valid
9.8345 	DEBUG 	TextBox2 loaded 1 chars with 0 blanks and 1 valid
9.8350 	DEBUG 	TextBox2 loaded 1 chars with 0 blanks and 1 valid
9.8362 	DEBUG 	TextBox2 loaded 1 chars with 0 blanks and 1 valid
9.8374 	DEBUG 	TextBox2 loaded 1 chars with 0 blanks and 1 valid
9.8378 	DEBUG 	TextBox2 loaded 1 chars with 0 blanks and 1 valid
9.8384 	DEBUG 	TextBox2 loaded 1 chars with 0 blanks and 1 valid
9.8390 	DEBUG 	TextBox2 loaded 1 chars with 0 blanks and 1 valid
9.8396 	DEBUG 	TextBox2 loaded 1 chars with 0 blanks and 1 valid
9.8405 	DEBUG 	TextBox2 loaded 1 chars with 0 blanks and 1 valid
9.8411 	DEBUG 	TextBox2 loaded 1 chars with 0 blanks and 1 valid
9.8417 	DEBUG 	TextBox2 loaded 1 chars with 0 blanks and 1 valid
9.8422 	DEBUG 	TextBox2 loaded 1 chars with 0 blanks and 1 valid
9.8428 	DEBUG 	TextBox2 loaded 1 chars with 0 blanks and 1 valid
9.8433 	DEBUG 	TextBox2 loaded 1 chars with 0 blanks and 1 valid
9.8440 	DEBUG 	TextBox2 loaded 1 chars with 0 blanks and 1 valid
9.8449 	DEBUG 	TextBox2 loaded 1 chars with 0 blanks and 1 valid
9.8457 	DEBUG 	TextBox2 loaded 1 chars with 0 blanks and 1 valid
9.8462 	DEBUG 	TextBox2 loaded 1 chars with 0 blanks and 1 valid
9.8475 	DEBUG 	TextBox2 loaded 1 chars with 0 blanks and 1 valid
9.8491 	DEBUG 	TextBox2 loaded 1 chars with 0 blanks and 1 valid
9.8512 	DEBUG 	TextBox2 loaded 1 chars with 0 blanks and 1 valid
9.8539 	DEBUG 	TextBox2 loaded 1 chars with 0 blanks and 1 valid
9.8557 	DEBUG 	TextBox2 loaded 1 chars with 0 blanks and 1 valid
9.8563 	DEBUG 	TextBox2 loaded 1 chars with 0 blanks and 1 valid
9.8570 	DEBUG 	TextBox2 loaded 1 chars with 0 blanks and 1 valid
9.8580 	DEBUG 	TextBox2 loaded 1 chars with 0 blanks and 1 valid
9.8585 	DEBUG 	TextBox2 loaded 1 chars with 0 blanks and 1 valid
9.8590 	DEBUG 	TextBox2 loaded 1 chars with 0 blanks and 1 valid
9.8595 	DEBUG 	TextBox2 loaded 1 chars with 0 blanks and 1 valid
9.8599 	DEBUG 	Uploading Texture Font fontname to graphics card
9.8697 	DEBUG 	Upload of Texture Font fontname complete
9.9103 	DEBUG 	TextBox2 loaded 1 chars with 0 blanks and 1 valid
9.9110 	DEBUG 	TextBox2 loaded 1 chars with 0 blanks and 1 valid
9.9115 	DEBUG 	TextBox2 loaded 1 chars with 0 blanks and 1 valid
9.9126 	DEBUG 	TextBox2 loaded 1 chars with 0 blanks and 1 valid
9.9143 	DEBUG 	TextBox2 loaded 1 chars with 0 blanks and 1 valid
9.9155 	DEBUG 	TextBox2 loaded 1 chars with 0 blanks and 1 valid
9.9163 	DEBUG 	Uploading Texture Font fontname to graphics card
9.9241 	DEBUG 	Upload of Texture Font fontname complete
10.0129 	EXP 	Created suwaki_interpretacja = ImageStim(__class__=<class 'psychopy.visual.image.ImageStim'>, anchor=('center', 'center'), autoLog=True, color=array([1., 1., 1.]), colorSpace='rgb', contrast=1.0, depth=-3.0, draggable=False, flipHoriz=np.False_, flipVert=np.False_, image='photos/suwaki_instrukcja.png', interpolate=True, mask=None, maskParams=None, name='suwaki_interpretacja', opacity=1, ori=0.0, pos=array([ 0. , -0.2]), size=array([1.  , 0.75]), texRes=128.0, units='norm', win=Window(...))
10.1420 	EXP 	Created proba_testowa = TextStim(__class__=<class 'psychopy.visual.text.TextStim'>, alignHoriz=method-wrapper(...), alignText='center', alignVert=method-wrapper(...), anchorHoriz='center', anchorVert='center', antialias=True, autoDraw=False, autoLog=True, bold=False, color=array([-1., -1., -1.]), colorSpace='rgb', contrast=1.0, depth=-2.0, draggable=False, flipHoriz=False, flipVert=False, font='Arial', fontFiles=[], height=np.float64(0.04), italic=False, languageStyle='LTR', name='proba_testowa', opacity=1, ori=0.0, pos=array([0., 0.]), rgb=UNKNOWN, text=str(...), units='height', win=Window(...), wrapWidth=1.4)
10.1429 	EXP 	Created pilot_label_text = TextStim(__class__=<class 'psychopy.visual.text.TextStim'>, alignHoriz=method-wrapper(...), alignText='center', alignVert=method-wrapper(...), anchorHoriz='center', anchorVert='center', antialias=True, autoDraw=False, autoLog=True, bold=False, color=array([-1., -1., -1.]), colorSpace='rgb', contrast=1.0, depth=-1.0, draggable=False, flipHoriz=False, flipVert=False, font='Arial', fontFiles=[], height=0.05, italic=False, languageStyle='LTR', name='pilot_label_text', opacity=1, ori=0.0, pos=array([0., 0.]), rgb=UNKNOWN, text='', units='height', win=Window(...), wrapWidth=1)
10.1512 	EXP 	Created pilot_fiksacja1 = TextStim(__class__=<class 'psychopy.visual.text.TextStim'>, alignHoriz=method-wrapper(...), alignText='center', alignVert=method-wrapper(...), anchorHoriz='center', anchorVert='center', antialias=True, autoDraw=False, autoLog=True, bold=False, color=array([-1., -1., -1.]), colorSpace='rgb', contrast=1.0, depth=-2.0, draggable=False, flipHoriz=False, flipVert=False, font='Courier New', fontFiles=[], height=np.float64(0.1), italic=False, languageStyle='LTR', name='pilot_fiksacja1', opacity=1, ori=0.0, pos=array([0., 0.]), rgb=UNKNOWN, text='+', units='height', win=Window(...), wrapWidth=1)
10.1785 	EXP 	Created pilot_suwak = Slider(__class__=<class 'psychopy.visual.slider.Slider'>, autoDraw=False, autoLog=True, borderColor=None, color=None, colorSpace='rgb', depth=-3, fillColor=None, flip=False, font='Noto Sans', granularity=0.0, labelColor=None, labelHeight=np.float64(0.05), labelWrapWidth=None, labels=None, lineColor=None, markerColor=None, name='pilot_suwak', opacity=None, ori=0.0, pos=array([ 0. , -0.5]), readOnly=False, self=UNKNOWN, size=array([1. , 0.1]), startValue=0, style='slider', styleTweaks=[], ticks=array([-50, -25,   0,  25,  50]), units='norm', win=Window(...))
10.1852 	EXP 	Created pilot_fiksacja2 = TextStim(__class__=<class 'psychopy.visual.text.TextStim'>, alignHoriz=method-wrapper(...), alignText='center', alignVert=method-wrapper(...), anchorHoriz='center', anchorVert='center', antialias=True, autoDraw=False, autoLog=True, bold=False, color=array([-1., -1., -1.]), colorSpace='rgb', contrast=1.0, depth=-4.0, draggable=False, flipHoriz=False, flipVert=False, font='Courier New', fontFiles=[], height=np.float64(0.1), italic=False, languageStyle='LTR', name='pilot_fiksacja2', opacity=1, ori=0.0, pos=array([0., 0.]), rgb=UNKNOWN, text='+', units='height', win=Window(...), wrapWidth=1)
10.2005 	EXP 	Created pilot_pytanie = TextStim(__class__=<class 'psychopy.visual.text.TextStim'>, alignHoriz=method-wrapper(...), alignText='center', alignVert=method-wrapper(...), anchorHoriz='center', anchorVert='center', antialias=True, autoDraw=False, autoLog=True, bold=False, color=array([-1., -1., -1.]), colorSpace='rgb', contrast=1.0, depth=-5.0, draggable=False, flipHoriz=False, flipVert=False, font='Arial', fontFiles=[], height=np.float64(0.05), italic=False, languageStyle='LTR', name='pilot_pytanie', opacity=1, ori=0.0, pos=array([0., 0.]), rgb=UNKNOWN, text='Jaką emocję wyrażała ta twarz?', units='height', win=Window(...), wrapWidth=1)
10.2020 	EXP 	Created pilot_lewa_etykieta = TextStim(__class__=<class 'psychopy.visual.text.TextStim'>, alignHoriz=method-wrapper(...), alignText='center', alignVert=method-wrapper(...), anchorHoriz='center', anchorVert='center', antialias=True, autoDraw=False, autoLog=True, bold=False, color=array([-1., -1., -1.]), colorSpace='rgb', contrast=1.0, depth=-6.0, draggable=False, flipHoriz=False, flipVert=False, font='Arial', fontFiles=[], height=0.085, italic=False, languageStyle='LTR', name='pilot_lewa_etykieta', opacity=1, ori=0.0, pos=array([-0.6, -0.5]), rgb=UNKNOWN, text='', units='norm', win=Window(...), wrapWidth=1)
10.2027 	EXP 	Created pilot_prawa_etykieta = TextStim(__class__=<class 'psychopy.visual.text.TextStim'>, alignHoriz=method-wrapper(...), alignText='center', alignVert=method-wrapper(...), anchorHoriz='center', anchorVert='center', antialias=True, autoDraw=False, autoLog=True, bold=False, color=array([-1., -1., -1.]), colorSpace='rgb', contrast=1.0, depth=-7.0, draggable=False, flipHoriz=False, flipVert=False, font='Arial', fontFiles=[], height=0.085, italic=False, languageStyle='LTR', name='pilot_prawa_etykieta', opacity=1, ori=0.0, pos=array([ 0.6, -0.5]), rgb=UNKNOWN, text='', units='norm', win=Window(...), wrapWidth=1)
10.2341 	EXP 	Created pilot_stim_image = ImageStim(__class__=<class 'psychopy.visual.image.ImageStim'>, anchor=('center', 'center'), autoLog=True, color=array([1., 1., 1.]), colorSpace='rgb', contrast=1.0, depth=-8.0, draggable=False, flipHoriz=np.False_, flipVert=np.False_, image='photos/twarz_testowa.jpg', interpolate=True, mask=None, maskParams=None, name='pilot_stim_image', opacity=1, ori=0.0, pos=array([0., 0.]), size=array([0.75, 0.75]), texRes=128.0, units='height', win=Window(...))
10.2611 	EXP 	Created start_badania = TextStim(__class__=<class 'psychopy.visual.text.TextStim'>, alignHoriz=method-wrapper(...), alignText='center', alignVert=method-wrapper(...), anchorHoriz='center', anchorVert='center', antialias=True, autoDraw=False, autoLog=True, bold=False, color=array([-1., -1., -1.]), colorSpace='rgb', contrast=1.0, depth=-2.0, draggable=False, flipHoriz=False, flipVert=False, font='Arial', fontFiles=[], height=np.float64(0.1), italic=False, languageStyle='LTR', name='start_badania', opacity=1, ori=0.0, pos=array([0., 0.]), rgb=UNKNOWN, text=str(...), units='norm', win=Window(...), wrapWidth=1.4)
10.2654 	EXP 	Created przerwa_text = TextStim(__class__=<class 'psychopy.visual.text.TextStim'>, alignHoriz=method-wrapper(...), alignText='center', alignVert=method-wrapper(...), anchorHoriz='center', anchorVert='center', antialias=True, autoDraw=False, autoLog=True, bold=False, color=array([-1., -1., -1.]), colorSpace='rgb', contrast=1.0, depth=0.0, draggable=False, flipHoriz=False, flipVert=False, font='Arial', fontFiles=[], height=np.float64(0.1), italic=False, languageStyle='LTR', name='przerwa_text', opacity=1, ori=0.0, pos=array([0., 0.]), rgb=UNKNOWN, text=str(...), units='norm', win=Window(...), wrapWidth=1)
10.2659 	EXP 	Created label_text = TextStim(__class__=<class 'psychopy.visual.text.TextStim'>, alignHoriz=method-wrapper(...), alignText='center', alignVert=method-wrapper(...), anchorHoriz='center', anchorVert='center', antialias=True, autoDraw=False, autoLog=True, bold=False, color=array([-1., -1., -1.]), colorSpace='rgb', contrast=1.0, depth=-2.0, draggable=False, flipHoriz=False, flipVert=False, font='Arial', fontFiles=[], height=0.05, italic=False, languageStyle='LTR', name='label_text', opacity=1, ori=0.0, pos=array([0., 0.]), rgb=UNKNOWN, text='', units='height', win=Window(...), wrapWidth=1.3)
10.2718 	EXP 	Created stim_image = ImageStim(__class__=<class 'psychopy.visual.image.ImageStim'>, anchor=('center', 'center'), autoLog=True, color=array([1., 1., 1.]), colorSpace='rgb', contrast=1.0, depth=-3.0, draggable=False, flipHoriz=np.False_, flipVert=np.False_, image='default.png', interpolate=True, mask=None, maskParams=None, name='stim_image', opacity=1, ori=0.0, pos=array([0., 0.]), size=array([0.75, 0.75]), texRes=128.0, units='height', win=Window(...))
10.2804 	EXP 	Created suwak_badanie = Slider(__class__=<class 'psychopy.visual.slider.Slider'>, autoDraw=False, autoLog=True, borderColor=None, color=None, colorSpace='rgb', depth=-4, fillColor=None, flip=False, font='Noto Sans', granularity=0.0, labelColor=None, labelHeight=np.float64(0.05), labelWrapWidth=None, labels=None, lineColor=None, markerColor=None, name='suwak_badanie', opacity=None, ori=0.0, pos=array([ 0. , -0.5]), readOnly=False, self=UNKNOWN, size=array([1. , 0.1]), startValue=0, style='slider', styleTweaks=[], ticks=array([-50, -25,   0,  25,  50]), units='norm', win=Window(...))
10.2810 	EXP 	Created lewa_etykieta = TextStim(__class__=<class 'psychopy.visual.text.TextStim'>, alignHoriz=method-wrapper(...), alignText='center', alignVert=method-wrapper(...), anchorHoriz='center', anchorVert='center', antialias=True, autoDraw=False, autoLog=True, bold=False, color=array([-1., -1., -1.]), colorSpace='rgb', contrast=1.0, depth=-5.0, draggable=False, flipHoriz=False, flipVert=False, font='Arial', fontFiles=[], height=0.085, italic=False, languageStyle='LTR', name='lewa_etykieta', opacity=1, ori=0.0, pos=array([-0.65, -0.5 ]), rgb=UNKNOWN, text='', units='norm', win=Window(...), wrapWidth=1)
10.2815 	EXP 	Created prawa_etykieta = TextStim(__class__=<class 'psychopy.visual.text.TextStim'>, alignHoriz=method-wrapper(...), alignText='center', alignVert=method-wrapper(...), anchorHoriz='center', anchorVert='center', antialias=True, autoDraw=False, autoLog=True, bold=False, color=array([-1., -1., -1.]), colorSpace='rgb', contrast=1.0, depth=-6.0, draggable=False, flipHoriz=False, flipVert=False, font='Arial', fontFiles=[], height=0.085, italic=False, languageStyle='LTR', name='prawa_etykieta', opacity=1, ori=0.0, pos=array([ 0.65, -0.5 ]), rgb=UNKNOWN, text='', units='norm', win=Window(...), wrapWidth=1)
10.2832 	EXP 	Created fiksacja2 = TextStim(__class__=<class 'psychopy.visual.text.TextStim'>, alignHoriz=method-wrapper(...), alignText='center', alignVert=method-wrapper(...), anchorHoriz='center', anchorVert='center', antialias=True, autoDraw=False, autoLog=True, bold=False, color=array([-1., -1., -1.]), colorSpace='rgb', contrast=1.0, depth=-7.0, draggable=False, flipHoriz=False, flipVert=False, font='Courier New', fontFiles=[], height=np.float64(0.1), italic=False, languageStyle='LTR', name='fiksacja2', opacity=1, ori=0.0, pos=array([0., 0.]), rgb=UNKNOWN, text='+', units='height', win=Window(...), wrapWidth=1)
10.2872 	EXP 	Created pytanie = TextStim(__class__=<class 'psychopy.visual.text.TextStim'>, alignHoriz=method-wrapper(...), alignText='center', alignVert=method-wrapper(...), anchorHoriz='center', anchorVert='center', antialias=True, autoDraw=False, autoLog=True, bold=False, color=array([-1., -1., -1.]), colorSpace='rgb', contrast=1.0, depth=-8.0, draggable=False, flipHoriz=False, flipVert=False, font='Arial', fontFiles=[], height=np.float64(0.1), italic=False, languageStyle='LTR', name='pytanie', opacity=1, ori=0.0, pos=array([0., 0.]), rgb=UNKNOWN, text='Jaką emocję wyrażała ta twarz?', units='norm', win=Window(...), wrapWidth=1)
10.2885 	EXP 	Created text = TextStim(__class__=<class 'psychopy.visual.text.TextStim'>, alignHoriz=method-wrapper(...), alignText='center', alignVert=method-wrapper(...), anchorHoriz='center', anchorVert='center', antialias=True, autoDraw=False, autoLog=True, bold=False, color=array([1., 1., 1.]), colorSpace='rgb', contrast=1.0, depth=-1.0, draggable=False, flipHoriz=False, flipVert=False, font='Arial', fontFiles=[], height=np.float64(0.05), italic=False, languageStyle='LTR', name='text', opacity=1, ori=0.0, pos=array([0., 0.]), rgb=UNKNOWN, text='', units='height', win=Window(...), wrapWidth=1)
10.2987 	EXP 	Created podziekowania_text = TextStim(__class__=<class 'psychopy.visual.text.TextStim'>, alignHoriz=method-wrapper(...), alignText='center', alignVert=method-wrapper(...), anchorHoriz='center', anchorVert='center', antialias=True, autoDraw=False, autoLog=True, bold=False, color=array([-1., -1., -1.]), colorSpace='rgb', contrast=1.0, depth=0.0, draggable=False, flipHoriz=False, flipVert=False, font='Arial', fontFiles=[], height=np.float64(0.05), italic=False, languageStyle='LTR', name='podziekowania_text', opacity=1, ori=0.0, pos=array([0., 0.]), rgb=UNKNOWN, text=str(...), units='height', win=Window(...), wrapWidth=1)
0.0376 	EXP 	textbox_2: autoLog = True
0.0376 	EXP 	textbox_3: autoLog = True
0.0376 	EXP 	pilot_suwak: autoLog = True
0.0376 	EXP 	pilot_suwak: styleTweaks = []
0.0376 	EXP 	pilot_suwak: styleTweaks = []
0.0376 	EXP 	pilot_suwak: styleTweaks = []
0.0376 	EXP 	pilot_suwak: styleTweaks = []
0.0376 	EXP 	pilot_suwak: contrast = 1.0
0.0376 	EXP 	pilot_suwak: markerPos = 0
0.0376 	EXP 	pilot_suwak: autoLog = True
0.0376 	EXP 	suwak_badanie: autoLog = True
0.0376 	EXP 	suwak_badanie: styleTweaks = []
0.0376 	EXP 	suwak_badanie: styleTweaks = []
0.0376 	EXP 	suwak_badanie: styleTweaks = []
0.0376 	EXP 	suwak_badanie: styleTweaks = []
0.0376 	EXP 	suwak_badanie: contrast = 1.0
0.0376 	EXP 	suwak_badanie: markerPos = 0
0.0376 	EXP 	suwak_badanie: autoLog = True
0.0784 	INFO 	Keyboard events cleared
0.0783 	EXP 	textbox_2: autoDraw = True
0.5631 	EXP 	Device response: <KeyPress from None: t=0.5498669999651611, value=space, duration=None>
0.5774 	DATA 	Keypress: space
0.5875 	INFO 	Keyboard events cleared
0.5874 	EXP 	textbox_2: autoDraw = False
0.5874 	EXP 	textbox_3: autoDraw = True
0.5874 	EXP 	suwaki_interpretacja: autoDraw = True
0.6900 	EXP 	Device response: <KeyPress from None: t=0.5498669999651611, value=space, duration=0.12450390006415546>
11.4975 	DATA 	Keypress: escape
11.5133 	EXP 	Device response: <KeyPress from None: t=11.495805899961852, value=escape, duration=None>
11.6427 	EXP 	Device response: <KeyPress from None: t=11.495805899961852, value=escape, duration=0.13981319998856634>
11.6428 	EXP 	percepcja_wersja_finalna: status = STOPPED
11.6569 	EXP 	textbox_3: autoDraw = False
11.6569 	EXP 	suwaki_interpretacja: autoDraw = False
11.6595 	EXP 	percepcja_wersja_finalna: status = STOPPED
11.6634 	INFO 	saved data to 'C:\\Users\\julia\\OneDrive\\Pulpit\\percepcja_psychopy\\data\\pilot_percepcja_wersja_finalna_2026-04-27_18h55.37.877.csv'
11.6644 	INFO 	saved data to C:\Users\julia\OneDrive\Pulpit\percepcja_psychopy\data\pilot_percepcja_wersja_finalna_2026-04-27_18h55.37.877.psydat
12.1133 	DEBUG 	Saving data for percepcja_wersja_finalna ExperimentHandler
12.1210 	WARNING 	Stopping key buffers but this could be dangerous ifother keyboards rely on the same.
