19.4538 	DEBUG 	Fullscreen settings ignored as running in pilot mode.
19.4551 	INFO 	Loaded monitor calibration from ['2026_03_18 20:30']
20.6879 	INFO 	Using renderer 'Intel(R) UHD Graphics' for graphics
20.6880 	INFO 	OpenGL version supported by driver is 4..
21.9864 	EXP 	Created window1 = Window(allowGUI=False, allowStencil=True, autoLog=True, backendConf=UNKNOWN, backgroundFit=<method-wrapper '__getattribute__' of attributeSetter object at 0x000001E9777B8BB0>, backgroundImage=<method-wrapper '__getattribute__' of attributeSetter object at 0x000001E9777B9540>, bitsMode=UNKNOWN, blendMode='avg', bpc=(8, 8, 8), color=array([0.6549, 0.6549, 0.6549]), colorSpace='rgb', depthBits=8, fullscr=False, gamma=None, gammaErrorPolicy='raise', infoMsg=UNKNOWN, lms=UNKNOWN, monitor=<psychopy.monitors.calibTools.Monitor object at 0x000001E978CA1180>, multiSample=False, name='window1', numSamples=2, pos=[np.float64(560.0), np.float64(240.0)], screen=0, size=array([800, 600]), stencilBits=8, stereo=False, title='PsychoPy', units='height', useFBO=True, useRetina=False, viewOri=0.0, viewPos=None, viewScale=None, waitBlanking=True, winType='pyglet')
21.9865 	EXP 	window1: backgroundImage = ''
21.9865 	EXP 	window1: backgroundFit = 'none'
22.0536 	DEBUG 	TextBox2 loaded 1 chars with 0 blanks and 1 valid
22.0715 	DEBUG 	TextBox2 loaded 1 chars with 0 blanks and 1 valid
22.0886 	DEBUG 	TextBox2 loaded 1 chars with 0 blanks and 1 valid
22.1079 	DEBUG 	TextBox2 loaded 1 chars with 0 blanks and 1 valid
22.1284 	DEBUG 	TextBox2 loaded 1 chars with 0 blanks and 1 valid
22.1480 	DEBUG 	TextBox2 loaded 1 chars with 0 blanks and 1 valid
22.1665 	DEBUG 	TextBox2 loaded 1 chars with 0 blanks and 1 valid
22.1848 	DEBUG 	TextBox2 loaded 1 chars with 0 blanks and 1 valid
22.2026 	DEBUG 	TextBox2 loaded 1 chars with 0 blanks and 1 valid
22.2215 	DEBUG 	TextBox2 loaded 1 chars with 0 blanks and 1 valid
22.2402 	DEBUG 	TextBox2 loaded 1 chars with 0 blanks and 1 valid
22.2587 	DEBUG 	TextBox2 loaded 1 chars with 0 blanks and 1 valid
22.2770 	DEBUG 	TextBox2 loaded 1 chars with 0 blanks and 1 valid
22.2959 	DEBUG 	TextBox2 loaded 1 chars with 0 blanks and 1 valid
22.3146 	DEBUG 	TextBox2 loaded 1 chars with 0 blanks and 1 valid
22.3343 	DEBUG 	TextBox2 loaded 1 chars with 0 blanks and 1 valid
22.3519 	DEBUG 	TextBox2 loaded 1 chars with 0 blanks and 1 valid
22.3697 	DEBUG 	TextBox2 loaded 1 chars with 0 blanks and 1 valid
22.3891 	DEBUG 	TextBox2 loaded 1 chars with 0 blanks and 1 valid
22.4073 	DEBUG 	TextBox2 loaded 1 chars with 0 blanks and 1 valid
22.4260 	DEBUG 	TextBox2 loaded 1 chars with 0 blanks and 1 valid
22.4444 	DEBUG 	TextBox2 loaded 1 chars with 0 blanks and 1 valid
22.4630 	DEBUG 	TextBox2 loaded 1 chars with 0 blanks and 1 valid
22.4811 	DEBUG 	TextBox2 loaded 1 chars with 0 blanks and 1 valid
22.5006 	DEBUG 	TextBox2 loaded 1 chars with 0 blanks and 1 valid
22.5180 	DEBUG 	TextBox2 loaded 1 chars with 0 blanks and 1 valid
22.5382 	DEBUG 	TextBox2 loaded 1 chars with 0 blanks and 1 valid
22.5561 	DEBUG 	TextBox2 loaded 1 chars with 0 blanks and 1 valid
22.5571 	DEBUG 	Uploading Texture Font fontname to graphics card
22.5738 	DEBUG 	Upload of Texture Font fontname complete
22.6303 	DEBUG 	TextBox2 loaded 1 chars with 0 blanks and 1 valid
22.6496 	DEBUG 	TextBox2 loaded 1 chars with 0 blanks and 1 valid
22.6502 	DEBUG 	Uploading Texture Font fontname to graphics card
22.6649 	DEBUG 	Upload of Texture Font fontname complete
23.0831 	INFO 	keyboard.Keyboard is using ptb backend.
23.0832 	EXP 	untitled_FINAL_NEWEST: status = STARTED
23.3820 	EXP 	Created text_instr = TextStim(__class__=<class 'psychopy.visual.text.TextStim'>, alignHoriz=method-wrapper(...), alignText='center', alignVert=method-wrapper(...), anchorHoriz='center', anchorVert='center', antialias=True, autoDraw=False, autoLog=True, bold=False, color=array([-1., -1., -1.]), colorSpace='rgb', contrast=1.0, depth=-2.0, draggable=False, flipHoriz=False, flipVert=False, font='Arial', fontFiles=[], height=np.float64(0.03), italic=False, languageStyle='LTR', name='text_instr', opacity=1, ori=0.0, pos=array([0., 0.]), rgb=UNKNOWN, text=str(...), units='height', win=Window(...), wrapWidth=1.5)
23.4492 	EXP 	Created suwak_info = TextStim(__class__=<class 'psychopy.visual.text.TextStim'>, alignHoriz=method-wrapper(...), alignText='center', alignVert=method-wrapper(...), anchorHoriz='center', anchorVert='center', antialias=True, autoDraw=False, autoLog=True, bold=False, color=array([-1., -1., -1.]), colorSpace='rgb', contrast=1.0, depth=-1.0, draggable=False, flipHoriz=False, flipVert=False, font='Arial', fontFiles=[], height=np.float64(0.03), italic=False, languageStyle='LTR', name='suwak_info', opacity=1, ori=0.0, pos=array([0., 0.]), rgb=UNKNOWN, text=str(...), units='height', win=Window(...), wrapWidth=1.3)
23.5041 	EXP 	Created proba_testowa = TextStim(__class__=<class 'psychopy.visual.text.TextStim'>, alignHoriz=method-wrapper(...), alignText='center', alignVert=method-wrapper(...), anchorHoriz='center', anchorVert='center', antialias=True, autoDraw=False, autoLog=True, bold=False, color=array([-1., -1., -1.]), colorSpace='rgb', contrast=1.0, depth=-2.0, draggable=False, flipHoriz=False, flipVert=False, font='Arial', fontFiles=[], height=np.float64(0.04), italic=False, languageStyle='LTR', name='proba_testowa', opacity=1, ori=0.0, pos=array([0., 0.]), rgb=UNKNOWN, text=str(...), units='height', win=Window(...), wrapWidth=1.4)
23.5144 	EXP 	Created pilot_label_text = TextStim(__class__=<class 'psychopy.visual.text.TextStim'>, alignHoriz=method-wrapper(...), alignText='center', alignVert=method-wrapper(...), anchorHoriz='center', anchorVert='center', antialias=True, autoDraw=False, autoLog=True, bold=False, color=array([-1., -1., -1.]), colorSpace='rgb', contrast=1.0, depth=-1.0, draggable=False, flipHoriz=False, flipVert=False, font='Arial', fontFiles=[], height=0.05, italic=False, languageStyle='LTR', name='pilot_label_text', opacity=1, ori=0.0, pos=array([0., 0.]), rgb=UNKNOWN, text='', units='height', win=Window(...), wrapWidth=1.3)
23.5422 	EXP 	Created pilot_fiksacja1 = TextStim(__class__=<class 'psychopy.visual.text.TextStim'>, alignHoriz=method-wrapper(...), alignText='center', alignVert=method-wrapper(...), anchorHoriz='center', anchorVert='center', antialias=True, autoDraw=False, autoLog=True, bold=False, color=array([-1., -1., -1.]), colorSpace='rgb', contrast=1.0, depth=-2.0, draggable=False, flipHoriz=False, flipVert=False, font='Arial', fontFiles=[], height=np.float64(0.12), italic=False, languageStyle='LTR', name='pilot_fiksacja1', opacity=1, ori=0.0, pos=array([0., 0.]), rgb=UNKNOWN, text='+', units='height', win=Window(...), wrapWidth=1)
23.6067 	EXP 	Created pilot_suwak = Slider(__class__=<class 'psychopy.visual.slider.Slider'>, autoDraw=False, autoLog=True, borderColor=None, color=None, colorSpace='rgb', depth=-3, fillColor=None, flip=False, font='Noto Sans', granularity=0.0, labelColor=None, labelHeight=np.float64(0.05), labelWrapWidth=None, labels=None, lineColor=None, markerColor=None, name='pilot_suwak', opacity=None, ori=0.0, pos=array([ 0. , -0.5]), readOnly=False, self=UNKNOWN, size=array([1. , 0.1]), startValue=0, style='slider', styleTweaks=[], ticks=ndarray(...), units='norm', win=Window(...))
23.6253 	EXP 	Created pilot_fiksacja2 = TextStim(__class__=<class 'psychopy.visual.text.TextStim'>, alignHoriz=method-wrapper(...), alignText='center', alignVert=method-wrapper(...), anchorHoriz='center', anchorVert='center', antialias=True, autoDraw=False, autoLog=True, bold=False, color=array([-1., -1., -1.]), colorSpace='rgb', contrast=1.0, depth=-4.0, draggable=False, flipHoriz=False, flipVert=False, font='Arial', fontFiles=[], height=np.float64(0.1), italic=False, languageStyle='LTR', name='pilot_fiksacja2', opacity=1, ori=0.0, pos=array([0., 0.]), rgb=UNKNOWN, text='+', units='height', win=Window(...), wrapWidth=1)
23.6586 	EXP 	Created pilot_pytanie = TextStim(__class__=<class 'psychopy.visual.text.TextStim'>, alignHoriz=method-wrapper(...), alignText='center', alignVert=method-wrapper(...), anchorHoriz='center', anchorVert='center', antialias=True, autoDraw=False, autoLog=True, bold=False, color=array([-1., -1., -1.]), colorSpace='rgb', contrast=1.0, depth=-5.0, draggable=False, flipHoriz=False, flipVert=False, font='Arial', fontFiles=[], height=np.float64(0.1), italic=False, languageStyle='LTR', name='pilot_pytanie', opacity=1, ori=0.0, pos=array([0., 0.]), rgb=UNKNOWN, text='Jaką emocję wyrażała ta twarz?', units='norm', win=Window(...), wrapWidth=1)
23.6703 	EXP 	Created pilot_lewa_etykieta = TextStim(__class__=<class 'psychopy.visual.text.TextStim'>, alignHoriz=method-wrapper(...), alignText='center', alignVert=method-wrapper(...), anchorHoriz='center', anchorVert='center', antialias=True, autoDraw=False, autoLog=True, bold=False, color=array([-1., -1., -1.]), colorSpace='rgb', contrast=1.0, depth=-6.0, draggable=False, flipHoriz=False, flipVert=False, font='Arial', fontFiles=[], height=0.085, italic=False, languageStyle='LTR', name='pilot_lewa_etykieta', opacity=1, ori=0.0, pos=array([-0.6, -0.5]), rgb=UNKNOWN, text='', units='norm', win=Window(...), wrapWidth=1)
23.6788 	EXP 	Created pilot_prawa_etykieta = TextStim(__class__=<class 'psychopy.visual.text.TextStim'>, alignHoriz=method-wrapper(...), alignText='center', alignVert=method-wrapper(...), anchorHoriz='center', anchorVert='center', antialias=True, autoDraw=False, autoLog=True, bold=False, color=array([-1., -1., -1.]), colorSpace='rgb', contrast=1.0, depth=-7.0, draggable=False, flipHoriz=False, flipVert=False, font='Arial', fontFiles=[], height=0.085, italic=False, languageStyle='LTR', name='pilot_prawa_etykieta', opacity=1, ori=0.0, pos=array([ 0.6, -0.5]), rgb=UNKNOWN, text='', units='norm', win=Window(...), wrapWidth=1)
23.7801 	EXP 	Created pilot_stim_image = ImageStim(__class__=<class 'psychopy.visual.image.ImageStim'>, anchor=('center', 'center'), autoLog=True, color=array([1., 1., 1.]), colorSpace='rgb', contrast=1.0, depth=-8.0, draggable=False, flipHoriz=np.False_, flipVert=np.False_, image='photos/twarz_testowa.jpg', interpolate=True, mask=None, maskParams=None, name='pilot_stim_image', opacity=1, ori=0.0, pos=array([0., 0.]), size=array([0.75, 0.75]), texRes=128.0, units='height', win=Window(...))
23.8303 	EXP 	Created start_badania = TextStim(__class__=<class 'psychopy.visual.text.TextStim'>, alignHoriz=method-wrapper(...), alignText='center', alignVert=method-wrapper(...), anchorHoriz='center', anchorVert='center', antialias=True, autoDraw=False, autoLog=True, bold=False, color=array([-1., -1., -1.]), colorSpace='rgb', contrast=1.0, depth=-2.0, draggable=False, flipHoriz=False, flipVert=False, font='Arial', fontFiles=[], height=np.float64(0.1), italic=False, languageStyle='LTR', name='start_badania', opacity=1, ori=0.0, pos=array([0., 0.]), rgb=UNKNOWN, text=str(...), units='norm', win=Window(...), wrapWidth=1.4)
23.8430 	EXP 	Created przerwa_text = TextStim(__class__=<class 'psychopy.visual.text.TextStim'>, alignHoriz=method-wrapper(...), alignText='center', alignVert=method-wrapper(...), anchorHoriz='center', anchorVert='center', antialias=True, autoDraw=False, autoLog=True, bold=False, color=array([-1., -1., -1.]), colorSpace='rgb', contrast=1.0, depth=0.0, draggable=False, flipHoriz=False, flipVert=False, font='Arial', fontFiles=[], height=np.float64(0.1), italic=False, languageStyle='LTR', name='przerwa_text', opacity=1, ori=0.0, pos=array([0., 0.]), rgb=UNKNOWN, text=str(...), units='norm', win=Window(...), wrapWidth=1)
23.8521 	EXP 	Created label_text = TextStim(__class__=<class 'psychopy.visual.text.TextStim'>, alignHoriz=method-wrapper(...), alignText='center', alignVert=method-wrapper(...), anchorHoriz='center', anchorVert='center', antialias=True, autoDraw=False, autoLog=True, bold=False, color=array([-1., -1., -1.]), colorSpace='rgb', contrast=1.0, depth=-2.0, draggable=False, flipHoriz=False, flipVert=False, font='Arial', fontFiles=[], height=0.05, italic=False, languageStyle='LTR', name='label_text', opacity=1, ori=0.0, pos=array([0., 0.]), rgb=UNKNOWN, text='', units='height', win=Window(...), wrapWidth=1.3)
23.8662 	EXP 	Created stim_image = ImageStim(__class__=<class 'psychopy.visual.image.ImageStim'>, anchor=('center', 'center'), autoLog=True, color=array([1., 1., 1.]), colorSpace='rgb', contrast=1.0, depth=-3.0, draggable=False, flipHoriz=np.False_, flipVert=np.False_, image='default.png', interpolate=True, mask=None, maskParams=None, name='stim_image', opacity=1, ori=0.0, pos=array([0., 0.]), size=array([0.75, 0.75]), texRes=128.0, units='height', win=Window(...))
23.8993 	EXP 	Created suwak_badanie = Slider(__class__=<class 'psychopy.visual.slider.Slider'>, autoDraw=False, autoLog=True, borderColor=None, color=None, colorSpace='rgb', depth=-4, fillColor=None, flip=False, font='Noto Sans', granularity=0.0, labelColor=None, labelHeight=np.float64(0.05), labelWrapWidth=None, labels=None, lineColor=None, markerColor=None, name='suwak_badanie', opacity=None, ori=0.0, pos=array([ 0. , -0.5]), readOnly=False, self=UNKNOWN, size=array([1. , 0.1]), startValue=0, style='slider', styleTweaks=[], ticks=ndarray(...), units='norm', win=Window(...))
23.9024 	EXP 	Created lewa_etykieta = TextStim(__class__=<class 'psychopy.visual.text.TextStim'>, alignHoriz=method-wrapper(...), alignText='center', alignVert=method-wrapper(...), anchorHoriz='center', anchorVert='center', antialias=True, autoDraw=False, autoLog=True, bold=False, color=array([-1., -1., -1.]), colorSpace='rgb', contrast=1.0, depth=-5.0, draggable=False, flipHoriz=False, flipVert=False, font='Arial', fontFiles=[], height=0.085, italic=False, languageStyle='LTR', name='lewa_etykieta', opacity=1, ori=0.0, pos=array([-0.65, -0.5 ]), rgb=UNKNOWN, text='', units='norm', win=Window(...), wrapWidth=1)
23.9070 	EXP 	Created prawa_etykieta = TextStim(__class__=<class 'psychopy.visual.text.TextStim'>, alignHoriz=method-wrapper(...), alignText='center', alignVert=method-wrapper(...), anchorHoriz='center', anchorVert='center', antialias=True, autoDraw=False, autoLog=True, bold=False, color=array([-1., -1., -1.]), colorSpace='rgb', contrast=1.0, depth=-6.0, draggable=False, flipHoriz=False, flipVert=False, font='Arial', fontFiles=[], height=0.085, italic=False, languageStyle='LTR', name='prawa_etykieta', opacity=1, ori=0.0, pos=array([ 0.65, -0.5 ]), rgb=UNKNOWN, text='', units='norm', win=Window(...), wrapWidth=1)
23.9185 	EXP 	Created fiksacja2 = TextStim(__class__=<class 'psychopy.visual.text.TextStim'>, alignHoriz=method-wrapper(...), alignText='center', alignVert=method-wrapper(...), anchorHoriz='center', anchorVert='center', antialias=True, autoDraw=False, autoLog=True, bold=False, color=array([-1., -1., -1.]), colorSpace='rgb', contrast=1.0, depth=-7.0, draggable=False, flipHoriz=False, flipVert=False, font='Arial', fontFiles=[], height=np.float64(0.1), italic=False, languageStyle='LTR', name='fiksacja2', opacity=1, ori=0.0, pos=array([0., 0.]), rgb=UNKNOWN, text='+', units='height', win=Window(...), wrapWidth=1)
23.9299 	EXP 	Created pytanie = TextStim(__class__=<class 'psychopy.visual.text.TextStim'>, alignHoriz=method-wrapper(...), alignText='center', alignVert=method-wrapper(...), anchorHoriz='center', anchorVert='center', antialias=True, autoDraw=False, autoLog=True, bold=False, color=array([-1., -1., -1.]), colorSpace='rgb', contrast=1.0, depth=-8.0, draggable=False, flipHoriz=False, flipVert=False, font='Arial', fontFiles=[], height=np.float64(0.1), italic=False, languageStyle='LTR', name='pytanie', opacity=1, ori=0.0, pos=array([0., 0.]), rgb=UNKNOWN, text='Jaką emocję wyrażała ta twarz?', units='norm', win=Window(...), wrapWidth=1)
23.9351 	EXP 	Created text = TextStim(__class__=<class 'psychopy.visual.text.TextStim'>, alignHoriz=method-wrapper(...), alignText='center', alignVert=method-wrapper(...), anchorHoriz='center', anchorVert='center', antialias=True, autoDraw=False, autoLog=True, bold=False, color=array([1., 1., 1.]), colorSpace='rgb', contrast=1.0, depth=-1.0, draggable=False, flipHoriz=False, flipVert=False, font='Arial', fontFiles=[], height=np.float64(0.05), italic=False, languageStyle='LTR', name='text', opacity=1, ori=0.0, pos=array([0., 0.]), rgb=UNKNOWN, text='', units='height', win=Window(...), wrapWidth=1)
23.9616 	EXP 	Created podziekowania_text = TextStim(__class__=<class 'psychopy.visual.text.TextStim'>, alignHoriz=method-wrapper(...), alignText='center', alignVert=method-wrapper(...), anchorHoriz='center', anchorVert='center', antialias=True, autoDraw=False, autoLog=True, bold=False, color=array([1., 1., 1.]), colorSpace='rgb', contrast=1.0, depth=0.0, draggable=False, flipHoriz=False, flipVert=False, font='Arial', fontFiles=[], height=np.float64(0.05), italic=False, languageStyle='LTR', name='podziekowania_text', opacity=1, ori=0.0, pos=array([0., 0.]), rgb=UNKNOWN, text=str(...), units='height', win=Window(...), wrapWidth=1)
0.2250 	EXP 	pilot_suwak: autoLog = True
0.2250 	EXP 	pilot_suwak: styleTweaks = []
0.2250 	EXP 	pilot_suwak: styleTweaks = []
0.2250 	EXP 	pilot_suwak: styleTweaks = []
0.2250 	EXP 	pilot_suwak: styleTweaks = []
0.2250 	EXP 	pilot_suwak: contrast = 1.0
0.2250 	EXP 	pilot_suwak: markerPos = 0
0.2250 	EXP 	pilot_suwak: autoLog = True
0.2250 	EXP 	suwak_badanie: autoLog = True
0.2250 	EXP 	suwak_badanie: styleTweaks = []
0.2250 	EXP 	suwak_badanie: styleTweaks = []
0.2250 	EXP 	suwak_badanie: styleTweaks = []
0.2250 	EXP 	suwak_badanie: styleTweaks = []
0.2250 	EXP 	suwak_badanie: contrast = 1.0
0.2250 	EXP 	suwak_badanie: markerPos = 0
0.2250 	EXP 	suwak_badanie: autoLog = True
0.2803 	INFO 	Keyboard events cleared
0.2802 	EXP 	text_instr: autoDraw = True
0.9585 	DATA 	Keypress: space
1.0587 	EXP 	Device response: <KeyPress from None: t=0.8626693999394774, value=space, duration=None>
1.0588 	EXP 	Device response: <KeyPress from None: t=0.8626693999394774, value=space, duration=0.052377099986188114>
1.1170 	DATA 	Keypress: space
1.2051 	EXP 	Device response: <KeyPress from None: t=1.049479000037536, value=space, duration=None>
1.2051 	EXP 	Device response: <KeyPress from None: t=1.049479000037536, value=space, duration=0.04656939988490194>
1.9686 	DATA 	Keypress: space
2.0028 	EXP 	Device response: <KeyPress from None: t=1.9289582000346854, value=space, duration=None>
2.0817 	INFO 	Keyboard events cleared
2.0816 	EXP 	text_instr: autoDraw = False
2.0816 	EXP 	suwak_info: autoDraw = True
2.3656 	DATA 	Keypress: space
2.4000 	EXP 	Device response: <KeyPress from None: t=2.3407749999314547, value=space, duration=None>
2.4801 	INFO 	Keyboard events cleared
2.4800 	EXP 	suwak_info: autoDraw = False
2.4800 	EXP 	proba_testowa: autoDraw = True
2.6011 	EXP 	Device response: <KeyPress from None: t=2.5881040999665856, value=space, duration=None>
2.6616 	DATA 	Keypress: space
2.6949 	EXP 	proba_testowa: autoDraw = False
2.6949 	EXP 	pilot_label_text: height = np.float64(0.05)
2.6949 	EXP 	pilot_label_text: height = np.float64(0.05)
2.6949 	EXP 	pilot_label_text: height = np.float64(0.05)
2.6949 	EXP 	pilot_label_text: height = np.float64(0.05)
2.6949 	EXP 	pilot_label_text: height = np.float64(0.05)
2.6949 	EXP 	pilot_label_text: height = np.float64(0.05)
2.6949 	EXP 	pilot_label_text: text = 'Model AI wykrył w tej twarzy 80% smutku.\n\n'
2.6949 	EXP 	pilot_suwak: markerPos = None
2.6949 	EXP 	pilot_suwak: markerPos = 0
2.6949 	EXP 	pilot_lewa_etykieta: height = np.float64(0.085)
2.6949 	EXP 	pilot_lewa_etykieta: height = np.float64(0.085)
2.6949 	EXP 	pilot_lewa_etykieta: height = np.float64(0.085)
2.6949 	EXP 	pilot_lewa_etykieta: text = 'radość'
2.6949 	EXP 	pilot_prawa_etykieta: height = np.float64(0.085)
2.6949 	EXP 	pilot_prawa_etykieta: height = np.float64(0.085)
2.6949 	EXP 	pilot_prawa_etykieta: height = np.float64(0.085)
2.6949 	EXP 	pilot_prawa_etykieta: text = 'smutek'
2.6949 	EXP 	pilot_fiksacja1: autoDraw = True
2.6985 	EXP 	Device response: <KeyPress from None: t=1.9289582000346854, value=space, duration=0.7499516999814659>
3.2060 	EXP 	pilot_fiksacja1: autoDraw = False
3.3061 	EXP 	pilot_label_text: autoDraw = True
6.3146 	EXP 	pilot_label_text: autoDraw = False
6.5143 	EXP 	pilot_fiksacja2: autoDraw = True
7.0294 	EXP 	pilot_fiksacja2: autoDraw = False
7.2128 	EXP 	pilot_stim_image: autoDraw = True
8.1258 	EXP 	pilot_suwak: autoDraw = True
8.1258 	EXP 	pilot_pytanie: autoDraw = True
8.1258 	EXP 	pilot_lewa_etykieta: autoDraw = True
8.1258 	EXP 	pilot_prawa_etykieta: autoDraw = True
8.1429 	EXP 	pilot_stim_image: autoDraw = False
9.8906 	DATA 	Mouse: Left button down, pos=(524,152)
9.9042 	EXP 	pilot_suwak: markerPos = np.float64(31.0)
9.9208 	EXP 	pilot_suwak: markerPos = np.float64(31.0)
9.9379 	EXP 	pilot_suwak: markerPos = np.float64(31.0)
9.9543 	EXP 	pilot_suwak: markerPos = np.float64(31.0)
9.9706 	EXP 	pilot_suwak: markerPos = np.float64(31.0)
9.9794 	DATA 	Mouse:  Left button up, pos=(524,152)
9.9878 	EXP 	pilot_suwak: markerPos = np.float64(31.0)
10.0037 	EXP 	pilot_suwak: markerPos = np.float64(31.0)
10.0212 	INFO 	Keyboard events cleared
10.0211 	EXP 	pilot_label_text: autoDraw = False
10.0211 	EXP 	pilot_fiksacja1: autoDraw = False
10.0211 	EXP 	pilot_suwak: autoDraw = False
10.0211 	EXP 	pilot_fiksacja2: autoDraw = False
10.0211 	EXP 	pilot_pytanie: autoDraw = False
10.0211 	EXP 	pilot_lewa_etykieta: autoDraw = False
10.0211 	EXP 	pilot_prawa_etykieta: autoDraw = False
10.0211 	EXP 	pilot_stim_image: autoDraw = False
10.0211 	EXP 	start_badania: autoDraw = True
10.7073 	EXP 	Device response: <KeyPress from None: t=10.695795899955556, value=space, duration=None>
10.7377 	DEBUG 	Read excel file with openpyxl: conditions.xlsx
10.7434 	EXP 	Imported conditions.xlsx as conditions, 32 conditions, 9 params
10.7448 	EXP 	New trial (rep=0, index=0): <Trial 0 (0 in rep 0) data={'image_path': 'C:\\Users\\julia\\OneDrive\\Pulpit\\percepcja_psychopy\\photos\\Twarze 50,50\\SZ 50,50\\1K SZ 5050.png', 'etykieta': 'Model sztucznej inteligencji wykrył w tej twarzy 72% strachu .', 'left_label': 'strach', 'right_label': 'złość', 'show_label': 4, 'proporcja_zdjecia': '50/50', 'typ_etykiety': 'Procentowa AI', 'warunek': 'n/d', 'kierunek': 'Sugestia Lewo strach', 'thisN': 0, 'thisTrialN': 0, 'thisRepN': 0}>
10.8045 	EXP 	Device response: <KeyPress from None: t=2.3407749999314547, value=space, duration=8.444679400068708>
10.8054 	DATA 	Keypress: space
10.8179 	EXP 	start_badania: autoDraw = False
10.8179 	EXP 	przerwa_text: autoDraw = False
10.8179 	EXP 	label_text: height = np.float64(0.05)
10.8179 	EXP 	label_text: height = np.float64(0.05)
10.8179 	EXP 	label_text: height = np.float64(0.05)
10.8179 	EXP 	label_text: text = 'Model sztucznej inteligencji wykrył w tej twarzy 72% strachu .'
10.8179 	EXP 	label_text: height = np.float64(0.05)
10.8179 	EXP 	label_text: height = np.float64(0.05)
10.8179 	EXP 	label_text: height = np.float64(0.05)
10.8179 	EXP 	label_text: text = 'Model sztucznej inteligencji wykrył w tej twarzy 72% strachu .'
10.8179 	EXP 	stim_image: image = 'C:\\Users\\julia\\OneDrive\\Pulpit\\percepcja_psychopy\\photos\\Twarze 50,50\\SZ 50,50\\1K SZ 5050.png'
10.8179 	EXP 	suwak_badanie: markerPos = None
10.8179 	EXP 	suwak_badanie: markerPos = 0
10.8179 	EXP 	lewa_etykieta: height = np.float64(0.085)
10.8179 	EXP 	lewa_etykieta: height = np.float64(0.085)
10.8179 	EXP 	lewa_etykieta: height = np.float64(0.085)
10.8179 	EXP 	lewa_etykieta: text = 'strach'
10.8179 	EXP 	prawa_etykieta: height = np.float64(0.085)
10.8179 	EXP 	prawa_etykieta: height = np.float64(0.085)
10.8179 	EXP 	prawa_etykieta: height = np.float64(0.085)
10.8179 	EXP 	prawa_etykieta: text = 'złość'
10.8179 	EXP 	label_text: autoDraw = True
14.8245 	EXP 	label_text: autoDraw = False
14.9577 	EXP 	fiksacja2: autoDraw = True
15.2077 	EXP 	fiksacja2: autoDraw = False
15.4069 	EXP 	stim_image: autoDraw = True
16.6022 	EXP 	suwak_badanie: autoDraw = True
16.6022 	EXP 	lewa_etykieta: autoDraw = True
16.6022 	EXP 	prawa_etykieta: autoDraw = True
16.6022 	EXP 	pytanie: autoDraw = True
16.6196 	EXP 	stim_image: autoDraw = False
26.2947 	EXP 	Device response: <KeyPress from None: t=26.289104799972847, value=escape, duration=None>
26.2949 	DATA 	Keypress: escape
26.4443 	EXP 	Device response: <KeyPress from None: t=26.289104799972847, value=escape, duration=0.1506078999955207>
26.4444 	EXP 	untitled_FINAL_NEWEST: status = STOPPED
26.4592 	EXP 	suwak_badanie: autoDraw = False
26.4592 	EXP 	lewa_etykieta: autoDraw = False
26.4592 	EXP 	prawa_etykieta: autoDraw = False
26.4592 	EXP 	pytanie: autoDraw = False
26.4618 	EXP 	untitled_FINAL_NEWEST: status = STOPPED
26.4677 	INFO 	saved data to 'C:\\Users\\julia\\OneDrive\\Pulpit\\percepcja_psychopy\\data\\pilot_untitled_FINAL_NEWEST_2026-04-25_20h52.05.283.csv'
26.4712 	INFO 	saved data to C:\Users\julia\OneDrive\Pulpit\percepcja_psychopy\data\pilot_untitled_FINAL_NEWEST_2026-04-25_20h52.05.283.psydat
27.1381 	DEBUG 	Saving data for untitled_FINAL_NEWEST ExperimentHandler
27.2027 	WARNING 	Stopping key buffers but this could be dangerous ifother keyboards rely on the same.
