8.0498 	DEBUG 	Fullscreen settings ignored as running in pilot mode.
8.0510 	INFO 	Loaded monitor calibration from ['2026_03_18 20:30']
8.5268 	INFO 	Using renderer 'Intel(R) UHD Graphics' for graphics
8.5268 	INFO 	OpenGL version supported by driver is 4..
9.7474 	EXP 	Created window1 = Window(allowGUI=False, allowStencil=True, autoLog=True, backendConf=UNKNOWN, backgroundFit=<method-wrapper '__getattribute__' of attributeSetter object at 0x00000146A5EEB9A0>, backgroundImage=<method-wrapper '__getattribute__' of attributeSetter object at 0x00000146A5EE8B80>, bitsMode=UNKNOWN, blendMode='avg', bpc=(8, 8, 8), color=array([0.6549, 0.6549, 0.6549]), colorSpace='rgb', depthBits=8, fullscr=False, gamma=None, gammaErrorPolicy='raise', infoMsg=UNKNOWN, lms=UNKNOWN, monitor=<psychopy.monitors.calibTools.Monitor object at 0x00000146A7422C50>, multiSample=False, name='window1', numSamples=2, pos=[np.float64(560.0), np.float64(240.0)], screen=0, size=array([800, 600]), stencilBits=8, stereo=False, title='PsychoPy', units='height', useFBO=True, useRetina=False, viewOri=0.0, viewPos=None, viewScale=None, waitBlanking=True, winType='pyglet')
9.7476 	EXP 	window1: backgroundImage = ''
9.7477 	EXP 	window1: backgroundFit = 'none'
9.7895 	DEBUG 	TextBox2 loaded 1 chars with 0 blanks and 1 valid
9.8046 	DEBUG 	TextBox2 loaded 1 chars with 0 blanks and 1 valid
9.8201 	DEBUG 	TextBox2 loaded 1 chars with 0 blanks and 1 valid
9.8354 	DEBUG 	TextBox2 loaded 1 chars with 0 blanks and 1 valid
9.8511 	DEBUG 	TextBox2 loaded 1 chars with 0 blanks and 1 valid
9.8676 	DEBUG 	TextBox2 loaded 1 chars with 0 blanks and 1 valid
9.8838 	DEBUG 	TextBox2 loaded 1 chars with 0 blanks and 1 valid
9.8984 	DEBUG 	TextBox2 loaded 1 chars with 0 blanks and 1 valid
9.9126 	DEBUG 	TextBox2 loaded 1 chars with 0 blanks and 1 valid
9.9271 	DEBUG 	TextBox2 loaded 1 chars with 0 blanks and 1 valid
9.9428 	DEBUG 	TextBox2 loaded 1 chars with 0 blanks and 1 valid
9.9588 	DEBUG 	TextBox2 loaded 1 chars with 0 blanks and 1 valid
9.9738 	DEBUG 	TextBox2 loaded 1 chars with 0 blanks and 1 valid
9.9910 	DEBUG 	TextBox2 loaded 1 chars with 0 blanks and 1 valid
10.0062 	DEBUG 	TextBox2 loaded 1 chars with 0 blanks and 1 valid
10.0217 	DEBUG 	TextBox2 loaded 1 chars with 0 blanks and 1 valid
10.0365 	DEBUG 	TextBox2 loaded 1 chars with 0 blanks and 1 valid
10.0525 	DEBUG 	TextBox2 loaded 1 chars with 0 blanks and 1 valid
10.0678 	DEBUG 	TextBox2 loaded 1 chars with 0 blanks and 1 valid
10.0835 	DEBUG 	TextBox2 loaded 1 chars with 0 blanks and 1 valid
10.0992 	DEBUG 	TextBox2 loaded 1 chars with 0 blanks and 1 valid
10.1147 	DEBUG 	TextBox2 loaded 1 chars with 0 blanks and 1 valid
10.1290 	DEBUG 	TextBox2 loaded 1 chars with 0 blanks and 1 valid
10.1453 	DEBUG 	TextBox2 loaded 1 chars with 0 blanks and 1 valid
10.1608 	DEBUG 	TextBox2 loaded 1 chars with 0 blanks and 1 valid
10.1751 	DEBUG 	TextBox2 loaded 1 chars with 0 blanks and 1 valid
10.1896 	DEBUG 	TextBox2 loaded 1 chars with 0 blanks and 1 valid
10.2035 	DEBUG 	TextBox2 loaded 1 chars with 0 blanks and 1 valid
10.2039 	DEBUG 	Uploading Texture Font fontname to graphics card
10.2121 	DEBUG 	Upload of Texture Font fontname complete
10.2540 	DEBUG 	TextBox2 loaded 1 chars with 0 blanks and 1 valid
10.2694 	DEBUG 	TextBox2 loaded 1 chars with 0 blanks and 1 valid
10.2698 	DEBUG 	Uploading Texture Font fontname to graphics card
10.2796 	DEBUG 	Upload of Texture Font fontname complete
10.4386 	INFO 	keyboard.Keyboard is using ptb backend.
10.4387 	EXP 	untitled_FINAL_NEWEST: status = STARTED
10.5884 	EXP 	Created text_instr = TextStim(__class__=<class 'psychopy.visual.text.TextStim'>, alignHoriz=method-wrapper(...), alignText='center', alignVert=method-wrapper(...), anchorHoriz='center', anchorVert='center', antialias=True, autoDraw=False, autoLog=True, bold=False, color=array([-1., -1., -1.]), colorSpace='rgb', contrast=1.0, depth=-2.0, draggable=False, flipHoriz=False, flipVert=False, font='Arial', fontFiles=[], height=np.float64(0.03), italic=False, languageStyle='LTR', name='text_instr', opacity=1, ori=0.0, pos=array([0., 0.]), rgb=UNKNOWN, text=str(...), units='height', win=Window(...), wrapWidth=1.5)
10.6149 	EXP 	Created suwak_info = TextStim(__class__=<class 'psychopy.visual.text.TextStim'>, alignHoriz=method-wrapper(...), alignText='center', alignVert=method-wrapper(...), anchorHoriz='center', anchorVert='center', antialias=True, autoDraw=False, autoLog=True, bold=False, color=array([-1., -1., -1.]), colorSpace='rgb', contrast=1.0, depth=-1.0, draggable=False, flipHoriz=False, flipVert=False, font='Arial', fontFiles=[], height=np.float64(0.03), italic=False, languageStyle='LTR', name='suwak_info', opacity=1, ori=0.0, pos=array([0., 0.]), rgb=UNKNOWN, text=str(...), units='height', win=Window(...), wrapWidth=1.3)
10.6420 	EXP 	Created proba_testowa = TextStim(__class__=<class 'psychopy.visual.text.TextStim'>, alignHoriz=method-wrapper(...), alignText='center', alignVert=method-wrapper(...), anchorHoriz='center', anchorVert='center', antialias=True, autoDraw=False, autoLog=True, bold=False, color=array([-1., -1., -1.]), colorSpace='rgb', contrast=1.0, depth=-2.0, draggable=False, flipHoriz=False, flipVert=False, font='Arial', fontFiles=[], height=np.float64(0.04), italic=False, languageStyle='LTR', name='proba_testowa', opacity=1, ori=0.0, pos=array([0., 0.]), rgb=UNKNOWN, text=str(...), units='height', win=Window(...), wrapWidth=1.4)
10.6430 	EXP 	Created pilot_label_text = TextStim(__class__=<class 'psychopy.visual.text.TextStim'>, alignHoriz=method-wrapper(...), alignText='center', alignVert=method-wrapper(...), anchorHoriz='center', anchorVert='center', antialias=True, autoDraw=False, autoLog=True, bold=False, color=array([-1., -1., -1.]), colorSpace='rgb', contrast=1.0, depth=-1.0, draggable=False, flipHoriz=False, flipVert=False, font='Arial', fontFiles=[], height=0.05, italic=False, languageStyle='LTR', name='pilot_label_text', opacity=1, ori=0.0, pos=array([0., 0.]), rgb=UNKNOWN, text='', units='height', win=Window(...), wrapWidth=1.3)
10.6497 	EXP 	Created pilot_fiksacja1 = TextStim(__class__=<class 'psychopy.visual.text.TextStim'>, alignHoriz=method-wrapper(...), alignText='center', alignVert=method-wrapper(...), anchorHoriz='center', anchorVert='center', antialias=True, autoDraw=False, autoLog=True, bold=False, color=array([-1., -1., -1.]), colorSpace='rgb', contrast=1.0, depth=-2.0, draggable=False, flipHoriz=False, flipVert=False, font='Arial', fontFiles=[], height=np.float64(0.12), italic=False, languageStyle='LTR', name='pilot_fiksacja1', opacity=1, ori=0.0, pos=array([0., 0.]), rgb=UNKNOWN, text='+', units='height', win=Window(...), wrapWidth=1)
10.6828 	EXP 	Created pilot_suwak = Slider(__class__=<class 'psychopy.visual.slider.Slider'>, autoDraw=False, autoLog=True, borderColor=None, color=None, colorSpace='rgb', depth=-3, fillColor=None, flip=False, font='Noto Sans', granularity=0.0, labelColor=None, labelHeight=np.float64(0.05), labelWrapWidth=None, labels=None, lineColor=None, markerColor=None, name='pilot_suwak', opacity=None, ori=0.0, pos=array([ 0. , -0.5]), readOnly=False, self=UNKNOWN, size=array([1. , 0.1]), startValue=0, style='slider', styleTweaks=[], ticks=array([-50, -25,   0,  25,  50]), units='norm', win=Window(...))
10.6879 	EXP 	Created pilot_fiksacja2 = TextStim(__class__=<class 'psychopy.visual.text.TextStim'>, alignHoriz=method-wrapper(...), alignText='center', alignVert=method-wrapper(...), anchorHoriz='center', anchorVert='center', antialias=True, autoDraw=False, autoLog=True, bold=False, color=array([-1., -1., -1.]), colorSpace='rgb', contrast=1.0, depth=-4.0, draggable=False, flipHoriz=False, flipVert=False, font='Arial', fontFiles=[], height=np.float64(0.1), italic=False, languageStyle='LTR', name='pilot_fiksacja2', opacity=1, ori=0.0, pos=array([0., 0.]), rgb=UNKNOWN, text='+', units='height', win=Window(...), wrapWidth=1)
10.7041 	EXP 	Created pilot_pytanie = TextStim(__class__=<class 'psychopy.visual.text.TextStim'>, alignHoriz=method-wrapper(...), alignText='center', alignVert=method-wrapper(...), anchorHoriz='center', anchorVert='center', antialias=True, autoDraw=False, autoLog=True, bold=False, color=array([-1., -1., -1.]), colorSpace='rgb', contrast=1.0, depth=-5.0, draggable=False, flipHoriz=False, flipVert=False, font='Arial', fontFiles=[], height=np.float64(0.1), italic=False, languageStyle='LTR', name='pilot_pytanie', opacity=1, ori=0.0, pos=array([0., 0.]), rgb=UNKNOWN, text='Jaką emocję wyrażała ta twarz?', units='norm', win=Window(...), wrapWidth=1)
10.7051 	EXP 	Created pilot_lewa_etykieta = TextStim(__class__=<class 'psychopy.visual.text.TextStim'>, alignHoriz=method-wrapper(...), alignText='center', alignVert=method-wrapper(...), anchorHoriz='center', anchorVert='center', antialias=True, autoDraw=False, autoLog=True, bold=False, color=array([-1., -1., -1.]), colorSpace='rgb', contrast=1.0, depth=-6.0, draggable=False, flipHoriz=False, flipVert=False, font='Arial', fontFiles=[], height=0.085, italic=False, languageStyle='LTR', name='pilot_lewa_etykieta', opacity=1, ori=0.0, pos=array([-0.6, -0.5]), rgb=UNKNOWN, text='', units='norm', win=Window(...), wrapWidth=1)
10.7056 	EXP 	Created pilot_prawa_etykieta = TextStim(__class__=<class 'psychopy.visual.text.TextStim'>, alignHoriz=method-wrapper(...), alignText='center', alignVert=method-wrapper(...), anchorHoriz='center', anchorVert='center', antialias=True, autoDraw=False, autoLog=True, bold=False, color=array([-1., -1., -1.]), colorSpace='rgb', contrast=1.0, depth=-7.0, draggable=False, flipHoriz=False, flipVert=False, font='Arial', fontFiles=[], height=0.085, italic=False, languageStyle='LTR', name='pilot_prawa_etykieta', opacity=1, ori=0.0, pos=array([ 0.6, -0.5]), rgb=UNKNOWN, text='', units='norm', win=Window(...), wrapWidth=1)
10.7747 	EXP 	Created pilot_stim_image = ImageStim(__class__=<class 'psychopy.visual.image.ImageStim'>, anchor=('center', 'center'), autoLog=True, color=array([1., 1., 1.]), colorSpace='rgb', contrast=1.0, depth=-8.0, draggable=False, flipHoriz=np.False_, flipVert=np.False_, image='photos/twarz_testowa.jpg', interpolate=True, mask=None, maskParams=None, name='pilot_stim_image', opacity=1, ori=0.0, pos=array([0., 0.]), size=array([0.75, 0.75]), texRes=128.0, units='height', win=Window(...))
10.8079 	EXP 	Created start_badania = TextStim(__class__=<class 'psychopy.visual.text.TextStim'>, alignHoriz=method-wrapper(...), alignText='center', alignVert=method-wrapper(...), anchorHoriz='center', anchorVert='center', antialias=True, autoDraw=False, autoLog=True, bold=False, color=array([-1., -1., -1.]), colorSpace='rgb', contrast=1.0, depth=-2.0, draggable=False, flipHoriz=False, flipVert=False, font='Arial', fontFiles=[], height=np.float64(0.1), italic=False, languageStyle='LTR', name='start_badania', opacity=1, ori=0.0, pos=array([0., 0.]), rgb=UNKNOWN, text=str(...), units='norm', win=Window(...), wrapWidth=1.4)
10.8133 	EXP 	Created przerwa_text = TextStim(__class__=<class 'psychopy.visual.text.TextStim'>, alignHoriz=method-wrapper(...), alignText='center', alignVert=method-wrapper(...), anchorHoriz='center', anchorVert='center', antialias=True, autoDraw=False, autoLog=True, bold=False, color=array([-1., -1., -1.]), colorSpace='rgb', contrast=1.0, depth=0.0, draggable=False, flipHoriz=False, flipVert=False, font='Arial', fontFiles=[], height=np.float64(0.1), italic=False, languageStyle='LTR', name='przerwa_text', opacity=1, ori=0.0, pos=array([0., 0.]), rgb=UNKNOWN, text=str(...), units='norm', win=Window(...), wrapWidth=1)
10.8139 	EXP 	Created label_text = TextStim(__class__=<class 'psychopy.visual.text.TextStim'>, alignHoriz=method-wrapper(...), alignText='center', alignVert=method-wrapper(...), anchorHoriz='center', anchorVert='center', antialias=True, autoDraw=False, autoLog=True, bold=False, color=array([-1., -1., -1.]), colorSpace='rgb', contrast=1.0, depth=-2.0, draggable=False, flipHoriz=False, flipVert=False, font='Arial', fontFiles=[], height=0.05, italic=False, languageStyle='LTR', name='label_text', opacity=1, ori=0.0, pos=array([0., 0.]), rgb=UNKNOWN, text='', units='height', win=Window(...), wrapWidth=1.3)
10.8191 	EXP 	Created stim_image = ImageStim(__class__=<class 'psychopy.visual.image.ImageStim'>, anchor=('center', 'center'), autoLog=True, color=array([1., 1., 1.]), colorSpace='rgb', contrast=1.0, depth=-3.0, draggable=False, flipHoriz=np.False_, flipVert=np.False_, image='default.png', interpolate=True, mask=None, maskParams=None, name='stim_image', opacity=1, ori=0.0, pos=array([0., 0.]), size=array([0.75, 0.75]), texRes=128.0, units='height', win=Window(...))
10.8279 	EXP 	Created suwak_badanie = Slider(__class__=<class 'psychopy.visual.slider.Slider'>, autoDraw=False, autoLog=True, borderColor=None, color=None, colorSpace='rgb', depth=-4, fillColor=None, flip=False, font='Noto Sans', granularity=0.0, labelColor=None, labelHeight=np.float64(0.05), labelWrapWidth=None, labels=None, lineColor=None, markerColor=None, name='suwak_badanie', opacity=None, ori=0.0, pos=array([ 0. , -0.5]), readOnly=False, self=UNKNOWN, size=array([1. , 0.1]), startValue=0, style='slider', styleTweaks=[], ticks=array([-50, -25,   0,  25,  50]), units='norm', win=Window(...))
10.8289 	EXP 	Created lewa_etykieta = TextStim(__class__=<class 'psychopy.visual.text.TextStim'>, alignHoriz=method-wrapper(...), alignText='center', alignVert=method-wrapper(...), anchorHoriz='center', anchorVert='center', antialias=True, autoDraw=False, autoLog=True, bold=False, color=array([-1., -1., -1.]), colorSpace='rgb', contrast=1.0, depth=-5.0, draggable=False, flipHoriz=False, flipVert=False, font='Arial', fontFiles=[], height=0.085, italic=False, languageStyle='LTR', name='lewa_etykieta', opacity=1, ori=0.0, pos=array([-0.65, -0.5 ]), rgb=UNKNOWN, text='', units='norm', win=Window(...), wrapWidth=1)
10.8295 	EXP 	Created prawa_etykieta = TextStim(__class__=<class 'psychopy.visual.text.TextStim'>, alignHoriz=method-wrapper(...), alignText='center', alignVert=method-wrapper(...), anchorHoriz='center', anchorVert='center', antialias=True, autoDraw=False, autoLog=True, bold=False, color=array([-1., -1., -1.]), colorSpace='rgb', contrast=1.0, depth=-6.0, draggable=False, flipHoriz=False, flipVert=False, font='Arial', fontFiles=[], height=0.085, italic=False, languageStyle='LTR', name='prawa_etykieta', opacity=1, ori=0.0, pos=array([ 0.65, -0.5 ]), rgb=UNKNOWN, text='', units='norm', win=Window(...), wrapWidth=1)
10.8343 	EXP 	Created fiksacja2 = TextStim(__class__=<class 'psychopy.visual.text.TextStim'>, alignHoriz=method-wrapper(...), alignText='center', alignVert=method-wrapper(...), anchorHoriz='center', anchorVert='center', antialias=True, autoDraw=False, autoLog=True, bold=False, color=array([-1., -1., -1.]), colorSpace='rgb', contrast=1.0, depth=-7.0, draggable=False, flipHoriz=False, flipVert=False, font='Arial', fontFiles=[], height=np.float64(0.12), italic=False, languageStyle='LTR', name='fiksacja2', opacity=1, ori=0.0, pos=array([0., 0.]), rgb=UNKNOWN, text='+', units='height', win=Window(...), wrapWidth=1)
10.8377 	EXP 	Created pytanie = TextStim(__class__=<class 'psychopy.visual.text.TextStim'>, alignHoriz=method-wrapper(...), alignText='center', alignVert=method-wrapper(...), anchorHoriz='center', anchorVert='center', antialias=True, autoDraw=False, autoLog=True, bold=False, color=array([-1., -1., -1.]), colorSpace='rgb', contrast=1.0, depth=-8.0, draggable=False, flipHoriz=False, flipVert=False, font='Arial', fontFiles=[], height=np.float64(0.1), italic=False, languageStyle='LTR', name='pytanie', opacity=1, ori=0.0, pos=array([0., 0.]), rgb=UNKNOWN, text='Jaką emocję wyrażała ta twarz?', units='norm', win=Window(...), wrapWidth=1)
10.8388 	EXP 	Created text = TextStim(__class__=<class 'psychopy.visual.text.TextStim'>, alignHoriz=method-wrapper(...), alignText='center', alignVert=method-wrapper(...), anchorHoriz='center', anchorVert='center', antialias=True, autoDraw=False, autoLog=True, bold=False, color=array([1., 1., 1.]), colorSpace='rgb', contrast=1.0, depth=-1.0, draggable=False, flipHoriz=False, flipVert=False, font='Arial', fontFiles=[], height=np.float64(0.05), italic=False, languageStyle='LTR', name='text', opacity=1, ori=0.0, pos=array([0., 0.]), rgb=UNKNOWN, text='', units='height', win=Window(...), wrapWidth=1)
10.8505 	EXP 	Created podziekowania_text = TextStim(__class__=<class 'psychopy.visual.text.TextStim'>, alignHoriz=method-wrapper(...), alignText='center', alignVert=method-wrapper(...), anchorHoriz='center', anchorVert='center', antialias=True, autoDraw=False, autoLog=True, bold=False, color=array([1., 1., 1.]), colorSpace='rgb', contrast=1.0, depth=0.0, draggable=False, flipHoriz=False, flipVert=False, font='Arial', fontFiles=[], height=np.float64(0.05), italic=False, languageStyle='LTR', name='podziekowania_text', opacity=1, ori=0.0, pos=array([0., 0.]), rgb=UNKNOWN, text=str(...), units='height', win=Window(...), wrapWidth=1)
0.0263 	EXP 	pilot_suwak: autoLog = True
0.0263 	EXP 	pilot_suwak: styleTweaks = []
0.0263 	EXP 	pilot_suwak: styleTweaks = []
0.0263 	EXP 	pilot_suwak: styleTweaks = []
0.0263 	EXP 	pilot_suwak: styleTweaks = []
0.0263 	EXP 	pilot_suwak: contrast = 1.0
0.0263 	EXP 	pilot_suwak: markerPos = 0
0.0263 	EXP 	pilot_suwak: autoLog = True
0.0263 	EXP 	suwak_badanie: autoLog = True
0.0263 	EXP 	suwak_badanie: styleTweaks = []
0.0263 	EXP 	suwak_badanie: styleTweaks = []
0.0263 	EXP 	suwak_badanie: styleTweaks = []
0.0263 	EXP 	suwak_badanie: styleTweaks = []
0.0263 	EXP 	suwak_badanie: contrast = 1.0
0.0263 	EXP 	suwak_badanie: markerPos = 0
0.0263 	EXP 	suwak_badanie: autoLog = True
0.0536 	INFO 	Keyboard events cleared
0.0535 	EXP 	text_instr: autoDraw = True
1.7359 	EXP 	Device response: <KeyPress from None: t=1.715604400029406, value=space, duration=None>
1.7384 	DATA 	Keypress: space
1.7430 	INFO 	Keyboard events cleared
1.7428 	EXP 	text_instr: autoDraw = False
1.7428 	EXP 	suwak_info: autoDraw = True
1.7953 	EXP 	Device response: <KeyPress from None: t=1.715604400029406, value=space, duration=0.07470230001490563>
1.8992 	DATA 	Keypress: space
1.9144 	EXP 	Device response: <KeyPress from None: t=1.896919299964793, value=space, duration=None>
1.9267 	INFO 	Keyboard events cleared
1.9266 	EXP 	suwak_info: autoDraw = False
1.9266 	EXP 	proba_testowa: autoDraw = True
1.9640 	EXP 	Device response: <KeyPress from None: t=1.896919299964793, value=space, duration=0.054975499981082976>
2.0821 	DATA 	Keypress: space
2.0975 	EXP 	Device response: <KeyPress from None: t=2.0809889000374824, value=space, duration=None>
2.1332 	EXP 	Device response: <KeyPress from None: t=2.0809889000374824, value=space, duration=0.044767299899831414>
2.1406 	EXP 	proba_testowa: autoDraw = False
2.1406 	EXP 	pilot_label_text: height = np.float64(0.05)
2.1406 	EXP 	pilot_label_text: height = np.float64(0.05)
2.1406 	EXP 	pilot_label_text: height = np.float64(0.05)
2.1406 	EXP 	pilot_label_text: height = np.float64(0.05)
2.1406 	EXP 	pilot_label_text: height = np.float64(0.05)
2.1406 	EXP 	pilot_label_text: height = np.float64(0.05)
2.1406 	EXP 	pilot_label_text: text = 'Model AI wykrył w tej twarzy 80% smutku.\n\n'
2.1406 	EXP 	pilot_suwak: markerPos = None
2.1406 	EXP 	pilot_suwak: markerPos = 0
2.1406 	EXP 	pilot_lewa_etykieta: height = np.float64(0.085)
2.1406 	EXP 	pilot_lewa_etykieta: height = np.float64(0.085)
2.1406 	EXP 	pilot_lewa_etykieta: height = np.float64(0.085)
2.1406 	EXP 	pilot_lewa_etykieta: text = 'radość'
2.1406 	EXP 	pilot_prawa_etykieta: height = np.float64(0.085)
2.1406 	EXP 	pilot_prawa_etykieta: height = np.float64(0.085)
2.1406 	EXP 	pilot_prawa_etykieta: height = np.float64(0.085)
2.1406 	EXP 	pilot_prawa_etykieta: text = 'smutek'
2.1406 	EXP 	pilot_fiksacja1: autoDraw = True
2.6405 	EXP 	pilot_fiksacja1: autoDraw = False
2.8069 	EXP 	pilot_label_text: autoDraw = True
5.8155 	EXP 	pilot_label_text: autoDraw = False
5.9983 	EXP 	pilot_fiksacja2: autoDraw = True
6.5127 	EXP 	pilot_fiksacja2: autoDraw = False
6.7133 	EXP 	pilot_stim_image: autoDraw = True
8.0248 	EXP 	pilot_suwak: autoDraw = True
8.0248 	EXP 	pilot_pytanie: autoDraw = True
8.0248 	EXP 	pilot_lewa_etykieta: autoDraw = True
8.0248 	EXP 	pilot_prawa_etykieta: autoDraw = True
8.0423 	EXP 	pilot_stim_image: autoDraw = False
10.6880 	EXP 	Device response: <KeyPress from None: t=10.685090999933891, value=escape, duration=None>
10.6882 	DATA 	Keypress: escape
10.8200 	EXP 	Device response: <KeyPress from None: t=10.685090999933891, value=escape, duration=0.11929950001649559>
10.8201 	EXP 	untitled_FINAL_NEWEST: status = STOPPED
10.8348 	EXP 	pilot_suwak: autoDraw = False
10.8348 	EXP 	pilot_pytanie: autoDraw = False
10.8348 	EXP 	pilot_lewa_etykieta: autoDraw = False
10.8348 	EXP 	pilot_prawa_etykieta: autoDraw = False
10.8372 	EXP 	untitled_FINAL_NEWEST: status = STOPPED
10.8412 	INFO 	saved data to 'C:\\Users\\julia\\OneDrive\\Pulpit\\percepcja_psychopy\\data\\pilot_untitled_FINAL_NEWEST_2026-04-27_12h17.27.622.csv'
10.8424 	INFO 	saved data to C:\Users\julia\OneDrive\Pulpit\percepcja_psychopy\data\pilot_untitled_FINAL_NEWEST_2026-04-27_12h17.27.622.psydat
11.3350 	DEBUG 	Saving data for untitled_FINAL_NEWEST ExperimentHandler
11.3705 	WARNING 	Stopping key buffers but this could be dangerous ifother keyboards rely on the same.
