8.3287 	DEBUG 	Fullscreen settings ignored as running in pilot mode.
8.3297 	INFO 	Loaded monitor calibration from ['2026_03_18 20:30']
9.2485 	INFO 	Using renderer 'Intel(R) UHD Graphics' for graphics
9.2485 	INFO 	OpenGL version supported by driver is 4..
10.3827 	EXP 	Created window1 = Window(allowGUI=False, allowStencil=True, autoLog=True, backendConf=UNKNOWN, backgroundFit=<method-wrapper '__getattribute__' of attributeSetter object at 0x00000259656E6470>, backgroundImage=<method-wrapper '__getattribute__' of attributeSetter object at 0x00000259656E6410>, bitsMode=UNKNOWN, blendMode='avg', bpc=(8, 8, 8), color=array([0.6549, 0.6549, 0.6549]), colorSpace='rgb', depthBits=8, fullscr=False, gamma=None, gammaErrorPolicy='raise', infoMsg=UNKNOWN, lms=UNKNOWN, monitor=<psychopy.monitors.calibTools.Monitor object at 0x0000025963428130>, multiSample=False, name='window1', numSamples=2, pos=[np.float64(560.0), np.float64(240.0)], screen=0, size=array([800, 600]), stencilBits=8, stereo=False, title='PsychoPy', units='height', useFBO=True, useRetina=False, viewOri=0.0, viewPos=None, viewScale=None, waitBlanking=True, winType='pyglet')
10.3828 	EXP 	window1: backgroundImage = ''
10.3828 	EXP 	window1: backgroundFit = 'none'
10.4435 	DEBUG 	TextBox2 loaded 1 chars with 0 blanks and 1 valid
10.4618 	DEBUG 	TextBox2 loaded 1 chars with 0 blanks and 1 valid
10.4790 	DEBUG 	TextBox2 loaded 1 chars with 0 blanks and 1 valid
10.4977 	DEBUG 	TextBox2 loaded 1 chars with 0 blanks and 1 valid
10.5167 	DEBUG 	TextBox2 loaded 1 chars with 0 blanks and 1 valid
10.5356 	DEBUG 	TextBox2 loaded 1 chars with 0 blanks and 1 valid
10.5563 	DEBUG 	TextBox2 loaded 1 chars with 0 blanks and 1 valid
10.5742 	DEBUG 	TextBox2 loaded 1 chars with 0 blanks and 1 valid
10.5920 	DEBUG 	TextBox2 loaded 1 chars with 0 blanks and 1 valid
10.6093 	DEBUG 	TextBox2 loaded 1 chars with 0 blanks and 1 valid
10.6276 	DEBUG 	TextBox2 loaded 1 chars with 0 blanks and 1 valid
10.6448 	DEBUG 	TextBox2 loaded 1 chars with 0 blanks and 1 valid
10.6632 	DEBUG 	TextBox2 loaded 1 chars with 0 blanks and 1 valid
10.6826 	DEBUG 	TextBox2 loaded 1 chars with 0 blanks and 1 valid
10.7012 	DEBUG 	TextBox2 loaded 1 chars with 0 blanks and 1 valid
10.7188 	DEBUG 	TextBox2 loaded 1 chars with 0 blanks and 1 valid
10.7370 	DEBUG 	TextBox2 loaded 1 chars with 0 blanks and 1 valid
10.7554 	DEBUG 	TextBox2 loaded 1 chars with 0 blanks and 1 valid
10.7742 	DEBUG 	TextBox2 loaded 1 chars with 0 blanks and 1 valid
10.7928 	DEBUG 	TextBox2 loaded 1 chars with 0 blanks and 1 valid
10.8119 	DEBUG 	TextBox2 loaded 1 chars with 0 blanks and 1 valid
10.8297 	DEBUG 	TextBox2 loaded 1 chars with 0 blanks and 1 valid
10.8488 	DEBUG 	TextBox2 loaded 1 chars with 0 blanks and 1 valid
10.8687 	DEBUG 	TextBox2 loaded 1 chars with 0 blanks and 1 valid
10.8868 	DEBUG 	TextBox2 loaded 1 chars with 0 blanks and 1 valid
10.9049 	DEBUG 	TextBox2 loaded 1 chars with 0 blanks and 1 valid
10.9225 	DEBUG 	TextBox2 loaded 1 chars with 0 blanks and 1 valid
10.9407 	DEBUG 	TextBox2 loaded 1 chars with 0 blanks and 1 valid
10.9414 	DEBUG 	Uploading Texture Font fontname to graphics card
10.9502 	DEBUG 	Upload of Texture Font fontname complete
11.0055 	DEBUG 	TextBox2 loaded 1 chars with 0 blanks and 1 valid
11.0230 	DEBUG 	TextBox2 loaded 1 chars with 0 blanks and 1 valid
11.0235 	DEBUG 	Uploading Texture Font fontname to graphics card
11.0316 	DEBUG 	Upload of Texture Font fontname complete
11.3261 	INFO 	keyboard.Keyboard is using ptb backend.
11.3261 	EXP 	untitled_FINAL_NEWEST: status = STARTED
11.5206 	EXP 	Created text_instr = TextStim(__class__=<class 'psychopy.visual.text.TextStim'>, alignHoriz=method-wrapper(...), alignText='center', alignVert=method-wrapper(...), anchorHoriz='center', anchorVert='center', antialias=True, autoDraw=False, autoLog=True, bold=False, color=array([-1., -1., -1.]), colorSpace='rgb', contrast=1.0, depth=-2.0, draggable=False, flipHoriz=False, flipVert=False, font='Arial', fontFiles=[], height=np.float64(0.03), italic=False, languageStyle='LTR', name='text_instr', opacity=1, ori=0.0, pos=array([0., 0.]), rgb=UNKNOWN, text=str(...), units='height', win=Window(...), wrapWidth=1.5)
11.5636 	EXP 	Created suwak_info = TextStim(__class__=<class 'psychopy.visual.text.TextStim'>, alignHoriz=method-wrapper(...), alignText='center', alignVert=method-wrapper(...), anchorHoriz='center', anchorVert='center', antialias=True, autoDraw=False, autoLog=True, bold=False, color=array([-1., -1., -1.]), colorSpace='rgb', contrast=1.0, depth=-1.0, draggable=False, flipHoriz=False, flipVert=False, font='Arial', fontFiles=[], height=np.float64(0.03), italic=False, languageStyle='LTR', name='suwak_info', opacity=1, ori=0.0, pos=array([0., 0.]), rgb=UNKNOWN, text=str(...), units='height', win=Window(...), wrapWidth=1.3)
11.6107 	EXP 	Created proba_testowa = TextStim(__class__=<class 'psychopy.visual.text.TextStim'>, alignHoriz=method-wrapper(...), alignText='center', alignVert=method-wrapper(...), anchorHoriz='center', anchorVert='center', antialias=True, autoDraw=False, autoLog=True, bold=False, color=array([-1., -1., -1.]), colorSpace='rgb', contrast=1.0, depth=-2.0, draggable=False, flipHoriz=False, flipVert=False, font='Arial', fontFiles=[], height=np.float64(0.04), italic=False, languageStyle='LTR', name='proba_testowa', opacity=1, ori=0.0, pos=array([0., 0.]), rgb=UNKNOWN, text=str(...), units='height', win=Window(...), wrapWidth=1.4)
11.6182 	EXP 	Created pilot_label_text = TextStim(__class__=<class 'psychopy.visual.text.TextStim'>, alignHoriz=method-wrapper(...), alignText='center', alignVert=method-wrapper(...), anchorHoriz='center', anchorVert='center', antialias=True, autoDraw=False, autoLog=True, bold=False, color=array([-1., -1., -1.]), colorSpace='rgb', contrast=1.0, depth=-1.0, draggable=False, flipHoriz=False, flipVert=False, font='Arial', fontFiles=[], height=0.05, italic=False, languageStyle='LTR', name='pilot_label_text', opacity=1, ori=0.0, pos=array([0., 0.]), rgb=UNKNOWN, text='', units='height', win=Window(...), wrapWidth=1.3)
11.6406 	EXP 	Created pilot_fiksacja1 = TextStim(__class__=<class 'psychopy.visual.text.TextStim'>, alignHoriz=method-wrapper(...), alignText='center', alignVert=method-wrapper(...), anchorHoriz='center', anchorVert='center', antialias=True, autoDraw=False, autoLog=True, bold=False, color=array([-1., -1., -1.]), colorSpace='rgb', contrast=1.0, depth=-2.0, draggable=False, flipHoriz=False, flipVert=False, font='Arial', fontFiles=[], height=np.float64(0.12), italic=False, languageStyle='LTR', name='pilot_fiksacja1', opacity=1, ori=0.0, pos=array([0., 0.]), rgb=UNKNOWN, text='+', units='height', win=Window(...), wrapWidth=1)
11.6858 	EXP 	Created pilot_suwak = Slider(__class__=<class 'psychopy.visual.slider.Slider'>, autoDraw=False, autoLog=True, borderColor=None, color=None, colorSpace='rgb', depth=-3, fillColor=None, flip=False, font='Noto Sans', granularity=0.0, labelColor=None, labelHeight=np.float64(0.05), labelWrapWidth=None, labels=None, lineColor=None, markerColor=None, name='pilot_suwak', opacity=None, ori=0.0, pos=array([ 0. , -0.5]), readOnly=False, self=UNKNOWN, size=array([1. , 0.1]), startValue=0, style='slider', styleTweaks=['triangleMarker'], ticks=array([-50, -25,   0,  25,  50]), units='norm', win=Window(...))
11.7010 	EXP 	Created pilot_fiksacja2 = TextStim(__class__=<class 'psychopy.visual.text.TextStim'>, alignHoriz=method-wrapper(...), alignText='center', alignVert=method-wrapper(...), anchorHoriz='center', anchorVert='center', antialias=True, autoDraw=False, autoLog=True, bold=False, color=array([-1., -1., -1.]), colorSpace='rgb', contrast=1.0, depth=-4.0, draggable=False, flipHoriz=False, flipVert=False, font='Arial', fontFiles=[], height=np.float64(0.1), italic=False, languageStyle='LTR', name='pilot_fiksacja2', opacity=1, ori=0.0, pos=array([0., 0.]), rgb=UNKNOWN, text='+', units='height', win=Window(...), wrapWidth=1)
11.7392 	EXP 	Created pilot_pytanie = TextStim(__class__=<class 'psychopy.visual.text.TextStim'>, alignHoriz=method-wrapper(...), alignText='center', alignVert=method-wrapper(...), anchorHoriz='center', anchorVert='center', antialias=True, autoDraw=False, autoLog=True, bold=False, color=array([-1., -1., -1.]), colorSpace='rgb', contrast=1.0, depth=-5.0, draggable=False, flipHoriz=False, flipVert=False, font='Arial', fontFiles=[], height=np.float64(0.1), italic=False, languageStyle='LTR', name='pilot_pytanie', opacity=1, ori=0.0, pos=array([0., 0.]), rgb=UNKNOWN, text='Jaką emocję wyrażała ta twarz?', units='norm', win=Window(...), wrapWidth=1)
11.7464 	EXP 	Created pilot_lewa_etykieta = TextStim(__class__=<class 'psychopy.visual.text.TextStim'>, alignHoriz=method-wrapper(...), alignText='center', alignVert=method-wrapper(...), anchorHoriz='center', anchorVert='center', antialias=True, autoDraw=False, autoLog=True, bold=False, color=array([-1., -1., -1.]), colorSpace='rgb', contrast=1.0, depth=-6.0, draggable=False, flipHoriz=False, flipVert=False, font='Arial', fontFiles=[], height=0.085, italic=False, languageStyle='LTR', name='pilot_lewa_etykieta', opacity=1, ori=0.0, pos=array([-0.6, -0.5]), rgb=UNKNOWN, text='', units='norm', win=Window(...), wrapWidth=1)
11.7520 	EXP 	Created pilot_prawa_etykieta = TextStim(__class__=<class 'psychopy.visual.text.TextStim'>, alignHoriz=method-wrapper(...), alignText='center', alignVert=method-wrapper(...), anchorHoriz='center', anchorVert='center', antialias=True, autoDraw=False, autoLog=True, bold=False, color=array([-1., -1., -1.]), colorSpace='rgb', contrast=1.0, depth=-7.0, draggable=False, flipHoriz=False, flipVert=False, font='Arial', fontFiles=[], height=0.085, italic=False, languageStyle='LTR', name='pilot_prawa_etykieta', opacity=1, ori=0.0, pos=array([ 0.6, -0.5]), rgb=UNKNOWN, text='', units='norm', win=Window(...), wrapWidth=1)
11.8357 	EXP 	Created pilot_stim_image = ImageStim(__class__=<class 'psychopy.visual.image.ImageStim'>, anchor=('center', 'center'), autoLog=True, color=array([1., 1., 1.]), colorSpace='rgb', contrast=1.0, depth=-8.0, draggable=False, flipHoriz=np.False_, flipVert=np.False_, image='photos/twarz_testowa.jpg', interpolate=True, mask=None, maskParams=None, name='pilot_stim_image', opacity=1, ori=0.0, pos=array([0., 0.]), size=array([0.75, 0.75]), texRes=128.0, units='height', win=Window(...))
11.8848 	EXP 	Created start_badania = TextStim(__class__=<class 'psychopy.visual.text.TextStim'>, alignHoriz=method-wrapper(...), alignText='center', alignVert=method-wrapper(...), anchorHoriz='center', anchorVert='center', antialias=True, autoDraw=False, autoLog=True, bold=False, color=array([-1., -1., -1.]), colorSpace='rgb', contrast=1.0, depth=-2.0, draggable=False, flipHoriz=False, flipVert=False, font='Arial', fontFiles=[], height=np.float64(0.1), italic=False, languageStyle='LTR', name='start_badania', opacity=1, ori=0.0, pos=array([0., 0.]), rgb=UNKNOWN, text=str(...), units='norm', win=Window(...), wrapWidth=1.4)
11.8944 	EXP 	Created przerwa_text = TextStim(__class__=<class 'psychopy.visual.text.TextStim'>, alignHoriz=method-wrapper(...), alignText='center', alignVert=method-wrapper(...), anchorHoriz='center', anchorVert='center', antialias=True, autoDraw=False, autoLog=True, bold=False, color=array([-1., -1., -1.]), colorSpace='rgb', contrast=1.0, depth=0.0, draggable=False, flipHoriz=False, flipVert=False, font='Arial', fontFiles=[], height=np.float64(0.1), italic=False, languageStyle='LTR', name='przerwa_text', opacity=1, ori=0.0, pos=array([0., 0.]), rgb=UNKNOWN, text=str(...), units='norm', win=Window(...), wrapWidth=1)
11.8974 	EXP 	Created label_text = TextStim(__class__=<class 'psychopy.visual.text.TextStim'>, alignHoriz=method-wrapper(...), alignText='center', alignVert=method-wrapper(...), anchorHoriz='center', anchorVert='center', antialias=True, autoDraw=False, autoLog=True, bold=False, color=array([-1., -1., -1.]), colorSpace='rgb', contrast=1.0, depth=-2.0, draggable=False, flipHoriz=False, flipVert=False, font='Arial', fontFiles=[], height=0.05, italic=False, languageStyle='LTR', name='label_text', opacity=1, ori=0.0, pos=array([0., 0.]), rgb=UNKNOWN, text='', units='height', win=Window(...), wrapWidth=1.3)
11.9053 	EXP 	Created stim_image = ImageStim(__class__=<class 'psychopy.visual.image.ImageStim'>, anchor=('center', 'center'), autoLog=True, color=array([1., 1., 1.]), colorSpace='rgb', contrast=1.0, depth=-3.0, draggable=False, flipHoriz=np.False_, flipVert=np.False_, image='default.png', interpolate=True, mask=None, maskParams=None, name='stim_image', opacity=1, ori=0.0, pos=array([0., 0.]), size=array([0.75, 0.75]), texRes=128.0, units='height', win=Window(...))
11.9239 	EXP 	Created suwak_badanie = Slider(__class__=<class 'psychopy.visual.slider.Slider'>, autoDraw=False, autoLog=True, borderColor=None, color=None, colorSpace='rgb', depth=-4, fillColor=None, flip=False, font='Noto Sans', granularity=0.0, labelColor=None, labelHeight=np.float64(0.05), labelWrapWidth=None, labels=None, lineColor=None, markerColor=None, name='suwak_badanie', opacity=None, ori=0.0, pos=array([ 0. , -0.5]), readOnly=False, self=UNKNOWN, size=array([1. , 0.1]), startValue=0, style='slider', styleTweaks=[], ticks=array([-50, -25,   0,  25,  50]), units='norm', win=Window(...))
11.9258 	EXP 	Created lewa_etykieta = TextStim(__class__=<class 'psychopy.visual.text.TextStim'>, alignHoriz=method-wrapper(...), alignText='center', alignVert=method-wrapper(...), anchorHoriz='center', anchorVert='center', antialias=True, autoDraw=False, autoLog=True, bold=False, color=array([-1., -1., -1.]), colorSpace='rgb', contrast=1.0, depth=-5.0, draggable=False, flipHoriz=False, flipVert=False, font='Arial', fontFiles=[], height=0.085, italic=False, languageStyle='LTR', name='lewa_etykieta', opacity=1, ori=0.0, pos=array([-0.65, -0.5 ]), rgb=UNKNOWN, text='', units='norm', win=Window(...), wrapWidth=1)
11.9284 	EXP 	Created prawa_etykieta = TextStim(__class__=<class 'psychopy.visual.text.TextStim'>, alignHoriz=method-wrapper(...), alignText='center', alignVert=method-wrapper(...), anchorHoriz='center', anchorVert='center', antialias=True, autoDraw=False, autoLog=True, bold=False, color=array([-1., -1., -1.]), colorSpace='rgb', contrast=1.0, depth=-6.0, draggable=False, flipHoriz=False, flipVert=False, font='Arial', fontFiles=[], height=0.085, italic=False, languageStyle='LTR', name='prawa_etykieta', opacity=1, ori=0.0, pos=array([ 0.65, -0.5 ]), rgb=UNKNOWN, text='', units='norm', win=Window(...), wrapWidth=1)
11.9420 	EXP 	Created fiksacja2 = TextStim(__class__=<class 'psychopy.visual.text.TextStim'>, alignHoriz=method-wrapper(...), alignText='center', alignVert=method-wrapper(...), anchorHoriz='center', anchorVert='center', antialias=True, autoDraw=False, autoLog=True, bold=False, color=array([-1., -1., -1.]), colorSpace='rgb', contrast=1.0, depth=-7.0, draggable=False, flipHoriz=False, flipVert=False, font='Arial', fontFiles=[], height=np.float64(0.12), italic=False, languageStyle='LTR', name='fiksacja2', opacity=1, ori=0.0, pos=array([0., 0.]), rgb=UNKNOWN, text='+', units='height', win=Window(...), wrapWidth=1)
11.9498 	EXP 	Created pytanie = TextStim(__class__=<class 'psychopy.visual.text.TextStim'>, alignHoriz=method-wrapper(...), alignText='center', alignVert=method-wrapper(...), anchorHoriz='center', anchorVert='center', antialias=True, autoDraw=False, autoLog=True, bold=False, color=array([-1., -1., -1.]), colorSpace='rgb', contrast=1.0, depth=-8.0, draggable=False, flipHoriz=False, flipVert=False, font='Arial', fontFiles=[], height=np.float64(0.1), italic=False, languageStyle='LTR', name='pytanie', opacity=1, ori=0.0, pos=array([0., 0.]), rgb=UNKNOWN, text='Jaką emocję wyrażała ta twarz?', units='norm', win=Window(...), wrapWidth=1)
11.9530 	EXP 	Created text = TextStim(__class__=<class 'psychopy.visual.text.TextStim'>, alignHoriz=method-wrapper(...), alignText='center', alignVert=method-wrapper(...), anchorHoriz='center', anchorVert='center', antialias=True, autoDraw=False, autoLog=True, bold=False, color=array([1., 1., 1.]), colorSpace='rgb', contrast=1.0, depth=-1.0, draggable=False, flipHoriz=False, flipVert=False, font='Arial', fontFiles=[], height=np.float64(0.05), italic=False, languageStyle='LTR', name='text', opacity=1, ori=0.0, pos=array([0., 0.]), rgb=UNKNOWN, text='', units='height', win=Window(...), wrapWidth=1)
11.9736 	EXP 	Created podziekowania_text = TextStim(__class__=<class 'psychopy.visual.text.TextStim'>, alignHoriz=method-wrapper(...), alignText='center', alignVert=method-wrapper(...), anchorHoriz='center', anchorVert='center', antialias=True, autoDraw=False, autoLog=True, bold=False, color=array([1., 1., 1.]), colorSpace='rgb', contrast=1.0, depth=0.0, draggable=False, flipHoriz=False, flipVert=False, font='Arial', fontFiles=[], height=np.float64(0.05), italic=False, languageStyle='LTR', name='podziekowania_text', opacity=1, ori=0.0, pos=array([0., 0.]), rgb=UNKNOWN, text=str(...), units='height', win=Window(...), wrapWidth=1)
0.1528 	EXP 	pilot_suwak: autoLog = True
0.1528 	EXP 	pilot_suwak: styleTweaks = []
0.1528 	EXP 	pilot_suwak: styleTweaks = []
0.1528 	EXP 	pilot_suwak: styleTweaks = ['triangleMarker']
0.1528 	EXP 	pilot_suwak: styleTweaks = ['triangleMarker']
0.1528 	EXP 	pilot_suwak: contrast = 1.0
0.1528 	EXP 	pilot_suwak: markerPos = 0
0.1528 	EXP 	pilot_suwak: autoLog = True
0.1528 	EXP 	suwak_badanie: autoLog = True
0.1528 	EXP 	suwak_badanie: styleTweaks = []
0.1528 	EXP 	suwak_badanie: styleTweaks = []
0.1528 	EXP 	suwak_badanie: styleTweaks = []
0.1528 	EXP 	suwak_badanie: styleTweaks = []
0.1528 	EXP 	suwak_badanie: contrast = 1.0
0.1528 	EXP 	suwak_badanie: markerPos = 0
0.1528 	EXP 	suwak_badanie: autoLog = True
0.1985 	INFO 	Keyboard events cleared
0.1983 	EXP 	text_instr: autoDraw = True
1.3575 	DATA 	Keypress: space
1.4152 	EXP 	Device response: <KeyPress from None: t=1.3185832999879494, value=space, duration=None>
1.4347 	EXP 	Device response: <KeyPress from None: t=1.3185832999879494, value=space, duration=0.08649680006783456>
1.5169 	INFO 	Keyboard events cleared
1.5167 	EXP 	text_instr: autoDraw = False
1.5167 	EXP 	suwak_info: autoDraw = True
1.7939 	EXP 	Device response: <KeyPress from None: t=1.786353199975565, value=space, duration=None>
1.8143 	DATA 	Keypress: space
1.8455 	INFO 	Keyboard events cleared
1.8453 	EXP 	suwak_info: autoDraw = False
1.8453 	EXP 	proba_testowa: autoDraw = True
1.9025 	EXP 	Device response: <KeyPress from None: t=1.786353199975565, value=space, duration=0.07299820007756352>
2.4895 	DATA 	Keypress: space
2.5156 	EXP 	Device response: <KeyPress from None: t=2.463182399980724, value=space, duration=None>
2.5545 	EXP 	Device response: <KeyPress from None: t=2.463182399980724, value=space, duration=0.06857080000918359>
2.5952 	EXP 	proba_testowa: autoDraw = False
2.5952 	EXP 	pilot_label_text: height = np.float64(0.05)
2.5952 	EXP 	pilot_label_text: height = np.float64(0.05)
2.5952 	EXP 	pilot_label_text: height = np.float64(0.05)
2.5952 	EXP 	pilot_label_text: height = np.float64(0.05)
2.5952 	EXP 	pilot_label_text: height = np.float64(0.05)
2.5952 	EXP 	pilot_label_text: height = np.float64(0.05)
2.5952 	EXP 	pilot_label_text: text = 'Model AI wykrył w tej twarzy 80% smutku.\n\n'
2.5952 	EXP 	pilot_suwak: markerPos = None
2.5952 	EXP 	pilot_suwak: markerPos = 0
2.5952 	EXP 	pilot_lewa_etykieta: height = np.float64(0.085)
2.5952 	EXP 	pilot_lewa_etykieta: height = np.float64(0.085)
2.5952 	EXP 	pilot_lewa_etykieta: height = np.float64(0.085)
2.5952 	EXP 	pilot_lewa_etykieta: text = 'radość'
2.5952 	EXP 	pilot_prawa_etykieta: height = np.float64(0.085)
2.5952 	EXP 	pilot_prawa_etykieta: height = np.float64(0.085)
2.5952 	EXP 	pilot_prawa_etykieta: height = np.float64(0.085)
2.5952 	EXP 	pilot_prawa_etykieta: text = 'smutek'
2.5952 	EXP 	pilot_fiksacja1: autoDraw = True
3.0947 	EXP 	pilot_fiksacja1: autoDraw = False
3.2450 	EXP 	pilot_label_text: autoDraw = True
6.2491 	EXP 	pilot_label_text: autoDraw = False
6.4328 	EXP 	pilot_fiksacja2: autoDraw = True
6.9471 	EXP 	pilot_fiksacja2: autoDraw = False
7.1301 	EXP 	pilot_stim_image: autoDraw = True
8.4256 	EXP 	pilot_suwak: autoDraw = True
8.4256 	EXP 	pilot_pytanie: autoDraw = True
8.4256 	EXP 	pilot_lewa_etykieta: autoDraw = True
8.4256 	EXP 	pilot_prawa_etykieta: autoDraw = True
8.4420 	EXP 	pilot_stim_image: autoDraw = False
13.1236 	EXP 	Device response: <KeyPress from None: t=13.116004400071688, value=escape, duration=None>
13.1238 	DATA 	Keypress: escape
13.2648 	EXP 	Device response: <KeyPress from None: t=13.116004400071688, value=escape, duration=0.14015759993344545>
13.2648 	EXP 	untitled_FINAL_NEWEST: status = STOPPED
13.2794 	EXP 	pilot_suwak: autoDraw = False
13.2794 	EXP 	pilot_pytanie: autoDraw = False
13.2794 	EXP 	pilot_lewa_etykieta: autoDraw = False
13.2794 	EXP 	pilot_prawa_etykieta: autoDraw = False
13.2816 	EXP 	untitled_FINAL_NEWEST: status = STOPPED
13.2866 	INFO 	saved data to 'C:\\Users\\julia\\OneDrive\\Pulpit\\percepcja_psychopy\\data\\pilot_untitled_FINAL_NEWEST_2026-04-27_12h36.42.038.csv'
13.2878 	INFO 	saved data to C:\Users\julia\OneDrive\Pulpit\percepcja_psychopy\data\pilot_untitled_FINAL_NEWEST_2026-04-27_12h36.42.038.psydat
13.7974 	DEBUG 	Saving data for untitled_FINAL_NEWEST ExperimentHandler
13.8613 	WARNING 	Stopping key buffers but this could be dangerous ifother keyboards rely on the same.
