7.9242 	DEBUG 	Fullscreen settings ignored as running in pilot mode.
7.9251 	INFO 	Loaded monitor calibration from ['2026_03_18 20:30']
8.6573 	INFO 	Using renderer 'Intel(R) UHD Graphics' for graphics
8.6573 	INFO 	OpenGL version supported by driver is 4..
9.6544 	EXP 	Created window1 = Window(allowGUI=False, allowStencil=False, autoLog=True, backendConf=UNKNOWN, backgroundFit=<method-wrapper '__getattribute__' of attributeSetter object at 0x00000295177CEAA0>, backgroundImage=<method-wrapper '__getattribute__' of attributeSetter object at 0x00000295177CEB00>, bitsMode=UNKNOWN, blendMode='avg', bpc=(8, 8, 8), color=array([0, 0, 0]), colorSpace='rgb', depthBits=8, fullscr=False, gamma=None, gammaErrorPolicy='raise', infoMsg=UNKNOWN, lms=UNKNOWN, monitor=<psychopy.monitors.calibTools.Monitor object at 0x00000295177FF9D0>, multiSample=False, name='window1', numSamples=2, pos=[np.float64(560.0), np.float64(240.0)], screen=0, size=array([800, 600]), stencilBits=0, stereo=False, title='PsychoPy', units='height', useFBO=True, useRetina=False, viewOri=0.0, viewPos=None, viewScale=None, waitBlanking=True, winType='pyglet')
9.6545 	EXP 	window1: backgroundImage = ''
9.6545 	EXP 	window1: backgroundFit = 'none'
9.6958 	DEBUG 	TextBox2 loaded 1 chars with 0 blanks and 1 valid
9.7106 	DEBUG 	TextBox2 loaded 1 chars with 0 blanks and 1 valid
9.7255 	DEBUG 	TextBox2 loaded 1 chars with 0 blanks and 1 valid
9.7408 	DEBUG 	TextBox2 loaded 1 chars with 0 blanks and 1 valid
9.7547 	DEBUG 	TextBox2 loaded 1 chars with 0 blanks and 1 valid
9.7696 	DEBUG 	TextBox2 loaded 1 chars with 0 blanks and 1 valid
9.7847 	DEBUG 	TextBox2 loaded 1 chars with 0 blanks and 1 valid
9.8001 	DEBUG 	TextBox2 loaded 1 chars with 0 blanks and 1 valid
9.8138 	DEBUG 	TextBox2 loaded 1 chars with 0 blanks and 1 valid
9.8290 	DEBUG 	TextBox2 loaded 1 chars with 0 blanks and 1 valid
9.8441 	DEBUG 	TextBox2 loaded 1 chars with 0 blanks and 1 valid
9.8598 	DEBUG 	TextBox2 loaded 1 chars with 0 blanks and 1 valid
9.8742 	DEBUG 	TextBox2 loaded 1 chars with 0 blanks and 1 valid
9.8892 	DEBUG 	TextBox2 loaded 1 chars with 0 blanks and 1 valid
9.9038 	DEBUG 	TextBox2 loaded 1 chars with 0 blanks and 1 valid
9.9185 	DEBUG 	TextBox2 loaded 1 chars with 0 blanks and 1 valid
9.9362 	DEBUG 	TextBox2 loaded 1 chars with 0 blanks and 1 valid
9.9513 	DEBUG 	TextBox2 loaded 1 chars with 0 blanks and 1 valid
9.9666 	DEBUG 	TextBox2 loaded 1 chars with 0 blanks and 1 valid
9.9822 	DEBUG 	TextBox2 loaded 1 chars with 0 blanks and 1 valid
9.9997 	DEBUG 	TextBox2 loaded 1 chars with 0 blanks and 1 valid
10.0002 	DEBUG 	Uploading Texture Font fontname to graphics card
10.0099 	DEBUG 	Upload of Texture Font fontname complete
10.0568 	DEBUG 	TextBox2 loaded 1 chars with 0 blanks and 1 valid
10.0766 	DEBUG 	TextBox2 loaded 1 chars with 0 blanks and 1 valid
10.0932 	DEBUG 	TextBox2 loaded 1 chars with 0 blanks and 1 valid
10.0937 	DEBUG 	Uploading Texture Font fontname to graphics card
10.1052 	DEBUG 	Upload of Texture Font fontname complete
10.1076 	EXP 	window1: Attempting to measure frame rate of screen (0) ...
10.1076 	EXP 	window1: recordFrameIntervals = False
10.4406 	EXP 	window1: recordFrameIntervals = True
10.8103 	WARNING 	t of last frame was 21.17ms (=1/47)
10.9052 	WARNING 	t of last frame was 79.77ms (=1/12)
11.1748 	WARNING 	t of last frame was 197.59ms (=1/5)
11.2084 	WARNING 	t of last frame was 33.62ms (=1/29)
11.2584 	WARNING 	Multiple dropped frames have occurred - I'll stop bothering you about them!
12.3848 	EXP 	window1: recordFrameIntervals = False
12.3848 	EXP 	Screen (0) actual frame rate measured at 60.27Hz
12.4186 	DEBUG 	TextBox2 loaded 1 chars with 0 blanks and 1 valid
12.4324 	DEBUG 	TextBox2 loaded 1 chars with 0 blanks and 1 valid
12.4458 	DEBUG 	TextBox2 loaded 1 chars with 0 blanks and 1 valid
12.4603 	DEBUG 	TextBox2 loaded 1 chars with 0 blanks and 1 valid
12.4748 	DEBUG 	TextBox2 loaded 1 chars with 0 blanks and 1 valid
12.4892 	DEBUG 	TextBox2 loaded 1 chars with 0 blanks and 1 valid
12.5032 	DEBUG 	TextBox2 loaded 1 chars with 0 blanks and 1 valid
12.5169 	DEBUG 	TextBox2 loaded 1 chars with 0 blanks and 1 valid
12.5307 	DEBUG 	TextBox2 loaded 1 chars with 0 blanks and 1 valid
12.5445 	DEBUG 	TextBox2 loaded 1 chars with 0 blanks and 1 valid
12.5449 	DEBUG 	Uploading Texture Font fontname to graphics card
12.5455 	DEBUG 	Upload of Texture Font fontname complete
12.7213 	INFO 	keyboard.Keyboard is using ptb backend.
12.7214 	EXP 	untitled_FINAL_NEWEST: status = STARTED
12.7466 	EXP 	Created label_text = TextStim(__class__=<class 'psychopy.visual.text.TextStim'>, alignHoriz=method-wrapper(...), alignText='center', alignVert=method-wrapper(...), anchorHoriz='center', anchorVert='center', antialias=True, autoDraw=False, autoLog=True, bold=False, color=array([1., 1., 1.]), colorSpace='rgb', contrast=1.0, depth=-3.0, draggable=False, flipHoriz=False, flipVert=False, font='Arial', fontFiles=[], height=0.05, italic=False, languageStyle='LTR', name='label_text', opacity=1, ori=0.0, pos=array([0., 0.]), rgb=UNKNOWN, text='', units='height', win=Window(...), wrapWidth=1)
12.7898 	EXP 	Created stim_image = ImageStim(__class__=<class 'psychopy.visual.image.ImageStim'>, anchor=('center', 'center'), autoLog=True, color=array([1., 1., 1.]), colorSpace='rgb', contrast=1.0, depth=-4.0, draggable=False, flipHoriz=np.False_, flipVert=np.False_, image='default.png', interpolate=True, mask=None, maskParams=None, name='stim_image', opacity=1, ori=0.0, pos=array([0., 0.]), size=array([0.5, 0.5]), texRes=128.0, units='height', win=Window(...))
12.8184 	EXP 	Created suwak_badanie = Slider(__class__=<class 'psychopy.visual.slider.Slider'>, autoDraw=False, autoLog=True, borderColor=None, color=None, colorSpace='rgb', depth=-5, fillColor=None, flip=False, font='Noto Sans', granularity=0.0, labelColor=None, labelHeight=np.float64(0.05), labelWrapWidth=None, labels=None, lineColor=None, markerColor=None, name='suwak_badanie', opacity=None, ori=0.0, pos=array([0. , 0.1]), readOnly=False, self=UNKNOWN, size=array([0.5, 0.1]), startValue=3, style='slider', styleTweaks=[], ticks=array([1, 2, 3, 4, 5]), units='norm', win=Window(...))
0.0141 	EXP 	suwak_badanie: autoLog = True
0.0141 	EXP 	suwak_badanie: styleTweaks = []
0.0141 	EXP 	suwak_badanie: styleTweaks = []
0.0141 	EXP 	suwak_badanie: styleTweaks = []
0.0141 	EXP 	suwak_badanie: styleTweaks = []
0.0141 	EXP 	suwak_badanie: contrast = 1.0
0.0141 	EXP 	suwak_badanie: markerPos = 3
0.0141 	EXP 	suwak_badanie: autoLog = True
0.0256 	DEBUG 	Read excel file with openpyxl: conditions.xlsx
0.0280 	EXP 	Imported conditions.xlsx as conditions, 32 conditions, 5 params
0.0294 	EXP 	New trial (rep=0, index=0): <Trial 0 (0 in rep 0) data={'image_path': 'C:\\Users\\julia\\OneDrive\\Pulpit\\percepcja_psychopy\\photos\\ee7bd76502e1d9aea7c74fc5bea75be9.jpg', 'etykieta': 'test', 'left_label': 'radość', 'right_label': 'smutek', 'show_label': 1, 'thisN': 0, 'thisTrialN': 0, 'thisRepN': 0}>
0.1380 	DEBUG 	Saving data for untitled_FINAL_NEWEST ExperimentHandler
0.1395 	INFO 	saved data to C:\Users\julia\OneDrive\Pulpit\percepcja_psychopy\data\pilot_untitled_FINAL_NEWEST_2026-04-20_14h30.51.178.psydat
0.1410 	INFO 	saved data to 'C:\\Users\\julia\\OneDrive\\Pulpit\\percepcja_psychopy\\data\\pilot_untitled_FINAL_NEWEST_2026-04-20_14h30.51.178.csv'
0.2797 	WARNING 	Stopping key buffers but this could be dangerous ifother keyboards rely on the same.
