9.6358 	DEBUG 	Fullscreen settings ignored as running in pilot mode.
9.6376 	INFO 	Loaded monitor calibration from ['2026_03_18 20:30']
10.0407 	INFO 	Using renderer 'Intel(R) UHD Graphics' for graphics
10.0408 	INFO 	OpenGL version supported by driver is 4..
11.0064 	EXP 	Created window1 = Window(allowGUI=False, allowStencil=True, autoLog=True, backendConf=UNKNOWN, backgroundFit=<method-wrapper '__getattribute__' of attributeSetter object at 0x000002DF31217040>, backgroundImage=<method-wrapper '__getattribute__' of attributeSetter object at 0x000002DF31216140>, bitsMode=UNKNOWN, blendMode='avg', bpc=(8, 8, 8), color=array([0.0039, 0.0039, 0.0039]), colorSpace='rgb', depthBits=8, fullscr=False, gamma=None, gammaErrorPolicy='raise', infoMsg=UNKNOWN, lms=UNKNOWN, monitor=<psychopy.monitors.calibTools.Monitor object at 0x000002DF32E92E00>, multiSample=False, name='window1', numSamples=2, pos=[np.float64(560.0), np.float64(240.0)], screen=0, size=array([800, 600]), stencilBits=8, stereo=False, title='PsychoPy', units='height', useFBO=True, useRetina=False, viewOri=0.0, viewPos=None, viewScale=None, waitBlanking=True, winType='pyglet')
11.0065 	EXP 	window1: backgroundImage = ''
11.0065 	EXP 	window1: backgroundFit = 'none'
11.0422 	DEBUG 	TextBox2 loaded 1 chars with 0 blanks and 1 valid
11.0567 	DEBUG 	TextBox2 loaded 1 chars with 0 blanks and 1 valid
11.0712 	DEBUG 	TextBox2 loaded 1 chars with 0 blanks and 1 valid
11.0862 	DEBUG 	TextBox2 loaded 1 chars with 0 blanks and 1 valid
11.1010 	DEBUG 	TextBox2 loaded 1 chars with 0 blanks and 1 valid
11.1157 	DEBUG 	TextBox2 loaded 1 chars with 0 blanks and 1 valid
11.1301 	DEBUG 	TextBox2 loaded 1 chars with 0 blanks and 1 valid
11.1432 	DEBUG 	TextBox2 loaded 1 chars with 0 blanks and 1 valid
11.1566 	DEBUG 	TextBox2 loaded 1 chars with 0 blanks and 1 valid
11.1705 	DEBUG 	TextBox2 loaded 1 chars with 0 blanks and 1 valid
11.1846 	DEBUG 	TextBox2 loaded 1 chars with 0 blanks and 1 valid
11.1986 	DEBUG 	TextBox2 loaded 1 chars with 0 blanks and 1 valid
11.2111 	DEBUG 	TextBox2 loaded 1 chars with 0 blanks and 1 valid
11.2250 	DEBUG 	TextBox2 loaded 1 chars with 0 blanks and 1 valid
11.2384 	DEBUG 	TextBox2 loaded 1 chars with 0 blanks and 1 valid
11.2524 	DEBUG 	TextBox2 loaded 1 chars with 0 blanks and 1 valid
11.2662 	DEBUG 	TextBox2 loaded 1 chars with 0 blanks and 1 valid
11.2801 	DEBUG 	TextBox2 loaded 1 chars with 0 blanks and 1 valid
11.2932 	DEBUG 	TextBox2 loaded 1 chars with 0 blanks and 1 valid
11.3073 	DEBUG 	TextBox2 loaded 1 chars with 0 blanks and 1 valid
11.3213 	DEBUG 	TextBox2 loaded 1 chars with 0 blanks and 1 valid
11.3355 	DEBUG 	TextBox2 loaded 1 chars with 0 blanks and 1 valid
11.3493 	DEBUG 	TextBox2 loaded 1 chars with 0 blanks and 1 valid
11.3632 	DEBUG 	TextBox2 loaded 1 chars with 0 blanks and 1 valid
11.3780 	DEBUG 	TextBox2 loaded 1 chars with 0 blanks and 1 valid
11.3929 	DEBUG 	TextBox2 loaded 1 chars with 0 blanks and 1 valid
11.4080 	DEBUG 	TextBox2 loaded 1 chars with 0 blanks and 1 valid
11.4219 	DEBUG 	TextBox2 loaded 1 chars with 0 blanks and 1 valid
11.4222 	DEBUG 	Uploading Texture Font fontname to graphics card
11.4343 	DEBUG 	Upload of Texture Font fontname complete
11.4681 	DEBUG 	TextBox2 loaded 1 chars with 0 blanks and 1 valid
11.4823 	DEBUG 	TextBox2 loaded 1 chars with 0 blanks and 1 valid
11.4826 	DEBUG 	Uploading Texture Font fontname to graphics card
11.4942 	DEBUG 	Upload of Texture Font fontname complete
11.6440 	INFO 	keyboard.Keyboard is using ptb backend.
11.6442 	EXP 	untitled_FINAL_NEWEST: status = STARTED
11.7865 	EXP 	Created text_instr = TextStim(__class__=<class 'psychopy.visual.text.TextStim'>, alignHoriz=method-wrapper(...), alignText='center', alignVert=method-wrapper(...), anchorHoriz='center', anchorVert='center', antialias=True, autoDraw=False, autoLog=True, bold=False, color=array([-1., -1., -1.]), colorSpace='rgb', contrast=1.0, depth=-2.0, draggable=False, flipHoriz=False, flipVert=False, font='Arial', fontFiles=[], height=np.float64(0.03), italic=False, languageStyle='LTR', name='text_instr', opacity=1, ori=0.0, pos=array([0., 0.]), rgb=UNKNOWN, text=str(...), units='height', win=Window(...), wrapWidth=1.5)
11.8123 	EXP 	Created suwak_info = TextStim(__class__=<class 'psychopy.visual.text.TextStim'>, alignHoriz=method-wrapper(...), alignText='center', alignVert=method-wrapper(...), anchorHoriz='center', anchorVert='center', antialias=True, autoDraw=False, autoLog=True, bold=False, color=array([-1., -1., -1.]), colorSpace='rgb', contrast=1.0, depth=-1.0, draggable=False, flipHoriz=False, flipVert=False, font='Arial', fontFiles=[], height=np.float64(0.03), italic=False, languageStyle='LTR', name='suwak_info', opacity=1, ori=0.0, pos=array([0., 0.]), rgb=UNKNOWN, text=str(...), units='height', win=Window(...), wrapWidth=1.3)
11.8410 	EXP 	Created proba_testowa = TextStim(__class__=<class 'psychopy.visual.text.TextStim'>, alignHoriz=method-wrapper(...), alignText='center', alignVert=method-wrapper(...), anchorHoriz='center', anchorVert='center', antialias=True, autoDraw=False, autoLog=True, bold=False, color=array([-1., -1., -1.]), colorSpace='rgb', contrast=1.0, depth=-2.0, draggable=False, flipHoriz=False, flipVert=False, font='Arial', fontFiles=[], height=np.float64(0.04), italic=False, languageStyle='LTR', name='proba_testowa', opacity=1, ori=0.0, pos=array([0., 0.]), rgb=UNKNOWN, text=str(...), units='height', win=Window(...), wrapWidth=1.4)
11.8421 	EXP 	Created pilot_label_text = TextStim(__class__=<class 'psychopy.visual.text.TextStim'>, alignHoriz=method-wrapper(...), alignText='center', alignVert=method-wrapper(...), anchorHoriz='center', anchorVert='center', antialias=True, autoDraw=False, autoLog=True, bold=False, color=array([-1., -1., -1.]), colorSpace='rgb', contrast=1.0, depth=-1.0, draggable=False, flipHoriz=False, flipVert=False, font='Arial', fontFiles=[], height=0.05, italic=False, languageStyle='LTR', name='pilot_label_text', opacity=1, ori=0.0, pos=array([0., 0.]), rgb=UNKNOWN, text='', units='height', win=Window(...), wrapWidth=1.3)
11.8490 	EXP 	Created pilot_fiksacja1 = TextStim(__class__=<class 'psychopy.visual.text.TextStim'>, alignHoriz=method-wrapper(...), alignText='center', alignVert=method-wrapper(...), anchorHoriz='center', anchorVert='center', antialias=True, autoDraw=False, autoLog=True, bold=False, color=array([-1., -1., -1.]), colorSpace='rgb', contrast=1.0, depth=-2.0, draggable=False, flipHoriz=False, flipVert=False, font='Arial', fontFiles=[], height=np.float64(0.1), italic=False, languageStyle='LTR', name='pilot_fiksacja1', opacity=1, ori=0.0, pos=array([0., 0.]), rgb=UNKNOWN, text='+', units='height', win=Window(...), wrapWidth=1)
11.8749 	EXP 	Created pilot_suwak = Slider(__class__=<class 'psychopy.visual.slider.Slider'>, autoDraw=False, autoLog=True, borderColor=None, color=None, colorSpace='rgb', depth=-3, fillColor=None, flip=False, font='Noto Sans', granularity=0.0, labelColor=None, labelHeight=np.float64(0.05), labelWrapWidth=None, labels=None, lineColor=None, markerColor=None, name='pilot_suwak', opacity=None, ori=0.0, pos=array([ 0. , -0.5]), readOnly=False, self=UNKNOWN, size=array([1. , 0.1]), startValue=0, style='slider', styleTweaks=[], ticks=array([-50, -25,   0,  25,  50]), units='norm', win=Window(...))
11.8770 	EXP 	Created pilot_fiksacja2 = TextStim(__class__=<class 'psychopy.visual.text.TextStim'>, alignHoriz=method-wrapper(...), alignText='center', alignVert=method-wrapper(...), anchorHoriz='center', anchorVert='center', antialias=True, autoDraw=False, autoLog=True, bold=False, color=array([-1., -1., -1.]), colorSpace='rgb', contrast=1.0, depth=-4.0, draggable=False, flipHoriz=False, flipVert=False, font='Arial', fontFiles=[], height=np.float64(0.1), italic=False, languageStyle='LTR', name='pilot_fiksacja2', opacity=1, ori=0.0, pos=array([0., 0.]), rgb=UNKNOWN, text='+', units='height', win=Window(...), wrapWidth=1)
11.8916 	EXP 	Created pilot_pytanie = TextStim(__class__=<class 'psychopy.visual.text.TextStim'>, alignHoriz=method-wrapper(...), alignText='center', alignVert=method-wrapper(...), anchorHoriz='center', anchorVert='center', antialias=True, autoDraw=False, autoLog=True, bold=False, color=array([-1., -1., -1.]), colorSpace='rgb', contrast=1.0, depth=-5.0, draggable=False, flipHoriz=False, flipVert=False, font='Arial', fontFiles=[], height=np.float64(0.1), italic=False, languageStyle='LTR', name='pilot_pytanie', opacity=1, ori=0.0, pos=array([0., 0.]), rgb=UNKNOWN, text='Jaką emocję wyrażała ta twarz?', units='norm', win=Window(...), wrapWidth=1)
11.8926 	EXP 	Created pilot_lewa_etykieta = TextStim(__class__=<class 'psychopy.visual.text.TextStim'>, alignHoriz=method-wrapper(...), alignText='center', alignVert=method-wrapper(...), anchorHoriz='center', anchorVert='center', antialias=True, autoDraw=False, autoLog=True, bold=False, color=array([-1., -1., -1.]), colorSpace='rgb', contrast=1.0, depth=-6.0, draggable=False, flipHoriz=False, flipVert=False, font='Arial', fontFiles=[], height=0.085, italic=False, languageStyle='LTR', name='pilot_lewa_etykieta', opacity=1, ori=0.0, pos=array([-0.6, -0.5]), rgb=UNKNOWN, text='', units='norm', win=Window(...), wrapWidth=1)
11.8931 	EXP 	Created pilot_prawa_etykieta = TextStim(__class__=<class 'psychopy.visual.text.TextStim'>, alignHoriz=method-wrapper(...), alignText='center', alignVert=method-wrapper(...), anchorHoriz='center', anchorVert='center', antialias=True, autoDraw=False, autoLog=True, bold=False, color=array([-1., -1., -1.]), colorSpace='rgb', contrast=1.0, depth=-7.0, draggable=False, flipHoriz=False, flipVert=False, font='Arial', fontFiles=[], height=0.085, italic=False, languageStyle='LTR', name='pilot_prawa_etykieta', opacity=1, ori=0.0, pos=array([ 0.6, -0.5]), rgb=UNKNOWN, text='', units='norm', win=Window(...), wrapWidth=1)
11.9853 	EXP 	Created pilot_stim_image = ImageStim(__class__=<class 'psychopy.visual.image.ImageStim'>, anchor=('center', 'center'), autoLog=True, color=array([1., 1., 1.]), colorSpace='rgb', contrast=1.0, depth=-8.0, draggable=False, flipHoriz=np.False_, flipVert=np.False_, image='photos/Twarze 50,50/RS 50,50/1K RS 5050.png', interpolate=True, mask=None, maskParams=None, name='pilot_stim_image', opacity=1, ori=0.0, pos=array([0., 0.]), size=array([0.75, 0.75]), texRes=128.0, units='height', win=Window(...))
12.0091 	EXP 	Created start_badania = TextStim(__class__=<class 'psychopy.visual.text.TextStim'>, alignHoriz=method-wrapper(...), alignText='center', alignVert=method-wrapper(...), anchorHoriz='center', anchorVert='center', antialias=True, autoDraw=False, autoLog=True, bold=False, color=array([-1., -1., -1.]), colorSpace='rgb', contrast=1.0, depth=-2.0, draggable=False, flipHoriz=False, flipVert=False, font='Arial', fontFiles=[], height=np.float64(0.1), italic=False, languageStyle='LTR', name='start_badania', opacity=1, ori=0.0, pos=array([0., 0.]), rgb=UNKNOWN, text=str(...), units='norm', win=Window(...), wrapWidth=1.4)
12.0136 	EXP 	Created przerwa_text = TextStim(__class__=<class 'psychopy.visual.text.TextStim'>, alignHoriz=method-wrapper(...), alignText='center', alignVert=method-wrapper(...), anchorHoriz='center', anchorVert='center', antialias=True, autoDraw=False, autoLog=True, bold=False, color=array([-1., -1., -1.]), colorSpace='rgb', contrast=1.0, depth=0.0, draggable=False, flipHoriz=False, flipVert=False, font='Arial', fontFiles=[], height=np.float64(0.1), italic=False, languageStyle='LTR', name='przerwa_text', opacity=1, ori=0.0, pos=array([0., 0.]), rgb=UNKNOWN, text=str(...), units='norm', win=Window(...), wrapWidth=1)
12.0141 	EXP 	Created label_text = TextStim(__class__=<class 'psychopy.visual.text.TextStim'>, alignHoriz=method-wrapper(...), alignText='center', alignVert=method-wrapper(...), anchorHoriz='center', anchorVert='center', antialias=True, autoDraw=False, autoLog=True, bold=False, color=array([-1., -1., -1.]), colorSpace='rgb', contrast=1.0, depth=-2.0, draggable=False, flipHoriz=False, flipVert=False, font='Arial', fontFiles=[], height=0.05, italic=False, languageStyle='LTR', name='label_text', opacity=1, ori=0.0, pos=array([0., 0.]), rgb=UNKNOWN, text='', units='height', win=Window(...), wrapWidth=1.3)
12.0184 	EXP 	Created stim_image = ImageStim(__class__=<class 'psychopy.visual.image.ImageStim'>, anchor=('center', 'center'), autoLog=True, color=array([1., 1., 1.]), colorSpace='rgb', contrast=1.0, depth=-3.0, draggable=False, flipHoriz=np.False_, flipVert=np.False_, image='default.png', interpolate=True, mask=None, maskParams=None, name='stim_image', opacity=1, ori=0.0, pos=array([0., 0.]), size=array([0.75, 0.75]), texRes=128.0, units='height', win=Window(...))
12.0268 	EXP 	Created suwak_badanie = Slider(__class__=<class 'psychopy.visual.slider.Slider'>, autoDraw=False, autoLog=True, borderColor=None, color=None, colorSpace='rgb', depth=-4, fillColor=None, flip=False, font='Noto Sans', granularity=0.0, labelColor=None, labelHeight=np.float64(0.05), labelWrapWidth=None, labels=None, lineColor=None, markerColor=None, name='suwak_badanie', opacity=None, ori=0.0, pos=array([ 0. , -0.5]), readOnly=False, self=UNKNOWN, size=array([1. , 0.1]), startValue=0, style='slider', styleTweaks=[], ticks=array([-50, -25,   0,  25,  50]), units='norm', win=Window(...))
12.0279 	EXP 	Created lewa_etykieta = TextStim(__class__=<class 'psychopy.visual.text.TextStim'>, alignHoriz=method-wrapper(...), alignText='center', alignVert=method-wrapper(...), anchorHoriz='center', anchorVert='center', antialias=True, autoDraw=False, autoLog=True, bold=False, color=array([-1., -1., -1.]), colorSpace='rgb', contrast=1.0, depth=-5.0, draggable=False, flipHoriz=False, flipVert=False, font='Arial', fontFiles=[], height=0.085, italic=False, languageStyle='LTR', name='lewa_etykieta', opacity=1, ori=0.0, pos=array([-0.65, -0.5 ]), rgb=UNKNOWN, text='', units='norm', win=Window(...), wrapWidth=1)
12.0285 	EXP 	Created prawa_etykieta = TextStim(__class__=<class 'psychopy.visual.text.TextStim'>, alignHoriz=method-wrapper(...), alignText='center', alignVert=method-wrapper(...), anchorHoriz='center', anchorVert='center', antialias=True, autoDraw=False, autoLog=True, bold=False, color=array([-1., -1., -1.]), colorSpace='rgb', contrast=1.0, depth=-6.0, draggable=False, flipHoriz=False, flipVert=False, font='Arial', fontFiles=[], height=0.085, italic=False, languageStyle='LTR', name='prawa_etykieta', opacity=1, ori=0.0, pos=array([ 0.65, -0.5 ]), rgb=UNKNOWN, text='', units='norm', win=Window(...), wrapWidth=1)
12.0302 	EXP 	Created fiksacja1 = TextStim(__class__=<class 'psychopy.visual.text.TextStim'>, alignHoriz=method-wrapper(...), alignText='center', alignVert=method-wrapper(...), anchorHoriz='center', anchorVert='center', antialias=True, autoDraw=False, autoLog=True, bold=False, color=array([-1., -1., -1.]), colorSpace='rgb', contrast=1.0, depth=-7.0, draggable=False, flipHoriz=False, flipVert=False, font='Arial', fontFiles=[], height=np.float64(0.1), italic=False, languageStyle='LTR', name='fiksacja1', opacity=1, ori=0.0, pos=array([0., 0.]), rgb=UNKNOWN, text='+', units='height', win=Window(...), wrapWidth=1)
12.0320 	EXP 	Created fiksacja2 = TextStim(__class__=<class 'psychopy.visual.text.TextStim'>, alignHoriz=method-wrapper(...), alignText='center', alignVert=method-wrapper(...), anchorHoriz='center', anchorVert='center', antialias=True, autoDraw=False, autoLog=True, bold=False, color=array([-1., -1., -1.]), colorSpace='rgb', contrast=1.0, depth=-8.0, draggable=False, flipHoriz=False, flipVert=False, font='Arial', fontFiles=[], height=np.float64(0.1), italic=False, languageStyle='LTR', name='fiksacja2', opacity=1, ori=0.0, pos=array([0., 0.]), rgb=UNKNOWN, text='+', units='height', win=Window(...), wrapWidth=1)
12.0344 	EXP 	Created pytanie = TextStim(__class__=<class 'psychopy.visual.text.TextStim'>, alignHoriz=method-wrapper(...), alignText='center', alignVert=method-wrapper(...), anchorHoriz='center', anchorVert='center', antialias=True, autoDraw=False, autoLog=True, bold=False, color=array([-1., -1., -1.]), colorSpace='rgb', contrast=1.0, depth=-9.0, draggable=False, flipHoriz=False, flipVert=False, font='Arial', fontFiles=[], height=np.float64(0.1), italic=False, languageStyle='LTR', name='pytanie', opacity=1, ori=0.0, pos=array([0., 0.]), rgb=UNKNOWN, text='Jaką emocję wyrażała ta twarz?', units='norm', win=Window(...), wrapWidth=1)
12.0511 	EXP 	Created podziekowania_text = TextStim(__class__=<class 'psychopy.visual.text.TextStim'>, alignHoriz=method-wrapper(...), alignText='center', alignVert=method-wrapper(...), anchorHoriz='center', anchorVert='center', antialias=True, autoDraw=False, autoLog=True, bold=False, color=array([1., 1., 1.]), colorSpace='rgb', contrast=1.0, depth=0.0, draggable=False, flipHoriz=False, flipVert=False, font='Arial', fontFiles=[], height=np.float64(0.05), italic=False, languageStyle='LTR', name='podziekowania_text', opacity=1, ori=0.0, pos=array([0., 0.]), rgb=UNKNOWN, text=str(...), units='height', win=Window(...), wrapWidth=1)
0.1870 	EXP 	pilot_suwak: autoLog = True
0.1870 	EXP 	pilot_suwak: styleTweaks = []
0.1870 	EXP 	pilot_suwak: styleTweaks = []
0.1870 	EXP 	pilot_suwak: styleTweaks = []
0.1870 	EXP 	pilot_suwak: styleTweaks = []
0.1870 	EXP 	pilot_suwak: contrast = 1.0
0.1870 	EXP 	pilot_suwak: markerPos = 0
0.1870 	EXP 	pilot_suwak: autoLog = True
0.1870 	EXP 	suwak_badanie: autoLog = True
0.1870 	EXP 	suwak_badanie: styleTweaks = []
0.1870 	EXP 	suwak_badanie: styleTweaks = []
0.1870 	EXP 	suwak_badanie: styleTweaks = []
0.1870 	EXP 	suwak_badanie: styleTweaks = []
0.1870 	EXP 	suwak_badanie: contrast = 1.0
0.1870 	EXP 	suwak_badanie: markerPos = 0
0.1870 	EXP 	suwak_badanie: autoLog = True
0.3710 	INFO 	Keyboard events cleared
0.3709 	EXP 	text_instr: autoDraw = True
2.7590 	EXP 	Device response: <KeyPress from None: t=2.700540899997577, value=space, duration=None>
2.7630 	DATA 	Keypress: space
2.7718 	INFO 	Keyboard events cleared
2.7717 	EXP 	text_instr: autoDraw = False
2.7717 	EXP 	suwak_info: autoDraw = True
2.8433 	EXP 	Device response: <KeyPress from None: t=2.700540899997577, value=space, duration=0.12998239998705685>
3.3585 	EXP 	Device response: <KeyPress from None: t=3.3464475999353454, value=space, duration=None>
3.3620 	DATA 	Keypress: space
3.3706 	INFO 	Keyboard events cleared
3.3705 	EXP 	suwak_info: autoDraw = False
3.3705 	EXP 	proba_testowa: autoDraw = True
3.4764 	EXP 	Device response: <KeyPress from None: t=3.3464475999353454, value=space, duration=0.12471870006993413>
4.4399 	EXP 	Device response: <KeyPress from None: t=4.436581099987961, value=space, duration=None>
4.4738 	DATA 	Keypress: space
4.4828 	EXP 	proba_testowa: autoDraw = False
4.4828 	EXP 	pilot_label_text: height = np.float64(0.05)
4.4828 	EXP 	pilot_label_text: height = np.float64(0.05)
4.4828 	EXP 	pilot_label_text: height = np.float64(0.05)
4.4828 	EXP 	pilot_label_text: height = np.float64(0.05)
4.4828 	EXP 	pilot_label_text: height = np.float64(0.05)
4.4828 	EXP 	pilot_label_text: height = np.float64(0.05)
4.4828 	EXP 	pilot_label_text: text = 'Model AI wykrył w tej twarzy 80% smutku.\n\n'
4.4828 	EXP 	pilot_suwak: markerPos = None
4.4828 	EXP 	pilot_suwak: markerPos = 0
4.4828 	EXP 	pilot_lewa_etykieta: height = np.float64(0.085)
4.4828 	EXP 	pilot_lewa_etykieta: height = np.float64(0.085)
4.4828 	EXP 	pilot_lewa_etykieta: height = np.float64(0.085)
4.4828 	EXP 	pilot_lewa_etykieta: text = 'radość'
4.4828 	EXP 	pilot_prawa_etykieta: height = np.float64(0.085)
4.4828 	EXP 	pilot_prawa_etykieta: height = np.float64(0.085)
4.4828 	EXP 	pilot_prawa_etykieta: height = np.float64(0.085)
4.4828 	EXP 	pilot_prawa_etykieta: text = 'smutek'
4.4828 	EXP 	pilot_fiksacja1: autoDraw = True
4.5553 	EXP 	Device response: <KeyPress from None: t=4.436581099987961, value=space, duration=0.11526719992980361>
4.9827 	EXP 	pilot_fiksacja1: autoDraw = False
5.1485 	EXP 	pilot_label_text: autoDraw = True
8.1569 	EXP 	pilot_label_text: autoDraw = False
8.3392 	EXP 	pilot_fiksacja2: autoDraw = True
8.8387 	EXP 	pilot_fiksacja2: autoDraw = False
9.0548 	EXP 	pilot_stim_image: autoDraw = True
9.9519 	EXP 	pilot_suwak: autoDraw = True
9.9519 	EXP 	pilot_pytanie: autoDraw = True
9.9519 	EXP 	pilot_lewa_etykieta: autoDraw = True
9.9519 	EXP 	pilot_prawa_etykieta: autoDraw = True
9.9678 	EXP 	pilot_stim_image: autoDraw = False
12.4177 	DATA 	Mouse: Left button down, pos=(519,146)
12.4450 	EXP 	pilot_suwak: markerPos = np.float64(29.75)
12.4623 	EXP 	pilot_suwak: markerPos = np.float64(29.75)
12.4663 	DATA 	Mouse:  Left button up, pos=(519,146)
12.4786 	EXP 	pilot_suwak: markerPos = np.float64(29.75)
12.4954 	INFO 	Keyboard events cleared
12.4953 	EXP 	pilot_label_text: autoDraw = False
12.4953 	EXP 	pilot_fiksacja1: autoDraw = False
12.4953 	EXP 	pilot_suwak: autoDraw = False
12.4953 	EXP 	pilot_fiksacja2: autoDraw = False
12.4953 	EXP 	pilot_pytanie: autoDraw = False
12.4953 	EXP 	pilot_lewa_etykieta: autoDraw = False
12.4953 	EXP 	pilot_prawa_etykieta: autoDraw = False
12.4953 	EXP 	pilot_stim_image: autoDraw = False
12.4953 	EXP 	start_badania: autoDraw = True
16.2401 	EXP 	Device response: <KeyPress from None: t=16.236643499927595, value=space, duration=None>
16.2692 	DEBUG 	Read excel file with openpyxl: conditions.xlsx
16.2745 	EXP 	Imported conditions.xlsx as conditions, 32 conditions, 9 params
16.2760 	EXP 	New trial (rep=0, index=0): <Trial 0 (0 in rep 0) data={'image_path': 'C:\\Users\\julia\\OneDrive\\Pulpit\\percepcja_psychopy\\photos\\Twarze 50,50\\SZ 50,50\\1K SZ 5050.png', 'etykieta': 'Model sztucznej inteligencji wykrył w tej twarzy 72% strachu .', 'left_label': 'strach', 'right_label': 'złość', 'show_label': 1, 'proporcja_zdjecia': '50/50', 'typ_etykiety': 'Procentowa AI', 'warunek': 'n/d', 'kierunek': 'Sugestia Lewo strach', 'thisN': 0, 'thisTrialN': 0, 'thisRepN': 0}>
16.3422 	EXP 	Device response: <KeyPress from None: t=16.236643499927595, value=space, duration=0.04571620002388954>
16.3431 	DATA 	Keypress: space
16.3505 	EXP 	start_badania: autoDraw = False
16.3505 	EXP 	przerwa_text: autoDraw = False
16.3505 	EXP 	label_text: height = np.float64(0.05)
16.3505 	EXP 	label_text: height = np.float64(0.05)
16.3505 	EXP 	label_text: height = np.float64(0.05)
16.3505 	EXP 	label_text: text = 'Model sztucznej inteligencji wykrył w tej twarzy 72% strachu .'
16.3505 	EXP 	label_text: height = np.float64(0.05)
16.3505 	EXP 	label_text: height = np.float64(0.05)
16.3505 	EXP 	label_text: height = np.float64(0.05)
16.3505 	EXP 	label_text: text = 'Model sztucznej inteligencji wykrył w tej twarzy 72% strachu .'
16.3505 	EXP 	stim_image: image = 'C:\\Users\\julia\\OneDrive\\Pulpit\\percepcja_psychopy\\photos\\Twarze 50,50\\SZ 50,50\\1K SZ 5050.png'
16.3505 	EXP 	suwak_badanie: markerPos = None
16.3505 	EXP 	suwak_badanie: markerPos = 0
16.3505 	EXP 	lewa_etykieta: height = np.float64(0.085)
16.3505 	EXP 	lewa_etykieta: height = np.float64(0.085)
16.3505 	EXP 	lewa_etykieta: height = np.float64(0.085)
16.3505 	EXP 	lewa_etykieta: text = 'strach'
16.3505 	EXP 	prawa_etykieta: height = np.float64(0.085)
16.3505 	EXP 	prawa_etykieta: height = np.float64(0.085)
16.3505 	EXP 	prawa_etykieta: height = np.float64(0.085)
16.3505 	EXP 	prawa_etykieta: text = 'złość'
16.3505 	EXP 	fiksacja1: autoDraw = True
16.8504 	EXP 	fiksacja1: autoDraw = False
16.9829 	EXP 	label_text: autoDraw = True
19.6929 	EXP 	label_text: autoDraw = False
19.8756 	EXP 	fiksacja2: autoDraw = True
20.3904 	EXP 	fiksacja2: autoDraw = False
20.5906 	EXP 	stim_image: autoDraw = True
21.7862 	EXP 	suwak_badanie: autoDraw = True
21.7862 	EXP 	lewa_etykieta: autoDraw = True
21.7862 	EXP 	prawa_etykieta: autoDraw = True
21.7862 	EXP 	pytanie: autoDraw = True
21.8032 	EXP 	stim_image: autoDraw = False
22.6904 	DATA 	Mouse: Left button down, pos=(562,154)
22.7004 	EXP 	suwak_badanie: markerPos = np.float64(40.5)
22.7173 	EXP 	suwak_badanie: markerPos = np.float64(40.5)
22.7335 	EXP 	suwak_badanie: markerPos = np.float64(40.5)
22.7503 	EXP 	suwak_badanie: markerPos = np.float64(40.5)
22.7545 	DATA 	Mouse:  Left button up, pos=(562,154)
22.7677 	EXP 	suwak_badanie: markerPos = np.float64(40.5)
22.7704 	EXP 	New trial (rep=0, index=1): <Trial 1 (1 in rep 0) data={'image_path': 'C:\\Users\\julia\\OneDrive\\Pulpit\\percepcja_psychopy\\photos\\Twarze 80,20\\OZ 80,20\\1K OZ 8020.png', 'etykieta': 'Poprzedni badani wykryli w tej twarzy oczekiwanie.', 'left_label': 'zaskoczenie', 'right_label': 'oczekiwanie', 'show_label': 1, 'proporcja_zdjecia': '80/20 oczekiwanie', 'typ_etykiety': 'Kategorialna Ludzie', 'warunek': 'Zgodny', 'kierunek': 'Dominacja Prawo oczekiwanie', 'thisN': 1, 'thisTrialN': 1, 'thisRepN': 0}>
22.8332 	EXP 	label_text: autoDraw = False
22.8332 	EXP 	stim_image: autoDraw = False
22.8332 	EXP 	suwak_badanie: autoDraw = False
22.8332 	EXP 	lewa_etykieta: autoDraw = False
22.8332 	EXP 	prawa_etykieta: autoDraw = False
22.8332 	EXP 	fiksacja1: autoDraw = False
22.8332 	EXP 	fiksacja2: autoDraw = False
22.8332 	EXP 	pytanie: autoDraw = False
22.8332 	EXP 	przerwa_text: autoDraw = False
22.8332 	EXP 	label_text: height = np.float64(0.05)
22.8332 	EXP 	label_text: height = np.float64(0.05)
22.8332 	EXP 	label_text: height = np.float64(0.05)
22.8332 	EXP 	label_text: text = 'Poprzedni badani wykryli w tej twarzy oczekiwanie.'
22.8332 	EXP 	label_text: height = np.float64(0.05)
22.8332 	EXP 	label_text: height = np.float64(0.05)
22.8332 	EXP 	label_text: height = np.float64(0.05)
22.8332 	EXP 	label_text: text = 'Poprzedni badani wykryli w tej twarzy oczekiwanie.'
22.8332 	EXP 	stim_image: image = 'C:\\Users\\julia\\OneDrive\\Pulpit\\percepcja_psychopy\\photos\\Twarze 80,20\\OZ 80,20\\1K OZ 8020.png'
22.8332 	EXP 	suwak_badanie: markerPos = None
22.8332 	EXP 	suwak_badanie: markerPos = 0
22.8332 	EXP 	lewa_etykieta: height = np.float64(0.085)
22.8332 	EXP 	lewa_etykieta: height = np.float64(0.085)
22.8332 	EXP 	lewa_etykieta: height = np.float64(0.085)
22.8332 	EXP 	lewa_etykieta: text = 'zaskoczenie'
22.8332 	EXP 	prawa_etykieta: height = np.float64(0.085)
22.8332 	EXP 	prawa_etykieta: height = np.float64(0.085)
22.8332 	EXP 	prawa_etykieta: height = np.float64(0.085)
22.8332 	EXP 	prawa_etykieta: text = 'oczekiwanie'
22.8332 	EXP 	fiksacja1: autoDraw = True
23.3327 	EXP 	fiksacja1: autoDraw = False
23.4821 	EXP 	label_text: autoDraw = True
26.1913 	EXP 	label_text: autoDraw = False
26.3747 	EXP 	fiksacja2: autoDraw = True
26.8895 	EXP 	fiksacja2: autoDraw = False
27.0719 	EXP 	stim_image: autoDraw = True
28.2691 	EXP 	suwak_badanie: autoDraw = True
28.2691 	EXP 	lewa_etykieta: autoDraw = True
28.2691 	EXP 	prawa_etykieta: autoDraw = True
28.2691 	EXP 	pytanie: autoDraw = True
28.2856 	EXP 	stim_image: autoDraw = False
33.6901 	EXP 	Device response: <KeyPress from None: t=33.68175709992647, value=escape, duration=None>
33.6904 	DATA 	Keypress: escape
33.8400 	EXP 	Device response: <KeyPress from None: t=33.68175709992647, value=escape, duration=0.15462960000149906>
33.8400 	EXP 	untitled_FINAL_NEWEST: status = STOPPED
33.8531 	EXP 	suwak_badanie: autoDraw = False
33.8531 	EXP 	lewa_etykieta: autoDraw = False
33.8531 	EXP 	prawa_etykieta: autoDraw = False
33.8531 	EXP 	pytanie: autoDraw = False
33.8564 	EXP 	untitled_FINAL_NEWEST: status = STOPPED
33.8625 	INFO 	saved data to 'C:\\Users\\julia\\OneDrive\\Pulpit\\percepcja_psychopy\\data\\pilot_untitled_FINAL_NEWEST_2026-04-25_18h43.23.143.csv'
33.8648 	INFO 	saved data to C:\Users\julia\OneDrive\Pulpit\percepcja_psychopy\data\pilot_untitled_FINAL_NEWEST_2026-04-25_18h43.23.143.psydat
34.3295 	DEBUG 	Saving data for untitled_FINAL_NEWEST ExperimentHandler
34.3507 	WARNING 	Stopping key buffers but this could be dangerous ifother keyboards rely on the same.
