8.0753 	DEBUG 	Fullscreen settings ignored as running in pilot mode.
8.0773 	INFO 	Loaded monitor calibration from ['2026_03_18 20:30']
8.7528 	INFO 	Using renderer 'Intel(R) UHD Graphics' for graphics
8.7528 	INFO 	OpenGL version supported by driver is 4..
9.9207 	EXP 	Created window1 = Window(allowGUI=False, allowStencil=False, autoLog=True, backendConf=UNKNOWN, backgroundFit=<method-wrapper '__getattribute__' of attributeSetter object at 0x00000166632711B0>, backgroundImage=<method-wrapper '__getattribute__' of attributeSetter object at 0x0000016663271150>, bitsMode=UNKNOWN, blendMode='avg', bpc=(8, 8, 8), color=array([0, 0, 0]), colorSpace='rgb', depthBits=8, fullscr=False, gamma=None, gammaErrorPolicy='raise', infoMsg=UNKNOWN, lms=UNKNOWN, monitor=<psychopy.monitors.calibTools.Monitor object at 0x000001665D626740>, multiSample=False, name='window1', numSamples=2, pos=[np.float64(560.0), np.float64(240.0)], screen=0, size=array([800, 600]), stencilBits=0, stereo=False, title='PsychoPy', units='height', useFBO=True, useRetina=False, viewOri=0.0, viewPos=None, viewScale=None, waitBlanking=True, winType='pyglet')
9.9208 	EXP 	window1: backgroundImage = ''
9.9208 	EXP 	window1: backgroundFit = 'none'
9.9877 	DEBUG 	TextBox2 loaded 1 chars with 0 blanks and 1 valid
10.0065 	DEBUG 	TextBox2 loaded 1 chars with 0 blanks and 1 valid
10.0248 	DEBUG 	TextBox2 loaded 1 chars with 0 blanks and 1 valid
10.0415 	DEBUG 	TextBox2 loaded 1 chars with 0 blanks and 1 valid
10.0577 	DEBUG 	TextBox2 loaded 1 chars with 0 blanks and 1 valid
10.0734 	DEBUG 	TextBox2 loaded 1 chars with 0 blanks and 1 valid
10.0912 	DEBUG 	TextBox2 loaded 1 chars with 0 blanks and 1 valid
10.1093 	DEBUG 	TextBox2 loaded 1 chars with 0 blanks and 1 valid
10.1262 	DEBUG 	TextBox2 loaded 1 chars with 0 blanks and 1 valid
10.1432 	DEBUG 	TextBox2 loaded 1 chars with 0 blanks and 1 valid
10.1597 	DEBUG 	TextBox2 loaded 1 chars with 0 blanks and 1 valid
10.1758 	DEBUG 	TextBox2 loaded 1 chars with 0 blanks and 1 valid
10.1941 	DEBUG 	TextBox2 loaded 1 chars with 0 blanks and 1 valid
10.2131 	DEBUG 	TextBox2 loaded 1 chars with 0 blanks and 1 valid
10.2305 	DEBUG 	TextBox2 loaded 1 chars with 0 blanks and 1 valid
10.2474 	DEBUG 	TextBox2 loaded 1 chars with 0 blanks and 1 valid
10.2662 	DEBUG 	TextBox2 loaded 1 chars with 0 blanks and 1 valid
10.2832 	DEBUG 	TextBox2 loaded 1 chars with 0 blanks and 1 valid
10.3000 	DEBUG 	TextBox2 loaded 1 chars with 0 blanks and 1 valid
10.3174 	DEBUG 	TextBox2 loaded 1 chars with 0 blanks and 1 valid
10.3357 	DEBUG 	TextBox2 loaded 1 chars with 0 blanks and 1 valid
10.3366 	DEBUG 	Uploading Texture Font fontname to graphics card
10.3488 	DEBUG 	Upload of Texture Font fontname complete
10.3952 	DEBUG 	TextBox2 loaded 1 chars with 0 blanks and 1 valid
10.4130 	DEBUG 	TextBox2 loaded 1 chars with 0 blanks and 1 valid
10.4309 	DEBUG 	TextBox2 loaded 1 chars with 0 blanks and 1 valid
10.4313 	DEBUG 	Uploading Texture Font fontname to graphics card
10.4533 	DEBUG 	Upload of Texture Font fontname complete
10.4569 	EXP 	window1: Attempting to measure frame rate of screen (0) ...
10.4570 	EXP 	window1: recordFrameIntervals = False
10.9439 	EXP 	window1: recordFrameIntervals = True
11.3720 	WARNING 	t of last frame was 50.27ms (=1/19)
12.1042 	WARNING 	t of last frame was 448.83ms (=1/2)
12.1694 	WARNING 	t of last frame was 47.79ms (=1/20)
12.2195 	WARNING 	t of last frame was 31.33ms (=1/31)
13.4795 	EXP 	window1: recordFrameIntervals = False
13.4795 	EXP 	Screen (0) actual frame rate measured at 59.94Hz
13.5266 	DEBUG 	TextBox2 loaded 1 chars with 0 blanks and 1 valid
13.5398 	DEBUG 	TextBox2 loaded 1 chars with 0 blanks and 1 valid
13.5539 	DEBUG 	TextBox2 loaded 1 chars with 0 blanks and 1 valid
13.5684 	DEBUG 	TextBox2 loaded 1 chars with 0 blanks and 1 valid
13.5826 	DEBUG 	TextBox2 loaded 1 chars with 0 blanks and 1 valid
13.5968 	DEBUG 	TextBox2 loaded 1 chars with 0 blanks and 1 valid
13.6101 	DEBUG 	TextBox2 loaded 1 chars with 0 blanks and 1 valid
13.6233 	DEBUG 	TextBox2 loaded 1 chars with 0 blanks and 1 valid
13.6376 	DEBUG 	TextBox2 loaded 1 chars with 0 blanks and 1 valid
13.6517 	DEBUG 	TextBox2 loaded 1 chars with 0 blanks and 1 valid
13.6521 	DEBUG 	Uploading Texture Font fontname to graphics card
13.6526 	DEBUG 	Upload of Texture Font fontname complete
13.8389 	INFO 	keyboard.Keyboard is using ptb backend.
13.8390 	EXP 	untitled_FINAL_NEWEST: status = STARTED
13.8752 	EXP 	Created label_text = TextStim(__class__=<class 'psychopy.visual.text.TextStim'>, alignHoriz=method-wrapper(...), alignText='center', alignVert=method-wrapper(...), anchorHoriz='center', anchorVert='center', antialias=True, autoDraw=False, autoLog=True, bold=False, color=array([1., 1., 1.]), colorSpace='rgb', contrast=1.0, depth=-3.0, draggable=False, flipHoriz=False, flipVert=False, font='Arial', fontFiles=[], height=0.05, italic=False, languageStyle='LTR', name='label_text', opacity=1, ori=0.0, pos=array([0., 0.]), rgb=UNKNOWN, text='', units='height', win=Window(...), wrapWidth=1)
13.9168 	EXP 	Created stim_image = ImageStim(__class__=<class 'psychopy.visual.image.ImageStim'>, anchor=('center', 'center'), autoLog=True, color=array([1., 1., 1.]), colorSpace='rgb', contrast=1.0, depth=-4.0, draggable=False, flipHoriz=np.False_, flipVert=np.False_, image='default.png', interpolate=True, mask=None, maskParams=None, name='stim_image', opacity=1, ori=0.0, pos=array([0., 0.]), size=array([0.5, 0.5]), texRes=128.0, units='height', win=Window(...))
13.9445 	EXP 	Created suwak_badanie = Slider(__class__=<class 'psychopy.visual.slider.Slider'>, autoDraw=False, autoLog=True, borderColor=None, color=None, colorSpace='rgb', depth=-5, fillColor=None, flip=False, font='Noto Sans', granularity=0.0, labelColor=None, labelHeight=np.float64(0.05), labelWrapWidth=None, labels=None, lineColor=None, markerColor=None, name='suwak_badanie', opacity=None, ori=0.0, pos=array([0. , 0.1]), readOnly=False, self=UNKNOWN, size=array([0.5, 0.1]), startValue=3, style='slider', styleTweaks=[], ticks=array([1, 2, 3, 4, 5]), units='norm', win=Window(...))
0.0157 	EXP 	suwak_badanie: autoLog = True
0.0157 	EXP 	suwak_badanie: styleTweaks = []
0.0157 	EXP 	suwak_badanie: styleTweaks = []
0.0157 	EXP 	suwak_badanie: styleTweaks = []
0.0157 	EXP 	suwak_badanie: styleTweaks = []
0.0157 	EXP 	suwak_badanie: contrast = 1.0
0.0157 	EXP 	suwak_badanie: markerPos = 3
0.0157 	EXP 	suwak_badanie: autoLog = True
0.0272 	DEBUG 	Read excel file with openpyxl: conditions.xlsx
0.0294 	EXP 	Imported conditions.xlsx as conditions, 32 conditions, 5 params
0.0305 	EXP 	New trial (rep=0, index=0): <Trial 0 (0 in rep 0) data={'image_path': 'C:\\Users\\julia\\OneDrive\\Pulpit\\percepcja_psychopy\\photos\\ee7bd76502e1d9aea7c74fc5bea75be9.jpg', 'etykieta': 'test', 'left_label': 'radość', 'right_label': 'smutek', 'show_label': 1, 'thisN': 0, 'thisTrialN': 0, 'thisRepN': 0}>
0.1148 	EXP 	label_text: height = np.float64(0.05)
0.1148 	EXP 	label_text: height = np.float64(0.05)
0.1148 	EXP 	label_text: height = np.float64(0.05)
0.1148 	EXP 	label_text: text = 'test'
0.1148 	EXP 	stim_image: image = 'C:\\Users\\julia\\OneDrive\\Pulpit\\percepcja_psychopy\\photos\\ee7bd76502e1d9aea7c74fc5bea75be9.jpg'
0.1148 	EXP 	suwak_badanie: markerPos = None
0.1148 	EXP 	suwak_badanie: markerPos = 3
0.1148 	EXP 	label_text: autoDraw = True
1.0296 	EXP 	stim_image: autoDraw = True
1.1306 	EXP 	label_text: autoDraw = False
2.0100 	EXP 	suwak_badanie: autoDraw = True
2.0441 	EXP 	stim_image: autoDraw = False
4.0961 	EXP 	Device response: <KeyPress from None: t=4.083212800003821, value=escape, duration=None>
4.0964 	DATA 	Keypress: escape
4.2282 	EXP 	Device response: <KeyPress from None: t=4.083212800003821, value=escape, duration=0.13583349998225458>
4.2283 	EXP 	untitled_FINAL_NEWEST: status = STOPPED
4.2400 	EXP 	suwak_badanie: autoDraw = False
4.2427 	EXP 	untitled_FINAL_NEWEST: status = STOPPED
4.2456 	INFO 	saved data to 'C:\\Users\\julia\\OneDrive\\Pulpit\\percepcja_psychopy\\data\\pilot_untitled_FINAL_NEWEST_2026-04-20_14h28.53.365.csv'
4.2475 	INFO 	saved data to C:\Users\julia\OneDrive\Pulpit\percepcja_psychopy\data\pilot_untitled_FINAL_NEWEST_2026-04-20_14h28.53.365.psydat
4.6575 	DEBUG 	Saving data for untitled_FINAL_NEWEST ExperimentHandler
4.7137 	WARNING 	Stopping key buffers but this could be dangerous ifother keyboards rely on the same.
