7.9069 	DEBUG 	Fullscreen settings ignored as running in pilot mode.
7.9079 	INFO 	Loaded monitor calibration from ['2026_03_18 20:30']
8.3316 	INFO 	Using renderer 'Intel(R) UHD Graphics' for graphics
8.3316 	INFO 	OpenGL version supported by driver is 4..
9.2318 	EXP 	Created window1 = Window(allowGUI=False, allowStencil=True, autoLog=True, backendConf=UNKNOWN, backgroundFit=<method-wrapper '__getattribute__' of attributeSetter object at 0x000001A83721F5E0>, backgroundImage=<method-wrapper '__getattribute__' of attributeSetter object at 0x000001A83721F580>, bitsMode=UNKNOWN, blendMode='avg', bpc=(8, 8, 8), color=array([0.6549, 0.6549, 0.6549]), colorSpace='rgb', depthBits=8, fullscr=False, gamma=None, gammaErrorPolicy='raise', infoMsg=UNKNOWN, lms=UNKNOWN, monitor=<psychopy.monitors.calibTools.Monitor object at 0x000001A831745AB0>, multiSample=False, name='window1', numSamples=2, pos=[np.float64(560.0), np.float64(240.0)], screen=0, size=array([800, 600]), stencilBits=8, stereo=False, title='PsychoPy', units='height', useFBO=True, useRetina=False, viewOri=0.0, viewPos=None, viewScale=None, waitBlanking=True, winType='pyglet')
9.2319 	EXP 	window1: backgroundImage = ''
9.2319 	EXP 	window1: backgroundFit = 'none'
9.2678 	DEBUG 	TextBox2 loaded 1 chars with 0 blanks and 1 valid
9.2818 	DEBUG 	TextBox2 loaded 1 chars with 0 blanks and 1 valid
9.2957 	DEBUG 	TextBox2 loaded 1 chars with 0 blanks and 1 valid
9.3096 	DEBUG 	TextBox2 loaded 1 chars with 0 blanks and 1 valid
9.3233 	DEBUG 	TextBox2 loaded 1 chars with 0 blanks and 1 valid
9.3369 	DEBUG 	TextBox2 loaded 1 chars with 0 blanks and 1 valid
9.3513 	DEBUG 	TextBox2 loaded 1 chars with 0 blanks and 1 valid
9.3656 	DEBUG 	TextBox2 loaded 1 chars with 0 blanks and 1 valid
9.3798 	DEBUG 	TextBox2 loaded 1 chars with 0 blanks and 1 valid
9.3945 	DEBUG 	TextBox2 loaded 1 chars with 0 blanks and 1 valid
9.4086 	DEBUG 	TextBox2 loaded 1 chars with 0 blanks and 1 valid
9.4219 	DEBUG 	TextBox2 loaded 1 chars with 0 blanks and 1 valid
9.4355 	DEBUG 	TextBox2 loaded 1 chars with 0 blanks and 1 valid
9.4492 	DEBUG 	TextBox2 loaded 1 chars with 0 blanks and 1 valid
9.4630 	DEBUG 	TextBox2 loaded 1 chars with 0 blanks and 1 valid
9.4773 	DEBUG 	TextBox2 loaded 1 chars with 0 blanks and 1 valid
9.4912 	DEBUG 	TextBox2 loaded 1 chars with 0 blanks and 1 valid
9.5042 	DEBUG 	TextBox2 loaded 1 chars with 0 blanks and 1 valid
9.5178 	DEBUG 	TextBox2 loaded 1 chars with 0 blanks and 1 valid
9.5317 	DEBUG 	TextBox2 loaded 1 chars with 0 blanks and 1 valid
9.5457 	DEBUG 	TextBox2 loaded 1 chars with 0 blanks and 1 valid
9.5597 	DEBUG 	TextBox2 loaded 1 chars with 0 blanks and 1 valid
9.5736 	DEBUG 	TextBox2 loaded 1 chars with 0 blanks and 1 valid
9.5869 	DEBUG 	TextBox2 loaded 1 chars with 0 blanks and 1 valid
9.6007 	DEBUG 	TextBox2 loaded 1 chars with 0 blanks and 1 valid
9.6145 	DEBUG 	TextBox2 loaded 1 chars with 0 blanks and 1 valid
9.6288 	DEBUG 	TextBox2 loaded 1 chars with 0 blanks and 1 valid
9.6424 	DEBUG 	TextBox2 loaded 1 chars with 0 blanks and 1 valid
9.6428 	DEBUG 	Uploading Texture Font fontname to graphics card
9.6535 	DEBUG 	Upload of Texture Font fontname complete
9.6864 	DEBUG 	TextBox2 loaded 1 chars with 0 blanks and 1 valid
9.7004 	DEBUG 	TextBox2 loaded 1 chars with 0 blanks and 1 valid
9.7007 	DEBUG 	Uploading Texture Font fontname to graphics card
9.7128 	DEBUG 	Upload of Texture Font fontname complete
9.8585 	INFO 	keyboard.Keyboard is using ptb backend.
9.8586 	EXP 	untitled_FINAL_NEWEST: status = STARTED
10.0174 	EXP 	Created text_instr = TextStim(__class__=<class 'psychopy.visual.text.TextStim'>, alignHoriz=method-wrapper(...), alignText='center', alignVert=method-wrapper(...), anchorHoriz='center', anchorVert='center', antialias=True, autoDraw=False, autoLog=True, bold=False, color=array([-1., -1., -1.]), colorSpace='rgb', contrast=1.0, depth=-2.0, draggable=False, flipHoriz=False, flipVert=False, font='Arial', fontFiles=[], height=np.float64(0.03), italic=False, languageStyle='LTR', name='text_instr', opacity=1, ori=0.0, pos=array([0., 0.]), rgb=UNKNOWN, text=str(...), units='height', win=Window(...), wrapWidth=1.5)
10.0433 	EXP 	Created suwak_info = TextStim(__class__=<class 'psychopy.visual.text.TextStim'>, alignHoriz=method-wrapper(...), alignText='center', alignVert=method-wrapper(...), anchorHoriz='center', anchorVert='center', antialias=True, autoDraw=False, autoLog=True, bold=False, color=array([-1., -1., -1.]), colorSpace='rgb', contrast=1.0, depth=-1.0, draggable=False, flipHoriz=False, flipVert=False, font='Arial', fontFiles=[], height=np.float64(0.03), italic=False, languageStyle='LTR', name='suwak_info', opacity=1, ori=0.0, pos=array([0., 0.]), rgb=UNKNOWN, text=str(...), units='height', win=Window(...), wrapWidth=1.3)
10.0720 	EXP 	Created proba_testowa = TextStim(__class__=<class 'psychopy.visual.text.TextStim'>, alignHoriz=method-wrapper(...), alignText='center', alignVert=method-wrapper(...), anchorHoriz='center', anchorVert='center', antialias=True, autoDraw=False, autoLog=True, bold=False, color=array([-1., -1., -1.]), colorSpace='rgb', contrast=1.0, depth=-2.0, draggable=False, flipHoriz=False, flipVert=False, font='Arial', fontFiles=[], height=np.float64(0.04), italic=False, languageStyle='LTR', name='proba_testowa', opacity=1, ori=0.0, pos=array([0., 0.]), rgb=UNKNOWN, text=str(...), units='height', win=Window(...), wrapWidth=1.4)
10.0739 	EXP 	Created pilot_label_text = TextStim(__class__=<class 'psychopy.visual.text.TextStim'>, alignHoriz=method-wrapper(...), alignText='center', alignVert=method-wrapper(...), anchorHoriz='center', anchorVert='center', antialias=True, autoDraw=False, autoLog=True, bold=False, color=array([-1., -1., -1.]), colorSpace='rgb', contrast=1.0, depth=-1.0, draggable=False, flipHoriz=False, flipVert=False, font='Arial', fontFiles=[], height=0.05, italic=False, languageStyle='LTR', name='pilot_label_text', opacity=1, ori=0.0, pos=array([0., 0.]), rgb=UNKNOWN, text='', units='height', win=Window(...), wrapWidth=1.3)
10.0798 	EXP 	Created pilot_fiksacja1 = TextStim(__class__=<class 'psychopy.visual.text.TextStim'>, alignHoriz=method-wrapper(...), alignText='center', alignVert=method-wrapper(...), anchorHoriz='center', anchorVert='center', antialias=True, autoDraw=False, autoLog=True, bold=False, color=array([-1., -1., -1.]), colorSpace='rgb', contrast=1.0, depth=-2.0, draggable=False, flipHoriz=False, flipVert=False, font='Arial', fontFiles=[], height=np.float64(0.1), italic=False, languageStyle='LTR', name='pilot_fiksacja1', opacity=1, ori=0.0, pos=array([0., 0.]), rgb=UNKNOWN, text='+', units='height', win=Window(...), wrapWidth=1)
10.1134 	EXP 	Created pilot_suwak = Slider(__class__=<class 'psychopy.visual.slider.Slider'>, autoDraw=False, autoLog=True, borderColor=None, color=None, colorSpace='rgb', depth=-3, fillColor=None, flip=False, font='Noto Sans', granularity=0.0, labelColor=None, labelHeight=np.float64(0.05), labelWrapWidth=None, labels=None, lineColor=None, markerColor=None, name='pilot_suwak', opacity=None, ori=0.0, pos=array([ 0. , -0.5]), readOnly=False, self=UNKNOWN, size=array([1. , 0.1]), startValue=0, style='slider', styleTweaks=[], ticks=ndarray(...), units='norm', win=Window(...))
10.1155 	EXP 	Created pilot_fiksacja2 = TextStim(__class__=<class 'psychopy.visual.text.TextStim'>, alignHoriz=method-wrapper(...), alignText='center', alignVert=method-wrapper(...), anchorHoriz='center', anchorVert='center', antialias=True, autoDraw=False, autoLog=True, bold=False, color=array([-1., -1., -1.]), colorSpace='rgb', contrast=1.0, depth=-4.0, draggable=False, flipHoriz=False, flipVert=False, font='Arial', fontFiles=[], height=np.float64(0.1), italic=False, languageStyle='LTR', name='pilot_fiksacja2', opacity=1, ori=0.0, pos=array([0., 0.]), rgb=UNKNOWN, text='+', units='height', win=Window(...), wrapWidth=1)
10.1291 	EXP 	Created pilot_pytanie = TextStim(__class__=<class 'psychopy.visual.text.TextStim'>, alignHoriz=method-wrapper(...), alignText='center', alignVert=method-wrapper(...), anchorHoriz='center', anchorVert='center', antialias=True, autoDraw=False, autoLog=True, bold=False, color=array([-1., -1., -1.]), colorSpace='rgb', contrast=1.0, depth=-5.0, draggable=False, flipHoriz=False, flipVert=False, font='Arial', fontFiles=[], height=np.float64(0.1), italic=False, languageStyle='LTR', name='pilot_pytanie', opacity=1, ori=0.0, pos=array([0., 0.]), rgb=UNKNOWN, text='Jaką emocję wyrażała ta twarz?', units='norm', win=Window(...), wrapWidth=1)
10.1301 	EXP 	Created pilot_lewa_etykieta = TextStim(__class__=<class 'psychopy.visual.text.TextStim'>, alignHoriz=method-wrapper(...), alignText='center', alignVert=method-wrapper(...), anchorHoriz='center', anchorVert='center', antialias=True, autoDraw=False, autoLog=True, bold=False, color=array([-1., -1., -1.]), colorSpace='rgb', contrast=1.0, depth=-6.0, draggable=False, flipHoriz=False, flipVert=False, font='Arial', fontFiles=[], height=0.085, italic=False, languageStyle='LTR', name='pilot_lewa_etykieta', opacity=1, ori=0.0, pos=array([-0.6, -0.5]), rgb=UNKNOWN, text='', units='norm', win=Window(...), wrapWidth=1)
10.1306 	EXP 	Created pilot_prawa_etykieta = TextStim(__class__=<class 'psychopy.visual.text.TextStim'>, alignHoriz=method-wrapper(...), alignText='center', alignVert=method-wrapper(...), anchorHoriz='center', anchorVert='center', antialias=True, autoDraw=False, autoLog=True, bold=False, color=array([-1., -1., -1.]), colorSpace='rgb', contrast=1.0, depth=-7.0, draggable=False, flipHoriz=False, flipVert=False, font='Arial', fontFiles=[], height=0.085, italic=False, languageStyle='LTR', name='pilot_prawa_etykieta', opacity=1, ori=0.0, pos=array([ 0.6, -0.5]), rgb=UNKNOWN, text='', units='norm', win=Window(...), wrapWidth=1)
10.2725 	EXP 	Created pilot_stim_image = ImageStim(__class__=<class 'psychopy.visual.image.ImageStim'>, anchor=('center', 'center'), autoLog=True, color=array([1., 1., 1.]), colorSpace='rgb', contrast=1.0, depth=-8.0, draggable=False, flipHoriz=np.False_, flipVert=np.False_, image='C:/Users/julia/OneDrive/Obrazy/IMG_2397.JPEG', interpolate=True, mask=None, maskParams=None, name='pilot_stim_image', opacity=1, ori=0.0, pos=array([0., 0.]), size=array([0.75, 0.75]), texRes=128.0, units='height', win=Window(...))
10.2970 	EXP 	Created start_badania = TextStim(__class__=<class 'psychopy.visual.text.TextStim'>, alignHoriz=method-wrapper(...), alignText='center', alignVert=method-wrapper(...), anchorHoriz='center', anchorVert='center', antialias=True, autoDraw=False, autoLog=True, bold=False, color=array([-1., -1., -1.]), colorSpace='rgb', contrast=1.0, depth=-2.0, draggable=False, flipHoriz=False, flipVert=False, font='Arial', fontFiles=[], height=np.float64(0.1), italic=False, languageStyle='LTR', name='start_badania', opacity=1, ori=0.0, pos=array([0., 0.]), rgb=UNKNOWN, text=str(...), units='norm', win=Window(...), wrapWidth=1.4)
10.3015 	EXP 	Created przerwa_text = TextStim(__class__=<class 'psychopy.visual.text.TextStim'>, alignHoriz=method-wrapper(...), alignText='center', alignVert=method-wrapper(...), anchorHoriz='center', anchorVert='center', antialias=True, autoDraw=False, autoLog=True, bold=False, color=array([-1., -1., -1.]), colorSpace='rgb', contrast=1.0, depth=0.0, draggable=False, flipHoriz=False, flipVert=False, font='Arial', fontFiles=[], height=np.float64(0.1), italic=False, languageStyle='LTR', name='przerwa_text', opacity=1, ori=0.0, pos=array([0., 0.]), rgb=UNKNOWN, text=str(...), units='norm', win=Window(...), wrapWidth=1)
10.3020 	EXP 	Created label_text = TextStim(__class__=<class 'psychopy.visual.text.TextStim'>, alignHoriz=method-wrapper(...), alignText='center', alignVert=method-wrapper(...), anchorHoriz='center', anchorVert='center', antialias=True, autoDraw=False, autoLog=True, bold=False, color=array([-1., -1., -1.]), colorSpace='rgb', contrast=1.0, depth=-2.0, draggable=False, flipHoriz=False, flipVert=False, font='Arial', fontFiles=[], height=0.05, italic=False, languageStyle='LTR', name='label_text', opacity=1, ori=0.0, pos=array([0., 0.]), rgb=UNKNOWN, text='', units='height', win=Window(...), wrapWidth=1.3)
10.3081 	EXP 	Created stim_image = ImageStim(__class__=<class 'psychopy.visual.image.ImageStim'>, anchor=('center', 'center'), autoLog=True, color=array([1., 1., 1.]), colorSpace='rgb', contrast=1.0, depth=-3.0, draggable=False, flipHoriz=np.False_, flipVert=np.False_, image='default.png', interpolate=True, mask=None, maskParams=None, name='stim_image', opacity=1, ori=0.0, pos=array([0., 0.]), size=array([0.75, 0.75]), texRes=128.0, units='height', win=Window(...))
10.3175 	EXP 	Created suwak_badanie = Slider(__class__=<class 'psychopy.visual.slider.Slider'>, autoDraw=False, autoLog=True, borderColor=None, color=None, colorSpace='rgb', depth=-4, fillColor=None, flip=False, font='Noto Sans', granularity=0.0, labelColor=None, labelHeight=np.float64(0.05), labelWrapWidth=None, labels=None, lineColor=None, markerColor=None, name='suwak_badanie', opacity=None, ori=0.0, pos=array([ 0. , -0.5]), readOnly=False, self=UNKNOWN, size=array([1. , 0.1]), startValue=0, style='slider', styleTweaks=[], ticks=ndarray(...), units='norm', win=Window(...))
10.3181 	EXP 	Created lewa_etykieta = TextStim(__class__=<class 'psychopy.visual.text.TextStim'>, alignHoriz=method-wrapper(...), alignText='center', alignVert=method-wrapper(...), anchorHoriz='center', anchorVert='center', antialias=True, autoDraw=False, autoLog=True, bold=False, color=array([-1., -1., -1.]), colorSpace='rgb', contrast=1.0, depth=-5.0, draggable=False, flipHoriz=False, flipVert=False, font='Arial', fontFiles=[], height=0.085, italic=False, languageStyle='LTR', name='lewa_etykieta', opacity=1, ori=0.0, pos=array([-0.65, -0.5 ]), rgb=UNKNOWN, text='', units='norm', win=Window(...), wrapWidth=1)
10.3186 	EXP 	Created prawa_etykieta = TextStim(__class__=<class 'psychopy.visual.text.TextStim'>, alignHoriz=method-wrapper(...), alignText='center', alignVert=method-wrapper(...), anchorHoriz='center', anchorVert='center', antialias=True, autoDraw=False, autoLog=True, bold=False, color=array([-1., -1., -1.]), colorSpace='rgb', contrast=1.0, depth=-6.0, draggable=False, flipHoriz=False, flipVert=False, font='Arial', fontFiles=[], height=0.085, italic=False, languageStyle='LTR', name='prawa_etykieta', opacity=1, ori=0.0, pos=array([ 0.65, -0.5 ]), rgb=UNKNOWN, text='', units='norm', win=Window(...), wrapWidth=1)
10.3208 	EXP 	Created fiksacja1 = TextStim(__class__=<class 'psychopy.visual.text.TextStim'>, alignHoriz=method-wrapper(...), alignText='center', alignVert=method-wrapper(...), anchorHoriz='center', anchorVert='center', antialias=True, autoDraw=False, autoLog=True, bold=False, color=array([-1., -1., -1.]), colorSpace='rgb', contrast=1.0, depth=-7.0, draggable=False, flipHoriz=False, flipVert=False, font='Arial', fontFiles=[], height=np.float64(0.1), italic=False, languageStyle='LTR', name='fiksacja1', opacity=1, ori=0.0, pos=array([0., 0.]), rgb=UNKNOWN, text='+', units='height', win=Window(...), wrapWidth=1)
10.3227 	EXP 	Created fiksacja2 = TextStim(__class__=<class 'psychopy.visual.text.TextStim'>, alignHoriz=method-wrapper(...), alignText='center', alignVert=method-wrapper(...), anchorHoriz='center', anchorVert='center', antialias=True, autoDraw=False, autoLog=True, bold=False, color=array([-1., -1., -1.]), colorSpace='rgb', contrast=1.0, depth=-8.0, draggable=False, flipHoriz=False, flipVert=False, font='Arial', fontFiles=[], height=np.float64(0.1), italic=False, languageStyle='LTR', name='fiksacja2', opacity=1, ori=0.0, pos=array([0., 0.]), rgb=UNKNOWN, text='+', units='height', win=Window(...), wrapWidth=1)
10.3256 	EXP 	Created pytanie = TextStim(__class__=<class 'psychopy.visual.text.TextStim'>, alignHoriz=method-wrapper(...), alignText='center', alignVert=method-wrapper(...), anchorHoriz='center', anchorVert='center', antialias=True, autoDraw=False, autoLog=True, bold=False, color=array([-1., -1., -1.]), colorSpace='rgb', contrast=1.0, depth=-9.0, draggable=False, flipHoriz=False, flipVert=False, font='Arial', fontFiles=[], height=np.float64(0.1), italic=False, languageStyle='LTR', name='pytanie', opacity=1, ori=0.0, pos=array([0., 0.]), rgb=UNKNOWN, text='Jaką emocję wyrażała ta twarz?', units='norm', win=Window(...), wrapWidth=1)
10.3357 	EXP 	Created podziekowania_text = TextStim(__class__=<class 'psychopy.visual.text.TextStim'>, alignHoriz=method-wrapper(...), alignText='center', alignVert=method-wrapper(...), anchorHoriz='center', anchorVert='center', antialias=True, autoDraw=False, autoLog=True, bold=False, color=array([1., 1., 1.]), colorSpace='rgb', contrast=1.0, depth=0.0, draggable=False, flipHoriz=False, flipVert=False, font='Arial', fontFiles=[], height=np.float64(0.05), italic=False, languageStyle='LTR', name='podziekowania_text', opacity=1, ori=0.0, pos=array([0., 0.]), rgb=UNKNOWN, text=str(...), units='height', win=Window(...), wrapWidth=1)
0.0346 	EXP 	pilot_suwak: autoLog = True
0.0346 	EXP 	pilot_suwak: styleTweaks = []
0.0346 	EXP 	pilot_suwak: styleTweaks = []
0.0346 	EXP 	pilot_suwak: styleTweaks = []
0.0346 	EXP 	pilot_suwak: styleTweaks = []
0.0346 	EXP 	pilot_suwak: contrast = 1.0
0.0346 	EXP 	pilot_suwak: markerPos = 0
0.0346 	EXP 	pilot_suwak: autoLog = True
0.0346 	EXP 	suwak_badanie: autoLog = True
0.0346 	EXP 	suwak_badanie: styleTweaks = []
0.0346 	EXP 	suwak_badanie: styleTweaks = []
0.0346 	EXP 	suwak_badanie: styleTweaks = []
0.0346 	EXP 	suwak_badanie: styleTweaks = []
0.0346 	EXP 	suwak_badanie: contrast = 1.0
0.0346 	EXP 	suwak_badanie: markerPos = 0
0.0346 	EXP 	suwak_badanie: autoLog = True
0.0599 	INFO 	Keyboard events cleared
0.0599 	EXP 	text_instr: autoDraw = True
1.7478 	EXP 	Device response: <KeyPress from None: t=1.7303125000325963, value=space, duration=None>
1.7508 	DATA 	Keypress: space
1.7658 	INFO 	Keyboard events cleared
1.7657 	EXP 	text_instr: autoDraw = False
1.7657 	EXP 	suwak_info: autoDraw = True
1.8679 	EXP 	Device response: <KeyPress from None: t=1.7303125000325963, value=space, duration=0.12503370002377778>
2.1204 	EXP 	Device response: <KeyPress from None: t=2.105740800034255, value=space, duration=None>
2.1257 	DATA 	Keypress: space
2.1322 	INFO 	Keyboard events cleared
2.1321 	EXP 	suwak_info: autoDraw = False
2.1321 	EXP 	proba_testowa: autoDraw = True
2.2203 	EXP 	Device response: <KeyPress from None: t=2.105740800034255, value=space, duration=0.099768599960953>
2.4695 	EXP 	Device response: <KeyPress from None: t=2.456179599976167, value=space, duration=None>
2.5046 	DATA 	Keypress: space
2.5139 	EXP 	proba_testowa: autoDraw = False
2.5139 	EXP 	pilot_label_text: height = np.float64(0.05)
2.5139 	EXP 	pilot_label_text: height = np.float64(0.05)
2.5139 	EXP 	pilot_label_text: height = np.float64(0.05)
2.5139 	EXP 	pilot_label_text: height = np.float64(0.05)
2.5139 	EXP 	pilot_label_text: height = np.float64(0.05)
2.5139 	EXP 	pilot_label_text: height = np.float64(0.05)
2.5139 	EXP 	pilot_label_text: text = 'Model AI wykrył w tej twarzy 80% smutku.\n\n'
2.5139 	EXP 	pilot_suwak: markerPos = None
2.5139 	EXP 	pilot_suwak: markerPos = 0
2.5139 	EXP 	pilot_lewa_etykieta: height = np.float64(0.085)
2.5139 	EXP 	pilot_lewa_etykieta: height = np.float64(0.085)
2.5139 	EXP 	pilot_lewa_etykieta: height = np.float64(0.085)
2.5139 	EXP 	pilot_lewa_etykieta: text = 'radość'
2.5139 	EXP 	pilot_prawa_etykieta: height = np.float64(0.085)
2.5139 	EXP 	pilot_prawa_etykieta: height = np.float64(0.085)
2.5139 	EXP 	pilot_prawa_etykieta: height = np.float64(0.085)
2.5139 	EXP 	pilot_prawa_etykieta: text = 'smutek'
2.5139 	EXP 	pilot_fiksacja1: autoDraw = True
2.5693 	EXP 	Device response: <KeyPress from None: t=2.456179599976167, value=space, duration=0.10011140001006424>
2.8687 	EXP 	Device response: <KeyPress from None: t=2.8661351000191644, value=space, duration=None>
2.8698 	DATA 	Keypress: space
2.9647 	EXP 	Device response: <KeyPress from None: t=2.8661351000191644, value=space, duration=0.09103270003106445>
3.0289 	EXP 	pilot_fiksacja1: autoDraw = False
3.1797 	EXP 	pilot_label_text: autoDraw = True
6.1878 	EXP 	pilot_label_text: autoDraw = False
6.3708 	EXP 	pilot_fiksacja2: autoDraw = True
6.6908 	EXP 	Device response: <KeyPress from None: t=6.680001700064167, value=escape, duration=None>
6.6922 	DATA 	Keypress: escape
6.8384 	EXP 	Device response: <KeyPress from None: t=6.680001700064167, value=escape, duration=0.14513680001255125>
6.8385 	EXP 	untitled_FINAL_NEWEST: status = STOPPED
6.8518 	EXP 	pilot_fiksacja2: autoDraw = False
6.8548 	EXP 	untitled_FINAL_NEWEST: status = STOPPED
6.8605 	INFO 	saved data to 'C:\\Users\\julia\\OneDrive\\Pulpit\\percepcja_psychopy\\data\\pilot_untitled_FINAL_NEWEST_2026-04-25_19h16.26.463.csv'
6.8617 	INFO 	saved data to C:\Users\julia\OneDrive\Pulpit\percepcja_psychopy\data\pilot_untitled_FINAL_NEWEST_2026-04-25_19h16.26.463.psydat
7.3364 	DEBUG 	Saving data for untitled_FINAL_NEWEST ExperimentHandler
7.3401 	WARNING 	Stopping key buffers but this could be dangerous ifother keyboards rely on the same.
