7.4205 	DEBUG 	Fullscreen settings ignored as running in pilot mode.
7.4214 	INFO 	Loaded monitor calibration from ['2026_03_18 20:30']
7.8968 	INFO 	Using renderer 'Intel(R) UHD Graphics' for graphics
7.8969 	INFO 	OpenGL version supported by driver is 4..
9.0253 	EXP 	Created window1 = Window(allowGUI=False, allowStencil=False, autoLog=True, backendConf=UNKNOWN, backgroundFit=<method-wrapper '__getattribute__' of attributeSetter object at 0x0000024480063BB0>, backgroundImage=<method-wrapper '__getattribute__' of attributeSetter object at 0x0000024480063C10>, bitsMode=UNKNOWN, blendMode='avg', bpc=(8, 8, 8), color=array([-1., -1., -1.]), colorSpace='rgb', depthBits=8, fullscr=False, gamma=None, gammaErrorPolicy='raise', infoMsg=UNKNOWN, lms=UNKNOWN, monitor=<psychopy.monitors.calibTools.Monitor object at 0x00000244F49E6A10>, multiSample=False, name='window1', numSamples=2, pos=[np.float64(560.0), np.float64(240.0)], screen=0, size=array([800, 600]), stencilBits=0, stereo=False, title='PsychoPy', units='height', useFBO=True, useRetina=False, viewOri=0.0, viewPos=None, viewScale=None, waitBlanking=True, winType='pyglet')
9.0254 	EXP 	window1: backgroundImage = ''
9.0254 	EXP 	window1: backgroundFit = 'none'
9.0618 	DEBUG 	TextBox2 loaded 1 chars with 0 blanks and 1 valid
9.0758 	DEBUG 	TextBox2 loaded 1 chars with 0 blanks and 1 valid
9.0889 	DEBUG 	TextBox2 loaded 1 chars with 0 blanks and 1 valid
9.1031 	DEBUG 	TextBox2 loaded 1 chars with 0 blanks and 1 valid
9.1170 	DEBUG 	TextBox2 loaded 1 chars with 0 blanks and 1 valid
9.1307 	DEBUG 	TextBox2 loaded 1 chars with 0 blanks and 1 valid
9.1445 	DEBUG 	TextBox2 loaded 1 chars with 0 blanks and 1 valid
9.1578 	DEBUG 	TextBox2 loaded 1 chars with 0 blanks and 1 valid
9.1712 	DEBUG 	TextBox2 loaded 1 chars with 0 blanks and 1 valid
9.1849 	DEBUG 	TextBox2 loaded 1 chars with 0 blanks and 1 valid
9.1987 	DEBUG 	TextBox2 loaded 1 chars with 0 blanks and 1 valid
9.2126 	DEBUG 	TextBox2 loaded 1 chars with 0 blanks and 1 valid
9.2265 	DEBUG 	TextBox2 loaded 1 chars with 0 blanks and 1 valid
9.2399 	DEBUG 	TextBox2 loaded 1 chars with 0 blanks and 1 valid
9.2539 	DEBUG 	TextBox2 loaded 1 chars with 0 blanks and 1 valid
9.2679 	DEBUG 	TextBox2 loaded 1 chars with 0 blanks and 1 valid
9.2821 	DEBUG 	TextBox2 loaded 1 chars with 0 blanks and 1 valid
9.2957 	DEBUG 	TextBox2 loaded 1 chars with 0 blanks and 1 valid
9.3094 	DEBUG 	TextBox2 loaded 1 chars with 0 blanks and 1 valid
9.3226 	DEBUG 	TextBox2 loaded 1 chars with 0 blanks and 1 valid
9.3377 	DEBUG 	TextBox2 loaded 1 chars with 0 blanks and 1 valid
9.3382 	DEBUG 	Uploading Texture Font fontname to graphics card
9.3504 	DEBUG 	Upload of Texture Font fontname complete
9.3844 	DEBUG 	TextBox2 loaded 1 chars with 0 blanks and 1 valid
9.3990 	DEBUG 	TextBox2 loaded 1 chars with 0 blanks and 1 valid
9.4136 	DEBUG 	TextBox2 loaded 1 chars with 0 blanks and 1 valid
9.4140 	DEBUG 	Uploading Texture Font fontname to graphics card
9.4273 	DEBUG 	Upload of Texture Font fontname complete
9.4302 	EXP 	window1: Attempting to measure frame rate of screen (0) ...
9.4303 	EXP 	window1: recordFrameIntervals = False
9.6272 	EXP 	window1: recordFrameIntervals = True
11.2891 	EXP 	window1: recordFrameIntervals = False
11.2892 	EXP 	Screen (0) actual frame rate measured at 60.21Hz
11.3244 	DEBUG 	TextBox2 loaded 1 chars with 0 blanks and 1 valid
11.3389 	DEBUG 	TextBox2 loaded 1 chars with 0 blanks and 1 valid
11.3520 	DEBUG 	TextBox2 loaded 1 chars with 0 blanks and 1 valid
11.3666 	DEBUG 	TextBox2 loaded 1 chars with 0 blanks and 1 valid
11.3807 	DEBUG 	TextBox2 loaded 1 chars with 0 blanks and 1 valid
11.3951 	DEBUG 	TextBox2 loaded 1 chars with 0 blanks and 1 valid
11.4092 	DEBUG 	TextBox2 loaded 1 chars with 0 blanks and 1 valid
11.4234 	DEBUG 	TextBox2 loaded 1 chars with 0 blanks and 1 valid
11.4378 	DEBUG 	TextBox2 loaded 1 chars with 0 blanks and 1 valid
11.4514 	DEBUG 	TextBox2 loaded 1 chars with 0 blanks and 1 valid
11.4522 	DEBUG 	Uploading Texture Font fontname to graphics card
11.4530 	DEBUG 	Upload of Texture Font fontname complete
11.6256 	INFO 	keyboard.Keyboard is using ptb backend.
11.6257 	EXP 	untitled_FINAL_NEWEST: status = STARTED
11.7831 	EXP 	Created text_instr = TextStim(__class__=<class 'psychopy.visual.text.TextStim'>, alignHoriz=method-wrapper(...), alignText='center', alignVert=method-wrapper(...), anchorHoriz='center', anchorVert='center', antialias=True, autoDraw=False, autoLog=True, bold=False, color=array([1., 1., 1.]), colorSpace='rgb', contrast=1.0, depth=0.0, draggable=False, flipHoriz=False, flipVert=False, font='Arial', fontFiles=[], height=np.float64(0.04), italic=False, languageStyle='LTR', name='text_instr', opacity=1, ori=0.0, pos=array([0., 0.]), rgb=UNKNOWN, text=str(...), units='height', win=Window(...), wrapWidth=1)
11.7852 	EXP 	Created label_text = TextStim(__class__=<class 'psychopy.visual.text.TextStim'>, alignHoriz=method-wrapper(...), alignText='center', alignVert=method-wrapper(...), anchorHoriz='center', anchorVert='center', antialias=True, autoDraw=False, autoLog=True, bold=False, color=array([1., 1., 1.]), colorSpace='rgb', contrast=1.0, depth=-2.0, draggable=False, flipHoriz=False, flipVert=False, font='Arial', fontFiles=[], height=0.05, italic=False, languageStyle='LTR', name='label_text', opacity=1, ori=0.0, pos=array([0., 0.]), rgb=UNKNOWN, text='', units='height', win=Window(...), wrapWidth=1)
11.8285 	EXP 	Created stim_image = ImageStim(__class__=<class 'psychopy.visual.image.ImageStim'>, anchor=('center', 'center'), autoLog=True, color=array([1., 1., 1.]), colorSpace='rgb', contrast=1.0, depth=-3.0, draggable=False, flipHoriz=np.False_, flipVert=np.False_, image='default.png', interpolate=True, mask=None, maskParams=None, name='stim_image', opacity=1, ori=0.0, pos=array([0., 0.]), size=array([0.75, 0.75]), texRes=128.0, units='height', win=Window(...))
11.8615 	EXP 	Created suwak_badanie = Slider(__class__=<class 'psychopy.visual.slider.Slider'>, autoDraw=False, autoLog=True, borderColor=None, color=None, colorSpace='rgb', depth=-4, fillColor=None, flip=False, font='Noto Sans', granularity=0.0, labelColor=None, labelHeight=np.float64(0.05), labelWrapWidth=None, labels=None, lineColor=None, markerColor=None, name='suwak_badanie', opacity=None, ori=0.0, pos=array([ 0. , -0.5]), readOnly=False, self=UNKNOWN, size=array([1. , 0.1]), startValue=0, style='slider', styleTweaks=[], ticks=ndarray(...), units='norm', win=Window(...))
11.8622 	EXP 	Created lewa_etykieta = TextStim(__class__=<class 'psychopy.visual.text.TextStim'>, alignHoriz=method-wrapper(...), alignText='center', alignVert=method-wrapper(...), anchorHoriz='center', anchorVert='center', antialias=True, autoDraw=False, autoLog=True, bold=False, color=array([1., 1., 1.]), colorSpace='rgb', contrast=1.0, depth=-5.0, draggable=False, flipHoriz=False, flipVert=False, font='Arial', fontFiles=[], height=0.05, italic=False, languageStyle='LTR', name='lewa_etykieta', opacity=1, ori=0.0, pos=array([-0.55, -0.05]), rgb=UNKNOWN, text='', units='height', win=Window(...), wrapWidth=1)
11.8628 	EXP 	Created prawa_etykieta = TextStim(__class__=<class 'psychopy.visual.text.TextStim'>, alignHoriz=method-wrapper(...), alignText='center', alignVert=method-wrapper(...), anchorHoriz='center', anchorVert='center', antialias=True, autoDraw=False, autoLog=True, bold=False, color=array([1., 1., 1.]), colorSpace='rgb', contrast=1.0, depth=-6.0, draggable=False, flipHoriz=False, flipVert=False, font='Arial', fontFiles=[], height=0.05, italic=False, languageStyle='LTR', name='prawa_etykieta', opacity=1, ori=0.0, pos=array([ 0.55, -0.05]), rgb=UNKNOWN, text='', units='height', win=Window(...), wrapWidth=1)
11.8680 	EXP 	Created fiksacja1 = TextStim(__class__=<class 'psychopy.visual.text.TextStim'>, alignHoriz=method-wrapper(...), alignText='center', alignVert=method-wrapper(...), anchorHoriz='center', anchorVert='center', antialias=True, autoDraw=False, autoLog=True, bold=False, color=array([1., 1., 1.]), colorSpace='rgb', contrast=1.0, depth=-7.0, draggable=False, flipHoriz=False, flipVert=False, font='Arial', fontFiles=[], height=np.float64(0.1), italic=False, languageStyle='LTR', name='fiksacja1', opacity=1, ori=0.0, pos=array([0., 0.]), rgb=UNKNOWN, text='+', units='height', win=Window(...), wrapWidth=1)
11.8735 	EXP 	Created fiksacja2 = TextStim(__class__=<class 'psychopy.visual.text.TextStim'>, alignHoriz=method-wrapper(...), alignText='center', alignVert=method-wrapper(...), anchorHoriz='center', anchorVert='center', antialias=True, autoDraw=False, autoLog=True, bold=False, color=array([1., 1., 1.]), colorSpace='rgb', contrast=1.0, depth=-8.0, draggable=False, flipHoriz=False, flipVert=False, font='Arial', fontFiles=[], height=np.float64(0.1), italic=False, languageStyle='LTR', name='fiksacja2', opacity=1, ori=0.0, pos=array([0., 0.]), rgb=UNKNOWN, text='+', units='height', win=Window(...), wrapWidth=1)
11.8867 	EXP 	Created pytanie = TextStim(__class__=<class 'psychopy.visual.text.TextStim'>, alignHoriz=method-wrapper(...), alignText='center', alignVert=method-wrapper(...), anchorHoriz='center', anchorVert='center', antialias=True, autoDraw=False, autoLog=True, bold=False, color=array([1., 1., 1.]), colorSpace='rgb', contrast=1.0, depth=-9.0, draggable=False, flipHoriz=False, flipVert=False, font='Arial', fontFiles=[], height=np.float64(0.04), italic=False, languageStyle='LTR', name='pytanie', opacity=1, ori=0.0, pos=array([0.  , 0.25]), rgb=UNKNOWN, text='Jaką emocję przedstawiała twarz?', units='height', win=Window(...), wrapWidth=1)
0.0171 	EXP 	suwak_badanie: autoLog = True
0.0171 	EXP 	suwak_badanie: styleTweaks = []
0.0171 	EXP 	suwak_badanie: styleTweaks = []
0.0171 	EXP 	suwak_badanie: styleTweaks = []
0.0171 	EXP 	suwak_badanie: styleTweaks = []
0.0171 	EXP 	suwak_badanie: contrast = 1.0
0.0171 	EXP 	suwak_badanie: markerPos = 0
0.0171 	EXP 	suwak_badanie: autoLog = True
0.0342 	INFO 	Keyboard events cleared
0.0341 	EXP 	text_instr: autoDraw = True
1.0474 	EXP 	text_instr: autoDraw = False
5.9535 	EXP 	Device response: <KeyPress from None: t=5.937141100002918, value=space, duration=None>
5.9755 	DEBUG 	Read excel file with openpyxl: conditions.xlsx
5.9793 	EXP 	Imported conditions.xlsx as conditions, 32 conditions, 9 params
5.9806 	EXP 	New trial (rep=0, index=0): <Trial 0 (0 in rep 0) data={'image_path': 'C:\\Users\\julia\\OneDrive\\Pulpit\\percepcja_psychopy\\photos\\Twarze 50,50\\SZ 50,50\\1K SZ 5050.png', 'etykieta': 'Model sztucznej inteligencji wykrył w tej twarzy 72% strachu .', 'left_label': 'strach', 'right_label': 'złość', 'show_label': 1, 'proporcja_zdjecia': '50/50', 'typ_etykiety': 'Procentowa AI', 'warunek': 'n/d', 'kierunek': 'Sugestia Lewo strach', 'thisN': 0, 'thisTrialN': 0, 'thisRepN': 0}>
6.0574 	DATA 	Keypress: space
6.0664 	EXP 	text_instr: autoDraw = False
6.0664 	EXP 	label_text: height = np.float64(0.05)
6.0664 	EXP 	label_text: height = np.float64(0.05)
6.0664 	EXP 	label_text: height = np.float64(0.05)
6.0664 	EXP 	label_text: text = 'Model sztucznej inteligencji wykrył w tej twarzy 72% strachu .'
6.0664 	EXP 	stim_image: image = 'C:\\Users\\julia\\OneDrive\\Pulpit\\percepcja_psychopy\\photos\\Twarze 50,50\\SZ 50,50\\1K SZ 5050.png'
6.0664 	EXP 	suwak_badanie: markerPos = None
6.0664 	EXP 	suwak_badanie: markerPos = 0
6.0664 	EXP 	lewa_etykieta: height = np.float64(0.05)
6.0664 	EXP 	lewa_etykieta: height = np.float64(0.05)
6.0664 	EXP 	lewa_etykieta: height = np.float64(0.05)
6.0664 	EXP 	lewa_etykieta: text = 'strach'
6.0664 	EXP 	prawa_etykieta: height = np.float64(0.05)
6.0664 	EXP 	prawa_etykieta: height = np.float64(0.05)
6.0664 	EXP 	prawa_etykieta: height = np.float64(0.05)
6.0664 	EXP 	prawa_etykieta: text = 'złość'
6.0664 	EXP 	fiksacja1: autoDraw = True
6.0687 	EXP 	Device response: <KeyPress from None: t=5.937141100002918, value=space, duration=0.12907249998534098>
7.0647 	EXP 	label_text: autoDraw = True
7.0811 	EXP 	fiksacja1: autoDraw = False
8.7326 	EXP 	Device response: <KeyPress from None: t=8.719637100002728, value=escape, duration=None>
8.7337 	DATA 	Keypress: escape
8.8983 	EXP 	Device response: <KeyPress from None: t=8.719637100002728, value=escape, duration=0.1654959000297822>
8.8984 	EXP 	untitled_FINAL_NEWEST: status = STOPPED
8.9103 	EXP 	label_text: autoDraw = False
8.9150 	EXP 	untitled_FINAL_NEWEST: status = STOPPED
8.9213 	INFO 	saved data to 'C:\\Users\\julia\\OneDrive\\Pulpit\\percepcja_psychopy\\data\\pilot_untitled_FINAL_NEWEST_2026-04-24_17h07.08.526.csv'
8.9254 	INFO 	saved data to C:\Users\julia\OneDrive\Pulpit\percepcja_psychopy\data\pilot_untitled_FINAL_NEWEST_2026-04-24_17h07.08.526.psydat
9.4871 	DEBUG 	Saving data for untitled_FINAL_NEWEST ExperimentHandler
9.5321 	WARNING 	Stopping key buffers but this could be dangerous ifother keyboards rely on the same.
