8.1308 	DEBUG 	Fullscreen settings ignored as running in pilot mode.
8.1317 	INFO 	Loaded monitor calibration from ['2026_03_18 20:30']
8.9530 	INFO 	Using renderer 'Intel(R) UHD Graphics' for graphics
8.9531 	INFO 	OpenGL version supported by driver is 4..
10.0088 	EXP 	Created window1 = Window(allowGUI=False, allowStencil=True, autoLog=True, backendConf=UNKNOWN, backgroundFit=<method-wrapper '__getattribute__' of attributeSetter object at 0x0000023D141224D0>, backgroundImage=<method-wrapper '__getattribute__' of attributeSetter object at 0x0000023D14122530>, bitsMode=UNKNOWN, blendMode='avg', bpc=(8, 8, 8), color=array([0.6549, 0.6549, 0.6549]), colorSpace='rgb', depthBits=8, fullscr=False, gamma=None, gammaErrorPolicy='raise', infoMsg=UNKNOWN, lms=UNKNOWN, monitor=<psychopy.monitors.calibTools.Monitor object at 0x0000023D18422170>, multiSample=False, name='window1', numSamples=2, pos=[np.float64(560.0), np.float64(240.0)], screen=0, size=array([800, 600]), stencilBits=8, stereo=False, title='PsychoPy', units='height', useFBO=True, useRetina=False, viewOri=0.0, viewPos=None, viewScale=None, waitBlanking=True, winType='pyglet')
10.0089 	EXP 	window1: backgroundImage = ''
10.0089 	EXP 	window1: backgroundFit = 'none'
10.0525 	DEBUG 	TextBox2 loaded 1 chars with 0 blanks and 1 valid
10.0679 	DEBUG 	TextBox2 loaded 1 chars with 0 blanks and 1 valid
10.0820 	DEBUG 	TextBox2 loaded 1 chars with 0 blanks and 1 valid
10.0967 	DEBUG 	TextBox2 loaded 1 chars with 0 blanks and 1 valid
10.1128 	DEBUG 	TextBox2 loaded 1 chars with 0 blanks and 1 valid
10.1282 	DEBUG 	TextBox2 loaded 1 chars with 0 blanks and 1 valid
10.1435 	DEBUG 	TextBox2 loaded 1 chars with 0 blanks and 1 valid
10.1607 	DEBUG 	TextBox2 loaded 1 chars with 0 blanks and 1 valid
10.1778 	DEBUG 	TextBox2 loaded 1 chars with 0 blanks and 1 valid
10.1950 	DEBUG 	TextBox2 loaded 1 chars with 0 blanks and 1 valid
10.2125 	DEBUG 	TextBox2 loaded 1 chars with 0 blanks and 1 valid
10.2281 	DEBUG 	TextBox2 loaded 1 chars with 0 blanks and 1 valid
10.2433 	DEBUG 	TextBox2 loaded 1 chars with 0 blanks and 1 valid
10.2590 	DEBUG 	TextBox2 loaded 1 chars with 0 blanks and 1 valid
10.2752 	DEBUG 	TextBox2 loaded 1 chars with 0 blanks and 1 valid
10.2909 	DEBUG 	TextBox2 loaded 1 chars with 0 blanks and 1 valid
10.3074 	DEBUG 	TextBox2 loaded 1 chars with 0 blanks and 1 valid
10.3229 	DEBUG 	TextBox2 loaded 1 chars with 0 blanks and 1 valid
10.3400 	DEBUG 	TextBox2 loaded 1 chars with 0 blanks and 1 valid
10.3542 	DEBUG 	TextBox2 loaded 1 chars with 0 blanks and 1 valid
10.3698 	DEBUG 	TextBox2 loaded 1 chars with 0 blanks and 1 valid
10.3860 	DEBUG 	TextBox2 loaded 1 chars with 0 blanks and 1 valid
10.4015 	DEBUG 	TextBox2 loaded 1 chars with 0 blanks and 1 valid
10.4172 	DEBUG 	TextBox2 loaded 1 chars with 0 blanks and 1 valid
10.4322 	DEBUG 	TextBox2 loaded 1 chars with 0 blanks and 1 valid
10.4483 	DEBUG 	TextBox2 loaded 1 chars with 0 blanks and 1 valid
10.4646 	DEBUG 	TextBox2 loaded 1 chars with 0 blanks and 1 valid
10.4790 	DEBUG 	TextBox2 loaded 1 chars with 0 blanks and 1 valid
10.4795 	DEBUG 	Uploading Texture Font fontname to graphics card
10.4893 	DEBUG 	Upload of Texture Font fontname complete
10.5275 	DEBUG 	TextBox2 loaded 1 chars with 0 blanks and 1 valid
10.5428 	DEBUG 	TextBox2 loaded 1 chars with 0 blanks and 1 valid
10.5433 	DEBUG 	Uploading Texture Font fontname to graphics card
10.5554 	DEBUG 	Upload of Texture Font fontname complete
10.8013 	INFO 	keyboard.Keyboard is using ptb backend.
10.8013 	EXP 	untitled_FINAL_NEWEST: status = STARTED
10.8363 	DEBUG 	TextBox2 loaded 1 chars with 0 blanks and 1 valid
10.8370 	DEBUG 	TextBox2 loaded 1 chars with 0 blanks and 1 valid
10.8376 	DEBUG 	TextBox2 loaded 1 chars with 0 blanks and 1 valid
10.8383 	DEBUG 	TextBox2 loaded 1 chars with 0 blanks and 1 valid
10.8391 	DEBUG 	TextBox2 loaded 1 chars with 0 blanks and 1 valid
10.8397 	DEBUG 	TextBox2 loaded 1 chars with 0 blanks and 1 valid
10.8402 	DEBUG 	TextBox2 loaded 1 chars with 0 blanks and 1 valid
10.8407 	DEBUG 	TextBox2 loaded 1 chars with 0 blanks and 1 valid
10.8413 	DEBUG 	TextBox2 loaded 1 chars with 0 blanks and 1 valid
10.8419 	DEBUG 	TextBox2 loaded 1 chars with 0 blanks and 1 valid
10.8425 	DEBUG 	TextBox2 loaded 1 chars with 0 blanks and 1 valid
10.8431 	DEBUG 	TextBox2 loaded 1 chars with 0 blanks and 1 valid
10.8437 	DEBUG 	TextBox2 loaded 1 chars with 0 blanks and 1 valid
10.8443 	DEBUG 	TextBox2 loaded 1 chars with 0 blanks and 1 valid
10.8450 	DEBUG 	TextBox2 loaded 1 chars with 0 blanks and 1 valid
10.8460 	DEBUG 	TextBox2 loaded 1 chars with 0 blanks and 1 valid
10.8472 	DEBUG 	TextBox2 loaded 1 chars with 0 blanks and 1 valid
10.8478 	DEBUG 	TextBox2 loaded 1 chars with 0 blanks and 1 valid
10.8484 	DEBUG 	TextBox2 loaded 1 chars with 0 blanks and 1 valid
10.8491 	DEBUG 	TextBox2 loaded 1 chars with 0 blanks and 1 valid
10.8499 	DEBUG 	TextBox2 loaded 1 chars with 0 blanks and 1 valid
10.8507 	DEBUG 	TextBox2 loaded 1 chars with 0 blanks and 1 valid
10.8517 	DEBUG 	TextBox2 loaded 1 chars with 0 blanks and 1 valid
10.8531 	DEBUG 	TextBox2 loaded 1 chars with 0 blanks and 1 valid
10.8544 	DEBUG 	TextBox2 loaded 1 chars with 0 blanks and 1 valid
10.8552 	DEBUG 	TextBox2 loaded 1 chars with 0 blanks and 1 valid
10.8559 	DEBUG 	TextBox2 loaded 1 chars with 0 blanks and 1 valid
10.8566 	DEBUG 	TextBox2 loaded 1 chars with 0 blanks and 1 valid
10.8574 	DEBUG 	TextBox2 loaded 1 chars with 0 blanks and 1 valid
10.8583 	DEBUG 	TextBox2 loaded 1 chars with 0 blanks and 1 valid
10.8591 	DEBUG 	TextBox2 loaded 1 chars with 0 blanks and 1 valid
10.8598 	DEBUG 	TextBox2 loaded 1 chars with 0 blanks and 1 valid
10.8607 	DEBUG 	TextBox2 loaded 1 chars with 0 blanks and 1 valid
10.8616 	DEBUG 	TextBox2 loaded 1 chars with 0 blanks and 1 valid
10.8626 	DEBUG 	TextBox2 loaded 1 chars with 0 blanks and 1 valid
10.8644 	DEBUG 	TextBox2 loaded 1 chars with 0 blanks and 1 valid
10.8653 	DEBUG 	TextBox2 loaded 1 chars with 0 blanks and 1 valid
10.8661 	DEBUG 	TextBox2 loaded 1 chars with 0 blanks and 1 valid
10.8669 	DEBUG 	TextBox2 loaded 1 chars with 0 blanks and 1 valid
10.8678 	DEBUG 	TextBox2 loaded 1 chars with 0 blanks and 1 valid
10.8686 	DEBUG 	TextBox2 loaded 1 chars with 0 blanks and 1 valid
10.8695 	DEBUG 	TextBox2 loaded 1 chars with 0 blanks and 1 valid
10.8707 	DEBUG 	TextBox2 loaded 1 chars with 0 blanks and 1 valid
10.8719 	DEBUG 	TextBox2 loaded 1 chars with 0 blanks and 1 valid
10.8727 	DEBUG 	TextBox2 loaded 1 chars with 0 blanks and 1 valid
10.8751 	DEBUG 	TextBox2 loaded 1 chars with 0 blanks and 1 valid
10.8774 	DEBUG 	TextBox2 loaded 1 chars with 0 blanks and 1 valid
10.8811 	DEBUG 	TextBox2 loaded 1 chars with 0 blanks and 1 valid
10.8830 	DEBUG 	TextBox2 loaded 1 chars with 0 blanks and 1 valid
10.8864 	DEBUG 	TextBox2 loaded 1 chars with 0 blanks and 1 valid
10.8874 	DEBUG 	TextBox2 loaded 1 chars with 0 blanks and 1 valid
10.8890 	DEBUG 	TextBox2 loaded 1 chars with 0 blanks and 1 valid
10.8905 	DEBUG 	TextBox2 loaded 1 chars with 0 blanks and 1 valid
10.8913 	DEBUG 	TextBox2 loaded 1 chars with 0 blanks and 1 valid
10.8923 	DEBUG 	TextBox2 loaded 1 chars with 0 blanks and 1 valid
10.8930 	DEBUG 	TextBox2 loaded 1 chars with 0 blanks and 1 valid
10.8938 	DEBUG 	Uploading Texture Font fontname to graphics card
10.9002 	DEBUG 	Upload of Texture Font fontname complete
11.0041 	EXP 	Created suwaki_instrukcja = ImageStim(__class__=<class 'psychopy.visual.image.ImageStim'>, anchor=('center', 'center'), autoLog=True, color=array([1., 1., 1.]), colorSpace='rgb', contrast=1.0, depth=-2.0, draggable=False, flipHoriz=np.False_, flipVert=np.False_, image='photos/suwaki_instrukcja.png', interpolate=True, mask=None, maskParams=None, name='suwaki_instrukcja', opacity=1, ori=0.0, pos=array([ 0. , -0.2]), size=array([0.5, 0.7]), texRes=128.0, units='norm', win=Window(...))
11.0299 	DEBUG 	TextBox2 loaded 1 chars with 0 blanks and 1 valid
11.0307 	DEBUG 	TextBox2 loaded 1 chars with 0 blanks and 1 valid
11.0315 	DEBUG 	TextBox2 loaded 1 chars with 0 blanks and 1 valid
11.0327 	DEBUG 	TextBox2 loaded 1 chars with 0 blanks and 1 valid
11.0339 	DEBUG 	TextBox2 loaded 1 chars with 0 blanks and 1 valid
11.0346 	DEBUG 	TextBox2 loaded 1 chars with 0 blanks and 1 valid
11.0353 	DEBUG 	TextBox2 loaded 1 chars with 0 blanks and 1 valid
11.0360 	DEBUG 	TextBox2 loaded 1 chars with 0 blanks and 1 valid
11.0367 	DEBUG 	TextBox2 loaded 1 chars with 0 blanks and 1 valid
11.0376 	DEBUG 	TextBox2 loaded 1 chars with 0 blanks and 1 valid
11.0383 	DEBUG 	TextBox2 loaded 1 chars with 0 blanks and 1 valid
11.0389 	DEBUG 	Uploading Texture Font fontname to graphics card
11.0395 	DEBUG 	Upload of Texture Font fontname complete
11.2032 	EXP 	Created proba_testowa = TextStim(__class__=<class 'psychopy.visual.text.TextStim'>, alignHoriz=method-wrapper(...), alignText='center', alignVert=method-wrapper(...), anchorHoriz='center', anchorVert='center', antialias=True, autoDraw=False, autoLog=True, bold=False, color=array([-1., -1., -1.]), colorSpace='rgb', contrast=1.0, depth=-2.0, draggable=False, flipHoriz=False, flipVert=False, font='Arial', fontFiles=[], height=np.float64(0.04), italic=False, languageStyle='LTR', name='proba_testowa', opacity=1, ori=0.0, pos=array([0., 0.]), rgb=UNKNOWN, text=str(...), units='height', win=Window(...), wrapWidth=1.4)
11.2060 	EXP 	Created pilot_label_text = TextStim(__class__=<class 'psychopy.visual.text.TextStim'>, alignHoriz=method-wrapper(...), alignText='center', alignVert=method-wrapper(...), anchorHoriz='center', anchorVert='center', antialias=True, autoDraw=False, autoLog=True, bold=False, color=array([-1., -1., -1.]), colorSpace='rgb', contrast=1.0, depth=-1.0, draggable=False, flipHoriz=False, flipVert=False, font='Arial', fontFiles=[], height=0.05, italic=False, languageStyle='LTR', name='pilot_label_text', opacity=1, ori=0.0, pos=array([0., 0.]), rgb=UNKNOWN, text='', units='height', win=Window(...), wrapWidth=2.0)
11.2168 	EXP 	Created pilot_fiksacja1 = TextStim(__class__=<class 'psychopy.visual.text.TextStim'>, alignHoriz=method-wrapper(...), alignText='center', alignVert=method-wrapper(...), anchorHoriz='center', anchorVert='center', antialias=True, autoDraw=False, autoLog=True, bold=False, color=array([-1., -1., -1.]), colorSpace='rgb', contrast=1.0, depth=-2.0, draggable=False, flipHoriz=False, flipVert=False, font='Arial', fontFiles=[], height=np.float64(0.12), italic=False, languageStyle='LTR', name='pilot_fiksacja1', opacity=1, ori=0.0, pos=array([0., 0.]), rgb=UNKNOWN, text='+', units='height', win=Window(...), wrapWidth=1)
11.2599 	EXP 	Created pilot_suwak = Slider(__class__=<class 'psychopy.visual.slider.Slider'>, autoDraw=False, autoLog=True, borderColor=None, color=None, colorSpace='rgb', depth=-3, fillColor=None, flip=False, font='Noto Sans', granularity=0.0, labelColor=None, labelHeight=np.float64(0.05), labelWrapWidth=None, labels=None, lineColor=None, markerColor=None, name='pilot_suwak', opacity=None, ori=0.0, pos=array([ 0. , -0.5]), readOnly=False, self=UNKNOWN, size=array([1. , 0.1]), startValue=0, style='slider', styleTweaks=[], ticks=array([-50, -25,   0,  25,  50]), units='norm', win=Window(...))
11.2770 	EXP 	Created pilot_fiksacja2 = TextStim(__class__=<class 'psychopy.visual.text.TextStim'>, alignHoriz=method-wrapper(...), alignText='center', alignVert=method-wrapper(...), anchorHoriz='center', anchorVert='center', antialias=True, autoDraw=False, autoLog=True, bold=False, color=array([-1., -1., -1.]), colorSpace='rgb', contrast=1.0, depth=-4.0, draggable=False, flipHoriz=False, flipVert=False, font='Arial', fontFiles=[], height=np.float64(0.1), italic=False, languageStyle='LTR', name='pilot_fiksacja2', opacity=1, ori=0.0, pos=array([0., 0.]), rgb=UNKNOWN, text='+', units='height', win=Window(...), wrapWidth=1)
11.3045 	EXP 	Created pilot_pytanie = TextStim(__class__=<class 'psychopy.visual.text.TextStim'>, alignHoriz=method-wrapper(...), alignText='center', alignVert=method-wrapper(...), anchorHoriz='center', anchorVert='center', antialias=True, autoDraw=False, autoLog=True, bold=False, color=array([-1., -1., -1.]), colorSpace='rgb', contrast=1.0, depth=-5.0, draggable=False, flipHoriz=False, flipVert=False, font='Arial', fontFiles=[], height=np.float64(0.1), italic=False, languageStyle='LTR', name='pilot_pytanie', opacity=1, ori=0.0, pos=array([0., 0.]), rgb=UNKNOWN, text='Jaką emocję wyrażała ta twarz?', units='norm', win=Window(...), wrapWidth=1)
11.3066 	EXP 	Created pilot_lewa_etykieta = TextStim(__class__=<class 'psychopy.visual.text.TextStim'>, alignHoriz=method-wrapper(...), alignText='center', alignVert=method-wrapper(...), anchorHoriz='center', anchorVert='center', antialias=True, autoDraw=False, autoLog=True, bold=False, color=array([-1., -1., -1.]), colorSpace='rgb', contrast=1.0, depth=-6.0, draggable=False, flipHoriz=False, flipVert=False, font='Arial', fontFiles=[], height=0.085, italic=False, languageStyle='LTR', name='pilot_lewa_etykieta', opacity=1, ori=0.0, pos=array([-0.6, -0.5]), rgb=UNKNOWN, text='', units='norm', win=Window(...), wrapWidth=1)
11.3096 	EXP 	Created pilot_prawa_etykieta = TextStim(__class__=<class 'psychopy.visual.text.TextStim'>, alignHoriz=method-wrapper(...), alignText='center', alignVert=method-wrapper(...), anchorHoriz='center', anchorVert='center', antialias=True, autoDraw=False, autoLog=True, bold=False, color=array([-1., -1., -1.]), colorSpace='rgb', contrast=1.0, depth=-7.0, draggable=False, flipHoriz=False, flipVert=False, font='Arial', fontFiles=[], height=0.085, italic=False, languageStyle='LTR', name='pilot_prawa_etykieta', opacity=1, ori=0.0, pos=array([ 0.6, -0.5]), rgb=UNKNOWN, text='', units='norm', win=Window(...), wrapWidth=1)
11.3492 	EXP 	Created pilot_stim_image = ImageStim(__class__=<class 'psychopy.visual.image.ImageStim'>, anchor=('center', 'center'), autoLog=True, color=array([1., 1., 1.]), colorSpace='rgb', contrast=1.0, depth=-8.0, draggable=False, flipHoriz=np.False_, flipVert=np.False_, image='photos/twarz_testowa.jpg', interpolate=True, mask=None, maskParams=None, name='pilot_stim_image', opacity=1, ori=0.0, pos=array([0., 0.]), size=array([0.75, 0.75]), texRes=128.0, units='height', win=Window(...))
11.3956 	EXP 	Created start_badania = TextStim(__class__=<class 'psychopy.visual.text.TextStim'>, alignHoriz=method-wrapper(...), alignText='center', alignVert=method-wrapper(...), anchorHoriz='center', anchorVert='center', antialias=True, autoDraw=False, autoLog=True, bold=False, color=array([-1., -1., -1.]), colorSpace='rgb', contrast=1.0, depth=-2.0, draggable=False, flipHoriz=False, flipVert=False, font='Arial', fontFiles=[], height=np.float64(0.1), italic=False, languageStyle='LTR', name='start_badania', opacity=1, ori=0.0, pos=array([0., 0.]), rgb=UNKNOWN, text=str(...), units='norm', win=Window(...), wrapWidth=1.4)
11.4038 	EXP 	Created przerwa_text = TextStim(__class__=<class 'psychopy.visual.text.TextStim'>, alignHoriz=method-wrapper(...), alignText='center', alignVert=method-wrapper(...), anchorHoriz='center', anchorVert='center', antialias=True, autoDraw=False, autoLog=True, bold=False, color=array([-1., -1., -1.]), colorSpace='rgb', contrast=1.0, depth=0.0, draggable=False, flipHoriz=False, flipVert=False, font='Arial', fontFiles=[], height=np.float64(0.1), italic=False, languageStyle='LTR', name='przerwa_text', opacity=1, ori=0.0, pos=array([0., 0.]), rgb=UNKNOWN, text=str(...), units='norm', win=Window(...), wrapWidth=1)
11.4047 	EXP 	Created label_text = TextStim(__class__=<class 'psychopy.visual.text.TextStim'>, alignHoriz=method-wrapper(...), alignText='center', alignVert=method-wrapper(...), anchorHoriz='center', anchorVert='center', antialias=True, autoDraw=False, autoLog=True, bold=False, color=array([-1., -1., -1.]), colorSpace='rgb', contrast=1.0, depth=-2.0, draggable=False, flipHoriz=False, flipVert=False, font='Arial', fontFiles=[], height=0.05, italic=False, languageStyle='LTR', name='label_text', opacity=1, ori=0.0, pos=array([0., 0.]), rgb=UNKNOWN, text='', units='height', win=Window(...), wrapWidth=1.3)
11.4118 	EXP 	Created stim_image = ImageStim(__class__=<class 'psychopy.visual.image.ImageStim'>, anchor=('center', 'center'), autoLog=True, color=array([1., 1., 1.]), colorSpace='rgb', contrast=1.0, depth=-3.0, draggable=False, flipHoriz=np.False_, flipVert=np.False_, image='default.png', interpolate=True, mask=None, maskParams=None, name='stim_image', opacity=1, ori=0.0, pos=array([0., 0.]), size=array([0.75, 0.75]), texRes=128.0, units='height', win=Window(...))
11.4284 	EXP 	Created suwak_badanie = Slider(__class__=<class 'psychopy.visual.slider.Slider'>, autoDraw=False, autoLog=True, borderColor=None, color=None, colorSpace='rgb', depth=-4, fillColor=None, flip=False, font='Noto Sans', granularity=0.0, labelColor=None, labelHeight=np.float64(0.05), labelWrapWidth=None, labels=None, lineColor=None, markerColor=None, name='suwak_badanie', opacity=None, ori=0.0, pos=array([ 0. , -0.5]), readOnly=False, self=UNKNOWN, size=array([1. , 0.1]), startValue=0, style='slider', styleTweaks=[], ticks=array([-50, -25,   0,  25,  50]), units='norm', win=Window(...))
11.4301 	EXP 	Created lewa_etykieta = TextStim(__class__=<class 'psychopy.visual.text.TextStim'>, alignHoriz=method-wrapper(...), alignText='center', alignVert=method-wrapper(...), anchorHoriz='center', anchorVert='center', antialias=True, autoDraw=False, autoLog=True, bold=False, color=array([-1., -1., -1.]), colorSpace='rgb', contrast=1.0, depth=-5.0, draggable=False, flipHoriz=False, flipVert=False, font='Arial', fontFiles=[], height=0.085, italic=False, languageStyle='LTR', name='lewa_etykieta', opacity=1, ori=0.0, pos=array([-0.65, -0.5 ]), rgb=UNKNOWN, text='', units='norm', win=Window(...), wrapWidth=1)
11.4314 	EXP 	Created prawa_etykieta = TextStim(__class__=<class 'psychopy.visual.text.TextStim'>, alignHoriz=method-wrapper(...), alignText='center', alignVert=method-wrapper(...), anchorHoriz='center', anchorVert='center', antialias=True, autoDraw=False, autoLog=True, bold=False, color=array([-1., -1., -1.]), colorSpace='rgb', contrast=1.0, depth=-6.0, draggable=False, flipHoriz=False, flipVert=False, font='Arial', fontFiles=[], height=0.085, italic=False, languageStyle='LTR', name='prawa_etykieta', opacity=1, ori=0.0, pos=array([ 0.65, -0.5 ]), rgb=UNKNOWN, text='', units='norm', win=Window(...), wrapWidth=1)
11.4384 	EXP 	Created fiksacja2 = TextStim(__class__=<class 'psychopy.visual.text.TextStim'>, alignHoriz=method-wrapper(...), alignText='center', alignVert=method-wrapper(...), anchorHoriz='center', anchorVert='center', antialias=True, autoDraw=False, autoLog=True, bold=False, color=array([-1., -1., -1.]), colorSpace='rgb', contrast=1.0, depth=-7.0, draggable=False, flipHoriz=False, flipVert=False, font='Arial', fontFiles=[], height=np.float64(0.12), italic=False, languageStyle='LTR', name='fiksacja2', opacity=1, ori=0.0, pos=array([0., 0.]), rgb=UNKNOWN, text='+', units='height', win=Window(...), wrapWidth=1)
11.4534 	EXP 	Created pytanie = TextStim(__class__=<class 'psychopy.visual.text.TextStim'>, alignHoriz=method-wrapper(...), alignText='center', alignVert=method-wrapper(...), anchorHoriz='center', anchorVert='center', antialias=True, autoDraw=False, autoLog=True, bold=False, color=array([-1., -1., -1.]), colorSpace='rgb', contrast=1.0, depth=-8.0, draggable=False, flipHoriz=False, flipVert=False, font='Arial', fontFiles=[], height=np.float64(0.1), italic=False, languageStyle='LTR', name='pytanie', opacity=1, ori=0.0, pos=array([0., 0.]), rgb=UNKNOWN, text='Jaką emocję wyrażała ta twarz?', units='norm', win=Window(...), wrapWidth=1)
11.4563 	EXP 	Created text = TextStim(__class__=<class 'psychopy.visual.text.TextStim'>, alignHoriz=method-wrapper(...), alignText='center', alignVert=method-wrapper(...), anchorHoriz='center', anchorVert='center', antialias=True, autoDraw=False, autoLog=True, bold=False, color=array([1., 1., 1.]), colorSpace='rgb', contrast=1.0, depth=-1.0, draggable=False, flipHoriz=False, flipVert=False, font='Arial', fontFiles=[], height=np.float64(0.05), italic=False, languageStyle='LTR', name='text', opacity=1, ori=0.0, pos=array([0., 0.]), rgb=UNKNOWN, text='', units='height', win=Window(...), wrapWidth=1)
11.4828 	EXP 	Created podziekowania_text = TextStim(__class__=<class 'psychopy.visual.text.TextStim'>, alignHoriz=method-wrapper(...), alignText='center', alignVert=method-wrapper(...), anchorHoriz='center', anchorVert='center', antialias=True, autoDraw=False, autoLog=True, bold=False, color=array([1., 1., 1.]), colorSpace='rgb', contrast=1.0, depth=0.0, draggable=False, flipHoriz=False, flipVert=False, font='Arial', fontFiles=[], height=np.float64(0.05), italic=False, languageStyle='LTR', name='podziekowania_text', opacity=1, ori=0.0, pos=array([0., 0.]), rgb=UNKNOWN, text=str(...), units='height', win=Window(...), wrapWidth=1)
0.0662 	EXP 	textbox_2: autoLog = True
0.0662 	EXP 	textbox_3: autoLog = True
0.0662 	EXP 	pilot_suwak: autoLog = True
0.0662 	EXP 	pilot_suwak: styleTweaks = []
0.0662 	EXP 	pilot_suwak: styleTweaks = []
0.0662 	EXP 	pilot_suwak: styleTweaks = []
0.0662 	EXP 	pilot_suwak: styleTweaks = []
0.0662 	EXP 	pilot_suwak: contrast = 1.0
0.0662 	EXP 	pilot_suwak: markerPos = 0
0.0662 	EXP 	pilot_suwak: autoLog = True
0.0662 	EXP 	suwak_badanie: autoLog = True
0.0662 	EXP 	suwak_badanie: styleTweaks = []
0.0662 	EXP 	suwak_badanie: styleTweaks = []
0.0662 	EXP 	suwak_badanie: styleTweaks = []
0.0662 	EXP 	suwak_badanie: styleTweaks = []
0.0662 	EXP 	suwak_badanie: contrast = 1.0
0.0662 	EXP 	suwak_badanie: markerPos = 0
0.0662 	EXP 	suwak_badanie: autoLog = True
0.1057 	INFO 	Keyboard events cleared
0.1056 	EXP 	textbox_2: autoDraw = True
0.4781 	EXP 	Device response: <KeyPress from None: t=0.45367740001529455, value=space, duration=None>
0.5072 	DATA 	Keypress: space
0.5490 	INFO 	Keyboard events cleared
0.5489 	EXP 	textbox_2: autoDraw = False
0.5489 	EXP 	suwaki_instrukcja: autoDraw = True
0.5489 	EXP 	textbox_3: autoDraw = True
0.6710 	EXP 	Device response: <KeyPress from None: t=0.45367740001529455, value=space, duration=0.1441496000625193>
9.9067 	EXP 	Device response: <KeyPress from None: t=9.893844300066121, value=escape, duration=None>
9.9088 	DATA 	Keypress: escape
10.0553 	EXP 	Device response: <KeyPress from None: t=9.893844300066121, value=escape, duration=0.14907189994119108>
10.0554 	EXP 	untitled_FINAL_NEWEST: status = STOPPED
10.0695 	EXP 	suwaki_instrukcja: autoDraw = False
10.0695 	EXP 	textbox_3: autoDraw = False
10.0717 	EXP 	untitled_FINAL_NEWEST: status = STOPPED
10.0763 	INFO 	saved data to 'C:\\Users\\julia\\OneDrive\\Pulpit\\percepcja_psychopy\\data\\pilot_untitled_FINAL_NEWEST_2026-04-27_17h21.49.503.csv'
10.0776 	INFO 	saved data to C:\Users\julia\OneDrive\Pulpit\percepcja_psychopy\data\pilot_untitled_FINAL_NEWEST_2026-04-27_17h21.49.503.psydat
10.5817 	DEBUG 	Saving data for untitled_FINAL_NEWEST ExperimentHandler
10.6229 	WARNING 	Stopping key buffers but this could be dangerous ifother keyboards rely on the same.
