8.3641 	DEBUG 	Fullscreen settings ignored as running in pilot mode.
8.3653 	INFO 	Loaded monitor calibration from ['2026_03_18 20:30']
8.8543 	INFO 	Using renderer 'Intel(R) UHD Graphics' for graphics
8.8543 	INFO 	OpenGL version supported by driver is 4..
9.9047 	EXP 	Created window1 = Window(allowGUI=False, allowStencil=False, autoLog=True, backendConf=UNKNOWN, backgroundFit=<method-wrapper '__getattribute__' of attributeSetter object at 0x0000018E860E4E80>, backgroundImage=<method-wrapper '__getattribute__' of attributeSetter object at 0x0000018E860E4E20>, bitsMode=UNKNOWN, blendMode='avg', bpc=(8, 8, 8), color=array([-1., -1., -1.]), colorSpace='rgb', depthBits=8, fullscr=False, gamma=None, gammaErrorPolicy='raise', infoMsg=UNKNOWN, lms=UNKNOWN, monitor=<psychopy.monitors.calibTools.Monitor object at 0x0000018E88A42680>, multiSample=False, name='window1', numSamples=2, pos=[np.float64(560.0), np.float64(240.0)], screen=0, size=array([800, 600]), stencilBits=0, stereo=False, title='PsychoPy', units='height', useFBO=True, useRetina=False, viewOri=0.0, viewPos=None, viewScale=None, waitBlanking=True, winType='pyglet')
9.9049 	EXP 	window1: backgroundImage = ''
9.9049 	EXP 	window1: backgroundFit = 'none'
9.9547 	DEBUG 	TextBox2 loaded 1 chars with 0 blanks and 1 valid
9.9706 	DEBUG 	TextBox2 loaded 1 chars with 0 blanks and 1 valid
9.9858 	DEBUG 	TextBox2 loaded 1 chars with 0 blanks and 1 valid
10.0003 	DEBUG 	TextBox2 loaded 1 chars with 0 blanks and 1 valid
10.0191 	DEBUG 	TextBox2 loaded 1 chars with 0 blanks and 1 valid
10.0397 	DEBUG 	TextBox2 loaded 1 chars with 0 blanks and 1 valid
10.0582 	DEBUG 	TextBox2 loaded 1 chars with 0 blanks and 1 valid
10.0732 	DEBUG 	TextBox2 loaded 1 chars with 0 blanks and 1 valid
10.0883 	DEBUG 	TextBox2 loaded 1 chars with 0 blanks and 1 valid
10.1047 	DEBUG 	TextBox2 loaded 1 chars with 0 blanks and 1 valid
10.1196 	DEBUG 	TextBox2 loaded 1 chars with 0 blanks and 1 valid
10.1343 	DEBUG 	TextBox2 loaded 1 chars with 0 blanks and 1 valid
10.1481 	DEBUG 	TextBox2 loaded 1 chars with 0 blanks and 1 valid
10.1641 	DEBUG 	TextBox2 loaded 1 chars with 0 blanks and 1 valid
10.1811 	DEBUG 	TextBox2 loaded 1 chars with 0 blanks and 1 valid
10.1965 	DEBUG 	TextBox2 loaded 1 chars with 0 blanks and 1 valid
10.2146 	DEBUG 	TextBox2 loaded 1 chars with 0 blanks and 1 valid
10.2305 	DEBUG 	TextBox2 loaded 1 chars with 0 blanks and 1 valid
10.2453 	DEBUG 	TextBox2 loaded 1 chars with 0 blanks and 1 valid
10.2594 	DEBUG 	TextBox2 loaded 1 chars with 0 blanks and 1 valid
10.2728 	DEBUG 	TextBox2 loaded 1 chars with 0 blanks and 1 valid
10.2740 	DEBUG 	Uploading Texture Font fontname to graphics card
10.2855 	DEBUG 	Upload of Texture Font fontname complete
10.3220 	DEBUG 	TextBox2 loaded 1 chars with 0 blanks and 1 valid
10.3353 	DEBUG 	TextBox2 loaded 1 chars with 0 blanks and 1 valid
10.3495 	DEBUG 	TextBox2 loaded 1 chars with 0 blanks and 1 valid
10.3498 	DEBUG 	Uploading Texture Font fontname to graphics card
10.3659 	DEBUG 	Upload of Texture Font fontname complete
10.3694 	EXP 	window1: Attempting to measure frame rate of screen (0) ...
10.3694 	EXP 	window1: recordFrameIntervals = False
10.5562 	EXP 	window1: recordFrameIntervals = True
12.2186 	EXP 	window1: recordFrameIntervals = False
12.2187 	EXP 	Screen (0) actual frame rate measured at 60.02Hz
12.2534 	DEBUG 	TextBox2 loaded 1 chars with 0 blanks and 1 valid
12.2672 	DEBUG 	TextBox2 loaded 1 chars with 0 blanks and 1 valid
12.2806 	DEBUG 	TextBox2 loaded 1 chars with 0 blanks and 1 valid
12.2947 	DEBUG 	TextBox2 loaded 1 chars with 0 blanks and 1 valid
12.3091 	DEBUG 	TextBox2 loaded 1 chars with 0 blanks and 1 valid
12.3236 	DEBUG 	TextBox2 loaded 1 chars with 0 blanks and 1 valid
12.3372 	DEBUG 	TextBox2 loaded 1 chars with 0 blanks and 1 valid
12.3512 	DEBUG 	TextBox2 loaded 1 chars with 0 blanks and 1 valid
12.3653 	DEBUG 	TextBox2 loaded 1 chars with 0 blanks and 1 valid
12.3786 	DEBUG 	TextBox2 loaded 1 chars with 0 blanks and 1 valid
12.3789 	DEBUG 	Uploading Texture Font fontname to graphics card
12.3795 	DEBUG 	Upload of Texture Font fontname complete
12.5614 	INFO 	keyboard.Keyboard is using ptb backend.
12.5614 	EXP 	untitled_FINAL_NEWEST: status = STARTED
12.7544 	EXP 	Created text_instr = TextStim(__class__=<class 'psychopy.visual.text.TextStim'>, alignHoriz=method-wrapper(...), alignText='center', alignVert=method-wrapper(...), anchorHoriz='center', anchorVert='center', antialias=True, autoDraw=False, autoLog=True, bold=False, color=array([1., 1., 1.]), colorSpace='rgb', contrast=1.0, depth=-1.0, draggable=False, flipHoriz=False, flipVert=False, font='Arial', fontFiles=[], height=np.float64(0.01), italic=False, languageStyle='LTR', name='text_instr', opacity=1, ori=0.0, pos=array([0., 0.]), rgb=UNKNOWN, text=str(...), units='height', win=Window(...), wrapWidth=1)
12.7935 	EXP 	Created suwak_info = TextStim(__class__=<class 'psychopy.visual.text.TextStim'>, alignHoriz=method-wrapper(...), alignText='center', alignVert=method-wrapper(...), anchorHoriz='center', anchorVert='center', antialias=True, autoDraw=False, autoLog=True, bold=False, color=array([1., 1., 1.]), colorSpace='rgb', contrast=1.0, depth=0.0, draggable=False, flipHoriz=False, flipVert=False, font='Arial', fontFiles=[], height=np.float64(0.05), italic=False, languageStyle='LTR', name='suwak_info', opacity=1, ori=0.0, pos=array([0., 0.]), rgb=UNKNOWN, text=str(...), units='height', win=Window(...), wrapWidth=1)
12.8166 	EXP 	Created proba_testowa = TextStim(__class__=<class 'psychopy.visual.text.TextStim'>, alignHoriz=method-wrapper(...), alignText='center', alignVert=method-wrapper(...), anchorHoriz='center', anchorVert='center', antialias=True, autoDraw=False, autoLog=True, bold=False, color=array([1., 1., 1.]), colorSpace='rgb', contrast=1.0, depth=-1.0, draggable=False, flipHoriz=False, flipVert=False, font='Arial', fontFiles=[], height=np.float64(0.05), italic=False, languageStyle='LTR', name='proba_testowa', opacity=1, ori=0.0, pos=array([0., 0.]), rgb=UNKNOWN, text=str(...), units='height', win=Window(...), wrapWidth=1)
12.8309 	EXP 	Created start_badania = TextStim(__class__=<class 'psychopy.visual.text.TextStim'>, alignHoriz=method-wrapper(...), alignText='center', alignVert=method-wrapper(...), anchorHoriz='center', anchorVert='center', antialias=True, autoDraw=False, autoLog=True, bold=False, color=array([1., 1., 1.]), colorSpace='rgb', contrast=1.0, depth=-1.0, draggable=False, flipHoriz=False, flipVert=False, font='Arial', fontFiles=[], height=np.float64(0.05), italic=False, languageStyle='LTR', name='start_badania', opacity=1, ori=0.0, pos=array([0., 0.]), rgb=UNKNOWN, text=str(...), units='height', win=Window(...), wrapWidth=1)
12.8316 	EXP 	Created label_text = TextStim(__class__=<class 'psychopy.visual.text.TextStim'>, alignHoriz=method-wrapper(...), alignText='center', alignVert=method-wrapper(...), anchorHoriz='center', anchorVert='center', antialias=True, autoDraw=False, autoLog=True, bold=False, color=array([1., 1., 1.]), colorSpace='rgb', contrast=1.0, depth=-2.0, draggable=False, flipHoriz=False, flipVert=False, font='Arial', fontFiles=[], height=0.05, italic=False, languageStyle='LTR', name='label_text', opacity=1, ori=0.0, pos=array([0., 0.]), rgb=UNKNOWN, text='', units='height', win=Window(...), wrapWidth=1)
12.8773 	EXP 	Created stim_image = ImageStim(__class__=<class 'psychopy.visual.image.ImageStim'>, anchor=('center', 'center'), autoLog=True, color=array([1., 1., 1.]), colorSpace='rgb', contrast=1.0, depth=-3.0, draggable=False, flipHoriz=np.False_, flipVert=np.False_, image='default.png', interpolate=True, mask=None, maskParams=None, name='stim_image', opacity=1, ori=0.0, pos=array([0., 0.]), size=array([0.75, 0.75]), texRes=128.0, units='height', win=Window(...))
12.9072 	EXP 	Created suwak_badanie = Slider(__class__=<class 'psychopy.visual.slider.Slider'>, autoDraw=False, autoLog=True, borderColor=None, color=None, colorSpace='rgb', depth=-4, fillColor=None, flip=False, font='Noto Sans', granularity=0.0, labelColor=None, labelHeight=np.float64(0.05), labelWrapWidth=None, labels=None, lineColor=None, markerColor=None, name='suwak_badanie', opacity=None, ori=0.0, pos=array([ 0. , -0.5]), readOnly=False, self=UNKNOWN, size=array([1. , 0.1]), startValue=0, style='slider', styleTweaks=[], ticks=ndarray(...), units='norm', win=Window(...))
12.9080 	EXP 	Created lewa_etykieta = TextStim(__class__=<class 'psychopy.visual.text.TextStim'>, alignHoriz=method-wrapper(...), alignText='center', alignVert=method-wrapper(...), anchorHoriz='center', anchorVert='center', antialias=True, autoDraw=False, autoLog=True, bold=False, color=array([1., 1., 1.]), colorSpace='rgb', contrast=1.0, depth=-5.0, draggable=False, flipHoriz=False, flipVert=False, font='Arial', fontFiles=[], height=0.05, italic=False, languageStyle='LTR', name='lewa_etykieta', opacity=1, ori=0.0, pos=array([-0.55, -0.05]), rgb=UNKNOWN, text='', units='height', win=Window(...), wrapWidth=1)
12.9086 	EXP 	Created prawa_etykieta = TextStim(__class__=<class 'psychopy.visual.text.TextStim'>, alignHoriz=method-wrapper(...), alignText='center', alignVert=method-wrapper(...), anchorHoriz='center', anchorVert='center', antialias=True, autoDraw=False, autoLog=True, bold=False, color=array([1., 1., 1.]), colorSpace='rgb', contrast=1.0, depth=-6.0, draggable=False, flipHoriz=False, flipVert=False, font='Arial', fontFiles=[], height=0.05, italic=False, languageStyle='LTR', name='prawa_etykieta', opacity=1, ori=0.0, pos=array([ 0.55, -0.05]), rgb=UNKNOWN, text='', units='height', win=Window(...), wrapWidth=1)
12.9174 	EXP 	Created fiksacja1 = TextStim(__class__=<class 'psychopy.visual.text.TextStim'>, alignHoriz=method-wrapper(...), alignText='center', alignVert=method-wrapper(...), anchorHoriz='center', anchorVert='center', antialias=True, autoDraw=False, autoLog=True, bold=False, color=array([1., 1., 1.]), colorSpace='rgb', contrast=1.0, depth=-7.0, draggable=False, flipHoriz=False, flipVert=False, font='Arial', fontFiles=[], height=np.float64(0.1), italic=False, languageStyle='LTR', name='fiksacja1', opacity=1, ori=0.0, pos=array([0., 0.]), rgb=UNKNOWN, text='+', units='height', win=Window(...), wrapWidth=1)
12.9193 	EXP 	Created fiksacja2 = TextStim(__class__=<class 'psychopy.visual.text.TextStim'>, alignHoriz=method-wrapper(...), alignText='center', alignVert=method-wrapper(...), anchorHoriz='center', anchorVert='center', antialias=True, autoDraw=False, autoLog=True, bold=False, color=array([1., 1., 1.]), colorSpace='rgb', contrast=1.0, depth=-8.0, draggable=False, flipHoriz=False, flipVert=False, font='Arial', fontFiles=[], height=np.float64(0.1), italic=False, languageStyle='LTR', name='fiksacja2', opacity=1, ori=0.0, pos=array([0., 0.]), rgb=UNKNOWN, text='+', units='height', win=Window(...), wrapWidth=1)
12.9356 	EXP 	Created pytanie = TextStim(__class__=<class 'psychopy.visual.text.TextStim'>, alignHoriz=method-wrapper(...), alignText='center', alignVert=method-wrapper(...), anchorHoriz='center', anchorVert='center', antialias=True, autoDraw=False, autoLog=True, bold=False, color=array([1., 1., 1.]), colorSpace='rgb', contrast=1.0, depth=-9.0, draggable=False, flipHoriz=False, flipVert=False, font='Arial', fontFiles=[], height=np.float64(0.04), italic=False, languageStyle='LTR', name='pytanie', opacity=1, ori=0.0, pos=array([0.  , 0.25]), rgb=UNKNOWN, text='Jaką emocję przedstawiała twarz?', units='height', win=Window(...), wrapWidth=1)
0.0124 	EXP 	suwak_badanie: autoLog = True
0.0124 	EXP 	suwak_badanie: styleTweaks = []
0.0124 	EXP 	suwak_badanie: styleTweaks = []
0.0124 	EXP 	suwak_badanie: styleTweaks = []
0.0124 	EXP 	suwak_badanie: styleTweaks = []
0.0124 	EXP 	suwak_badanie: contrast = 1.0
0.0124 	EXP 	suwak_badanie: markerPos = 0
0.0124 	EXP 	suwak_badanie: autoLog = True
0.0299 	INFO 	Keyboard events cleared
0.0298 	EXP 	text_instr: autoDraw = True
2.8829 	EXP 	Device response: <KeyPress from None: t=2.858416600036435, value=space, duration=None>
2.8866 	DATA 	Keypress: space
2.9055 	INFO 	Keyboard events cleared
2.9054 	EXP 	text_instr: autoDraw = False
2.9054 	EXP 	suwak_info: autoDraw = True
2.9444 	EXP 	Device response: <KeyPress from None: t=2.858416600036435, value=space, duration=0.07596950000151992>
4.6239 	EXP 	Device response: <KeyPress from None: t=4.615486900031101, value=space, duration=None>
4.6266 	DATA 	Keypress: space
4.6350 	INFO 	Keyboard events cleared
4.6349 	EXP 	suwak_info: autoDraw = False
4.6349 	EXP 	proba_testowa: autoDraw = True
4.7062 	EXP 	Device response: <KeyPress from None: t=4.615486900031101, value=space, duration=0.07467040000483394>
12.4192 	EXP 	Device response: <KeyPress from None: t=12.417916300008073, value=space, duration=None>
12.4234 	DATA 	Keypress: space
12.4302 	INFO 	Keyboard events cleared
12.4300 	EXP 	proba_testowa: autoDraw = False
12.4300 	EXP 	start_badania: autoDraw = True
12.5013 	EXP 	Device response: <KeyPress from None: t=12.417916300008073, value=space, duration=0.07052020000992343>
20.8634 	DATA 	Keypress: space
20.8790 	EXP 	Device response: <KeyPress from None: t=20.861552700051107, value=space, duration=None>
20.9090 	DEBUG 	Read excel file with openpyxl: conditions.xlsx
20.9187 	EXP 	Imported conditions.xlsx as conditions, 32 conditions, 9 params
20.9203 	EXP 	New trial (rep=0, index=0): <Trial 0 (0 in rep 0) data={'image_path': 'C:\\Users\\julia\\OneDrive\\Pulpit\\percepcja_psychopy\\photos\\Twarze 50,50\\SZ 50,50\\1K SZ 5050.png', 'etykieta': 'Model sztucznej inteligencji wykrył w tej twarzy 72% strachu .', 'left_label': 'strach', 'right_label': 'złość', 'show_label': 1, 'proporcja_zdjecia': '50/50', 'typ_etykiety': 'Procentowa AI', 'warunek': 'n/d', 'kierunek': 'Sugestia Lewo strach', 'thisN': 0, 'thisTrialN': 0, 'thisRepN': 0}>
20.9929 	EXP 	Device response: <KeyPress from None: t=20.861552700051107, value=space, duration=0.11096709995763376>
21.0058 	EXP 	start_badania: autoDraw = False
21.0058 	EXP 	label_text: height = np.float64(0.05)
21.0058 	EXP 	label_text: height = np.float64(0.05)
21.0058 	EXP 	label_text: height = np.float64(0.05)
21.0058 	EXP 	label_text: text = 'Model sztucznej inteligencji wykrył w tej twarzy 72% strachu .'
21.0058 	EXP 	stim_image: image = 'C:\\Users\\julia\\OneDrive\\Pulpit\\percepcja_psychopy\\photos\\Twarze 50,50\\SZ 50,50\\1K SZ 5050.png'
21.0058 	EXP 	suwak_badanie: markerPos = None
21.0058 	EXP 	suwak_badanie: markerPos = 0
21.0058 	EXP 	lewa_etykieta: height = np.float64(0.05)
21.0058 	EXP 	lewa_etykieta: height = np.float64(0.05)
21.0058 	EXP 	lewa_etykieta: height = np.float64(0.05)
21.0058 	EXP 	lewa_etykieta: text = 'strach'
21.0058 	EXP 	prawa_etykieta: height = np.float64(0.05)
21.0058 	EXP 	prawa_etykieta: height = np.float64(0.05)
21.0058 	EXP 	prawa_etykieta: height = np.float64(0.05)
21.0058 	EXP 	prawa_etykieta: text = 'złość'
21.0058 	EXP 	fiksacja1: autoDraw = True
21.9876 	EXP 	label_text: autoDraw = True
22.0205 	EXP 	fiksacja1: autoDraw = False
24.4800 	EXP 	fiksacja2: autoDraw = True
24.4966 	EXP 	label_text: autoDraw = False
25.5102 	EXP 	stim_image: autoDraw = True
25.5102 	EXP 	fiksacja2: autoDraw = False
26.3914 	EXP 	suwak_badanie: autoDraw = True
26.3914 	EXP 	lewa_etykieta: autoDraw = True
26.3914 	EXP 	prawa_etykieta: autoDraw = True
26.3914 	EXP 	pytanie: autoDraw = True
26.4246 	EXP 	stim_image: autoDraw = False
28.3556 	EXP 	Device response: <KeyPress from None: t=28.34881320002023, value=escape, duration=None>
28.3560 	DATA 	Keypress: escape
28.5055 	EXP 	Device response: <KeyPress from None: t=28.34881320002023, value=escape, duration=0.15478400001302361>
28.5056 	EXP 	untitled_FINAL_NEWEST: status = STOPPED
28.5190 	EXP 	suwak_badanie: autoDraw = False
28.5190 	EXP 	lewa_etykieta: autoDraw = False
28.5190 	EXP 	prawa_etykieta: autoDraw = False
28.5190 	EXP 	pytanie: autoDraw = False
28.5217 	EXP 	untitled_FINAL_NEWEST: status = STOPPED
28.5262 	INFO 	saved data to 'C:\\Users\\julia\\OneDrive\\Pulpit\\percepcja_psychopy\\data\\pilot_untitled_FINAL_NEWEST_2026-04-24_17h23.36.680.csv'
28.5286 	INFO 	saved data to C:\Users\julia\OneDrive\Pulpit\percepcja_psychopy\data\pilot_untitled_FINAL_NEWEST_2026-04-24_17h23.36.680.psydat
28.9936 	DEBUG 	Saving data for untitled_FINAL_NEWEST ExperimentHandler
29.0238 	WARNING 	Stopping key buffers but this could be dangerous ifother keyboards rely on the same.
