8.7941 	DEBUG 	Fullscreen settings ignored as running in pilot mode.
8.7952 	INFO 	Loaded monitor calibration from ['2026_03_18 20:30']
9.4781 	INFO 	Using renderer 'Intel(R) UHD Graphics' for graphics
9.4781 	INFO 	OpenGL version supported by driver is 4..
10.6239 	EXP 	Created window1 = Window(allowGUI=False, allowStencil=False, autoLog=True, backendConf=UNKNOWN, backgroundFit=<method-wrapper '__getattribute__' of attributeSetter object at 0x000001F386FE62F0>, backgroundImage=<method-wrapper '__getattribute__' of attributeSetter object at 0x000001F386FE6290>, bitsMode=UNKNOWN, blendMode='avg', bpc=(8, 8, 8), color=array([0, 0, 0]), colorSpace='rgb', depthBits=8, fullscr=False, gamma=None, gammaErrorPolicy='raise', infoMsg=UNKNOWN, lms=UNKNOWN, monitor=<psychopy.monitors.calibTools.Monitor object at 0x000001F38CB98670>, multiSample=False, name='window1', numSamples=2, pos=[np.float64(560.0), np.float64(240.0)], screen=0, size=array([800, 600]), stencilBits=0, stereo=False, title='PsychoPy', units='height', useFBO=True, useRetina=False, viewOri=0.0, viewPos=None, viewScale=None, waitBlanking=True, winType='pyglet')
10.6241 	EXP 	window1: backgroundImage = ''
10.6241 	EXP 	window1: backgroundFit = 'none'
10.6795 	DEBUG 	TextBox2 loaded 1 chars with 0 blanks and 1 valid
10.6993 	DEBUG 	TextBox2 loaded 1 chars with 0 blanks and 1 valid
10.7188 	DEBUG 	TextBox2 loaded 1 chars with 0 blanks and 1 valid
10.7377 	DEBUG 	TextBox2 loaded 1 chars with 0 blanks and 1 valid
10.7563 	DEBUG 	TextBox2 loaded 1 chars with 0 blanks and 1 valid
10.7734 	DEBUG 	TextBox2 loaded 1 chars with 0 blanks and 1 valid
10.7900 	DEBUG 	TextBox2 loaded 1 chars with 0 blanks and 1 valid
10.8090 	DEBUG 	TextBox2 loaded 1 chars with 0 blanks and 1 valid
10.8259 	DEBUG 	TextBox2 loaded 1 chars with 0 blanks and 1 valid
10.8426 	DEBUG 	TextBox2 loaded 1 chars with 0 blanks and 1 valid
10.8612 	DEBUG 	TextBox2 loaded 1 chars with 0 blanks and 1 valid
10.8807 	DEBUG 	TextBox2 loaded 1 chars with 0 blanks and 1 valid
10.9001 	DEBUG 	TextBox2 loaded 1 chars with 0 blanks and 1 valid
10.9181 	DEBUG 	TextBox2 loaded 1 chars with 0 blanks and 1 valid
10.9365 	DEBUG 	TextBox2 loaded 1 chars with 0 blanks and 1 valid
10.9547 	DEBUG 	TextBox2 loaded 1 chars with 0 blanks and 1 valid
10.9724 	DEBUG 	TextBox2 loaded 1 chars with 0 blanks and 1 valid
10.9909 	DEBUG 	TextBox2 loaded 1 chars with 0 blanks and 1 valid
11.0083 	DEBUG 	TextBox2 loaded 1 chars with 0 blanks and 1 valid
11.0257 	DEBUG 	TextBox2 loaded 1 chars with 0 blanks and 1 valid
11.0417 	DEBUG 	TextBox2 loaded 1 chars with 0 blanks and 1 valid
11.0421 	DEBUG 	Uploading Texture Font fontname to graphics card
11.0551 	DEBUG 	Upload of Texture Font fontname complete
11.0963 	DEBUG 	TextBox2 loaded 1 chars with 0 blanks and 1 valid
11.1111 	DEBUG 	TextBox2 loaded 1 chars with 0 blanks and 1 valid
11.1269 	DEBUG 	TextBox2 loaded 1 chars with 0 blanks and 1 valid
11.1273 	DEBUG 	Uploading Texture Font fontname to graphics card
11.1409 	DEBUG 	Upload of Texture Font fontname complete
11.1444 	EXP 	window1: Attempting to measure frame rate of screen (0) ...
11.1445 	EXP 	window1: recordFrameIntervals = False
11.4550 	EXP 	window1: recordFrameIntervals = True
11.5173 	WARNING 	t of last frame was 29.08ms (=1/34)
11.5672 	WARNING 	t of last frame was 31.63ms (=1/31)
11.6853 	WARNING 	t of last frame was 30.09ms (=1/33)
11.9029 	WARNING 	t of last frame was 31.80ms (=1/31)
12.0025 	WARNING 	Multiple dropped frames have occurred - I'll stop bothering you about them!
13.3769 	EXP 	window1: recordFrameIntervals = False
13.3770 	EXP 	Screen (0) actual frame rate measured at 59.90Hz
13.4406 	DEBUG 	TextBox2 loaded 1 chars with 0 blanks and 1 valid
13.4652 	DEBUG 	TextBox2 loaded 1 chars with 0 blanks and 1 valid
13.4911 	DEBUG 	TextBox2 loaded 1 chars with 0 blanks and 1 valid
13.5162 	DEBUG 	TextBox2 loaded 1 chars with 0 blanks and 1 valid
13.5426 	DEBUG 	TextBox2 loaded 1 chars with 0 blanks and 1 valid
13.5690 	DEBUG 	TextBox2 loaded 1 chars with 0 blanks and 1 valid
13.5957 	DEBUG 	TextBox2 loaded 1 chars with 0 blanks and 1 valid
13.6207 	DEBUG 	TextBox2 loaded 1 chars with 0 blanks and 1 valid
13.6446 	DEBUG 	TextBox2 loaded 1 chars with 0 blanks and 1 valid
13.6599 	DEBUG 	TextBox2 loaded 1 chars with 0 blanks and 1 valid
13.6604 	DEBUG 	Uploading Texture Font fontname to graphics card
13.6610 	DEBUG 	Upload of Texture Font fontname complete
13.8504 	INFO 	keyboard.Keyboard is using ptb backend.
13.8504 	EXP 	untitled_FINAL_NEWEST: status = STARTED
13.8818 	EXP 	Created label_text = TextStim(__class__=<class 'psychopy.visual.text.TextStim'>, alignHoriz=method-wrapper(...), alignText='center', alignVert=method-wrapper(...), anchorHoriz='center', anchorVert='center', antialias=True, autoDraw=False, autoLog=True, bold=False, color=array([1., 1., 1.]), colorSpace='rgb', contrast=1.0, depth=-2.0, draggable=False, flipHoriz=False, flipVert=False, font='Arial', fontFiles=[], height=0.05, italic=False, languageStyle='LTR', name='label_text', opacity=1, ori=0.0, pos=array([0., 0.]), rgb=UNKNOWN, text='', units='height', win=Window(...), wrapWidth=1)
13.9229 	EXP 	Created stim_image = ImageStim(__class__=<class 'psychopy.visual.image.ImageStim'>, anchor=('center', 'center'), autoLog=True, color=array([1., 1., 1.]), colorSpace='rgb', contrast=1.0, depth=-3.0, draggable=False, flipHoriz=np.False_, flipVert=np.False_, image='default.png', interpolate=True, mask=None, maskParams=None, name='stim_image', opacity=1, ori=0.0, pos=array([0., 0.]), size=array([0.5, 0.5]), texRes=128.0, units='height', win=Window(...))
13.9486 	EXP 	Created suwak_badanie = Slider(__class__=<class 'psychopy.visual.slider.Slider'>, autoDraw=False, autoLog=True, borderColor=None, color=None, colorSpace='rgb', depth=-4, fillColor=None, flip=False, font='Noto Sans', granularity=0.0, labelColor=None, labelHeight=np.float64(0.05), labelWrapWidth=None, labels=None, lineColor=None, markerColor=None, name='suwak_badanie', opacity=None, ori=0.0, pos=array([ 0. , -0.5]), readOnly=False, self=UNKNOWN, size=array([1. , 0.8]), startValue=3, style='slider', styleTweaks=[], ticks=array([-50,   0,  50]), units='norm', win=Window(...))
13.9494 	EXP 	Created lewa_etykieta = TextStim(__class__=<class 'psychopy.visual.text.TextStim'>, alignHoriz=method-wrapper(...), alignText='center', alignVert=method-wrapper(...), anchorHoriz='center', anchorVert='center', antialias=True, autoDraw=False, autoLog=True, bold=False, color=array([1., 1., 1.]), colorSpace='rgb', contrast=1.0, depth=-5.0, draggable=False, flipHoriz=False, flipVert=False, font='Arial', fontFiles=[], height=0.05, italic=False, languageStyle='LTR', name='lewa_etykieta', opacity=1, ori=0.0, pos=array([-0.55, -0.05]), rgb=UNKNOWN, text='', units='height', win=Window(...), wrapWidth=1)
13.9503 	EXP 	Created prawa_etykieta = TextStim(__class__=<class 'psychopy.visual.text.TextStim'>, alignHoriz=method-wrapper(...), alignText='center', alignVert=method-wrapper(...), anchorHoriz='center', anchorVert='center', antialias=True, autoDraw=False, autoLog=True, bold=False, color=array([1., 1., 1.]), colorSpace='rgb', contrast=1.0, depth=-6.0, draggable=False, flipHoriz=False, flipVert=False, font='Arial', fontFiles=[], height=0.03, italic=False, languageStyle='LTR', name='prawa_etykieta', opacity=1, ori=0.0, pos=array([ 0.55, -0.05]), rgb=UNKNOWN, text='', units='height', win=Window(...), wrapWidth=1)
14.0060 	EXP 	Created fiksacja1 = TextStim(__class__=<class 'psychopy.visual.text.TextStim'>, alignHoriz=method-wrapper(...), alignText='center', alignVert=method-wrapper(...), anchorHoriz='center', anchorVert='center', antialias=True, autoDraw=False, autoLog=True, bold=False, color=array([1., 1., 1.]), colorSpace='rgb', contrast=1.0, depth=-7.0, draggable=False, flipHoriz=False, flipVert=False, font='Arial', fontFiles=[], height=np.float64(0.1), italic=False, languageStyle='LTR', name='fiksacja1', opacity=1, ori=0.0, pos=array([0., 0.]), rgb=UNKNOWN, text='+', units='height', win=Window(...), wrapWidth=1)
14.0079 	EXP 	Created fiksacja2 = TextStim(__class__=<class 'psychopy.visual.text.TextStim'>, alignHoriz=method-wrapper(...), alignText='center', alignVert=method-wrapper(...), anchorHoriz='center', anchorVert='center', antialias=True, autoDraw=False, autoLog=True, bold=False, color=array([1., 1., 1.]), colorSpace='rgb', contrast=1.0, depth=-8.0, draggable=False, flipHoriz=False, flipVert=False, font='Arial', fontFiles=[], height=np.float64(0.1), italic=False, languageStyle='LTR', name='fiksacja2', opacity=1, ori=0.0, pos=array([0., 0.]), rgb=UNKNOWN, text='+', units='height', win=Window(...), wrapWidth=1)
14.0246 	EXP 	Created pytanie = TextStim(__class__=<class 'psychopy.visual.text.TextStim'>, alignHoriz=method-wrapper(...), alignText='center', alignVert=method-wrapper(...), anchorHoriz='center', anchorVert='center', antialias=True, autoDraw=False, autoLog=True, bold=False, color=array([1., 1., 1.]), colorSpace='rgb', contrast=1.0, depth=-9.0, draggable=False, flipHoriz=False, flipVert=False, font='Arial', fontFiles=[], height=np.float64(0.04), italic=False, languageStyle='LTR', name='pytanie', opacity=1, ori=0.0, pos=array([0.  , 0.25]), rgb=UNKNOWN, text='Jaką emocję przedstawiała twarz?', units='height', win=Window(...), wrapWidth=1)
0.0160 	EXP 	suwak_badanie: autoLog = True
0.0160 	EXP 	suwak_badanie: styleTweaks = []
0.0160 	EXP 	suwak_badanie: styleTweaks = []
0.0160 	EXP 	suwak_badanie: styleTweaks = []
0.0160 	EXP 	suwak_badanie: styleTweaks = []
0.0160 	EXP 	suwak_badanie: contrast = 1.0
0.0160 	EXP 	suwak_badanie: markerPos = 3
0.0160 	EXP 	suwak_badanie: autoLog = True
0.0263 	DEBUG 	Read excel file with openpyxl: conditions.xlsx
0.0284 	EXP 	Imported conditions.xlsx as conditions, 32 conditions, 5 params
0.0289 	EXP 	New trial (rep=0, index=0): <Trial 0 (0 in rep 0) data={'image_path': 'C:\\Users\\julia\\OneDrive\\Pulpit\\percepcja_psychopy\\photos\\ee7bd76502e1d9aea7c74fc5bea75be9.jpg', 'etykieta': 'test', 'left_label': 'radość', 'right_label': 'smutek', 'show_label': 1, 'thisN': 0, 'thisTrialN': 0, 'thisRepN': 0}>
0.0827 	EXP 	label_text: height = np.float64(0.05)
0.0827 	EXP 	label_text: height = np.float64(0.05)
0.0827 	EXP 	label_text: height = np.float64(0.05)
0.0827 	EXP 	label_text: text = 'test'
0.0827 	EXP 	stim_image: image = 'C:\\Users\\julia\\OneDrive\\Pulpit\\percepcja_psychopy\\photos\\ee7bd76502e1d9aea7c74fc5bea75be9.jpg'
0.0827 	EXP 	suwak_badanie: markerPos = None
0.0827 	EXP 	suwak_badanie: markerPos = 3
0.0827 	EXP 	lewa_etykieta: height = np.float64(0.05)
0.0827 	EXP 	lewa_etykieta: height = np.float64(0.05)
0.0827 	EXP 	lewa_etykieta: height = np.float64(0.05)
0.0827 	EXP 	lewa_etykieta: text = 'radość'
0.0827 	EXP 	prawa_etykieta: height = np.float64(0.03)
0.0827 	EXP 	prawa_etykieta: height = np.float64(0.03)
0.0827 	EXP 	prawa_etykieta: height = np.float64(0.03)
0.0827 	EXP 	prawa_etykieta: text = 'smutek'
0.0827 	EXP 	fiksacja1: autoDraw = True
1.0968 	EXP 	fiksacja1: autoDraw = False
1.1133 	EXP 	label_text: autoDraw = True
3.6074 	EXP 	fiksacja2: autoDraw = True
3.6240 	EXP 	label_text: autoDraw = False
4.6050 	EXP 	stim_image: autoDraw = True
4.6377 	EXP 	fiksacja2: autoDraw = False
5.5176 	EXP 	suwak_badanie: autoDraw = True
5.5176 	EXP 	lewa_etykieta: autoDraw = True
5.5176 	EXP 	prawa_etykieta: autoDraw = True
5.5176 	EXP 	pytanie: autoDraw = True
5.5351 	EXP 	stim_image: autoDraw = False
13.2303 	EXP 	Device response: <KeyPress from None: t=13.216561499983072, value=escape, duration=None>
13.2308 	DATA 	Keypress: escape
13.3492 	EXP 	Device response: <KeyPress from None: t=13.216561499983072, value=escape, duration=0.1298640000168234>
13.3492 	EXP 	untitled_FINAL_NEWEST: status = STOPPED
13.3630 	EXP 	suwak_badanie: autoDraw = False
13.3630 	EXP 	lewa_etykieta: autoDraw = False
13.3630 	EXP 	prawa_etykieta: autoDraw = False
13.3630 	EXP 	pytanie: autoDraw = False
13.3664 	EXP 	untitled_FINAL_NEWEST: status = STOPPED
13.3707 	INFO 	saved data to 'C:\\Users\\julia\\OneDrive\\Pulpit\\percepcja_psychopy\\data\\pilot_untitled_FINAL_NEWEST_2026-04-20_15h50.48.241.csv'
13.3724 	INFO 	saved data to C:\Users\julia\OneDrive\Pulpit\percepcja_psychopy\data\pilot_untitled_FINAL_NEWEST_2026-04-20_15h50.48.241.psydat
13.9677 	DEBUG 	Saving data for untitled_FINAL_NEWEST ExperimentHandler
14.0630 	WARNING 	Stopping key buffers but this could be dangerous ifother keyboards rely on the same.
