7.8482 	DEBUG 	Fullscreen settings ignored as running in pilot mode.
7.8492 	INFO 	Loaded monitor calibration from ['2026_03_18 20:30']
8.3331 	INFO 	Using renderer 'Intel(R) UHD Graphics' for graphics
8.3331 	INFO 	OpenGL version supported by driver is 4..
9.4826 	EXP 	Created window1 = Window(allowGUI=False, allowStencil=True, autoLog=True, backendConf=UNKNOWN, backgroundFit=<method-wrapper '__getattribute__' of attributeSetter object at 0x000001DECAD6BE50>, backgroundImage=<method-wrapper '__getattribute__' of attributeSetter object at 0x000001DECAD6B5E0>, bitsMode=UNKNOWN, blendMode='avg', bpc=(8, 8, 8), color=array([0.6549, 0.6549, 0.6549]), colorSpace='rgb', depthBits=8, fullscr=False, gamma=None, gammaErrorPolicy='raise', infoMsg=UNKNOWN, lms=UNKNOWN, monitor=<psychopy.monitors.calibTools.Monitor object at 0x000001DECB272800>, multiSample=False, name='window1', numSamples=2, pos=[np.float64(560.0), np.float64(240.0)], screen=0, size=array([800, 600]), stencilBits=8, stereo=False, title='PsychoPy', units='height', useFBO=True, useRetina=False, viewOri=0.0, viewPos=None, viewScale=None, waitBlanking=True, winType='pyglet')
9.4828 	EXP 	window1: backgroundImage = ''
9.4828 	EXP 	window1: backgroundFit = 'none'
9.5479 	DEBUG 	TextBox2 loaded 1 chars with 0 blanks and 1 valid
9.5654 	DEBUG 	TextBox2 loaded 1 chars with 0 blanks and 1 valid
9.5830 	DEBUG 	TextBox2 loaded 1 chars with 0 blanks and 1 valid
9.6013 	DEBUG 	TextBox2 loaded 1 chars with 0 blanks and 1 valid
9.6169 	DEBUG 	TextBox2 loaded 1 chars with 0 blanks and 1 valid
9.6326 	DEBUG 	TextBox2 loaded 1 chars with 0 blanks and 1 valid
9.6505 	DEBUG 	TextBox2 loaded 1 chars with 0 blanks and 1 valid
9.6679 	DEBUG 	TextBox2 loaded 1 chars with 0 blanks and 1 valid
9.6862 	DEBUG 	TextBox2 loaded 1 chars with 0 blanks and 1 valid
9.7022 	DEBUG 	TextBox2 loaded 1 chars with 0 blanks and 1 valid
9.7206 	DEBUG 	TextBox2 loaded 1 chars with 0 blanks and 1 valid
9.7395 	DEBUG 	TextBox2 loaded 1 chars with 0 blanks and 1 valid
9.7567 	DEBUG 	TextBox2 loaded 1 chars with 0 blanks and 1 valid
9.7731 	DEBUG 	TextBox2 loaded 1 chars with 0 blanks and 1 valid
9.7873 	DEBUG 	TextBox2 loaded 1 chars with 0 blanks and 1 valid
9.8018 	DEBUG 	TextBox2 loaded 1 chars with 0 blanks and 1 valid
9.8160 	DEBUG 	TextBox2 loaded 1 chars with 0 blanks and 1 valid
9.8314 	DEBUG 	TextBox2 loaded 1 chars with 0 blanks and 1 valid
9.8466 	DEBUG 	TextBox2 loaded 1 chars with 0 blanks and 1 valid
9.8626 	DEBUG 	TextBox2 loaded 1 chars with 0 blanks and 1 valid
9.8782 	DEBUG 	TextBox2 loaded 1 chars with 0 blanks and 1 valid
9.8937 	DEBUG 	TextBox2 loaded 1 chars with 0 blanks and 1 valid
9.9093 	DEBUG 	TextBox2 loaded 1 chars with 0 blanks and 1 valid
9.9261 	DEBUG 	TextBox2 loaded 1 chars with 0 blanks and 1 valid
9.9419 	DEBUG 	TextBox2 loaded 1 chars with 0 blanks and 1 valid
9.9562 	DEBUG 	TextBox2 loaded 1 chars with 0 blanks and 1 valid
9.9705 	DEBUG 	TextBox2 loaded 1 chars with 0 blanks and 1 valid
9.9852 	DEBUG 	TextBox2 loaded 1 chars with 0 blanks and 1 valid
9.9860 	DEBUG 	Uploading Texture Font fontname to graphics card
9.9989 	DEBUG 	Upload of Texture Font fontname complete
10.0367 	DEBUG 	TextBox2 loaded 1 chars with 0 blanks and 1 valid
10.0513 	DEBUG 	TextBox2 loaded 1 chars with 0 blanks and 1 valid
10.0516 	DEBUG 	Uploading Texture Font fontname to graphics card
10.0637 	DEBUG 	Upload of Texture Font fontname complete
10.2181 	INFO 	keyboard.Keyboard is using ptb backend.
10.2181 	EXP 	untitled_FINAL_NEWEST: status = STARTED
10.3671 	EXP 	Created text_instr = TextStim(__class__=<class 'psychopy.visual.text.TextStim'>, alignHoriz=method-wrapper(...), alignText='center', alignVert=method-wrapper(...), anchorHoriz='center', anchorVert='center', antialias=True, autoDraw=False, autoLog=True, bold=False, color=array([-1., -1., -1.]), colorSpace='rgb', contrast=1.0, depth=-2.0, draggable=False, flipHoriz=False, flipVert=False, font='Arial', fontFiles=[], height=np.float64(0.03), italic=False, languageStyle='LTR', name='text_instr', opacity=1, ori=0.0, pos=array([0., 0.]), rgb=UNKNOWN, text=str(...), units='height', win=Window(...), wrapWidth=1.5)
10.3957 	EXP 	Created suwak_info = TextStim(__class__=<class 'psychopy.visual.text.TextStim'>, alignHoriz=method-wrapper(...), alignText='center', alignVert=method-wrapper(...), anchorHoriz='center', anchorVert='center', antialias=True, autoDraw=False, autoLog=True, bold=False, color=array([-1., -1., -1.]), colorSpace='rgb', contrast=1.0, depth=-1.0, draggable=False, flipHoriz=False, flipVert=False, font='Arial', fontFiles=[], height=np.float64(0.03), italic=False, languageStyle='LTR', name='suwak_info', opacity=1, ori=0.0, pos=array([0., 0.]), rgb=UNKNOWN, text=str(...), units='height', win=Window(...), wrapWidth=1.3)
10.4270 	EXP 	Created proba_testowa = TextStim(__class__=<class 'psychopy.visual.text.TextStim'>, alignHoriz=method-wrapper(...), alignText='center', alignVert=method-wrapper(...), anchorHoriz='center', anchorVert='center', antialias=True, autoDraw=False, autoLog=True, bold=False, color=array([-1., -1., -1.]), colorSpace='rgb', contrast=1.0, depth=-2.0, draggable=False, flipHoriz=False, flipVert=False, font='Arial', fontFiles=[], height=np.float64(0.04), italic=False, languageStyle='LTR', name='proba_testowa', opacity=1, ori=0.0, pos=array([0., 0.]), rgb=UNKNOWN, text=str(...), units='height', win=Window(...), wrapWidth=1.4)
10.4282 	EXP 	Created pilot_label_text = TextStim(__class__=<class 'psychopy.visual.text.TextStim'>, alignHoriz=method-wrapper(...), alignText='center', alignVert=method-wrapper(...), anchorHoriz='center', anchorVert='center', antialias=True, autoDraw=False, autoLog=True, bold=False, color=array([-1., -1., -1.]), colorSpace='rgb', contrast=1.0, depth=-1.0, draggable=False, flipHoriz=False, flipVert=False, font='Arial', fontFiles=[], height=0.05, italic=False, languageStyle='LTR', name='pilot_label_text', opacity=1, ori=0.0, pos=array([0., 0.]), rgb=UNKNOWN, text='', units='height', win=Window(...), wrapWidth=1.3)
10.4358 	EXP 	Created pilot_fiksacja1 = TextStim(__class__=<class 'psychopy.visual.text.TextStim'>, alignHoriz=method-wrapper(...), alignText='center', alignVert=method-wrapper(...), anchorHoriz='center', anchorVert='center', antialias=True, autoDraw=False, autoLog=True, bold=False, color=array([-1., -1., -1.]), colorSpace='rgb', contrast=1.0, depth=-2.0, draggable=False, flipHoriz=False, flipVert=False, font='Arial', fontFiles=[], height=np.float64(0.12), italic=False, languageStyle='LTR', name='pilot_fiksacja1', opacity=1, ori=0.0, pos=array([0., 0.]), rgb=UNKNOWN, text='+', units='height', win=Window(...), wrapWidth=1)
10.4645 	EXP 	Created pilot_suwak = Slider(__class__=<class 'psychopy.visual.slider.Slider'>, autoDraw=False, autoLog=True, borderColor=None, color=None, colorSpace='rgb', depth=-3, fillColor=None, flip=False, font='Noto Sans', granularity=0.0, labelColor=None, labelHeight=np.float64(0.05), labelWrapWidth=None, labels=None, lineColor=None, markerColor=None, name='pilot_suwak', opacity=None, ori=0.0, pos=array([ 0. , -0.5]), readOnly=False, self=UNKNOWN, size=array([1. , 0.1]), startValue=0, style='slider', styleTweaks=[], ticks=array([-50, -25,   0,  25,  50]), units='norm', win=Window(...))
10.4699 	EXP 	Created pilot_fiksacja2 = TextStim(__class__=<class 'psychopy.visual.text.TextStim'>, alignHoriz=method-wrapper(...), alignText='center', alignVert=method-wrapper(...), anchorHoriz='center', anchorVert='center', antialias=True, autoDraw=False, autoLog=True, bold=False, color=array([-1., -1., -1.]), colorSpace='rgb', contrast=1.0, depth=-4.0, draggable=False, flipHoriz=False, flipVert=False, font='Arial', fontFiles=[], height=np.float64(0.1), italic=False, languageStyle='LTR', name='pilot_fiksacja2', opacity=1, ori=0.0, pos=array([0., 0.]), rgb=UNKNOWN, text='+', units='height', win=Window(...), wrapWidth=1)
10.5746 	EXP 	Created pilot_pytanie = TextStim(__class__=<class 'psychopy.visual.text.TextStim'>, alignHoriz=method-wrapper(...), alignText='center', alignVert=method-wrapper(...), anchorHoriz='center', anchorVert='center', antialias=True, autoDraw=False, autoLog=True, bold=False, color=array([-1., -1., -1.]), colorSpace='rgb', contrast=1.0, depth=-5.0, draggable=False, flipHoriz=False, flipVert=False, font='Arial', fontFiles=[], height=np.float64(0.5), italic=False, languageStyle='LTR', name='pilot_pytanie', opacity=1, ori=0.0, pos=array([0., 0.]), rgb=UNKNOWN, text='Jaką emocję wyrażała ta twarz?', units='height', win=Window(...), wrapWidth=1)
10.5755 	EXP 	Created pilot_lewa_etykieta = TextStim(__class__=<class 'psychopy.visual.text.TextStim'>, alignHoriz=method-wrapper(...), alignText='center', alignVert=method-wrapper(...), anchorHoriz='center', anchorVert='center', antialias=True, autoDraw=False, autoLog=True, bold=False, color=array([-1., -1., -1.]), colorSpace='rgb', contrast=1.0, depth=-6.0, draggable=False, flipHoriz=False, flipVert=False, font='Arial', fontFiles=[], height=0.085, italic=False, languageStyle='LTR', name='pilot_lewa_etykieta', opacity=1, ori=0.0, pos=array([-0.6, -0.5]), rgb=UNKNOWN, text='', units='norm', win=Window(...), wrapWidth=1)
10.5760 	EXP 	Created pilot_prawa_etykieta = TextStim(__class__=<class 'psychopy.visual.text.TextStim'>, alignHoriz=method-wrapper(...), alignText='center', alignVert=method-wrapper(...), anchorHoriz='center', anchorVert='center', antialias=True, autoDraw=False, autoLog=True, bold=False, color=array([-1., -1., -1.]), colorSpace='rgb', contrast=1.0, depth=-7.0, draggable=False, flipHoriz=False, flipVert=False, font='Arial', fontFiles=[], height=0.085, italic=False, languageStyle='LTR', name='pilot_prawa_etykieta', opacity=1, ori=0.0, pos=array([ 0.6, -0.5]), rgb=UNKNOWN, text='', units='norm', win=Window(...), wrapWidth=1)
10.6401 	EXP 	Created pilot_stim_image = ImageStim(__class__=<class 'psychopy.visual.image.ImageStim'>, anchor=('center', 'center'), autoLog=True, color=array([1., 1., 1.]), colorSpace='rgb', contrast=1.0, depth=-8.0, draggable=False, flipHoriz=np.False_, flipVert=np.False_, image='photos/twarz_testowa.jpg', interpolate=True, mask=None, maskParams=None, name='pilot_stim_image', opacity=1, ori=0.0, pos=array([0., 0.]), size=array([0.75, 0.75]), texRes=128.0, units='height', win=Window(...))
10.6728 	EXP 	Created start_badania = TextStim(__class__=<class 'psychopy.visual.text.TextStim'>, alignHoriz=method-wrapper(...), alignText='center', alignVert=method-wrapper(...), anchorHoriz='center', anchorVert='center', antialias=True, autoDraw=False, autoLog=True, bold=False, color=array([-1., -1., -1.]), colorSpace='rgb', contrast=1.0, depth=-2.0, draggable=False, flipHoriz=False, flipVert=False, font='Arial', fontFiles=[], height=np.float64(0.1), italic=False, languageStyle='LTR', name='start_badania', opacity=1, ori=0.0, pos=array([0., 0.]), rgb=UNKNOWN, text=str(...), units='norm', win=Window(...), wrapWidth=1.4)
10.6767 	EXP 	Created przerwa_text = TextStim(__class__=<class 'psychopy.visual.text.TextStim'>, alignHoriz=method-wrapper(...), alignText='center', alignVert=method-wrapper(...), anchorHoriz='center', anchorVert='center', antialias=True, autoDraw=False, autoLog=True, bold=False, color=array([-1., -1., -1.]), colorSpace='rgb', contrast=1.0, depth=0.0, draggable=False, flipHoriz=False, flipVert=False, font='Arial', fontFiles=[], height=np.float64(0.1), italic=False, languageStyle='LTR', name='przerwa_text', opacity=1, ori=0.0, pos=array([0., 0.]), rgb=UNKNOWN, text=str(...), units='norm', win=Window(...), wrapWidth=1)
10.6772 	EXP 	Created label_text = TextStim(__class__=<class 'psychopy.visual.text.TextStim'>, alignHoriz=method-wrapper(...), alignText='center', alignVert=method-wrapper(...), anchorHoriz='center', anchorVert='center', antialias=True, autoDraw=False, autoLog=True, bold=False, color=array([-1., -1., -1.]), colorSpace='rgb', contrast=1.0, depth=-2.0, draggable=False, flipHoriz=False, flipVert=False, font='Arial', fontFiles=[], height=0.05, italic=False, languageStyle='LTR', name='label_text', opacity=1, ori=0.0, pos=array([0., 0.]), rgb=UNKNOWN, text='', units='height', win=Window(...), wrapWidth=1.3)
10.6822 	EXP 	Created stim_image = ImageStim(__class__=<class 'psychopy.visual.image.ImageStim'>, anchor=('center', 'center'), autoLog=True, color=array([1., 1., 1.]), colorSpace='rgb', contrast=1.0, depth=-3.0, draggable=False, flipHoriz=np.False_, flipVert=np.False_, image='default.png', interpolate=True, mask=None, maskParams=None, name='stim_image', opacity=1, ori=0.0, pos=array([0., 0.]), size=array([0.75, 0.75]), texRes=128.0, units='height', win=Window(...))
10.6916 	EXP 	Created suwak_badanie = Slider(__class__=<class 'psychopy.visual.slider.Slider'>, autoDraw=False, autoLog=True, borderColor=None, color=None, colorSpace='rgb', depth=-4, fillColor=None, flip=False, font='Noto Sans', granularity=0.0, labelColor=None, labelHeight=np.float64(0.05), labelWrapWidth=None, labels=None, lineColor=None, markerColor=None, name='suwak_badanie', opacity=None, ori=0.0, pos=array([ 0. , -0.5]), readOnly=False, self=UNKNOWN, size=array([1. , 0.1]), startValue=0, style='slider', styleTweaks=[], ticks=array([-50, -25,   0,  25,  50]), units='norm', win=Window(...))
10.6922 	EXP 	Created lewa_etykieta = TextStim(__class__=<class 'psychopy.visual.text.TextStim'>, alignHoriz=method-wrapper(...), alignText='center', alignVert=method-wrapper(...), anchorHoriz='center', anchorVert='center', antialias=True, autoDraw=False, autoLog=True, bold=False, color=array([-1., -1., -1.]), colorSpace='rgb', contrast=1.0, depth=-5.0, draggable=False, flipHoriz=False, flipVert=False, font='Arial', fontFiles=[], height=0.085, italic=False, languageStyle='LTR', name='lewa_etykieta', opacity=1, ori=0.0, pos=array([-0.65, -0.5 ]), rgb=UNKNOWN, text='', units='norm', win=Window(...), wrapWidth=1)
10.6927 	EXP 	Created prawa_etykieta = TextStim(__class__=<class 'psychopy.visual.text.TextStim'>, alignHoriz=method-wrapper(...), alignText='center', alignVert=method-wrapper(...), anchorHoriz='center', anchorVert='center', antialias=True, autoDraw=False, autoLog=True, bold=False, color=array([-1., -1., -1.]), colorSpace='rgb', contrast=1.0, depth=-6.0, draggable=False, flipHoriz=False, flipVert=False, font='Arial', fontFiles=[], height=0.085, italic=False, languageStyle='LTR', name='prawa_etykieta', opacity=1, ori=0.0, pos=array([ 0.65, -0.5 ]), rgb=UNKNOWN, text='', units='norm', win=Window(...), wrapWidth=1)
10.6975 	EXP 	Created fiksacja2 = TextStim(__class__=<class 'psychopy.visual.text.TextStim'>, alignHoriz=method-wrapper(...), alignText='center', alignVert=method-wrapper(...), anchorHoriz='center', anchorVert='center', antialias=True, autoDraw=False, autoLog=True, bold=False, color=array([-1., -1., -1.]), colorSpace='rgb', contrast=1.0, depth=-7.0, draggable=False, flipHoriz=False, flipVert=False, font='Arial', fontFiles=[], height=np.float64(0.12), italic=False, languageStyle='LTR', name='fiksacja2', opacity=1, ori=0.0, pos=array([0., 0.]), rgb=UNKNOWN, text='+', units='height', win=Window(...), wrapWidth=1)
10.7073 	EXP 	Created pytanie = TextStim(__class__=<class 'psychopy.visual.text.TextStim'>, alignHoriz=method-wrapper(...), alignText='center', alignVert=method-wrapper(...), anchorHoriz='center', anchorVert='center', antialias=True, autoDraw=False, autoLog=True, bold=False, color=array([-1., -1., -1.]), colorSpace='rgb', contrast=1.0, depth=-8.0, draggable=False, flipHoriz=False, flipVert=False, font='Arial', fontFiles=[], height=np.float64(0.1), italic=False, languageStyle='LTR', name='pytanie', opacity=1, ori=0.0, pos=array([0., 0.]), rgb=UNKNOWN, text='Jaką emocję wyrażała ta twarz?', units='norm', win=Window(...), wrapWidth=1)
10.7084 	EXP 	Created text = TextStim(__class__=<class 'psychopy.visual.text.TextStim'>, alignHoriz=method-wrapper(...), alignText='center', alignVert=method-wrapper(...), anchorHoriz='center', anchorVert='center', antialias=True, autoDraw=False, autoLog=True, bold=False, color=array([1., 1., 1.]), colorSpace='rgb', contrast=1.0, depth=-1.0, draggable=False, flipHoriz=False, flipVert=False, font='Arial', fontFiles=[], height=np.float64(0.05), italic=False, languageStyle='LTR', name='text', opacity=1, ori=0.0, pos=array([0., 0.]), rgb=UNKNOWN, text='', units='height', win=Window(...), wrapWidth=1)
10.7204 	EXP 	Created podziekowania_text = TextStim(__class__=<class 'psychopy.visual.text.TextStim'>, alignHoriz=method-wrapper(...), alignText='center', alignVert=method-wrapper(...), anchorHoriz='center', anchorVert='center', antialias=True, autoDraw=False, autoLog=True, bold=False, color=array([1., 1., 1.]), colorSpace='rgb', contrast=1.0, depth=0.0, draggable=False, flipHoriz=False, flipVert=False, font='Arial', fontFiles=[], height=np.float64(0.05), italic=False, languageStyle='LTR', name='podziekowania_text', opacity=1, ori=0.0, pos=array([0., 0.]), rgb=UNKNOWN, text=str(...), units='height', win=Window(...), wrapWidth=1)
0.0290 	EXP 	pilot_suwak: autoLog = True
0.0290 	EXP 	pilot_suwak: styleTweaks = []
0.0290 	EXP 	pilot_suwak: styleTweaks = []
0.0290 	EXP 	pilot_suwak: styleTweaks = []
0.0290 	EXP 	pilot_suwak: styleTweaks = []
0.0290 	EXP 	pilot_suwak: contrast = 1.0
0.0290 	EXP 	pilot_suwak: markerPos = 0
0.0290 	EXP 	pilot_suwak: autoLog = True
0.0290 	EXP 	suwak_badanie: autoLog = True
0.0290 	EXP 	suwak_badanie: styleTweaks = []
0.0290 	EXP 	suwak_badanie: styleTweaks = []
0.0290 	EXP 	suwak_badanie: styleTweaks = []
0.0290 	EXP 	suwak_badanie: styleTweaks = []
0.0290 	EXP 	suwak_badanie: contrast = 1.0
0.0290 	EXP 	suwak_badanie: markerPos = 0
0.0290 	EXP 	suwak_badanie: autoLog = True
0.0530 	INFO 	Keyboard events cleared
0.0529 	EXP 	text_instr: autoDraw = True
1.2290 	EXP 	Device response: <KeyPress from None: t=1.2116725000087172, value=space, duration=None>
1.2317 	DATA 	Keypress: space
1.2430 	INFO 	Keyboard events cleared
1.2429 	EXP 	text_instr: autoDraw = False
1.2429 	EXP 	suwak_info: autoDraw = True
1.2653 	EXP 	Device response: <KeyPress from None: t=1.2116725000087172, value=space, duration=0.045284699997864664>
1.5185 	DATA 	Keypress: space
1.5309 	EXP 	Device response: <KeyPress from None: t=1.5166435000719503, value=space, duration=None>
1.5430 	INFO 	Keyboard events cleared
1.5429 	EXP 	suwak_info: autoDraw = False
1.5429 	EXP 	proba_testowa: autoDraw = True
1.5976 	EXP 	Device response: <KeyPress from None: t=1.5166435000719503, value=space, duration=0.07066209998447448>
2.3145 	DATA 	Keypress: space
2.3292 	EXP 	Device response: <KeyPress from None: t=2.3124638000736013, value=space, duration=None>
2.3723 	EXP 	proba_testowa: autoDraw = False
2.3723 	EXP 	pilot_label_text: height = np.float64(0.05)
2.3723 	EXP 	pilot_label_text: height = np.float64(0.05)
2.3723 	EXP 	pilot_label_text: height = np.float64(0.05)
2.3723 	EXP 	pilot_label_text: height = np.float64(0.05)
2.3723 	EXP 	pilot_label_text: height = np.float64(0.05)
2.3723 	EXP 	pilot_label_text: height = np.float64(0.05)
2.3723 	EXP 	pilot_label_text: text = 'Model AI wykrył w tej twarzy 80% smutku.\n\n'
2.3723 	EXP 	pilot_suwak: markerPos = None
2.3723 	EXP 	pilot_suwak: markerPos = 0
2.3723 	EXP 	pilot_lewa_etykieta: height = np.float64(0.085)
2.3723 	EXP 	pilot_lewa_etykieta: height = np.float64(0.085)
2.3723 	EXP 	pilot_lewa_etykieta: height = np.float64(0.085)
2.3723 	EXP 	pilot_lewa_etykieta: text = 'radość'
2.3723 	EXP 	pilot_prawa_etykieta: height = np.float64(0.085)
2.3723 	EXP 	pilot_prawa_etykieta: height = np.float64(0.085)
2.3723 	EXP 	pilot_prawa_etykieta: height = np.float64(0.085)
2.3723 	EXP 	pilot_prawa_etykieta: text = 'smutek'
2.3723 	EXP 	pilot_fiksacja1: autoDraw = True
2.4088 	EXP 	Device response: <KeyPress from None: t=2.3124638000736013, value=space, duration=0.08453719993121922>
2.8721 	EXP 	pilot_fiksacja1: autoDraw = False
3.0389 	EXP 	pilot_label_text: autoDraw = True
6.0469 	EXP 	pilot_label_text: autoDraw = False
6.2300 	EXP 	pilot_fiksacja2: autoDraw = True
6.7448 	EXP 	pilot_fiksacja2: autoDraw = False
6.9448 	EXP 	pilot_stim_image: autoDraw = True
8.2419 	EXP 	pilot_suwak: autoDraw = True
8.2419 	EXP 	pilot_pytanie: autoDraw = True
8.2419 	EXP 	pilot_lewa_etykieta: autoDraw = True
8.2419 	EXP 	pilot_prawa_etykieta: autoDraw = True
8.2571 	EXP 	pilot_stim_image: autoDraw = False
15.2575 	EXP 	Device response: <KeyPress from None: t=15.251857400056906, value=escape, duration=None>
15.2578 	DATA 	Keypress: escape
15.3598 	EXP 	Device response: <KeyPress from None: t=15.251857400056906, value=escape, duration=0.09255339996889234>
15.3598 	EXP 	untitled_FINAL_NEWEST: status = STOPPED
15.3718 	EXP 	pilot_suwak: autoDraw = False
15.3718 	EXP 	pilot_pytanie: autoDraw = False
15.3718 	EXP 	pilot_lewa_etykieta: autoDraw = False
15.3718 	EXP 	pilot_prawa_etykieta: autoDraw = False
15.3766 	EXP 	untitled_FINAL_NEWEST: status = STOPPED
15.3846 	INFO 	saved data to 'C:\\Users\\julia\\OneDrive\\Pulpit\\percepcja_psychopy\\data\\pilot_untitled_FINAL_NEWEST_2026-04-27_12h16.18.485.csv'
15.3873 	INFO 	saved data to C:\Users\julia\OneDrive\Pulpit\percepcja_psychopy\data\pilot_untitled_FINAL_NEWEST_2026-04-27_12h16.18.485.psydat
15.8258 	DEBUG 	Saving data for untitled_FINAL_NEWEST ExperimentHandler
15.8607 	WARNING 	Stopping key buffers but this could be dangerous ifother keyboards rely on the same.
