10.0978 	DEBUG 	Fullscreen settings ignored as running in pilot mode.
10.0987 	INFO 	Loaded monitor calibration from ['2026_03_18 20:30']
10.7659 	INFO 	Using renderer 'Intel(R) UHD Graphics' for graphics
10.7659 	INFO 	OpenGL version supported by driver is 4..
11.9492 	EXP 	Created window1 = Window(allowGUI=False, allowStencil=True, autoLog=True, backendConf=UNKNOWN, backgroundFit=<method-wrapper '__getattribute__' of attributeSetter object at 0x000002420DDD08E0>, backgroundImage=<method-wrapper '__getattribute__' of attributeSetter object at 0x000002420DDD0D60>, bitsMode=UNKNOWN, blendMode='avg', bpc=(8, 8, 8), color=array([0.6549, 0.6549, 0.6549]), colorSpace='rgb', depthBits=8, fullscr=False, gamma=None, gammaErrorPolicy='raise', infoMsg=UNKNOWN, lms=UNKNOWN, monitor=<psychopy.monitors.calibTools.Monitor object at 0x0000024215C6D7B0>, multiSample=False, name='window1', numSamples=2, pos=[np.float64(560.0), np.float64(240.0)], screen=0, size=array([800, 600]), stencilBits=8, stereo=False, title='PsychoPy', units='height', useFBO=True, useRetina=False, viewOri=0.0, viewPos=None, viewScale=None, waitBlanking=True, winType='pyglet')
11.9493 	EXP 	window1: backgroundImage = ''
11.9493 	EXP 	window1: backgroundFit = 'none'
12.0029 	DEBUG 	TextBox2 loaded 1 chars with 0 blanks and 1 valid
12.0222 	DEBUG 	TextBox2 loaded 1 chars with 0 blanks and 1 valid
12.0410 	DEBUG 	TextBox2 loaded 1 chars with 0 blanks and 1 valid
12.0589 	DEBUG 	TextBox2 loaded 1 chars with 0 blanks and 1 valid
12.0776 	DEBUG 	TextBox2 loaded 1 chars with 0 blanks and 1 valid
12.0971 	DEBUG 	TextBox2 loaded 1 chars with 0 blanks and 1 valid
12.1155 	DEBUG 	TextBox2 loaded 1 chars with 0 blanks and 1 valid
12.1315 	DEBUG 	TextBox2 loaded 1 chars with 0 blanks and 1 valid
12.1497 	DEBUG 	TextBox2 loaded 1 chars with 0 blanks and 1 valid
12.1675 	DEBUG 	TextBox2 loaded 1 chars with 0 blanks and 1 valid
12.1876 	DEBUG 	TextBox2 loaded 1 chars with 0 blanks and 1 valid
12.2071 	DEBUG 	TextBox2 loaded 1 chars with 0 blanks and 1 valid
12.2256 	DEBUG 	TextBox2 loaded 1 chars with 0 blanks and 1 valid
12.2450 	DEBUG 	TextBox2 loaded 1 chars with 0 blanks and 1 valid
12.2616 	DEBUG 	TextBox2 loaded 1 chars with 0 blanks and 1 valid
12.2806 	DEBUG 	TextBox2 loaded 1 chars with 0 blanks and 1 valid
12.2975 	DEBUG 	TextBox2 loaded 1 chars with 0 blanks and 1 valid
12.3161 	DEBUG 	TextBox2 loaded 1 chars with 0 blanks and 1 valid
12.3344 	DEBUG 	TextBox2 loaded 1 chars with 0 blanks and 1 valid
12.3534 	DEBUG 	TextBox2 loaded 1 chars with 0 blanks and 1 valid
12.3704 	DEBUG 	TextBox2 loaded 1 chars with 0 blanks and 1 valid
12.3865 	DEBUG 	TextBox2 loaded 1 chars with 0 blanks and 1 valid
12.4051 	DEBUG 	TextBox2 loaded 1 chars with 0 blanks and 1 valid
12.4221 	DEBUG 	TextBox2 loaded 1 chars with 0 blanks and 1 valid
12.4427 	DEBUG 	TextBox2 loaded 1 chars with 0 blanks and 1 valid
12.4619 	DEBUG 	TextBox2 loaded 1 chars with 0 blanks and 1 valid
12.4806 	DEBUG 	TextBox2 loaded 1 chars with 0 blanks and 1 valid
12.4978 	DEBUG 	TextBox2 loaded 1 chars with 0 blanks and 1 valid
12.4985 	DEBUG 	Uploading Texture Font fontname to graphics card
12.5097 	DEBUG 	Upload of Texture Font fontname complete
12.5601 	DEBUG 	TextBox2 loaded 1 chars with 0 blanks and 1 valid
12.5788 	DEBUG 	TextBox2 loaded 1 chars with 0 blanks and 1 valid
12.5793 	DEBUG 	Uploading Texture Font fontname to graphics card
12.5957 	DEBUG 	Upload of Texture Font fontname complete
12.9285 	INFO 	keyboard.Keyboard is using ptb backend.
12.9285 	EXP 	untitled_FINAL_NEWEST: status = STARTED
13.1454 	EXP 	Created text_instr = TextStim(__class__=<class 'psychopy.visual.text.TextStim'>, alignHoriz=method-wrapper(...), alignText='center', alignVert=method-wrapper(...), anchorHoriz='center', anchorVert='center', antialias=True, autoDraw=False, autoLog=True, bold=False, color=array([-1., -1., -1.]), colorSpace='rgb', contrast=1.0, depth=-2.0, draggable=False, flipHoriz=False, flipVert=False, font='Arial', fontFiles=[], height=np.float64(0.03), italic=False, languageStyle='LTR', name='text_instr', opacity=1, ori=0.0, pos=array([0., 0.]), rgb=UNKNOWN, text=str(...), units='height', win=Window(...), wrapWidth=1.5)
13.1891 	EXP 	Created suwak_info = TextStim(__class__=<class 'psychopy.visual.text.TextStim'>, alignHoriz=method-wrapper(...), alignText='center', alignVert=method-wrapper(...), anchorHoriz='center', anchorVert='center', antialias=True, autoDraw=False, autoLog=True, bold=False, color=array([-1., -1., -1.]), colorSpace='rgb', contrast=1.0, depth=-1.0, draggable=False, flipHoriz=False, flipVert=False, font='Arial', fontFiles=[], height=np.float64(0.03), italic=False, languageStyle='LTR', name='suwak_info', opacity=1, ori=0.0, pos=array([0., 0.]), rgb=UNKNOWN, text=str(...), units='height', win=Window(...), wrapWidth=1.3)
13.2382 	EXP 	Created proba_testowa = TextStim(__class__=<class 'psychopy.visual.text.TextStim'>, alignHoriz=method-wrapper(...), alignText='center', alignVert=method-wrapper(...), anchorHoriz='center', anchorVert='center', antialias=True, autoDraw=False, autoLog=True, bold=False, color=array([-1., -1., -1.]), colorSpace='rgb', contrast=1.0, depth=-2.0, draggable=False, flipHoriz=False, flipVert=False, font='Arial', fontFiles=[], height=np.float64(0.04), italic=False, languageStyle='LTR', name='proba_testowa', opacity=1, ori=0.0, pos=array([0., 0.]), rgb=UNKNOWN, text=str(...), units='height', win=Window(...), wrapWidth=1.4)
13.2549 	EXP 	Created pilot_label_text = TextStim(__class__=<class 'psychopy.visual.text.TextStim'>, alignHoriz=method-wrapper(...), alignText='center', alignVert=method-wrapper(...), anchorHoriz='center', anchorVert='center', antialias=True, autoDraw=False, autoLog=True, bold=False, color=array([-1., -1., -1.]), colorSpace='rgb', contrast=1.0, depth=-1.0, draggable=False, flipHoriz=False, flipVert=False, font='Arial', fontFiles=[], height=0.05, italic=False, languageStyle='LTR', name='pilot_label_text', opacity=1, ori=0.0, pos=array([0., 0.]), rgb=UNKNOWN, text='', units='height', win=Window(...), wrapWidth=1.3)
13.2825 	EXP 	Created pilot_fiksacja1 = TextStim(__class__=<class 'psychopy.visual.text.TextStim'>, alignHoriz=method-wrapper(...), alignText='center', alignVert=method-wrapper(...), anchorHoriz='center', anchorVert='center', antialias=True, autoDraw=False, autoLog=True, bold=False, color=array([-1., -1., -1.]), colorSpace='rgb', contrast=1.0, depth=-2.0, draggable=False, flipHoriz=False, flipVert=False, font='Arial', fontFiles=[], height=np.float64(0.12), italic=False, languageStyle='LTR', name='pilot_fiksacja1', opacity=1, ori=0.0, pos=array([0., 0.]), rgb=UNKNOWN, text='+', units='height', win=Window(...), wrapWidth=1)
13.3440 	EXP 	Created pilot_suwak = Slider(__class__=<class 'psychopy.visual.slider.Slider'>, autoDraw=False, autoLog=True, borderColor=None, color=None, colorSpace='rgb', depth=-3, fillColor=None, flip=False, font='Noto Sans', granularity=0.0, labelColor=None, labelHeight=np.float64(0.05), labelWrapWidth=None, labels=None, lineColor=None, markerColor=None, name='pilot_suwak', opacity=None, ori=0.0, pos=array([ 0. , -0.5]), readOnly=False, self=UNKNOWN, size=array([1. , 0.1]), startValue=0, style='slider', styleTweaks=[], ticks=ndarray(...), units='norm', win=Window(...))
13.3639 	EXP 	Created pilot_fiksacja2 = TextStim(__class__=<class 'psychopy.visual.text.TextStim'>, alignHoriz=method-wrapper(...), alignText='center', alignVert=method-wrapper(...), anchorHoriz='center', anchorVert='center', antialias=True, autoDraw=False, autoLog=True, bold=False, color=array([-1., -1., -1.]), colorSpace='rgb', contrast=1.0, depth=-4.0, draggable=False, flipHoriz=False, flipVert=False, font='Arial', fontFiles=[], height=np.float64(0.1), italic=False, languageStyle='LTR', name='pilot_fiksacja2', opacity=1, ori=0.0, pos=array([0., 0.]), rgb=UNKNOWN, text='+', units='height', win=Window(...), wrapWidth=1)
13.3940 	EXP 	Created pilot_pytanie = TextStim(__class__=<class 'psychopy.visual.text.TextStim'>, alignHoriz=method-wrapper(...), alignText='center', alignVert=method-wrapper(...), anchorHoriz='center', anchorVert='center', antialias=True, autoDraw=False, autoLog=True, bold=False, color=array([-1., -1., -1.]), colorSpace='rgb', contrast=1.0, depth=-5.0, draggable=False, flipHoriz=False, flipVert=False, font='Arial', fontFiles=[], height=np.float64(0.1), italic=False, languageStyle='LTR', name='pilot_pytanie', opacity=1, ori=0.0, pos=array([0., 0.]), rgb=UNKNOWN, text='Jaką emocję wyrażała ta twarz?', units='norm', win=Window(...), wrapWidth=1)
13.4030 	EXP 	Created pilot_lewa_etykieta = TextStim(__class__=<class 'psychopy.visual.text.TextStim'>, alignHoriz=method-wrapper(...), alignText='center', alignVert=method-wrapper(...), anchorHoriz='center', anchorVert='center', antialias=True, autoDraw=False, autoLog=True, bold=False, color=array([-1., -1., -1.]), colorSpace='rgb', contrast=1.0, depth=-6.0, draggable=False, flipHoriz=False, flipVert=False, font='Arial', fontFiles=[], height=0.085, italic=False, languageStyle='LTR', name='pilot_lewa_etykieta', opacity=1, ori=0.0, pos=array([-0.6, -0.5]), rgb=UNKNOWN, text='', units='norm', win=Window(...), wrapWidth=1)
13.4099 	EXP 	Created pilot_prawa_etykieta = TextStim(__class__=<class 'psychopy.visual.text.TextStim'>, alignHoriz=method-wrapper(...), alignText='center', alignVert=method-wrapper(...), anchorHoriz='center', anchorVert='center', antialias=True, autoDraw=False, autoLog=True, bold=False, color=array([-1., -1., -1.]), colorSpace='rgb', contrast=1.0, depth=-7.0, draggable=False, flipHoriz=False, flipVert=False, font='Arial', fontFiles=[], height=0.085, italic=False, languageStyle='LTR', name='pilot_prawa_etykieta', opacity=1, ori=0.0, pos=array([ 0.6, -0.5]), rgb=UNKNOWN, text='', units='norm', win=Window(...), wrapWidth=1)
13.5480 	EXP 	Created pilot_stim_image = ImageStim(__class__=<class 'psychopy.visual.image.ImageStim'>, anchor=('center', 'center'), autoLog=True, color=array([1., 1., 1.]), colorSpace='rgb', contrast=1.0, depth=-8.0, draggable=False, flipHoriz=np.False_, flipVert=np.False_, image='C:/Users/julia/OneDrive/Obrazy/IMG_2397.JPEG', interpolate=True, mask=None, maskParams=None, name='pilot_stim_image', opacity=1, ori=0.0, pos=array([0., 0.]), size=array([0.75, 0.75]), texRes=128.0, units='height', win=Window(...))
13.6016 	EXP 	Created start_badania = TextStim(__class__=<class 'psychopy.visual.text.TextStim'>, alignHoriz=method-wrapper(...), alignText='center', alignVert=method-wrapper(...), anchorHoriz='center', anchorVert='center', antialias=True, autoDraw=False, autoLog=True, bold=False, color=array([-1., -1., -1.]), colorSpace='rgb', contrast=1.0, depth=-2.0, draggable=False, flipHoriz=False, flipVert=False, font='Arial', fontFiles=[], height=np.float64(0.1), italic=False, languageStyle='LTR', name='start_badania', opacity=1, ori=0.0, pos=array([0., 0.]), rgb=UNKNOWN, text=str(...), units='norm', win=Window(...), wrapWidth=1.4)
13.6137 	EXP 	Created przerwa_text = TextStim(__class__=<class 'psychopy.visual.text.TextStim'>, alignHoriz=method-wrapper(...), alignText='center', alignVert=method-wrapper(...), anchorHoriz='center', anchorVert='center', antialias=True, autoDraw=False, autoLog=True, bold=False, color=array([-1., -1., -1.]), colorSpace='rgb', contrast=1.0, depth=0.0, draggable=False, flipHoriz=False, flipVert=False, font='Arial', fontFiles=[], height=np.float64(0.1), italic=False, languageStyle='LTR', name='przerwa_text', opacity=1, ori=0.0, pos=array([0., 0.]), rgb=UNKNOWN, text=str(...), units='norm', win=Window(...), wrapWidth=1)
13.6227 	EXP 	Created label_text = TextStim(__class__=<class 'psychopy.visual.text.TextStim'>, alignHoriz=method-wrapper(...), alignText='center', alignVert=method-wrapper(...), anchorHoriz='center', anchorVert='center', antialias=True, autoDraw=False, autoLog=True, bold=False, color=array([-1., -1., -1.]), colorSpace='rgb', contrast=1.0, depth=-2.0, draggable=False, flipHoriz=False, flipVert=False, font='Arial', fontFiles=[], height=0.05, italic=False, languageStyle='LTR', name='label_text', opacity=1, ori=0.0, pos=array([0., 0.]), rgb=UNKNOWN, text='', units='height', win=Window(...), wrapWidth=1.3)
13.6326 	EXP 	Created stim_image = ImageStim(__class__=<class 'psychopy.visual.image.ImageStim'>, anchor=('center', 'center'), autoLog=True, color=array([1., 1., 1.]), colorSpace='rgb', contrast=1.0, depth=-3.0, draggable=False, flipHoriz=np.False_, flipVert=np.False_, image='default.png', interpolate=True, mask=None, maskParams=None, name='stim_image', opacity=1, ori=0.0, pos=array([0., 0.]), size=array([0.75, 0.75]), texRes=128.0, units='height', win=Window(...))
13.6568 	EXP 	Created suwak_badanie = Slider(__class__=<class 'psychopy.visual.slider.Slider'>, autoDraw=False, autoLog=True, borderColor=None, color=None, colorSpace='rgb', depth=-4, fillColor=None, flip=False, font='Noto Sans', granularity=0.0, labelColor=None, labelHeight=np.float64(0.05), labelWrapWidth=None, labels=None, lineColor=None, markerColor=None, name='suwak_badanie', opacity=None, ori=0.0, pos=array([ 0. , -0.5]), readOnly=False, self=UNKNOWN, size=array([1. , 0.1]), startValue=0, style='slider', styleTweaks=[], ticks=ndarray(...), units='norm', win=Window(...))
13.6614 	EXP 	Created lewa_etykieta = TextStim(__class__=<class 'psychopy.visual.text.TextStim'>, alignHoriz=method-wrapper(...), alignText='center', alignVert=method-wrapper(...), anchorHoriz='center', anchorVert='center', antialias=True, autoDraw=False, autoLog=True, bold=False, color=array([-1., -1., -1.]), colorSpace='rgb', contrast=1.0, depth=-5.0, draggable=False, flipHoriz=False, flipVert=False, font='Arial', fontFiles=[], height=0.085, italic=False, languageStyle='LTR', name='lewa_etykieta', opacity=1, ori=0.0, pos=array([-0.65, -0.5 ]), rgb=UNKNOWN, text='', units='norm', win=Window(...), wrapWidth=1)
13.6677 	EXP 	Created prawa_etykieta = TextStim(__class__=<class 'psychopy.visual.text.TextStim'>, alignHoriz=method-wrapper(...), alignText='center', alignVert=method-wrapper(...), anchorHoriz='center', anchorVert='center', antialias=True, autoDraw=False, autoLog=True, bold=False, color=array([-1., -1., -1.]), colorSpace='rgb', contrast=1.0, depth=-6.0, draggable=False, flipHoriz=False, flipVert=False, font='Arial', fontFiles=[], height=0.085, italic=False, languageStyle='LTR', name='prawa_etykieta', opacity=1, ori=0.0, pos=array([ 0.65, -0.5 ]), rgb=UNKNOWN, text='', units='norm', win=Window(...), wrapWidth=1)
13.6771 	EXP 	Created fiksacja2 = TextStim(__class__=<class 'psychopy.visual.text.TextStim'>, alignHoriz=method-wrapper(...), alignText='center', alignVert=method-wrapper(...), anchorHoriz='center', anchorVert='center', antialias=True, autoDraw=False, autoLog=True, bold=False, color=array([-1., -1., -1.]), colorSpace='rgb', contrast=1.0, depth=-7.0, draggable=False, flipHoriz=False, flipVert=False, font='Arial', fontFiles=[], height=np.float64(0.1), italic=False, languageStyle='LTR', name='fiksacja2', opacity=1, ori=0.0, pos=array([0., 0.]), rgb=UNKNOWN, text='+', units='height', win=Window(...), wrapWidth=1)
13.6893 	EXP 	Created pytanie = TextStim(__class__=<class 'psychopy.visual.text.TextStim'>, alignHoriz=method-wrapper(...), alignText='center', alignVert=method-wrapper(...), anchorHoriz='center', anchorVert='center', antialias=True, autoDraw=False, autoLog=True, bold=False, color=array([-1., -1., -1.]), colorSpace='rgb', contrast=1.0, depth=-8.0, draggable=False, flipHoriz=False, flipVert=False, font='Arial', fontFiles=[], height=np.float64(0.1), italic=False, languageStyle='LTR', name='pytanie', opacity=1, ori=0.0, pos=array([0., 0.]), rgb=UNKNOWN, text='Jaką emocję wyrażała ta twarz?', units='norm', win=Window(...), wrapWidth=1)
13.6952 	EXP 	Created text = TextStim(__class__=<class 'psychopy.visual.text.TextStim'>, alignHoriz=method-wrapper(...), alignText='center', alignVert=method-wrapper(...), anchorHoriz='center', anchorVert='center', antialias=True, autoDraw=False, autoLog=True, bold=False, color=array([1., 1., 1.]), colorSpace='rgb', contrast=1.0, depth=-1.0, draggable=False, flipHoriz=False, flipVert=False, font='Arial', fontFiles=[], height=np.float64(0.05), italic=False, languageStyle='LTR', name='text', opacity=1, ori=0.0, pos=array([0., 0.]), rgb=UNKNOWN, text='', units='height', win=Window(...), wrapWidth=1)
13.7220 	EXP 	Created podziekowania_text = TextStim(__class__=<class 'psychopy.visual.text.TextStim'>, alignHoriz=method-wrapper(...), alignText='center', alignVert=method-wrapper(...), anchorHoriz='center', anchorVert='center', antialias=True, autoDraw=False, autoLog=True, bold=False, color=array([1., 1., 1.]), colorSpace='rgb', contrast=1.0, depth=0.0, draggable=False, flipHoriz=False, flipVert=False, font='Arial', fontFiles=[], height=np.float64(0.05), italic=False, languageStyle='LTR', name='podziekowania_text', opacity=1, ori=0.0, pos=array([0., 0.]), rgb=UNKNOWN, text=str(...), units='height', win=Window(...), wrapWidth=1)
0.1878 	DATA 	Mouse: Left button down, pos=(250,475)
0.2267 	DATA 	Mouse:  Left button up, pos=(250,475)
0.5670 	EXP 	pilot_suwak: autoLog = True
0.5670 	EXP 	pilot_suwak: styleTweaks = []
0.5670 	EXP 	pilot_suwak: styleTweaks = []
0.5670 	EXP 	pilot_suwak: styleTweaks = []
0.5670 	EXP 	pilot_suwak: styleTweaks = []
0.5670 	EXP 	pilot_suwak: contrast = 1.0
0.5670 	EXP 	pilot_suwak: markerPos = 0
0.5670 	EXP 	pilot_suwak: autoLog = True
0.5670 	EXP 	suwak_badanie: autoLog = True
0.5670 	EXP 	suwak_badanie: styleTweaks = []
0.5670 	EXP 	suwak_badanie: styleTweaks = []
0.5670 	EXP 	suwak_badanie: styleTweaks = []
0.5670 	EXP 	suwak_badanie: styleTweaks = []
0.5670 	EXP 	suwak_badanie: contrast = 1.0
0.5670 	EXP 	suwak_badanie: markerPos = 0
0.5670 	EXP 	suwak_badanie: autoLog = True
0.9896 	INFO 	Keyboard events cleared
0.9894 	EXP 	text_instr: autoDraw = True
1.7080 	EXP 	Device response: <KeyPress from None: t=1.6909237999934703, value=space, duration=None>
1.7113 	DATA 	Keypress: space
1.7233 	INFO 	Keyboard events cleared
1.7231 	EXP 	text_instr: autoDraw = False
1.7231 	EXP 	suwak_info: autoDraw = True
1.7464 	EXP 	Device response: <KeyPress from None: t=1.6909237999934703, value=space, duration=0.04969000001437962>
1.8300 	EXP 	Device response: <KeyPress from None: t=1.8201371999457479, value=space, duration=None>
1.8345 	DATA 	Keypress: space
1.8407 	INFO 	Keyboard events cleared
1.8405 	EXP 	suwak_info: autoDraw = False
1.8405 	EXP 	proba_testowa: autoDraw = True
1.8781 	EXP 	Device response: <KeyPress from None: t=1.8201371999457479, value=space, duration=0.055147700011730194>
1.9430 	EXP 	Device response: <KeyPress from None: t=1.936052699922584, value=space, duration=None>
1.9655 	DATA 	Keypress: space
1.9713 	EXP 	proba_testowa: autoDraw = False
1.9713 	EXP 	pilot_label_text: height = np.float64(0.05)
1.9713 	EXP 	pilot_label_text: height = np.float64(0.05)
1.9713 	EXP 	pilot_label_text: height = np.float64(0.05)
1.9713 	EXP 	pilot_label_text: height = np.float64(0.05)
1.9713 	EXP 	pilot_label_text: height = np.float64(0.05)
1.9713 	EXP 	pilot_label_text: height = np.float64(0.05)
1.9713 	EXP 	pilot_label_text: text = 'Model AI wykrył w tej twarzy 80% smutku.\n\n'
1.9713 	EXP 	pilot_suwak: markerPos = None
1.9713 	EXP 	pilot_suwak: markerPos = 0
1.9713 	EXP 	pilot_lewa_etykieta: height = np.float64(0.085)
1.9713 	EXP 	pilot_lewa_etykieta: height = np.float64(0.085)
1.9713 	EXP 	pilot_lewa_etykieta: height = np.float64(0.085)
1.9713 	EXP 	pilot_lewa_etykieta: text = 'radość'
1.9713 	EXP 	pilot_prawa_etykieta: height = np.float64(0.085)
1.9713 	EXP 	pilot_prawa_etykieta: height = np.float64(0.085)
1.9713 	EXP 	pilot_prawa_etykieta: height = np.float64(0.085)
1.9713 	EXP 	pilot_prawa_etykieta: text = 'smutek'
1.9713 	EXP 	pilot_fiksacja1: autoDraw = True
1.9917 	EXP 	Device response: <KeyPress from None: t=1.936052699922584, value=space, duration=0.04487020010128617>
2.4717 	EXP 	pilot_fiksacja1: autoDraw = False
2.6549 	EXP 	pilot_label_text: autoDraw = True
5.6628 	EXP 	pilot_label_text: autoDraw = False
5.8458 	EXP 	pilot_fiksacja2: autoDraw = True
6.3607 	EXP 	pilot_fiksacja2: autoDraw = False
6.5440 	EXP 	pilot_stim_image: autoDraw = True
7.4573 	EXP 	pilot_suwak: autoDraw = True
7.4573 	EXP 	pilot_pytanie: autoDraw = True
7.4573 	EXP 	pilot_lewa_etykieta: autoDraw = True
7.4573 	EXP 	pilot_prawa_etykieta: autoDraw = True
7.4573 	EXP 	pilot_stim_image: autoDraw = False
8.1089 	DATA 	Mouse: Left button down, pos=(565,147)
8.1220 	EXP 	pilot_suwak: markerPos = np.float64(41.25)
8.1383 	EXP 	pilot_suwak: markerPos = np.float64(41.25)
8.1548 	EXP 	pilot_suwak: markerPos = np.float64(41.25)
8.1579 	DATA 	Mouse:  Left button up, pos=(565,147)
8.1714 	EXP 	pilot_suwak: markerPos = np.float64(41.25)
8.1910 	INFO 	Keyboard events cleared
8.1909 	EXP 	pilot_label_text: autoDraw = False
8.1909 	EXP 	pilot_fiksacja1: autoDraw = False
8.1909 	EXP 	pilot_suwak: autoDraw = False
8.1909 	EXP 	pilot_fiksacja2: autoDraw = False
8.1909 	EXP 	pilot_pytanie: autoDraw = False
8.1909 	EXP 	pilot_lewa_etykieta: autoDraw = False
8.1909 	EXP 	pilot_prawa_etykieta: autoDraw = False
8.1909 	EXP 	pilot_stim_image: autoDraw = False
8.1909 	EXP 	start_badania: autoDraw = True
9.2443 	DATA 	Keypress: space
9.2581 	EXP 	Device response: <KeyPress from None: t=9.242568299989216, value=space, duration=None>
9.2868 	DEBUG 	Read excel file with openpyxl: conditions.xlsx
9.2925 	EXP 	Imported conditions.xlsx as conditions, 32 conditions, 9 params
9.2931 	EXP 	New trial (rep=0, index=0): <Trial 0 (0 in rep 0) data={'image_path': 'C:\\Users\\julia\\OneDrive\\Pulpit\\percepcja_psychopy\\photos\\Twarze 50,50\\SZ 50,50\\1K SZ 5050.png', 'etykieta': 'Model sztucznej inteligencji wykrył w tej twarzy 72% strachu .', 'left_label': 'strach', 'right_label': 'złość', 'show_label': 3, 'proporcja_zdjecia': '50/50', 'typ_etykiety': 'Procentowa AI', 'warunek': 'n/d', 'kierunek': 'Sugestia Lewo strach', 'thisN': 0, 'thisTrialN': 0, 'thisRepN': 0}>
9.3475 	EXP 	Device response: <KeyPress from None: t=9.242568299989216, value=space, duration=0.054666099953465164>
9.3687 	EXP 	start_badania: autoDraw = False
9.3687 	EXP 	przerwa_text: autoDraw = False
9.3687 	EXP 	label_text: height = np.float64(0.05)
9.3687 	EXP 	label_text: height = np.float64(0.05)
9.3687 	EXP 	label_text: height = np.float64(0.05)
9.3687 	EXP 	label_text: text = 'Model sztucznej inteligencji wykrył w tej twarzy 72% strachu .'
9.3687 	EXP 	label_text: height = np.float64(0.05)
9.3687 	EXP 	label_text: height = np.float64(0.05)
9.3687 	EXP 	label_text: height = np.float64(0.05)
9.3687 	EXP 	label_text: text = 'Model sztucznej inteligencji wykrył w tej twarzy 72% strachu .'
9.3687 	EXP 	stim_image: image = 'C:\\Users\\julia\\OneDrive\\Pulpit\\percepcja_psychopy\\photos\\Twarze 50,50\\SZ 50,50\\1K SZ 5050.png'
9.3687 	EXP 	suwak_badanie: markerPos = None
9.3687 	EXP 	suwak_badanie: markerPos = 0
9.3687 	EXP 	lewa_etykieta: height = np.float64(0.085)
9.3687 	EXP 	lewa_etykieta: height = np.float64(0.085)
9.3687 	EXP 	lewa_etykieta: height = np.float64(0.085)
9.3687 	EXP 	lewa_etykieta: text = 'strach'
9.3687 	EXP 	prawa_etykieta: height = np.float64(0.085)
9.3687 	EXP 	prawa_etykieta: height = np.float64(0.085)
9.3687 	EXP 	prawa_etykieta: height = np.float64(0.085)
9.3687 	EXP 	prawa_etykieta: text = 'złość'
9.3687 	EXP 	label_text: autoDraw = True
12.3773 	EXP 	label_text: autoDraw = False
12.4947 	EXP 	fiksacja2: autoDraw = True
12.7434 	EXP 	fiksacja2: autoDraw = False
12.9434 	EXP 	stim_image: autoDraw = True
14.1720 	EXP 	stim_image: autoDraw = False
14.1720 	EXP 	suwak_badanie: autoDraw = True
14.1720 	EXP 	lewa_etykieta: autoDraw = True
14.1720 	EXP 	prawa_etykieta: autoDraw = True
14.1720 	EXP 	pytanie: autoDraw = True
15.7735 	DATA 	Mouse: Left button down, pos=(517,155)
15.7848 	EXP 	suwak_badanie: markerPos = np.float64(29.25)
15.8020 	EXP 	suwak_badanie: markerPos = np.float64(29.25)
15.8180 	EXP 	suwak_badanie: markerPos = np.float64(29.25)
15.8348 	EXP 	suwak_badanie: markerPos = np.float64(29.25)
15.8509 	EXP 	suwak_badanie: markerPos = np.float64(29.25)
15.8533 	DATA 	Mouse:  Left button up, pos=(517,155)
15.8681 	EXP 	suwak_badanie: markerPos = np.float64(29.25)
15.8846 	EXP 	label_text: autoDraw = False
15.8846 	EXP 	stim_image: autoDraw = False
15.8846 	EXP 	suwak_badanie: autoDraw = False
15.8846 	EXP 	lewa_etykieta: autoDraw = False
15.8846 	EXP 	prawa_etykieta: autoDraw = False
15.8846 	EXP 	fiksacja2: autoDraw = False
15.8846 	EXP 	pytanie: autoDraw = False
15.8846 	EXP 	text: autoDraw = True
16.1711 	EXP 	New trial (rep=0, index=1): <Trial 1 (1 in rep 0) data={'image_path': 'C:\\Users\\julia\\OneDrive\\Pulpit\\percepcja_psychopy\\photos\\Twarze 80,20\\OZ 80,20\\1K OZ 8020.png', 'etykieta': 'Poprzedni badani wykryli w tej twarzy oczekiwanie.', 'left_label': 'zaskoczenie', 'right_label': 'oczekiwanie', 'show_label': 3, 'proporcja_zdjecia': '80/20 oczekiwanie', 'typ_etykiety': 'Kategorialna Ludzie', 'warunek': 'Zgodny', 'kierunek': 'Dominacja Prawo oczekiwanie', 'thisN': 1, 'thisTrialN': 1, 'thisRepN': 0}>
16.2331 	EXP 	text: autoDraw = False
16.2331 	EXP 	text: autoDraw = False
16.2331 	EXP 	przerwa_text: autoDraw = False
16.2331 	EXP 	label_text: height = np.float64(0.05)
16.2331 	EXP 	label_text: height = np.float64(0.05)
16.2331 	EXP 	label_text: height = np.float64(0.05)
16.2331 	EXP 	label_text: text = 'Poprzedni badani wykryli w tej twarzy oczekiwanie.'
16.2331 	EXP 	label_text: height = np.float64(0.05)
16.2331 	EXP 	label_text: height = np.float64(0.05)
16.2331 	EXP 	label_text: height = np.float64(0.05)
16.2331 	EXP 	label_text: text = 'Poprzedni badani wykryli w tej twarzy oczekiwanie.'
16.2331 	EXP 	stim_image: image = 'C:\\Users\\julia\\OneDrive\\Pulpit\\percepcja_psychopy\\photos\\Twarze 80,20\\OZ 80,20\\1K OZ 8020.png'
16.2331 	EXP 	suwak_badanie: markerPos = None
16.2331 	EXP 	suwak_badanie: markerPos = 0
16.2331 	EXP 	lewa_etykieta: height = np.float64(0.085)
16.2331 	EXP 	lewa_etykieta: height = np.float64(0.085)
16.2331 	EXP 	lewa_etykieta: height = np.float64(0.085)
16.2331 	EXP 	lewa_etykieta: text = 'zaskoczenie'
16.2331 	EXP 	prawa_etykieta: height = np.float64(0.085)
16.2331 	EXP 	prawa_etykieta: height = np.float64(0.085)
16.2331 	EXP 	prawa_etykieta: height = np.float64(0.085)
16.2331 	EXP 	prawa_etykieta: text = 'oczekiwanie'
16.2331 	EXP 	label_text: autoDraw = True
19.2419 	EXP 	label_text: autoDraw = False
19.3748 	EXP 	fiksacja2: autoDraw = True
19.6250 	EXP 	fiksacja2: autoDraw = False
19.8245 	EXP 	stim_image: autoDraw = True
21.0205 	EXP 	suwak_badanie: autoDraw = True
21.0205 	EXP 	lewa_etykieta: autoDraw = True
21.0205 	EXP 	prawa_etykieta: autoDraw = True
21.0205 	EXP 	pytanie: autoDraw = True
21.0368 	EXP 	stim_image: autoDraw = False
22.3068 	DATA 	Mouse: Left button down, pos=(484,147)
22.3172 	EXP 	suwak_badanie: markerPos = np.float64(21.000000000000014)
22.3337 	EXP 	suwak_badanie: markerPos = np.float64(21.000000000000014)
22.3502 	EXP 	suwak_badanie: markerPos = np.float64(21.000000000000014)
22.3664 	EXP 	suwak_badanie: markerPos = np.float64(21.000000000000014)
22.3832 	EXP 	suwak_badanie: markerPos = np.float64(21.000000000000014)
22.3996 	EXP 	suwak_badanie: markerPos = np.float64(21.000000000000014)
22.4168 	EXP 	suwak_badanie: markerPos = np.float64(21.000000000000014)
22.4210 	DATA 	Mouse:  Left button up, pos=(484,147)
22.4335 	EXP 	suwak_badanie: markerPos = np.float64(21.000000000000014)
22.4500 	EXP 	label_text: autoDraw = False
22.4500 	EXP 	stim_image: autoDraw = False
22.4500 	EXP 	suwak_badanie: autoDraw = False
22.4500 	EXP 	lewa_etykieta: autoDraw = False
22.4500 	EXP 	prawa_etykieta: autoDraw = False
22.4500 	EXP 	fiksacja2: autoDraw = False
22.4500 	EXP 	pytanie: autoDraw = False
22.4500 	EXP 	text: autoDraw = True
22.7385 	EXP 	New trial (rep=0, index=2): <Trial 2 (2 in rep 0) data={'image_path': 'C:\\Users\\julia\\OneDrive\\Pulpit\\percepcja_psychopy\\photos\\Twarze 50,50\\RS 50,50\\1K RS 5050.png', 'etykieta': 'test', 'left_label': 'radość', 'right_label': 'smutek', 'show_label': 0, 'proporcja_zdjecia': '50/50', 'typ_etykiety': 'Kontrolna', 'warunek': 'kontrolny', 'kierunek': 'Brak', 'thisN': 2, 'thisTrialN': 2, 'thisRepN': 0}>
22.7990 	EXP 	text: autoDraw = False
22.7990 	EXP 	przerwa_text: autoDraw = False
22.7990 	EXP 	label_text: height = np.float64(0.05)
22.7990 	EXP 	label_text: height = np.float64(0.05)
22.7990 	EXP 	label_text: height = np.float64(0.05)
22.7990 	EXP 	label_text: text = ''
22.7990 	EXP 	label_text: height = np.float64(0.05)
22.7990 	EXP 	label_text: height = np.float64(0.05)
22.7990 	EXP 	label_text: height = np.float64(0.05)
22.7990 	EXP 	label_text: height = np.float64(0.05)
22.7990 	EXP 	label_text: height = np.float64(0.05)
22.7990 	EXP 	label_text: height = np.float64(0.05)
22.7990 	EXP 	label_text: text = 'test'
22.7990 	EXP 	stim_image: image = 'C:\\Users\\julia\\OneDrive\\Pulpit\\percepcja_psychopy\\photos\\Twarze 50,50\\RS 50,50\\1K RS 5050.png'
22.7990 	EXP 	suwak_badanie: markerPos = None
22.7990 	EXP 	suwak_badanie: markerPos = 0
22.7990 	EXP 	lewa_etykieta: height = np.float64(0.085)
22.7990 	EXP 	lewa_etykieta: height = np.float64(0.085)
22.7990 	EXP 	lewa_etykieta: height = np.float64(0.085)
22.7990 	EXP 	lewa_etykieta: text = 'radość'
22.7990 	EXP 	prawa_etykieta: height = np.float64(0.085)
22.7990 	EXP 	prawa_etykieta: height = np.float64(0.085)
22.7990 	EXP 	prawa_etykieta: height = np.float64(0.085)
22.7990 	EXP 	prawa_etykieta: text = 'smutek'
22.7990 	EXP 	label_text: autoDraw = True
22.7990 	EXP 	label_text: autoDraw = False
22.9485 	EXP 	fiksacja2: autoDraw = True
23.1980 	EXP 	fiksacja2: autoDraw = False
23.3976 	EXP 	stim_image: autoDraw = True
24.5939 	EXP 	suwak_badanie: autoDraw = True
24.5939 	EXP 	lewa_etykieta: autoDraw = True
24.5939 	EXP 	prawa_etykieta: autoDraw = True
24.5939 	EXP 	pytanie: autoDraw = True
24.6100 	EXP 	stim_image: autoDraw = False
26.6945 	DATA 	Mouse: Left button down, pos=(484,147)
26.7051 	EXP 	suwak_badanie: markerPos = np.float64(21.000000000000014)
26.7216 	EXP 	suwak_badanie: markerPos = np.float64(21.000000000000014)
26.7325 	DATA 	Mouse:  Left button up, pos=(484,147)
26.7379 	EXP 	suwak_badanie: markerPos = np.float64(21.000000000000014)
26.7545 	EXP 	suwak_badanie: markerPos = np.float64(21.000000000000014)
26.7719 	EXP 	label_text: autoDraw = False
26.7719 	EXP 	stim_image: autoDraw = False
26.7719 	EXP 	suwak_badanie: autoDraw = False
26.7719 	EXP 	lewa_etykieta: autoDraw = False
26.7719 	EXP 	prawa_etykieta: autoDraw = False
26.7719 	EXP 	fiksacja2: autoDraw = False
26.7719 	EXP 	pytanie: autoDraw = False
26.7719 	EXP 	text: autoDraw = True
27.0603 	EXP 	New trial (rep=0, index=3): <Trial 3 (3 in rep 0) data={'image_path': 'C:\\Users\\julia\\OneDrive\\Pulpit\\percepcja_psychopy\\photos\\Twarze 80,20\\ZW 80,20\\1K ZW 8020.png', 'etykieta': 'Poprzedni badani wykryli w tej twarzy 20% zaufania.', 'left_label': 'zaufanie', 'right_label': 'wstręt', 'show_label': 3, 'proporcja_zdjecia': '80/20 zaufania', 'typ_etykiety': 'Procentowa Ludzie', 'warunek': 'Niezgodny', 'kierunek': 'Dominacja Lewo zaufanie', 'thisN': 3, 'thisTrialN': 3, 'thisRepN': 0}>
27.1374 	EXP 	text: autoDraw = False
27.1374 	EXP 	przerwa_text: autoDraw = False
27.1374 	EXP 	label_text: height = np.float64(0.05)
27.1374 	EXP 	label_text: height = np.float64(0.05)
27.1374 	EXP 	label_text: height = np.float64(0.05)
27.1374 	EXP 	label_text: text = 'Poprzedni badani wykryli w tej twarzy 20% zaufania.'
27.1374 	EXP 	label_text: height = np.float64(0.05)
27.1374 	EXP 	label_text: height = np.float64(0.05)
27.1374 	EXP 	label_text: height = np.float64(0.05)
27.1374 	EXP 	label_text: text = 'Poprzedni badani wykryli w tej twarzy 20% zaufania.'
27.1374 	EXP 	stim_image: image = 'C:\\Users\\julia\\OneDrive\\Pulpit\\percepcja_psychopy\\photos\\Twarze 80,20\\ZW 80,20\\1K ZW 8020.png'
27.1374 	EXP 	suwak_badanie: markerPos = None
27.1374 	EXP 	suwak_badanie: markerPos = 0
27.1374 	EXP 	lewa_etykieta: height = np.float64(0.085)
27.1374 	EXP 	lewa_etykieta: height = np.float64(0.085)
27.1374 	EXP 	lewa_etykieta: height = np.float64(0.085)
27.1374 	EXP 	lewa_etykieta: text = 'zaufanie'
27.1374 	EXP 	prawa_etykieta: height = np.float64(0.085)
27.1374 	EXP 	prawa_etykieta: height = np.float64(0.085)
27.1374 	EXP 	prawa_etykieta: height = np.float64(0.085)
27.1374 	EXP 	prawa_etykieta: text = 'wstręt'
27.1374 	EXP 	label_text: autoDraw = True
30.1456 	EXP 	label_text: autoDraw = False
30.2621 	EXP 	fiksacja2: autoDraw = True
30.5280 	EXP 	fiksacja2: autoDraw = False
30.7109 	EXP 	stim_image: autoDraw = True
31.9242 	EXP 	stim_image: autoDraw = False
31.9242 	EXP 	suwak_badanie: autoDraw = True
31.9242 	EXP 	lewa_etykieta: autoDraw = True
31.9242 	EXP 	prawa_etykieta: autoDraw = True
31.9242 	EXP 	pytanie: autoDraw = True
33.7047 	DATA 	Mouse: Left button down, pos=(484,147)
33.7191 	EXP 	suwak_badanie: markerPos = np.float64(21.000000000000014)
33.7355 	EXP 	suwak_badanie: markerPos = np.float64(21.000000000000014)
33.7520 	EXP 	suwak_badanie: markerPos = np.float64(21.000000000000014)
33.7687 	EXP 	suwak_badanie: markerPos = np.float64(21.000000000000014)
33.7722 	DATA 	Mouse:  Left button up, pos=(484,147)
33.7852 	EXP 	suwak_badanie: markerPos = np.float64(21.000000000000014)
33.8038 	EXP 	label_text: autoDraw = False
33.8038 	EXP 	stim_image: autoDraw = False
33.8038 	EXP 	suwak_badanie: autoDraw = False
33.8038 	EXP 	lewa_etykieta: autoDraw = False
33.8038 	EXP 	prawa_etykieta: autoDraw = False
33.8038 	EXP 	fiksacja2: autoDraw = False
33.8038 	EXP 	pytanie: autoDraw = False
33.8038 	EXP 	text: autoDraw = True
34.1044 	EXP 	New trial (rep=0, index=4): <Trial 4 (4 in rep 0) data={'image_path': 'C:\\Users\\julia\\OneDrive\\Pulpit\\percepcja_psychopy\\photos\\Twarze 50,50\\ZO 50,50\\1K ZO 5050.png', 'etykieta': 'Poprzedni badani wykryli w tej twarzy 75% oczekiwania.', 'left_label': 'zaskoczenie', 'right_label': 'oczekiwanie', 'show_label': 3, 'proporcja_zdjecia': '50/50 ', 'typ_etykiety': 'Procentowa Ludzie', 'warunek': 'n/d', 'kierunek': 'Sugestia Prawo oczekiwanie', 'thisN': 4, 'thisTrialN': 4, 'thisRepN': 0}>
34.1686 	EXP 	text: autoDraw = False
34.1686 	EXP 	przerwa_text: autoDraw = False
34.1686 	EXP 	label_text: height = np.float64(0.05)
34.1686 	EXP 	label_text: height = np.float64(0.05)
34.1686 	EXP 	label_text: height = np.float64(0.05)
34.1686 	EXP 	label_text: text = 'Poprzedni badani wykryli w tej twarzy 75% oczekiwania.'
34.1686 	EXP 	label_text: height = np.float64(0.05)
34.1686 	EXP 	label_text: height = np.float64(0.05)
34.1686 	EXP 	label_text: height = np.float64(0.05)
34.1686 	EXP 	label_text: text = 'Poprzedni badani wykryli w tej twarzy 75% oczekiwania.'
34.1686 	EXP 	stim_image: image = 'C:\\Users\\julia\\OneDrive\\Pulpit\\percepcja_psychopy\\photos\\Twarze 50,50\\ZO 50,50\\1K ZO 5050.png'
34.1686 	EXP 	suwak_badanie: markerPos = None
34.1686 	EXP 	suwak_badanie: markerPos = 0
34.1686 	EXP 	lewa_etykieta: height = np.float64(0.085)
34.1686 	EXP 	lewa_etykieta: height = np.float64(0.085)
34.1686 	EXP 	lewa_etykieta: height = np.float64(0.085)
34.1686 	EXP 	lewa_etykieta: text = 'zaskoczenie'
34.1686 	EXP 	prawa_etykieta: height = np.float64(0.085)
34.1686 	EXP 	prawa_etykieta: height = np.float64(0.085)
34.1686 	EXP 	prawa_etykieta: height = np.float64(0.085)
34.1686 	EXP 	prawa_etykieta: text = 'oczekiwanie'
34.1686 	EXP 	label_text: autoDraw = True
37.1768 	EXP 	label_text: autoDraw = False
37.3097 	EXP 	fiksacja2: autoDraw = True
37.5588 	EXP 	fiksacja2: autoDraw = False
37.7583 	EXP 	stim_image: autoDraw = True
38.1606 	EXP 	Device response: <KeyPress from None: t=38.15362949995324, value=escape, duration=None>
38.1610 	DATA 	Keypress: escape
38.2959 	EXP 	Device response: <KeyPress from None: t=38.15362949995324, value=escape, duration=0.13464920001570135>
38.2960 	EXP 	untitled_FINAL_NEWEST: status = STOPPED
38.3072 	EXP 	stim_image: autoDraw = False
38.3121 	EXP 	untitled_FINAL_NEWEST: status = STOPPED
38.3302 	INFO 	saved data to 'C:\\Users\\julia\\OneDrive\\Pulpit\\percepcja_psychopy\\data\\pilot_untitled_FINAL_NEWEST_2026-04-25_19h58.03.656.csv'
38.3333 	INFO 	saved data to C:\Users\julia\OneDrive\Pulpit\percepcja_psychopy\data\pilot_untitled_FINAL_NEWEST_2026-04-25_19h58.03.656.psydat
38.8660 	DEBUG 	Saving data for untitled_FINAL_NEWEST ExperimentHandler
39.0137 	WARNING 	Stopping key buffers but this could be dangerous ifother keyboards rely on the same.
